do run
loading script "jan_unknown120_60.py"
loading script "jan_pump_ms.py"
loading script "jan_co2.py"
loading script "jan_pump_extraction_line.py"
testing...
no interpolation path defined
executed snippet estimated_duration=213.652928, duration=0.00040602684021
script duration name:unknown120_60 seconds:214.0
loading script "jan_unknown120_60.py"
loading script "jan_pump_ms.py"
loading script "jan_co2.py"
loading script "jan_pump_extraction_line.py"
testing...
no interpolation path defined
executed snippet estimated_duration=0, duration=2.59876251221e-05
loading script "jan_unknown120_60.py"
loading script "jan_pump_ms.py"
loading script "jan_co2.py"
loading script "jan_pump_extraction_line.py"
testing...
no interpolation path defined
calculate duration
testing...
no interpolation path defined
executed snippet estimated_duration=0, duration=5.81741333008e-05
calculate duration
testing...
no interpolation path defined
executed snippet estimated_duration=0, duration=0.000133037567139
executed snippet estimated_duration=0.0, duration=0.00403094291687
script duration name:co2 seconds:0.0
loading script "jan_unknown120_60.py"
loading script "jan_pump_ms.py"
loading script "jan_co2.py"
loading script "jan_pump_extraction_line.py"
testing...
no interpolation path defined
calculate duration
testing...
no interpolation path defined
executed snippet estimated_duration=4.0, duration=0.00019907951355
executed snippet estimated_duration=4.0, duration=0.00144100189209
Script duration 214.0
Run total estimated duration= 215.000
run duration: 0:03:35
doing event level: 2
08:13:23 -- Setting default integration. t=1.048576
setting integration time = 1.048576
SetIntegrationTime 1.048576 ===>> OK
----------------- start -----------------
**************** Experiment Type: Ar/Ar, Ar/Ar
create new session 4419438256
close session 4419438256
$$$$$ Clearing conditionals
adding conditionals 
Add queue conditionals
add default conditionals
adding default conditionals from /Users/jan/PychronDev/setupfiles/spectrometer/default_conditionals.yaml
Start automated run 65473-02I
loading script "jan_unknown120_60.py"
loading script "jan_pump_ms.py"
loading script "jan_co2.py"
loading script "jan_pump_extraction_line.py"
%%%%%%%%%%%%%%%%%% setting automated run 65473-02I
No value "sensitivity_multiplier" in metadata
$$$$$$$$$$$$$$$ auto_save_detector_ic=False
============================= Pre Extraction Check =============================
loading queue conditionals pre_run_terminations
loading system conditionals pre_run_terminations
loading conditionals from /Users/jan/PychronDev/setupfiles/spectrometer/default_conditionals.yaml
08:13:23 -- ******* Pre Extraction Check *******
Get a measurement from the spectrometer
GetData ===>> H2,-0.232941873257839,H1,0.0954286105987247,AX,-0.130652648061615,L1,-0.0110186356139768,L2,0.048...
Pre Extraction Termination data. keys=H2,H1,AX,L1,L2,CDD, signals=-0.23294,0.09543,-0.13065,-0.01102,0.04828,0.00536
08:13:23 -- testing system defined conditionals
Checking default pre extraction terminations n=2
testing CDD
evaluate ot="CDD.inactive" t="CDD", ctx="{'CDD': False}"
GetDeflection CDD ===>> 50
testing CDD==2000
evaluate ot="CDD.deflection==2000" t="CDD==2000", ctx="{'CDD': 50.0}"
08:13:23 -- ******* Pre Extraction Check Passed *******
=================================================================================
08:13:23 -- stopping status monitor
stop 6901184944
Alive clients [5025639504, 5288834736, 4992986192]
08:13:23 -- starting status monitor
start 6901184944
Monitor already running
start extraction
do extraction
Analysis started at 08:13:23.411597
Extraction Started jan_co2.py
08:13:23 -- ******* Extraction Started jan_co2.py *******
state changed from not run to extraction
DO EXTRACTION <pychron.extraction_line.pyscript_runner.RemotePyScriptRunner object at 0x12bfe48f0>
testing...
no interpolation path defined
calculate duration
testing...
no interpolation path defined
executed snippet estimated_duration=0, duration=8.10623168945e-05
calculate duration
testing...
no interpolation path defined
executed snippet estimated_duration=0, duration=0.000107049942017
executed snippet estimated_duration=100.0, duration=0.00291991233826
Jan CO2 laser analysis
doing GOSUB
testing...
no interpolation path defined
executed snippet estimated_duration=0, duration=4.81605529785e-05
Waiting for CO2 access
wait ('FelixCO2Flag', 0) {}
waiting for FelixCO2Flag = 0
Read FelixCO2Flag ===>> 0
finished waiting
CO2 free
wait ('CO2PumpTimeFlag', 0) {}
waiting for CO2PumpTimeFlag = 0
Read CO2PumpTimeFlag ===>> 0
finished waiting
acquire ('JanCO2Flag',) {'clear': True}
acquire JanCO2Flag
Set JanCO2Flag 1 ===>> OK
JanCO2Flag acquired
set extraction state False (0.75, 'red', 1.5)
CO2 acquired
executed snippet estimated_duration=0, duration=0.0185418128967
WaitForCO2Access.py completed successfully
gosub finished
doing GOSUB
testing...
no interpolation path defined
executed snippet estimated_duration=0, duration=9.29832458496e-05
Prepare for CO2 analysis
close () {'description': 'Jan Inlet'}
closing name=--- desc=Jan Inlet
checking ownership. requestor=129.138.12.150
check software interlocks R
interlocks []
actuate state mode=None-script, software_lock=False
doing actuation None-script close_channel False
Close R ===>> OK
GetIndicatorState R ===>> False
change switch state (True, True)
update switch state R False args=() kw={} ncanvase=8
08:13:23 -- CLOSE  VALVE-R (Jan Inlet)
---------------------------------------- close None (Jan Inlet) result=[(True, True)]
action=close, ok=True, locked=[False]
open () {'description': 'Jan Ion Pump'}
opening name=--- desc=Jan Ion Pump
checking ownership. requestor=129.138.12.150
check software interlocks O
interlocks []
actuate state mode=None-script, software_lock=False
doing actuation None-script open_channel False
Open O ===>> OK
GetIndicatorState O ===>> OK
change switch state (True, True)
update switch state O True args=() kw={} ncanvase=8
08:13:24 -- OPEN   VALVE-O (Jan Ion Pump)
---------------------------------------- open None (Jan Ion Pump) result=[(True, True)], time=0.09 sec
action=open, ok=True, locked=[False]
close () {'description': 'Microbone to Minibone'}
closing name=--- desc=Microbone to Minibone
checking ownership. requestor=129.138.12.150
check software interlocks L
interlocks []
actuate state mode=None-script, software_lock=False
doing actuation None-script close_channel False
Close L ===>> OK
GetIndicatorState L ===>> False
change switch state (True, True)
update switch state L False args=() kw={} ncanvase=8
08:13:24 -- CLOSE  VALVE-L (Microbone to Minibone)
---------------------------------------- close None (Microbone to Minibone) result=[(True, True)]
action=close, ok=True, locked=[False]
open () {'description': 'Microbone to Turbo'}
opening name=--- desc=Microbone to Turbo
checking ownership. requestor=129.138.12.150
check software interlocks U
interlocks []
actuate state mode=None-script, software_lock=False
doing actuation None-script open_channel False
Open U ===>> OK
GetIndicatorState U ===>> OK
change switch state (True, True)
update switch state U True args=() kw={} ncanvase=8
08:13:25 -- OPEN   VALVE-U (Microbone to Turbo)
---------------------------------------- open None (Microbone to Turbo) result=[(True, True)], time=0.14 sec
action=open, ok=True, locked=[False]
open () {'description': 'Microbone to Inlet Pipette'}
opening name=--- desc=Microbone to Inlet Pipette
checking ownership. requestor=129.138.12.150
check software interlocks S
interlocks []
actuate state mode=None-script, software_lock=False
doing actuation None-script open_channel False
Open S ===>> OK
GetIndicatorState S ===>> OK
change switch state (True, True)
update switch state S True args=() kw={} ncanvase=8
08:13:26 -- OPEN   VALVE-S (Microbone to Inlet Pipette)
---------------------------------------- open None (Microbone to Inlet Pipette) result=[(True, True)], time=0.46 sec
action=open, ok=True, locked=[False]
open () {'description': 'Microbone to Getter D-50'}
opening name=--- desc=Microbone to Getter D-50
checking ownership. requestor=129.138.12.150
check software interlocks K
interlocks []
actuate state mode=None-script, software_lock=False
doing actuation None-script open_channel False
Open K ===>> OK
GetIndicatorState K ===>> OK
change switch state (True, True)
update switch state K True args=() kw={} ncanvase=8
08:13:26 -- OPEN   VALVE-K (Microbone to Getter D-50)
---------------------------------------- open None (Microbone to Getter D-50) result=[(True, True)], time=0.45 sec
action=open, ok=True, locked=[False]
open () {'description': 'Microbone to Getter NP-10'}
opening name=--- desc=Microbone to Getter NP-10
checking ownership. requestor=129.138.12.150
check software interlocks M
interlocks []
actuate state mode=None-script, software_lock=False
doing actuation None-script open_channel False
Open M ===>> OK
GetIndicatorState M ===>> OK
change switch state (True, True)
update switch state M True args=() kw={} ncanvase=8
08:13:27 -- OPEN   VALVE-M (Microbone to Getter NP-10)
---------------------------------------- open None (Microbone to Getter NP-10) result=[(True, True)], time=0.16 sec
action=open, ok=True, locked=[False]
close () {'description': 'CO2 Laser to Felix'}
closing name=--- desc=CO2 Laser to Felix
checking ownership. requestor=129.138.12.150
check software interlocks F
interlocks []
actuate state mode=None-script, software_lock=True
VALVE-F(CO2 Laser to Felix) software locked
change switch state (True, False)
---------------------------------------- close None (CO2 Laser to Felix) result=[(True, False)]
action=close, ok=True, locked=[True]
open () {'description': 'CO2 Laser to Jan'}
opening name=--- desc=CO2 Laser to Jan
checking ownership. requestor=129.138.12.150
check software interlocks A
interlocks []
actuate state mode=None-script, software_lock=False
doing actuation None-script open_channel False
Open A ===>> OK
GetIndicatorState A ===>> OK
change switch state (True, True)
update switch state A True args=() kw={} ncanvase=8
08:13:27 -- OPEN   VALVE-A (CO2 Laser to Jan)
---------------------------------------- open None (CO2 Laser to Jan) result=[(True, True)], time=0.16 sec
action=open, ok=True, locked=[False]
open () {'description': 'Microbone to CO2 Laser'}
opening name=--- desc=Microbone to CO2 Laser
checking ownership. requestor=129.138.12.150
check software interlocks T
interlocks []
actuate state mode=None-script, software_lock=False
doing actuation None-script open_channel False
Open T ===>> OK
GetIndicatorState T ===>> OK
change switch state (True, True)
update switch state T True args=() kw={} ncanvase=8
08:13:28 -- OPEN   VALVE-T (Microbone to CO2 Laser)
---------------------------------------- open None (Microbone to CO2 Laser) result=[(True, True)], time=0.44 sec
action=open, ok=True, locked=[False]
executed snippet estimated_duration=0, duration=5.13752412796
PrepareForCO2Analysis.py completed successfully
gosub finished
set_motor ('beam', '1.25') {}
setting motor "beam" to 1.25
set motor beam to 1.25
SetMotor beam,1.25 ===>> OK
GetMotorMoving beam ===>> False
GetMotorMoving beam ===>> False
Block completed
move_to_position ('90',) {'autocenter': True}
FusionsCO2 move to position 90
sending GoToHole 90,True
GoToHole 90,True ===>> OK
GetDriveMoving ===>> False
GetDriveMoving ===>> OK
GetDriveMoving ===>> OK
GetDriveMoving ===>> OK
GetDriveMoving ===>> OK
GetDriveMoving ===>> OK
GetDriveMoving ===>> False
Block completed
GetAutoCorrecting ===>> False
GetAutoCorrecting ===>> False
Block completed
update position
GetPosition ===>> -7.97560,1.99390,1.00000
got position (-7.9756, 1.9939, 1.0)
move to position succeeded
sleep (5,) {}
SLEEP 5.0
block started
WaitControl setup for 5.0  
Join finished
block finished. duration 5.0578520298
close () {'description': 'Microbone to Turbo'}
closing name=--- desc=Microbone to Turbo
checking ownership. requestor=129.138.12.150
check software interlocks U
interlocks []
actuate state mode=None-script, software_lock=False
doing actuation None-script close_channel True
Close U ===>> OK
GetIndicatorState U ===>> False
change switch state (True, True)
update switch state U False args=() kw={} ncanvase=8
08:13:38 -- CLOSE  VALVE-U (Microbone to Turbo)
---------------------------------------- close None (Microbone to Turbo) result=[(True, True)]
action=close, ok=True, locked=[False]
enable laser
enable () {}
set extraction state FusionsCO2 Enabled (False, 'red', 1.5)
enabling laser
Enable ===>> OK
begin interval
BEGIN INTERVAL Interval 1 waiting for 30.0
block started
set extract to 2.0
WaitControl setup for 30.0  
extract (2.0,) {}
GetPosition ===>> -7.97560,1.99390,1.00000
set extraction state FusionsCO2 ON! 2.0(watts) (0.75, 'red', 1.5)
extract sample to 2.0 (watts)
set laser output
SetLaserOutput 2.0,watts ===>> OK
COMPLETE INTERVAL waiting for Interval 1 to complete
Join finished
block finished. duration 30.1395738125
Interval 1 finished
end_extract () {}
ending extraction. set laser power to 0
set laser power 0
SetLaserPower 0 ===>> OK
disable () {}
%%%%%%%%%%%%%%%%%%%%%%%%%%%%%%%%%%% disable
set extraction state False (0.75, 'red', 1.5)
disabling laser
Disable ===>> OK
sleep (30.0,) {}
SLEEP 30.0
block started
WaitControl setup for 30.0  
Join finished
block finished. duration 30.1316771507
executed snippet estimated_duration=195.0, duration=75.8830990791
jan_co2.py completed successfully
GetAchievedOutput ===>> No Response
Requested Output= 0.000
Achieved Output=  0.000
GetResponseBlob ===>> No Response
GetOutputBlob ===>> No Response
persistence save...
persistence save - db
AutomatedRunPersister post_extraction_save deprecated
persistence save - dvc
no extraction position for 90
create new session 4992585168
close session 4992585168
Extraction Finished
08:14:39 -- ******* Extraction Finished *******
no overlap. not waiting for min ms pumptime
08:14:39 -- Sending spectrometer configuration
======== Sending configuration ========
SetDeflection CDD,50.0 ===>> OK
SetDeflection H2,0.0 ===>> OK
SetDeflection H1,0.0 ===>> OK
SetDeflection L2,825.0 ===>> OK
SetDeflection L1,400.0 ===>> OK
SetDeflection AX,190.0 ===>> OK
SetZFocus 74.64 ===>> OK
SetZSymmetry -50.72 ===>> OK
SetExtractionLens 26.13 ===>> OK
SetIonRepeller -3.81 ===>> OK
SetElectronEnergy 75.08 ===>> OK
SetYSymmetry -2.81 ===>> OK
SetIonCounterVoltage 1590.0 ===>> OK
send trap current 200.0
GetParameter Trap Current Readback ===>> 198.370811206739
SetParameter Trap Current Set,200.0 ===>> OK
updating mftable name mftable
Using mftable located at /Users/jan/PychronDev/setupfiles/spectrometer/mftables/mftable.csv
============ MFtable ===========
Isotope  H2     H1     AX     L1     L2     CDD    
Ar40     5.8270 5.8811 5.9943 6.1669 6.2328 6.3951
Ar39     5.7262 5.7734 5.8868 6.0530 6.1179 6.2816
Ar36     5.4037 5.4424 5.5501 5.7118 5.7729 5.9327
================================
get initial guess parabolic
get initial guess parabolic
get initial guess parabolic
get initial guess parabolic
get initial guess parabolic
get initial guess parabolic
======== Configuration Finished ========
GetYSymmetry ===>> -2.81
GetZSymmetry ===>> -50.72
GetParameter Trap Current Readback ===>> 198.035158395898
GetHighVoltage ===>> 4499.94659342336
start measurement
do measurement
L#=65473 analysis type=unknown
Measurement Started jan_unknown120_60.py
08:14:39 -- ******* Measurement Started jan_unknown120_60.py *******
state changed from extraction to measurement
setting spec, defl, and gains
GetExtractionLens ===>> 26.13
GetYSymmetry ===>> -2.81
GetZSymmetry ===>> -50.72
GetZFocus ===>> 74.64
GetDeflection H2 ===>> 0
GetDeflection H1 ===>> 0
GetDeflection AX ===>> 190
GetDeflection L1 ===>> 400
GetDeflection L2 ===>> 825
GetDeflection CDD ===>> 50
GetGain H2 ===>> 0.0113
GetGain H1 ===>> 0.1
GetGain AX ===>> 0.097049
GetGain L1 ===>> 0.010355
GetGain L2 ===>> 0.095649
GetGain CDD ===>> 0
pre measurement save
New frame /Users/jan/PychronDev/data/isotopes/6a/37fd0c-3626-44a7-b4d2-b68f8f01c5b0.h5
flush and close file /Users/jan/PychronDev/data/isotopes/6a/37fd0c-3626-44a7-b4d2-b68f8f01c5b0.h5
testing...
no interpolation path defined
executed snippet estimated_duration=226.132928, duration=0.000253915786743
unknown measurement script
activate_detectors ('H2', 'H1', 'AX', 'L1', 'L2', 'CDD') {}
activate detectors
*************** Set Analysis View Ar/Ar
create graphs
clearing graphs
clear isotope group
setting isotope det=H2, iso=PM41
setting isotope det=H1, iso=Ar40
setting isotope det=AX, iso=Ar39
setting isotope det=L1, iso=Ar38
setting isotope det=L2, iso=Ar37
setting isotope det=CDD, iso=Ar36
setting previous blanks
 - setting Ar40 blank 0.778+/-0.012
 - setting Ar36 blank 0.00615+/-0.00023
 - setting Ar37 blank 0.062+/-0.010
 - setting Ar38 blank 0.015+/-0.004
 - setting PM41 blank 0.05+/-0.07
 - setting Ar39 blank 0.055+/-0.012
load analysis view
position_magnet ('Ar40',) {'detector': 'H1'}
detector Detector(H1)
POSITION Ar40 H1
setting detector H2 to PM41 (40.9624)
setting detector H1 to Ar40 (39.9624)
setting detector AX to Ar39 (38.9624)
setting detector L1 to Ar38 (37.9624)
setting detector L2 to Ar37 (36.9624)
setting detector CDD to Ar36 (35.9624)
Mapping mass to dac mass func: "parabolic"
H1 map mass coeffs = [-0.00063987  0.15840543  0.57272999]
H1 map mass to dac 39.9624 >> 5.88112
GetDeflection H1 ===>> 0
GetHighVoltage ===>> 4499.94659342336
positioning Ar40 (5.88108536664) on H1
setting magnet DAC
current  : 5.881085
requested: 5.881085
Delta Dac: 0.000001
Checking detector protection. dv=0.00000
Checking detector "CDD". Protection Threshold: 0.1 (V)
SetMagnetDAC 5.88108536664 ===>> OK
Magnet settling time: 0.500
equilibrate () {'delay': 3, 'inlet': 'R', 'outlet': 'O', 'eqtime': 12.0}
Equilibration Started
08:14:45 -- ******* Equilibration Started *******
checking ownership. requestor=129.138.12.150
check software interlocks O
interlocks []
actuate state mode=None-script, software_lock=False
doing actuation None-script close_channel True
Close O ===>> OK
GetIndicatorState O ===>> False
change switch state (True, True)
update switch state O False args=() kw={} ncanvase=8
08:14:45 -- CLOSE  VALVE-O (Jan Ion Pump)
waiting 3s before opening inlet value ('R',)
update labels <pychron.experiment.plot_panel.PlotPanel object at 0x22fe7c770>
update labels "<pychron.graph.stacked_regression_graph.StackedRegressionGraph object at 0x24160d350>"
setting label 0 H2 PM41
setting label 1 H1 Ar40
setting label 2 AX Ar39
setting label 3 L1 Ar38
setting label 4 L2 Ar37
setting label 5 CDD Ar36
update labels "<pychron.graph.stacked_graph.StackedGraph object at 0x241480770>"
setting label 0 H2 PM41
setting label 1 H1 Ar40
setting label 2 AX Ar39
setting label 3 L1 Ar38
setting label 4 L2 Ar37
setting label 5 CDD Ar36
checking ownership. requestor=129.138.12.150
check software interlocks R
interlocks []
actuate state mode=None-script, software_lock=False
doing actuation None-script open_channel True
Open R ===>> OK
GetIndicatorState R ===>> OK
change switch state (True, True)
update switch state R True args=() kw={} ncanvase=8
08:14:49 -- OPEN   VALVE-R (Jan Inlet)
set_time_zero () {}
equilibrating for 12.0sec
sniff (12.0,) {}
py_sniff
build tables- sniff [Detector(H2), Detector(H1), Detector(AX), Detector(L1), Detector(L2), Detector(CDD)]
add group /sniff/PM41 (Group) '' table H2
add group /sniff/Ar40 (Group) '' table H1
add group /sniff/Ar39 (Group) '' table AX
add group /sniff/Ar38 (Group) '' table L1
add group /sniff/Ar37 (Group) '' table L2
add group /sniff/Ar36 (Group) '' table CDD
flush and close file /Users/jan/PychronDev/data/isotopes/6a/37fd0c-3626-44a7-b4d2-b68f8f01c5b0.h5
measuring sniff. ncounts=12.0
"sniff" increment series count="1" fit count="0" regressing="False"
starting measurement
check iteration duration=3.2901763916e-05
GetData ===>> H2,-0.0367582875997104,H1,107.041963416322,AX,4.45467798599285,L1,0.0678229219877982,L2,0.0963579...
check iteration duration=1.50203704834e-05
GetData ===>> H2,1.53491332695813,H1,2552.55322407972,AX,100.920511959898,L1,0.939824240580826,L2,0.60510130696...
check iteration duration=1.71661376953e-05
GetData ===>> H2,1.69257440765117,H1,4384.58325876063,AX,166.953504542912,L1,2.48360536077126,L2,0.480414499010...
check iteration duration=2.78949737549e-05
GetData ===>> H2,1.44170711360015,H1,4972.75864572698,AX,185.54743718526,L1,3.52377973918674,L2,0.4436531858946...
check iteration duration=2.71797180176e-05
GetData ===>> H2,2.31641644778596,H1,5111.67064212184,AX,192.904043682944,L1,4.14041912317276,L2,0.444315427217...
check iteration duration=3.50475311279e-05
GetData ===>> H2,3.47728932905742,H1,5111.71465078751,AX,195.753530199723,L1,4.55709412085331,L2,0.469461145673...
check iteration duration=3.69548797607e-05
GetData ===>> H2,3.93294172852724,H1,5111.7596100335,AX,197.281631020398,L1,4.82872231943411,L2,0.5179669278043...
check iteration duration=4.2200088501e-05
GetData ===>> H2,4.20270113954521,H1,5111.80976535492,AX,198.068969254154,L1,4.95886906314691,L2,0.543337705030...
check iteration duration=3.19480895996e-05
GetData ===>> H2,4.20315511733651,H1,5111.8559910652,AX,198.045985000444,L1,5.00825933821205,L2,0.4964641637127...
check iteration duration=3.00407409668e-05
GetData ===>> H2,4.24791457583925,H1,5111.90823341848,AX,197.841379041234,L1,5.09982118323722,L2,0.496429891104...
check iteration duration=1.69277191162e-05
GetData ===>> H2,4.34956119992672,H1,5111.9577511732,AX,198.109069407935,L1,5.19288399632592,L2,0.5826871103230...
Equilibration Finished
08:15:01 -- ******* Equilibration Finished *******
checking ownership. requestor=129.138.12.150
check software interlocks R
interlocks []
actuate state mode=None-script, software_lock=False
doing actuation None-script close_channel True
check iteration duration=1.59740447998e-05
GetData ===>> H2,4.25209196733051,H1,5112.00207805909,AX,198.06515396269,L1,5.18879668798089,L2,0.4886389026461...
Close R ===>> OK
GetIndicatorState R ===>> False
change switch state (True, True)
update switch state R False args=() kw={} ncanvase=8
08:15:02 -- CLOSE  VALVE-R (Jan Inlet)
Post Equilibration Started jan_pump_extraction_line.py
08:15:02 -- ******* Post Equilibration Started jan_pump_extraction_line.py *******
testing...
no interpolation path defined
calculate duration
testing...
no interpolation path defined
executed snippet estimated_duration=4.0, duration=0.000158786773682
executed snippet estimated_duration=4.0, duration=0.00150990486145
Pump after analysis
doing GOSUB
testing...
no interpolation path defined
executed snippet estimated_duration=4.0, duration=0.00020694732666
Pump Microbone
close () {'description': 'Jan Inlet'}
closing name=--- desc=Jan Inlet
checking ownership. requestor=129.138.12.150
check software interlocks R
interlocks []
actuate state mode=None-script, software_lock=False
doing actuation None-script close_channel False
check iteration duration=1.59740447998e-05
waiting for write to finish
Close R ===>> OK
measurement finished
estimated time: 12.583 actual time: :12.730
flush and close file /Users/jan/PychronDev/data/isotopes/6a/37fd0c-3626-44a7-b4d2-b68f8f01c5b0.h5
set_fits () {}
using default fits file=/Users/jan/PychronDev/scripts/measurement/fits/nominal_linear.yaml
set "Ar40" to "('Linear', 'SEM')"
No fit for "PM41". defaulting to linear. check the measurement script "jan_unknown120_60.py"
set "PM41" to "linear"
set "Ar36" to "('Linear', 'SEM')"
set "Ar37" to "('linear', 'SEM')"
set "Ar38" to "('linear', 'SEM')"
set "Ar39" to "('Linear', 'SEM')"
set_baseline_fits () {}
using default fits file=/Users/jan/PychronDev/scripts/measurement/fits/nominal_linear.yaml
set "H1" to "('average', 'SEM')"
set "H2" to "('average', 'SEM')"
set "CDD" to "('average', 'SEM')"
set "L2" to "('average', 'SEM')"
set "L1" to "('average', 'SEM')"
set "AX" to "('average', 'SEM')"
multicollect () {'integration_time': 1, 'ncounts': 120}
build tables- signal [Detector(H2), Detector(H1), Detector(AX), Detector(L1), Detector(L2), Detector(CDD)]
add group /signal/PM41 (Group) '' table H2
add group /signal/Ar40 (Group) '' table H1
add group /signal/Ar39 (Group) '' table AX
add group /signal/Ar38 (Group) '' table L1
GetIndicatorState R ===>> False
add group /signal/Ar37 (Group) '' table L2
change switch state (True, True)
add group /signal/Ar36 (Group) '' table CDD
update switch state R False args=() kw={} ncanvase=8
flush and close file /Users/jan/PychronDev/data/isotopes/6a/37fd0c-3626-44a7-b4d2-b68f8f01c5b0.h5
measuring signal. ncounts=120
08:15:02 -- CLOSE  VALVE-R (Jan Inlet)
---------------------------------------- close None (Jan Inlet) result=[(True, True)]
action=close, ok=True, locked=[False]
is_closed ('F',) {}
is F () closed?
is closed True
open () {'description': 'CO2 Laser to Jan'}
opening name=--- desc=CO2 Laser to Jan
checking ownership. requestor=129.138.12.150
check software interlocks A
interlocks []
actuate state mode=None-script, software_lock=False
doing actuation None-script open_channel False
Open A ===>> OK
GetIndicatorState A ===>> OK
change switch state (True, True)
update switch state A True args=() kw={} ncanvase=8
08:15:03 -- OPEN   VALVE-A (CO2 Laser to Jan)
---------------------------------------- open None (CO2 Laser to Jan) result=[(True, True)], time=0.14 sec
starting measurement
check iteration duration=0.000119209289551
GetData ===>> H2,4.25054182725816,H1,5112.07775209514,AX,197.950940212865,L1,5.20804203877231,L2,0.399308594520...
action=open, ok=True, locked=[False]
sleep (1,) {}
SLEEP 1.0
"signal" increment series count="2" fit count="1" regressing="True"
check iteration duration=4.91142272949e-05
GetData ===>> H2,3.76165703982627,H1,5112.11289851034,AX,197.473960961282,L1,5.11915549643247,L2,0.326579973683...
close () {'description': 'CO2 Laser to Roughing'}
closing name=--- desc=CO2 Laser to Roughing
checking ownership. requestor=129.138.12.150
check software interlocks G
interlocks []
actuate state mode=None-script, software_lock=True
VALVE-G(CO2 Laser to Roughing) software locked
change switch state (True, False)
---------------------------------------- close None (CO2 Laser to Roughing) result=[(True, False)]
action=close, ok=True, locked=[True]
open () {'description': 'Microbone to Turbo'}
opening name=--- desc=Microbone to Turbo
checking ownership. requestor=129.138.12.150
check software interlocks U
interlocks []
actuate state mode=None-script, software_lock=False
doing actuation None-script open_channel True
Open U ===>> OK
GetIndicatorState U ===>> OK
change switch state (True, True)
update switch state U True args=() kw={} ncanvase=8
08:15:04 -- OPEN   VALVE-U (Microbone to Turbo)
---------------------------------------- open None (Microbone to Turbo) result=[(True, True)], time=0.17 sec
action=open, ok=True, locked=[False]
open () {'description': 'Microbone to Getter NP-10'}
opening name=--- desc=Microbone to Getter NP-10
checking ownership. requestor=129.138.12.150
check software interlocks M
interlocks []
actuate state mode=None-script, software_lock=False
doing actuation None-script open_channel False
Open M ===>> OK
GetIndicatorState M ===>> OK
change switch state (True, True)
update switch state M True args=() kw={} ncanvase=8
08:15:05 -- OPEN   VALVE-M (Microbone to Getter NP-10)
---------------------------------------- open None (Microbone to Getter NP-10) result=[(True, True)], time=0.17 sec
action=open, ok=True, locked=[False]
open () {'description': 'Microbone to Getter D-50'}
opening name=--- desc=Microbone to Getter D-50
checking ownership. requestor=129.138.12.150
check software interlocks K
interlocks []
actuate state mode=None-script, software_lock=False
doing actuation None-script open_channel False
check iteration duration=5.98430633545e-05
GetData ===>> H2,3.39281130504045,H1,5112.1560783419,AX,196.962407008277,L1,5.02804429870046,L2,0.2695912849523...
Open K ===>> OK
GetIndicatorState K ===>> OK
change switch state (True, True)
update switch state K True args=() kw={} ncanvase=8
08:15:05 -- OPEN   VALVE-K (Microbone to Getter D-50)
---------------------------------------- open None (Microbone to Getter D-50) result=[(True, True)], time=0.44 sec
action=open, ok=True, locked=[False]
open () {'description': 'Microbone to CO2 Laser'}
opening name=--- desc=Microbone to CO2 Laser
checking ownership. requestor=129.138.12.150
check software interlocks T
interlocks []
actuate state mode=None-script, software_lock=False
doing actuation None-script open_channel False
Open T ===>> OK
GetIndicatorState T ===>> OK
change switch state (True, True)
update switch state T True args=() kw={} ncanvase=8
08:15:06 -- OPEN   VALVE-T (Microbone to CO2 Laser)
---------------------------------------- open None (Microbone to CO2 Laser) result=[(True, True)], time=0.43 sec
check iteration duration=8.20159912109e-05
GetData ===>> H2,3.23663512364437,H1,5112.18330868256,AX,196.912136495191,L1,5.01040041359571,L2,0.318315995917...
action=open, ok=True, locked=[False]
open () {'description': 'Microbone to Inlet Pipette'}
opening name=--- desc=Microbone to Inlet Pipette
checking ownership. requestor=129.138.12.150
check software interlocks S
interlocks []
actuate state mode=None-script, software_lock=False
doing actuation None-script open_channel False
Open S ===>> OK
GetIndicatorState S ===>> OK
change switch state (True, True)
update switch state S True args=() kw={} ncanvase=8
08:15:07 -- OPEN   VALVE-S (Microbone to Inlet Pipette)
---------------------------------------- open None (Microbone to Inlet Pipette) result=[(True, True)], time=0.45 sec
action=open, ok=True, locked=[False]
sleep (1,) {}
SLEEP 1.0
testing H1>-5.0
evaluate ot="H1.bs>-5.0" t="H1>-5.0", ctx="{'H1': None}"
check iteration duration=0.000631093978882
GetData ===>> H2,3.07369400759359,H1,5112.21243912349,AX,196.826748219117,L1,4.97561565820569,L2,0.224571615372...
set_resource () {'name': 'CO2PumpTimeFlag', 'value': 30}
Set CO2PumpTimeFlag 30 ===>> OK
release ('JanCO2Flag',) {}
release JanCO2Flag
Set JanCO2Flag 0 ===>> OK
executed snippet estimated_duration=6.0, duration=6.07316684723
PumpMicrobone.py completed successfully
gosub finished
get_resource_value () {'name': 'JanMiniboneFlag'}
Read JanMiniboneFlag ===>> 0
Get Resource Value JanMiniboneFlag=0.0
get resource value 0.0
get_resource_value () {'name': 'JanMiniboneFlag'}
Read JanMiniboneFlag ===>> 0
Get Resource Value JanMiniboneFlag=0.0
executed snippet estimated_duration=4.0, duration=6.08517885208
jan_pump_extraction_line.py completed successfully
Post Equilibration Finished
08:15:08 -- ******* Post Equilibration Finished *******
check iteration duration=8.70227813721e-05
GetData ===>> H2,3.01428776541061,H1,5112.23270396647,AX,196.765982526923,L1,4.92925312124004,L2,0.209963403448...
check iteration duration=7.31945037842e-05
GetData ===>> H2,2.87867893909257,H1,5112.25803523762,AX,196.556839057867,L1,4.93899430553014,L2,0.309413613027...
check iteration duration=7.10487365723e-05
GetData ===>> H2,2.85330890676199,H1,5112.27481733778,AX,196.463904514251,L1,4.90083025696715,L2,0.287834474438...
check iteration duration=0.0001060962677
GetData ===>> H2,2.93546914028402,H1,5112.29571595037,AX,196.219662052538,L1,4.8431134616783,L2,0.3141614476255...
testing H1>-5.0
evaluate ot="H1.bs>-5.0" t="H1>-5.0", ctx="{'H1': None}"
check iteration duration=0.00116801261902
GetData ===>> H2,2.83103979184384,H1,5112.31946457336,AX,196.089499588989,L1,4.87169319266787,L2,0.237743741919...
check iteration duration=3.60012054443e-05
GetData ===>> H2,2.75334597157923,H1,5112.34110712549,AX,196.142075811524,L1,4.88715511134425,L2,0.245985803196...
check iteration duration=7.70092010498e-05
GetData ===>> H2,2.74151750510315,H1,5112.35028972844,AX,195.890506037479,L1,4.8515573709505,L2,0.3573707067007...
check iteration duration=9.10758972168e-05
GetData ===>> H2,2.79375335479007,H1,5112.37055489555,AX,195.800574265421,L1,4.81943910966607,L2,0.245220928317...
check iteration duration=7.00950622559e-05
GetData ===>> H2,2.62319616399417,H1,5112.39082021727,AX,195.641004545208,L1,4.81699994891583,L2,0.212816394718...
testing H1>-5.0
evaluate ot="H1.bs>-5.0" t="H1>-5.0", ctx="{'H1': None}"
check iteration duration=0.000555992126465
GetData ===>> H2,2.52896384621425,H1,5112.40665260745,AX,195.520157203019,L1,4.80416679257668,L2,0.258852599268...
check iteration duration=6.50882720947e-05
GetData ===>> H2,2.55105617312157,H1,5112.42311839333,AX,195.440818591773,L1,4.79395966243446,L2,0.291234777556...
check iteration duration=6.41345977783e-05
GetData ===>> H2,2.60589998562971,H1,5112.43863432343,AX,195.496087128004,L1,4.81682000532974,L2,0.256078157222...
check iteration duration=6.50882720947e-05
GetData ===>> H2,2.4817246099276,H1,5112.44845057091,AX,195.398418686218,L1,4.82743432482649,L2,0.2513172649496...
check iteration duration=4.19616699219e-05
GetData ===>> H2,2.37732734533495,H1,5112.45415034417,AX,195.175530587775,L1,4.83119754582971,L2,0.185887542972...
testing H1>-5.0
evaluate ot="H1.bs>-5.0" t="H1>-5.0", ctx="{'H1': None}"
check iteration duration=0.000694036483765
GetData ===>> H2,2.36757511100516,H1,5112.45668358065,AX,195.133730356082,L1,4.84443644002777,L2,0.378108937063...
check iteration duration=3.69548797607e-05
GetData ===>> H2,2.36329795214914,H1,5112.47156639376,AX,195.245550847643,L1,4.82131788589657,L2,0.279836250703...
check iteration duration=8.98838043213e-05
GetData ===>> H2,2.25670421832186,H1,5112.47599958826,AX,195.205171131626,L1,4.80345761149241,L2,0.241350983390...
check iteration duration=8.29696655273e-05
GetData ===>> H2,2.1809424415307,H1,5112.48264939387,AX,195.0809973399,L1,4.78779900512995,L2,0.103242741769411...
check iteration duration=4.88758087158e-05
GetData ===>> H2,2.24667997721133,H1,5112.49689903338,AX,194.791318040504,L1,4.74175542888595,L2,0.224491720652...
testing H1>-5.0
evaluate ot="H1.bs>-5.0" t="H1>-5.0", ctx="{'H1': None}"
check iteration duration=0.00109887123108
08:15:28 -- collecting point 25
GetData ===>> H2,2.16561397222452,H1,5112.50418221198,AX,194.874474884486,L1,4.74959931312157,L2,0.159297029635...
check iteration duration=6.79492950439e-05
GetData ===>> H2,2.09154577440147,H1,5112.50576551432,AX,194.714589736924,L1,4.78364547054302,L2,0.271576304086...
check iteration duration=6.60419464111e-05
GetData ===>> H2,2.09034226738601,H1,5112.5149486865,AX,194.327496043304,L1,4.74964972315844,L2,0.2137179576350...
check iteration duration=5.3882598877e-05
GetData ===>> H2,2.07352705685474,H1,5112.52729851982,AX,194.170770129035,L1,4.75320711161977,L2,0.339639424820...
check iteration duration=7.5101852417e-05
GetData ===>> H2,2.01236956080106,H1,5112.53373516187,AX,193.910148429449,L1,4.73338586641027,L2,0.304335060029...
testing H1>-5.0
evaluate ot="H1.bs>-5.0" t="H1>-5.0", ctx="{'H1': None}"
check iteration duration=0.00823092460632
GetData ===>> H2,1.88668401706718,H1,5112.5391182603,AX,194.004477099658,L1,4.71530469739719,L2,0.2872639656059...
check iteration duration=4.81605529785e-05
GetData ===>> H2,1.91550317829922,H1,5112.54101818,AX,193.862711908372,L1,4.7317129258665,L2,0.305133915691127,...
check iteration duration=7.29560852051e-05
GetData ===>> H2,1.87091724193871,H1,5112.53880160715,AX,193.883106572506,L1,4.72222395848152,L2,0.268541751231...
check iteration duration=3.69548797607e-05
GetData ===>> H2,1.82347070754644,H1,5112.54703460134,AX,193.799408155046,L1,4.7042424168939,L2,0.1898351127263...
check iteration duration=3.79085540771e-05
GetData ===>> H2,1.80810520142259,H1,5112.54798456385,AX,193.68949176526,L1,4.68669289824486,L2,0.2967120296549...
testing H1>-5.0
evaluate ot="H1.bs>-5.0" t="H1>-5.0", ctx="{'H1': None}"
check iteration duration=0.000586032867432
GetData ===>> H2,1.78188899886718,H1,5112.54925118106,AX,193.516584901418,L1,4.6942246112843,L2,0.2879942175208...
check iteration duration=8.51154327393e-05
GetData ===>> H2,1.61589460892022,H1,5112.5571675523,AX,193.584896966765,L1,4.72201355379915,L2,0.2205084827131...
check iteration duration=6.31809234619e-05
GetData ===>> H2,1.5053251841598,H1,5112.55685089699,AX,193.462352581842,L1,4.70183639981674,L2,0.1672813928740...
check iteration duration=7.29560852051e-05
GetData ===>> H2,1.49361661104331,H1,5112.55495096597,AX,193.460733236486,L1,4.70611756047532,L2,0.315314202581...
check iteration duration=8.48770141602e-05
GetData ===>> H2,1.57262321932181,H1,5112.55368434604,AX,193.309314770347,L1,4.71806245969253,L2,0.290527321997...
testing H1>-5.0
evaluate ot="H1.bs>-5.0" t="H1>-5.0", ctx="{'H1': None}"
check iteration duration=0.000594854354858
GetData ===>> H2,1.67421875876361,H1,5112.56445063467,AX,193.237491586268,L1,4.68133303230629,L2,0.130786881894...
check iteration duration=8.51154327393e-05
GetData ===>> H2,1.48637940104846,H1,5112.56603391609,AX,193.359042288467,L1,4.63839721717438,L2,0.125735769298...
check iteration duration=8.51154327393e-05
GetData ===>> H2,1.4727908294769,H1,5112.56951713853,AX,193.094013009573,L1,4.67962909296217,L2,0.2644578055397...
check iteration duration=8.79764556885e-05
GetData ===>> H2,1.42330252857364,H1,5112.56635057249,AX,192.692746504251,L1,4.64254526447344,L2,0.193451959682...
check iteration duration=8.29696655273e-05
GetData ===>> H2,1.4178531134787,H1,5112.5603341074,AX,192.666453345807,L1,4.65629444074068,L2,0.13282792625813...
testing H1>-5.0
evaluate ot="H1.bs>-5.0" t="H1>-5.0", ctx="{'H1': None}"
check iteration duration=0.00126600265503
GetData ===>> H2,1.26473833591719,H1,5112.56761719845,AX,192.734398109225,L1,4.62829797558721,L2,0.180993238847...
check iteration duration=7.70092010498e-05
GetData ===>> H2,1.19904042468804,H1,5112.56983379535,AX,192.432640986388,L1,4.63259316863807,L2,0.256135243697...
check iteration duration=7.91549682617e-05
GetData ===>> H2,1.24896150716245,H1,5112.56856716832,AX,192.486046186701,L1,4.66358020292971,L2,0.238725446078...
check iteration duration=3.79085540771e-05
GetData ===>> H2,1.10818684851054,H1,5112.57046710908,AX,192.448534125861,L1,4.67423926316889,L2,0.200263868923...
check iteration duration=6.41345977783e-05
GetData ===>> H2,0.993233557487956,H1,5112.57901685932,AX,192.279230598944,L1,4.64414046897077,L2,0.17063502402...
testing H1>-5.0
evaluate ot="H1.bs>-5.0" t="H1>-5.0", ctx="{'H1': None}"
check iteration duration=0.00306916236877
08:15:54 -- collecting point 50
GetData ===>> H2,0.995140361473199,H1,5112.57648359712,AX,192.284026881098,L1,4.62732434985962,L2,0.21800905697...
check iteration duration=8.70227813721e-05
GetData ===>> H2,0.883310678919567,H1,5112.58028349133,AX,192.341522343779,L1,4.59371681424786,L2,0.31879537846...
check iteration duration=3.88622283936e-05
GetData ===>> H2,0.881839030114781,H1,5112.58376673246,AX,192.093410472518,L1,4.60927389923967,L2,0.22119326827...
check iteration duration=2.98023223877e-05
GetData ===>> H2,0.887762009540863,H1,5112.58566668409,AX,191.829996596535,L1,4.58612784535854,L2,0.25276719988...
check iteration duration=7.79628753662e-05
GetData ===>> H2,0.776901216940023,H1,5112.5863000016,AX,191.835200831859,L1,4.59696331713431,L2,0.224388998968...
testing H1>-5.0
evaluate ot="H1.bs>-5.0" t="H1>-5.0", ctx="{'H1': None}"
check iteration duration=0.000563859939575
GetData ===>> H2,0.686076214996862,H1,5112.5923165255,AX,191.632776850523,L1,4.58555604268893,L2,0.210545406765...
check iteration duration=8.32080841064e-05
GetData ===>> H2,0.555025931785157,H1,5112.58851661409,AX,191.695824519345,L1,4.5629755100087,L2,0.329856084813...
check iteration duration=8.51154327393e-05
GetData ===>> H2,0.63901241859949,H1,5112.58693331927,AX,191.467591124151,L1,4.60123532133159,L2,0.185887542972...
check iteration duration=6.69956207275e-05
GetData ===>> H2,0.588129698911644,H1,5112.59009990985,AX,191.28573913657,L1,4.58473375428521,L2,0.277782606285...
check iteration duration=3.69548797607e-05
GetData ===>> H2,0.632337667183872,H1,5112.58724997816,AX,191.285348213494,L1,4.5842961069528,L2,0.178688781352...
testing H1>-5.0
evaluate ot="H1.bs>-5.0" t="H1>-5.0", ctx="{'H1': None}"
check iteration duration=0.000589847564697
GetData ===>> H2,0.520731976664608,H1,5112.58091680756,AX,191.156503662256,L1,4.61086461774358,L2,0.18749621504...
check iteration duration=4.10079956055e-05
GetData ===>> H2,0.49406075773604,H1,5112.58155012394,AX,191.141835883353,L1,4.60454868809573,L2,0.233349026897...
check iteration duration=8.48770141602e-05
GetData ===>> H2,0.472464972368026,H1,5112.58946659143,AX,191.087243843157,L1,4.5892809611206,L2,0.244045087803...
check iteration duration=7.10487365723e-05
GetData ===>> H2,0.383499892547284,H1,5112.58978325062,AX,191.017875424618,L1,4.58317627186578,L2,0.20388110985...
check iteration duration=6.69956207275e-05
GetData ===>> H2,0.320737965938344,H1,5112.5948498028,AX,190.783364528999,L1,4.56294606665176,L2,0.241145503961...
testing H1>-5.0
evaluate ot="H1.bs>-5.0" t="H1>-5.0", ctx="{'H1': None}"
check iteration duration=0.00112390518188
GetData ===>> H2,0.305423730224876,H1,5112.59643310234,AX,190.720647193825,L1,4.58069678753947,L2,0.20430332038...
check iteration duration=7.48634338379e-05
GetData ===>> H2,0.261275855326442,H1,5112.59769974265,AX,190.689452956056,L1,4.57237360146602,L2,0.15953655084...
check iteration duration=5.29289245605e-05
GetData ===>> H2,0.253844183447033,H1,5112.59421648325,AX,190.533812080382,L1,4.51385804588615,L2,0.17455914975...
check iteration duration=0.000102043151855
GetData ===>> H2,0.202205605710585,H1,5112.5948498028,AX,190.568561507263,L1,4.55981369443973,L2,0.163448815411...
check iteration duration=6.38961791992e-05
GetData ===>> H2,0.189991691117154,H1,5112.59073322842,AX,190.506974190281,L1,4.56509414374949,L2,0.33596342028...
testing H1>-5.0
evaluate ot="H1.bs>-5.0" t="H1>-5.0", ctx="{'H1': None}"
check iteration duration=0.00180602073669
GetData ===>> H2,0.172404833926094,H1,5112.59104988776,AX,190.274910639595,L1,4.53513485751891,L2,0.28849626894...
check iteration duration=6.19888305664e-05
GetData ===>> H2,0.079841740258736,H1,5112.59959970425,AX,190.128981794759,L1,4.53760916322974,L2,0.22696848795...
check iteration duration=6.103515625e-05
GetData ===>> H2,0.0210702852834785,H1,5112.59674976236,AX,190.237703619789,L1,4.53832523136822,L2,0.1639735044...
check iteration duration=7.79628753662e-05
GetData ===>> H2,-0.0386586545935573,H1,5112.59326650421,AX,190.247727244636,L1,4.53244058985752,L2,0.167144512...
check iteration duration=3.2901763916e-05
GetData ===>> H2,0.00914000714194045,H1,5112.60371629237,AX,189.935200424558,L1,4.55385142965164,L2,0.138495188...
testing H1>-5.0
evaluate ot="H1.bs>-5.0" t="H1>-5.0", ctx="{'H1': None}"
check iteration duration=0.00144600868225
08:16:21 -- collecting point 75
GetData ===>> H2,0.00519003027234113,H1,5112.60624958054,AX,189.781273639988,L1,4.53092541468443,L2,0.189686790...
check iteration duration=0.000103950500488
GetData ===>> H2,-0.0524744070193796,H1,5112.60276630993,AX,189.615551848998,L1,4.50896394304917,L2,0.180616764...
check iteration duration=3.60012054443e-05
GetData ===>> H2,-0.0484218959650594,H1,5112.60086634607,AX,189.389981454889,L1,4.53501578580119,L2,0.250666513...
check iteration duration=8.20159912109e-05
GetData ===>> H2,-0.0279894198030106,H1,5112.59896638356,AX,189.310383518027,L1,4.55593612928532,L2,0.130490420...
check iteration duration=8.39233398438e-05
GetData ===>> H2,-0.194453648520531,H1,5112.5929498446,AX,189.361942189494,L1,4.51630802960516,L2,0.15525947661...
testing H1>-5.0
evaluate ot="H1.bs>-5.0" t="H1>-5.0", ctx="{'H1': None}"
check iteration duration=0.00058913230896
GetData ===>> H2,-0.0771523076417135,H1,5112.59801640282,AX,189.473944498419,L1,4.5230083126587,L2,0.0961527767...
check iteration duration=8.70227813721e-05
GetData ===>> H2,-0.0788679525963189,H1,5112.60498293615,AX,189.320520237039,L1,4.50184903302048,L2,0.160437612...
check iteration duration=6.89029693604e-05
GetData ===>> H2,-0.115580280212032,H1,5112.60371629237,AX,189.092740283882,L1,4.54136935230896,L2,0.2112301210...
check iteration duration=6.79492950439e-05
GetData ===>> H2,-0.222625115737611,H1,5112.59611644236,AX,188.9625611593,L1,4.54334475614984,L2,0.227025557079...
check iteration duration=6.8187713623e-05
GetData ===>> H2,-0.325462237061639,H1,5112.59579978241,AX,189.179446655091,L1,4.52469130224335,L2,0.1045536449...
testing H1>-5.0
evaluate ot="H1.bs>-5.0" t="H1>-5.0", ctx="{'H1': None}"
check iteration duration=0.000572204589844
GetData ===>> H2,-0.271268337390177,H1,5112.60118300662,AX,188.93970053933,L1,4.48499731420222,L2,0.28082886128...
check iteration duration=3.60012054443e-05
GetData ===>> H2,-0.400850463497034,H1,5112.60181632783,AX,189.054739974617,L1,4.49576249026852,L2,0.2733674198...
check iteration duration=8.10623168945e-05
GetData ===>> H2,-0.362664520884686,H1,5112.59801640282,AX,189.11666010178,L1,4.46914295842678,L2,0.18364001094...
check iteration duration=5.29289245605e-05
GetData ===>> H2,-0.255727127647057,H1,5112.60371629237,AX,188.982132014451,L1,4.46661044161324,L2,0.1387802706...
check iteration duration=3.69548797607e-05
GetData ===>> H2,-0.348813686626675,H1,5112.60624958054,AX,188.7312499062,L1,4.48970242492464,L2,0.249581938609...
testing H1>-5.0
evaluate ot="H1.bs>-5.0" t="H1>-5.0", ctx="{'H1': None}"
check iteration duration=0.00121188163757
GetData ===>> H2,-0.403817225057599,H1,5112.60276630993,AX,188.556732680058,L1,4.48933422165325,L2,0.1104586313...
check iteration duration=3.2901763916e-05
GetData ===>> H2,-0.353647219106762,H1,5112.59833306303,AX,188.296399115662,L1,4.47249838864621,L2,0.2136837209...
check iteration duration=6.31809234619e-05
GetData ===>> H2,-0.372537395164447,H1,5112.60118300662,AX,188.244749257271,L1,4.47119803253281,L2,0.0735430441...
check iteration duration=6.38961791992e-05
GetData ===>> H2,-0.379942365763784,H1,5112.60086634607,AX,188.291651220653,L1,4.50836791446322,L2,0.1444250771...
check iteration duration=6.60419464111e-05
GetData ===>> H2,-0.374684750957416,H1,5112.59959970425,AX,188.320334848944,L1,4.48358117827609,L2,0.2025003803...
testing H1>-5.0
evaluate ot="H1.bs>-5.0" t="H1>-5.0", ctx="{'H1': None}"
check iteration duration=0.00137901306152
GetData ===>> H2,-0.33147138265321,H1,5112.60023302508,AX,188.050114956192,L1,4.45918158455531,L2,0.26692184132...
check iteration duration=4.00543212891e-05
GetData ===>> H2,-0.419925650708228,H1,5112.59674976236,AX,188.147330321769,L1,4.48706677979956,L2,0.0769600732...
check iteration duration=6.103515625e-05
GetData ===>> H2,-0.563895589230327,H1,5112.60339963152,AX,188.28580781917,L1,4.48856264413016,L2,0.16722435934...
check iteration duration=7.91549682617e-05
GetData ===>> H2,-0.608668484293171,H1,5112.60149966721,AX,187.909456611936,L1,4.46381987904149,L2,0.3054078105...
check iteration duration=8.32080841064e-05
GetData ===>> H2,-0.598516311389622,H1,5112.60023302508,AX,187.839693254914,L1,4.47392644643875,L2,0.2836241992...
testing H1>-5.0
evaluate ot="H1.bs>-5.0" t="H1>-5.0", ctx="{'H1': None}"
check iteration duration=0.000653982162476
08:16:47 -- collecting point 100
GetData ===>> H2,-0.628810300290342,H1,5112.60403295326,AX,187.707041554792,L1,4.49262643771076,L2,0.0044109886...
check iteration duration=5.69820404053e-05
GetData ===>> H2,-0.673815408155523,H1,5112.60593291939,AX,187.72905752204,L1,4.4504521457978,L2,0.156822012244...
check iteration duration=7.00950622559e-05
GetData ===>> H2,-0.689554503176847,H1,5112.59991636465,AX,187.606133299005,L1,4.43767993566441,L2,0.1941137319...
check iteration duration=7.00950622559e-05
GetData ===>> H2,-0.673099883009262,H1,5112.6052995972,AX,187.499269666768,L1,4.47336341413382,L2,0.28327049891...
check iteration duration=6.48498535156e-05
GetData ===>> H2,-0.672191548346582,H1,5112.60276630993,AX,187.522411290389,L1,4.46322753417066,L2,0.1102762324...
testing H1>-5.0
evaluate ot="H1.bs>-5.0" t="H1>-5.0", ctx="{'H1': None}"
check iteration duration=0.000524997711182
GetData ===>> H2,-0.628667425077115,H1,5112.59516646263,AX,187.212599866727,L1,4.43850143364285,L2,0.1620914810...
check iteration duration=8.10623168945e-05
GetData ===>> H2,-0.712838440090668,H1,5112.59706642242,AX,187.154560356474,L1,4.42293601969254,L2,0.2517168511...
check iteration duration=3.79085540771e-05
GetData ===>> H2,-0.597506089540568,H1,5112.60086634607,AX,187.384923773372,L1,4.40097350267129,L2,0.1842104455...
check iteration duration=7.89165496826e-05
GetData ===>> H2,-0.57108449363014,H1,5112.60466627515,AX,187.439287600075,L1,4.4150227924217,L2,0.176487049521...
check iteration duration=7.5101852417e-05
GetData ===>> H2,-0.652012879022321,H1,5112.60593291939,AX,187.330449562132,L1,4.42542458938223,L2,0.1499789792...
testing H1>-5.0
evaluate ot="H1.bs>-5.0" t="H1>-5.0", ctx="{'H1': None}"
check iteration duration=0.000871896743774
GetData ===>> H2,-0.860047488436862,H1,5112.60403295326,AX,187.196127642259,L1,4.44796506588892,L2,0.1555674195...
check iteration duration=3.71932983398e-05
GetData ===>> H2,-0.774890132615713,H1,5112.59991636465,AX,187.123249590907,L1,4.44337297581703,L2,0.1774110862...
check iteration duration=9.3936920166e-05
GetData ===>> H2,-0.721217945955051,H1,5112.59706642242,AX,186.758742953053,L1,4.40489887760974,L2,0.1502983099...
check iteration duration=2.90870666504e-05
GetData ===>> H2,-0.835045515274505,H1,5112.59358316385,AX,186.563603238452,L1,4.3922395165623,L2,0.19415937159...
check iteration duration=5.00679016113e-05
GetData ===>> H2,-0.908701228260135,H1,5112.60054968556,AX,186.419912595316,L1,4.3893547195243,L2,0.14285134002...
testing H1>-5.0
evaluate ot="H1.bs>-5.0" t="H1>-5.0", ctx="{'H1': None}"
check iteration duration=0.000933885574341
GetData ===>> H2,-0.871737292599707,H1,5112.60973285572,AX,186.749309545546,L1,4.38385419365586,L2,0.1501272397...
check iteration duration=7.9870223999e-05
GetData ===>> H2,-0.9056049206746,H1,5112.60878287113,AX,186.670314551042,L1,4.38372120590715,L2,0.180103392250...
check iteration duration=3.69548797607e-05
GetData ===>> H2,-0.918496299673819,H1,5112.60371629237,AX,186.658318173831,L1,4.37584389022896,L2,0.2259298358...
check iteration duration=7.70092010498e-05
GetData ===>> H2,-0.818122535374242,H1,5112.59326650421,AX,186.54813193071,L1,4.40961172387669,L2,0.12151721137...
check iteration duration=6.103515625e-05
GetData ===>> H2,-0.847860154646415,H1,5112.59864972328,AX,186.491823339239,L1,4.39624980023276,L2,0.1564684435...
testing H1>-5.0
evaluate ot="H1.bs>-5.0" t="H1>-5.0", ctx="{'H1': None}"
check iteration duration=0.000596046447754
GetData ===>> H2,-0.875900129447482,H1,5112.59706642242,AX,186.400584524313,L1,4.39854636556981,L2,0.2793228354...
check iteration duration=4.41074371338e-05
waiting for write to finish
measurement finished
estimated time: 125.829 actual time: :126.427
flush and close file /Users/jan/PychronDev/data/isotopes/6a/37fd0c-3626-44a7-b4d2-b68f8f01c5b0.h5
baselines () {'settling_time': 15.0, 'detector': 'H1', 'mass': 34.2, 'ncounts': 60}
%%%%%%%%%%%%%%%%%%%%%%%%%%%%%%%% Baseline
build tables- baseline [Detector(H2), Detector(H1), Detector(AX), Detector(L1), Detector(L2), Detector(CDD)]
add group baseline table H2
add group baseline table H1
add group baseline table AX
add group baseline table L1
add group baseline table L2
add group baseline table CDD
flush and close file /Users/jan/PychronDev/data/isotopes/6a/37fd0c-3626-44a7-b4d2-b68f8f01c5b0.h5
detector Detector(H1)
POSITION 34.2 H1
Mapping mass to dac mass func: "parabolic"
H1 map mass coeffs = [-0.00063987  0.15840543  0.57272999]
H1 map mass to dac 34.2 >> 5.24177599104
GetDeflection H1 ===>> 0
GetHighVoltage ===>> 4499.94659342336
positioning 34.2 (5.24174512272) on H1
setting magnet DAC
current  : 5.881085
requested: 5.241745
Delta Dac: 0.639340
Checking detector protection. dv=0.63934
Checking detector "CDD". Protection Threshold: 0.1 (V)
ProtectDetector CDD,On ===>> OK
GetDeflection CDD ===>> 2000
Protected = 2000
SetMagnetDAC 5.24174512272 ===>> OK
Magnet settling time: 0.500
GetMagnetMoving ===>> True
GetMagnetMoving ===>> True
GetMagnetMoving ===>> True
GetMagnetMoving ===>> True
GetMagnetMoving ===>> True
GetMagnetMoving ===>> True
GetMagnetMoving ===>> True
GetMagnetMoving ===>> True
GetMagnetMoving ===>> False
ProtectDetector CDD,Off ===>> OK
GetDeflection CDD ===>> 50
Delaying 15.0s for detectors to settle
Join finished
measuring baseline. ncounts=60
"baseline" increment series count="2" fit count="1" regressing="True"
starting measurement
check iteration duration=3.21865081787e-05
GetData ===>> H2,-0.108030753773178,H1,-0.446951377501436,AX,-0.148646680100238,L1,-0.090995339223081,L2,-0.026...
check iteration duration=7.10487365723e-05
GetData ===>> H2,-0.0356667906939697,H1,-0.378776121220747,AX,-0.240984560416402,L1,-0.0850234496929827,L2,-0.0...
check iteration duration=3.60012054443e-05
GetData ===>> H2,-0.00110751869213172,H1,-0.192444900504474,AX,-0.00852579535215222,L1,-0.0655947637001338,L2,-...
check iteration duration=8.89301300049e-05
GetData ===>> H2,-0.188310454674092,H1,-0.28646165245858,AX,-0.134929901264616,L1,-0.0659260149261776,L2,-0.004...
testing H1>-5.0
evaluate ot="H1.bs>-5.0" t="H1>-5.0", ctx="{'H1': None}"
check iteration duration=0.00133800506592
GetData ===>> H2,-0.130997004018426,H1,-0.171885943692884,AX,-0.132645284578397,L1,-0.0477262642532439,L2,-0.01...
check iteration duration=7.89165496826e-05
GetData ===>> H2,-0.154244270259596,H1,-0.136478878452251,AX,-0.074216285815733,L1,-0.0872752697810164,L2,0.017...
check iteration duration=6.60419464111e-05
GetData ===>> H2,-0.182243526009612,H1,-0.146327354151299,AX,-0.0734048468347732,L1,-0.0819345875192947,L2,0.03...
check iteration duration=5.81741333008e-05
GetData ===>> H2,-0.201491462447919,H1,-0.0549544089243124,AX,-0.113829461719186,L1,-0.0714707567779975,L2,0.02...
check iteration duration=3.40938568115e-05
GetData ===>> H2,-0.125012643949337,H1,-0.0156755169387289,AX,-0.176572839966041,L1,-0.0302240118512327,L2,0.04...
testing H1>-5.0
evaluate ot="H1.bs>-5.0" t="H1>-5.0", ctx="{'H1': None}"
check iteration duration=0.00108504295349
GetData ===>> H2,-0.205946245200953,H1,-0.123445446059,AX,-0.0917764858527802,L1,-0.0282008340299388,L2,-0.0844...
check iteration duration=5.79357147217e-05
GetData ===>> H2,-0.278335294099782,H1,-0.109041985335811,AX,-0.00542860901222499,L1,-0.0259208273759656,L2,-0....
check iteration duration=7.89165496826e-05
GetData ===>> H2,-0.125900962712944,H1,-0.0099624572183153,AX,-0.0383790098933639,L1,-0.0552271766565175,L2,-0....
check iteration duration=8.89301300049e-05
GetData ===>> H2,-0.0455139482879042,H1,0.0545974969009546,AX,-0.155498547560754,L1,-0.0584397007819954,L2,-0.0...
check iteration duration=0.000108003616333
GetData ===>> H2,-0.0604951024626158,H1,0.0299545680616966,AX,-0.189078470410591,L1,-0.0679814414959442,L2,0.01...
testing H1>-5.0
evaluate ot="H1.bs>-5.0" t="H1>-5.0", ctx="{'H1': None}"
check iteration duration=0.000579118728638
GetData ===>> H2,-0.0314627363850142,H1,0.0824869186927703,AX,-0.153098709820611,L1,-0.0612169157290272,L2,0.09...
check iteration duration=4.10079956055e-05
GetData ===>> H2,-0.0807052758297961,H1,0.0202661284873563,AX,-0.0191969935096086,L1,-0.038737675659925,L2,-0.0...
check iteration duration=3.50475311279e-05
GetData ===>> H2,-0.0546317197771545,H1,0.0428779240153389,AX,-0.104536068705884,L1,-0.0297688622757607,L2,-0.0...
check iteration duration=6.91413879395e-05
GetData ===>> H2,-0.140038951010955,H1,-0.0766859198001011,AX,-0.0339723515158604,L1,-0.0267703490222851,L2,-0....
check iteration duration=8.20159912109e-05
GetData ===>> H2,-0.125621088960202,H1,0.022282487540193,AX,-0.0560152424161192,L1,-0.0534083814006428,L2,-0.02...
testing H1>-5.0
evaluate ot="H1.bs>-5.0" t="H1>-5.0", ctx="{'H1': None}"
check iteration duration=0.000583171844482
GetData ===>> H2,-0.216959886308212,H1,0.11494569750814,AX,-0.0988112675666075,L1,-0.0269536637442555,L2,0.0369...
check iteration duration=3.91006469727e-05
GetData ===>> H2,-0.11415385444163,H1,0.0789804256356998,AX,-0.0776590302304801,L1,-0.0302204186457937,L2,-0.01...
check iteration duration=6.19888305664e-05
GetData ===>> H2,-0.097117270842008,H1,0.0688967561982114,AX,-0.0709241199843536,L1,-0.0383699146795193,L2,0.06...
check iteration duration=8.51154327393e-05
GetData ===>> H2,-0.14277837259885,H1,0.0421619049656876,AX,-0.169896330631163,L1,-0.0384178321820507,L2,-0.043...
check iteration duration=9.29832458496e-05
GetData ===>> H2,-0.102072476538663,H1,0.0850035591202893,AX,-0.0415679145388555,L1,-0.0189350152018838,L2,0.02...
testing H1>-5.0
evaluate ot="H1.bs>-5.0" t="H1>-5.0", ctx="{'H1': None}"
check iteration duration=0.000863075256348
08:17:53 -- collecting point 25
GetData ===>> H2,-0.137444877951639,H1,0.10358810359159,AX,-0.130698988909335,L1,-0.000872475470762994,L2,-0.07...
check iteration duration=8.79764556885e-05
GetData ===>> H2,-0.2352791009222,H1,0.12777226010734,AX,-0.169664499156522,L1,0.0106435461065735,L2,-0.0864689...
check iteration duration=7.41481781006e-05
GetData ===>> H2,-0.0624475366710525,H1,0.167061590113282,AX,-0.138536105773837,L1,0.0108992030577703,L2,-0.037...
check iteration duration=9.51290130615e-05
GetData ===>> H2,-0.178727049963173,H1,0.161606469716369,AX,0.0014389122116757,L1,-0.0175967528991434,L2,-0.036...
check iteration duration=6.60419464111e-05
GetData ===>> H2,-0.158786162676172,H1,0.204515370195702,AX,-0.0764650956276703,L1,0.0147996760632869,L2,-0.000...
testing H1>-5.0
evaluate ot="H1.bs>-5.0" t="H1>-5.0", ctx="{'H1': None}"
check iteration duration=0.00125098228455
GetData ===>> H2,-0.175560477593027,H1,0.132127699103424,AX,-0.0351900007540011,L1,0.0146459815809726,L2,-0.040...
check iteration duration=8.82148742676e-05
GetData ===>> H2,-0.263731730275568,H1,0.104375458259098,AX,-0.0520499775345671,L1,-0.00842159752732113,L2,-0.0...
check iteration duration=0.000100135803223
GetData ===>> H2,-0.256028238312945,H1,0.199500026128452,AX,-0.113875810581659,L1,-0.0262491418510611,L2,0.0052...
check iteration duration=6.19888305664e-05
GetData ===>> H2,-0.270669034152518,H1,0.251050624678118,AX,-0.0250656538360166,L1,-0.0537564546468809,L2,-0.01...
check iteration duration=8.29696655273e-05
GetData ===>> H2,-0.215817342738995,H1,0.208503942056493,AX,-0.0497774137150448,L1,0.0169972832086866,L2,-0.048...
testing H1>-5.0
evaluate ot="H1.bs>-5.0" t="H1>-5.0", ctx="{'H1': None}"
check iteration duration=0.000581026077271
GetData ===>> H2,-0.216977405067867,H1,0.198723864358574,AX,-0.138396962098923,L1,0.00603683148126167,L2,0.1149...
check iteration duration=8.98838043213e-05
GetData ===>> H2,-0.165837213952846,H1,0.194126721757182,AX,-0.103330875407485,L1,0.0164736568183264,L2,-0.0085...
check iteration duration=8.10623168945e-05
GetData ===>> H2,-0.188145943255136,H1,0.145970899676251,AX,-0.10734040301572,L1,-0.0129509918079058,L2,-0.0983...
check iteration duration=8.20159912109e-05
GetData ===>> H2,-0.0980150544422326,H1,0.13793922359755,AX,-0.109762263049919,L1,-0.0396624092832682,L2,-0.048...
check iteration duration=8.41617584229e-05
GetData ===>> H2,-0.0930093109869625,H1,0.20020454740195,AX,0.00878259172948024,L1,0.00652152333011048,L2,0.016...
testing H1>-5.0
evaluate ot="H1.bs>-5.0" t="H1>-5.0", ctx="{'H1': None}"
check iteration duration=0.000588178634644
GetData ===>> H2,-0.274437665017606,H1,0.290876277463803,AX,-0.0626004715408942,L1,-0.00687456667038501,L2,0.02...
check iteration duration=8.20159912109e-05
GetData ===>> H2,-0.292245414636382,H1,0.162967237807199,AX,0.0179832753806176,L1,-0.0306348265408143,L2,-0.075...
check iteration duration=4.10079956055e-05
GetData ===>> H2,-0.180720213633631,H1,0.0940687597293489,AX,-0.128080696400225,L1,-0.0241628445599854,L2,-0.05...
check iteration duration=7.29560852051e-05
GetData ===>> H2,-0.167872587940819,H1,0.145374170541746,AX,-0.080846647932427,L1,-0.000489650308643792,L2,0.00...
check iteration duration=3.48091125488e-05
GetData ===>> H2,-0.187379989757736,H1,0.201840488786975,AX,-0.0202524506143394,L1,-0.0067546318677868,L2,-0.05...
testing H1>-5.0
evaluate ot="H1.bs>-5.0" t="H1>-5.0", ctx="{'H1': None}"
check iteration duration=0.00231099128723
GetData ===>> H2,-0.147054439742524,H1,0.26323776712156,AX,-0.0630989830655408,L1,-0.00531410324843732,L2,0.013...
check iteration duration=4.88758087158e-05
GetData ===>> H2,-0.202591505365342,H1,0.127927382079363,AX,-0.0677477699097975,L1,-0.0289375622447723,L2,0.035...
check iteration duration=6.91413879395e-05
GetData ===>> H2,-0.225710494384905,H1,0.157524276341614,AX,-0.0463220874453941,L1,-0.0247201116403572,L2,-0.08...
check iteration duration=7.5101852417e-05
GetData ===>> H2,-0.249132940895898,H1,0.172469256451424,AX,-0.144414744189351,L1,0.0254627490782731,L2,-0.0285...
check iteration duration=6.00814819336e-05
GetData ===>> H2,-0.193782467692171,H1,0.222895169267123,AX,-0.132147129275931,L1,0.0121715829526916,L2,0.00266...
testing H1>-5.0
evaluate ot="H1.bs>-5.0" t="H1>-5.0", ctx="{'H1': None}"
check iteration duration=0.000944137573242
08:18:19 -- collecting point 50
GetData ===>> H2,-0.186655792392771,H1,0.230133364227414,AX,-0.0169932549656801,L1,-0.0269728337182702,L2,-0.10...
check iteration duration=3.2901763916e-05
GetData ===>> H2,-0.319166445214936,H1,0.227410021608887,AX,-0.0641655572852444,L1,-0.0171949996376468,L2,0.028...
check iteration duration=3.79085540771e-05
GetData ===>> H2,-0.266428658741398,H1,0.135134852434216,AX,-0.0357002492384977,L1,0.00555816118341897,L2,-0.00...
check iteration duration=8.79764556885e-05
GetData ===>> H2,-0.0912440439770156,H1,0.116544453839906,AX,-0.0520035992115697,L1,0.00968819069114561,L2,0.04...
check iteration duration=6.103515625e-05
GetData ===>> H2,-0.232446647223928,H1,0.126829600981426,AX,-0.180304994416664,L1,0.0100506389906495,L2,-0.0080...
testing H1>-5.0
evaluate ot="H1.bs>-5.0" t="H1>-5.0", ctx="{'H1': None}"
check iteration duration=0.00144004821777
GetData ===>> H2,-0.257493349660735,H1,0.0896791916996655,AX,-0.123539066149571,L1,0.0142833679508937,L2,-0.043...
check iteration duration=8.51154327393e-05
GetData ===>> H2,-0.141982427316562,H1,0.157178133091951,AX,-0.162419487091482,L1,0.0296125119343921,L2,-0.0677...
check iteration duration=8.41617584229e-05
GetData ===>> H2,-0.162856377944179,H1,0.0996991395129545,AX,-0.0337752068729342,L1,0.0429970658058264,L2,-0.06...
check iteration duration=8.39233398438e-05
GetData ===>> H2,-0.190678075486372,H1,0.136542994949118,AX,-0.151777034765774,L1,0.0125725359470631,L2,-0.0569...
check iteration duration=9.79900360107e-05
GetData ===>> H2,-0.0717272156404144,H1,0.179333712500252,AX,-0.121105962719849,L1,-0.000176418896059455,L2,0.0...
testing H1>-5.0
evaluate ot="H1.bs>-5.0" t="H1>-5.0", ctx="{'H1': None}"
check iteration duration=0.000578165054321
GetData ===>> H2,-0.18205868857788,H1,0.0571874450187028,AX,-0.0410229091479847,L1,-0.0289459474585047,L2,0.016...
check iteration duration=3.69548797607e-05
waiting for write to finish
measurement finished
estimated time: 62.915 actual time: :63.264
flush and close file /Users/jan/PychronDev/data/isotopes/6a/37fd0c-3626-44a7-b4d2-b68f8f01c5b0.h5
activate_detectors ('H1', 'AX', 'CDD') {'peak_center': True}
peak_center () {'detector': 'H1', 'integration_time': 0.262144, 'isotope': 'Ar40'}
peak center: mean=5112.60023303 threshold=3
peak center started
setup peak center. detector=['H1', 'AX', 'CDD'], isotope=Ar40
VersionedUnpickler [<apptools.sweet_pickle.versioned_unpickler.VersionedUnpickler object at 0x228eaa3b0>] using Updater [<apptools.sweet_pickle.updater.Updater object at 0x12e273d10>]
VersionedUnpickler [<apptools.sweet_pickle.versioned_unpickler.VersionedUnpickler object at 0x228eaa3b0>] using Updater [<apptools.sweet_pickle.updater.Updater object at 0x12e273d10>]
VersionedUnpickler [<apptools.sweet_pickle.versioned_unpickler.VersionedUnpickler object at 0x240ebdd70>] using Updater [<apptools.sweet_pickle.updater.Updater object at 0x12e273d10>]
setting integration time = 0.524288
SetIntegrationTime 0.524288 ===>> OK
Mapping mass to dac mass func: "parabolic"
H1 map mass coeffs = [-0.00063987  0.15840543  0.57272999]
H1 map mass to dac 39.9624 >> 5.88112
GetDeflection H1 ===>> 0
GetHighVoltage ===>> 4499.94659342336
do peak center. <pychron.spectrometer.jobs.peak_center.PeakCenter object at 0x16275af50>
doing pc
starting peak center. center dac= 5.88108536664 step_width=0.001
width = 0.001
get scan parameters. half-width=0.015,window=0.015, i=0, scalar=1
Scan parameters center=5.88109 width=0.03000 (5.86609 - 5.89609)
GetData ===>> H2,-0.328830542698421,H1,0.190114842387934,AX,-0.0541833564982958,L1,-0.0117115454517839,L2,-0.03...
Moving to starting dac 5.86608536664
setting magnet DAC
current  : 5.241745
requested: 5.866085
Delta Dac: 0.624340
Checking detector protection. dv=0.62434
Checking detector "CDD". Protection Threshold: 0.1 (V)
ProtectDetector CDD,On ===>> OK
GetDeflection CDD ===>> 2000
Protected = 2000
SetMagnetDAC 5.86608536664 ===>> OK
Magnet settling time: 0.500
GetMagnetMoving ===>> True
GetMagnetMoving ===>> True
GetMagnetMoving ===>> True
GetMagnetMoving ===>> True
GetMagnetMoving ===>> True
GetMagnetMoving ===>> True
GetMagnetMoving ===>> True
GetMagnetMoving ===>> True
GetMagnetMoving ===>> False
ProtectDetector CDD,Off ===>> OK
GetDeflection CDD ===>> 50
Wait until signal near baseline. tol= 0.142586131791. timeout= 10
GetData ===>> H2,5.04612963355666,H1,1.13853902769312,AX,0.130317301587547,L1,0.164441907691557,L2,0.0436441178...
GetData ===>> H2,128.512985042972,H1,37.0387054757278,AX,1.30027500828742,L1,0.42460728603095,L2,0.618117667001...
GetData ===>> H2,151.722824756069,H1,161.014411997805,AX,5.79691291715255,L1,0.430581529887386,L2,0.13217798003...
GetData ===>> H2,151.726486366961,H1,76.2139766344406,AX,2.52019130873623,L1,0.324984447469211,L2,0.01129635845...
GetData ===>> H2,151.730044101957,H1,38.387616573788,AX,0.894755133478177,L1,0.217353795255907,L2,-0.1719086182...
GetData ===>> H2,151.721139634494,H1,21.6583615907712,AX,0.320533002532236,L1,0.147269058517466,L2,-0.067590843...
GetData ===>> H2,139.9366880378,H1,13.6594045959759,AX,0.366384174250776,L1,0.100577687230212,L2,-0.12048926130...
GetData ===>> H2,85.2978678183933,H1,9.90245831315562,AX,0.190533379931835,L1,0.0549941459485807,L2,0.011114148...
GetData ===>> H2,38.4580770934093,H1,7.97744649010348,AX,0.335427040189127,L1,0.0536864444316429,L2,-0.20385806...
GetData ===>> H2,14.8353970156254,H1,7.07663882260012,AX,0.199118825858891,L1,0.0577880021846421,L2,-0.09792175...
GetData ===>> H2,5.49044411049663,H1,6.68169774436322,AX,0.0311999025444373,L1,0.05689109490349,L2,0.0412973983...
GetData ===>> H2,2.60570444655491,H1,6.37035212836901,AX,0.0393698126166142,L1,0.0336209661687547,L2,0.09416950...
GetData ===>> H2,1.8941601749147,H1,6.18024822984078,AX,0.0617728903428759,L1,-0.00370420957560053,L2,0.0858265...
GetData ===>> H2,1.757348265807,H1,5.94233180175328,AX,0.194222708597272,L1,0.01339790696342,L2,0.1254279222957...
GetData ===>> H2,1.63082991240548,H1,5.98384805851089,AX,0.117100725798027,L1,0.00405856188510055,L2,0.03357413...
GetData ===>> H2,1.49861521902917,H1,5.84637566900803,AX,0.214853038789604,L1,0.0234035153570626,L2,-0.08741055...
GetData ===>> H2,1.43307802281307,H1,5.8481659011471,AX,0.0608923494599727,L1,0.0156482430123749,L2,-0.07446335...
GetData ===>> H2,1.39160224535071,H1,5.980066465441,AX,0.0688406779936086,L1,0.0407454298717178,L2,-0.093417096...
GetData ===>> H2,1.33447144800185,H1,5.92713872385013,AX,0.10509142798804,L1,0.0282358745379063,L2,0.0359890122...
GetData ===>> H2,1.20516516721598,H1,5.88088603353223,AX,0.0688175040811044,L1,-0.0103052962427447,L2,0.0606652...
GetData ===>> H2,1.02012124851026,H1,5.89631764737815,AX,0.163157821127813,L1,-0.00739626643528837,L2,-0.051454...
Peak center failed to move to a baseline position
_do_sweep sm= 5.86608536664, em= 5.89608536664, stm= 0.001
calculated step values: start=5.86608536664, end=5.89608536664, width=0.001, nsteps=31.0
setting magnet DAC
current  : 5.866085
requested: 5.866085
Delta Dac: 0.000000
Checking detector protection. dv=0.00000
Checking detector "CDD". Protection Threshold: 0.1 (V)
SetMagnetDAC 5.86608536664 ===>> OK
GetData ===>> H2,1.02012124851026,H1,5.89631764737815,AX,0.163157821127813,L1,-0.00739626643528837,L2,-0.051454...
setting magnet DAC
current  : 5.866085
requested: 5.867120
Delta Dac: 0.001034
Checking detector protection. dv=0.00103
Checking detector "CDD". Protection Threshold: 0.1 (V)
SetMagnetDAC 5.86711984939 ===>> OK
Magnet settling time: 1.049
GetData ===>> H2,0.663696498846626,H1,11.6163574086735,AX,0.333544828721385,L1,0.0319529865297102,L2,0.07725636...
setting magnet DAC
current  : 5.867120
requested: 5.868154
Delta Dac: 0.001034
Checking detector protection. dv=0.00103
Checking detector "CDD". Protection Threshold: 0.1 (V)
SetMagnetDAC 5.86815433215 ===>> OK
Magnet settling time: 1.049
GetData ===>> H2,0.638790550263819,H1,34.893910158024,AX,1.09973961107395,L1,0.0220733419016507,L2,-0.033539589...
setting magnet DAC
current  : 5.868154
requested: 5.869189
Delta Dac: 0.001034
Checking detector protection. dv=0.00103
Checking detector "CDD". Protection Threshold: 0.1 (V)
SetMagnetDAC 5.86918881491 ===>> OK
Magnet settling time: 1.049
GetData ===>> H2,0.593008800891089,H1,124.319747834618,AX,3.25400098577156,L1,0.035577708810728,L2,-0.079492265...
setting magnet DAC
current  : 5.869189
requested: 5.870223
Delta Dac: 0.001034
Checking detector protection. dv=0.00103
Checking detector "CDD". Protection Threshold: 0.1 (V)
SetMagnetDAC 5.87022329767 ===>> OK
Magnet settling time: 1.049
GetData ===>> H2,0.574260354067707,H1,429.003553427068,AX,10.4139163075391,L1,0.0583964055473966,L2,-0.05976194...
setting magnet DAC
current  : 5.870223
requested: 5.871258
Delta Dac: 0.001034
Checking detector protection. dv=0.00103
Checking detector "CDD". Protection Threshold: 0.1 (V)
SetMagnetDAC 5.87125778043 ===>> OK
Magnet settling time: 1.049
GetData ===>> H2,0.585745243215775,H1,1175.35458123618,AX,30.5713704740462,L1,0.268283630170867,L2,-0.166738316...
setting magnet DAC
current  : 5.871258
requested: 5.872292
Delta Dac: 0.001034
Checking detector protection. dv=0.00103
Checking detector "CDD". Protection Threshold: 0.1 (V)
SetMagnetDAC 5.87229226319 ===>> OK
Magnet settling time: 1.049
GetData ===>> H2,0.504915172061265,H1,2342.77674079312,AX,67.3661562307209,L1,0.7083543139473,L2,0.024735296491...
setting magnet DAC
current  : 5.872292
requested: 5.873327
Delta Dac: 0.001034
Checking detector protection. dv=0.00103
Checking detector "CDD". Protection Threshold: 0.1 (V)
SetMagnetDAC 5.87332674595 ===>> OK
Magnet settling time: 1.049
GetData ===>> H2,0.482004882602482,H1,3519.7149506217,AX,111.304821971636,L1,1.48730198572726,L2,0.028767346090...
setting magnet DAC
current  : 5.873327
requested: 5.874361
Delta Dac: 0.001034
Checking detector protection. dv=0.00103
Checking detector "CDD". Protection Threshold: 0.1 (V)
SetMagnetDAC 5.8743612287 ===>> OK
Magnet settling time: 1.049
GetData ===>> H2,0.302427501049944,H1,4309.00420184516,AX,146.895349120784,L1,2.34957818542168,L2,0.21910468762...
setting magnet DAC
current  : 5.874361
requested: 5.875396
Delta Dac: 0.001034
Checking detector protection. dv=0.00103
Checking detector "CDD". Protection Threshold: 0.1 (V)
SetMagnetDAC 5.87539571146 ===>> OK
Magnet settling time: 1.049
GetData ===>> H2,0.348828908544382,H1,4680.10086097363,AX,167.50327684392,L1,3.07411747564305,L2,0.075296279071...
setting magnet DAC
current  : 5.875396
requested: 5.876430
Delta Dac: 0.001034
Checking detector protection. dv=0.00103
Checking detector "CDD". Protection Threshold: 0.1 (V)
SetMagnetDAC 5.87643019422 ===>> OK
Magnet settling time: 1.049
GetData ===>> H2,0.246136734636791,H1,4826.74513449203,AX,177.578115322256,L1,3.74990464163382,L2,0.15642282188...
setting magnet DAC
current  : 5.876430
requested: 5.877465
Delta Dac: 0.001034
Checking detector protection. dv=0.00103
Checking detector "CDD". Protection Threshold: 0.1 (V)
SetMagnetDAC 5.87746467698 ===>> OK
Magnet settling time: 1.049
GetData ===>> H2,0.219299256176328,H1,4844.83172872846,AX,179.038853046043,L1,4.01336937641357,L2,0.21383208012...
setting magnet DAC
current  : 5.877465
requested: 5.878499
Delta Dac: 0.001034
Checking detector protection. dv=0.00103
Checking detector "CDD". Protection Threshold: 0.1 (V)
SetMagnetDAC 5.87849915974 ===>> OK
Magnet settling time: 1.049
GetData ===>> H2,0.246837117942921,H1,4847.78884094654,AX,179.490678744895,L1,4.12992916135393,L2,0.23106613764...
setting magnet DAC
current  : 5.878499
requested: 5.879534
Delta Dac: 0.001034
Checking detector protection. dv=0.00103
Checking detector "CDD". Protection Threshold: 0.1 (V)
SetMagnetDAC 5.8795336425 ===>> OK
Magnet settling time: 1.049
GetData ===>> H2,0.15541510114377,H1,4846.32744293661,AX,179.475117105342,L1,4.1871569140748,L2,0.1592285951149...
setting magnet DAC
current  : 5.879534
requested: 5.880568
Delta Dac: 0.001034
Checking detector protection. dv=0.00103
Checking detector "CDD". Protection Threshold: 0.1 (V)
SetMagnetDAC 5.88056812526 ===>> OK
Magnet settling time: 1.049
GetData ===>> H2,0.101063503291134,H1,4845.84484930804,AX,179.265940995453,L1,4.2315327256438,L2,0.238485726692...
setting magnet DAC
current  : 5.880568
requested: 5.881603
Delta Dac: 0.001034
Checking detector protection. dv=0.00103
Checking detector "CDD". Protection Threshold: 0.1 (V)
SetMagnetDAC 5.88160260802 ===>> OK
Magnet settling time: 1.049
GetData ===>> H2,0.211231035719167,H1,4843.68978959674,AX,179.376961472042,L1,4.27132096534749,L2,0.21812318458...
setting magnet DAC
current  : 5.881603
requested: 5.882637
Delta Dac: 0.001034
Checking detector protection. dv=0.00103
Checking detector "CDD". Protection Threshold: 0.1 (V)
SetMagnetDAC 5.88263709077 ===>> OK
Magnet settling time: 1.049
GetData ===>> H2,0.0603023627614622,H1,4841.58139827467,AX,179.024604790311,L1,4.30086410787708,L2,0.1911928405...
setting magnet DAC
current  : 5.882637
requested: 5.883672
Delta Dac: 0.001034
Checking detector protection. dv=0.00103
Checking detector "CDD". Protection Threshold: 0.1 (V)
SetMagnetDAC 5.88367157353 ===>> OK
Magnet settling time: 1.049
GetData ===>> H2,0.0520425381633153,H1,4838.8408847503,AX,178.859810039884,L1,4.31000972582588,L2,0.17118256679...
setting magnet DAC
current  : 5.883672
requested: 5.884706
Delta Dac: 0.001034
Checking detector protection. dv=0.00103
Checking detector "CDD". Protection Threshold: 0.1 (V)
SetMagnetDAC 5.88470605629 ===>> OK
Magnet settling time: 1.049
GetData ===>> H2,0.00626988131861344,H1,4830.20410458392,AX,178.225904456681,L1,4.287285052497,L2,0.13915658072...
setting magnet DAC
current  : 5.884706
requested: 5.885741
Delta Dac: 0.001034
Checking detector protection. dv=0.00103
Checking detector "CDD". Protection Threshold: 0.1 (V)
SetMagnetDAC 5.88574053905 ===>> OK
Magnet settling time: 1.049
GetData ===>> H2,0.09275158453758,H1,4804.27270695091,AX,175.976464914975,L1,4.27334621020813,L2,0.195688311960...
setting magnet DAC
current  : 5.885741
requested: 5.886775
Delta Dac: 0.001034
Checking detector protection. dv=0.00103
Checking detector "CDD". Protection Threshold: 0.1 (V)
SetMagnetDAC 5.88677502181 ===>> OK
Magnet settling time: 1.049
GetData ===>> H2,-0.0466150347246541,H1,4709.90330666438,AX,169.664832510822,L1,4.09648933257795,L2,0.183571559...
setting magnet DAC
current  : 5.886775
requested: 5.887810
Delta Dac: 0.001034
Checking detector protection. dv=0.00103
Checking detector "CDD". Protection Threshold: 0.1 (V)
SetMagnetDAC 5.88780950457 ===>> OK
Magnet settling time: 1.049
GetData ===>> H2,-0.196654588146269,H1,4452.90837237885,AX,153.83379722961,L1,3.81063098011016,L2,0.08158694057...
setting magnet DAC
current  : 5.887810
requested: 5.888844
Delta Dac: 0.001034
Checking detector protection. dv=0.00103
Checking detector "CDD". Protection Threshold: 0.1 (V)
SetMagnetDAC 5.88884398733 ===>> OK
Magnet settling time: 1.049
GetData ===>> H2,-0.372109212808257,H1,3259.71598402745,AX,95.5835159607194,L1,2.67545127849771,L2,0.1713422673...
setting magnet DAC
current  : 5.888844
requested: 5.889878
Delta Dac: 0.001034
Checking detector protection. dv=0.00103
Checking detector "CDD". Protection Threshold: 0.1 (V)
SetMagnetDAC 5.88987847008 ===>> OK
Magnet settling time: 1.049
GetData ===>> H2,-0.368356566300397,H1,1987.18233672076,AX,50.3356628338036,L1,1.84311016273276,L2,-0.023886493...
setting magnet DAC
current  : 5.889878
requested: 5.890913
Delta Dac: 0.001034
Checking detector protection. dv=0.00103
Checking detector "CDD". Protection Threshold: 0.1 (V)
SetMagnetDAC 5.89091295284 ===>> OK
Magnet settling time: 1.049
GetData ===>> H2,-0.412933594234239,H1,953.303695978371,AX,20.7345449770301,L1,1.14719495281036,L2,0.0450339497...
setting magnet DAC
current  : 5.890913
requested: 5.891947
Delta Dac: 0.001034
Checking detector protection. dv=0.00103
Checking detector "CDD". Protection Threshold: 0.1 (V)
SetMagnetDAC 5.8919474356 ===>> OK
Magnet settling time: 1.049
GetData ===>> H2,-0.340543371374699,H1,358.262492486958,AX,6.50902864406871,L1,0.67376653293338,L2,0.0194506074...
setting magnet DAC
current  : 5.891947
requested: 5.892982
Delta Dac: 0.001034
Checking detector protection. dv=0.00103
Checking detector "CDD". Protection Threshold: 0.1 (V)
SetMagnetDAC 5.89298191836 ===>> OK
Magnet settling time: 1.049
GetData ===>> H2,-0.383621632233398,H1,108.619844725096,AX,1.4477468644809,L1,0.432280338635218,L2,-0.084930471...
setting magnet DAC
current  : 5.892982
requested: 5.894016
Delta Dac: 0.001034
Checking detector protection. dv=0.00103
Checking detector "CDD". Protection Threshold: 0.1 (V)
SetMagnetDAC 5.89401640112 ===>> OK
Magnet settling time: 1.049
GetData ===>> H2,-0.274857222972554,H1,28.0725456056821,AX,0.132357915208883,L1,0.236435568950668,L2,-0.0235905...
setting magnet DAC
current  : 5.894016
requested: 5.895051
Delta Dac: 0.001034
Checking detector protection. dv=0.00103
Checking detector "CDD". Protection Threshold: 0.1 (V)
SetMagnetDAC 5.89505088388 ===>> OK
Magnet settling time: 1.049
GetData ===>> H2,-0.214847856746487,H1,2.64205259857422,AX,-0.112728669745342,L1,0.150865593000857,L2,0.0019813...
setting magnet DAC
current  : 5.895051
requested: 5.896085
Delta Dac: 0.001034
Checking detector protection. dv=0.00103
Checking detector "CDD". Protection Threshold: 0.1 (V)
SetMagnetDAC 5.89608536664 ===>> OK
Magnet settling time: 1.049
GetData ===>> H2,-0.242320910258197,H1,0.250561224653834,AX,-0.207281819072682,L1,0.0840114167204817,L2,0.08578...
result of _do_sweep=True
result of _calculate_peak_center=([5.8733899758542378, 5.8809951862750793, 5.8886003966959208], [3567.9580812075146, 4847.7449111466431, 3540.6781195615704], 5.8785302564153605, 4847.7449111466431)
new center pos Detector(H1) (Ar40) @ 5.88099518628
GetHighVoltage ===>> 4499.94659342336
GetDeflection H1 ===>> 0
dac uncorrected for HV and deflection 5.88102981911
update mftable H1 Ar40 5.88102981911 message=automated run peakcenter
get initial guess parabolic
get initial guess parabolic
get initial guess parabolic
get initial guess parabolic
get initial guess parabolic
get initial guess parabolic
dump mftable to /Users/jan/PychronDev/setupfiles/spectrometer/mftables/mftable.csv
add to repo msg=modified - automated run peakcenter
sweep finished
locally archiving mftable
setting magnet DAC
current  : 5.896085
requested: 5.880995
Delta Dac: 0.015090
Checking detector protection. dv=0.01509
Checking detector "CDD". Protection Threshold: 0.1 (V)
SetMagnetDAC 5.88099518628 ===>> OK
Magnet settling time: 0.500
setting integration time = 1.048576
SetIntegrationTime 1.048576 ===>> OK
flush and close file /Users/jan/PychronDev/data/isotopes/6a/37fd0c-3626-44a7-b4d2-b68f8f01c5b0.h5
finished measure script
executed snippet estimated_duration=226.132928, duration=278.018785
jan_unknown120_60.py completed successfully
Measurement Finished
08:19:17 -- ******* Measurement Finished *******
Post Measurement Started jan_pump_ms.py
08:19:17 -- ******* Post Measurement Started jan_pump_ms.py *******
testing...
no interpolation path defined
executed snippet estimated_duration=0, duration=4.10079956055e-05
Pumping spectrometer
open () {'name': 'O'}
opening name=O desc=---
checking ownership. requestor=129.138.12.150
check software interlocks O
interlocks []
actuate state mode=None-script, software_lock=False
doing actuation None-script open_channel True
Open O ===>> OK
GetIndicatorState O ===>> OK
change switch state (True, True)
update switch state O True args=() kw={} ncanvase=8
08:19:17 -- OPEN   VALVE-O (Jan Ion Pump)
---------------------------------------- open O () result=[(True, True)], time=0.11 sec
action=open, ok=True, locked=[False]
executed snippet estimated_duration=0, duration=0.366466999054
jan_pump_ms.py completed successfully
setting _ms_pumptime
Post Measurement Finished
08:19:18 -- ******* Post Measurement Finished *******
$$$$$$$$$$$$$$$$$$$$ state at run end measurement
state changed from measurement to success
post measurement save measured=True aborted=False
Set filtering
setting fod for Ar40= {'filter_outliers': True, 'std_devs': 2, 'iterations': 1}
setting fod for H1= {'filter_outliers': True, 'std_devs': 2, 'iterations': 1}
setting fod for PM41= {'filter_outliers': False, 'std_devs': 2, 'iterations': 1}
setting fod for H2= {'filter_outliers': True, 'std_devs': 2, 'iterations': 1}
setting fod for Ar36= {'filter_outliers': True, 'std_devs': 2, 'iterations': 1}
setting fod for CDD= {'filter_outliers': True, 'std_devs': 10, 'iterations': 1}
setting fod for Ar37= {'filter_outliers': True, 'std_devs': 2, 'iterations': 1}
setting fod for L2= {'filter_outliers': True, 'std_devs': 2, 'iterations': 1}
setting fod for Ar38= {'filter_outliers': True, 'std_devs': 2, 'iterations': 1}
setting fod for L1= {'filter_outliers': True, 'std_devs': 2, 'iterations': 1}
setting fod for Ar39= {'filter_outliers': True, 'std_devs': 2, 'iterations': 1}
setting fod for AX= {'filter_outliers': True, 'std_devs': 2, 'iterations': 1}
persistence save...
persistence save - db
post measurement save
8620742608 connecting to database sqlite:////Users/jan/PychronDev/.appdata/local_lab.db
connected to db sqlite:////Users/jan/PychronDev/.appdata/local_lab.db
create new session 8620742608
close session 8620742608
No database instance. Not saving post measurement to isotopedb database
$$$$$$$$$$$$$$$ auto_save_detector_ic=False
massspec enabled True
create new session 6484677072
MassSpec Database Version: 16.0
close session 6484677072
saving post measurement to secondary database
saving to massspec database 129.138.12.160/massspecdata
setting labnumber to 65473
setting aliquot to 2
setting step to I
setting uuid to 6a37fd0c-3626-44a7-b4d2-b68f8f01c5b0
setting irradpos to 65473
setting extract_device to Fusions CO2
setting tray to 
setting position to 90
setting power_requested to 2.0
setting extract_value to 2.0
setting duration to 30.0
setting duration_at_request to 30.0
setting first_stage_delay to 30.0
setting cleanup to 30.0
setting comment to P:5
setting irradiation to NM-288
setting level to P
setting irradiation_level to P
setting sample to DAMP
setting material to Kspar
setting project to IR989
setting mass_spectrometer to Jan
no attribute chron_dosages
no attribute production_ratios
no attribute interference_corrections
no attribute production_name
no attribute j
Reference Isotope=Ar40
Reference Detector=H1
%%%%%%%%%%%%%%%%%%%% Comment: P:5 %%%%%%%%%%%%%%%%%%%
adding isotope PM41 H2
add baseline dbdet= PM41. original det= H2
get baseline data PM41 H2
Get data baseline <pychron.processing.isotope.Baseline object at 0x23ab3af50> len t=60
baseline PM41. v=-0.164977682177, e=0.00891726529988
get signal data PM41 H2
Get data signal PM41 3.68+/-0.27 len t=120
adding isotope Ar40 H1
add baseline dbdet= Ar40. original det= H1
get baseline data Ar40 H1
Get data baseline <pychron.processing.isotope.Baseline object at 0x229a22690> len t=60
baseline Ar40. v=0.0971486237236, e=0.0151017569708
get signal data Ar40 H1
Get data signal Ar40 5112.323+/-0.012 len t=120
adding isotope Ar39 AX
add baseline dbdet= Ar39. original det= AX
get baseline data Ar39 AX
Get data baseline <pychron.processing.isotope.Baseline object at 0x229a22290> len t=60
baseline Ar39. v=-0.0867606410112, e=0.00711607439718
get signal data Ar39 AX
Get data signal Ar39 198.11+/-0.05 len t=120
adding isotope Ar38 L1
add baseline dbdet= Ar38. original det= L1
get baseline data Ar38 L1
Get data baseline <pychron.processing.isotope.Baseline object at 0x229a22a90> len t=60
baseline Ar38. v=-0.0208901708334, e=0.00385514260126
get signal data Ar38 L1
Get data signal Ar38 4.946+/-0.008 len t=120
adding isotope Ar37 L2
add baseline dbdet= Ar37. original det= L2
get baseline data Ar37 L2
Get data baseline <pychron.processing.isotope.Baseline object at 0x21e8211d0> len t=60
baseline Ar37. v=-0.0220060629952, e=0.0059700141401
get signal data Ar37 L2
Get data signal Ar37 0.310+/-0.012 len t=120
adding isotope Ar36 CDD
add baseline dbdet= Ar36. original det= CDD
get baseline data Ar36 CDD
Get data baseline <pychron.processing.isotope.Baseline object at 0x21e821510> len t=60
baseline Ar36. v=0.00105942558056, e=4.8913427836e-05
get signal data Ar36 CDD
Get data signal Ar36 11.533+/-0.008 len t=120
65473-02I added analysis time 0.529596090317s
analysis added to mass spec database
mass spec save time= 0.543
persistence save - dvc
================= post measurement started
create new session 4992585168
close session 4992585168
---------------- Experiment Queue saving disabled
DVC saving peakcenter
Smart pull ahead: 0 behind: 0
Up-to-date with origin
add to repo msg=modified - ad8224ebc6dbfeb9f5997218dfa5fe690569839d.json
add to repo msg=modified - 73-02I.json
add to repo msg=modified - 73-02I.dat.json
add to repo msg=modified - 73-02I.blan.json
add to repo msg=modified - 73-02I.inte.json
add to repo msg=modified - 73-02I.icfa.json
add to repo msg=modified - 73-02I.base.json
not at valid file /Users/jan/PychronDev/data/.dvc/repositories/Load1795/654/tags/73-02I.tags.json
add to repo msg=modified - 73-02I.peak.json
add to repo msg=modified - 73-02I.extr.json
not at valid file /Users/jan/PychronDev/data/.dvc/repositories/Load1795/654/monitor/73-02I.moni.json
commit message=<COLLECTION>
add to repo msg=modified - 73-02I.inte.json
add to repo msg=modified - 73-02I.base.json
commit message=<ISOEVO> default collection fits
add to repo msg=modified - 73-02I.blan.json
commit message=<BLANKS> preceding bu-FC-J-7821
add to repo msg=modified - 73-02I.icfa.json
commit message=<ICFactor> default
push repository <pychron.git_archive.repo_manager.GitRepoManager object at 0x23f623ad0>
pushing to remote=origin, url=https://github.com
no changes to meta repo
create new session 4992585168
add association Load1795
get identifier "65473"
setting analysis irradiation position=<pychron.dvc.dvc_orm.IrradiationPositionTbl object at 0x22f46e310>
close session 4992585168
================= post measurement finished
08:19:30 -- ******* Post Run Check *******
loading queue conditionals post_run_actions
loading system conditionals post_run_actions
loading conditionals from /Users/jan/PychronDev/setupfiles/spectrometer/default_conditionals.yaml
loading queue conditionals post_run_terminations
loading system conditionals post_run_terminations
loading conditionals from /Users/jan/PychronDev/setupfiles/spectrometer/default_conditionals.yaml
Checking default post run terminations n=1
GetDeflection CDD ===>> 50
testing CDD==2000
evaluate ot="CDD.deflection==2000" t="CDD==2000", ctx="{'CDD': 50.0}"
08:19:30 -- ******* Post Run Check Passed *******
08:19:30 -- Automated run 65473-02I success duration: 367.615 s
----------------- finish -----------------
----------------- stop -----------------
retroactive repository identifiers disabled
finish run. runs completed=157
update duration runid=65473-02I, duration=367.615143061, md5=3be28e4d
loading script "jan_unknown120_60.py"
loading script "jan_pump_ms.py"
loading script "jan_co2.py"
loading script "jan_pump_extraction_line.py"
testing...
no interpolation path defined
executed snippet estimated_duration=213.652928, duration=0.000211954116821
script duration name:unknown120_60 seconds:214.0
loading script "jan_unknown120_60.py"
loading script "jan_pump_ms.py"
loading script "jan_co2.py"
loading script "jan_pump_extraction_line.py"
testing...
no interpolation path defined
executed snippet estimated_duration=0, duration=2.47955322266e-05
loading script "jan_unknown120_60.py"
loading script "jan_pump_ms.py"
loading script "jan_co2.py"
loading script "jan_pump_extraction_line.py"
testing...
no interpolation path defined
calculate duration
testing...
no interpolation path defined
executed snippet estimated_duration=0, duration=4.88758087158e-05
calculate duration
testing...
no interpolation path defined
executed snippet estimated_duration=0, duration=9.29832458496e-05
executed snippet estimated_duration=0.0, duration=0.00243997573853
script duration name:co2 seconds:0.0
loading script "jan_unknown120_60.py"
loading script "jan_pump_ms.py"
loading script "jan_co2.py"
loading script "jan_pump_extraction_line.py"
testing...
no interpolation path defined
calculate duration
testing...
no interpolation path defined
executed snippet estimated_duration=4.0, duration=0.000211000442505
executed snippet estimated_duration=4.0, duration=0.00741600990295
Script duration 214.0
Run total estimated duration= 215.000
loading script "jan_unknown400_120.py"
loading script "jan_pump_ms.py"
loading script "jan_cocktail_x1.py"
loading script "jan_pump_extraction_line.py"
testing...
no interpolation path defined
executed snippet estimated_duration=556.052928, duration=0.000120878219604
script duration name:unknown400_120 seconds:556.0
pump_ms in script context. using previous estimated duration
loading script "jan_unknown400_120.py"
loading script "jan_pump_ms.py"
loading script "jan_cocktail_x1.py"
loading script "jan_pump_extraction_line.py"
testing...
no interpolation path defined
calculate duration
testing...
no interpolation path defined
executed snippet estimated_duration=0, duration=6.29425048828e-05
calculate duration
testing...
no interpolation path defined
executed snippet estimated_duration=0, duration=0.000113964080811
calculate duration
testing...
no interpolation path defined
executed snippet estimated_duration=32.0, duration=0.00012993812561
calculate duration
testing...
no interpolation path defined
executed snippet estimated_duration=34.0, duration=0.000111103057861
calculate duration
testing...
no interpolation path defined
executed snippet estimated_duration=4.0, duration=7.41481781006e-05
calculate duration
testing...
no interpolation path defined
executed snippet estimated_duration=38.0, duration=7.70092010498e-05
executed snippet estimated_duration=108.0, duration=0.00778818130493
script duration name:cocktail_x1 seconds:108.0
pump_extraction_line in script context. using previous estimated duration
Script duration 664.0
Run total estimated duration= 665.000
unknown400_120 in script context. using previous estimated duration
script duration name:unknown400_120 seconds:556.0
cocktail_x1 in script context. using previous estimated duration
script duration name:cocktail_x1 seconds:108.0
Script duration 664.0
Run total estimated duration= 665.000
loading script "jan_ic_peak_hop3.py"
loading script "jan_pump_ms.py"
loading script "jan_air_x1.py"
loading script "jan_pump_extraction_line.py"
testing...
no interpolation path defined
executed snippet estimated_duration=133.8, duration=0.00667715072632
script duration name:ic_peak_hop3 seconds:134.0
loading script "jan_ic_peak_hop3.py"
loading script "jan_pump_ms.py"
loading script "jan_air_x1.py"
loading script "jan_pump_extraction_line.py"
testing...
no interpolation path defined
calculate duration
testing...
no interpolation path defined
executed snippet estimated_duration=0, duration=4.41074371338e-05
calculate duration
testing...
no interpolation path defined
executed snippet estimated_duration=0, duration=9.89437103271e-05
calculate duration
testing...
no interpolation path defined
executed snippet estimated_duration=32.0, duration=8.9168548584e-05
calculate duration
testing...
no interpolation path defined
executed snippet estimated_duration=34.0, duration=9.60826873779e-05
calculate duration
testing...
no interpolation path defined
executed snippet estimated_duration=4.0, duration=6.19888305664e-05
calculate duration
testing...
no interpolation path defined
executed snippet estimated_duration=36.0, duration=8.70227813721e-05
executed snippet estimated_duration=106.0, duration=0.00671792030334
script duration name:air_x1 seconds:106.0
Script duration 240.0
Run total estimated duration= 241.000
unknown120_60 in script context. using previous estimated duration
script duration name:unknown120_60 seconds:214.0
co2 in script context. using previous estimated duration
script duration name:co2 seconds:0.0
Script duration 214.0
Run total estimated duration= 215.000
script duration name:unknown120_60 seconds:214.0
script duration name:co2 seconds:0.0
Script duration 214.0
Run total estimated duration= 215.000
script duration name:unknown120_60 seconds:214.0
script duration name:co2 seconds:0.0
Script duration 214.0
Run total estimated duration= 215.000
script duration name:unknown120_60 seconds:214.0
script duration name:co2 seconds:0.0
Script duration 214.0
Run total estimated duration= 215.000
script duration name:unknown120_60 seconds:214.0
script duration name:co2 seconds:0.0
Script duration 214.0
Run total estimated duration= 215.000
script duration name:unknown120_60 seconds:214.0
script duration name:co2 seconds:0.0
Script duration 214.0
Run total estimated duration= 215.000
script duration name:unknown120_60 seconds:214.0
script duration name:co2 seconds:0.0
Script duration 214.0
Run total estimated duration= 215.000
script duration name:unknown120_60 seconds:214.0
script duration name:co2 seconds:0.0
Script duration 214.0
Run total estimated duration= 215.000
script duration name:unknown120_60 seconds:214.0
script duration name:co2 seconds:0.0
Script duration 214.0
Run total estimated duration= 215.000
script duration name:unknown400_120 seconds:556.0
loading script "jan_unknown400_120.py"
loading script "jan_pump_ms.py"
loading script "jan_sniffair_x2.py"
loading script "jan_pump_extraction_line.py"
testing...
no interpolation path defined
calculate duration
testing...
no interpolation path defined
executed snippet estimated_duration=0, duration=4.6968460083e-05
calculate duration
testing...
no interpolation path defined
executed snippet estimated_duration=0, duration=0.000113010406494
calculate duration
testing...
no interpolation path defined
executed snippet estimated_duration=32.0, duration=0.00011682510376
calculate duration
testing...
no interpolation path defined
executed snippet estimated_duration=34.0, duration=0.000140905380249
calculate duration
testing...
no interpolation path defined
executed snippet estimated_duration=4.0, duration=7.70092010498e-05
calculate duration
testing...
no interpolation path defined
executed snippet estimated_duration=36.0, duration=0.000141143798828
calculate duration
testing...
no interpolation path defined
executed snippet estimated_duration=34.0, duration=0.000120878219604
calculate duration
testing...
no interpolation path defined
executed snippet estimated_duration=4.0, duration=6.19888305664e-05
calculate duration
testing...
no interpolation path defined
executed snippet estimated_duration=36.0, duration=0.000112056732178
calculate duration
testing...
no interpolation path defined
executed snippet estimated_duration=70.0, duration=9.20295715332e-05
executed snippet estimated_duration=250.0, duration=0.013965845108
script duration name:sniffair_x2 seconds:250.0
Script duration 806.0
Run total estimated duration= 807.000
script duration name:unknown400_120 seconds:556.0
sniffair_x2 in script context. using previous estimated duration
script duration name:sniffair_x2 seconds:250.0
Script duration 806.0
Run total estimated duration= 807.000
script duration name:unknown400_120 seconds:556.0
script duration name:cocktail_x1 seconds:108.0
Script duration 664.0
Run total estimated duration= 665.000
script duration name:unknown120_60 seconds:214.0
script duration name:co2 seconds:0.0
Script duration 214.0
Run total estimated duration= 215.000
script duration name:unknown120_60 seconds:214.0
script duration name:co2 seconds:0.0
Script duration 214.0
Run total estimated duration= 215.000
script duration name:unknown120_60 seconds:214.0
script duration name:co2 seconds:0.0
Script duration 214.0
Run total estimated duration= 215.000
script duration name:unknown120_60 seconds:214.0
script duration name:co2 seconds:0.0
Script duration 214.0
Run total estimated duration= 215.000
script duration name:unknown120_60 seconds:214.0
script duration name:co2 seconds:0.0
Script duration 214.0
Run total estimated duration= 215.000
script duration name:unknown120_60 seconds:214.0
script duration name:co2 seconds:0.0
Script duration 214.0
Run total estimated duration= 215.000
script duration name:unknown120_60 seconds:214.0
script duration name:co2 seconds:0.0
Script duration 214.0
Run total estimated duration= 215.000
script duration name:unknown120_60 seconds:214.0
script duration name:co2 seconds:0.0
Script duration 214.0
Run total estimated duration= 215.000
script duration name:unknown400_120 seconds:556.0
script duration name:cocktail_x1 seconds:108.0
Script duration 664.0
Run total estimated duration= 665.000
ic_peak_hop3 in script context. using previous estimated duration
script duration name:ic_peak_hop3 seconds:134.0
air_x1 in script context. using previous estimated duration
script duration name:air_x1 seconds:106.0
Script duration 240.0
Run total estimated duration= 241.000
script duration name:unknown120_60 seconds:214.0
script duration name:co2 seconds:0.0
Script duration 214.0
Run total estimated duration= 215.000
script duration name:unknown120_60 seconds:214.0
script duration name:co2 seconds:0.0
Script duration 214.0
Run total estimated duration= 215.000
script duration name:unknown120_60 seconds:214.0
script duration name:co2 seconds:0.0
Script duration 214.0
Run total estimated duration= 215.000
script duration name:unknown120_60 seconds:214.0
script duration name:co2 seconds:0.0
Script duration 214.0
Run total estimated duration= 215.000
script duration name:unknown120_60 seconds:214.0
script duration name:co2 seconds:0.0
Script duration 214.0
Run total estimated duration= 215.000
script duration name:unknown120_60 seconds:214.0
script duration name:co2 seconds:0.0
Script duration 214.0
Run total estimated duration= 215.000
script duration name:unknown120_60 seconds:214.0
script duration name:co2 seconds:0.0
Script duration 214.0
Run total estimated duration= 215.000
script duration name:unknown120_60 seconds:214.0
script duration name:co2 seconds:0.0
Script duration 214.0
Run total estimated duration= 215.000
script duration name:unknown120_60 seconds:214.0
script duration name:co2 seconds:0.0
Script duration 214.0
Run total estimated duration= 215.000
script duration name:unknown120_60 seconds:214.0
script duration name:co2 seconds:0.0
Script duration 214.0
Run total estimated duration= 215.000
script duration name:unknown120_60 seconds:214.0
script duration name:co2 seconds:0.0
Script duration 214.0
Run total estimated duration= 215.000
nruns=37 before=0.0, run_dur=10991.0, btw=1620.0
write rem/ex queues
/Users/jan/PychronDev/experiments/rem/CurrentExperiment.rem.txt
/Users/jan/PychronDev/experiments/rem/CurrentExperiment.ex.txt
doing event level: 3
