do run
loading script "jan_unknown120_60.py"
loading script "jan_pump_ms.py"
loading script "jan_co2.py"
loading script "jan_pump_extraction_line.py"
testing...
no interpolation path defined
executed snippet estimated_duration=213.652928, duration=0.000185966491699
script duration name:unknown120_60 seconds:214.0
loading script "jan_unknown120_60.py"
loading script "jan_pump_ms.py"
loading script "jan_co2.py"
loading script "jan_pump_extraction_line.py"
testing...
no interpolation path defined
executed snippet estimated_duration=0, duration=1.78813934326e-05
loading script "jan_unknown120_60.py"
loading script "jan_pump_ms.py"
loading script "jan_co2.py"
loading script "jan_pump_extraction_line.py"
testing...
no interpolation path defined
calculate duration
testing...
no interpolation path defined
executed snippet estimated_duration=0, duration=4.00543212891e-05
calculate duration
testing...
no interpolation path defined
executed snippet estimated_duration=0, duration=6.98566436768e-05
executed snippet estimated_duration=0.0, duration=0.0018618106842
script duration name:co2 seconds:0.0
loading script "jan_unknown120_60.py"
loading script "jan_pump_ms.py"
loading script "jan_co2.py"
loading script "jan_pump_extraction_line.py"
testing...
no interpolation path defined
calculate duration
testing...
no interpolation path defined
executed snippet estimated_duration=4.0, duration=0.000177145004272
executed snippet estimated_duration=4.0, duration=0.00109314918518
Script duration 214.0
Run total estimated duration= 215.000
run duration: 0:03:35
doing event level: 2
08:06:29 -- Setting default integration. t=1.048576
setting integration time = 1.048576
SetIntegrationTime 1.048576 ===>> OK
----------------- start -----------------
**************** Experiment Type: Ar/Ar, Ar/Ar
create new session 4419438256
close session 4419438256
$$$$$ Clearing conditionals
adding conditionals 
Add queue conditionals
add default conditionals
adding default conditionals from /Users/jan/PychronDev/setupfiles/spectrometer/default_conditionals.yaml
Start automated run 65473-02H
loading script "jan_unknown120_60.py"
loading script "jan_pump_ms.py"
loading script "jan_co2.py"
loading script "jan_pump_extraction_line.py"
%%%%%%%%%%%%%%%%%% setting automated run 65473-02H
No value "sensitivity_multiplier" in metadata
$$$$$$$$$$$$$$$ auto_save_detector_ic=False
============================= Pre Extraction Check =============================
loading queue conditionals pre_run_terminations
loading system conditionals pre_run_terminations
loading conditionals from /Users/jan/PychronDev/setupfiles/spectrometer/default_conditionals.yaml
08:06:29 -- ******* Pre Extraction Check *******
Get a measurement from the spectrometer
GetData ===>> H2,-0.206764224909595,H1,0.0725879515363072,AX,-0.0709936739353874,L1,-0.0245379546151414,L2,0.05...
Pre Extraction Termination data. keys=H2,H1,AX,L1,L2,CDD, signals=-0.20676,0.07259,-0.07099,-0.02454,0.05307,0.00461
08:06:29 -- testing system defined conditionals
Checking default pre extraction terminations n=2
testing CDD
evaluate ot="CDD.inactive" t="CDD", ctx="{'CDD': False}"
GetDeflection CDD ===>> 50
testing CDD==2000
evaluate ot="CDD.deflection==2000" t="CDD==2000", ctx="{'CDD': 50.0}"
08:06:29 -- ******* Pre Extraction Check Passed *******
=================================================================================
08:06:29 -- stopping status monitor
stop 6901184944
Alive clients [5025639504, 5288834736, 4992986192]
08:06:29 -- starting status monitor
start 6901184944
Monitor already running
start extraction
do extraction
Analysis started at 08:06:29.212829
Extraction Started jan_co2.py
08:06:29 -- ******* Extraction Started jan_co2.py *******
state changed from not run to extraction
DO EXTRACTION <pychron.extraction_line.pyscript_runner.RemotePyScriptRunner object at 0x12bfe48f0>
testing...
no interpolation path defined
calculate duration
testing...
no interpolation path defined
executed snippet estimated_duration=0, duration=4.00543212891e-05
calculate duration
testing...
no interpolation path defined
executed snippet estimated_duration=0, duration=7.29560852051e-05
executed snippet estimated_duration=100.0, duration=0.00188207626343
Jan CO2 laser analysis
doing GOSUB
testing...
no interpolation path defined
executed snippet estimated_duration=0, duration=4.29153442383e-05
Waiting for CO2 access
wait ('FelixCO2Flag', 0) {}
waiting for FelixCO2Flag = 0
Read FelixCO2Flag ===>> 0
finished waiting
CO2 free
wait ('CO2PumpTimeFlag', 0) {}
waiting for CO2PumpTimeFlag = 0
Read CO2PumpTimeFlag ===>> 0
finished waiting
acquire ('JanCO2Flag',) {'clear': True}
acquire JanCO2Flag
Set JanCO2Flag 1 ===>> OK
JanCO2Flag acquired
set extraction state False (0.75, 'red', 1.5)
CO2 acquired
executed snippet estimated_duration=0, duration=0.0176908969879
WaitForCO2Access.py completed successfully
gosub finished
doing GOSUB
testing...
no interpolation path defined
executed snippet estimated_duration=0, duration=9.29832458496e-05
Prepare for CO2 analysis
close () {'description': 'Jan Inlet'}
closing name=--- desc=Jan Inlet
checking ownership. requestor=129.138.12.150
check software interlocks R
interlocks []
actuate state mode=None-script, software_lock=False
doing actuation None-script close_channel False
Close R ===>> OK
GetIndicatorState R ===>> False
change switch state (True, True)
update switch state R False args=() kw={} ncanvase=8
08:06:29 -- CLOSE  VALVE-R (Jan Inlet)
---------------------------------------- close None (Jan Inlet) result=[(True, True)]
action=close, ok=True, locked=[False]
open () {'description': 'Jan Ion Pump'}
opening name=--- desc=Jan Ion Pump
checking ownership. requestor=129.138.12.150
check software interlocks O
interlocks []
actuate state mode=None-script, software_lock=False
doing actuation None-script open_channel False
Open O ===>> OK
GetIndicatorState O ===>> OK
change switch state (True, True)
update switch state O True args=() kw={} ncanvase=8
08:06:30 -- OPEN   VALVE-O (Jan Ion Pump)
---------------------------------------- open None (Jan Ion Pump) result=[(True, True)], time=0.10 sec
action=open, ok=True, locked=[False]
close () {'description': 'Microbone to Minibone'}
closing name=--- desc=Microbone to Minibone
checking ownership. requestor=129.138.12.150
check software interlocks L
interlocks []
actuate state mode=None-script, software_lock=False
doing actuation None-script close_channel False
Close L ===>> OK
GetIndicatorState L ===>> False
change switch state (True, True)
update switch state L False args=() kw={} ncanvase=8
08:06:30 -- CLOSE  VALVE-L (Microbone to Minibone)
---------------------------------------- close None (Microbone to Minibone) result=[(True, True)]
action=close, ok=True, locked=[False]
open () {'description': 'Microbone to Turbo'}
opening name=--- desc=Microbone to Turbo
checking ownership. requestor=129.138.12.150
check software interlocks U
interlocks []
actuate state mode=None-script, software_lock=False
doing actuation None-script open_channel False
Open U ===>> OK
GetIndicatorState U ===>> OK
change switch state (True, True)
update switch state U True args=() kw={} ncanvase=8
08:06:31 -- OPEN   VALVE-U (Microbone to Turbo)
---------------------------------------- open None (Microbone to Turbo) result=[(True, True)], time=0.16 sec
action=open, ok=True, locked=[False]
open () {'description': 'Microbone to Inlet Pipette'}
opening name=--- desc=Microbone to Inlet Pipette
checking ownership. requestor=129.138.12.150
check software interlocks S
interlocks []
actuate state mode=None-script, software_lock=False
doing actuation None-script open_channel False
Open S ===>> OK
GetIndicatorState S ===>> OK
change switch state (True, True)
update switch state S True args=() kw={} ncanvase=8
08:06:31 -- OPEN   VALVE-S (Microbone to Inlet Pipette)
---------------------------------------- open None (Microbone to Inlet Pipette) result=[(True, True)], time=0.44 sec
action=open, ok=True, locked=[False]
open () {'description': 'Microbone to Getter D-50'}
opening name=--- desc=Microbone to Getter D-50
checking ownership. requestor=129.138.12.150
check software interlocks K
interlocks []
actuate state mode=None-script, software_lock=False
doing actuation None-script open_channel False
Open K ===>> OK
GetIndicatorState K ===>> OK
change switch state (True, True)
update switch state K True args=() kw={} ncanvase=8
08:06:32 -- OPEN   VALVE-K (Microbone to Getter D-50)
---------------------------------------- open None (Microbone to Getter D-50) result=[(True, True)], time=0.44 sec
action=open, ok=True, locked=[False]
open () {'description': 'Microbone to Getter NP-10'}
opening name=--- desc=Microbone to Getter NP-10
checking ownership. requestor=129.138.12.150
check software interlocks M
interlocks []
actuate state mode=None-script, software_lock=False
doing actuation None-script open_channel False
Open M ===>> OK
GetIndicatorState M ===>> OK
change switch state (True, True)
update switch state M True args=() kw={} ncanvase=8
08:06:32 -- OPEN   VALVE-M (Microbone to Getter NP-10)
---------------------------------------- open None (Microbone to Getter NP-10) result=[(True, True)], time=0.17 sec
action=open, ok=True, locked=[False]
close () {'description': 'CO2 Laser to Felix'}
closing name=--- desc=CO2 Laser to Felix
checking ownership. requestor=129.138.12.150
check software interlocks F
interlocks []
actuate state mode=None-script, software_lock=True
VALVE-F(CO2 Laser to Felix) software locked
change switch state (True, False)
---------------------------------------- close None (CO2 Laser to Felix) result=[(True, False)]
action=close, ok=True, locked=[True]
open () {'description': 'CO2 Laser to Jan'}
opening name=--- desc=CO2 Laser to Jan
checking ownership. requestor=129.138.12.150
check software interlocks A
interlocks []
actuate state mode=None-script, software_lock=False
doing actuation None-script open_channel False
Open A ===>> OK
GetIndicatorState A ===>> OK
change switch state (True, True)
update switch state A True args=() kw={} ncanvase=8
08:06:33 -- OPEN   VALVE-A (CO2 Laser to Jan)
---------------------------------------- open None (CO2 Laser to Jan) result=[(True, True)], time=0.15 sec
action=open, ok=True, locked=[False]
open () {'description': 'Microbone to CO2 Laser'}
opening name=--- desc=Microbone to CO2 Laser
checking ownership. requestor=129.138.12.150
check software interlocks T
interlocks []
actuate state mode=None-script, software_lock=False
doing actuation None-script open_channel False
Open T ===>> OK
GetIndicatorState T ===>> OK
change switch state (True, True)
update switch state T True args=() kw={} ncanvase=8
08:06:34 -- OPEN   VALVE-T (Microbone to CO2 Laser)
---------------------------------------- open None (Microbone to CO2 Laser) result=[(True, True)], time=0.43 sec
action=open, ok=True, locked=[False]
executed snippet estimated_duration=0, duration=5.09932804108
PrepareForCO2Analysis.py completed successfully
gosub finished
set_motor ('beam', '1.25') {}
setting motor "beam" to 1.25
set motor beam to 1.25
SetMotor beam,1.25 ===>> OK
GetMotorMoving beam ===>> False
GetMotorMoving beam ===>> False
Block completed
move_to_position ('90',) {'autocenter': True}
FusionsCO2 move to position 90
sending GoToHole 90,True
GoToHole 90,True ===>> OK
GetDriveMoving ===>> False
GetDriveMoving ===>> OK
GetDriveMoving ===>> OK
GetDriveMoving ===>> OK
GetDriveMoving ===>> OK
GetDriveMoving ===>> False
Block completed
GetAutoCorrecting ===>> False
GetAutoCorrecting ===>> False
Block completed
update position
GetPosition ===>> -7.97560,1.99390,1.00000
got position (-7.9756, 1.9939, 1.0)
move to position succeeded
sleep (5,) {}
SLEEP 5.0
block started
WaitControl setup for 5.0  
Join finished
block finished. duration 5.02830600739
close () {'description': 'Microbone to Turbo'}
closing name=--- desc=Microbone to Turbo
checking ownership. requestor=129.138.12.150
check software interlocks U
interlocks []
actuate state mode=None-script, software_lock=False
doing actuation None-script close_channel True
Close U ===>> OK
GetIndicatorState U ===>> False
change switch state (True, True)
update switch state U False args=() kw={} ncanvase=8
08:06:43 -- CLOSE  VALVE-U (Microbone to Turbo)
---------------------------------------- close None (Microbone to Turbo) result=[(True, True)]
action=close, ok=True, locked=[False]
enable laser
enable () {}
set extraction state FusionsCO2 Enabled (False, 'red', 1.5)
enabling laser
Enable ===>> OK
begin interval
BEGIN INTERVAL Interval 1 waiting for 30.0
set extract to 1.7
block started
extract (1.7,) {}
WaitControl setup for 30.0  
GetPosition ===>> -7.97560,1.99390,1.00000
set extraction state FusionsCO2 ON! 1.7(watts) (0.75, 'red', 1.5)
extract sample to 1.7 (watts)
set laser output
SetLaserOutput 1.7,watts ===>> OK
COMPLETE INTERVAL waiting for Interval 1 to complete
Join finished
block finished. duration 30.1527719498
Interval 1 finished
end_extract () {}
ending extraction. set laser power to 0
set laser power 0
SetLaserPower 0 ===>> OK
disable () {}
%%%%%%%%%%%%%%%%%%%%%%%%%%%%%%%%%%% disable
set extraction state False (0.75, 'red', 1.5)
disabling laser
Disable ===>> OK
sleep (30.0,) {}
SLEEP 30.0
block started
WaitControl setup for 30.0  
Join finished
block finished. duration 30.1740689278
executed snippet estimated_duration=195.0, duration=75.6642520428
jan_co2.py completed successfully
GetAchievedOutput ===>> No Response
Requested Output= 0.000
Achieved Output=  0.000
GetResponseBlob ===>> No Response
GetOutputBlob ===>> No Response
persistence save...
persistence save - db
AutomatedRunPersister post_extraction_save deprecated
persistence save - dvc
no extraction position for 90
create new session 4992585168
close session 4992585168
Extraction Finished
08:07:44 -- ******* Extraction Finished *******
no overlap. not waiting for min ms pumptime
08:07:44 -- Sending spectrometer configuration
======== Sending configuration ========
SetDeflection CDD,50.0 ===>> OK
SetDeflection H2,0.0 ===>> OK
SetDeflection H1,0.0 ===>> OK
SetDeflection L2,825.0 ===>> OK
SetDeflection L1,400.0 ===>> OK
SetDeflection AX,190.0 ===>> OK
SetZFocus 74.64 ===>> OK
SetZSymmetry -50.72 ===>> OK
SetExtractionLens 26.13 ===>> OK
SetIonRepeller -3.81 ===>> OK
SetElectronEnergy 75.08 ===>> OK
SetYSymmetry -2.81 ===>> OK
SetIonCounterVoltage 1590.0 ===>> OK
send trap current 200.0
GetParameter Trap Current Readback ===>> 198.147042666178
SetParameter Trap Current Set,200.0 ===>> OK
updating mftable name mftable
Using mftable located at /Users/jan/PychronDev/setupfiles/spectrometer/mftables/mftable.csv
============ MFtable ===========
Isotope  H2     H1     AX     L1     L2     CDD    
Ar40     5.8268 5.8809 5.9942 6.1667 6.2326 6.3950
Ar39     5.7261 5.7732 5.8866 6.0528 6.1177 6.2815
Ar36     5.4036 5.4422 5.5499 5.7117 5.7727 5.9326
================================
get initial guess parabolic
get initial guess parabolic
get initial guess parabolic
get initial guess parabolic
get initial guess parabolic
get initial guess parabolic
======== Configuration Finished ========
GetYSymmetry ===>> -2.81
GetZSymmetry ===>> -50.72
GetParameter Trap Current Readback ===>> 197.587621314778
GetHighVoltage ===>> 4499.94659342336
start measurement
do measurement
L#=65473 analysis type=unknown
Measurement Started jan_unknown120_60.py
08:07:45 -- ******* Measurement Started jan_unknown120_60.py *******
state changed from extraction to measurement
setting spec, defl, and gains
GetExtractionLens ===>> 26.13
GetYSymmetry ===>> -2.81
GetZSymmetry ===>> -50.72
GetZFocus ===>> 74.64
GetDeflection H2 ===>> 0
GetDeflection H1 ===>> 0
GetDeflection AX ===>> 190
GetDeflection L1 ===>> 400
GetDeflection L2 ===>> 825
GetDeflection CDD ===>> 50
GetGain H2 ===>> 0.0113
GetGain H1 ===>> 0.1
GetGain AX ===>> 0.097049
GetGain L1 ===>> 0.010355
GetGain L2 ===>> 0.095649
GetGain CDD ===>> 0
pre measurement save
New frame /Users/jan/PychronDev/data/isotopes/8c/e18adc-9724-448b-be17-505e0814ab0a.h5
flush and close file /Users/jan/PychronDev/data/isotopes/8c/e18adc-9724-448b-be17-505e0814ab0a.h5
testing...
no interpolation path defined
executed snippet estimated_duration=226.132928, duration=0.000236988067627
unknown measurement script
activate_detectors ('H2', 'H1', 'AX', 'L1', 'L2', 'CDD') {}
activate detectors
*************** Set Analysis View Ar/Ar
create graphs
clearing graphs
clear isotope group
setting isotope det=H2, iso=PM41
setting isotope det=H1, iso=Ar40
setting isotope det=AX, iso=Ar39
setting isotope det=L1, iso=Ar38
setting isotope det=L2, iso=Ar37
setting isotope det=CDD, iso=Ar36
setting previous blanks
 - setting Ar40 blank 0.778+/-0.012
 - setting Ar36 blank 0.00615+/-0.00023
 - setting Ar37 blank 0.062+/-0.010
 - setting Ar38 blank 0.015+/-0.004
 - setting PM41 blank 0.05+/-0.07
 - setting Ar39 blank 0.055+/-0.012
load analysis view
position_magnet ('Ar40',) {'detector': 'H1'}
detector Detector(H1)
POSITION Ar40 H1
setting detector H2 to PM41 (40.9624)
setting detector H1 to Ar40 (39.9624)
setting detector AX to Ar39 (38.9624)
setting detector L1 to Ar38 (37.9624)
setting detector L2 to Ar37 (36.9624)
setting detector CDD to Ar36 (35.9624)
Mapping mass to dac mass func: "parabolic"
H1 map mass coeffs = [-0.00063987  0.15840543  0.57254999]
H1 map mass to dac 39.9624 >> 5.88094
GetDeflection H1 ===>> 0
GetHighVoltage ===>> 4499.94659342336
positioning Ar40 (5.8809053677) on H1
setting magnet DAC
current  : 5.880905
requested: 5.880905
Delta Dac: 0.000000
Checking detector protection. dv=0.00000
Checking detector "CDD". Protection Threshold: 0.1 (V)
SetMagnetDAC 5.8809053677 ===>> OK
Magnet settling time: 0.500
equilibrate () {'delay': 3, 'inlet': 'R', 'outlet': 'O', 'eqtime': 12.0}
Equilibration Started
08:07:46 -- ******* Equilibration Started *******
checking ownership. requestor=129.138.12.150
check software interlocks O
interlocks []
actuate state mode=None-script, software_lock=False
doing actuation None-script close_channel True
Close O ===>> OK
GetIndicatorState O ===>> False
change switch state (True, True)
update switch state O False args=() kw={} ncanvase=8
08:07:47 -- CLOSE  VALVE-O (Jan Ion Pump)
waiting 3s before opening inlet value ('R',)
update labels <pychron.experiment.plot_panel.PlotPanel object at 0x238716d10>
update labels "<pychron.graph.stacked_regression_graph.StackedRegressionGraph object at 0x23f09cd70>"
setting label 0 H2 PM41
setting label 1 H1 Ar40
setting label 2 AX Ar39
setting label 3 L1 Ar38
setting label 4 L2 Ar37
setting label 5 CDD Ar36
update labels "<pychron.graph.stacked_graph.StackedGraph object at 0x23f082dd0>"
setting label 0 H2 PM41
setting label 1 H1 Ar40
setting label 2 AX Ar39
setting label 3 L1 Ar38
setting label 4 L2 Ar37
setting label 5 CDD Ar36
checking ownership. requestor=129.138.12.150
check software interlocks R
interlocks []
actuate state mode=None-script, software_lock=False
doing actuation None-script open_channel True
Open R ===>> OK
GetIndicatorState R ===>> OK
change switch state (True, True)
update switch state R True args=() kw={} ncanvase=8
08:07:50 -- OPEN   VALVE-R (Jan Inlet)
equilibrating for 12.0sec
set_time_zero () {}
sniff (12.0,) {}
py_sniff
build tables- sniff [Detector(H2), Detector(H1), Detector(AX), Detector(L1), Detector(L2), Detector(CDD)]
add group /sniff/PM41 (Group) '' table H2
add group /sniff/Ar40 (Group) '' table H1
add group /sniff/Ar39 (Group) '' table AX
add group /sniff/Ar38 (Group) '' table L1
add group /sniff/Ar37 (Group) '' table L2
add group /sniff/Ar36 (Group) '' table CDD
flush and close file /Users/jan/PychronDev/data/isotopes/8c/e18adc-9724-448b-be17-505e0814ab0a.h5
measuring sniff. ncounts=12.0
"sniff" increment series count="1" fit count="0" regressing="False"
starting measurement
check iteration duration=1.69277191162e-05
GetData ===>> H2,-0.21862539466371,H1,0.12950248032253,AX,0.0113466292785488,L1,-0.00238323272197822,L2,-0.0153...
check iteration duration=1.50203704834e-05
GetData ===>> H2,0.540252924012574,H1,930.615846370018,AX,38.2733268468136,L1,0.270419770475147,L2,0.3894049381...
check iteration duration=3.19480895996e-05
GetData ===>> H2,1.83377354190554,H1,3328.24417724162,AX,130.43134902517,L1,1.68920787337028,L2,0.4778330955438...
check iteration duration=1.50203704834e-05
GetData ===>> H2,1.6239540747203,H1,4239.2700568583,AX,161.08273257103,L1,2.8550508030293,L2,0.508026156017605,...
check iteration duration=1.81198120117e-05
GetData ===>> H2,1.4565047512049,H1,4544.35728473942,AX,170.344041690445,L1,3.59593590339904,L2,0.4670056646387...
check iteration duration=3.19480895996e-05
GetData ===>> H2,1.31932647187644,H1,4660.36963257367,AX,173.637708345404,L1,4.00276303568512,L2,0.550961677669...
check iteration duration=3.60012054443e-05
GetData ===>> H2,1.27572714081833,H1,4708.37689701687,AX,175.179786139135,L1,4.19830249623153,L2,0.551018831177...
check iteration duration=1.8835067749e-05
GetData ===>> H2,1.35476353756145,H1,4728.86353181049,AX,175.709861038076,L1,4.35145027998326,L2,0.555636947118...
check iteration duration=1.78813934326e-05
GetData ===>> H2,1.41951335821697,H1,4738.71619684857,AX,176.049351592757,L1,4.44285878025623,L2,0.493950871570...
check iteration duration=4.00543212891e-05
GetData ===>> H2,1.45702998256131,H1,4742.46141307827,AX,176.224447159367,L1,4.50110310104031,L2,0.479466453379...
check iteration duration=1.59740447998e-05
GetData ===>> H2,1.45254960635541,H1,4744.98754402755,AX,175.956465688333,L1,4.49721412041132,L2,0.445925377787...
check iteration duration=1.50203704834e-05
Equilibration Finished
08:08:02 -- ******* Equilibration Finished *******
GetData ===>> H2,1.45739461934446,H1,4744.984301834,AX,176.181392064991,L1,4.5793106734867,L2,0.496235679887036...
checking ownership. requestor=129.138.12.150
check software interlocks R
interlocks []
actuate state mode=None-script, software_lock=False
doing actuation None-script close_channel True
Close R ===>> OK
GetIndicatorState R ===>> False
change switch state (True, True)
update switch state R False args=() kw={} ncanvase=8
08:08:03 -- CLOSE  VALVE-R (Jan Inlet)
Post Equilibration Started jan_pump_extraction_line.py
08:08:03 -- ******* Post Equilibration Started jan_pump_extraction_line.py *******
testing...
no interpolation path defined
calculate duration
testing...
no interpolation path defined
executed snippet estimated_duration=4.0, duration=0.00020694732666
executed snippet estimated_duration=4.0, duration=0.00161194801331
Pump after analysis
doing GOSUB
testing...
no interpolation path defined
executed snippet estimated_duration=4.0, duration=0.000200033187866
Pump Microbone
close () {'description': 'Jan Inlet'}
closing name=--- desc=Jan Inlet
checking ownership. requestor=129.138.12.150
check software interlocks R
interlocks []
actuate state mode=None-script, software_lock=False
doing actuation None-script close_channel False
check iteration duration=1.47819519043e-05
waiting for write to finish
measurement finished
estimated time: 12.583 actual time: :12.735
flush and close file /Users/jan/PychronDev/data/isotopes/8c/e18adc-9724-448b-be17-505e0814ab0a.h5
set_fits () {}
Close R ===>> OK
using default fits file=/Users/jan/PychronDev/scripts/measurement/fits/nominal_linear.yaml
set "Ar40" to "('Linear', 'SEM')"
No fit for "PM41". defaulting to linear. check the measurement script "jan_unknown120_60.py"
set "PM41" to "linear"
set "Ar36" to "('Linear', 'SEM')"
set "Ar37" to "('linear', 'SEM')"
set "Ar38" to "('linear', 'SEM')"
set "Ar39" to "('Linear', 'SEM')"
set_baseline_fits () {}
using default fits file=/Users/jan/PychronDev/scripts/measurement/fits/nominal_linear.yaml
set "H1" to "('average', 'SEM')"
set "H2" to "('average', 'SEM')"
set "CDD" to "('average', 'SEM')"
set "L2" to "('average', 'SEM')"
set "L1" to "('average', 'SEM')"
set "AX" to "('average', 'SEM')"
multicollect () {'integration_time': 1, 'ncounts': 120}
build tables- signal [Detector(H2), Detector(H1), Detector(AX), Detector(L1), Detector(L2), Detector(CDD)]
add group /signal/PM41 (Group) '' table H2
add group /signal/Ar40 (Group) '' table H1
add group /signal/Ar39 (Group) '' table AX
add group /signal/Ar38 (Group) '' table L1
add group /signal/Ar37 (Group) '' table L2
add group /signal/Ar36 (Group) '' table CDD
flush and close file /Users/jan/PychronDev/data/isotopes/8c/e18adc-9724-448b-be17-505e0814ab0a.h5
measuring signal. ncounts=120
GetIndicatorState R ===>> False
change switch state (True, True)
update switch state R False args=() kw={} ncanvase=8
08:08:03 -- CLOSE  VALVE-R (Jan Inlet)
---------------------------------------- close None (Jan Inlet) result=[(True, True)]
action=close, ok=True, locked=[False]
is_closed ('F',) {}
is F () closed?
is closed True
open () {'description': 'CO2 Laser to Jan'}
opening name=--- desc=CO2 Laser to Jan
checking ownership. requestor=129.138.12.150
check software interlocks A
interlocks []
actuate state mode=None-script, software_lock=False
doing actuation None-script open_channel False
Open A ===>> OK
GetIndicatorState A ===>> OK
change switch state (True, True)
update switch state A True args=() kw={} ncanvase=8
08:08:04 -- OPEN   VALVE-A (CO2 Laser to Jan)
---------------------------------------- open None (CO2 Laser to Jan) result=[(True, True)], time=0.13 sec
"signal" increment series count="2" fit count="1" regressing="True"
starting measurement
check iteration duration=6.19888305664e-05
GetData ===>> H2,1.376835761712,H1,4745.17945074346,AX,175.927405607024,L1,4.63231868028577,L2,0.48060867818815...
action=open, ok=True, locked=[False]
sleep (1,) {}
SLEEP 1.0
check iteration duration=8.10623168945e-05
GetData ===>> H2,1.04540406905541,H1,4744.83984783136,AX,175.262018522611,L1,4.52448256966144,L2,0.351147829077...
close () {'description': 'CO2 Laser to Roughing'}
closing name=--- desc=CO2 Laser to Roughing
checking ownership. requestor=129.138.12.150
check software interlocks G
interlocks []
actuate state mode=None-script, software_lock=True
VALVE-G(CO2 Laser to Roughing) software locked
change switch state (True, False)
---------------------------------------- close None (CO2 Laser to Roughing) result=[(True, False)]
action=close, ok=True, locked=[True]
open () {'description': 'Microbone to Turbo'}
opening name=--- desc=Microbone to Turbo
checking ownership. requestor=129.138.12.150
check software interlocks U
interlocks []
actuate state mode=None-script, software_lock=False
doing actuation None-script open_channel True
Open U ===>> OK
GetIndicatorState U ===>> OK
change switch state (True, True)
update switch state U True args=() kw={} ncanvase=8
08:08:05 -- OPEN   VALVE-U (Microbone to Turbo)
---------------------------------------- open None (Microbone to Turbo) result=[(True, True)], time=0.18 sec
action=open, ok=True, locked=[False]
open () {'description': 'Microbone to Getter NP-10'}
opening name=--- desc=Microbone to Getter NP-10
checking ownership. requestor=129.138.12.150
check software interlocks M
interlocks []
actuate state mode=None-script, software_lock=False
doing actuation None-script open_channel False
Open M ===>> OK
GetIndicatorState M ===>> OK
change switch state (True, True)
update switch state M True args=() kw={} ncanvase=8
08:08:06 -- OPEN   VALVE-M (Microbone to Getter NP-10)
---------------------------------------- open None (Microbone to Getter NP-10) result=[(True, True)], time=0.16 sec
action=open, ok=True, locked=[False]
open () {'description': 'Microbone to Getter D-50'}
opening name=--- desc=Microbone to Getter D-50
checking ownership. requestor=129.138.12.150
check software interlocks K
interlocks []
actuate state mode=None-script, software_lock=False
doing actuation None-script open_channel False
check iteration duration=3.81469726562e-05
GetData ===>> H2,0.581926075920544,H1,4742.23650742657,AX,174.982562481737,L1,4.40479502328067,L2,0.17512953025...
Open K ===>> OK
GetIndicatorState K ===>> OK
change switch state (True, True)
update switch state K True args=() kw={} ncanvase=8
08:08:06 -- OPEN   VALVE-K (Microbone to Getter D-50)
---------------------------------------- open None (Microbone to Getter D-50) result=[(True, True)], time=0.43 sec
action=open, ok=True, locked=[False]
open () {'description': 'Microbone to CO2 Laser'}
opening name=--- desc=Microbone to CO2 Laser
checking ownership. requestor=129.138.12.150
check software interlocks T
interlocks []
actuate state mode=None-script, software_lock=False
doing actuation None-script open_channel False
Open T ===>> OK
GetIndicatorState T ===>> OK
change switch state (True, True)
update switch state T True args=() kw={} ncanvase=8
08:08:07 -- OPEN   VALVE-T (Microbone to CO2 Laser)
---------------------------------------- open None (Microbone to CO2 Laser) result=[(True, True)], time=0.43 sec
check iteration duration=6.48498535156e-05
GetData ===>> H2,0.282582646026005,H1,4739.63280213775,AX,174.543172076253,L1,4.31510770227923,L2,0.19331504185...
action=open, ok=True, locked=[False]
open () {'description': 'Microbone to Inlet Pipette'}
opening name=--- desc=Microbone to Inlet Pipette
checking ownership. requestor=129.138.12.150
check software interlocks S
interlocks []
actuate state mode=None-script, software_lock=False
doing actuation None-script open_channel False
Open S ===>> OK
GetIndicatorState S ===>> OK
change switch state (True, True)
update switch state S True args=() kw={} ncanvase=8
08:08:08 -- OPEN   VALVE-S (Microbone to Inlet Pipette)
---------------------------------------- open None (Microbone to Inlet Pipette) result=[(True, True)], time=0.44 sec
action=open, ok=True, locked=[False]
sleep (1,) {}
SLEEP 1.0
testing H1>-5.0
evaluate ot="H1.bs>-5.0" t="H1>-5.0", ctx="{'H1': None}"
check iteration duration=0.000586986541748
GetData ===>> H2,0.237633406517077,H1,4737.0408379491,AX,174.451703582021,L1,4.28413092463017,L2,0.193337861476...
set_resource () {'name': 'CO2PumpTimeFlag', 'value': 30}
Set CO2PumpTimeFlag 30 ===>> OK
release ('JanCO2Flag',) {}
release JanCO2Flag
Set JanCO2Flag 0 ===>> OK
executed snippet estimated_duration=6.0, duration=6.04139995575
PumpMicrobone.py completed successfully
gosub finished
get_resource_value () {'name': 'JanMiniboneFlag'}
Read JanMiniboneFlag ===>> 0
Get Resource Value JanMiniboneFlag=0.0
get resource value 0.0
get_resource_value () {'name': 'JanMiniboneFlag'}
Read JanMiniboneFlag ===>> 0
Get Resource Value JanMiniboneFlag=0.0
executed snippet estimated_duration=4.0, duration=6.05532813072
jan_pump_extraction_line.py completed successfully
Post Equilibration Finished
08:08:09 -- ******* Post Equilibration Finished *******
check iteration duration=9.20295715332e-05
GetData ===>> H2,0.228451447693016,H1,4735.25032127765,AX,174.390099689027,L1,4.27093315217291,L2,0.17477589394...
check iteration duration=7.48634338379e-05
GetData ===>> H2,0.197440703280658,H1,4733.87635823623,AX,174.340922223102,L1,4.2831893106734,L2,0.116717402682...
check iteration duration=5.22136688232e-05
GetData ===>> H2,0.294396105706609,H1,4732.52240937512,AX,174.166582745526,L1,4.23467260580041,L2,0.23972999098...
check iteration duration=6.19888305664e-05
GetData ===>> H2,0.145355887437345,H1,4730.64711980221,AX,174.165110036503,L1,4.19485805060921,L2,0.20052631398...
testing H1>-5.0
evaluate ot="H1.bs>-5.0" t="H1>-5.0", ctx="{'H1': None}"
check iteration duration=0.00094199180603
GetData ===>> H2,0.11391460793347,H1,4728.01366082555,AX,174.291691906795,L1,4.20369147182605,L2,0.230974823209...
check iteration duration=8.20159912109e-05
GetData ===>> H2,0.179400170943061,H1,4725.8635098274,AX,174.078878154505,L1,4.19364634788846,L2,0.089724387933...
check iteration duration=9.3936920166e-05
GetData ===>> H2,0.0964806861997304,H1,4724.34204795189,AX,174.12332956557,L1,4.17409456265398,L2,0.18513455682...
check iteration duration=3.09944152832e-05
GetData ===>> H2,0.108242356026742,H1,4722.06527771188,AX,173.925650846374,L1,4.16909380187409,L2,0.16862739398...
check iteration duration=4.60147857666e-05
GetData ===>> H2,0.104703743044217,H1,4720.3965763217,AX,173.938345974516,L1,4.20057178202971,L2,0.152590679118...
testing H1>-5.0
evaluate ot="H1.bs>-5.0" t="H1>-5.0", ctx="{'H1': None}"
check iteration duration=0.00062108039856
GetData ===>> H2,0.099720568588172,H1,4718.68295439096,AX,174.053284452852,L1,4.20855897239731,L2,0.27696116084...
check iteration duration=4.88758087158e-05
GetData ===>> H2,0.0355367343920509,H1,4716.11795422351,AX,173.98491690697,L1,4.22315950029429,L2,0.20159892300...
check iteration duration=7.79628753662e-05
GetData ===>> H2,0.0193953769806771,H1,4714.45614114163,AX,173.89185268385,L1,4.18248241427872,L2,0.17361232562...
check iteration duration=4.19616699219e-05
GetData ===>> H2,0.151602823628008,H1,4712.11579486313,AX,173.968637710377,L1,4.16183623406522,L2,0.24801788851...
check iteration duration=8.29696655273e-05
GetData ===>> H2,0.171611859203609,H1,4710.00310388817,AX,173.782826441389,L1,4.16033920301679,L2,0.17632734037...
testing H1>-5.0
evaluate ot="H1.bs>-5.0" t="H1>-5.0", ctx="{'H1': None}"
check iteration duration=0.000579833984375
GetData ===>> H2,0.0946904021086406,H1,4707.02042014427,AX,173.635425468886,L1,4.13894954876782,L2,0.1858761340...
check iteration duration=5.69820404053e-05
GetData ===>> H2,0.00365882973221303,H1,4704.87351435299,AX,173.566798732947,L1,4.14187874863299,L2,0.161418524...
check iteration duration=8.58306884766e-05
GetData ===>> H2,-0.0483757438640037,H1,4703.28656867935,AX,173.387868903333,L1,4.16641534021613,L2,0.003407955...
check iteration duration=8.29696655273e-05
GetData ===>> H2,0.0752439976559018,H1,4702.1822176828,AX,173.442466055925,L1,4.14442519526935,L2,0.20869670257...
check iteration duration=6.5803527832e-05
GetData ===>> H2,0.0783294264723294,H1,4700.16653689833,AX,173.25293549061,L1,4.13303544292167,L2,0.15180374021...
testing H1>-5.0
evaluate ot="H1.bs>-5.0" t="H1>-5.0", ctx="{'H1': None}"
check iteration duration=0.000992774963379
08:08:29 -- collecting point 25
GetData ===>> H2,0.0733871367526937,H1,4697.71802126401,AX,173.352605427703,L1,4.15085011167693,L2,0.1910673354...
check iteration duration=5.88893890381e-05
GetData ===>> H2,0.142013397594692,H1,4696.7512425537,AX,173.132244646008,L1,4.14388403067243,L2,0.256477763262...
check iteration duration=3.81469726562e-05
GetData ===>> H2,0.123218691804432,H1,4694.94549241666,AX,173.024929902387,L1,4.12126682771698,L2,0.18877404474...
check iteration duration=7.9870223999e-05
GetData ===>> H2,0.135328599680719,H1,4692.2186679026,AX,173.032248296607,L1,4.09452325850628,L2,0.154438300228...
check iteration duration=6.19888305664e-05
GetData ===>> H2,0.0528344483923715,H1,4690.61665940385,AX,173.106785420914,L1,4.12876071784306,L2,0.2236357099...
testing H1>-5.0
evaluate ot="H1.bs>-5.0" t="H1>-5.0", ctx="{'H1': None}"
check iteration duration=0.00110507011414
GetData ===>> H2,0.132963994332356,H1,4689.18301400733,AX,173.06536000179,L1,4.11751656048373,L2,0.134538332148...
check iteration duration=6.103515625e-05
GetData ===>> H2,0.0985130180141072,H1,4686.96298965372,AX,173.101042292385,L1,4.13584898332684,L2,0.1739089201...
check iteration duration=6.50882720947e-05
GetData ===>> H2,-0.00378103449087416,H1,4684.87307457398,AX,172.800590214701,L1,4.07836372750921,L2,0.13099212...
check iteration duration=4.6968460083e-05
GetData ===>> H2,-0.00156375137558762,H1,4682.46029171154,AX,172.670645291878,L1,4.0539765887153,L2,0.077136129...
check iteration duration=7.58171081543e-05
GetData ===>> H2,0.0862289164770083,H1,4679.72268131105,AX,172.836961766685,L1,4.09900007735561,L2,0.1983925423...
testing H1>-5.0
evaluate ot="H1.bs>-5.0" t="H1>-5.0", ctx="{'H1': None}"
check iteration duration=0.00055193901062
GetData ===>> H2,0.060299634862576,H1,4677.48942017359,AX,172.855862049916,L1,4.07512828834848,L2,0.17410284780...
check iteration duration=5.10215759277e-05
GetData ===>> H2,0.125017221308502,H1,4676.07548853681,AX,172.810158672882,L1,4.08577257553535,L2,0.18470102202...
check iteration duration=3.81469726562e-05
GetData ===>> H2,0.0932922358924547,H1,4673.60496721654,AX,172.733679591954,L1,4.10662501380066,L2,0.1106068306...
check iteration duration=3.60012054443e-05
GetData ===>> H2,0.0763233255786873,H1,4672.16238219059,AX,172.662370772594,L1,4.12303614238408,L2,0.2987318454...
check iteration duration=6.29425048828e-05
GetData ===>> H2,0.135793645895757,H1,4670.1787370346,AX,172.42640672172,L1,4.14806059437584,L2,0.1967380463499...
testing H1>-5.0
evaluate ot="H1.bs>-5.0" t="H1>-5.0", ctx="{'H1': None}"
check iteration duration=0.000566959381104
GetData ===>> H2,0.18921807730346,H1,4668.18115776756,AX,172.361760978279,L1,4.13036333088693,L2,0.157232609780...
check iteration duration=3.69548797607e-05
GetData ===>> H2,0.21515878486758,H1,4665.92720310277,AX,172.402282745882,L1,4.09249554490978,L2,0.225964076902...
check iteration duration=4.00543212891e-05
GetData ===>> H2,0.181206552203989,H1,4664.42367889669,AX,172.331421475486,L1,4.0936716807903,L2,0.294612379335...
check iteration duration=7.82012939453e-05
GetData ===>> H2,0.0677133665165827,H1,4663.54971934702,AX,172.202179349027,L1,4.10238224754406,L2,0.2068594454...
check iteration duration=6.60419464111e-05
GetData ===>> H2,0.0928362302877767,H1,4661.60297622116,AX,172.19993244971,L1,4.07680287719268,L2,0.20187278255...
testing H1>-5.0
evaluate ot="H1.bs>-5.0" t="H1>-5.0", ctx="{'H1': None}"
check iteration duration=0.000586986541748
GetData ===>> H2,0.182464882177995,H1,4659.34052947019,AX,172.163963542816,L1,4.06558260155588,L2,0.09761176199...
check iteration duration=6.69956207275e-05
GetData ===>> H2,-0.0214929383543333,H1,4657.99814678795,AX,172.133335402273,L1,4.11244479980423,L2,0.196772277...
check iteration duration=8.51154327393e-05
GetData ===>> H2,0.0233195099425803,H1,4655.44508616091,AX,172.222070280013,L1,4.10777660969184,L2,0.0749916686...
check iteration duration=5.3882598877e-05
GetData ===>> H2,0.064138698897402,H1,4653.75511858176,AX,171.855429160808,L1,4.05944137645939,L2,0.13159645294...
check iteration duration=7.89165496826e-05
GetData ===>> H2,0.16720645728631,H1,4652.38036514036,AX,171.881439719272,L1,4.10189840361164,L2,0.192174067546...
testing H1>-5.0
evaluate ot="H1.bs>-5.0" t="H1>-5.0", ctx="{'H1': None}"
check iteration duration=0.00169706344604
08:08:56 -- collecting point 50
GetData ===>> H2,0.226668500455829,H1,4649.07116992064,AX,171.897362361099,L1,4.11524817553966,L2,0.33017571140...
check iteration duration=4.00543212891e-05
GetData ===>> H2,0.150609400105637,H1,4647.40488758676,AX,171.645915650587,L1,4.1205860572445,L2,0.211971900445...
check iteration duration=6.29425048828e-05
GetData ===>> H2,0.0425357186881996,H1,4644.89969010044,AX,171.685180818835,L1,4.10877224310946,L2,0.2064828692...
check iteration duration=4.00543212891e-05
GetData ===>> H2,0.0193844838465732,H1,4642.81754257557,AX,171.755547417406,L1,4.09315995834142,L2,0.2099405798...
check iteration duration=5.98430633545e-05
GetData ===>> H2,0.0973916398362882,H1,4641.53697433162,AX,171.403321011135,L1,4.08233311731745,L2,0.2108192919...
testing H1>-5.0
evaluate ot="H1.bs>-5.0" t="H1>-5.0", ctx="{'H1': None}"
check iteration duration=0.000694990158081
GetData ===>> H2,0.110176508215134,H1,4640.01948307788,AX,171.630269448614,L1,4.07503598355379,L2,0.17793585181...
check iteration duration=7.60555267334e-05
GetData ===>> H2,0.0621561204131041,H1,4636.9014512103,AX,171.529538178232,L1,4.07072551682682,L2,0.05341285564...
check iteration duration=6.103515625e-05
GetData ===>> H2,0.0501359086682576,H1,4635.81933191814,AX,171.546995750679,L1,4.12813014474255,L2,0.2425838692...
check iteration duration=0.0001060962677
GetData ===>> H2,0.109565903749881,H1,4634.73718476227,AX,171.529014476773,L1,4.08655788464498,L2,0.21519014823...
check iteration duration=8.82148742676e-05
GetData ===>> H2,0.239482323596291,H1,4632.09604870251,AX,171.319345172862,L1,4.04741248850838,L2,0.21946990062...
testing H1>-5.0
evaluate ot="H1.bs>-5.0" t="H1>-5.0", ctx="{'H1': None}"
check iteration duration=0.000638961791992
GetData ===>> H2,0.187676491384011,H1,4629.88705169059,AX,171.121690588041,L1,4.07850510836208,L2,0.13282792625...
check iteration duration=6.79492950439e-05
GetData ===>> H2,0.133624503077819,H1,4627.9475048748,AX,171.424331901887,L1,4.10525682310815,L2,0.186674762098...
check iteration duration=8.20159912109e-05
GetData ===>> H2,0.099751988457232,H1,4627.03902512526,AX,171.332124463983,L1,4.05967347222651,L2,0.21191484029...
check iteration duration=7.20024108887e-05
GetData ===>> H2,0.151892930448537,H1,4624.32017797273,AX,171.153687527842,L1,4.08222776955766,L2,0.26461750964...
check iteration duration=5.3882598877e-05
GetData ===>> H2,0.0847048820895057,H1,4623.16487228706,AX,171.2043099221,L1,4.11811768135786,L2,0.257859271274...
testing H1>-5.0
evaluate ot="H1.bs>-5.0" t="H1>-5.0", ctx="{'H1': None}"
check iteration duration=0.000576019287109
GetData ===>> H2,0.0464652813038591,H1,4621.06454604283,AX,171.044695527263,L1,4.08143408301812,L2,0.1645552282...
check iteration duration=8.01086425781e-05
GetData ===>> H2,0.0160121966772039,H1,4618.34981467208,AX,171.087006895136,L1,4.05314452559726,L2,0.1250174611...
check iteration duration=8.29696655273e-05
GetData ===>> H2,0.0896392395443086,H1,4616.77652826621,AX,170.911373043979,L1,4.05277970487807,L2,0.1275258622...
check iteration duration=8.58306884766e-05
GetData ===>> H2,0.15592097206792,H1,4615.94154127115,AX,170.942652283727,L1,4.1222410752735,L2,0.2126223886186...
check iteration duration=8.51154327393e-05
GetData ===>> H2,0.0272298333549197,H1,4614.32769713603,AX,170.783532182728,L1,4.06589702846605,L2,0.2003665647...
testing H1>-5.0
evaluate ot="H1.bs>-5.0" t="H1>-5.0", ctx="{'H1': None}"
check iteration duration=0.00118207931519
GetData ===>> H2,0.0414764646681685,H1,4611.35052499379,AX,170.970559799717,L1,4.06923651550084,L2,0.1897210188...
check iteration duration=6.29425048828e-05
GetData ===>> H2,0.0492815037934749,H1,4609.14804509372,AX,170.865080196244,L1,4.08023787921905,L2,0.2219122983...
check iteration duration=8.10623168945e-05
GetData ===>> H2,0.0699825371886233,H1,4607.86178585407,AX,170.787909236774,L1,4.0658176998054,L2,0.06853576301...
check iteration duration=4.88758087158e-05
GetData ===>> H2,0.0440910374688664,H1,4606.27930576415,AX,170.634120154416,L1,4.04094990593356,L2,0.1282555912...
check iteration duration=6.8187713623e-05
GetData ===>> H2,0.0671379632391917,H1,4604.27288987602,AX,170.575569993355,L1,4.03959874780719,L2,0.1739317351...
testing H1>-5.0
evaluate ot="H1.bs>-5.0" t="H1>-5.0", ctx="{'H1': None}"
check iteration duration=0.00166988372803
08:09:22 -- collecting point 75
GetData ===>> H2,0.0663417182608869,H1,4601.38447519474,AX,170.357651554749,L1,4.01802937469544,L2,0.2576537564...
check iteration duration=8.51154327393e-05
GetData ===>> H2,0.0770520317910746,H1,4600.45715789581,AX,170.201068290144,L1,4.00803286073006,L2,0.2371501582...
check iteration duration=3.2901763916e-05
GetData ===>> H2,0.0798526602180275,H1,4598.70741460496,AX,170.208981746474,L1,4.03501342656769,L2,0.2709146264...
check iteration duration=3.88622283936e-05
GetData ===>> H2,0.128598481395475,H1,4596.65543715339,AX,170.141346567625,L1,4.09401230469506,L2,0.18288704246...
check iteration duration=7.9870223999e-05
GetData ===>> H2,0.1024885795993,H1,4594.66572286245,AX,170.174286830816,L1,4.08112528085659,L2,0.1622967908689...
testing H1>-5.0
evaluate ot="H1.bs>-5.0" t="H1>-5.0", ctx="{'H1': None}"
check iteration duration=0.000968933105469
GetData ===>> H2,0.186759044062073,H1,4593.15442064684,AX,170.171917556586,L1,4.05830979316442,L2,0.08490337969...
check iteration duration=6.19888305664e-05
GetData ===>> H2,0.13360672491204,H1,4592.50708594032,AX,170.236812011201,L1,4.02202467904242,L2,0.103048957608...
check iteration duration=8.39233398438e-05
GetData ===>> H2,0.110464746674415,H1,4589.75062103818,AX,170.006607131493,L1,4.0018612240953,L2,0.181894502164...
check iteration duration=6.79492950439e-05
GetData ===>> H2,0.0975364157474426,H1,4588.00572461809,AX,169.880855096851,L1,4.03825494179702,L2,0.2309291660...
check iteration duration=4.81605529785e-05
GetData ===>> H2,0.0476478195445227,H1,4585.07254127662,AX,169.985489083276,L1,4.04071365843895,L2,0.1901545763...
testing H1>-5.0
evaluate ot="H1.bs>-5.0" t="H1>-5.0", ctx="{'H1': None}"
check iteration duration=0.000661134719849
GetData ===>> H2,0.00412387958196419,H1,4583.43235207694,AX,169.607513831521,L1,4.00012826655907,L2,0.282289272...
check iteration duration=8.51154327393e-05
GetData ===>> H2,0.141274403402342,H1,4581.74288244162,AX,169.83293894611,L1,4.02678738006855,L2,0.075185580655...
check iteration duration=8.60691070557e-05
GetData ===>> H2,0.0607279229509144,H1,4580.47987361668,AX,169.8646499481,L1,4.0375146880382,L2,0.0767825182005...
check iteration duration=8.10623168945e-05
GetData ===>> H2,0.0888162475361232,H1,4578.78351591859,AX,169.956056280348,L1,4.05643174263919,L2,0.1893559192...
check iteration duration=0.000102996826172
GetData ===>> H2,0.13102644778261,H1,4575.67515492329,AX,169.885330230925,L1,4.01185107217879,L2,0.192835830987...
testing H1>-5.0
evaluate ot="H1.bs>-5.0" t="H1>-5.0", ctx="{'H1': None}"
check iteration duration=0.000787973403931
GetData ===>> H2,0.139027605771286,H1,4574.3406152087,AX,169.620775180502,L1,4.0149603931982,L2,0.1597304494035...
check iteration duration=5.19752502441e-05
GetData ===>> H2,0.143636614734966,H1,4572.71963197936,AX,169.506575589716,L1,4.03296239271737,L2,0.17259706678...
check iteration duration=3.31401824951e-05
GetData ===>> H2,0.167163978986283,H1,4571.72642819154,AX,169.70824045378,L1,4.01868557318707,L2,0.202511791219...
check iteration duration=3.60012054443e-05
GetData ===>> H2,0.0582852590916857,H1,4569.32904727134,AX,169.619017187849,L1,4.02648497624684,L2,0.2130218133...
check iteration duration=6.31809234619e-05
GetData ===>> H2,0.0190604178585754,H1,4567.08464028261,AX,169.681273486901,L1,4.05886187727106,L2,0.2095069327...
testing H1>-5.0
evaluate ot="H1.bs>-5.0" t="H1>-5.0", ctx="{'H1': None}"
check iteration duration=0.0013689994812
GetData ===>> H2,0.0669211718759372,H1,4565.61874005586,AX,169.37649231779,L1,4.02198005559541,L2,0.14748139405...
check iteration duration=7.29560852051e-05
GetData ===>> H2,0.130819995977585,H1,4563.11906724136,AX,169.249502692322,L1,4.0053134991427,L2,0.203253503048...
check iteration duration=8.20159912109e-05
GetData ===>> H2,0.0164219370111161,H1,4562.06380861061,AX,169.274004465115,L1,4.02296324908528,L2,0.1972515075...
check iteration duration=6.79492950439e-05
GetData ===>> H2,-0.0109169445310778,H1,4560.65516963503,AX,169.393850472415,L1,4.04214706023529,L2,0.147857738...
check iteration duration=7.89165496826e-05
GetData ===>> H2,0.0599859308284222,H1,4559.1769732738,AX,169.19852309268,L1,3.99988092693511,L2,0.220314461028...
testing H1>-5.0
evaluate ot="H1.bs>-5.0" t="H1>-5.0", ctx="{'H1': None}"
check iteration duration=0.000576019287109
08:09:48 -- collecting point 100
GetData ===>> H2,0.0743639635837429,H1,4557.11793398883,AX,169.259563198052,L1,3.98133922681082,L2,0.2694772046...
check iteration duration=3.50475311279e-05
GetData ===>> H2,-0.00824014163496789,H1,4555.30164219585,AX,169.252819995893,L1,4.0298968182815,L2,0.272865447...
check iteration duration=7.91549682617e-05
GetData ===>> H2,0.0856858694901951,H1,4552.85131601479,AX,169.114420693994,L1,4.03953249020522,L2,0.0901233002...
check iteration duration=3.88622283936e-05
GetData ===>> H2,0.0797229863737531,H1,4551.79540535543,AX,169.025402463942,L1,4.09733822085456,L2,0.1300571335...
check iteration duration=3.60012054443e-05
GetData ===>> H2,0.0784727328414961,H1,4548.96731624007,AX,168.787366904699,L1,4.07015557704812,L2,0.1943419303...
testing H1>-5.0
evaluate ot="H1.bs>-5.0" t="H1>-5.0", ctx="{'H1': None}"
check iteration duration=0.000540018081665
GetData ===>> H2,0.0919898009207895,H1,4546.02427192371,AX,168.73106085098,L1,4.02713443378081,L2,0.29589042187...
check iteration duration=3.69548797607e-05
GetData ===>> H2,0.107077377995782,H1,4545.53786042337,AX,168.882932861651,L1,4.03160093966693,L2,0.25137434858...
check iteration duration=7.58171081543e-05
GetData ===>> H2,0.014523098129704,H1,4544.22961644624,AX,168.776710728435,L1,4.00871927260236,L2,0.29438415924...
check iteration duration=3.88622283936e-05
GetData ===>> H2,-0.11916991188203,H1,4543.03745291305,AX,168.734070617841,L1,4.03317706968212,L2,0.09028286557...
check iteration duration=5.10215759277e-05
GetData ===>> H2,0.0331924873901583,H1,4540.58284260413,AX,168.834569149458,L1,4.01782216152489,L2,0.2069735598...
testing H1>-5.0
evaluate ot="H1.bs>-5.0" t="H1>-5.0", ctx="{'H1': None}"
check iteration duration=0.000585079193115
GetData ===>> H2,0.0803877509779639,H1,4538.30086189185,AX,168.648267488327,L1,4.00258324330871,L2,0.1666426193...
check iteration duration=5.50746917725e-05
GetData ===>> H2,0.0751798688573885,H1,4536.40485265253,AX,168.615702821042,L1,4.03750172680029,L2,0.1990315278...
check iteration duration=6.50882720947e-05
GetData ===>> H2,-0.0950465462343056,H1,4533.67847478803,AX,168.654698834298,L1,4.01882516386773,L2,0.157791481...
check iteration duration=3.69548797607e-05
GetData ===>> H2,-0.0597804820590767,H1,4531.21000397729,AX,168.629905841082,L1,4.03393783485825,L2,0.094933173...
check iteration duration=6.89029693604e-05
GetData ===>> H2,0.0756533388751309,H1,4530.3068291185,AX,168.322359743647,L1,4.04226519741012,L2,0.17962424750...
testing H1>-5.0
evaluate ot="H1.bs>-5.0" t="H1>-5.0", ctx="{'H1': None}"
check iteration duration=0.000993967056274
GetData ===>> H2,0.190038329072981,H1,4527.48954307795,AX,168.24914945687,L1,4.00581416098685,L2,0.076584007635...
check iteration duration=3.50475311279e-05
GetData ===>> H2,0.106208549117414,H1,4526.51334149864,AX,168.114408180167,L1,4.00337291137299,L2,0.14142587586...
check iteration duration=3.79085540771e-05
GetData ===>> H2,0.0594812945574146,H1,4524.60855889953,AX,167.988884317091,L1,3.99593280735151,L2,0.3517073006...
check iteration duration=4.00543212891e-05
GetData ===>> H2,0.117118101199372,H1,4524.02059491439,AX,168.086580949193,L1,4.01763653607807,L2,0.21170942401...
check iteration duration=4.91142272949e-05
GetData ===>> H2,0.130728392723614,H1,4522.37607369584,AX,167.994934791926,L1,4.02421142987078,L2,0.17410284780...
testing H1>-5.0
evaluate ot="H1.bs>-5.0" t="H1>-5.0", ctx="{'H1': None}"
check iteration duration=0.00140690803528
GetData ===>> H2,0.0720775555641228,H1,4519.59298693473,AX,167.929827540813,L1,4.02956696962552,L2,0.0683532702...
check iteration duration=3.00407409668e-05
waiting for write to finish
measurement finished
estimated time: 125.829 actual time: :126.441
flush and close file /Users/jan/PychronDev/data/isotopes/8c/e18adc-9724-448b-be17-505e0814ab0a.h5
baselines () {'settling_time': 15.0, 'detector': 'H1', 'mass': 34.2, 'ncounts': 60}
%%%%%%%%%%%%%%%%%%%%%%%%%%%%%%%% Baseline
build tables- baseline [Detector(H2), Detector(H1), Detector(AX), Detector(L1), Detector(L2), Detector(CDD)]
add group baseline table H2
add group baseline table H1
add group baseline table AX
add group baseline table L1
add group baseline table L2
add group baseline table CDD
flush and close file /Users/jan/PychronDev/data/isotopes/8c/e18adc-9724-448b-be17-505e0814ab0a.h5
detector Detector(H1)
POSITION 34.2 H1
Mapping mass to dac mass func: "parabolic"
H1 map mass coeffs = [-0.00063987  0.15840543  0.57254999]
H1 map mass to dac 34.2 >> 5.24159599104
GetDeflection H1 ===>> 0
GetHighVoltage ===>> 4499.94659342336
positioning 34.2 (5.24156512378) on H1
setting magnet DAC
current  : 5.880905
requested: 5.241565
Delta Dac: 0.639340
Checking detector protection. dv=0.63934
Checking detector "CDD". Protection Threshold: 0.1 (V)
ProtectDetector CDD,On ===>> OK
GetDeflection CDD ===>> 2000
Protected = 2000
SetMagnetDAC 5.24156512378 ===>> OK
Magnet settling time: 0.500
GetMagnetMoving ===>> True
GetMagnetMoving ===>> True
GetMagnetMoving ===>> True
GetMagnetMoving ===>> True
GetMagnetMoving ===>> True
GetMagnetMoving ===>> True
GetMagnetMoving ===>> True
GetMagnetMoving ===>> True
GetMagnetMoving ===>> False
ProtectDetector CDD,Off ===>> OK
GetDeflection CDD ===>> 50
Delaying 15.0s for detectors to settle
Join finished
measuring baseline. ncounts=60
"baseline" increment series count="2" fit count="1" regressing="True"
starting measurement
check iteration duration=5.91278076172e-05
GetData ===>> H2,-0.071148223716334,H1,-0.270554224697728,AX,-0.21393428568146,L1,-0.0397019361559826,L2,-0.085...
check iteration duration=3.38554382324e-05
GetData ===>> H2,-0.0365885965615086,H1,-0.240423191379357,AX,-0.181742183399057,L1,-0.052330593576478,L2,0.052...
check iteration duration=4.50611114502e-05
GetData ===>> H2,-0.144032312282367,H1,-0.244734986899675,AX,-0.134058641549687,L1,-0.0758640244064501,L2,-0.00...
check iteration duration=8.29696655273e-05
GetData ===>> H2,-0.20313609486635,H1,-0.278770203327294,AX,-0.157770803115941,L1,-0.0504594419392131,L2,-0.060...
testing H1>-5.0
evaluate ot="H1.bs>-5.0" t="H1>-5.0", ctx="{'H1': None}"
check iteration duration=0.000639915466309
GetData ===>> H2,-0.231888146165909,H1,-0.220851019465895,AX,-0.185416190940785,L1,-0.065556495706082,L2,-0.083...
check iteration duration=6.60419464111e-05
GetData ===>> H2,-0.310233475590208,H1,-0.172338882182177,AX,-0.154362399876132,L1,-0.0638845202871817,L2,-0.01...
check iteration duration=8.10623168945e-05
GetData ===>> H2,-0.289761557510176,H1,-0.126176287520763,AX,-0.0814493857215187,L1,-0.0656055265471732,L2,0.03...
check iteration duration=6.50882720947e-05
GetData ===>> H2,-0.204314151750826,H1,-0.254406072894708,AX,-0.0369294732386684,L1,-0.0752469596311122,L2,-0.0...
check iteration duration=5.19752502441e-05
GetData ===>> H2,-0.160431170209782,H1,-0.119736629333,AX,-0.0290900049005348,L1,-0.0419918338052316,L2,0.03635...
testing H1>-5.0
evaluate ot="H1.bs>-5.0" t="H1>-5.0", ctx="{'H1': None}"
check iteration duration=0.00124001502991
GetData ===>> H2,-0.137958602890453,H1,-0.0800829044403926,AX,-0.106645121053831,L1,-0.0141351557873406,L2,0.05...
check iteration duration=3.31401824951e-05
GetData ===>> H2,-0.206570179062741,H1,-0.119903588668468,AX,-0.100294649184163,L1,-0.0454376731835039,L2,0.091...
check iteration duration=7.60555267334e-05
GetData ===>> H2,-0.246683343502133,H1,-0.0742066441763221,AX,0.000824063706049687,L1,-0.0552702724542105,L2,-0...
check iteration duration=4.10079956055e-05
GetData ===>> H2,-0.234413965937729,H1,-0.045165939079994,AX,-0.145516224685739,L1,-0.0513866866058077,L2,-0.04...
check iteration duration=5.00679016113e-05
GetData ===>> H2,-0.15761236191409,H1,-0.0407781046779963,AX,-0.05396306409675,L1,-0.0118134399339169,L2,-0.061...
testing H1>-5.0
evaluate ot="H1.bs>-5.0" t="H1>-5.0", ctx="{'H1': None}"
check iteration duration=0.000587940216064
GetData ===>> H2,-0.236308296517931,H1,-0.00155328969839701,AX,0.0763853891425213,L1,-0.00860866421527182,L2,0....
check iteration duration=8.08238983154e-05
GetData ===>> H2,-0.16249857091263,H1,-0.0346014248201907,AX,-0.0410924844741939,L1,-0.00211565681184313,L2,-0....
check iteration duration=5.79357147217e-05
GetData ===>> H2,-0.167126236622652,H1,-0.07718653530826,AX,-0.0914983291700145,L1,0.000586898449208255,L2,-0.0...
check iteration duration=3.50475311279e-05
GetData ===>> H2,-0.197055155013455,H1,-0.0171544187235416,AX,-0.121407207397742,L1,-0.0364003076674644,L2,-0.0...
check iteration duration=3.31401824951e-05
GetData ===>> H2,-0.181653924538706,H1,0.00244280347294641,AX,-0.0929122840542183,L1,-0.0773395641743745,L2,-0....
testing H1>-5.0
evaluate ot="H1.bs>-5.0" t="H1>-5.0", ctx="{'H1': None}"
check iteration duration=0.000532150268555
GetData ===>> H2,-0.0997142847270785,H1,-0.0242504579913703,AX,-0.16014734014003,L1,-0.0691195769247096,L2,0.05...
check iteration duration=3.69548797607e-05
GetData ===>> H2,-0.16638523522883,H1,0.0163647679978009,AX,-0.156750613310765,L1,-0.0530244103215803,L2,-0.003...
check iteration duration=7.20024108887e-05
GetData ===>> H2,-0.182203050917642,H1,0.0355747699600563,AX,-0.0621135508420044,L1,-0.05106006695936,L2,-0.008...
check iteration duration=6.8187713623e-05
GetData ===>> H2,-0.236931149737953,H1,0.00141692552830826,AX,-0.063585898833498,L1,-0.0429677560685214,L2,0.04...
check iteration duration=7.70092010498e-05
GetData ===>> H2,-0.201653240174352,H1,-0.0171782717990564,AX,-0.047435226082003,L1,-0.0479752008806335,L2,0.03...
testing H1>-5.0
evaluate ot="H1.bs>-5.0" t="H1>-5.0", ctx="{'H1': None}"
check iteration duration=0.00102090835571
08:10:54 -- collecting point 25
GetData ===>> H2,-0.286875567793058,H1,0.0661393945311285,AX,0.064706037517827,L1,-0.0434179655574654,L2,0.0109...
check iteration duration=6.89029693604e-05
GetData ===>> H2,-0.30937346583315,H1,0.0602668253491202,AX,-0.112126125705816,L1,-0.0535232110214251,L2,0.0158...
check iteration duration=3.69548797607e-05
GetData ===>> H2,-0.217601324729486,H1,0.0835961410391441,AX,-0.0502643961440941,L1,-0.0428863330496552,L2,0.00...
check iteration duration=6.103515625e-05
GetData ===>> H2,-0.20704046498976,H1,0.0531056217125904,AX,-0.054623939805312,L1,-0.0133693004666682,L2,0.0287...
check iteration duration=3.60012054443e-05
GetData ===>> H2,-0.217597282164329,H1,0.140325984304712,AX,-0.0411388679974027,L1,0.0146159634010086,L2,0.0623...
testing H1>-5.0
evaluate ot="H1.bs>-5.0" t="H1>-5.0", ctx="{'H1': None}"
check iteration duration=0.00125479698181
GetData ===>> H2,-0.270060292207383,H1,0.0819024946566273,AX,-0.177592821864772,L1,-0.00760134100887602,L2,-0.1...
check iteration duration=6.60419464111e-05
GetData ===>> H2,-0.128001823575338,H1,0.100569968040776,AX,-0.103968239107994,L1,-0.041506831046974,L2,0.01753...
check iteration duration=3.09944152832e-05
GetData ===>> H2,-0.0866934849630084,H1,0.0907765656694927,AX,-0.051539814766135,L1,-0.0398744152359337,L2,-0.0...
check iteration duration=7.70092010498e-05
GetData ===>> H2,-0.136530930816046,H1,0.0153148865509547,AX,-0.12777947238772,L1,-0.00706645938249664,L2,-0.07...
check iteration duration=3.60012054443e-05
GetData ===>> H2,-0.255193443022882,H1,0.0506947983928586,AX,-0.0638409489776563,L1,0.0179329127688768,L2,0.033...
testing H1>-5.0
evaluate ot="H1.bs>-5.0" t="H1>-5.0", ctx="{'H1': None}"
check iteration duration=0.00147795677185
GetData ===>> H2,-0.186835160302588,H1,0.0456704472374227,AX,0.0172871024504365,L1,-0.0464383974339957,L2,-0.02...
check iteration duration=3.2901763916e-05
GetData ===>> H2,-0.125462896395037,H1,0.057473895007898,AX,-0.101766419530375,L1,-0.00496023662359792,L2,0.014...
check iteration duration=6.79492950439e-05
GetData ===>> H2,-0.159337226278065,H1,0.0789804256356998,AX,-0.126435538506241,L1,-0.00749340754355196,L2,-0.0...
check iteration duration=7.60555267334e-05
GetData ===>> H2,-0.230987757409365,H1,0.110555214378816,AX,-0.0123652416061442,L1,0.00151952033569596,L2,0.042...
check iteration duration=8.70227813721e-05
GetData ===>> H2,-0.330358820083388,H1,0.061830422930931,AX,-0.0148010655417337,L1,-0.0172225832102802,L2,0.045...
testing H1>-5.0
evaluate ot="H1.bs>-5.0" t="H1>-5.0", ctx="{'H1': None}"
check iteration duration=0.000547885894775
GetData ===>> H2,-0.206355916239157,H1,0.126006273053547,AX,-0.151521972600132,L1,-0.0155134581869953,L2,0.1203...
check iteration duration=4.00543212891e-05
GetData ===>> H2,-0.199255996686084,H1,0.07152288552168,AX,-0.11501135081431,L1,-0.0144827078324093,L2,-0.04875...
check iteration duration=4.00543212891e-05
GetData ===>> H2,-0.267764784217853,H1,0.062355606222453,AX,-0.0669826481915971,L1,-0.00379658748571396,L2,-0.0...
check iteration duration=5.19752502441e-05
GetData ===>> H2,-0.191422236669707,H1,0.077274930879301,AX,-0.180142729810082,L1,-0.0085463090388924,L2,-0.038...
check iteration duration=6.91413879395e-05
GetData ===>> H2,-0.165158224720269,H1,0.0179396108132891,AX,-0.0650466315187321,L1,-0.0181603796883689,L2,-0.0...
testing H1>-5.0
evaluate ot="H1.bs>-5.0" t="H1>-5.0", ctx="{'H1': None}"
check iteration duration=0.000582933425903
GetData ===>> H2,-0.205593161545019,H1,0.0620094623799751,AX,-0.0775199318074345,L1,0.0198693052505551,L2,-0.08...
check iteration duration=8.29696655273e-05
GetData ===>> H2,-0.281232795537148,H1,0.106164923705676,AX,-0.00679741512790416,L1,0.00512118768896676,L2,-0.0...
check iteration duration=6.98566436768e-05
GetData ===>> H2,-0.179413968601444,H1,0.0705559844418559,AX,-0.0583688173790772,L1,-0.0446128386738106,L2,0.02...
check iteration duration=6.5803527832e-05
GetData ===>> H2,-0.0702871390785775,H1,0.108371975124411,AX,-0.0422288744281873,L1,-0.0103796297637439,L2,-0.1...
check iteration duration=3.19480895996e-05
GetData ===>> H2,-0.139072494949637,H1,0.0849319950116946,AX,-0.0817043890467498,L1,0.0213002163457938,L2,0.098...
testing H1>-5.0
evaluate ot="H1.bs>-5.0" t="H1>-5.0", ctx="{'H1': None}"
check iteration duration=0.00101590156555
08:11:20 -- collecting point 50
GetData ===>> H2,-0.187998959719013,H1,0.113669096970814,AX,-0.0542413280999962,L1,-0.00481988607672646,L2,0.01...
check iteration duration=4.19616699219e-05
GetData ===>> H2,-0.0838386091609692,H1,0.100367171679872,AX,-0.0953576821146804,L1,0.0111512655575392,L2,0.067...
check iteration duration=6.103515625e-05
GetData ===>> H2,-0.0818175522135411,H1,0.0701381905676925,AX,-0.0142443111592717,L1,0.0010465970280993,L2,0.02...
check iteration duration=3.79085540771e-05
GetData ===>> H2,-0.136102323736585,H1,0.137867621654997,AX,-0.230767739395668,L1,-0.0415475482279636,L2,0.0268...
check iteration duration=4.79221343994e-05
GetData ===>> H2,-0.098647387347574,H1,0.0471980142630059,AX,-0.0370918224176124,L1,-0.0280031660572241,L2,0.00...
testing H1>-5.0
evaluate ot="H1.bs>-5.0" t="H1>-5.0", ctx="{'H1': None}"
check iteration duration=0.000624895095825
GetData ===>> H2,-0.235106886487486,H1,0.0672375554475082,AX,0.0491188978814612,L1,0.00116782652061179,L2,0.006...
check iteration duration=4.60147857666e-05
GetData ===>> H2,-0.127225875215058,H1,0.109040065143318,AX,-0.0416722769250718,L1,0.0113913309437547,L2,0.0474...
check iteration duration=8.79764556885e-05
GetData ===>> H2,-0.210663301725984,H1,0.192598367817998,AX,-0.146385805740468,L1,-0.0212369854570751,L2,0.0190...
check iteration duration=3.50475311279e-05
GetData ===>> H2,-0.307523081718927,H1,0.111593164486013,AX,-0.0541253848620303,L1,-0.0012576861001189,L2,-0.01...
check iteration duration=3.981590271e-05
GetData ===>> H2,-0.22342111900875,H1,0.123106780757287,AX,0.0261056607746142,L1,0.0051454912653639,L2,-0.08208...
testing H1>-5.0
evaluate ot="H1.bs>-5.0" t="H1>-5.0", ctx="{'H1': None}"
check iteration duration=0.000576972961426
GetData ===>> H2,-0.300324231692265,H1,0.139526413133218,AX,-0.100897266505861,L1,0.00472253978484889,L2,-0.066...
check iteration duration=4.50611114502e-05
waiting for write to finish
measurement finished
estimated time: 62.915 actual time: :63.312
flush and close file /Users/jan/PychronDev/data/isotopes/8c/e18adc-9724-448b-be17-505e0814ab0a.h5
activate_detectors ('H1', 'AX', 'CDD') {'peak_center': True}
peak_center () {'detector': 'H1', 'integration_time': 0.262144, 'isotope': 'Ar40'}
peak center: mean=4527.62012596 threshold=3
peak center started
setup peak center. detector=['H1', 'AX', 'CDD'], isotope=Ar40
VersionedUnpickler [<apptools.sweet_pickle.versioned_unpickler.VersionedUnpickler object at 0x240ebdd70>] using Updater [<apptools.sweet_pickle.updater.Updater object at 0x12e273d10>]
VersionedUnpickler [<apptools.sweet_pickle.versioned_unpickler.VersionedUnpickler object at 0x240ebdd70>] using Updater [<apptools.sweet_pickle.updater.Updater object at 0x12e273d10>]
VersionedUnpickler [<apptools.sweet_pickle.versioned_unpickler.VersionedUnpickler object at 0x23eda6cb0>] using Updater [<apptools.sweet_pickle.updater.Updater object at 0x12e273d10>]
setting integration time = 0.524288
SetIntegrationTime 0.524288 ===>> OK
Mapping mass to dac mass func: "parabolic"
H1 map mass coeffs = [-0.00063987  0.15840543  0.57254999]
H1 map mass to dac 39.9624 >> 5.88094
GetDeflection H1 ===>> 0
GetHighVoltage ===>> 4499.94659342336
do peak center. <pychron.spectrometer.jobs.peak_center.PeakCenter object at 0x16275af50>
doing pc
starting peak center. center dac= 5.8809053677 step_width=0.001
width = 0.001
get scan parameters. half-width=0.015,window=0.015, i=0, scalar=1
Scan parameters center=5.88091 width=0.03000 (5.86591 - 5.89591)
GetData ===>> H2,-0.285419534475262,H1,0.137509612709841,AX,-0.151104596704379,L1,0.0105967363814981,L2,0.04918...
Moving to starting dac 5.8659053677
setting magnet DAC
current  : 5.241565
requested: 5.865905
Delta Dac: 0.624340
Checking detector protection. dv=0.62434
Checking detector "CDD". Protection Threshold: 0.1 (V)
ProtectDetector CDD,On ===>> OK
GetDeflection CDD ===>> 2000
Protected = 2000
SetMagnetDAC 5.8659053677 ===>> OK
Magnet settling time: 0.500
GetMagnetMoving ===>> True
GetMagnetMoving ===>> True
GetMagnetMoving ===>> True
GetMagnetMoving ===>> True
GetMagnetMoving ===>> True
GetMagnetMoving ===>> True
GetMagnetMoving ===>> True
GetMagnetMoving ===>> True
GetMagnetMoving ===>> False
ProtectDetector CDD,Off ===>> OK
GetDeflection CDD ===>> 50
Wait until signal near baseline. tol= 0.103132209532. timeout= 10
GetData ===>> H2,12.7785602393079,H1,1.91183028707747,AX,0.190486974171526,L1,0.211719807708381,L2,0.1501956677...
GetData ===>> H2,144.295073333693,H1,71.9369756110576,AX,2.4669224457308,L1,0.356469334396938,L2,0.451942950137...
GetData ===>> H2,151.72205500514,H1,119.561379499756,AX,4.27631041099439,L1,0.308921035394023,L2,0.063673318681...
GetData ===>> H2,151.727672262512,H1,56.9646855262834,AX,1.891348182278,L1,0.217251992332176,L2,-0.058077743056...
GetData ===>> H2,151.719412938729,H1,29.362130256489,AX,0.786063049706426,L1,0.122601711078605,L2,-0.0494514104...
GetData ===>> H2,144.031804139064,H1,16.6125717950516,AX,0.516868430633019,L1,0.0693009734787121,L2,-0.04546801...
GetData ===>> H2,92.6383520233006,H1,10.4326143940063,AX,0.277652740169261,L1,0.0871787541021968,L2,0.076595403...
GetData ===>> H2,42.7679482750093,H1,7.52332967633869,AX,0.184059989878852,L1,0.0519174707378928,L2,0.058705503...
GetData ===>> H2,16.5420901612055,H1,6.04056403553887,AX,0.0756772229873396,L1,0.0495505111968055,L2,-0.1032679...
GetData ===>> H2,5.97745883830489,H1,5.40036905075521,AX,0.0676819891230879,L1,0.00568388538323156,L2,-0.103290...
GetData ===>> H2,2.51085424749993,H1,4.94678195051501,AX,0.00750639911785308,L1,-0.0318222879182626,L2,-0.00236...
GetData ===>> H2,1.73973561870764,H1,4.65856060920673,AX,0.115779166850403,L1,-0.0278567342184641,L2,0.03300459...
GetData ===>> H2,1.52762245591282,H1,4.70876465818943,AX,0.0900702983868147,L1,-0.00858588063791494,L2,-0.05418...
GetData ===>> H2,1.46396112508575,H1,4.61525625744941,AX,0.0158599635076673,L1,0.0040561605978087,L2,-0.0251387...
GetData ===>> H2,1.39298472214856,H1,4.57169040913226,AX,0.0409017470826321,L1,0.0176398976510376,L2,-0.0311719...
GetData ===>> H2,1.28751605348853,H1,4.60827471197047,AX,0.0329870117903559,L1,-0.0100103546038171,L2,0.0374015...
GetData ===>> H2,1.15741687767089,H1,4.72583817715042,AX,-0.0262718168627748,L1,-0.0363248223477567,L2,-0.01803...
GetData ===>> H2,1.08968590999442,H1,4.71861817052999,AX,-0.0349928585776404,L1,-0.0504821754126328,L2,-0.05008...
GetData ===>> H2,1.06678818485147,H1,4.63845012248114,AX,0.125726077239935,L1,-0.0331095001678851,L2,-0.1195321...
GetData ===>> H2,1.01194050201108,H1,4.72310622292056,AX,0.02310029919454,L1,-0.0250246063411998,L2,-0.06481439...
GetData ===>> H2,0.915481602406061,H1,4.70317979599428,AX,0.0312231115451702,L1,-0.0193004599410317,L2,-0.06504...
Peak center failed to move to a baseline position
_do_sweep sm= 5.8659053677, em= 5.8959053677, stm= 0.001
calculated step values: start=5.8659053677, end=5.8959053677, width=0.001, nsteps=31.0
setting magnet DAC
current  : 5.865905
requested: 5.865905
Delta Dac: 0.000000
Checking detector protection. dv=0.00000
Checking detector "CDD". Protection Threshold: 0.1 (V)
SetMagnetDAC 5.8659053677 ===>> OK
GetData ===>> H2,0.915481602406061,H1,4.70317979599428,AX,0.0312231115451702,L1,-0.0193004599410317,L2,-0.06504...
setting magnet DAC
current  : 5.865905
requested: 5.866940
Delta Dac: 0.001034
Checking detector protection. dv=0.00103
Checking detector "CDD". Protection Threshold: 0.1 (V)
SetMagnetDAC 5.86693985045 ===>> OK
Magnet settling time: 1.049
GetData ===>> H2,0.715120301257478,H1,9.11023057366227,AX,0.308777381349355,L1,-0.00850673728430098,L2,-0.05962...
setting magnet DAC
current  : 5.866940
requested: 5.867974
Delta Dac: 0.001034
Checking detector protection. dv=0.00103
Checking detector "CDD". Protection Threshold: 0.1 (V)
SetMagnetDAC 5.86797433321 ===>> OK
Magnet settling time: 1.049
GetData ===>> H2,0.554128805232991,H1,26.9107233843309,AX,0.917551387683301,L1,-0.02889793320728,L2,-0.22721561...
setting magnet DAC
current  : 5.867974
requested: 5.869009
Delta Dac: 0.001034
Checking detector protection. dv=0.00103
Checking detector "CDD". Protection Threshold: 0.1 (V)
SetMagnetDAC 5.86900881597 ===>> OK
Magnet settling time: 1.049
GetData ===>> H2,0.361745230494465,H1,95.4834291657076,AX,2.48592025034583,L1,-0.000694865606568961,L2,-0.14142...
setting magnet DAC
current  : 5.869009
requested: 5.870043
Delta Dac: 0.001034
Checking detector protection. dv=0.00103
Checking detector "CDD". Protection Threshold: 0.1 (V)
SetMagnetDAC 5.87004329873 ===>> OK
Magnet settling time: 1.049
GetData ===>> H2,0.353705366114284,H1,327.736416848524,AX,7.95054903821858,L1,0.0308187256748716,L2,-0.07760361...
setting magnet DAC
current  : 5.870043
requested: 5.871078
Delta Dac: 0.001034
Checking detector protection. dv=0.00103
Checking detector "CDD". Protection Threshold: 0.1 (V)
SetMagnetDAC 5.87107778149 ===>> OK
Magnet settling time: 1.049
GetData ===>> H2,0.246559706136092,H1,926.776633707924,AX,23.8758643457761,L1,0.198411895196639,L2,0.1624906950...
setting magnet DAC
current  : 5.871078
requested: 5.872112
Delta Dac: 0.001034
Checking detector protection. dv=0.00103
Checking detector "CDD". Protection Threshold: 0.1 (V)
SetMagnetDAC 5.87211226425 ===>> OK
Magnet settling time: 1.049
GetData ===>> H2,0.135911278217524,H1,1926.20297601062,AX,54.9971246632542,L1,0.616081739730979,L2,-0.021381993...
setting magnet DAC
current  : 5.872112
requested: 5.873147
Delta Dac: 0.001034
Checking detector protection. dv=0.00103
Checking detector "CDD". Protection Threshold: 0.1 (V)
SetMagnetDAC 5.87314674701 ===>> OK
Magnet settling time: 1.049
GetData ===>> H2,0.220172279954002,H1,2993.76720514161,AX,94.5093483714284,L1,1.23649280465138,L2,0.00639958765...
setting magnet DAC
current  : 5.873147
requested: 5.874181
Delta Dac: 0.001034
Checking detector protection. dv=0.00103
Checking detector "CDD". Protection Threshold: 0.1 (V)
SetMagnetDAC 5.87418122976 ===>> OK
Magnet settling time: 1.049
GetData ===>> H2,0.251683287202,H1,3762.41398821239,AX,128.192955460342,L1,1.96276419963046,L2,-0.0216096779065...
setting magnet DAC
current  : 5.874181
requested: 5.875216
Delta Dac: 0.001034
Checking detector protection. dv=0.00103
Checking detector "CDD". Protection Threshold: 0.1 (V)
SetMagnetDAC 5.87521571252 ===>> OK
Magnet settling time: 1.049
GetData ===>> H2,0.101962524093464,H1,4139.09544619055,AX,148.800142170309,L1,2.68478052462814,L2,0.05478612507...
setting magnet DAC
current  : 5.875216
requested: 5.876250
Delta Dac: 0.001034
Checking detector protection. dv=0.00103
Checking detector "CDD". Protection Threshold: 0.1 (V)
SetMagnetDAC 5.87625019528 ===>> OK
Magnet settling time: 1.049
GetData ===>> H2,0.201049546198487,H1,4292.98086183035,AX,159.356770894179,L1,3.31403314583304,L2,-0.0308304461...
setting magnet DAC
current  : 5.876250
requested: 5.877285
Delta Dac: 0.001034
Checking detector protection. dv=0.00103
Checking detector "CDD". Protection Threshold: 0.1 (V)
SetMagnetDAC 5.87728467804 ===>> OK
Magnet settling time: 1.049
GetData ===>> H2,0.252947362153915,H1,4310.2668608811,AX,160.933134432051,L1,3.54676987327986,L2,0.156764984948...
setting magnet DAC
current  : 5.877285
requested: 5.878319
Delta Dac: 0.001034
Checking detector protection. dv=0.00103
Checking detector "CDD". Protection Threshold: 0.1 (V)
SetMagnetDAC 5.8783191608 ===>> OK
Magnet settling time: 1.049
GetData ===>> H2,0.1872335293587,H1,4313.51335340641,AX,161.151432632064,L1,3.69465766607987,L2,0.2532809616239...
setting magnet DAC
current  : 5.878319
requested: 5.879354
Delta Dac: 0.001034
Checking detector protection. dv=0.00103
Checking detector "CDD". Protection Threshold: 0.1 (V)
SetMagnetDAC 5.87935364356 ===>> OK
Magnet settling time: 1.049
GetData ===>> H2,0.0989924713969727,H1,4314.39357392808,AX,161.066024242106,L1,3.77297249862543,L2,0.2226427471...
setting magnet DAC
current  : 5.879354
requested: 5.880388
Delta Dac: 0.001034
Checking detector protection. dv=0.00103
Checking detector "CDD". Protection Threshold: 0.1 (V)
SetMagnetDAC 5.88038812632 ===>> OK
Magnet settling time: 1.049
GetData ===>> H2,0.0674378226937688,H1,4313.83669109076,AX,160.96165392277,L1,3.83686952777396,L2,0.25872448755...
setting magnet DAC
current  : 5.880388
requested: 5.881423
Delta Dac: 0.001034
Checking detector protection. dv=0.00103
Checking detector "CDD". Protection Threshold: 0.1 (V)
SetMagnetDAC 5.88142260908 ===>> OK
Magnet settling time: 1.049
GetData ===>> H2,-0.0260967843056836,H1,4313.65916982546,AX,160.774051666196,L1,3.7719615672646,L2,0.3301122113...
setting magnet DAC
current  : 5.881423
requested: 5.882457
Delta Dac: 0.001034
Checking detector protection. dv=0.00103
Checking detector "CDD". Protection Threshold: 0.1 (V)
SetMagnetDAC 5.88245709183 ===>> OK
Magnet settling time: 1.049
GetData ===>> H2,-0.0364514843567745,H1,4310.63542245571,AX,160.94805044504,L1,3.80504504984932,L2,0.2500614335...
setting magnet DAC
current  : 5.882457
requested: 5.883492
Delta Dac: 0.001034
Checking detector protection. dv=0.00103
Checking detector "CDD". Protection Threshold: 0.1 (V)
SetMagnetDAC 5.88349157459 ===>> OK
Magnet settling time: 1.049
GetData ===>> H2,0.0748153387006745,H1,4307.82490084875,AX,160.762833150693,L1,3.81634792149922,L2,0.2629866492...
setting magnet DAC
current  : 5.883492
requested: 5.884526
Delta Dac: 0.001034
Checking detector protection. dv=0.00103
Checking detector "CDD". Protection Threshold: 0.1 (V)
SetMagnetDAC 5.88452605735 ===>> OK
Magnet settling time: 1.049
GetData ===>> H2,-0.0713339924853809,H1,4299.07130019452,AX,159.830771370323,L1,3.88243291146255,L2,0.275295560...
setting magnet DAC
current  : 5.884526
requested: 5.885561
Delta Dac: 0.001034
Checking detector protection. dv=0.00103
Checking detector "CDD". Protection Threshold: 0.1 (V)
SetMagnetDAC 5.88556054011 ===>> OK
Magnet settling time: 1.049
GetData ===>> H2,-0.0322422873452166,H1,4275.27059336795,AX,158.165142525234,L1,3.78911055483789,L2,0.260844148...
setting magnet DAC
current  : 5.885561
requested: 5.886595
Delta Dac: 0.001034
Checking detector protection. dv=0.00103
Checking detector "CDD". Protection Threshold: 0.1 (V)
SetMagnetDAC 5.88659502287 ===>> OK
Magnet settling time: 1.049
GetData ===>> H2,-0.123540072040023,H1,4188.97340723009,AX,152.088121624852,L1,3.67701356895703,L2,0.0167400397...
setting magnet DAC
current  : 5.886595
requested: 5.887630
Delta Dac: 0.001034
Checking detector protection. dv=0.00103
Checking detector "CDD". Protection Threshold: 0.1 (V)
SetMagnetDAC 5.88762950563 ===>> OK
Magnet settling time: 1.049
GetData ===>> H2,-0.138095131397383,H1,3905.14881231414,AX,134.74376955174,L1,3.37928265988781,L2,0.18195154443...
setting magnet DAC
current  : 5.887630
requested: 5.888664
Delta Dac: 0.001034
Checking detector protection. dv=0.00103
Checking detector "CDD". Protection Threshold: 0.1 (V)
SetMagnetDAC 5.88866398839 ===>> OK
Magnet settling time: 1.049
GetData ===>> H2,-0.272629309107339,H1,3274.40312200281,AX,103.15852925666,L1,2.77717841137296,L2,0.06984926498...
setting magnet DAC
current  : 5.888664
requested: 5.889698
Delta Dac: 0.001034
Checking detector protection. dv=0.00103
Checking detector "CDD". Protection Threshold: 0.1 (V)
SetMagnetDAC 5.88969847114 ===>> OK
Magnet settling time: 1.049
GetData ===>> H2,-0.351699473240719,H1,1721.717798586,AX,43.5121308792327,L1,1.59536751566175,L2,-0.06777290310...
setting magnet DAC
current  : 5.889698
requested: 5.890733
Delta Dac: 0.001034
Checking detector protection. dv=0.00103
Checking detector "CDD". Protection Threshold: 0.1 (V)
SetMagnetDAC 5.8907329539 ===>> OK
Magnet settling time: 1.049
GetData ===>> H2,-0.274865274874923,H1,791.140668818815,AX,16.9935001348797,L1,1.02259887196438,L2,0.0897015929...
setting magnet DAC
current  : 5.890733
requested: 5.891767
Delta Dac: 0.001034
Checking detector protection. dv=0.00103
Checking detector "CDD". Protection Threshold: 0.1 (V)
SetMagnetDAC 5.89176743666 ===>> OK
Magnet settling time: 1.049
GetData ===>> H2,-0.273354100478904,H1,284.358914021888,AX,4.96495555139527,L1,0.589512162622631,L2,-0.23345243...
setting magnet DAC
current  : 5.891767
requested: 5.892802
Delta Dac: 0.001034
Checking detector protection. dv=0.00103
Checking detector "CDD". Protection Threshold: 0.1 (V)
SetMagnetDAC 5.89280191942 ===>> OK
Magnet settling time: 1.049
GetData ===>> H2,-0.295803760481089,H1,83.911832328256,AX,1.1564045526271,L1,0.333526627197484,L2,-0.0403917853...
setting magnet DAC
current  : 5.892802
requested: 5.893836
Delta Dac: 0.001034
Checking detector protection. dv=0.00103
Checking detector "CDD". Protection Threshold: 0.1 (V)
SetMagnetDAC 5.89383640218 ===>> OK
Magnet settling time: 1.049
GetData ===>> H2,-0.2780775251435,H1,21.1578935186618,AX,0.186171335071373,L1,0.209951499986433,L2,-0.029418929...
setting magnet DAC
current  : 5.893836
requested: 5.894871
Delta Dac: 0.001034
Checking detector protection. dv=0.00103
Checking detector "CDD". Protection Threshold: 0.1 (V)
SetMagnetDAC 5.89487088494 ===>> OK
Magnet settling time: 1.049
GetData ===>> H2,-0.156580289355667,H1,4.44129895778704,AX,-0.132819059083767,L1,0.167322176217241,L2,0.0024595...
setting magnet DAC
current  : 5.894871
requested: 5.895905
Delta Dac: 0.001034
Checking detector protection. dv=0.00103
Checking detector "CDD". Protection Threshold: 0.1 (V)
SetMagnetDAC 5.8959053677 ===>> OK
Magnet settling time: 1.049
GetData ===>> H2,-0.161658692666968,H1,0.576915226519348,AX,-0.284880103929899,L1,0.0571772309330075,L2,0.00081...
result of _do_sweep=True
result of _calculate_peak_center=([5.8734224708676663, 5.8810846918613784, 5.8887469128550904], [3198.6369890063534, 4314.3835299490493, 3149.9393686222256], 5.8793723015635413, 4314.3835299490493)
new center pos Detector(H1) (Ar40) @ 5.88108469186
GetHighVoltage ===>> 4499.94659342336
GetDeflection H1 ===>> 0
dac uncorrected for HV and deflection 5.88111932522
update mftable H1 Ar40 5.88111932522 message=automated run peakcenter
get initial guess parabolic
get initial guess parabolic
get initial guess parabolic
get initial guess parabolic
get initial guess parabolic
get initial guess parabolic
dump mftable to /Users/jan/PychronDev/setupfiles/spectrometer/mftables/mftable.csv
add to repo msg=modified - automated run peakcenter
locally archiving mftable
setting magnet DAC
current  : 5.895905
requested: 5.881085
Delta Dac: 0.014821
Checking detector protection. dv=0.01482
Checking detector "CDD". Protection Threshold: 0.1 (V)
SetMagnetDAC 5.88108469186 ===>> OK
Magnet settling time: 0.500
sweep finished
setting integration time = 1.048576
SetIntegrationTime 1.048576 ===>> OK
flush and close file /Users/jan/PychronDev/data/isotopes/8c/e18adc-9724-448b-be17-505e0814ab0a.h5
finished measure script
executed snippet estimated_duration=226.132928, duration=273.099426985
jan_unknown120_60.py completed successfully
Measurement Finished
08:12:18 -- ******* Measurement Finished *******
Post Measurement Started jan_pump_ms.py
08:12:18 -- ******* Post Measurement Started jan_pump_ms.py *******
testing...
no interpolation path defined
executed snippet estimated_duration=0, duration=2.90870666504e-05
Pumping spectrometer
open () {'name': 'O'}
opening name=O desc=---
checking ownership. requestor=129.138.12.150
check software interlocks O
interlocks []
actuate state mode=None-script, software_lock=False
doing actuation None-script open_channel True
Open O ===>> OK
GetIndicatorState O ===>> OK
change switch state (True, True)
update switch state O True args=() kw={} ncanvase=8
08:12:18 -- OPEN   VALVE-O (Jan Ion Pump)
---------------------------------------- open O () result=[(True, True)], time=0.40 sec
action=open, ok=True, locked=[False]
executed snippet estimated_duration=0, duration=0.65212893486
jan_pump_ms.py completed successfully
setting _ms_pumptime
Post Measurement Finished
08:12:19 -- ******* Post Measurement Finished *******
$$$$$$$$$$$$$$$$$$$$ state at run end measurement
state changed from measurement to success
post measurement save measured=True aborted=False
Set filtering
setting fod for Ar40= {'filter_outliers': True, 'std_devs': 2, 'iterations': 1}
setting fod for H1= {'filter_outliers': True, 'std_devs': 2, 'iterations': 1}
setting fod for PM41= {'filter_outliers': False, 'std_devs': 2, 'iterations': 1}
setting fod for H2= {'filter_outliers': True, 'std_devs': 2, 'iterations': 1}
setting fod for Ar36= {'filter_outliers': True, 'std_devs': 2, 'iterations': 1}
setting fod for CDD= {'filter_outliers': True, 'std_devs': 10, 'iterations': 1}
setting fod for Ar37= {'filter_outliers': True, 'std_devs': 2, 'iterations': 1}
setting fod for L2= {'filter_outliers': True, 'std_devs': 2, 'iterations': 1}
setting fod for Ar38= {'filter_outliers': True, 'std_devs': 2, 'iterations': 1}
setting fod for L1= {'filter_outliers': True, 'std_devs': 2, 'iterations': 1}
setting fod for Ar39= {'filter_outliers': True, 'std_devs': 2, 'iterations': 1}
setting fod for AX= {'filter_outliers': True, 'std_devs': 2, 'iterations': 1}
persistence save...
persistence save - db
post measurement save
8759258864 connecting to database sqlite:////Users/jan/PychronDev/.appdata/local_lab.db
connected to db sqlite:////Users/jan/PychronDev/.appdata/local_lab.db
create new session 8759258864
close session 8759258864
No database instance. Not saving post measurement to isotopedb database
$$$$$$$$$$$$$$$ auto_save_detector_ic=False
massspec enabled True
create new session 6484677072
MassSpec Database Version: 16.0
close session 6484677072
saving post measurement to secondary database
saving to massspec database 129.138.12.160/massspecdata
setting labnumber to 65473
setting aliquot to 2
setting step to H
setting uuid to 8ce18adc-9724-448b-be17-505e0814ab0a
setting irradpos to 65473
setting extract_device to Fusions CO2
setting tray to 
setting position to 90
setting power_requested to 1.7
setting extract_value to 1.7
setting duration to 30.0
setting duration_at_request to 30.0
setting first_stage_delay to 30.0
setting cleanup to 30.0
setting comment to P:5
setting irradiation to NM-288
setting level to P
setting irradiation_level to P
setting sample to DAMP
setting material to Kspar
setting project to IR989
setting mass_spectrometer to Jan
no attribute chron_dosages
no attribute production_ratios
no attribute interference_corrections
no attribute production_name
no attribute j
Reference Isotope=Ar40
Reference Detector=H1
%%%%%%%%%%%%%%%%%%%% Comment: P:5 %%%%%%%%%%%%%%%%%%%
adding isotope PM41 H2
add baseline dbdet= PM41. original det= H2
get baseline data PM41 H2
Get data baseline <pychron.processing.isotope.Baseline object at 0x23fef7d50> len t=60
baseline PM41. v=-0.192164308561, e=0.00830242010059
get signal data PM41 H2
Get data signal PM41 0.43+/-0.16 len t=120
adding isotope Ar40 H1
add baseline dbdet= Ar40. original det= H1
get baseline data Ar40 H1
Get data baseline <pychron.processing.isotope.Baseline object at 0x23fef7f50> len t=60
baseline Ar40. v=0.040780834501, e=0.0106239640717
get signal data Ar40 H1
Get data signal Ar40 4768.51+/-0.26 len t=120
adding isotope Ar39 AX
add baseline dbdet= Ar39. original det= AX
get baseline data Ar39 AX
Get data baseline <pychron.processing.isotope.Baseline object at 0x23ff05150> len t=60
baseline Ar39. v=-0.0810433728883, e=0.00753592336768
get signal data Ar39 AX
Get data signal Ar39 175.467+/-0.027 len t=120
adding isotope Ar38 L1
add baseline dbdet= Ar38. original det= L1
get baseline data Ar38 L1
Get data baseline <pychron.processing.isotope.Baseline object at 0x23ff05310> len t=60
baseline Ar38. v=-0.0253240395479, e=0.00354417957929
get signal data Ar38 L1
Get data signal Ar38 4.241+/-0.008 len t=120
adding isotope Ar37 L2
add baseline dbdet= Ar37. original det= L2
get baseline data Ar37 L2
Get data baseline <pychron.processing.isotope.Baseline object at 0x23ff054d0> len t=60
baseline Ar37. v=-0.00513259890497, e=0.00698468275088
get signal data Ar37 L2
Get data signal Ar37 0.194+/-0.013 len t=120
adding isotope Ar36 CDD
add baseline dbdet= Ar36. original det= CDD
get baseline data Ar36 CDD
Get data baseline <pychron.processing.isotope.Baseline object at 0x23ff05690> len t=60
baseline Ar36. v=0.000940333235226, e=4.23858171957e-05
get signal data Ar36 CDD
Get data signal Ar36 10.305+/-0.007 len t=120
65473-02H added analysis time 0.541818141937s
analysis added to mass spec database
mass spec save time= 0.551
persistence save - dvc
================= post measurement started
create new session 4992585168
close session 4992585168
---------------- Experiment Queue saving disabled
DVC saving peakcenter
Smart pull ahead: 0 behind: 0
Up-to-date with origin
add to repo msg=modified - ad8224ebc6dbfeb9f5997218dfa5fe690569839d.json
add to repo msg=modified - 73-02H.json
add to repo msg=modified - 73-02H.dat.json
add to repo msg=modified - 73-02H.blan.json
add to repo msg=modified - 73-02H.inte.json
add to repo msg=modified - 73-02H.icfa.json
add to repo msg=modified - 73-02H.base.json
not at valid file /Users/jan/PychronDev/data/.dvc/repositories/Load1795/654/tags/73-02H.tags.json
add to repo msg=modified - 73-02H.peak.json
add to repo msg=modified - 73-02H.extr.json
not at valid file /Users/jan/PychronDev/data/.dvc/repositories/Load1795/654/monitor/73-02H.moni.json
commit message=<COLLECTION>
add to repo msg=modified - 73-02H.inte.json
add to repo msg=modified - 73-02H.base.json
commit message=<ISOEVO> default collection fits
add to repo msg=modified - 73-02H.blan.json
commit message=<BLANKS> preceding bu-FC-J-7821
add to repo msg=modified - 73-02H.icfa.json
commit message=<ICFactor> default
push repository <pychron.git_archive.repo_manager.GitRepoManager object at 0x21c896ef0>
pushing to remote=origin, url=https://github.com
no changes to meta repo
create new session 4992585168
add association Load1795
get identifier "65473"
setting analysis irradiation position=<pychron.dvc.dvc_orm.IrradiationPositionTbl object at 0x241a06f10>
close session 4992585168
================= post measurement finished
08:12:31 -- ******* Post Run Check *******
loading queue conditionals post_run_actions
loading system conditionals post_run_actions
loading conditionals from /Users/jan/PychronDev/setupfiles/spectrometer/default_conditionals.yaml
loading queue conditionals post_run_terminations
loading system conditionals post_run_terminations
loading conditionals from /Users/jan/PychronDev/setupfiles/spectrometer/default_conditionals.yaml
Checking default post run terminations n=1
GetDeflection CDD ===>> 50
testing CDD==2000
evaluate ot="CDD.deflection==2000" t="CDD==2000", ctx="{'CDD': 50.0}"
08:12:31 -- ******* Post Run Check Passed *******
08:12:31 -- Automated run 65473-02H success duration: 362.841 s
----------------- finish -----------------
----------------- stop -----------------
retroactive repository identifiers disabled
finish run. runs completed=156
update duration runid=65473-02H, duration=362.840595961, md5=3be28e4d
loading script "jan_unknown120_60.py"
loading script "jan_pump_ms.py"
loading script "jan_co2.py"
loading script "jan_pump_extraction_line.py"
testing...
no interpolation path defined
executed snippet estimated_duration=213.652928, duration=0.000361919403076
script duration name:unknown120_60 seconds:214.0
loading script "jan_unknown120_60.py"
loading script "jan_pump_ms.py"
loading script "jan_co2.py"
loading script "jan_pump_extraction_line.py"
testing...
no interpolation path defined
executed snippet estimated_duration=0, duration=2.88486480713e-05
loading script "jan_unknown120_60.py"
loading script "jan_pump_ms.py"
loading script "jan_co2.py"
loading script "jan_pump_extraction_line.py"
testing...
no interpolation path defined
calculate duration
testing...
no interpolation path defined
executed snippet estimated_duration=0, duration=4.88758087158e-05
calculate duration
testing...
no interpolation path defined
executed snippet estimated_duration=0, duration=7.89165496826e-05
executed snippet estimated_duration=0.0, duration=0.00253701210022
script duration name:co2 seconds:0.0
loading script "jan_unknown120_60.py"
loading script "jan_pump_ms.py"
loading script "jan_co2.py"
loading script "jan_pump_extraction_line.py"
testing...
no interpolation path defined
calculate duration
testing...
no interpolation path defined
executed snippet estimated_duration=4.0, duration=0.000115871429443
executed snippet estimated_duration=4.0, duration=0.000982999801636
Script duration 214.0
Run total estimated duration= 215.000
unknown120_60 in script context. using previous estimated duration
script duration name:unknown120_60 seconds:214.0
pump_ms in script context. using previous estimated duration
co2 in script context. using previous estimated duration
script duration name:co2 seconds:0.0
pump_extraction_line in script context. using previous estimated duration
Script duration 214.0
Run total estimated duration= 215.000
loading script "jan_unknown400_120.py"
loading script "jan_pump_ms.py"
loading script "jan_cocktail_x1.py"
loading script "jan_pump_extraction_line.py"
testing...
no interpolation path defined
executed snippet estimated_duration=556.052928, duration=0.00014591217041
script duration name:unknown400_120 seconds:556.0
loading script "jan_unknown400_120.py"
loading script "jan_pump_ms.py"
loading script "jan_cocktail_x1.py"
loading script "jan_pump_extraction_line.py"
testing...
no interpolation path defined
calculate duration
testing...
no interpolation path defined
executed snippet estimated_duration=0, duration=3.50475311279e-05
calculate duration
testing...
no interpolation path defined
executed snippet estimated_duration=0, duration=7.39097595215e-05
calculate duration
testing...
no interpolation path defined
executed snippet estimated_duration=32.0, duration=6.98566436768e-05
calculate duration
testing...
no interpolation path defined
executed snippet estimated_duration=34.0, duration=7.60555267334e-05
calculate duration
testing...
no interpolation path defined
executed snippet estimated_duration=4.0, duration=4.81605529785e-05
calculate duration
testing...
no interpolation path defined
executed snippet estimated_duration=38.0, duration=7.20024108887e-05
executed snippet estimated_duration=108.0, duration=0.00533390045166
script duration name:cocktail_x1 seconds:108.0
Script duration 664.0
Run total estimated duration= 665.000
unknown400_120 in script context. using previous estimated duration
script duration name:unknown400_120 seconds:556.0
cocktail_x1 in script context. using previous estimated duration
script duration name:cocktail_x1 seconds:108.0
Script duration 664.0
Run total estimated duration= 665.000
loading script "jan_ic_peak_hop3.py"
loading script "jan_pump_ms.py"
loading script "jan_air_x1.py"
loading script "jan_pump_extraction_line.py"
testing...
no interpolation path defined
executed snippet estimated_duration=133.8, duration=0.00685691833496
script duration name:ic_peak_hop3 seconds:134.0
loading script "jan_ic_peak_hop3.py"
loading script "jan_pump_ms.py"
loading script "jan_air_x1.py"
loading script "jan_pump_extraction_line.py"
testing...
no interpolation path defined
calculate duration
testing...
no interpolation path defined
executed snippet estimated_duration=0, duration=4.00543212891e-05
calculate duration
testing...
no interpolation path defined
executed snippet estimated_duration=0, duration=7.58171081543e-05
calculate duration
testing...
no interpolation path defined
executed snippet estimated_duration=32.0, duration=9.91821289062e-05
calculate duration
testing...
no interpolation path defined
executed snippet estimated_duration=34.0, duration=8.29696655273e-05
calculate duration
testing...
no interpolation path defined
executed snippet estimated_duration=4.0, duration=4.81605529785e-05
calculate duration
testing...
no interpolation path defined
executed snippet estimated_duration=36.0, duration=8.01086425781e-05
executed snippet estimated_duration=106.0, duration=0.00585508346558
script duration name:air_x1 seconds:106.0
Script duration 240.0
Run total estimated duration= 241.000
script duration name:unknown120_60 seconds:214.0
script duration name:co2 seconds:0.0
Script duration 214.0
Run total estimated duration= 215.000
script duration name:unknown120_60 seconds:214.0
script duration name:co2 seconds:0.0
Script duration 214.0
Run total estimated duration= 215.000
script duration name:unknown120_60 seconds:214.0
script duration name:co2 seconds:0.0
Script duration 214.0
Run total estimated duration= 215.000
script duration name:unknown120_60 seconds:214.0
script duration name:co2 seconds:0.0
Script duration 214.0
Run total estimated duration= 215.000
script duration name:unknown120_60 seconds:214.0
script duration name:co2 seconds:0.0
Script duration 214.0
Run total estimated duration= 215.000
script duration name:unknown120_60 seconds:214.0
script duration name:co2 seconds:0.0
Script duration 214.0
Run total estimated duration= 215.000
script duration name:unknown120_60 seconds:214.0
script duration name:co2 seconds:0.0
Script duration 214.0
Run total estimated duration= 215.000
script duration name:unknown120_60 seconds:214.0
script duration name:co2 seconds:0.0
Script duration 214.0
Run total estimated duration= 215.000
script duration name:unknown120_60 seconds:214.0
script duration name:co2 seconds:0.0
Script duration 214.0
Run total estimated duration= 215.000
script duration name:unknown400_120 seconds:556.0
loading script "jan_unknown400_120.py"
loading script "jan_pump_ms.py"
loading script "jan_sniffair_x2.py"
loading script "jan_pump_extraction_line.py"
testing...
no interpolation path defined
calculate duration
testing...
no interpolation path defined
executed snippet estimated_duration=0, duration=4.31537628174e-05
calculate duration
testing...
no interpolation path defined
executed snippet estimated_duration=0, duration=7.70092010498e-05
calculate duration
testing...
no interpolation path defined
executed snippet estimated_duration=32.0, duration=6.89029693604e-05
calculate duration
testing...
no interpolation path defined
executed snippet estimated_duration=34.0, duration=0.000282049179077
calculate duration
testing...
no interpolation path defined
executed snippet estimated_duration=4.0, duration=6.60419464111e-05
calculate duration
testing...
no interpolation path defined
executed snippet estimated_duration=36.0, duration=6.91413879395e-05
calculate duration
testing...
no interpolation path defined
executed snippet estimated_duration=34.0, duration=7.20024108887e-05
calculate duration
testing...
no interpolation path defined
executed snippet estimated_duration=4.0, duration=4.79221343994e-05
calculate duration
testing...
no interpolation path defined
executed snippet estimated_duration=36.0, duration=7.58171081543e-05
calculate duration
testing...
no interpolation path defined
executed snippet estimated_duration=70.0, duration=7.20024108887e-05
executed snippet estimated_duration=250.0, duration=0.00911211967468
script duration name:sniffair_x2 seconds:250.0
Script duration 806.0
Run total estimated duration= 807.000
script duration name:unknown400_120 seconds:556.0
sniffair_x2 in script context. using previous estimated duration
script duration name:sniffair_x2 seconds:250.0
Script duration 806.0
Run total estimated duration= 807.000
script duration name:unknown400_120 seconds:556.0
script duration name:cocktail_x1 seconds:108.0
Script duration 664.0
Run total estimated duration= 665.000
script duration name:unknown120_60 seconds:214.0
script duration name:co2 seconds:0.0
Script duration 214.0
Run total estimated duration= 215.000
script duration name:unknown120_60 seconds:214.0
script duration name:co2 seconds:0.0
Script duration 214.0
Run total estimated duration= 215.000
script duration name:unknown120_60 seconds:214.0
script duration name:co2 seconds:0.0
Script duration 214.0
Run total estimated duration= 215.000
script duration name:unknown120_60 seconds:214.0
script duration name:co2 seconds:0.0
Script duration 214.0
Run total estimated duration= 215.000
script duration name:unknown120_60 seconds:214.0
script duration name:co2 seconds:0.0
Script duration 214.0
Run total estimated duration= 215.000
script duration name:unknown120_60 seconds:214.0
script duration name:co2 seconds:0.0
Script duration 214.0
Run total estimated duration= 215.000
script duration name:unknown120_60 seconds:214.0
script duration name:co2 seconds:0.0
Script duration 214.0
Run total estimated duration= 215.000
script duration name:unknown120_60 seconds:214.0
script duration name:co2 seconds:0.0
Script duration 214.0
Run total estimated duration= 215.000
script duration name:unknown400_120 seconds:556.0
script duration name:cocktail_x1 seconds:108.0
Script duration 664.0
Run total estimated duration= 665.000
ic_peak_hop3 in script context. using previous estimated duration
script duration name:ic_peak_hop3 seconds:134.0
air_x1 in script context. using previous estimated duration
script duration name:air_x1 seconds:106.0
Script duration 240.0
Run total estimated duration= 241.000
script duration name:unknown120_60 seconds:214.0
script duration name:co2 seconds:0.0
Script duration 214.0
Run total estimated duration= 215.000
script duration name:unknown120_60 seconds:214.0
script duration name:co2 seconds:0.0
Script duration 214.0
Run total estimated duration= 215.000
script duration name:unknown120_60 seconds:214.0
script duration name:co2 seconds:0.0
Script duration 214.0
Run total estimated duration= 215.000
script duration name:unknown120_60 seconds:214.0
script duration name:co2 seconds:0.0
Script duration 214.0
Run total estimated duration= 215.000
script duration name:unknown120_60 seconds:214.0
script duration name:co2 seconds:0.0
Script duration 214.0
Run total estimated duration= 215.000
script duration name:unknown120_60 seconds:214.0
script duration name:co2 seconds:0.0
Script duration 214.0
Run total estimated duration= 215.000
script duration name:unknown120_60 seconds:214.0
script duration name:co2 seconds:0.0
Script duration 214.0
Run total estimated duration= 215.000
script duration name:unknown120_60 seconds:214.0
script duration name:co2 seconds:0.0
Script duration 214.0
Run total estimated duration= 215.000
script duration name:unknown120_60 seconds:214.0
script duration name:co2 seconds:0.0
Script duration 214.0
Run total estimated duration= 215.000
script duration name:unknown120_60 seconds:214.0
script duration name:co2 seconds:0.0
Script duration 214.0
Run total estimated duration= 215.000
script duration name:unknown120_60 seconds:214.0
script duration name:co2 seconds:0.0
Script duration 214.0
Run total estimated duration= 215.000
nruns=38 before=0.0, run_dur=11206.0, btw=1665.0
write rem/ex queues
/Users/jan/PychronDev/experiments/rem/CurrentExperiment.rem.txt
/Users/jan/PychronDev/experiments/rem/CurrentExperiment.ex.txt
doing event level: 3
