do run
loading script "jan_unknown120_60.py"
loading script "jan_pump_ms.py"
loading script "jan_co2.py"
loading script "jan_pump_extraction_line.py"
testing...
no interpolation path defined
executed snippet estimated_duration=213.652928, duration=0.000355005264282
script duration name:unknown120_60 seconds:214.0
loading script "jan_unknown120_60.py"
loading script "jan_pump_ms.py"
loading script "jan_co2.py"
loading script "jan_pump_extraction_line.py"
testing...
no interpolation path defined
executed snippet estimated_duration=0, duration=2.59876251221e-05
loading script "jan_unknown120_60.py"
loading script "jan_pump_ms.py"
loading script "jan_co2.py"
loading script "jan_pump_extraction_line.py"
testing...
no interpolation path defined
calculate duration
testing...
no interpolation path defined
executed snippet estimated_duration=0, duration=5.50746917725e-05
calculate duration
testing...
no interpolation path defined
executed snippet estimated_duration=0, duration=0.000124931335449
executed snippet estimated_duration=0.0, duration=0.00321006774902
script duration name:co2 seconds:0.0
loading script "jan_unknown120_60.py"
loading script "jan_pump_ms.py"
loading script "jan_co2.py"
loading script "jan_pump_extraction_line.py"
testing...
no interpolation path defined
calculate duration
testing...
no interpolation path defined
executed snippet estimated_duration=4.0, duration=0.000183820724487
executed snippet estimated_duration=4.0, duration=0.00184202194214
Script duration 214.0
Run total estimated duration= 215.000
run duration: 0:03:35
doing event level: 2
07:59:36 -- Setting default integration. t=1.048576
setting integration time = 1.048576
SetIntegrationTime 1.048576 ===>> OK
----------------- start -----------------
**************** Experiment Type: Ar/Ar, Ar/Ar
create new session 4419438256
close session 4419438256
$$$$$ Clearing conditionals
adding conditionals 
Add queue conditionals
add default conditionals
adding default conditionals from /Users/jan/PychronDev/setupfiles/spectrometer/default_conditionals.yaml
Start automated run 65473-02G
loading script "jan_unknown120_60.py"
loading script "jan_pump_ms.py"
loading script "jan_co2.py"
loading script "jan_pump_extraction_line.py"
%%%%%%%%%%%%%%%%%% setting automated run 65473-02G
No value "sensitivity_multiplier" in metadata
$$$$$$$$$$$$$$$ auto_save_detector_ic=False
============================= Pre Extraction Check =============================
loading queue conditionals pre_run_terminations
loading system conditionals pre_run_terminations
loading conditionals from /Users/jan/PychronDev/setupfiles/spectrometer/default_conditionals.yaml
07:59:36 -- ******* Pre Extraction Check *******
Get a measurement from the spectrometer
GetData ===>> H2,-0.132029072424538,H1,0.0893332828322048,AX,-0.0638873216593299,L1,0.0102342684365623,L2,0.057...
Pre Extraction Termination data. keys=H2,H1,AX,L1,L2,CDD, signals=-0.13203,0.08933,-0.06389,0.01023,0.05732,0.00506
07:59:36 -- testing system defined conditionals
Checking default pre extraction terminations n=2
testing CDD
evaluate ot="CDD.inactive" t="CDD", ctx="{'CDD': False}"
GetDeflection CDD ===>> 50
testing CDD==2000
evaluate ot="CDD.deflection==2000" t="CDD==2000", ctx="{'CDD': 50.0}"
07:59:36 -- ******* Pre Extraction Check Passed *******
=================================================================================
07:59:36 -- stopping status monitor
stop 6901184944
Alive clients [5025639504, 5288834736, 4992986192]
07:59:36 -- starting status monitor
start 6901184944
Monitor already running
start extraction
do extraction
Analysis started at 07:59:36.308630
Extraction Started jan_co2.py
07:59:36 -- ******* Extraction Started jan_co2.py *******
state changed from not run to extraction
DO EXTRACTION <pychron.extraction_line.pyscript_runner.RemotePyScriptRunner object at 0x12bfe48f0>
testing...
no interpolation path defined
calculate duration
testing...
no interpolation path defined
executed snippet estimated_duration=0, duration=5.19752502441e-05
calculate duration
testing...
no interpolation path defined
executed snippet estimated_duration=0, duration=0.000107049942017
executed snippet estimated_duration=100.0, duration=0.00365304946899
Jan CO2 laser analysis
doing GOSUB
testing...
no interpolation path defined
executed snippet estimated_duration=0, duration=5.10215759277e-05
Waiting for CO2 access
wait ('FelixCO2Flag', 0) {}
waiting for FelixCO2Flag = 0
Read FelixCO2Flag ===>> 0
finished waiting
CO2 free
wait ('CO2PumpTimeFlag', 0) {}
waiting for CO2PumpTimeFlag = 0
Read CO2PumpTimeFlag ===>> 0
finished waiting
acquire ('JanCO2Flag',) {'clear': True}
acquire JanCO2Flag
Set JanCO2Flag 1 ===>> OK
JanCO2Flag acquired
set extraction state False (0.75, 'red', 1.5)
CO2 acquired
executed snippet estimated_duration=0, duration=0.0196540355682
WaitForCO2Access.py completed successfully
gosub finished
doing GOSUB
testing...
no interpolation path defined
executed snippet estimated_duration=0, duration=0.00012993812561
Prepare for CO2 analysis
close () {'description': 'Jan Inlet'}
closing name=--- desc=Jan Inlet
checking ownership. requestor=129.138.12.150
check software interlocks R
interlocks []
actuate state mode=None-script, software_lock=False
doing actuation None-script close_channel False
Close R ===>> OK
GetIndicatorState R ===>> False
change switch state (True, True)
update switch state R False args=() kw={} ncanvase=8
07:59:36 -- CLOSE  VALVE-R (Jan Inlet)
---------------------------------------- close None (Jan Inlet) result=[(True, True)]
action=close, ok=True, locked=[False]
open () {'description': 'Jan Ion Pump'}
opening name=--- desc=Jan Ion Pump
checking ownership. requestor=129.138.12.150
check software interlocks O
interlocks []
actuate state mode=None-script, software_lock=False
doing actuation None-script open_channel False
Open O ===>> OK
GetIndicatorState O ===>> OK
change switch state (True, True)
update switch state O True args=() kw={} ncanvase=8
07:59:37 -- OPEN   VALVE-O (Jan Ion Pump)
---------------------------------------- open None (Jan Ion Pump) result=[(True, True)], time=0.10 sec
action=open, ok=True, locked=[False]
close () {'description': 'Microbone to Minibone'}
closing name=--- desc=Microbone to Minibone
checking ownership. requestor=129.138.12.150
check software interlocks L
interlocks []
actuate state mode=None-script, software_lock=False
doing actuation None-script close_channel False
Close L ===>> OK
GetIndicatorState L ===>> False
change switch state (True, True)
update switch state L False args=() kw={} ncanvase=8
07:59:37 -- CLOSE  VALVE-L (Microbone to Minibone)
---------------------------------------- close None (Microbone to Minibone) result=[(True, True)]
action=close, ok=True, locked=[False]
open () {'description': 'Microbone to Turbo'}
opening name=--- desc=Microbone to Turbo
checking ownership. requestor=129.138.12.150
check software interlocks U
interlocks []
actuate state mode=None-script, software_lock=False
doing actuation None-script open_channel False
Open U ===>> OK
GetIndicatorState U ===>> OK
change switch state (True, True)
update switch state U True args=() kw={} ncanvase=8
07:59:38 -- OPEN   VALVE-U (Microbone to Turbo)
---------------------------------------- open None (Microbone to Turbo) result=[(True, True)], time=0.15 sec
action=open, ok=True, locked=[False]
open () {'description': 'Microbone to Inlet Pipette'}
opening name=--- desc=Microbone to Inlet Pipette
checking ownership. requestor=129.138.12.150
check software interlocks S
interlocks []
actuate state mode=None-script, software_lock=False
doing actuation None-script open_channel False
Open S ===>> OK
GetIndicatorState S ===>> OK
change switch state (True, True)
update switch state S True args=() kw={} ncanvase=8
07:59:38 -- OPEN   VALVE-S (Microbone to Inlet Pipette)
---------------------------------------- open None (Microbone to Inlet Pipette) result=[(True, True)], time=0.44 sec
action=open, ok=True, locked=[False]
open () {'description': 'Microbone to Getter D-50'}
opening name=--- desc=Microbone to Getter D-50
checking ownership. requestor=129.138.12.150
check software interlocks K
interlocks []
actuate state mode=None-script, software_lock=False
doing actuation None-script open_channel False
Open K ===>> OK
GetIndicatorState K ===>> OK
change switch state (True, True)
update switch state K True args=() kw={} ncanvase=8
07:59:39 -- OPEN   VALVE-K (Microbone to Getter D-50)
---------------------------------------- open None (Microbone to Getter D-50) result=[(True, True)], time=0.44 sec
action=open, ok=True, locked=[False]
open () {'description': 'Microbone to Getter NP-10'}
opening name=--- desc=Microbone to Getter NP-10
checking ownership. requestor=129.138.12.150
check software interlocks M
interlocks []
actuate state mode=None-script, software_lock=False
doing actuation None-script open_channel False
Open M ===>> OK
GetIndicatorState M ===>> OK
change switch state (True, True)
update switch state M True args=() kw={} ncanvase=8
07:59:40 -- OPEN   VALVE-M (Microbone to Getter NP-10)
---------------------------------------- open None (Microbone to Getter NP-10) result=[(True, True)], time=0.18 sec
action=open, ok=True, locked=[False]
close () {'description': 'CO2 Laser to Felix'}
closing name=--- desc=CO2 Laser to Felix
checking ownership. requestor=129.138.12.150
check software interlocks F
interlocks []
actuate state mode=None-script, software_lock=True
VALVE-F(CO2 Laser to Felix) software locked
change switch state (True, False)
---------------------------------------- close None (CO2 Laser to Felix) result=[(True, False)]
action=close, ok=True, locked=[True]
open () {'description': 'CO2 Laser to Jan'}
opening name=--- desc=CO2 Laser to Jan
checking ownership. requestor=129.138.12.150
check software interlocks A
interlocks []
actuate state mode=None-script, software_lock=False
doing actuation None-script open_channel False
Open A ===>> OK
GetIndicatorState A ===>> OK
change switch state (True, True)
update switch state A True args=() kw={} ncanvase=8
07:59:40 -- OPEN   VALVE-A (CO2 Laser to Jan)
---------------------------------------- open None (CO2 Laser to Jan) result=[(True, True)], time=0.15 sec
action=open, ok=True, locked=[False]
open () {'description': 'Microbone to CO2 Laser'}
opening name=--- desc=Microbone to CO2 Laser
checking ownership. requestor=129.138.12.150
check software interlocks T
interlocks []
actuate state mode=None-script, software_lock=False
doing actuation None-script open_channel False
Open T ===>> OK
GetIndicatorState T ===>> OK
change switch state (True, True)
update switch state T True args=() kw={} ncanvase=8
07:59:41 -- OPEN   VALVE-T (Microbone to CO2 Laser)
---------------------------------------- open None (Microbone to CO2 Laser) result=[(True, True)], time=0.43 sec
action=open, ok=True, locked=[False]
executed snippet estimated_duration=0, duration=5.15233492851
PrepareForCO2Analysis.py completed successfully
gosub finished
set_motor ('beam', '1.25') {}
setting motor "beam" to 1.25
set motor beam to 1.25
SetMotor beam,1.25 ===>> OK
GetMotorMoving beam ===>> False
GetMotorMoving beam ===>> False
Block completed
move_to_position ('90',) {'autocenter': True}
FusionsCO2 move to position 90
sending GoToHole 90,True
GoToHole 90,True ===>> OK
GetDriveMoving ===>> False
GetDriveMoving ===>> OK
GetDriveMoving ===>> OK
GetDriveMoving ===>> False
Block completed
GetAutoCorrecting ===>> False
GetAutoCorrecting ===>> False
Block completed
update position
GetPosition ===>> -7.97560,1.99390,1.00000
got position (-7.9756, 1.9939, 1.0)
move to position succeeded
sleep (5,) {}
SLEEP 5.0
block started
WaitControl setup for 5.0  
Join finished
block finished. duration 5.0412940979
close () {'description': 'Microbone to Turbo'}
closing name=--- desc=Microbone to Turbo
checking ownership. requestor=129.138.12.150
check software interlocks U
interlocks []
actuate state mode=None-script, software_lock=False
doing actuation None-script close_channel True
Close U ===>> OK
GetIndicatorState U ===>> False
change switch state (True, True)
update switch state U False args=() kw={} ncanvase=8
07:59:50 -- CLOSE  VALVE-U (Microbone to Turbo)
---------------------------------------- close None (Microbone to Turbo) result=[(True, True)]
action=close, ok=True, locked=[False]
enable laser
enable () {}
set extraction state FusionsCO2 Enabled (False, 'red', 1.5)
enabling laser
Enable ===>> OK
begin interval
BEGIN INTERVAL Interval 1 waiting for 30.0
block started
set extract to 1.5
WaitControl setup for 30.0  
extract (1.5,) {}
GetPosition ===>> -7.97560,1.99390,1.00000
set extraction state FusionsCO2 ON! 1.5(watts) (0.75, 'red', 1.5)
extract sample to 1.5 (watts)
set laser output
SetLaserOutput 1.5,watts ===>> OK
COMPLETE INTERVAL waiting for Interval 1 to complete
Join finished
block finished. duration 30.1343400478
Interval 1 finished
end_extract () {}
ending extraction. set laser power to 0
set laser power 0
SetLaserPower 0 ===>> OK
disable () {}
%%%%%%%%%%%%%%%%%%%%%%%%%%%%%%%%%%% disable
set extraction state False (0.75, 'red', 1.5)
disabling laser
Disable ===>> OK
sleep (30.0,) {}
SLEEP 30.0
block started
WaitControl setup for 30.0  
Join finished
block finished. duration 30.105148077
executed snippet estimated_duration=195.0, duration=75.0767509937
jan_co2.py completed successfully
GetAchievedOutput ===>> No Response
Requested Output= 0.000
Achieved Output=  0.000
GetResponseBlob ===>> No Response
GetOutputBlob ===>> No Response
persistence save...
persistence save - db
AutomatedRunPersister post_extraction_save deprecated
persistence save - dvc
no extraction position for 90
create new session 4992585168
close session 4992585168
Extraction Finished
08:00:51 -- ******* Extraction Finished *******
no overlap. not waiting for min ms pumptime
08:00:51 -- Sending spectrometer configuration
======== Sending configuration ========
SetDeflection CDD,50.0 ===>> OK
SetDeflection H2,0.0 ===>> OK
SetDeflection H1,0.0 ===>> OK
SetDeflection L2,825.0 ===>> OK
SetDeflection L1,400.0 ===>> OK
SetDeflection AX,190.0 ===>> OK
SetZFocus 74.64 ===>> OK
SetZSymmetry -50.72 ===>> OK
SetExtractionLens 26.13 ===>> OK
SetIonRepeller -3.81 ===>> OK
SetElectronEnergy 75.08 ===>> OK
SetYSymmetry -2.81 ===>> OK
SetIonCounterVoltage 1590.0 ===>> OK
send trap current 200.0
GetParameter Trap Current Readback ===>> 198.147042666178
SetParameter Trap Current Set,200.0 ===>> OK
updating mftable name mftable
Using mftable located at /Users/jan/PychronDev/setupfiles/spectrometer/mftables/mftable.csv
============ MFtable ===========
Isotope  H2     H1     AX     L1     L2     CDD    
Ar40     5.8269 5.8810 5.9942 6.1668 6.2326 6.3950
Ar39     5.7261 5.7733 5.8866 6.0529 6.1178 6.2815
Ar36     5.4036 5.4423 5.5500 5.7117 5.7727 5.9326
================================
get initial guess parabolic
get initial guess parabolic
get initial guess parabolic
get initial guess parabolic
get initial guess parabolic
get initial guess parabolic
======== Configuration Finished ========
GetYSymmetry ===>> -2.81
GetZSymmetry ===>> -50.72
GetParameter Trap Current Readback ===>> 198.258926936459
GetHighVoltage ===>> 4499.94659342336
start measurement
do measurement
L#=65473 analysis type=unknown
Measurement Started jan_unknown120_60.py
08:00:51 -- ******* Measurement Started jan_unknown120_60.py *******
state changed from extraction to measurement
setting spec, defl, and gains
GetExtractionLens ===>> 26.13
GetYSymmetry ===>> -2.81
GetZSymmetry ===>> -50.72
GetZFocus ===>> 74.64
GetDeflection H2 ===>> 0
GetDeflection H1 ===>> 0
GetDeflection AX ===>> 190
GetDeflection L1 ===>> 400
GetDeflection L2 ===>> 825
GetDeflection CDD ===>> 50
GetGain H2 ===>> 0.0113
GetGain H1 ===>> 0.1
GetGain AX ===>> 0.097049
GetGain L1 ===>> 0.010355
GetGain L2 ===>> 0.095649
GetGain CDD ===>> 0
pre measurement save
New frame /Users/jan/PychronDev/data/isotopes/96/a537e9-d8c0-4c07-a8ae-c8be4ecab34f.h5
flush and close file /Users/jan/PychronDev/data/isotopes/96/a537e9-d8c0-4c07-a8ae-c8be4ecab34f.h5
testing...
no interpolation path defined
executed snippet estimated_duration=226.132928, duration=0.000146150588989
unknown measurement script
activate_detectors ('H2', 'H1', 'AX', 'L1', 'L2', 'CDD') {}
activate detectors
*************** Set Analysis View Ar/Ar
create graphs
clearing graphs
clear isotope group
setting isotope det=H2, iso=PM41
setting isotope det=H1, iso=Ar40
setting isotope det=AX, iso=Ar39
setting isotope det=L1, iso=Ar38
setting isotope det=L2, iso=Ar37
setting isotope det=CDD, iso=Ar36
setting previous blanks
 - setting Ar40 blank 0.778+/-0.012
 - setting Ar36 blank 0.00615+/-0.00023
 - setting Ar37 blank 0.062+/-0.010
 - setting Ar38 blank 0.015+/-0.004
 - setting PM41 blank 0.05+/-0.07
 - setting Ar39 blank 0.055+/-0.012
load analysis view
position_magnet ('Ar40',) {'detector': 'H1'}
detector Detector(H1)
POSITION Ar40 H1
setting detector H2 to PM41 (40.9624)
setting detector H1 to Ar40 (39.9624)
setting detector AX to Ar39 (38.9624)
setting detector L1 to Ar38 (37.9624)
setting detector L2 to Ar37 (36.9624)
setting detector CDD to Ar36 (35.9624)
Mapping mass to dac mass func: "parabolic"
H1 map mass coeffs = [-0.00063987  0.15840543  0.57260999]
H1 map mass to dac 39.9624 >> 5.881
GetDeflection H1 ===>> 0
GetHighVoltage ===>> 4499.94659342336
positioning Ar40 (5.88096536734) on H1
setting magnet DAC
current  : 5.880965
requested: 5.880965
Delta Dac: 0.000000
Checking detector protection. dv=0.00000
Checking detector "CDD". Protection Threshold: 0.1 (V)
SetMagnetDAC 5.88096536734 ===>> OK
equilibrate () {'delay': 3, 'inlet': 'R', 'outlet': 'O', 'eqtime': 12.0}
Equilibration Started
08:00:52 -- ******* Equilibration Started *******
update labels <pychron.experiment.plot_panel.PlotPanel object at 0x22479edd0>
update labels "<pychron.graph.stacked_regression_graph.StackedRegressionGraph object at 0x22e136770>"
setting label 0 H2 PM41
setting label 1 H1 Ar40
setting label 2 AX Ar39
setting label 3 L1 Ar38
setting label 4 L2 Ar37
setting label 5 CDD Ar36
update labels "<pychron.graph.stacked_graph.StackedGraph object at 0x21a40f7d0>"
setting label 0 H2 PM41
setting label 1 H1 Ar40
setting label 2 AX Ar39
setting label 3 L1 Ar38
setting label 4 L2 Ar37
setting label 5 CDD Ar36
checking ownership. requestor=129.138.12.150
check software interlocks O
interlocks []
actuate state mode=None-script, software_lock=False
doing actuation None-script close_channel True
Close O ===>> OK
GetIndicatorState O ===>> False
change switch state (True, True)
update switch state O False args=() kw={} ncanvase=8
08:00:53 -- CLOSE  VALVE-O (Jan Ion Pump)
waiting 3s before opening inlet value ('R',)
checking ownership. requestor=129.138.12.150
check software interlocks R
interlocks []
actuate state mode=None-script, software_lock=False
doing actuation None-script open_channel True
Open R ===>> OK
GetIndicatorState R ===>> OK
change switch state (True, True)
update switch state R True args=() kw={} ncanvase=8
08:00:56 -- OPEN   VALVE-R (Jan Inlet)
set_time_zero () {}
equilibrating for 12.0sec
sniff (12.0,) {}
py_sniff
build tables- sniff [Detector(H2), Detector(H1), Detector(AX), Detector(L1), Detector(L2), Detector(CDD)]
add group /sniff/PM41 (Group) '' table H2
add group /sniff/Ar40 (Group) '' table H1
add group /sniff/Ar39 (Group) '' table AX
add group /sniff/Ar38 (Group) '' table L1
add group /sniff/Ar37 (Group) '' table L2
add group /sniff/Ar36 (Group) '' table CDD
flush and close file /Users/jan/PychronDev/data/isotopes/96/a537e9-d8c0-4c07-a8ae-c8be4ecab34f.h5
measuring sniff. ncounts=12.0
"sniff" increment series count="1" fit count="0" regressing="False"
starting measurement
check iteration duration=4.41074371338e-05
GetData ===>> H2,0.0935994355263259,H1,328.089629544645,AX,14.6027173895588,L1,0.0793003477740369,L2,0.17630452...
check iteration duration=1.50203704834e-05
GetData ===>> H2,1.9978859058727,H1,2422.91825614515,AX,101.738742685783,L1,1.16411228814807,L2,0.6585746607976...
check iteration duration=3.19480895996e-05
GetData ===>> H2,2.18207158561206,H1,3483.11426761568,AX,141.050064270486,L1,2.42086235192101,L2,0.640112694448...
check iteration duration=2.78949737549e-05
GetData ===>> H2,1.94112328767123,H1,3827.61976469736,AX,152.166530270719,L1,3.20017635650406,L2,0.550835940073...
check iteration duration=2.98023223877e-05
GetData ===>> H2,1.92804637987658,H1,3954.40764999104,AX,155.98461449126,L1,3.62599635572576,L2,0.5906458377408...
check iteration duration=1.50203704834e-05
GetData ===>> H2,1.87990512872673,H1,4007.30901364276,AX,157.669671840594,L1,3.86306452546554,L2,0.503581707485...
check iteration duration=1.50203704834e-05
GetData ===>> H2,1.90746023490057,H1,4031.23982679421,AX,158.384214525258,L1,4.04717034956474,L2,0.656482507245...
check iteration duration=2.78949737549e-05
GetData ===>> H2,1.86531653642451,H1,4041.07964119732,AX,158.745100438856,L1,4.08928520816992,L2,0.615040705488...
check iteration duration=3.19480895996e-05
GetData ===>> H2,1.98558859538159,H1,4046.51768522798,AX,158.796468835506,L1,4.12061351858353,L2,0.607434514023...
check iteration duration=2.90870666504e-05
GetData ===>> H2,1.9960132431121,H1,4047.19391096487,AX,158.943161168446,L1,4.18101013774968,L2,0.6486744898759...
check iteration duration=1.78813934326e-05
GetData ===>> H2,1.95895694251474,H1,4049.01612521636,AX,158.986150763794,L1,4.22001703282181,L2,0.579199657640...
Equilibration Finished
08:01:08 -- ******* Equilibration Finished *******
checking ownership. requestor=129.138.12.150
check software interlocks R
interlocks []
actuate state mode=None-script, software_lock=False
doing actuation None-script close_channel True
check iteration duration=1.50203704834e-05
GetData ===>> H2,1.8891609686148,H1,4049.62047645977,AX,158.934880549939,L1,4.27437484377539,L2,0.5512931684869...
Close R ===>> OK
GetIndicatorState R ===>> False
change switch state (True, True)
update switch state R False args=() kw={} ncanvase=8
08:01:09 -- CLOSE  VALVE-R (Jan Inlet)
Post Equilibration Started jan_pump_extraction_line.py
08:01:09 -- ******* Post Equilibration Started jan_pump_extraction_line.py *******
testing...
no interpolation path defined
calculate duration
testing...
no interpolation path defined
executed snippet estimated_duration=4.0, duration=0.000166893005371
executed snippet estimated_duration=4.0, duration=0.00190401077271
Pump after analysis
doing GOSUB
testing...
no interpolation path defined
executed snippet estimated_duration=4.0, duration=0.000175952911377
Pump Microbone
close () {'description': 'Jan Inlet'}
closing name=--- desc=Jan Inlet
checking ownership. requestor=129.138.12.150
check software interlocks R
interlocks []
actuate state mode=None-script, software_lock=False
doing actuation None-script close_channel False
check iteration duration=1.59740447998e-05
waiting for write to finish
Close R ===>> OK
measurement finished
estimated time: 12.583 actual time: :12.734
flush and close file /Users/jan/PychronDev/data/isotopes/96/a537e9-d8c0-4c07-a8ae-c8be4ecab34f.h5
set_fits () {}
using default fits file=/Users/jan/PychronDev/scripts/measurement/fits/nominal_linear.yaml
set "Ar40" to "('Linear', 'SEM')"
No fit for "PM41". defaulting to linear. check the measurement script "jan_unknown120_60.py"
set "PM41" to "linear"
set "Ar36" to "('Linear', 'SEM')"
set "Ar37" to "('linear', 'SEM')"
set "Ar38" to "('linear', 'SEM')"
set "Ar39" to "('Linear', 'SEM')"
GetIndicatorState R ===>> False
set_baseline_fits () {}
change switch state (True, True)
update switch state R False args=() kw={} ncanvase=8
using default fits file=/Users/jan/PychronDev/scripts/measurement/fits/nominal_linear.yaml
set "H1" to "('average', 'SEM')"
set "H2" to "('average', 'SEM')"
set "CDD" to "('average', 'SEM')"
set "L2" to "('average', 'SEM')"
set "L1" to "('average', 'SEM')"
set "AX" to "('average', 'SEM')"
multicollect () {'integration_time': 1, 'ncounts': 120}
build tables- signal [Detector(H2), Detector(H1), Detector(AX), Detector(L1), Detector(L2), Detector(CDD)]
add group /signal/PM41 (Group) '' table H2
08:01:10 -- CLOSE  VALVE-R (Jan Inlet)
add group /signal/Ar40 (Group) '' table H1
---------------------------------------- close None (Jan Inlet) result=[(True, True)]
add group /signal/Ar39 (Group) '' table AX
add group /signal/Ar38 (Group) '' table L1
add group /signal/Ar37 (Group) '' table L2
add group /signal/Ar36 (Group) '' table CDD
flush and close file /Users/jan/PychronDev/data/isotopes/96/a537e9-d8c0-4c07-a8ae-c8be4ecab34f.h5
measuring signal. ncounts=120
action=close, ok=True, locked=[False]
is_closed ('F',) {}
is F () closed?
is closed True
open () {'description': 'CO2 Laser to Jan'}
opening name=--- desc=CO2 Laser to Jan
checking ownership. requestor=129.138.12.150
check software interlocks A
interlocks []
actuate state mode=None-script, software_lock=False
doing actuation None-script open_channel False
Open A ===>> OK
GetIndicatorState A ===>> OK
change switch state (True, True)
update switch state A True args=() kw={} ncanvase=8
08:01:10 -- OPEN   VALVE-A (CO2 Laser to Jan)
---------------------------------------- open None (CO2 Laser to Jan) result=[(True, True)], time=0.15 sec
starting measurement
check iteration duration=6.38961791992e-05
GetData ===>> H2,1.94885380935719,H1,4048.83882018508,AX,158.972430889767,L1,4.29302629254219,L2,0.642890336096...
action=open, ok=True, locked=[False]
sleep (1,) {}
SLEEP 1.0
"signal" increment series count="2" fit count="1" regressing="True"
check iteration duration=3.50475311279e-05
GetData ===>> H2,1.55339136571958,H1,4049.34995754384,AX,158.279466577168,L1,4.23345745192482,L2,0.425654788765...
close () {'description': 'CO2 Laser to Roughing'}
closing name=--- desc=CO2 Laser to Roughing
checking ownership. requestor=129.138.12.150
check software interlocks G
interlocks []
actuate state mode=None-script, software_lock=True
VALVE-G(CO2 Laser to Roughing) software locked
change switch state (True, False)
---------------------------------------- close None (CO2 Laser to Roughing) result=[(True, False)]
action=close, ok=True, locked=[True]
open () {'description': 'Microbone to Turbo'}
opening name=--- desc=Microbone to Turbo
checking ownership. requestor=129.138.12.150
check software interlocks U
interlocks []
actuate state mode=None-script, software_lock=False
doing actuation None-script open_channel True
Open U ===>> OK
GetIndicatorState U ===>> OK
change switch state (True, True)
update switch state U True args=() kw={} ncanvase=8
08:01:12 -- OPEN   VALVE-U (Microbone to Turbo)
---------------------------------------- open None (Microbone to Turbo) result=[(True, True)], time=0.17 sec
action=open, ok=True, locked=[False]
open () {'description': 'Microbone to Getter NP-10'}
opening name=--- desc=Microbone to Getter NP-10
checking ownership. requestor=129.138.12.150
check software interlocks M
interlocks []
actuate state mode=None-script, software_lock=False
doing actuation None-script open_channel False
Open M ===>> OK
GetIndicatorState M ===>> OK
change switch state (True, True)
update switch state M True args=() kw={} ncanvase=8
08:01:12 -- OPEN   VALVE-M (Microbone to Getter NP-10)
---------------------------------------- open None (Microbone to Getter NP-10) result=[(True, True)], time=0.16 sec
action=open, ok=True, locked=[False]
open () {'description': 'Microbone to Getter D-50'}
opening name=--- desc=Microbone to Getter D-50
checking ownership. requestor=129.138.12.150
check software interlocks K
interlocks []
actuate state mode=None-script, software_lock=False
doing actuation None-script open_channel False
check iteration duration=6.00814819336e-05
GetData ===>> H2,0.608187337427965,H1,4047.1979615222,AX,157.386158860312,L1,4.05331324087576,L2,0.200720295576...
Open K ===>> OK
GetIndicatorState K ===>> OK
change switch state (True, True)
update switch state K True args=() kw={} ncanvase=8
08:01:13 -- OPEN   VALVE-K (Microbone to Getter D-50)
---------------------------------------- open None (Microbone to Getter D-50) result=[(True, True)], time=0.45 sec
action=open, ok=True, locked=[False]
open () {'description': 'Microbone to CO2 Laser'}
opening name=--- desc=Microbone to CO2 Laser
checking ownership. requestor=129.138.12.150
check software interlocks T
interlocks []
actuate state mode=None-script, software_lock=False
doing actuation None-script open_channel False
Open T ===>> OK
check iteration duration=8.9168548584e-05
GetData ===>> H2,0.301304976005829,H1,4045.96347421828,AX,157.076182189063,L1,3.85743189556532,L2,0.20596935847...
GetIndicatorState T ===>> OK
change switch state (True, True)
update switch state T True args=() kw={} ncanvase=8
08:01:14 -- OPEN   VALVE-T (Microbone to CO2 Laser)
---------------------------------------- open None (Microbone to CO2 Laser) result=[(True, True)], time=0.76 sec
action=open, ok=True, locked=[False]
open () {'description': 'Microbone to Inlet Pipette'}
opening name=--- desc=Microbone to Inlet Pipette
checking ownership. requestor=129.138.12.150
check software interlocks S
interlocks []
actuate state mode=None-script, software_lock=False
doing actuation None-script open_channel False
Open S ===>> OK
GetIndicatorState S ===>> OK
change switch state (True, True)
update switch state S True args=() kw={} ncanvase=8
08:01:14 -- OPEN   VALVE-S (Microbone to Inlet Pipette)
---------------------------------------- open None (Microbone to Inlet Pipette) result=[(True, True)], time=0.45 sec
testing H1>-5.0
evaluate ot="H1.bs>-5.0" t="H1>-5.0", ctx="{'H1': None}"
check iteration duration=0.00107097625732
GetData ===>> H2,0.304514447607792,H1,4044.11337191522,AX,156.810192172371,L1,3.79725992055201,L2,0.08255564802...
action=open, ok=True, locked=[False]
sleep (1,) {}
SLEEP 1.0
check iteration duration=6.79492950439e-05
GetData ===>> H2,0.161837621978736,H1,4041.8402886303,AX,156.860815203509,L1,3.78109010030321,L2,0.176213262574...
set_resource () {'name': 'CO2PumpTimeFlag', 'value': 30}
Set CO2PumpTimeFlag 30 ===>> OK
release ('JanCO2Flag',) {}
release JanCO2Flag
Set JanCO2Flag 0 ===>> OK
executed snippet estimated_duration=6.0, duration=6.46937990189
PumpMicrobone.py completed successfully
gosub finished
get_resource_value () {'name': 'JanMiniboneFlag'}
Read JanMiniboneFlag ===>> 0
Get Resource Value JanMiniboneFlag=0.0
get resource value 0.0
get_resource_value () {'name': 'JanMiniboneFlag'}
Read JanMiniboneFlag ===>> 0
Get Resource Value JanMiniboneFlag=0.0
executed snippet estimated_duration=4.0, duration=6.4840528965
jan_pump_extraction_line.py completed successfully
Post Equilibration Finished
08:01:16 -- ******* Post Equilibration Finished *******
check iteration duration=8.17775726318e-05
GetData ===>> H2,0.123352716982059,H1,4039.34840836933,AX,156.863810206986,L1,3.71692993284714,L2,0.20267154405...
check iteration duration=8.70227813721e-05
GetData ===>> H2,0.183764478518794,H1,4037.87915070572,AX,156.803760978968,L1,3.67835084119248,L2,0.19664676464...
check iteration duration=8.01086425781e-05
GetData ===>> H2,0.0659804267364095,H1,4035.57622082188,AX,156.863139991986,L1,3.66016999114608,L2,0.0776894167...
testing H1>-5.0
evaluate ot="H1.bs>-5.0" t="H1>-5.0", ctx="{'H1': None}"
check iteration duration=0.00120615959167
GetData ===>> H2,0.107588150979459,H1,4034.06676941598,AX,156.570125534501,L1,3.65297466370326,L2,0.19391976374...
check iteration duration=6.19888305664e-05
GetData ===>> H2,0.0464639190031257,H1,4033.30812814344,AX,156.48024855265,L1,3.66881576737656,L2,0.15395928392...
check iteration duration=5.31673431396e-05
GetData ===>> H2,0.0704517006974543,H1,4031.37381141509,AX,156.097614991643,L1,3.64042204917424,L2,0.1399662225...
check iteration duration=6.69956207275e-05
GetData ===>> H2,0.045830466744863,H1,4030.28237309939,AX,156.141462494126,L1,3.60196131609396,L2,0.19693202026...
check iteration duration=8.48770141602e-05
GetData ===>> H2,0.109507167226876,H1,4028.13515263736,AX,156.165480858113,L1,3.62962136436022,L2,0.14926048915...
testing H1>-5.0
evaluate ot="H1.bs>-5.0" t="H1>-5.0", ctx="{'H1': None}"
check iteration duration=0.00067400932312
GetData ===>> H2,0.127924186199154,H1,4025.24596691182,AX,156.393869749522,L1,3.62711772464886,L2,0.15236258022...
check iteration duration=7.00950622559e-05
GetData ===>> H2,0.170836876362811,H1,4023.52007674268,AX,156.006408928408,L1,3.5811175993844,L2,0.214094562379...
check iteration duration=8.39233398438e-05
GetData ===>> H2,0.0612367063837733,H1,4022.22271588273,AX,156.17921607422,L1,3.61639122976202,L2,0.21644552244...
check iteration duration=7.20024108887e-05
GetData ===>> H2,0.0835373758806116,H1,4020.58340066783,AX,156.192366931132,L1,3.63215669536133,L2,0.1812670394...
check iteration duration=7.00950622559e-05
GetData ===>> H2,0.00294769364769059,H1,4019.4095232799,AX,156.061502632205,L1,3.56481043702066,L2,0.0413253726...
testing H1>-5.0
evaluate ot="H1.bs>-5.0" t="H1>-5.0", ctx="{'H1': None}"
check iteration duration=0.000648975372314
GetData ===>> H2,0.0689842648684142,H1,4018.00750618401,AX,155.937754134404,L1,3.61169724906498,L2,0.1600840301...
check iteration duration=3.79085540771e-05
GetData ===>> H2,0.106536584340454,H1,4015.7777861992,AX,155.960566439542,L1,3.62721967252546,L2,0.155293692449...
check iteration duration=3.79085540771e-05
GetData ===>> H2,0.170247489172174,H1,4014.53214389487,AX,155.920709514379,L1,3.59540403563713,L2,0.16803423861...
check iteration duration=3.50475311279e-05
GetData ===>> H2,-0.00373070830288709,H1,4012.76862517067,AX,155.93585324296,L1,3.59705205446461,L2,0.245951554...
check iteration duration=4.6968460083e-05
GetData ===>> H2,-0.0919499127199504,H1,4010.52607941339,AX,155.967105678778,L1,3.55366917989702,L2,0.233440343...
testing H1>-5.0
evaluate ot="H1.bs>-5.0" t="H1>-5.0", ctx="{'H1': None}"
check iteration duration=0.00136804580688
08:01:36 -- collecting point 25
GetData ===>> H2,0.023576709032888,H1,4008.22779865396,AX,155.862145447437,L1,3.55293784368027,L2,0.22067967864...
check iteration duration=7.70092010498e-05
GetData ===>> H2,0.0828970048816129,H1,4007.09671732893,AX,155.81646268335,L1,3.5802106113464,L2,0.179213553923...
check iteration duration=7.39097595215e-05
GetData ===>> H2,0.060858867731656,H1,4005.56561906766,AX,155.416705361622,L1,3.55639444016122,L2,0.17658971982...
check iteration duration=7.79628753662e-05
GetData ===>> H2,0.04916431767154,H1,4004.05933259314,AX,155.243632393236,L1,3.59121358177835,L2,0.159137349163...
check iteration duration=4.10079956055e-05
GetData ===>> H2,0.138388676014929,H1,4002.5778315867,AX,155.63595703395,L1,3.58535678072919,L2,0.1603349591989...
testing H1>-5.0
evaluate ot="H1.bs>-5.0" t="H1>-5.0", ctx="{'H1': None}"
check iteration duration=0.00104904174805
GetData ===>> H2,0.0498647270015253,H1,4000.40191493681,AX,155.360642622215,L1,3.53473947993569,L2,0.1881807645...
check iteration duration=8.29696655273e-05
GetData ===>> H2,0.0184449901156426,H1,3999.03703227548,AX,155.445765773555,L1,3.55902851270971,L2,0.2723178447...
check iteration duration=6.19888305664e-05
GetData ===>> H2,0.145633787679895,H1,3997.41556010198,AX,155.417977827119,L1,3.5673439092029,L2,0.240277929009...
check iteration duration=7.5101852417e-05
GetData ===>> H2,0.159509486037227,H1,3995.56776626638,AX,155.298623578484,L1,3.57336484283547,L2,0.14094692467...
check iteration duration=8.51154327393e-05
GetData ===>> H2,0.0811481142673268,H1,3994.29960668222,AX,155.332519435619,L1,3.59831686960335,L2,0.1223495067...
testing H1>-5.0
evaluate ot="H1.bs>-5.0" t="H1>-5.0", ctx="{'H1': None}"
check iteration duration=0.000578880310059
GetData ===>> H2,0.165781464519711,H1,3991.8865997088,AX,155.031912983515,L1,3.62849126257894,L2,0.221113376371...
check iteration duration=8.51154327393e-05
GetData ===>> H2,0.0540844423562102,H1,3989.7470975788,AX,154.981754349106,L1,3.6125450292907,L2,0.091753159044...
check iteration duration=4.31537628174e-05
GetData ===>> H2,0.0119809179021776,H1,3987.83680648842,AX,154.976335705202,L1,3.57377322427689,L2,0.1325656667...
check iteration duration=6.38961791992e-05
GetData ===>> H2,0.0803672751062249,H1,3986.66348218272,AX,155.110816675144,L1,3.59731519281921,L2,0.1721179596...
check iteration duration=6.69956207275e-05
GetData ===>> H2,0.0749342725250799,H1,3985.31117218094,AX,155.08538687506,L1,3.55132708665318,L2,0.06870685030...
testing H1>-5.0
evaluate ot="H1.bs>-5.0" t="H1>-5.0", ctx="{'H1': None}"
check iteration duration=0.000590801239014
GetData ===>> H2,0.0225030432602689,H1,3982.95338779432,AX,155.03685123514,L1,3.53884141565221,L2,0.12817577686...
check iteration duration=6.50882720947e-05
GetData ===>> H2,0.0410484938116544,H1,3981.99822777037,AX,154.93551370665,L1,3.5773927485553,L2,0.152647703928...
check iteration duration=6.69956207275e-05
GetData ===>> H2,0.121793745393806,H1,3980.63045368781,AX,154.832303047478,L1,3.56914760814609,L2,0.10782528157...
check iteration duration=3.2901763916e-05
GetData ===>> H2,0.00251940170429952,H1,3978.59542416751,AX,154.729839438598,L1,3.53643116218946,L2,0.209449874...
check iteration duration=4.91142272949e-05
GetData ===>> H2,0.0841190658546241,H1,3977.09221984807,AX,154.589145704574,L1,3.52434355433149,L2,0.2479379742...
testing H1>-5.0
evaluate ot="H1.bs>-5.0" t="H1>-5.0", ctx="{'H1': None}"
check iteration duration=0.00142502784729
GetData ===>> H2,0.1354284462506,H1,3975.88830629114,AX,154.874475619836,L1,3.58236658738945,L2,0.1793618597373...
check iteration duration=7.82012939453e-05
GetData ===>> H2,-0.00402722156327477,H1,3974.0843836137,AX,154.635997880125,L1,3.57681462466139,L2,0.210591054...
check iteration duration=7.20024108887e-05
GetData ===>> H2,0.000637826867108054,H1,3973.15959524267,AX,154.566582049268,L1,3.56874927357006,L2,0.06738378...
check iteration duration=6.50882720947e-05
GetData ===>> H2,0.0610334631034769,H1,3969.40663177451,AX,154.52495933947,L1,3.54368003867843,L2,0.10880565440...
check iteration duration=6.79492950439e-05
GetData ===>> H2,0.0318836777508023,H1,3966.86898775537,AX,154.388949127025,L1,3.61382176745791,L2,0.2580990391...
testing H1>-5.0
evaluate ot="H1.bs>-5.0" t="H1>-5.0", ctx="{'H1': None}"
check iteration duration=0.000982999801636
08:02:02 -- collecting point 50
GetData ===>> H2,-0.0210542785178834,H1,3965.5016002242,AX,154.471280695483,L1,3.58214192939381,L2,0.1351198771...
check iteration duration=3.60012054443e-05
GetData ===>> H2,0.099118143407118,H1,3964.22904977267,AX,154.471197485592,L1,3.52104561681608,L2,0.25921796388...
check iteration duration=4.41074371338e-05
GetData ===>> H2,0.161856796820918,H1,3962.72801122842,AX,154.592330661937,L1,3.53730743293739,L2,0.16797720464...
check iteration duration=8.39233398438e-05
GetData ===>> H2,0.179604368260713,H1,3960.96751866581,AX,154.220936303888,L1,3.54477902445663,L2,0.09689366491...
check iteration duration=4.31537628174e-05
GetData ===>> H2,0.179109641410112,H1,3959.71546655045,AX,154.253112284196,L1,3.50327415721678,L2,0.32088414471...
testing H1>-5.0
evaluate ot="H1.bs>-5.0" t="H1>-5.0", ctx="{'H1': None}"
check iteration duration=0.000607013702393
GetData ===>> H2,0.102278154500255,H1,3956.88041201033,AX,154.16999673362,L1,3.4880964915477,L2,0.1825333775024...
check iteration duration=6.48498535156e-05
GetData ===>> H2,0.0252833512534491,H1,3954.99617667022,AX,154.354168818014,L1,3.50814766197105,L2,0.1896183344...
check iteration duration=7.10487365723e-05
GetData ===>> H2,0.0215546543891225,H1,3954.53567543452,AX,154.071091712883,L1,3.48860324009864,L2,0.2790718334...
check iteration duration=6.29425048828e-05
GetData ===>> H2,0.132069701440436,H1,3953.23272782109,AX,154.227757097962,L1,3.49732553594155,L2,0.11431188840...
check iteration duration=7.5101852417e-05
GetData ===>> H2,0.0577288792699959,H1,3952.10036374469,AX,153.897353918763,L1,3.48843432149991,L2,0.1912042500...
testing H1>-5.0
evaluate ot="H1.bs>-5.0" t="H1>-5.0", ctx="{'H1': None}"
check iteration duration=0.000571966171265
GetData ===>> H2,0.0597540681565662,H1,3948.96806595869,AX,153.901112815428,L1,3.46314418552364,L2,0.1308552960...
check iteration duration=7.00950622559e-05
GetData ===>> H2,-0.0445200256275153,H1,3946.34898799421,AX,153.940305699469,L1,3.49267490892335,L2,0.150093025...
check iteration duration=3.79085540771e-05
GetData ===>> H2,-0.0328629021634838,H1,3945.03238313788,AX,153.764148961422,L1,3.52385303363629,L2,0.166289014...
check iteration duration=6.19888305664e-05
GetData ===>> H2,0.0351416794243214,H1,3944.38853920181,AX,153.88366889699,L1,3.51055980391,L2,0.24211582736368...
check iteration duration=5.41210174561e-05
GetData ===>> H2,0.068196073091885,H1,3943.2799621753,AX,153.834547420799,L1,3.49840183516785,L2,0.157050121769...
testing H1>-5.0
evaluate ot="H1.bs>-5.0" t="H1>-5.0", ctx="{'H1': None}"
check iteration duration=0.00112009048462
GetData ===>> H2,0.0432302744885069,H1,3941.20436389541,AX,153.600870921173,L1,3.50229406481264,L2,0.2210677238...
check iteration duration=4.88758087158e-05
GetData ===>> H2,0.0486792344037091,H1,3939.18649230243,AX,153.654008961761,L1,3.47488570659708,L2,0.1229651819...
check iteration duration=4.88758087158e-05
GetData ===>> H2,0.0857636409717987,H1,3937.38746707533,AX,153.551068730084,L1,3.49934015503429,L2,0.2167764874...
check iteration duration=3.91006469727e-05
GetData ===>> H2,0.162273172711571,H1,3935.7836959084,AX,153.337234924889,L1,3.52467198903632,L2,0.088356701343...
check iteration duration=4.38690185547e-05
GetData ===>> H2,-0.024437582602685,H1,3934.28693313329,AX,153.191802047428,L1,3.51918244244105,L2,0.1282669933...
testing H1>-5.0
evaluate ot="H1.bs>-5.0" t="H1>-5.0", ctx="{'H1': None}"
check iteration duration=0.00108814239502
GetData ===>> H2,-0.0692456142023749,H1,3932.50901479101,AX,153.190454785708,L1,3.52619023701892,L2,0.189937797...
check iteration duration=7.29560852051e-05
GetData ===>> H2,-0.0557929717424748,H1,3930.78679366636,AX,153.184672042389,L1,3.49844128255114,L2,0.224183555...
check iteration duration=3.60012054443e-05
GetData ===>> H2,-0.100728285960226,H1,3929.81961277728,AX,153.336716588425,L1,3.47875052870013,L2,0.2351525478...
check iteration duration=5.10215759277e-05
GetData ===>> H2,0.0116176011051793,H1,3927.59706046806,AX,153.13404892532,L1,3.52524148541148,L2,0.24525517631...
check iteration duration=4.00543212891e-05
GetData ===>> H2,0.117246587592433,H1,3926.44357477461,AX,153.174247008812,L1,3.5380299464931,L2,0.115691346543...
testing H1>-5.0
evaluate ot="H1.bs>-5.0" t="H1>-5.0", ctx="{'H1': None}"
check iteration duration=0.000602006912231
08:02:28 -- collecting point 75
GetData ===>> H2,0.0326517851142214,H1,3925.35771560831,AX,153.003262702923,L1,3.53139069035224,L2,0.2170503904...
check iteration duration=6.103515625e-05
GetData ===>> H2,-0.0545164020775652,H1,3924.40749174155,AX,152.971570507717,L1,3.50340653224685,L2,0.113548064...
check iteration duration=8.39233398438e-05
GetData ===>> H2,-0.0191256047388281,H1,3922.3054940077,AX,152.95533308561,L1,3.45958150064338,L2,0.14666028439...
check iteration duration=7.91549682617e-05
GetData ===>> H2,0.0445486846756904,H1,3920.6028961491,AX,153.001253287624,L1,3.47315074816208,L2,0.19632727934...
check iteration duration=6.60419464111e-05
GetData ===>> H2,-0.00144947480533808,H1,3918.94395493345,AX,153.011238446305,L1,3.50927054300354,L2,0.34565604...
testing H1>-5.0
evaluate ot="H1.bs>-5.0" t="H1>-5.0", ctx="{'H1': None}"
check iteration duration=0.000590801239014
GetData ===>> H2,-0.0222357696213233,H1,3917.24581225883,AX,152.851605426121,L1,3.52222656741769,L2,0.244398980...
check iteration duration=8.10623168945e-05
GetData ===>> H2,-0.0514091679163923,H1,3916.0196429755,AX,152.899407666736,L1,3.51766946673634,L2,0.0931436899...
check iteration duration=9.01222229004e-05
GetData ===>> H2,0.0770383851812566,H1,3914.24001532282,AX,152.931870149877,L1,3.55480298146304,L2,0.1907478687...
check iteration duration=5.81741333008e-05
GetData ===>> H2,0.0838951253723839,H1,3912.49770143675,AX,153.010016165786,L1,3.48618089689613,L2,0.1071641055...
check iteration duration=6.69956207275e-05
GetData ===>> H2,0.0463767320938799,H1,3911.08140122598,AX,152.872191087544,L1,3.5228593686894,L2,0.18790694415...
testing H1>-5.0
evaluate ot="H1.bs>-5.0" t="H1>-5.0", ctx="{'H1': None}"
check iteration duration=0.000961065292358
GetData ===>> H2,-0.0202665497637853,H1,3909.80005364228,AX,152.884286818736,L1,3.54492151917022,L2,0.185807680...
check iteration duration=6.69956207275e-05
GetData ===>> H2,-0.00992868059166281,H1,3907.97896251029,AX,152.558012963653,L1,3.51701244715241,L2,0.24798363...
check iteration duration=3.91006469727e-05
GetData ===>> H2,0.0235467702166716,H1,3905.34639768106,AX,152.542326286129,L1,3.52493840843352,L2,0.1861043128...
check iteration duration=3.38554382324e-05
GetData ===>> H2,-0.00274726284142745,H1,3904.25744054202,AX,152.435392509442,L1,3.51747630483102,L2,0.23913639...
check iteration duration=7.39097595215e-05
GetData ===>> H2,0.033681456813013,H1,3903.11821100171,AX,152.454358156639,L1,3.53706190125965,L2,0.20614052841...
testing H1>-5.0
evaluate ot="H1.bs>-5.0" t="H1>-5.0", ctx="{'H1': None}"
check iteration duration=0.000690937042236
GetData ===>> H2,-0.0767280995952682,H1,3900.78858434438,AX,152.585207690321,L1,3.49899355974126,L2,0.225005330...
check iteration duration=6.60419464111e-05
GetData ===>> H2,-0.129577889844639,H1,3899.08947143188,AX,152.462135291585,L1,3.48992792717313,L2,0.1871539421...
check iteration duration=8.10623168945e-05
GetData ===>> H2,-0.0238151498211831,H1,3897.26010949233,AX,152.270289968001,L1,3.52608168357555,L2,0.178106971...
check iteration duration=8.20159912109e-05
GetData ===>> H2,0.0950659152578859,H1,3897.19270536359,AX,152.135422967441,L1,3.53402986369364,L2,0.2085483513...
check iteration duration=8.51154327393e-05
GetData ===>> H2,0.0436497521506508,H1,3895.7891968881,AX,152.191585524512,L1,3.48427546286028,L2,0.13176748995...
testing H1>-5.0
evaluate ot="H1.bs>-5.0" t="H1>-5.0", ctx="{'H1': None}"
check iteration duration=0.000588178634644
GetData ===>> H2,0.114156478716005,H1,3892.89697573825,AX,152.260408796021,L1,3.48455689610459,L2,0.23390834306...
check iteration duration=6.69956207275e-05
GetData ===>> H2,0.158214151070466,H1,3892.14453841767,AX,152.192805303355,L1,3.49027003308793,L2,0.20946128578...
check iteration duration=7.29560852051e-05
GetData ===>> H2,-0.117503100052209,H1,3889.8747702489,AX,152.068927862481,L1,3.50225604562382,L2,0.13415063746...
check iteration duration=6.69956207275e-05
GetData ===>> H2,-0.105512771668004,H1,3888.92061865139,AX,152.331160475686,L1,3.49300160429062,L2,0.1378680099...
check iteration duration=7.48634338379e-05
GetData ===>> H2,-0.0185958414562611,H1,3887.77841475682,AX,152.076840641642,L1,3.46001754213488,L2,0.112339639...
testing H1>-5.0
evaluate ot="H1.bs>-5.0" t="H1>-5.0", ctx="{'H1': None}"
check iteration duration=0.000587940216064
08:02:55 -- collecting point 100
GetData ===>> H2,0.137399567951694,H1,3885.77318240364,AX,151.686090531159,L1,3.47178040971173,L2,0.26960269299...
check iteration duration=3.09944152832e-05
GetData ===>> H2,0.107705604669066,H1,3883.16553413425,AX,151.880220866244,L1,3.4773218327408,L2,0.175095307333...
check iteration duration=5.10215759277e-05
GetData ===>> H2,0.0931898378444976,H1,3881.80657172637,AX,151.886291503428,L1,3.47968384904799,L2,0.0655018659...
check iteration duration=5.10215759277e-05
GetData ===>> H2,0.0346894263615001,H1,3881.40345982648,AX,151.81635238173,L1,3.48183853139716,L2,0.27459954444...
check iteration duration=6.8187713623e-05
GetData ===>> H2,-0.0401475064185791,H1,3879.28428540154,AX,151.897855210248,L1,3.47181417384035,L2,0.084675442...
testing H1>-5.0
evaluate ot="H1.bs>-5.0" t="H1>-5.0", ctx="{'H1': None}"
check iteration duration=0.00113606452942
GetData ===>> H2,0.0296627215589711,H1,3877.46352588364,AX,151.980723483508,L1,3.45403252199492,L2,0.1468313483...
check iteration duration=3.79085540771e-05
GetData ===>> H2,0.134558579279938,H1,3875.35575502916,AX,151.907024126277,L1,3.48025260530733,L2,0.20669968567...
check iteration duration=7.60555267334e-05
GetData ===>> H2,0.106317897854966,H1,3873.49651349595,AX,151.847187112717,L1,3.4659097333848,L2,0.123181809317...
check iteration duration=8.9168548584e-05
GetData ===>> H2,0.103107579717096,H1,3871.97719502093,AX,151.460481064279,L1,3.4770558187883,L2,0.269739589557...
check iteration duration=6.29425048828e-05
GetData ===>> H2,0.0664603334366472,H1,3871.35985306946,AX,151.355995343268,L1,3.44890492027243,L2,0.2003893860...
testing H1>-5.0
evaluate ot="H1.bs>-5.0" t="H1>-5.0", ctx="{'H1': None}"
check iteration duration=0.00159001350403
GetData ===>> H2,0.0217696337747455,H1,3870.37950374435,AX,151.623951454789,L1,3.48215085826327,L2,0.1417337743...
check iteration duration=7.79628753662e-05
GetData ===>> H2,0.00638140827881506,H1,3868.5148760838,AX,151.320081348314,L1,3.4456479145077,L2,0.19102169729...
check iteration duration=4.50611114502e-05
GetData ===>> H2,0.167014621048438,H1,3866.8595639984,AX,151.136743893921,L1,3.47051854464793,L2,0.132360420633...
check iteration duration=8.01086425781e-05
GetData ===>> H2,0.0463944418810247,H1,3866.11483363924,AX,151.264430123953,L1,3.44171726786497,L2,0.1418820220...
check iteration duration=4.38690185547e-05
GetData ===>> H2,0.0925386076738093,H1,3865.23122252132,AX,151.253069546271,L1,3.46847621278778,L2,0.1720038868...
testing H1>-5.0
evaluate ot="H1.bs>-5.0" t="H1>-5.0", ctx="{'H1': None}"
check iteration duration=0.00056791305542
GetData ===>> H2,0.127118370165527,H1,3862.45186143186,AX,151.160583865095,L1,3.46636251825063,L2,0.24486703305...
check iteration duration=6.38961791992e-05
GetData ===>> H2,-0.0421545018922163,H1,3860.4063134656,AX,151.045519947196,L1,3.44828379972402,L2,0.2412710746...
check iteration duration=6.22272491455e-05
GetData ===>> H2,-0.0955138126754743,H1,3859.10678105381,AX,151.114102055578,L1,3.43803234193051,L2,0.207795186...
check iteration duration=6.19888305664e-05
GetData ===>> H2,0.0226527244505882,H1,3857.06727280346,AX,151.218497569502,L1,3.50717139159923,L2,0.1611789981...
check iteration duration=3.79085540771e-05
GetData ===>> H2,0.0115373191776061,H1,3855.87766742156,AX,151.07918970916,L1,3.47090679645622,L2,0.16278725506...
testing H1>-5.0
evaluate ot="H1.bs>-5.0" t="H1>-5.0", ctx="{'H1': None}"
check iteration duration=0.000584840774536
GetData ===>> H2,0.0440351948670779,H1,3855.04755055261,AX,151.114967294275,L1,3.44853674079581,L2,0.1345383321...
check iteration duration=3.69548797607e-05
waiting for write to finish
measurement finished
estimated time: 125.829 actual time: :126.441
flush and close file /Users/jan/PychronDev/data/isotopes/96/a537e9-d8c0-4c07-a8ae-c8be4ecab34f.h5
baselines () {'settling_time': 15.0, 'detector': 'H1', 'mass': 34.2, 'ncounts': 60}
%%%%%%%%%%%%%%%%%%%%%%%%%%%%%%%% Baseline
build tables- baseline [Detector(H2), Detector(H1), Detector(AX), Detector(L1), Detector(L2), Detector(CDD)]
add group baseline table H2
add group baseline table H1
add group baseline table AX
add group baseline table L1
add group baseline table L2
add group baseline table CDD
flush and close file /Users/jan/PychronDev/data/isotopes/96/a537e9-d8c0-4c07-a8ae-c8be4ecab34f.h5
detector Detector(H1)
POSITION 34.2 H1
Mapping mass to dac mass func: "parabolic"
H1 map mass coeffs = [-0.00063987  0.15840543  0.57260999]
H1 map mass to dac 34.2 >> 5.24165599104
GetDeflection H1 ===>> 0
GetHighVoltage ===>> 4499.94659342336
positioning 34.2 (5.24162512342) on H1
setting magnet DAC
current  : 5.880965
requested: 5.241625
Delta Dac: 0.639340
Checking detector protection. dv=0.63934
Checking detector "CDD". Protection Threshold: 0.1 (V)
ProtectDetector CDD,On ===>> OK
GetDeflection CDD ===>> 2000
Protected = 2000
SetMagnetDAC 5.24162512342 ===>> OK
Magnet settling time: 0.500
GetMagnetMoving ===>> True
GetMagnetMoving ===>> True
GetMagnetMoving ===>> True
GetMagnetMoving ===>> True
GetMagnetMoving ===>> True
GetMagnetMoving ===>> True
GetMagnetMoving ===>> True
GetMagnetMoving ===>> True
GetMagnetMoving ===>> False
ProtectDetector CDD,Off ===>> OK
GetDeflection CDD ===>> 50
Delaying 15.0s for detectors to settle
Join finished
measuring baseline. ncounts=60
"baseline" increment series count="2" fit count="1" regressing="True"
starting measurement
check iteration duration=8.70227813721e-05
GetData ===>> H2,-0.158122959923124,H1,-0.219040131903547,AX,-0.104988012343729,L1,-0.0751118221627837,L2,-0.04...
check iteration duration=3.50475311279e-05
GetData ===>> H2,-0.164603394164929,H1,-0.168023963792563,AX,-0.118232505059584,L1,-0.0450210743761397,L2,-0.04...
check iteration duration=6.89029693604e-05
GetData ===>> H2,-0.247327742717265,H1,-0.202085297609189,AX,-0.0204148276146023,L1,-0.0357772372645852,L2,-0.0...
check iteration duration=4.10079956055e-05
GetData ===>> H2,-0.301676397695624,H1,-0.227129303299334,AX,-0.024659730224877,L1,-0.0407487428140332,L2,0.029...
testing H1>-5.0
evaluate ot="H1.bs>-5.0" t="H1>-5.0", ctx="{'H1': None}"
check iteration duration=0.00135588645935
GetData ===>> H2,-0.0978119421886336,H1,-0.191360446635102,AX,-0.138559296366979,L1,-0.0410828835380472,L2,-0.0...
check iteration duration=3.81469726562e-05
GetData ===>> H2,0.0358418896444162,H1,-0.10845811958966,AX,-0.14567854707277,L1,-0.0391353694588096,L2,-0.0369...
check iteration duration=7.89165496826e-05
GetData ===>> H2,-0.0584582482206431,H1,-0.191658374693904,AX,-0.13744614165979,L1,-0.0463031379004661,L2,-0.00...
check iteration duration=6.19888305664e-05
GetData ===>> H2,-0.0517904942567713,H1,-0.0870910557212444,AX,-0.143162519632288,L1,-0.0292346341241077,L2,0.0...
check iteration duration=3.91006469727e-05
GetData ===>> H2,-0.151049382723402,H1,-0.00941379549075345,AX,-0.169096509708124,L1,-0.00619451742139919,L2,0....
testing H1>-5.0
evaluate ot="H1.bs>-5.0" t="H1>-5.0", ctx="{'H1': None}"
check iteration duration=0.00058388710022
GetData ===>> H2,-0.170839961460346,H1,-0.0408615707142566,AX,-0.231254279028942,L1,-0.0248663142345664,L2,0.00...
check iteration duration=8.41617584229e-05
GetData ===>> H2,-0.220992527539164,H1,-0.0261585507890015,AX,-0.132193469411708,L1,-0.0198786469223827,L2,-0.0...
check iteration duration=7.82012939453e-05
GetData ===>> H2,-0.198626265250889,H1,-0.0423043297683499,AX,-0.12693372305904,L1,-0.0645686526194388,L2,0.034...
check iteration duration=9.3936920166e-05
GetData ===>> H2,-0.138984631224456,H1,0.044632192328309,AX,-0.00794580540968916,L1,-0.0790503924488965,L2,0.00...
check iteration duration=8.29696655273e-05
GetData ===>> H2,-0.215192572402165,H1,0.0169732270578706,AX,-0.173130322077591,L1,-0.0353302802839994,L2,-0.07...
testing H1>-5.0
evaluate ot="H1.bs>-5.0" t="H1>-5.0", ctx="{'H1': None}"
check iteration duration=0.000581979751587
GetData ===>> H2,-0.175229731627286,H1,0.0410998194731562,AX,-0.0455220111857598,L1,-0.0022488457097258,L2,-0.1...
check iteration duration=6.69956207275e-05
GetData ===>> H2,-0.0979920352358907,H1,0.0309210771350934,AX,-0.183411150402335,L1,-0.0171146470603032,L2,-0.0...
check iteration duration=8.10623168945e-05
GetData ===>> H2,-0.127815276374584,H1,-0.00166064522491001,AX,-0.0244625667171717,L1,-0.0478830471751472,L2,0....
check iteration duration=3.91006469727e-05
GetData ===>> H2,-0.18755395205535,H1,0.0641340882814535,AX,-0.036685948962424,L1,-0.0110054482859681,L2,0.0090...
check iteration duration=6.103515625e-05
GetData ===>> H2,-0.161030768747696,H1,0.0545258863840605,AX,-0.101940249203482,L1,-0.0379817744895765,L2,-0.00...
testing H1>-5.0
evaluate ot="H1.bs>-5.0" t="H1>-5.0", ctx="{'H1': None}"
check iteration duration=0.000967979431152
GetData ===>> H2,-0.246598586797333,H1,0.0325438787868616,AX,-0.0855525399052049,L1,-0.0684871625625915,L2,-0.0...
check iteration duration=6.69956207275e-05
GetData ===>> H2,-0.304864383394273,H1,0.100665401764455,AX,-0.0550065500062343,L1,-0.0605624667862805,L2,0.042...
check iteration duration=6.50882720947e-05
GetData ===>> H2,-0.111797288084642,H1,0.0182020870244994,AX,-0.0976175924987387,L1,-0.0579155214849894,L2,-0.0...
check iteration duration=5.88893890381e-05
GetData ===>> H2,-0.239694833291384,H1,-0.0124791061722139,AX,-0.142397263355625,L1,-0.0319917132164189,L2,0.08...
check iteration duration=7.89165496826e-05
GetData ===>> H2,-0.278184893713336,H1,0.00827619303727119,AX,0.0356909472354157,L1,-0.0138259442227117,L2,0.01...
testing H1>-5.0
evaluate ot="H1.bs>-5.0" t="H1>-5.0", ctx="{'H1': None}"
check iteration duration=0.000648021697998
08:04:00 -- collecting point 25
GetData ===>> H2,-0.254981037587114,H1,0.0345366197383125,AX,-0.0729527564672582,L1,-0.0418181935323841,L2,-0.0...
check iteration duration=3.91006469727e-05
GetData ===>> H2,-0.188663741607603,H1,0.137760218837113,AX,-0.0632033223638075,L1,-0.0490378994134125,L2,-0.13...
check iteration duration=3.69548797607e-05
GetData ===>> H2,-0.180323498121386,H1,0.0284272641038143,AX,-0.0850077808084078,L1,-1.79992993457439E-05,L2,-0...
check iteration duration=8.32080841064e-05
GetData ===>> H2,-0.092987636308507,H1,0.112165831218669,AX,0.0135162522631668,L1,-0.00262080537337307,L2,-0.01...
check iteration duration=7.20024108887e-05
GetData ===>> H2,-0.128520895301416,H1,0.121185764187337,AX,-0.13159104592491,L1,-0.00794072425365082,L2,-0.040...
testing H1>-5.0
evaluate ot="H1.bs>-5.0" t="H1>-5.0", ctx="{'H1': None}"
check iteration duration=0.000550985336304
GetData ===>> H2,-0.18841158755636,H1,0.0342979660366673,AX,-0.0357118457638906,L1,-0.0266337594099727,L2,-0.03...
check iteration duration=7.89165496826e-05
GetData ===>> H2,-0.277256932665,H1,0.0455391730336043,AX,-0.0962964204941461,L1,-0.0315809539639652,L2,-0.0555...
check iteration duration=8.29696655273e-05
GetData ===>> H2,-0.189583314665298,H1,0.107572658993127,AX,-0.00663501540874351,L1,-0.00514496854897061,L2,0.0...
check iteration duration=6.31809234619e-05
GetData ===>> H2,-0.0990400388950009,H1,0.0241676410214221,AX,-0.00900138452611543,L1,0.00917454457321757,L2,0....
check iteration duration=7.39097595215e-05
GetData ===>> H2,-0.267950270011838,H1,0.133082341173707,AX,-0.0143139056312617,L1,0.0211980874963853,L2,-0.057...
testing H1>-5.0
evaluate ot="H1.bs>-5.0" t="H1>-5.0", ctx="{'H1': None}"
check iteration duration=0.000579118728638
GetData ===>> H2,-0.24888948465892,H1,0.0948321825055889,AX,-0.0910115530617344,L1,-0.019847473717602,L2,-0.046...
check iteration duration=4.19616699219e-05
GetData ===>> H2,-0.0879064932501147,H1,0.181076762301324,AX,-0.126562981309116,L1,-0.0505252492211746,L2,-0.08...
check iteration duration=7.89165496826e-05
GetData ===>> H2,-0.138994093504483,H1,0.0995559903426148,AX,-0.107456282859626,L1,-0.0135958271245801,L2,0.030...
check iteration duration=6.00814819336e-05
GetData ===>> H2,-0.165584791295995,H1,0.143166303651943,AX,-0.115347375484543,L1,0.00321574520890145,L2,0.0067...
check iteration duration=7.00950622559e-05
GetData ===>> H2,-0.184705488661826,H1,0.154265802769982,AX,0.00302825558857321,L1,0.0246013375840829,L2,0.0630...
testing H1>-5.0
evaluate ot="H1.bs>-5.0" t="H1>-5.0", ctx="{'H1': None}"
check iteration duration=0.00257706642151
GetData ===>> H2,-0.180717514935613,H1,0.12958600895121,AX,-0.0619628367985552,L1,0.00587367313529628,L2,0.0064...
check iteration duration=8.79764556885e-05
GetData ===>> H2,-0.214002181633756,H1,0.0332359639630077,AX,-0.202115529444401,L1,-0.0284368325207552,L2,0.007...
check iteration duration=6.38961791992e-05
GetData ===>> H2,-0.184844421826944,H1,0.122199960890979,AX,-0.040756203270005,L1,-0.0207310767398367,L2,-0.059...
check iteration duration=6.19888305664e-05
GetData ===>> H2,-0.280215129652111,H1,0.104041428250246,AX,-0.0228736462230735,L1,-0.00314872453060535,L2,-0.0...
check iteration duration=6.60419464111e-05
GetData ===>> H2,-0.256084695668359,H1,0.155065491598205,AX,-0.0514006790014601,L1,-0.00308633552704131,L2,-0.0...
testing H1>-5.0
evaluate ot="H1.bs>-5.0" t="H1>-5.0", ctx="{'H1': None}"
check iteration duration=0.00330090522766
GetData ===>> H2,-0.158838839031614,H1,0.0723017308976949,AX,-0.0591108193584882,L1,-0.0207106959977312,L2,-0.0...
check iteration duration=8.82148742676e-05
GetData ===>> H2,0.03058863489145,H1,0.0712164850746212,AX,-0.0715732882604783,L1,-0.0280678578214699,L2,0.0041...
check iteration duration=4.81605529785e-05
GetData ===>> H2,0.214435693095433,H1,0.0461716775986833,AX,-0.194826580310757,L1,-0.00556720022171513,L2,0.084...
check iteration duration=3.88622283936e-05
GetData ===>> H2,-0.11943912233276,H1,0.0505754522116987,AX,0.00367792166684877,L1,0.0226880697390236,L2,0.0009...
check iteration duration=5.29289245605e-05
GetData ===>> H2,-0.208389228184156,H1,0.125946611872485,AX,-0.169386300657478,L1,-0.0298455204891065,L2,0.0247...
testing H1>-5.0
evaluate ot="H1.bs>-5.0" t="H1>-5.0", ctx="{'H1': None}"
check iteration duration=0.000584125518799
08:04:27 -- collecting point 50
GetData ===>> H2,-0.202633294102333,H1,0.0911940480546437,AX,-0.144171257343605,L1,-0.027872583265269,L2,-0.024...
check iteration duration=5.10215759277e-05
GetData ===>> H2,-0.163867628047716,H1,0.170666668573172,AX,-0.0121216558598821,L1,0.0126733769355329,L2,0.0563...
check iteration duration=6.98566436768e-05
GetData ===>> H2,-0.28820920445746,H1,0.0594432608674424,AX,-0.0767664785601452,L1,0.00877612683403738,L2,0.059...
check iteration duration=3.71932983398e-05
GetData ===>> H2,-0.272300246807087,H1,0.0950349676587027,AX,-0.000927653194964925,L1,-0.0073183130161431,L2,0....
check iteration duration=7.20024108887e-05
GetData ===>> H2,-0.156677556749107,H1,0.105699659613712,AX,-0.0347145395311257,L1,0.0212485510338371,L2,-0.153...
testing H1>-5.0
evaluate ot="H1.bs>-5.0" t="H1>-5.0", ctx="{'H1': None}"
check iteration duration=0.000586986541748
GetData ===>> H2,-0.094728252296335,H1,0.07152288552168,AX,-0.015218629238652,L1,0.0111716708929419,L2,0.057655...
check iteration duration=8.79764556885e-05
GetData ===>> H2,-0.184221232553812,H1,0.0343337640557053,AX,-0.158675053315486,L1,-0.0171362343829299,L2,-0.02...
check iteration duration=6.91413879395e-05
GetData ===>> H2,-0.152828102981348,H1,0.111533511889683,AX,-0.104906894409492,L1,-0.0668682871535616,L2,0.0541...
check iteration duration=4.29153442383e-05
GetData ===>> H2,-0.117212194662139,H1,0.102788825639189,AX,-0.0820637107797999,L1,-0.0616595718143895,L2,-0.04...
check iteration duration=4.00543212891e-05
GetData ===>> H2,-0.126221389405388,H1,0.164017667921779,AX,-0.0498469827826747,L1,-0.0108711763262824,L2,0.020...
testing H1>-5.0
evaluate ot="H1.bs>-5.0" t="H1>-5.0", ctx="{'H1': None}"
check iteration duration=0.00130200386047
GetData ===>> H2,-0.145908909096369,H1,0.0682641080647751,AX,-0.0390747798189411,L1,-0.0035386470445226,L2,0.08...
check iteration duration=1.38282775879e-05
waiting for write to finish
measurement finished
estimated time: 62.915 actual time: :63.228
flush and close file /Users/jan/PychronDev/data/isotopes/96/a537e9-d8c0-4c07-a8ae-c8be4ecab34f.h5
activate_detectors ('H1', 'AX', 'CDD') {'peak_center': True}
peak_center () {'detector': 'H1', 'integration_time': 0.262144, 'isotope': 'Ar40'}
peak center: mean=3861.6677943 threshold=3
peak center started
setup peak center. detector=['H1', 'AX', 'CDD'], isotope=Ar40
VersionedUnpickler [<apptools.sweet_pickle.versioned_unpickler.VersionedUnpickler object at 0x23eda6cb0>] using Updater [<apptools.sweet_pickle.updater.Updater object at 0x12e273d10>]
VersionedUnpickler [<apptools.sweet_pickle.versioned_unpickler.VersionedUnpickler object at 0x23eda6cb0>] using Updater [<apptools.sweet_pickle.updater.Updater object at 0x12e273d10>]
VersionedUnpickler [<apptools.sweet_pickle.versioned_unpickler.VersionedUnpickler object at 0x20475bfb0>] using Updater [<apptools.sweet_pickle.updater.Updater object at 0x12e273d10>]
setting integration time = 0.524288
SetIntegrationTime 0.524288 ===>> OK
Mapping mass to dac mass func: "parabolic"
H1 map mass coeffs = [-0.00063987  0.15840543  0.57260999]
H1 map mass to dac 39.9624 >> 5.881
GetDeflection H1 ===>> 0
GetHighVoltage ===>> 4499.94659342336
do peak center. <pychron.spectrometer.jobs.peak_center.PeakCenter object at 0x16275af50>
doing pc
starting peak center. center dac= 5.88096536734 step_width=0.001
width = 0.001
get scan parameters. half-width=0.015,window=0.015, i=0, scalar=1
Scan parameters center=5.88097 width=0.03000 (5.86597 - 5.89597)
GetData ===>> H2,-0.243158003759068,H1,0.057903571528173,AX,-0.150153900478237,L1,0.0107911782024728,L2,-0.0252...
Moving to starting dac 5.86596536734
setting magnet DAC
current  : 5.241625
requested: 5.865965
Delta Dac: 0.624340
Checking detector protection. dv=0.62434
Checking detector "CDD". Protection Threshold: 0.1 (V)
ProtectDetector CDD,On ===>> OK
GetDeflection CDD ===>> 2000
Protected = 2000
SetMagnetDAC 5.86596536734 ===>> OK
Magnet settling time: 0.500
GetMagnetMoving ===>> True
GetMagnetMoving ===>> True
GetMagnetMoving ===>> True
GetMagnetMoving ===>> True
GetMagnetMoving ===>> True
GetMagnetMoving ===>> True
GetMagnetMoving ===>> True
GetMagnetMoving ===>> True
GetMagnetMoving ===>> False
ProtectDetector CDD,Off ===>> OK
GetDeflection CDD ===>> 50
Wait until signal near baseline. tol= 0.0434276786461. timeout= 10
GetData ===>> H2,10.5629657236484,H1,1.5822830196776,AX,0.0955406884603821,L1,0.244605739204231,L2,0.1037215043...
GetData ===>> H2,139.28956670039,H1,60.5213122877426,AX,1.97901326774074,L1,0.421342277716077,L2,0.357372595311...
GetData ===>> H2,151.71756145954,H1,100.6124724705,AX,3.57503423616495,L1,0.370067371069606,L2,0.00116145919458...
GetData ===>> H2,151.065031357106,H1,49.2671049824045,AX,1.67369687396077,L1,0.27565806342722,L2,0.091456819008...
GetData ===>> H2,118.967882166278,H1,25.804042251894,AX,0.819511671812675,L1,0.170372478687649,L2,0.01753725758...
GetData ===>> H2,61.6134775907794,H1,14.7385124368511,AX,0.478419481083957,L1,0.126847637318075,L2,-0.074213041...
GetData ===>> H2,24.9656293047271,H1,9.2365442970191,AX,0.2576592396946,L1,0.068879682701723,L2,-0.007196177858...
GetData ===>> H2,8.6400863809839,H1,6.60327552775544,AX,0.0550300039389168,L1,0.0475444368936361,L2,-0.15876593...
GetData ===>> H2,3.00001649765362,H1,5.28522115930692,AX,0.0557019544879933,L1,-0.00657832511386588,L2,-0.07500...
GetData ===>> H2,1.56790271621165,H1,4.62934285230345,AX,0.107432893008166,L1,-0.0263629639617623,L2,0.06271619...
GetData ===>> H2,1.26651285410623,H1,4.37401010060368,AX,0.0850174144644309,L1,-0.0227209692136695,L2,0.0235507...
GetData ===>> H2,1.27512340828276,H1,4.24388925892429,AX,0.0924809408886762,L1,-0.0224096264302809,L2,0.0811994...
GetData ===>> H2,1.23775082530214,H1,4.14865177784043,AX,0.0436639322599196,L1,-0.00387936697082557,L2,-0.00897...
GetData ===>> H2,1.21667351486688,H1,4.08663682881205,AX,0.0123792245616462,L1,0.0230433427626279,L2,-0.0369316...
GetData ===>> H2,1.12188700720023,H1,4.07899708921489,AX,0.100918659584929,L1,0.00691600595028131,L2,-0.1317004...
GetData ===>> H2,0.966093808957797,H1,4.1386947222551,AX,0.112695599039107,L1,3.24074586124197E-05,L2,-0.117207...
GetData ===>> H2,0.873218216557566,H1,4.17446186674242,AX,0.123059556384025,L1,-0.015322775443382,L2,-0.0625840...
GetData ===>> H2,0.775544797029511,H1,4.18598111407762,AX,0.0904179835266094,L1,-0.00607457451660133,L2,-0.0046...
GetData ===>> H2,0.765620267833977,H1,4.10408385424799,AX,0.0440585365395361,L1,0.0223038287021365,L2,0.1761334...
GetData ===>> H2,0.609637727785454,H1,4.00204763984247,AX,-0.0656958390070434,L1,0.0291199760930878,L2,0.044737...
GetData ===>> H2,0.490297341622489,H1,4.05330839867883,AX,-0.0227460675401232,L1,0.0187750769105518,L2,-0.02131...
Peak center failed to move to a baseline position
_do_sweep sm= 5.86596536734, em= 5.89596536734, stm= 0.001
calculated step values: start=5.86596536734, end=5.89596536734, width=0.001, nsteps=31.0
setting magnet DAC
current  : 5.865965
requested: 5.865965
Delta Dac: 0.000000
Checking detector protection. dv=0.00000
Checking detector "CDD". Protection Threshold: 0.1 (V)
SetMagnetDAC 5.86596536734 ===>> OK
GetData ===>> H2,0.490297341622489,H1,4.05330839867883,AX,-0.0227460675401232,L1,0.0187750769105518,L2,-0.02131...
setting magnet DAC
current  : 5.865965
requested: 5.867000
Delta Dac: 0.001034
Checking detector protection. dv=0.00103
Checking detector "CDD". Protection Threshold: 0.1 (V)
SetMagnetDAC 5.8669998501 ===>> OK
Magnet settling time: 1.049
GetData ===>> H2,0.42442803320721,H1,7.91790870565834,AX,0.205361152031058,L1,-0.0231879653206472,L2,0.04535293...
setting magnet DAC
current  : 5.867000
requested: 5.868034
Delta Dac: 0.001034
Checking detector protection. dv=0.00103
Checking detector "CDD". Protection Threshold: 0.1 (V)
SetMagnetDAC 5.86803433286 ===>> OK
Magnet settling time: 1.049
GetData ===>> H2,0.35023972239139,H1,22.6272203446966,AX,0.679590252353541,L1,0.0182374707962011,L2,-0.05373053...
setting magnet DAC
current  : 5.868034
requested: 5.869069
Delta Dac: 0.001034
Checking detector protection. dv=0.00103
Checking detector "CDD". Protection Threshold: 0.1 (V)
SetMagnetDAC 5.86906881562 ===>> OK
Magnet settling time: 1.049
GetData ===>> H2,0.265504944504999,H1,76.7453377470703,AX,2.20474417014038,L1,-0.0240165306919133,L2,-0.0512495...
setting magnet DAC
current  : 5.869069
requested: 5.870103
Delta Dac: 0.001034
Checking detector protection. dv=0.00103
Checking detector "CDD". Protection Threshold: 0.1 (V)
SetMagnetDAC 5.87010329838 ===>> OK
Magnet settling time: 1.049
GetData ===>> H2,0.153599093737352,H1,246.618857986089,AX,6.40892956895704,L1,0.0109298326251832,L2,0.034120894...
setting magnet DAC
current  : 5.870103
requested: 5.871138
Delta Dac: 0.001034
Checking detector protection. dv=0.00103
Checking detector "CDD". Protection Threshold: 0.1 (V)
SetMagnetDAC 5.87113778114 ===>> OK
Magnet settling time: 1.049
GetData ===>> H2,0.214054270179941,H1,977.95029878663,AX,26.3990961729989,L1,0.253931908091127,L2,-0.0889577306...
setting magnet DAC
current  : 5.871138
requested: 5.872172
Delta Dac: 0.001034
Checking detector protection. dv=0.00103
Checking detector "CDD". Protection Threshold: 0.1 (V)
SetMagnetDAC 5.87217226389 ===>> OK
Magnet settling time: 1.049
GetData ===>> H2,0.171884395298289,H1,1909.28006013258,AX,58.6122406886313,L1,0.659696902719643,L2,-0.082245538...
setting magnet DAC
current  : 5.872172
requested: 5.873207
Delta Dac: 0.001034
Checking detector protection. dv=0.00103
Checking detector "CDD". Protection Threshold: 0.1 (V)
SetMagnetDAC 5.87320674665 ===>> OK
Magnet settling time: 1.049
GetData ===>> H2,0.145761103829949,H1,2779.68946524964,AX,94.3783865726046,L1,1.25915981819313,L2,0.07135343035...
setting magnet DAC
current  : 5.873207
requested: 5.874241
Delta Dac: 0.001034
Checking detector protection. dv=0.00103
Checking detector "CDD". Protection Threshold: 0.1 (V)
SetMagnetDAC 5.87424122941 ===>> OK
Magnet settling time: 1.049
GetData ===>> H2,0.172845855621184,H1,3331.15457514821,AX,122.083673569173,L1,1.91551759458773,L2,0.06547364562...
setting magnet DAC
current  : 5.874241
requested: 5.875276
Delta Dac: 0.001034
Checking detector protection. dv=0.00103
Checking detector "CDD". Protection Threshold: 0.1 (V)
SetMagnetDAC 5.87527571217 ===>> OK
Magnet settling time: 1.049
GetData ===>> H2,0.169249693854206,H1,3573.16943661829,AX,136.959981300901,L1,2.41128766546872,L2,0.11122243031...
setting magnet DAC
current  : 5.875276
requested: 5.876310
Delta Dac: 0.001034
Checking detector protection. dv=0.00103
Checking detector "CDD". Protection Threshold: 0.1 (V)
SetMagnetDAC 5.87631019493 ===>> OK
Magnet settling time: 1.049
GetData ===>> H2,0.137336640031188,H1,3652.65367828853,AX,142.509302267185,L1,2.77227974827529,L2,0.15767742576...
setting magnet DAC
current  : 5.876310
requested: 5.877345
Delta Dac: 0.001034
Checking detector protection. dv=0.00103
Checking detector "CDD". Protection Threshold: 0.1 (V)
SetMagnetDAC 5.87734467769 ===>> OK
Magnet settling time: 1.049
GetData ===>> H2,0.0974162242960723,H1,3674.66046945205,AX,144.391560571599,L1,2.99772290439812,L2,0.1027183855...
setting magnet DAC
current  : 5.877345
requested: 5.878379
Delta Dac: 0.001034
Checking detector protection. dv=0.00103
Checking detector "CDD". Protection Threshold: 0.1 (V)
SetMagnetDAC 5.87837916045 ===>> OK
Magnet settling time: 1.049
GetData ===>> H2,0.283919073295332,H1,3679.07982524169,AX,144.783818692604,L1,3.17248503314203,L2,0.12374048224...
setting magnet DAC
current  : 5.878379
requested: 5.879414
Delta Dac: 0.001034
Checking detector protection. dv=0.00103
Checking detector "CDD". Protection Threshold: 0.1 (V)
SetMagnetDAC 5.8794136432 ===>> OK
Magnet settling time: 1.049
GetData ===>> H2,0.145651584476239,H1,3680.21953007177,AX,144.636833294062,L1,3.25161778339225,L2,0.21111600168...
setting magnet DAC
current  : 5.879414
requested: 5.880448
Delta Dac: 0.001034
Checking detector protection. dv=0.00103
Checking detector "CDD". Protection Threshold: 0.1 (V)
SetMagnetDAC 5.88044812596 ===>> OK
Magnet settling time: 1.049
GetData ===>> H2,0.0502817225741381,H1,3678.75479161919,AX,144.828062618939,L1,3.2380091565326,L2,0.18437016784...
setting magnet DAC
current  : 5.880448
requested: 5.881483
Delta Dac: 0.001034
Checking detector protection. dv=0.00103
Checking detector "CDD". Protection Threshold: 0.1 (V)
SetMagnetDAC 5.88148260872 ===>> OK
Magnet settling time: 1.049
GetData ===>> H2,0.0673915068034751,H1,3679.36137994103,AX,144.507264971801,L1,3.30826589256063,L2,0.2235786428...
setting magnet DAC
current  : 5.881483
requested: 5.882517
Delta Dac: 0.001034
Checking detector protection. dv=0.00103
Checking detector "CDD". Protection Threshold: 0.1 (V)
SetMagnetDAC 5.88251709148 ===>> OK
Magnet settling time: 1.049
GetData ===>> H2,0.0900841984834742,H1,3677.02086252095,AX,144.630809366474,L1,3.36243897500428,L2,0.2817013788...
setting magnet DAC
current  : 5.882517
requested: 5.883552
Delta Dac: 0.001034
Checking detector protection. dv=0.00103
Checking detector "CDD". Protection Threshold: 0.1 (V)
SetMagnetDAC 5.88355157424 ===>> OK
Magnet settling time: 1.049
GetData ===>> H2,0.0634389998530529,H1,3672.65253106962,AX,144.345250839869,L1,3.38218489562825,L2,0.1950037087...
setting magnet DAC
current  : 5.883552
requested: 5.884586
Delta Dac: 0.001034
Checking detector protection. dv=0.00103
Checking detector "CDD". Protection Threshold: 0.1 (V)
SetMagnetDAC 5.884586057 ===>> OK
Magnet settling time: 1.049
GetData ===>> H2,0.0895655363575202,H1,3666.45992788872,AX,143.789862360496,L1,3.31055121854218,L2,0.2201775047...
setting magnet DAC
current  : 5.884586
requested: 5.885621
Delta Dac: 0.001034
Checking detector protection. dv=0.00103
Checking detector "CDD". Protection Threshold: 0.1 (V)
SetMagnetDAC 5.88562053976 ===>> OK
Magnet settling time: 1.049
GetData ===>> H2,0.00390902963595503,H1,3644.79345638282,AX,142.004664735029,L1,3.30828824078021,L2,0.183046762...
setting magnet DAC
current  : 5.885621
requested: 5.886655
Delta Dac: 0.001034
Checking detector protection. dv=0.00103
Checking detector "CDD". Protection Threshold: 0.1 (V)
SetMagnetDAC 5.88665502251 ===>> OK
Magnet settling time: 1.049
GetData ===>> H2,-0.12563325752774,H1,3563.92473574325,AX,136.238644156973,L1,3.16440765271395,L2,0.24191034629...
setting magnet DAC
current  : 5.886655
requested: 5.887690
Delta Dac: 0.001034
Checking detector protection. dv=0.00103
Checking detector "CDD". Protection Threshold: 0.1 (V)
SetMagnetDAC 5.88768950527 ===>> OK
Magnet settling time: 1.049
GetData ===>> H2,-0.0315741040724704,H1,3301.86732496517,AX,119.380148014721,L1,2.85727335424148,L2,0.076595403...
setting magnet DAC
current  : 5.887690
requested: 5.888724
Delta Dac: 0.001034
Checking detector protection. dv=0.00103
Checking detector "CDD". Protection Threshold: 0.1 (V)
SetMagnetDAC 5.88872398803 ===>> OK
Magnet settling time: 1.049
GetData ===>> H2,-0.272462868956029,H1,2684.0348395046,AX,87.3512037146137,L1,2.26532450305756,L2,0.01038531234...
setting magnet DAC
current  : 5.888724
requested: 5.889758
Delta Dac: 0.001034
Checking detector protection. dv=0.00103
Checking detector "CDD". Protection Threshold: 0.1 (V)
SetMagnetDAC 5.88975847079 ===>> OK
Magnet settling time: 1.049
GetData ===>> H2,-0.549374625048211,H1,1766.26431760916,AX,49.9210635933609,L1,1.57567623853723,L2,-0.036408010...
setting magnet DAC
current  : 5.889758
requested: 5.890793
Delta Dac: 0.001034
Checking detector protection. dv=0.00103
Checking detector "CDD". Protection Threshold: 0.1 (V)
SetMagnetDAC 5.89079295355 ===>> OK
Magnet settling time: 1.049
GetData ===>> H2,-0.527659844742748,H1,903.909123738525,AX,21.8561827299458,L1,1.01561104041538,L2,-0.065269552...
setting magnet DAC
current  : 5.890793
requested: 5.891827
Delta Dac: 0.001034
Checking detector protection. dv=0.00103
Checking detector "CDD". Protection Threshold: 0.1 (V)
SetMagnetDAC 5.89182743631 ===>> OK
Magnet settling time: 1.049
GetData ===>> H2,-0.397733900773458,H1,353.83477469042,AX,7.13018835205766,L1,0.623020112228907,L2,-0.027984624...
setting magnet DAC
current  : 5.891827
requested: 5.892862
Delta Dac: 0.001034
Checking detector protection. dv=0.00103
Checking detector "CDD". Protection Threshold: 0.1 (V)
SetMagnetDAC 5.89286191907 ===>> OK
Magnet settling time: 1.049
GetData ===>> H2,-0.21905374663334,H1,107.815050518828,AX,1.70678510269074,L1,0.358465401566294,L2,-0.080925797...
setting magnet DAC
current  : 5.892862
requested: 5.893896
Delta Dac: 0.001034
Checking detector protection. dv=0.00103
Checking detector "CDD". Protection Threshold: 0.1 (V)
SetMagnetDAC 5.89389640183 ===>> OK
Magnet settling time: 1.049
GetData ===>> H2,-0.190987810279734,H1,13.3750290745694,AX,0.15290556639037,L1,0.130991845038808,L2,-0.15352658...
setting magnet DAC
current  : 5.893896
requested: 5.894931
Delta Dac: 0.001034
Checking detector protection. dv=0.00103
Checking detector "CDD". Protection Threshold: 0.1 (V)
SetMagnetDAC 5.89493088458 ===>> OK
Magnet settling time: 1.049
GetData ===>> H2,-0.161064528983229,H1,2.77879956890807,AX,-0.0928659252034722,L1,0.0923550984446152,L2,0.08092...
setting magnet DAC
current  : 5.894931
requested: 5.895965
Delta Dac: 0.001034
Checking detector protection. dv=0.00103
Checking detector "CDD". Protection Threshold: 0.1 (V)
SetMagnetDAC 5.89596536734 ===>> OK
Magnet settling time: 1.049
GetData ===>> H2,-0.270527150659524,H1,0.354599238126086,AX,-0.0891339652588782,L1,0.083613620764961,L2,-0.0881...
result of _do_sweep=True
result of _calculate_peak_center=([5.8731497360799452, 5.8809052471019898, 5.8886607581240344], [2731.7210110596138, 3680.1931119433666, 2721.7981477341636], 5.8794323012102065, 3680.1931119433666)
new center pos Detector(H1) (Ar40) @ 5.8809052471
GetHighVoltage ===>> 4499.94659342336
GetDeflection H1 ===>> 0
dac uncorrected for HV and deflection 5.88093987941
update mftable H1 Ar40 5.88093987941 message=automated run peakcenter
get initial guess parabolic
get initial guess parabolic
get initial guess parabolic
get initial guess parabolic
get initial guess parabolic
get initial guess parabolic
dump mftable to /Users/jan/PychronDev/setupfiles/spectrometer/mftables/mftable.csv
add to repo msg=modified - automated run peakcenter
sweep finished
locally archiving mftable
setting magnet DAC
current  : 5.895965
requested: 5.880905
Delta Dac: 0.015060
Checking detector protection. dv=0.01506
Checking detector "CDD". Protection Threshold: 0.1 (V)
SetMagnetDAC 5.8809052471 ===>> OK
Magnet settling time: 0.500
setting integration time = 1.048576
SetIntegrationTime 1.048576 ===>> OK
flush and close file /Users/jan/PychronDev/data/isotopes/96/a537e9-d8c0-4c07-a8ae-c8be4ecab34f.h5
finished measure script
executed snippet estimated_duration=226.132928, duration=273.561120987
jan_unknown120_60.py completed successfully
Measurement Finished
08:05:25 -- ******* Measurement Finished *******
Post Measurement Started jan_pump_ms.py
08:05:25 -- ******* Post Measurement Started jan_pump_ms.py *******
testing...
no interpolation path defined
executed snippet estimated_duration=0, duration=2.90870666504e-05
Pumping spectrometer
open () {'name': 'O'}
opening name=O desc=---
checking ownership. requestor=129.138.12.150
check software interlocks O
interlocks []
actuate state mode=None-script, software_lock=False
doing actuation None-script open_channel True
Open O ===>> OK
GetIndicatorState O ===>> OK
change switch state (True, True)
update switch state O True args=() kw={} ncanvase=8
08:05:25 -- OPEN   VALVE-O (Jan Ion Pump)
---------------------------------------- open O () result=[(True, True)], time=0.11 sec
action=open, ok=True, locked=[False]
executed snippet estimated_duration=0, duration=0.364025831223
jan_pump_ms.py completed successfully
setting _ms_pumptime
Post Measurement Finished
08:05:25 -- ******* Post Measurement Finished *******
$$$$$$$$$$$$$$$$$$$$ state at run end measurement
state changed from measurement to success
post measurement save measured=True aborted=False
Set filtering
setting fod for Ar40= {'filter_outliers': True, 'std_devs': 2, 'iterations': 1}
setting fod for H1= {'filter_outliers': True, 'std_devs': 2, 'iterations': 1}
setting fod for PM41= {'filter_outliers': False, 'std_devs': 2, 'iterations': 1}
setting fod for H2= {'filter_outliers': True, 'std_devs': 2, 'iterations': 1}
setting fod for Ar36= {'filter_outliers': True, 'std_devs': 2, 'iterations': 1}
setting fod for CDD= {'filter_outliers': True, 'std_devs': 10, 'iterations': 1}
setting fod for Ar37= {'filter_outliers': True, 'std_devs': 2, 'iterations': 1}
setting fod for L2= {'filter_outliers': True, 'std_devs': 2, 'iterations': 1}
setting fod for Ar38= {'filter_outliers': True, 'std_devs': 2, 'iterations': 1}
setting fod for L1= {'filter_outliers': True, 'std_devs': 2, 'iterations': 1}
setting fod for Ar39= {'filter_outliers': True, 'std_devs': 2, 'iterations': 1}
setting fod for AX= {'filter_outliers': True, 'std_devs': 2, 'iterations': 1}
persistence save...
persistence save - db
post measurement save
9653334864 connecting to database sqlite:////Users/jan/PychronDev/.appdata/local_lab.db
connected to db sqlite:////Users/jan/PychronDev/.appdata/local_lab.db
create new session 9653334864
close session 9653334864
No database instance. Not saving post measurement to isotopedb database
$$$$$$$$$$$$$$$ auto_save_detector_ic=False
massspec enabled True
create new session 6484677072
MassSpec Database Version: 16.0
close session 6484677072
saving post measurement to secondary database
saving to massspec database 129.138.12.160/massspecdata
setting labnumber to 65473
setting aliquot to 2
setting step to G
setting uuid to 96a537e9-d8c0-4c07-a8ae-c8be4ecab34f
setting irradpos to 65473
setting extract_device to Fusions CO2
setting tray to 
setting position to 90
setting power_requested to 1.5
setting extract_value to 1.5
setting duration to 30.0
setting duration_at_request to 30.0
setting first_stage_delay to 30.0
setting cleanup to 30.0
setting comment to P:5
setting irradiation to NM-288
setting level to P
setting irradiation_level to P
setting sample to DAMP
setting material to Kspar
setting project to IR989
setting mass_spectrometer to Jan
no attribute chron_dosages
no attribute production_ratios
no attribute interference_corrections
no attribute production_name
no attribute j
Reference Isotope=Ar40
Reference Detector=H1
%%%%%%%%%%%%%%%%%%%% Comment: P:5 %%%%%%%%%%%%%%%%%%%
adding isotope PM41 H2
add baseline dbdet= PM41. original det= H2
get baseline data PM41 H2
Get data baseline <pychron.processing.isotope.Baseline object at 0x237289610> len t=60
baseline PM41. v=-0.180831170484, e=0.00841607467451
get signal data PM41 H2
Get data signal PM41 0.44+/-0.23 len t=120
adding isotope Ar40 H1
add baseline dbdet= Ar40. original det= H1
get baseline data Ar40 H1
Get data baseline <pychron.processing.isotope.Baseline object at 0x237289810> len t=60
baseline Ar40. v=0.0651855440164, e=0.00868408959282
get signal data Ar40 H1
Get data signal Ar40 4069.88+/-0.27 len t=120
adding isotope Ar39 AX
add baseline dbdet= Ar39. original det= AX
get baseline data Ar39 AX
Get data baseline <pychron.processing.isotope.Baseline object at 0x2372899d0> len t=60
baseline Ar39. v=-0.0797747303964, e=0.00776103199985
get signal data Ar39 AX
Get data signal Ar39 157.715+/-0.033 len t=120
adding isotope Ar38 L1
add baseline dbdet= Ar38. original det= L1
get baseline data Ar38 L1
Get data baseline <pychron.processing.isotope.Baseline object at 0x237289b90> len t=60
baseline Ar38. v=-0.0210372377453, e=0.00318763395287
get signal data Ar38 L1
Get data signal Ar38 3.694+/-0.009 len t=120
adding isotope Ar37 L2
add baseline dbdet= Ar37. original det= L2
get baseline data Ar37 L2
Get data baseline <pychron.processing.isotope.Baseline object at 0x237289d50> len t=60
baseline Ar37. v=-0.00311524785143, e=0.00608822627063
get signal data Ar37 L2
Get data signal Ar37 0.176+/-0.012 len t=120
adding isotope Ar36 CDD
add baseline dbdet= Ar36. original det= CDD
get baseline data Ar36 CDD
Get data baseline <pychron.processing.isotope.Baseline object at 0x237289f10> len t=60
baseline Ar36. v=0.000932889965612, e=4.75867983057e-05
get signal data Ar36 CDD
Get data signal Ar36 8.573+/-0.007 len t=120
65473-02G added analysis time 0.540349006653s
analysis added to mass spec database
mass spec save time= 0.548
persistence save - dvc
================= post measurement started
create new session 4992585168
close session 4992585168
---------------- Experiment Queue saving disabled
DVC saving peakcenter
Smart pull ahead: 0 behind: 0
Up-to-date with origin
add to repo msg=modified - ad8224ebc6dbfeb9f5997218dfa5fe690569839d.json
add to repo msg=modified - 73-02G.json
add to repo msg=modified - 73-02G.dat.json
add to repo msg=modified - 73-02G.blan.json
add to repo msg=modified - 73-02G.inte.json
add to repo msg=modified - 73-02G.icfa.json
add to repo msg=modified - 73-02G.base.json
not at valid file /Users/jan/PychronDev/data/.dvc/repositories/Load1795/654/tags/73-02G.tags.json
add to repo msg=modified - 73-02G.peak.json
add to repo msg=modified - 73-02G.extr.json
not at valid file /Users/jan/PychronDev/data/.dvc/repositories/Load1795/654/monitor/73-02G.moni.json
commit message=<COLLECTION>
add to repo msg=modified - 73-02G.inte.json
add to repo msg=modified - 73-02G.base.json
commit message=<ISOEVO> default collection fits
add to repo msg=modified - 73-02G.blan.json
commit message=<BLANKS> preceding bu-FC-J-7821
add to repo msg=modified - 73-02G.icfa.json
commit message=<ICFactor> default
push repository <pychron.git_archive.repo_manager.GitRepoManager object at 0x22f578d70>
pushing to remote=origin, url=https://github.com
no changes to meta repo
create new session 4992585168
add association Load1795
get identifier "65473"
setting analysis irradiation position=<pychron.dvc.dvc_orm.IrradiationPositionTbl object at 0x23f616ed0>
close session 4992585168
================= post measurement finished
08:05:37 -- ******* Post Run Check *******
loading queue conditionals post_run_actions
loading system conditionals post_run_actions
loading conditionals from /Users/jan/PychronDev/setupfiles/spectrometer/default_conditionals.yaml
loading queue conditionals post_run_terminations
loading system conditionals post_run_terminations
loading conditionals from /Users/jan/PychronDev/setupfiles/spectrometer/default_conditionals.yaml
Checking default post run terminations n=1
GetDeflection CDD ===>> 50
testing CDD==2000
evaluate ot="CDD.deflection==2000" t="CDD==2000", ctx="{'CDD': 50.0}"
08:05:37 -- ******* Post Run Check Passed *******
08:05:37 -- Automated run 65473-02G success duration: 361.523 s
----------------- finish -----------------
----------------- stop -----------------
retroactive repository identifiers disabled
finish run. runs completed=155
update duration runid=65473-02G, duration=361.52343297, md5=3be28e4d
loading script "jan_unknown120_60.py"
loading script "jan_pump_ms.py"
loading script "jan_co2.py"
loading script "jan_pump_extraction_line.py"
testing...
no interpolation path defined
executed snippet estimated_duration=213.652928, duration=0.000340938568115
script duration name:unknown120_60 seconds:214.0
loading script "jan_unknown120_60.py"
loading script "jan_pump_ms.py"
loading script "jan_co2.py"
loading script "jan_pump_extraction_line.py"
testing...
no interpolation path defined
executed snippet estimated_duration=0, duration=2.59876251221e-05
loading script "jan_unknown120_60.py"
loading script "jan_pump_ms.py"
loading script "jan_co2.py"
loading script "jan_pump_extraction_line.py"
testing...
no interpolation path defined
calculate duration
testing...
no interpolation path defined
executed snippet estimated_duration=0, duration=5.19752502441e-05
calculate duration
testing...
no interpolation path defined
executed snippet estimated_duration=0, duration=9.70363616943e-05
executed snippet estimated_duration=0.0, duration=0.00318002700806
script duration name:co2 seconds:0.0
loading script "jan_unknown120_60.py"
loading script "jan_pump_ms.py"
loading script "jan_co2.py"
loading script "jan_pump_extraction_line.py"
testing...
no interpolation path defined
calculate duration
testing...
no interpolation path defined
executed snippet estimated_duration=4.0, duration=0.000172853469849
executed snippet estimated_duration=4.0, duration=0.00233507156372
Script duration 214.0
Run total estimated duration= 215.000
unknown120_60 in script context. using previous estimated duration
script duration name:unknown120_60 seconds:214.0
pump_ms in script context. using previous estimated duration
co2 in script context. using previous estimated duration
script duration name:co2 seconds:0.0
pump_extraction_line in script context. using previous estimated duration
Script duration 214.0
Run total estimated duration= 215.000
script duration name:unknown120_60 seconds:214.0
script duration name:co2 seconds:0.0
Script duration 214.0
Run total estimated duration= 215.000
loading script "jan_unknown400_120.py"
loading script "jan_pump_ms.py"
loading script "jan_cocktail_x1.py"
loading script "jan_pump_extraction_line.py"
testing...
no interpolation path defined
executed snippet estimated_duration=556.052928, duration=0.000140905380249
script duration name:unknown400_120 seconds:556.0
loading script "jan_unknown400_120.py"
loading script "jan_pump_ms.py"
loading script "jan_cocktail_x1.py"
loading script "jan_pump_extraction_line.py"
testing...
no interpolation path defined
calculate duration
testing...
no interpolation path defined
executed snippet estimated_duration=0, duration=4.91142272949e-05
calculate duration
testing...
no interpolation path defined
executed snippet estimated_duration=0, duration=0.00010085105896
calculate duration
testing...
no interpolation path defined
executed snippet estimated_duration=32.0, duration=9.91821289062e-05
calculate duration
testing...
no interpolation path defined
executed snippet estimated_duration=34.0, duration=0.000130891799927
calculate duration
testing...
no interpolation path defined
executed snippet estimated_duration=4.0, duration=6.38961791992e-05
calculate duration
testing...
no interpolation path defined
executed snippet estimated_duration=38.0, duration=0.000107765197754
executed snippet estimated_duration=108.0, duration=0.0107309818268
script duration name:cocktail_x1 seconds:108.0
Script duration 664.0
Run total estimated duration= 665.000
unknown400_120 in script context. using previous estimated duration
script duration name:unknown400_120 seconds:556.0
cocktail_x1 in script context. using previous estimated duration
script duration name:cocktail_x1 seconds:108.0
Script duration 664.0
Run total estimated duration= 665.000
loading script "jan_ic_peak_hop3.py"
loading script "jan_pump_ms.py"
loading script "jan_air_x1.py"
loading script "jan_pump_extraction_line.py"
testing...
no interpolation path defined
executed snippet estimated_duration=133.8, duration=0.00676393508911
script duration name:ic_peak_hop3 seconds:134.0
loading script "jan_ic_peak_hop3.py"
loading script "jan_pump_ms.py"
loading script "jan_air_x1.py"
loading script "jan_pump_extraction_line.py"
testing...
no interpolation path defined
calculate duration
testing...
no interpolation path defined
executed snippet estimated_duration=0, duration=4.57763671875e-05
calculate duration
testing...
no interpolation path defined
executed snippet estimated_duration=0, duration=9.58442687988e-05
calculate duration
testing...
no interpolation path defined
executed snippet estimated_duration=32.0, duration=8.79764556885e-05
calculate duration
testing...
no interpolation path defined
executed snippet estimated_duration=34.0, duration=9.98973846436e-05
calculate duration
testing...
no interpolation path defined
executed snippet estimated_duration=4.0, duration=6.89029693604e-05
calculate duration
testing...
no interpolation path defined
executed snippet estimated_duration=36.0, duration=0.000109910964966
executed snippet estimated_duration=106.0, duration=0.0158801078796
script duration name:air_x1 seconds:106.0
Script duration 240.0
Run total estimated duration= 241.000
script duration name:unknown120_60 seconds:214.0
script duration name:co2 seconds:0.0
Script duration 214.0
Run total estimated duration= 215.000
script duration name:unknown120_60 seconds:214.0
script duration name:co2 seconds:0.0
Script duration 214.0
Run total estimated duration= 215.000
script duration name:unknown120_60 seconds:214.0
script duration name:co2 seconds:0.0
Script duration 214.0
Run total estimated duration= 215.000
script duration name:unknown120_60 seconds:214.0
script duration name:co2 seconds:0.0
Script duration 214.0
Run total estimated duration= 215.000
script duration name:unknown120_60 seconds:214.0
script duration name:co2 seconds:0.0
Script duration 214.0
Run total estimated duration= 215.000
script duration name:unknown120_60 seconds:214.0
script duration name:co2 seconds:0.0
Script duration 214.0
Run total estimated duration= 215.000
script duration name:unknown120_60 seconds:214.0
script duration name:co2 seconds:0.0
Script duration 214.0
Run total estimated duration= 215.000
script duration name:unknown120_60 seconds:214.0
script duration name:co2 seconds:0.0
Script duration 214.0
Run total estimated duration= 215.000
script duration name:unknown120_60 seconds:214.0
script duration name:co2 seconds:0.0
Script duration 214.0
Run total estimated duration= 215.000
script duration name:unknown400_120 seconds:556.0
loading script "jan_unknown400_120.py"
loading script "jan_pump_ms.py"
loading script "jan_sniffair_x2.py"
loading script "jan_pump_extraction_line.py"
testing...
no interpolation path defined
calculate duration
testing...
no interpolation path defined
executed snippet estimated_duration=0, duration=4.50611114502e-05
calculate duration
testing...
no interpolation path defined
executed snippet estimated_duration=0, duration=9.67979431152e-05
calculate duration
testing...
no interpolation path defined
executed snippet estimated_duration=32.0, duration=0.000136852264404
calculate duration
testing...
no interpolation path defined
executed snippet estimated_duration=34.0, duration=0.000128030776978
calculate duration
testing...
no interpolation path defined
executed snippet estimated_duration=4.0, duration=7.39097595215e-05
calculate duration
testing...
no interpolation path defined
executed snippet estimated_duration=36.0, duration=0.000111818313599
calculate duration
testing...
no interpolation path defined
executed snippet estimated_duration=34.0, duration=9.79900360107e-05
calculate duration
testing...
no interpolation path defined
executed snippet estimated_duration=4.0, duration=6.91413879395e-05
calculate duration
testing...
no interpolation path defined
executed snippet estimated_duration=36.0, duration=0.000123977661133
calculate duration
testing...
no interpolation path defined
executed snippet estimated_duration=70.0, duration=0.000108003616333
executed snippet estimated_duration=250.0, duration=0.0201089382172
script duration name:sniffair_x2 seconds:250.0
Script duration 806.0
Run total estimated duration= 807.000
script duration name:unknown400_120 seconds:556.0
sniffair_x2 in script context. using previous estimated duration
script duration name:sniffair_x2 seconds:250.0
Script duration 806.0
Run total estimated duration= 807.000
script duration name:unknown400_120 seconds:556.0
script duration name:cocktail_x1 seconds:108.0
Script duration 664.0
Run total estimated duration= 665.000
script duration name:unknown120_60 seconds:214.0
script duration name:co2 seconds:0.0
Script duration 214.0
Run total estimated duration= 215.000
script duration name:unknown120_60 seconds:214.0
script duration name:co2 seconds:0.0
Script duration 214.0
Run total estimated duration= 215.000
script duration name:unknown120_60 seconds:214.0
script duration name:co2 seconds:0.0
Script duration 214.0
Run total estimated duration= 215.000
script duration name:unknown120_60 seconds:214.0
script duration name:co2 seconds:0.0
Script duration 214.0
Run total estimated duration= 215.000
script duration name:unknown120_60 seconds:214.0
script duration name:co2 seconds:0.0
Script duration 214.0
Run total estimated duration= 215.000
script duration name:unknown120_60 seconds:214.0
script duration name:co2 seconds:0.0
Script duration 214.0
Run total estimated duration= 215.000
script duration name:unknown120_60 seconds:214.0
script duration name:co2 seconds:0.0
Script duration 214.0
Run total estimated duration= 215.000
script duration name:unknown120_60 seconds:214.0
script duration name:co2 seconds:0.0
Script duration 214.0
Run total estimated duration= 215.000
script duration name:unknown400_120 seconds:556.0
script duration name:cocktail_x1 seconds:108.0
Script duration 664.0
Run total estimated duration= 665.000
ic_peak_hop3 in script context. using previous estimated duration
script duration name:ic_peak_hop3 seconds:134.0
air_x1 in script context. using previous estimated duration
script duration name:air_x1 seconds:106.0
Script duration 240.0
Run total estimated duration= 241.000
script duration name:unknown120_60 seconds:214.0
script duration name:co2 seconds:0.0
Script duration 214.0
Run total estimated duration= 215.000
script duration name:unknown120_60 seconds:214.0
script duration name:co2 seconds:0.0
Script duration 214.0
Run total estimated duration= 215.000
script duration name:unknown120_60 seconds:214.0
script duration name:co2 seconds:0.0
Script duration 214.0
Run total estimated duration= 215.000
script duration name:unknown120_60 seconds:214.0
script duration name:co2 seconds:0.0
Script duration 214.0
Run total estimated duration= 215.000
script duration name:unknown120_60 seconds:214.0
script duration name:co2 seconds:0.0
Script duration 214.0
Run total estimated duration= 215.000
script duration name:unknown120_60 seconds:214.0
script duration name:co2 seconds:0.0
Script duration 214.0
Run total estimated duration= 215.000
script duration name:unknown120_60 seconds:214.0
script duration name:co2 seconds:0.0
Script duration 214.0
Run total estimated duration= 215.000
script duration name:unknown120_60 seconds:214.0
script duration name:co2 seconds:0.0
Script duration 214.0
Run total estimated duration= 215.000
script duration name:unknown120_60 seconds:214.0
script duration name:co2 seconds:0.0
Script duration 214.0
Run total estimated duration= 215.000
script duration name:unknown120_60 seconds:214.0
script duration name:co2 seconds:0.0
Script duration 214.0
Run total estimated duration= 215.000
script duration name:unknown120_60 seconds:214.0
script duration name:co2 seconds:0.0
Script duration 214.0
Run total estimated duration= 215.000
nruns=39 before=0.0, run_dur=11421.0, btw=1710.0
write rem/ex queues
/Users/jan/PychronDev/experiments/rem/CurrentExperiment.rem.txt
/Users/jan/PychronDev/experiments/rem/CurrentExperiment.ex.txt
doing event level: 3
