do run
loading script "jan_unknown120_60.py"
loading script "jan_pump_ms.py"
loading script "jan_co2.py"
loading script "jan_pump_extraction_line.py"
testing...
no interpolation path defined
executed snippet estimated_duration=213.652928, duration=0.000339031219482
script duration name:unknown120_60 seconds:214.0
loading script "jan_unknown120_60.py"
loading script "jan_pump_ms.py"
loading script "jan_co2.py"
loading script "jan_pump_extraction_line.py"
testing...
no interpolation path defined
executed snippet estimated_duration=0, duration=3.00407409668e-05
loading script "jan_unknown120_60.py"
loading script "jan_pump_ms.py"
loading script "jan_co2.py"
loading script "jan_pump_extraction_line.py"
testing...
no interpolation path defined
calculate duration
testing...
no interpolation path defined
executed snippet estimated_duration=0, duration=7.20024108887e-05
calculate duration
testing...
no interpolation path defined
executed snippet estimated_duration=0, duration=9.98973846436e-05
executed snippet estimated_duration=0.0, duration=0.00373196601868
script duration name:co2 seconds:0.0
loading script "jan_unknown120_60.py"
loading script "jan_pump_ms.py"
loading script "jan_co2.py"
loading script "jan_pump_extraction_line.py"
testing...
no interpolation path defined
calculate duration
testing...
no interpolation path defined
executed snippet estimated_duration=4.0, duration=0.000150203704834
executed snippet estimated_duration=4.0, duration=0.00146508216858
Script duration 214.0
Run total estimated duration= 215.000
run duration: 0:03:35
doing event level: 2
09:46:37 -- Setting default integration. t=1.048576
setting integration time = 1.048576
SetIntegrationTime 1.048576 ===>> OK
----------------- start -----------------
**************** Experiment Type: Ar/Ar, Ar/Ar
create new session 4419438256
close session 4419438256
$$$$$ Clearing conditionals
adding conditionals 
Add queue conditionals
add default conditionals
adding default conditionals from /Users/jan/PychronDev/setupfiles/spectrometer/default_conditionals.yaml
Start automated run 65475-06
loading script "jan_unknown120_60.py"
loading script "jan_pump_ms.py"
loading script "jan_co2.py"
loading script "jan_pump_extraction_line.py"
%%%%%%%%%%%%%%%%%% setting automated run 65475-06
No value "sensitivity_multiplier" in metadata
$$$$$$$$$$$$$$$ auto_save_detector_ic=False
============================= Pre Extraction Check =============================
loading queue conditionals pre_run_terminations
loading system conditionals pre_run_terminations
loading conditionals from /Users/jan/PychronDev/setupfiles/spectrometer/default_conditionals.yaml
09:46:37 -- ******* Pre Extraction Check *******
Get a measurement from the spectrometer
GetData ===>> H2,-0.319931875117145,H1,-0.0249779226610734,AX,-0.0056606114035386,L1,-0.000388841262100419,L2,-...
Pre Extraction Termination data. keys=H2,H1,AX,L1,L2,CDD, signals=-0.31993,-0.02498,-0.00566,-0.00039,-0.03627,0.00328
09:46:37 -- testing system defined conditionals
Checking default pre extraction terminations n=2
testing CDD
evaluate ot="CDD.inactive" t="CDD", ctx="{'CDD': False}"
GetDeflection CDD ===>> 50
testing CDD==2000
evaluate ot="CDD.deflection==2000" t="CDD==2000", ctx="{'CDD': 50.0}"
09:46:37 -- ******* Pre Extraction Check Passed *******
=================================================================================
09:46:37 -- stopping status monitor
stop 6901184944
Alive clients [5025639504, 5288834736, 4992986192]
09:46:37 -- starting status monitor
start 6901184944
Monitor already running
start extraction
do extraction
Analysis started at 09:46:37.516973
Extraction Started jan_co2.py
09:46:37 -- ******* Extraction Started jan_co2.py *******
state changed from not run to extraction
DO EXTRACTION <pychron.extraction_line.pyscript_runner.RemotePyScriptRunner object at 0x12bfe48f0>
testing...
no interpolation path defined
calculate duration
testing...
no interpolation path defined
executed snippet estimated_duration=0, duration=8.39233398438e-05
calculate duration
testing...
no interpolation path defined
executed snippet estimated_duration=0, duration=9.89437103271e-05
executed snippet estimated_duration=100.0, duration=0.00477385520935
Jan CO2 laser analysis
doing GOSUB
testing...
no interpolation path defined
executed snippet estimated_duration=0, duration=4.41074371338e-05
Waiting for CO2 access
wait ('FelixCO2Flag', 0) {}
waiting for FelixCO2Flag = 0
Read FelixCO2Flag ===>> 0
finished waiting
CO2 free
wait ('CO2PumpTimeFlag', 0) {}
waiting for CO2PumpTimeFlag = 0
Read CO2PumpTimeFlag ===>> 0
finished waiting
acquire ('JanCO2Flag',) {'clear': True}
acquire JanCO2Flag
Set JanCO2Flag 1 ===>> OK
JanCO2Flag acquired
set extraction state False (0.75, 'red', 1.5)
CO2 acquired
executed snippet estimated_duration=0, duration=0.0159769058228
WaitForCO2Access.py completed successfully
gosub finished
doing GOSUB
testing...
no interpolation path defined
executed snippet estimated_duration=0, duration=9.79900360107e-05
Prepare for CO2 analysis
close () {'description': 'Jan Inlet'}
closing name=--- desc=Jan Inlet
checking ownership. requestor=129.138.12.150
check software interlocks R
interlocks []
actuate state mode=None-script, software_lock=False
doing actuation None-script close_channel False
Close R ===>> OK
GetIndicatorState R ===>> False
change switch state (True, True)
update switch state R False args=() kw={} ncanvase=8
09:46:38 -- CLOSE  VALVE-R (Jan Inlet)
---------------------------------------- close None (Jan Inlet) result=[(True, True)]
action=close, ok=True, locked=[False]
open () {'description': 'Jan Ion Pump'}
opening name=--- desc=Jan Ion Pump
checking ownership. requestor=129.138.12.150
check software interlocks O
interlocks []
actuate state mode=None-script, software_lock=False
doing actuation None-script open_channel False
Open O ===>> OK
GetIndicatorState O ===>> OK
change switch state (True, True)
update switch state O True args=() kw={} ncanvase=8
09:46:38 -- OPEN   VALVE-O (Jan Ion Pump)
---------------------------------------- open None (Jan Ion Pump) result=[(True, True)], time=0.10 sec
action=open, ok=True, locked=[False]
close () {'description': 'Microbone to Minibone'}
closing name=--- desc=Microbone to Minibone
checking ownership. requestor=129.138.12.150
check software interlocks L
interlocks []
actuate state mode=None-script, software_lock=False
doing actuation None-script close_channel False
Close L ===>> OK
GetIndicatorState L ===>> False
change switch state (True, True)
update switch state L False args=() kw={} ncanvase=8
09:46:39 -- CLOSE  VALVE-L (Microbone to Minibone)
---------------------------------------- close None (Microbone to Minibone) result=[(True, True)]
action=close, ok=True, locked=[False]
open () {'description': 'Microbone to Turbo'}
opening name=--- desc=Microbone to Turbo
checking ownership. requestor=129.138.12.150
check software interlocks U
interlocks []
actuate state mode=None-script, software_lock=False
doing actuation None-script open_channel False
Open U ===>> OK
GetIndicatorState U ===>> OK
change switch state (True, True)
update switch state U True args=() kw={} ncanvase=8
09:46:39 -- OPEN   VALVE-U (Microbone to Turbo)
---------------------------------------- open None (Microbone to Turbo) result=[(True, True)], time=0.15 sec
action=open, ok=True, locked=[False]
open () {'description': 'Microbone to Inlet Pipette'}
opening name=--- desc=Microbone to Inlet Pipette
checking ownership. requestor=129.138.12.150
check software interlocks S
interlocks []
actuate state mode=None-script, software_lock=False
doing actuation None-script open_channel False
Open S ===>> OK
GetIndicatorState S ===>> OK
change switch state (True, True)
update switch state S True args=() kw={} ncanvase=8
09:46:40 -- OPEN   VALVE-S (Microbone to Inlet Pipette)
---------------------------------------- open None (Microbone to Inlet Pipette) result=[(True, True)], time=0.43 sec
action=open, ok=True, locked=[False]
open () {'description': 'Microbone to Getter D-50'}
opening name=--- desc=Microbone to Getter D-50
checking ownership. requestor=129.138.12.150
check software interlocks K
interlocks []
actuate state mode=None-script, software_lock=False
doing actuation None-script open_channel False
Open K ===>> OK
GetIndicatorState K ===>> OK
change switch state (True, True)
update switch state K True args=() kw={} ncanvase=8
09:46:40 -- OPEN   VALVE-K (Microbone to Getter D-50)
---------------------------------------- open None (Microbone to Getter D-50) result=[(True, True)], time=0.47 sec
action=open, ok=True, locked=[False]
open () {'description': 'Microbone to Getter NP-10'}
opening name=--- desc=Microbone to Getter NP-10
checking ownership. requestor=129.138.12.150
check software interlocks M
interlocks []
actuate state mode=None-script, software_lock=False
doing actuation None-script open_channel False
Open M ===>> OK
GetIndicatorState M ===>> OK
change switch state (True, True)
update switch state M True args=() kw={} ncanvase=8
09:46:41 -- OPEN   VALVE-M (Microbone to Getter NP-10)
---------------------------------------- open None (Microbone to Getter NP-10) result=[(True, True)], time=0.16 sec
action=open, ok=True, locked=[False]
close () {'description': 'CO2 Laser to Felix'}
closing name=--- desc=CO2 Laser to Felix
checking ownership. requestor=129.138.12.150
check software interlocks F
interlocks []
actuate state mode=None-script, software_lock=True
VALVE-F(CO2 Laser to Felix) software locked
change switch state (True, False)
---------------------------------------- close None (CO2 Laser to Felix) result=[(True, False)]
action=close, ok=True, locked=[True]
open () {'description': 'CO2 Laser to Jan'}
opening name=--- desc=CO2 Laser to Jan
checking ownership. requestor=129.138.12.150
check software interlocks A
interlocks []
actuate state mode=None-script, software_lock=False
doing actuation None-script open_channel False
Open A ===>> OK
GetIndicatorState A ===>> OK
change switch state (True, True)
update switch state A True args=() kw={} ncanvase=8
09:46:41 -- OPEN   VALVE-A (CO2 Laser to Jan)
---------------------------------------- open None (CO2 Laser to Jan) result=[(True, True)], time=0.16 sec
action=open, ok=True, locked=[False]
open () {'description': 'Microbone to CO2 Laser'}
opening name=--- desc=Microbone to CO2 Laser
checking ownership. requestor=129.138.12.150
check software interlocks T
interlocks []
actuate state mode=None-script, software_lock=False
doing actuation None-script open_channel False
Open T ===>> OK
GetIndicatorState T ===>> OK
change switch state (True, True)
update switch state T True args=() kw={} ncanvase=8
09:46:42 -- OPEN   VALVE-T (Microbone to CO2 Laser)
---------------------------------------- open None (Microbone to CO2 Laser) result=[(True, True)], time=0.43 sec
action=open, ok=True, locked=[False]
executed snippet estimated_duration=0, duration=5.19142198563
PrepareForCO2Analysis.py completed successfully
gosub finished
set_motor ('beam', '1.25') {}
setting motor "beam" to 1.25
set motor beam to 1.25
SetMotor beam,1.25 ===>> OK
GetMotorMoving beam ===>> False
GetMotorMoving beam ===>> False
Block completed
move_to_position ('96',) {'autocenter': True}
FusionsCO2 move to position 96
sending GoToHole 96,True
GoToHole 96,True ===>> OK
GetDriveMoving ===>> OK
GetDriveMoving ===>> OK
GetDriveMoving ===>> OK
GetDriveMoving ===>> False
GetDriveMoving ===>> OK
GetDriveMoving ===>> OK
GetDriveMoving ===>> OK
GetDriveMoving ===>> OK
GetDriveMoving ===>> OK
GetDriveMoving ===>> OK
GetDriveMoving ===>> False
Block completed
GetAutoCorrecting ===>> False
GetAutoCorrecting ===>> False
Block completed
update position
GetPosition ===>> 3.98780,1.99390,1.00000
got position (3.9878, 1.9939, 1.0)
move to position succeeded
sleep (5,) {}
SLEEP 5.0
block started
WaitControl setup for 5.0  
Join finished
block finished. duration 5.03074097633
close () {'description': 'Microbone to Turbo'}
closing name=--- desc=Microbone to Turbo
checking ownership. requestor=129.138.12.150
check software interlocks U
interlocks []
actuate state mode=None-script, software_lock=False
doing actuation None-script close_channel True
Close U ===>> OK
GetIndicatorState U ===>> False
change switch state (True, True)
update switch state U False args=() kw={} ncanvase=8
09:46:53 -- CLOSE  VALVE-U (Microbone to Turbo)
---------------------------------------- close None (Microbone to Turbo) result=[(True, True)]
action=close, ok=True, locked=[False]
enable laser
enable () {}
set extraction state FusionsCO2 Enabled (False, 'red', 1.5)
enabling laser
Enable ===>> OK
begin interval
BEGIN INTERVAL Interval 1 waiting for 30.0
block started
set extract to 5.0
WaitControl setup for 30.0  
extract (5.0,) {}
GetPosition ===>> 3.98780,1.99390,1.00000
set extraction state FusionsCO2 ON! 5.0(watts) (0.75, 'red', 1.5)
extract sample to 5.0 (watts)
set laser output
SetLaserOutput 5.0,watts ===>> OK
executing pattern triangle.lp
execute_pattern ('triangle.lp',) {}
executing pattern triangle.lp
IsPatterning ===>> OK
IsPatterning ===>> OK
IsPatterning ===>> OK
IsPatterning ===>> OK
IsPatterning ===>> OK
IsPatterning ===>> OK
IsPatterning ===>> OK
IsPatterning ===>> OK
IsPatterning ===>> OK
IsPatterning ===>> OK
IsPatterning ===>> OK
IsPatterning ===>> OK
IsPatterning ===>> OK
IsPatterning ===>> OK
IsPatterning ===>> OK
IsPatterning ===>> OK
IsPatterning ===>> OK
IsPatterning ===>> OK
IsPatterning ===>> OK
IsPatterning ===>> OK
IsPatterning ===>> OK
IsPatterning ===>> OK
IsPatterning ===>> OK
IsPatterning ===>> OK
IsPatterning ===>> OK
IsPatterning ===>> OK
IsPatterning ===>> OK
IsPatterning ===>> False
Join finished
block finished. duration 30.1225271225
Interval 1 finished
IsPatterning ===>> False
Block completed
COMPLETE INTERVAL waiting for Interval 1 to complete
end_extract () {}
ending extraction. set laser power to 0
set laser power 0
SetLaserPower 0 ===>> OK
disable () {}
%%%%%%%%%%%%%%%%%%%%%%%%%%%%%%%%%%% disable
set extraction state False (0.75, 'red', 1.5)
disabling laser
Disable ===>> OK
sleep (30.0,) {}
SLEEP 30.0
block started
WaitControl setup for 30.0  
Join finished
block finished. duration 30.1822960377
executed snippet estimated_duration=165.0, duration=76.9559140205
jan_co2.py completed successfully
GetAchievedOutput ===>> No Response
Requested Output= 0.000
Achieved Output=  0.000
GetResponseBlob ===>> No Response
GetOutputBlob ===>> No Response
persistence save...
persistence save - db
AutomatedRunPersister post_extraction_save deprecated
persistence save - dvc
no extraction position for 96
create new session 4992585168
close session 4992585168
Extraction Finished
09:47:54 -- ******* Extraction Finished *******
no overlap. not waiting for min ms pumptime
09:47:54 -- Sending spectrometer configuration
======== Sending configuration ========
SetDeflection CDD,50.0 ===>> OK
SetDeflection H2,0.0 ===>> OK
SetDeflection H1,0.0 ===>> OK
SetDeflection L2,825.0 ===>> OK
SetDeflection L1,400.0 ===>> OK
SetDeflection AX,190.0 ===>> OK
SetZFocus 74.64 ===>> OK
SetZSymmetry -50.72 ===>> OK
SetExtractionLens 26.13 ===>> OK
SetIonRepeller -3.81 ===>> OK
SetElectronEnergy 75.08 ===>> OK
SetYSymmetry -2.81 ===>> OK
SetIonCounterVoltage 1590.0 ===>> OK
send trap current 200.0
GetParameter Trap Current Readback ===>> 198.258926936459
SetParameter Trap Current Set,200.0 ===>> OK
updating mftable name mftable
Using mftable located at /Users/jan/PychronDev/setupfiles/spectrometer/mftables/mftable.csv
============ MFtable ===========
Isotope  H2     H1     AX     L1     L2     CDD    
Ar40     5.8271 5.8810 5.9942 6.1670 6.2328 6.3952
Ar39     5.7263 5.7732 5.8867 6.0531 6.1179 6.2817
Ar36     5.4038 5.4422 5.5500 5.7119 5.7729 5.9328
================================
get initial guess parabolic
get initial guess parabolic
get initial guess parabolic
get initial guess parabolic
get initial guess parabolic
get initial guess parabolic
======== Configuration Finished ========
GetYSymmetry ===>> -2.81
GetZSymmetry ===>> -50.72
GetParameter Trap Current Readback ===>> 198.035158395898
GetHighVoltage ===>> 4499.94659342336
start measurement
do measurement
L#=65475 analysis type=unknown
Measurement Started jan_unknown120_60.py
09:47:54 -- ******* Measurement Started jan_unknown120_60.py *******
state changed from extraction to measurement
setting spec, defl, and gains
GetExtractionLens ===>> 26.13
GetYSymmetry ===>> -2.81
GetZSymmetry ===>> -50.72
GetZFocus ===>> 74.64
GetDeflection H2 ===>> 0
GetDeflection H1 ===>> 0
GetDeflection AX ===>> 190
GetDeflection L1 ===>> 400
GetDeflection L2 ===>> 825
GetDeflection CDD ===>> 50
GetGain H2 ===>> 0.0113
GetGain H1 ===>> 0.1
GetGain AX ===>> 0.097049
GetGain L1 ===>> 0.010355
GetGain L2 ===>> 0.095649
GetGain CDD ===>> 0
pre measurement save
New frame /Users/jan/PychronDev/data/isotopes/a2/d75bca-c0fc-49b8-b31f-ad0bd0f6577f.h5
flush and close file /Users/jan/PychronDev/data/isotopes/a2/d75bca-c0fc-49b8-b31f-ad0bd0f6577f.h5
testing...
no interpolation path defined
executed snippet estimated_duration=226.132928, duration=0.000149965286255
unknown measurement script
activate_detectors ('H2', 'H1', 'AX', 'L1', 'L2', 'CDD') {}
activate detectors
*************** Set Analysis View Ar/Ar
create graphs
clearing graphs
clear isotope group
setting isotope det=H2, iso=PM41
setting isotope det=H1, iso=Ar40
setting isotope det=AX, iso=Ar39
setting isotope det=L1, iso=Ar38
setting isotope det=L2, iso=Ar37
setting isotope det=CDD, iso=Ar36
setting previous blanks
 - setting Ar40 blank 0.555+/-0.011
 - setting Ar36 blank 0.00699+/-0.00024
 - setting Ar37 blank 0.072+/-0.011
 - setting Ar38 blank 0.008+/-0.005
 - setting PM41 blank 0.12+/-0.08
 - setting Ar39 blank 0.050+/-0.013
load analysis view
position_magnet ('Ar40',) {'detector': 'H1'}
detector Detector(H1)
POSITION Ar40 H1
setting detector H2 to PM41 (40.9624)
setting detector H1 to Ar40 (39.9624)
setting detector AX to Ar39 (38.9624)
setting detector L1 to Ar38 (37.9624)
setting detector L2 to Ar37 (36.9624)
setting detector CDD to Ar36 (35.9624)
Mapping mass to dac mass func: "parabolic"
H1 map mass coeffs = [-0.00063987  0.15840543  0.57257999]
H1 map mass to dac 39.9624 >> 5.88097
GetDeflection H1 ===>> 0
GetHighVoltage ===>> 4499.94659342336
positioning Ar40 (5.88093536752) on H1
setting magnet DAC
current  : 5.880935
requested: 5.880935
Delta Dac: 0.000000
Checking detector protection. dv=0.00000
Checking detector "CDD". Protection Threshold: 0.1 (V)
SetMagnetDAC 5.88093536752 ===>> OK
Magnet settling time: 0.500
equilibrate () {'delay': 3, 'inlet': 'R', 'outlet': 'O', 'eqtime': 12.0}
Equilibration Started
09:47:56 -- ******* Equilibration Started *******
checking ownership. requestor=129.138.12.150
check software interlocks O
interlocks []
actuate state mode=None-script, software_lock=False
doing actuation None-script close_channel True
Close O ===>> OK
GetIndicatorState O ===>> False
change switch state (True, True)
update switch state O False args=() kw={} ncanvase=8
09:47:56 -- CLOSE  VALVE-O (Jan Ion Pump)
waiting 3s before opening inlet value ('R',)
update labels <pychron.experiment.plot_panel.PlotPanel object at 0x22f2bd8f0>
update labels "<pychron.graph.stacked_regression_graph.StackedRegressionGraph object at 0x23f074230>"
setting label 0 H2 PM41
setting label 1 H1 Ar40
setting label 2 AX Ar39
setting label 3 L1 Ar38
setting label 4 L2 Ar37
setting label 5 CDD Ar36
update labels "<pychron.graph.stacked_graph.StackedGraph object at 0x1f37e7e30>"
setting label 0 H2 PM41
setting label 1 H1 Ar40
setting label 2 AX Ar39
setting label 3 L1 Ar38
setting label 4 L2 Ar37
setting label 5 CDD Ar36
checking ownership. requestor=129.138.12.150
check software interlocks R
interlocks []
actuate state mode=None-script, software_lock=False
doing actuation None-script open_channel True
Open R ===>> OK
GetIndicatorState R ===>> OK
change switch state (True, True)
update switch state R True args=() kw={} ncanvase=8
09:47:59 -- OPEN   VALVE-R (Jan Inlet)
equilibrating for 12.0sec
set_time_zero () {}
sniff (12.0,) {}
py_sniff
build tables- sniff [Detector(H2), Detector(H1), Detector(AX), Detector(L1), Detector(L2), Detector(CDD)]
add group /sniff/PM41 (Group) '' table H2
add group /sniff/Ar40 (Group) '' table H1
add group /sniff/Ar39 (Group) '' table AX
add group /sniff/Ar38 (Group) '' table L1
add group /sniff/Ar37 (Group) '' table L2
add group /sniff/Ar36 (Group) '' table CDD
flush and close file /Users/jan/PychronDev/data/isotopes/a2/d75bca-c0fc-49b8-b31f-ad0bd0f6577f.h5
measuring sniff. ncounts=12.0
"sniff" increment series count="1" fit count="0" regressing="False"
starting measurement
check iteration duration=4.29153442383e-05
GetData ===>> H2,0.389171076373222,H1,260.987470716092,AX,25.2129749291532,L1,0.102485343718607,L2,0.3822776803...
check iteration duration=1.78813934326e-05
GetData ===>> H2,1.41488431318031,H1,1130.08194944476,AX,104.577533511356,L1,0.816771669661034,L2,0.70184558940...
check iteration duration=4.38690185547e-05
GetData ===>> H2,0.829212607286108,H1,1485.92873753113,AX,133.224872895933,L1,1.41078648497907,L2,0.60180746416...
check iteration duration=2.59876251221e-05
GetData ===>> H2,0.574111155676401,H1,1602.61077645305,AX,141.462347440295,L1,1.7245048181216,L2,0.589925408514...
check iteration duration=3.00407409668e-05
GetData ===>> H2,0.474048559236612,H1,1646.56525824115,AX,144.236250193772,L1,1.89727211120811,L2,0.67210044782...
check iteration duration=2.98023223877e-05
GetData ===>> H2,0.35949157205365,H1,1664.05761036384,AX,145.690284993099,L1,1.98187603061971,L2,0.586723566289...
check iteration duration=3.21865081787e-05
GetData ===>> H2,0.389244354411541,H1,1671.59585905219,AX,146.265106518696,L1,2.06826715875552,L2,0.56946976321...
check iteration duration=3.79085540771e-05
GetData ===>> H2,0.454643865997599,H1,1674.54335218844,AX,146.590955466193,L1,2.08503564251452,L2,0.58076613709...
check iteration duration=5.00679016113e-05
GetData ===>> H2,0.371450112251528,H1,1676.89907421701,AX,146.605273662914,L1,2.11375797528419,L2,0.63351754643...
check iteration duration=3.79085540771e-05
GetData ===>> H2,0.317590192526553,H1,1677.48053289794,AX,146.54383999739,L1,2.11570364601247,L2,0.686131321180...
check iteration duration=3.79085540771e-05
GetData ===>> H2,0.36759837169699,H1,1677.38750319033,AX,146.50206310111,L1,2.15041878093703,L2,0.5862089944697...
check iteration duration=4.41074371338e-05
GetData ===>> H2,0.377942111454395,H1,1676.73889071238,AX,146.666688352258,L1,2.14435988702421,L2,0.71419922178...
Equilibration Finished
09:48:12 -- ******* Equilibration Finished *******
checking ownership. requestor=129.138.12.150
check software interlocks R
interlocks []
actuate state mode=None-script, software_lock=False
doing actuation None-script close_channel True
Close R ===>> OK
set states for children of R. state=False
handle state [('R', False)]
update switch state R False args=() kw={'refresh': False} ncanvase=8
refresh_canvas_needed fired
GetIndicatorState R ===>> False
change switch state (True, True)
update switch state R False args=() kw={} ncanvase=8
09:48:12 -- CLOSE  VALVE-R (Jan Inlet)
Post Equilibration Started jan_pump_extraction_line.py
09:48:12 -- ******* Post Equilibration Started jan_pump_extraction_line.py *******
testing...
no interpolation path defined
calculate duration
testing...
no interpolation path defined
executed snippet estimated_duration=4.0, duration=0.000140905380249
executed snippet estimated_duration=4.0, duration=0.00264096260071
Pump after analysis
doing GOSUB
testing...
no interpolation path defined
executed snippet estimated_duration=4.0, duration=0.000158071517944
Pump Microbone
close () {'description': 'Jan Inlet'}
closing name=--- desc=Jan Inlet
checking ownership. requestor=129.138.12.150
check software interlocks R
interlocks []
actuate state mode=None-script, software_lock=False
doing actuation None-script close_channel False
check iteration duration=1.69277191162e-05
waiting for write to finish
measurement finished
estimated time: 12.583 actual time: :12.686
flush and close file /Users/jan/PychronDev/data/isotopes/a2/d75bca-c0fc-49b8-b31f-ad0bd0f6577f.h5
set_fits () {}
using default fits file=/Users/jan/PychronDev/scripts/measurement/fits/nominal_linear.yaml
set "Ar40" to "('Linear', 'SEM')"
No fit for "PM41". defaulting to linear. check the measurement script "jan_unknown120_60.py"
set "PM41" to "linear"
set "Ar36" to "('Linear', 'SEM')"
set "Ar37" to "('linear', 'SEM')"
set "Ar38" to "('linear', 'SEM')"
set "Ar39" to "('Linear', 'SEM')"
set_baseline_fits () {}
using default fits file=/Users/jan/PychronDev/scripts/measurement/fits/nominal_linear.yaml
set "H1" to "('average', 'SEM')"
set "H2" to "('average', 'SEM')"
set "CDD" to "('average', 'SEM')"
set "L2" to "('average', 'SEM')"
set "L1" to "('average', 'SEM')"
set "AX" to "('average', 'SEM')"
multicollect () {'integration_time': 1, 'ncounts': 120}
build tables- signal [Detector(H2), Detector(H1), Detector(AX), Detector(L1), Detector(L2), Detector(CDD)]
add group /signal/PM41 (Group) '' table H2
add group /signal/Ar40 (Group) '' table H1
add group /signal/Ar39 (Group) '' table AX
add group /signal/Ar38 (Group) '' table L1
add group /signal/Ar37 (Group) '' table L2
add group /signal/Ar36 (Group) '' table CDD
flush and close file /Users/jan/PychronDev/data/isotopes/a2/d75bca-c0fc-49b8-b31f-ad0bd0f6577f.h5
measuring signal. ncounts=120
Close R ===>> OK
GetIndicatorState R ===>> False
change switch state (True, True)
update switch state R False args=() kw={} ncanvase=8
09:48:13 -- CLOSE  VALVE-R (Jan Inlet)
---------------------------------------- close None (Jan Inlet) result=[(True, True)]
action=close, ok=True, locked=[False]
is_closed ('F',) {}
is F () closed?
is closed True
open () {'description': 'CO2 Laser to Jan'}
opening name=--- desc=CO2 Laser to Jan
checking ownership. requestor=129.138.12.150
check software interlocks A
interlocks []
actuate state mode=None-script, software_lock=False
doing actuation None-script open_channel False
Open A ===>> OK
GetIndicatorState A ===>> OK
change switch state (True, True)
update switch state A True args=() kw={} ncanvase=8
09:48:13 -- OPEN   VALVE-A (CO2 Laser to Jan)
---------------------------------------- open None (CO2 Laser to Jan) result=[(True, True)], time=0.16 sec
starting measurement
check iteration duration=6.69956207275e-05
GetData ===>> H2,0.418180471395874,H1,1677.08778356358,AX,146.627363464791,L1,2.1634779871255,L2,0.660186679067...
"signal" increment series count="2" fit count="1" regressing="True"
action=open, ok=True, locked=[False]
sleep (1,) {}
SLEEP 1.0
check iteration duration=4.38690185547e-05
GetData ===>> H2,0.453842467088135,H1,1676.93286169782,AX,146.630292714016,L1,2.1664543859668,L2,0.581566537933...
close () {'description': 'CO2 Laser to Roughing'}
closing name=--- desc=CO2 Laser to Roughing
checking ownership. requestor=129.138.12.150
check software interlocks G
interlocks []
actuate state mode=None-script, software_lock=True
VALVE-G(CO2 Laser to Roughing) software locked
change switch state (True, False)
---------------------------------------- close None (CO2 Laser to Roughing) result=[(True, False)]
action=close, ok=True, locked=[True]
open () {'description': 'Microbone to Turbo'}
opening name=--- desc=Microbone to Turbo
checking ownership. requestor=129.138.12.150
check software interlocks U
interlocks []
actuate state mode=None-script, software_lock=False
doing actuation None-script open_channel True
Open U ===>> OK
GetIndicatorState U ===>> OK
change switch state (True, True)
update switch state U True args=() kw={} ncanvase=8
09:48:15 -- OPEN   VALVE-U (Microbone to Turbo)
---------------------------------------- open None (Microbone to Turbo) result=[(True, True)], time=0.18 sec
action=open, ok=True, locked=[False]
open () {'description': 'Microbone to Getter NP-10'}
opening name=--- desc=Microbone to Getter NP-10
checking ownership. requestor=129.138.12.150
check software interlocks M
interlocks []
actuate state mode=None-script, software_lock=False
doing actuation None-script open_channel False
Open M ===>> OK
GetIndicatorState M ===>> OK
change switch state (True, True)
update switch state M True args=() kw={} ncanvase=8
09:48:15 -- OPEN   VALVE-M (Microbone to Getter NP-10)
---------------------------------------- open None (Microbone to Getter NP-10) result=[(True, True)], time=0.17 sec
check iteration duration=3.60012054443e-05
GetData ===>> H2,0.167284562957262,H1,1676.03793742095,AX,146.3755395768,L1,2.13853381589177,L2,0.5302286321954...
action=open, ok=True, locked=[False]
open () {'description': 'Microbone to Getter D-50'}
opening name=--- desc=Microbone to Getter D-50
checking ownership. requestor=129.138.12.150
check software interlocks K
interlocks []
actuate state mode=None-script, software_lock=False
doing actuation None-script open_channel False
Open K ===>> OK
GetIndicatorState K ===>> OK
change switch state (True, True)
update switch state K True args=() kw={} ncanvase=8
09:48:16 -- OPEN   VALVE-K (Microbone to Getter D-50)
---------------------------------------- open None (Microbone to Getter D-50) result=[(True, True)], time=0.47 sec
action=open, ok=True, locked=[False]
open () {'description': 'Microbone to CO2 Laser'}
opening name=--- desc=Microbone to CO2 Laser
checking ownership. requestor=129.138.12.150
check software interlocks T
interlocks []
actuate state mode=None-script, software_lock=False
doing actuation None-script open_channel False
check iteration duration=3.40938568115e-05
GetData ===>> H2,-0.0589925847968685,H1,1675.76367895149,AX,146.089678979677,L1,2.10377767175987,L2,0.526720230...
Open T ===>> OK
GetIndicatorState T ===>> OK
change switch state (True, True)
update switch state T True args=() kw={} ncanvase=8
09:48:17 -- OPEN   VALVE-T (Microbone to CO2 Laser)
---------------------------------------- open None (Microbone to CO2 Laser) result=[(True, True)], time=0.47 sec
action=open, ok=True, locked=[False]
open () {'description': 'Microbone to Inlet Pipette'}
opening name=--- desc=Microbone to Inlet Pipette
checking ownership. requestor=129.138.12.150
check software interlocks S
interlocks []
actuate state mode=None-script, software_lock=False
doing actuation None-script open_channel False
Open S ===>> OK
GetIndicatorState S ===>> OK
change switch state (True, True)
update switch state S True args=() kw={} ncanvase=8
09:48:17 -- OPEN   VALVE-S (Microbone to Inlet Pipette)
---------------------------------------- open None (Microbone to Inlet Pipette) result=[(True, True)], time=0.45 sec
testing H1>-5.0
evaluate ot="H1.bs>-5.0" t="H1>-5.0", ctx="{'H1': None}"
check iteration duration=0.00255084037781
GetData ===>> H2,-0.128615515193148,H1,1674.69453867229,AX,146.182969656786,L1,2.0335367276662,L2,0.54877843918...
action=open, ok=True, locked=[False]
sleep (1,) {}
SLEEP 1.0
check iteration duration=5.19752502441e-05
GetData ===>> H2,-0.0855681427565839,H1,1674.09653680944,AX,146.089882088163,L1,1.99540863551071,L2,0.561032651...
set_resource () {'name': 'CO2PumpTimeFlag', 'value': 30}
Set CO2PumpTimeFlag 30 ===>> OK
release ('JanCO2Flag',) {}
release JanCO2Flag
Set JanCO2Flag 0 ===>> OK
executed snippet estimated_duration=6.0, duration=6.16615915298
PumpMicrobone.py completed successfully
gosub finished
get_resource_value () {'name': 'JanMiniboneFlag'}
Read JanMiniboneFlag ===>> 0
Get Resource Value JanMiniboneFlag=0.0
get resource value 0.0
get_resource_value () {'name': 'JanMiniboneFlag'}
Read JanMiniboneFlag ===>> 0
Get Resource Value JanMiniboneFlag=0.0
executed snippet estimated_duration=4.0, duration=6.18657898903
jan_pump_extraction_line.py completed successfully
Post Equilibration Finished
09:48:19 -- ******* Post Equilibration Finished *******
check iteration duration=0.000143051147461
GetData ===>> H2,-0.0835162394368821,H1,1672.89712167592,AX,145.72006640669,L1,2.03912468545889,L2,0.5120594713...
check iteration duration=4.79221343994e-05
GetData ===>> H2,-0.15024591532193,H1,1672.07419176137,AX,145.815019027439,L1,2.007364148652,L2,0.5150531465699...
check iteration duration=7.9870223999e-05
GetData ===>> H2,0.0035473293677564,H1,1671.56149821977,AX,145.67565992631,L1,2.0054921071685,L2,0.508071858357...
testing H1>-5.0
evaluate ot="H1.bs>-5.0" t="H1>-5.0", ctx="{'H1': None}"
check iteration duration=0.00263500213623
GetData ===>> H2,-0.0219533093208648,H1,1671.29425599736,AX,145.598478247468,L1,1.98397503741663,L2,0.477479014...
check iteration duration=6.00814819336e-05
GetData ===>> H2,-0.11188934006044,H1,1670.64791034273,AX,145.579928228405,L1,1.99375852524443,L2,0.53320001739...
check iteration duration=8.70227813721e-05
GetData ===>> H2,-0.0498226589865513,H1,1669.76630055632,AX,145.528192959179,L1,2.00171204960562,L2,0.565937061...
check iteration duration=4.19616699219e-05
GetData ===>> H2,-0.0415832430318974,H1,1668.88568631414,AX,145.420799316023,L1,1.99651016497528,L2,0.583293139...
check iteration duration=8.10623168945e-05
GetData ===>> H2,-0.208422911519806,H1,1668.2039746499,AX,145.425683058833,L1,1.99944591356138,L2,0.54854983069...
testing H1>-5.0
evaluate ot="H1.bs>-5.0" t="H1>-5.0", ctx="{'H1': None}"
check iteration duration=0.00212001800537
GetData ===>> H2,-0.150152736426199,H1,1667.80759247623,AX,145.412592512251,L1,1.98210659883584,L2,0.5490299091...
check iteration duration=3.60012054443e-05
GetData ===>> H2,-0.105198830416671,H1,1666.20443995798,AX,145.434012089017,L1,1.98248737629801,L2,0.5112825022...
check iteration duration=5.29289245605e-05
GetData ===>> H2,-0.107626236515416,H1,1666.22557557092,AX,145.265292333646,L1,1.98904301971216,L2,0.4332766558...
check iteration duration=6.38961791992e-05
GetData ===>> H2,-0.0931799976354728,H1,1665.99736777486,AX,145.245988798382,L1,1.98142940071904,L2,0.435276496...
check iteration duration=7.29560852051e-05
GetData ===>> H2,-0.0852471763709315,H1,1665.31198258509,AX,145.230778427826,L1,1.97276955260779,L2,0.541428949...
testing H1>-5.0
evaluate ot="H1.bs>-5.0" t="H1>-5.0", ctx="{'H1': None}"
check iteration duration=0.00201487541199
GetData ===>> H2,-0.0643128831542577,H1,1665.27417900201,AX,144.970411649067,L1,1.99091526739599,L2,0.480151786...
check iteration duration=6.79492950439e-05
GetData ===>> H2,-0.190974667329836,H1,1664.30355518735,AX,145.195522337741,L1,1.98180356731582,L2,0.4373335188...
check iteration duration=7.20024108887e-05
GetData ===>> H2,-0.158769954517543,H1,1663.37115691643,AX,145.251396808078,L1,2.01694963046566,L2,0.4570130765...
check iteration duration=7.10487365723e-05
GetData ===>> H2,-0.206791175458349,H1,1662.650893074,AX,145.117210192625,L1,1.98056912905048,L2,0.539988835136...
check iteration duration=6.98566436768e-05
GetData ===>> H2,-0.109996709715608,H1,1661.45192642341,AX,145.11226924602,L1,1.99934958226458,L2,0.59207527682...
testing H1>-5.0
evaluate ot="H1.bs>-5.0" t="H1>-5.0", ctx="{'H1': None}"
check iteration duration=0.000612020492554
09:48:39 -- collecting point 25
GetData ===>> H2,-0.109620312150668,H1,1660.84936373599,AX,145.014411417691,L1,2.0070475020619,L2,0.46415053320...
check iteration duration=6.8187713623e-05
GetData ===>> H2,-0.238647462605773,H1,1660.46415254023,AX,144.802575161976,L1,1.98866597153153,L2,0.5240804428...
check iteration duration=6.69956207275e-05
GetData ===>> H2,-0.107749351988409,H1,1659.74683311843,AX,144.746473794452,L1,1.93948742727885,L2,0.4773191075...
check iteration duration=4.19616699219e-05
GetData ===>> H2,-0.107834584995735,H1,1659.06649166505,AX,144.800713585856,L1,1.93225839341173,L2,0.5035588573...
check iteration duration=3.91006469727e-05
GetData ===>> H2,-0.12291393445821,H1,1658.59085259288,AX,144.538414143332,L1,1.94954548257033,L2,0.49604146906...
testing H1>-5.0
evaluate ot="H1.bs>-5.0" t="H1>-5.0", ctx="{'H1': None}"
check iteration duration=0.00109314918518
GetData ===>> H2,-0.117251433498453,H1,1658.21228551847,AX,144.428564915554,L1,1.95059966387523,L2,0.5125165149...
check iteration duration=3.60012054443e-05
GetData ===>> H2,-0.0843587158347169,H1,1657.56415694994,AX,144.531864876137,L1,1.9392808177423,L2,0.4815567351...
check iteration duration=6.60419464111e-05
GetData ===>> H2,-0.0427094504078287,H1,1655.86629734549,AX,144.601574993175,L1,1.947961109669,L2,0.48356710369...
check iteration duration=9.20295715332e-05
GetData ===>> H2,-0.175837216795187,H1,1655.65356855719,AX,144.534472424442,L1,1.95973748379551,L2,0.4759027994...
check iteration duration=2.88486480713e-05
GetData ===>> H2,-0.149634161625255,H1,1654.99950439643,AX,144.428140461672,L1,1.93905052504514,L2,0.5362286393...
testing H1>-5.0
evaluate ot="H1.bs>-5.0" t="H1>-5.0", ctx="{'H1': None}"
check iteration duration=0.00219416618347
GetData ===>> H2,-0.110647929279386,H1,1654.65563894591,AX,144.291158021907,L1,1.97269181389981,L2,0.4270259945...
check iteration duration=4.19616699219e-05
GetData ===>> H2,-0.0988247592094694,H1,1654.25406087389,AX,144.286513065742,L1,1.94948626188642,L2,0.453039170...
check iteration duration=7.58171081543e-05
GetData ===>> H2,0.0304061695644306,H1,1653.40441988055,AX,144.306204514827,L1,1.94354869760803,L2,0.7045449511...
check iteration duration=7.60555267334e-05
GetData ===>> H2,-0.0739154576102339,H1,1652.82221085327,AX,144.276254222334,L1,1.97374330916592,L2,0.439344872...
check iteration duration=5.00679016113e-05
GetData ===>> H2,-0.215615373346469,H1,1652.03803056195,AX,144.120441503837,L1,2.01143650291993,L2,0.4380649152...
testing H1>-5.0
evaluate ot="H1.bs>-5.0" t="H1>-5.0", ctx="{'H1': None}"
check iteration duration=0.000580072402954
GetData ===>> H2,-0.13625510982095,H1,1651.29855843372,AX,143.997153569169,L1,2.00978415533538,L2,0.47705640367...
check iteration duration=6.29425048828e-05
GetData ===>> H2,-0.0359098071372112,H1,1650.9996482034,AX,143.972855276943,L1,1.98994218645749,L2,0.5435548712...
check iteration duration=6.69956207275e-05
GetData ===>> H2,-0.0252379975192732,H1,1650.16891277238,AX,143.875939479236,L1,1.94649142540434,L2,0.454911910...
check iteration duration=6.60419464111e-05
GetData ===>> H2,-0.152594310262798,H1,1649.49885532241,AX,143.947733217564,L1,1.95619206037898,L2,0.4684561039...
check iteration duration=4.19616699219e-05
GetData ===>> H2,-0.175383630951703,H1,1649.31914910103,AX,143.945715543179,L1,1.96998842802884,L2,0.5564371383...
testing H1>-5.0
evaluate ot="H1.bs>-5.0" t="H1>-5.0", ctx="{'H1': None}"
check iteration duration=0.000674962997437
GetData ===>> H2,-0.152437544814776,H1,1648.53330512933,AX,143.903269248316,L1,1.95686102051116,L2,0.5564371383...
check iteration duration=6.00814819336e-05
GetData ===>> H2,-0.113000673416728,H1,1647.7891150027,AX,143.957055185379,L1,1.96276419963046,L2,0.55691725624...
check iteration duration=5.81741333008e-05
GetData ===>> H2,-0.138608837150604,H1,1647.39498961211,AX,143.723391924312,L1,1.94862430787753,L2,0.5023135350...
check iteration duration=9.51290130615e-05
GetData ===>> H2,-0.191949321237432,H1,1645.94203636094,AX,143.717444487944,L1,1.96161371036806,L2,0.4814767781...
check iteration duration=4.10079956055e-05
GetData ===>> H2,-0.0745593767939848,H1,1645.47097522299,AX,143.672059274345,L1,1.97944394280669,L2,0.485668897...
testing H1>-5.0
evaluate ot="H1.bs>-5.0" t="H1>-5.0", ctx="{'H1': None}"
check iteration duration=0.000580072402954
09:49:05 -- collecting point 50
GetData ===>> H2,-0.157446209982576,H1,1645.22459182992,AX,143.548325231346,L1,1.97975772773221,L2,0.6087269521...
check iteration duration=3.50475311279e-05
GetData ===>> H2,-0.070178651352205,H1,1644.7352255697,AX,143.515783982821,L1,1.99694421088415,L2,0.49141479808...
check iteration duration=3.50475311279e-05
GetData ===>> H2,-0.104736021888383,H1,1644.07520443389,AX,143.553685567062,L1,1.97713433780346,L2,0.5401488467...
check iteration duration=5.00679016113e-05
GetData ===>> H2,-0.0964902697955489,H1,1643.45150561933,AX,143.596151072204,L1,2.01590514684551,L2,0.443858708...
check iteration duration=4.91142272949e-05
GetData ===>> H2,-0.0925961303132829,H1,1643.19081393202,AX,143.475638239755,L1,1.96339873122107,L2,0.511968062...
testing H1>-5.0
evaluate ot="H1.bs>-5.0" t="H1>-5.0", ctx="{'H1': None}"
check iteration duration=0.00228214263916
GetData ===>> H2,-0.0858782662272174,H1,1642.19851773699,AX,143.375222109565,L1,1.90316392132244,L2,0.618060473...
check iteration duration=6.38961791992e-05
GetData ===>> H2,-0.0191636380789032,H1,1641.88327258739,AX,143.071382672492,L1,1.95707172500357,L2,0.456533458...
check iteration duration=7.29560852051e-05
GetData ===>> H2,0.0738400684408198,H1,1640.99008412624,AX,143.251236270546,L1,1.98488565324675,L2,0.4868340425...
check iteration duration=7.20024108887e-05
GetData ===>> H2,-0.0420242411104272,H1,1640.14299728772,AX,143.270952489984,L1,1.99694684951315,L2,0.608578263...
check iteration duration=3.50475311279e-05
GetData ===>> H2,0.0473153886056436,H1,1639.13990984607,AX,143.03879929761,L1,1.96460075503533,L2,0.43819062451...
testing H1>-5.0
evaluate ot="H1.bs>-5.0" t="H1>-5.0", ctx="{'H1': None}"
check iteration duration=0.00535893440247
GetData ===>> H2,-0.111116351032509,H1,1638.97779616701,AX,142.849825818581,L1,1.91895561823828,L2,0.5037987837...
check iteration duration=7.89165496826e-05
GetData ===>> H2,-0.114287843234609,H1,1638.40473931841,AX,142.956513516525,L1,1.91343646381882,L2,0.5183440118...
check iteration duration=8.70227813721e-05
GetData ===>> H2,-0.145695460172194,H1,1637.77230859273,AX,142.994834789524,L1,1.92451627967611,L2,0.4868340425...
check iteration duration=5.29289245605e-05
GetData ===>> H2,-0.114413710054567,H1,1636.96672388145,AX,142.639290071155,L1,1.92482380971668,L2,0.5437034589...
check iteration duration=4.10079956055e-05
GetData ===>> H2,-0.0731440622253293,H1,1636.26920248037,AX,142.752138550025,L1,1.90367594260961,L2,0.490832196...
testing H1>-5.0
evaluate ot="H1.bs>-5.0" t="H1>-5.0", ctx="{'H1': None}"
check iteration duration=0.0654809474945
GetData ===>> H2,-0.261876041167826,H1,1634.98664511677,AX,142.568970882541,L1,1.95399978793932,L2,0.5291315286...
check iteration duration=6.19888305664e-05
GetData ===>> H2,-0.198839326062456,H1,1634.04011031761,AX,142.738965987167,L1,1.9417902757789,L2,0.52219492465...
check iteration duration=6.48498535156e-05
GetData ===>> H2,-0.198839326062456,H1,1634.04011031761,AX,142.738965987167,L1,1.9417902757789,L2,0.52219492465...
check iteration duration=6.98566436768e-05
GetData ===>> H2,-0.22204727113565,H1,1633.44530042267,AX,142.763119823565,L1,1.92793507634936,L2,0.36061361410...
check iteration duration=6.69956207275e-05
GetData ===>> H2,-0.127055537986082,H1,1633.35164450954,AX,142.843591157331,L1,1.93222551508462,L2,0.4139546308...
testing H1>-5.0
evaluate ot="H1.bs>-5.0" t="H1>-5.0", ctx="{'H1': None}"
check iteration duration=0.00280404090881
GetData ===>> H2,-0.04759112952984,H1,1632.55873856217,AX,142.713207046456,L1,1.96533546265564,L2,0.49494475649...
check iteration duration=0.000100135803223
GetData ===>> H2,-0.214979819450096,H1,1631.75987998326,AX,142.54772571132,L1,1.95100767615485,L2,0.43532220753...
check iteration duration=7.79628753662e-05
GetData ===>> H2,-0.0979879730181708,H1,1630.90506527937,AX,142.528874622079,L1,1.91882809052686,L2,0.468044953...
check iteration duration=3.40938568115e-05
GetData ===>> H2,-0.0811537219059732,H1,1629.83545693698,AX,142.453913163552,L1,1.94072904523698,L2,0.581646578...
check iteration duration=8.51154327393e-05
GetData ===>> H2,-0.0132044402854057,H1,1629.55093924271,AX,142.37868942187,L1,1.93602032068413,L2,0.3636739231...
testing H1>-5.0
evaluate ot="H1.bs>-5.0" t="H1>-5.0", ctx="{'H1': None}"
check iteration duration=0.00270295143127
09:49:31 -- collecting point 75
GetData ===>> H2,-0.0666929326689746,H1,1628.33698802317,AX,142.280823583907,L1,1.92077403456101,L2,0.487782161...
check iteration duration=9.20295715332e-05
GetData ===>> H2,-0.151962160630636,H1,1627.83480179661,AX,142.110792139849,L1,1.9113998457652,L2,0.55136175293...
check iteration duration=4.60147857666e-05
GetData ===>> H2,-0.0485508493737195,H1,1627.3711335025,AX,142.139933709399,L1,1.91869136142265,L2,0.4947277002...
check iteration duration=8.98838043213e-05
GetData ===>> H2,-0.0830421497105786,H1,1626.81233880622,AX,142.135819063609,L1,1.90231060536513,L2,0.603214195...
check iteration duration=3.88622283936e-05
GetData ===>> H2,-0.212216360448268,H1,1626.16122415409,AX,141.977617975689,L1,1.90748271318776,L2,0.4948876363...
testing H1>-5.0
evaluate ot="H1.bs>-5.0" t="H1>-5.0", ctx="{'H1': None}"
check iteration duration=0.00497007369995
GetData ===>> H2,-0.119510820522073,H1,1625.74941556066,AX,141.894034664473,L1,1.93980721908993,L2,0.6028939623...
check iteration duration=4.00543212891e-05
GetData ===>> H2,-0.131212082372531,H1,1624.75655262675,AX,141.811309447972,L1,1.93586902963373,L2,0.5808347426...
check iteration duration=6.19888305664e-05
GetData ===>> H2,-0.188238986892379,H1,1624.6304389842,AX,141.907691590841,L1,1.9266139624312,L2,0.390787047905...
check iteration duration=7.39097595215e-05
GetData ===>> H2,-0.142099998302127,H1,1623.25462857941,AX,141.917338340335,L1,1.95798833630489,L2,0.5125622194...
check iteration duration=7.9870223999e-05
GetData ===>> H2,-0.110735929059383,H1,1622.81481098208,AX,141.932160515238,L1,1.95672801536916,L2,0.4566704919...
testing H1>-5.0
evaluate ot="H1.bs>-5.0" t="H1>-5.0", ctx="{'H1': None}"
check iteration duration=0.000576972961426
GetData ===>> H2,-0.204328977771917,H1,1622.63711689376,AX,141.828597382906,L1,1.91094658518361,L2,0.4932197444...
check iteration duration=5.19752502441e-05
GetData ===>> H2,-0.116080975423264,H1,1622.14561914693,AX,141.868027401388,L1,1.92667442787269,L2,0.5112596503...
check iteration duration=7.08103179932e-05
GetData ===>> H2,-0.0907535681007638,H1,1621.36959589408,AX,141.826852464329,L1,1.96676024994238,L2,0.474954798...
check iteration duration=4.6968460083e-05
GetData ===>> H2,-0.119444533532653,H1,1620.56276504863,AX,141.63812684591,L1,1.97945580846124,L2,0.47142557577...
check iteration duration=8.10623168945e-05
GetData ===>> H2,-0.11515805519991,H1,1619.70289925437,AX,141.575918777769,L1,1.95168948514651,L2,0.52397759540...
testing H1>-5.0
evaluate ot="H1.bs>-5.0" t="H1>-5.0", ctx="{'H1': None}"
check iteration duration=0.000587940216064
GetData ===>> H2,0.0185307667724922,H1,1619.73370507161,AX,141.519742868213,L1,1.95958468577887,L2,0.5034560319...
check iteration duration=9.10758972168e-05
GetData ===>> H2,-0.021289228454745,H1,1618.75913725321,AX,141.402293105413,L1,1.97010830101752,L2,0.4507211354...
check iteration duration=7.70092010498e-05
GetData ===>> H2,0.00325770546114705,H1,1617.80463763313,AX,141.466715136931,L1,1.95382073865663,L2,0.531508602...
check iteration duration=6.69956207275e-05
GetData ===>> H2,-0.0570422706240664,H1,1617.25964763713,AX,141.307848109761,L1,1.92643256809484,L2,0.606084906...
check iteration duration=7.89165496826e-05
GetData ===>> H2,-0.0136257352889481,H1,1616.78007165075,AX,141.223811277096,L1,1.90007246238333,L2,0.463339691...
testing H1>-5.0
evaluate ot="H1.bs>-5.0" t="H1>-5.0", ctx="{'H1': None}"
check iteration duration=0.00243496894836
GetData ===>> H2,0.100898189510959,H1,1615.93201145453,AX,141.249255629239,L1,1.90958034718241,L2,0.46954109262...
check iteration duration=5.98430633545e-05
GetData ===>> H2,-0.0095738634356054,H1,1615.54773742299,AX,141.244090374187,L1,1.9117848034423,L2,0.4522512609...
check iteration duration=6.48498535156e-05
GetData ===>> H2,-0.0692578201241088,H1,1615.00714004681,AX,141.450246708534,L1,1.90356303330717,L2,0.537760129...
check iteration duration=3.69548797607e-05
GetData ===>> H2,-0.0836503355162639,H1,1614.65241718982,AX,141.056767072317,L1,1.91162713996996,L2,0.496212831...
check iteration duration=8.29696655273e-05
GetData ===>> H2,-0.125304701625062,H1,1613.66573757704,AX,141.08946457539,L1,1.89761226599066,L2,0.52190924332...
testing H1>-5.0
evaluate ot="H1.bs>-5.0" t="H1>-5.0", ctx="{'H1': None}"
check iteration duration=0.0101978778839
09:49:58 -- collecting point 100
GetData ===>> H2,-0.179928118152361,H1,1613.04577036571,AX,141.069573169172,L1,1.93205323425187,L2,0.4686959425...
check iteration duration=8.29696655273e-05
GetData ===>> H2,-0.15555622920031,H1,1612.30133361561,AX,140.951214024711,L1,1.92982697657808,L2,0.55227621695...
check iteration duration=6.79492950439e-05
GetData ===>> H2,-0.0368343083651687,H1,1611.4533279582,AX,140.96617183687,L1,1.95783029444852,L2,0.58707805070...
check iteration duration=6.48498535156e-05
GetData ===>> H2,-0.0195521142161525,H1,1610.78305433879,AX,140.910906140187,L1,1.98981693157751,L2,0.573928699...
check iteration duration=6.91413879395e-05
GetData ===>> H2,-0.0573705109971874,H1,1610.63571264999,AX,141.004972376238,L1,1.97323994933112,L2,0.605055558...
testing H1>-5.0
evaluate ot="H1.bs>-5.0" t="H1>-5.0", ctx="{'H1': None}"
check iteration duration=0.00309991836548
GetData ===>> H2,-0.221952981333947,H1,1610.33609035754,AX,140.582586430382,L1,1.94081057358205,L2,0.5917779517...
check iteration duration=5.60283660889e-05
GetData ===>> H2,-0.288966607576262,H1,1609.5011467317,AX,140.767530153779,L1,1.91331688423534,L2,0.49700110284...
check iteration duration=7.89165496826e-05
GetData ===>> H2,-0.170588999520687,H1,1608.60351766892,AX,140.7006161962,L1,1.91000465105195,L2,0.547818287200...
check iteration duration=3.60012054443e-05
GetData ===>> H2,-0.0513250301359335,H1,1608.2227211951,AX,140.809044801049,L1,1.91556283162049,L2,0.4591371281...
check iteration duration=3.31401824951e-05
GetData ===>> H2,-0.129217008914136,H1,1607.19914754837,AX,140.479232494169,L1,1.8938750795607,L2,0.52787444620...
testing H1>-5.0
evaluate ot="H1.bs>-5.0" t="H1>-5.0", ctx="{'H1': None}"
check iteration duration=0.00269603729248
GetData ===>> H2,-0.0333232488724993,H1,1605.94934728538,AX,140.576334589063,L1,1.94027310521905,L2,0.497126769...
check iteration duration=9.20295715332e-05
GetData ===>> H2,-0.0143948982845089,H1,1605.70986578272,AX,140.465012310364,L1,1.91913968145258,L2,0.600503682...
check iteration duration=5.00679016113e-05
GetData ===>> H2,-0.15448613610446,H1,1605.39719395281,AX,140.598266994266,L1,1.91656176149752,L2,0.44188342549...
check iteration duration=7.70092010498e-05
GetData ===>> H2,-0.163376190671371,H1,1605.27813651997,AX,140.621640748246,L1,1.86994608007304,L2,0.4975380449...
check iteration duration=5.3882598877e-05
GetData ===>> H2,-0.0358256344306917,H1,1604.61568280503,AX,140.47863330477,L1,1.86986347234598,L2,0.5460008829...
testing H1>-5.0
evaluate ot="H1.bs>-5.0" t="H1>-5.0", ctx="{'H1': None}"
check iteration duration=0.00741291046143
GetData ===>> H2,-0.0961435761796428,H1,1603.28094136327,AX,140.376941963383,L1,1.9247134133312,L2,0.4884447072...
check iteration duration=4.88758087158e-05
GetData ===>> H2,-0.0375116852915923,H1,1602.83018112369,AX,140.413733805342,L1,1.89371753103083,L2,0.528514413...
check iteration duration=3.09944152832e-05
GetData ===>> H2,-0.0582398953452363,H1,1601.7526836034,AX,140.223553110564,L1,1.91255475911895,L2,0.3563773027...
check iteration duration=8.01086425781e-05
GetData ===>> H2,-0.129303513254077,H1,1601.27349612517,AX,140.098242002366,L1,1.92293013906461,L2,0.3861839002...
check iteration duration=8.70227813721e-05
GetData ===>> H2,-0.0752398580865838,H1,1600.39680171639,AX,140.135831390862,L1,1.9468584992104,L2,0.3948192670...
testing H1>-5.0
evaluate ot="H1.bs>-5.0" t="H1>-5.0", ctx="{'H1': None}"
check iteration duration=0.00165987014771
GetData ===>> H2,-0.166369037935796,H1,1600.3440037323,AX,140.14820341788,L1,1.91835086073162,L2,0.469472566661...
check iteration duration=2.69412994385e-05
waiting for write to finish
measurement finished
estimated time: 125.829 actual time: :127.670
flush and close file /Users/jan/PychronDev/data/isotopes/a2/d75bca-c0fc-49b8-b31f-ad0bd0f6577f.h5
baselines () {'settling_time': 15.0, 'detector': 'H1', 'mass': 34.2, 'ncounts': 60}
%%%%%%%%%%%%%%%%%%%%%%%%%%%%%%%% Baseline
build tables- baseline [Detector(H2), Detector(H1), Detector(AX), Detector(L1), Detector(L2), Detector(CDD)]
add group baseline table H2
add group baseline table H1
add group baseline table AX
add group baseline table L1
add group baseline table L2
add group baseline table CDD
flush and close file /Users/jan/PychronDev/data/isotopes/a2/d75bca-c0fc-49b8-b31f-ad0bd0f6577f.h5
detector Detector(H1)
POSITION 34.2 H1
Mapping mass to dac mass func: "parabolic"
H1 map mass coeffs = [-0.00063987  0.15840543  0.57257999]
H1 map mass to dac 34.2 >> 5.24162599104
GetDeflection H1 ===>> 0
GetHighVoltage ===>> 4499.94659342336
positioning 34.2 (5.2415951236) on H1
setting magnet DAC
current  : 5.880935
requested: 5.241595
Delta Dac: 0.639340
Checking detector protection. dv=0.63934
Checking detector "CDD". Protection Threshold: 0.1 (V)
ProtectDetector CDD,On ===>> OK
GetDeflection CDD ===>> 2000
Protected = 2000
SetMagnetDAC 5.2415951236 ===>> OK
Magnet settling time: 0.500
GetMagnetMoving ===>> True
GetMagnetMoving ===>> True
GetMagnetMoving ===>> True
GetMagnetMoving ===>> True
GetMagnetMoving ===>> True
GetMagnetMoving ===>> True
GetMagnetMoving ===>> True
GetMagnetMoving ===>> True
GetMagnetMoving ===>> False
ProtectDetector CDD,Off ===>> OK
GetDeflection CDD ===>> 50
Delaying 15.0s for detectors to settle
Join finished
measuring baseline. ncounts=60
"baseline" increment series count="2" fit count="1" regressing="True"
starting measurement
check iteration duration=7.89165496826e-05
GetData ===>> H2,-0.101258942124366,H1,-0.0598780884569326,AX,-0.162604966131826,L1,-0.00764331482174643,L2,0.0...
check iteration duration=5.3882598877e-05
GetData ===>> H2,-0.0948217097386896,H1,-0.204146720504106,AX,-0.0898525525251212,L1,-0.0604248715446408,L2,0.0...
check iteration duration=4.19616699219e-05
GetData ===>> H2,-0.18908578367983,H1,-0.0485759166607423,AX,-0.112728669745342,L1,-0.0685935639865928,L2,0.025...
check iteration duration=6.19888305664e-05
GetData ===>> H2,-0.15254971341632,H1,-0.0739324897344627,AX,-0.0670058337866158,L1,-0.0246146527120666,L2,-0.0...
testing H1>-5.0
evaluate ot="H1.bs>-5.0" t="H1>-5.0", ctx="{'H1': None}"
check iteration duration=0.00196599960327
GetData ===>> H2,-0.19070638686153,H1,0.0158040344914624,AX,-0.0369874551193838,L1,-0.017761047372571,L2,-0.025...
check iteration duration=8.48770141602e-05
GetData ===>> H2,-0.15546570755936,H1,-0.0770554219648776,AX,-0.0910926825822471,L1,-0.0593084856533821,L2,0.05...
check iteration duration=6.69956207275e-05
GetData ===>> H2,-0.220785069577534,H1,-0.0417796925188395,AX,-0.047238108709469,L1,-0.0425055519396799,L2,0.02...
check iteration duration=4.10079956055e-05
GetData ===>> H2,-0.205409877133397,H1,-0.0506981517403247,AX,-0.0718630941283043,L1,-0.0323904809265631,L2,-0....
check iteration duration=4.10079956055e-05
GetData ===>> H2,-0.274761399509724,H1,-0.0803808800474702,AX,-0.16640720850964,L1,-0.0385172602710081,L2,-0.02...
testing H1>-5.0
evaluate ot="H1.bs>-5.0" t="H1>-5.0", ctx="{'H1': None}"
check iteration duration=0.00201201438904
GetData ===>> H2,-0.128516840145564,H1,-0.124315984400902,AX,-0.00988295831236849,L1,-0.054506491746199,L2,-0.0...
check iteration duration=8.20159912109e-05
GetData ===>> H2,-0.169872513065725,H1,0.0423289756192659,AX,-0.0958907939106367,L1,-0.0581955658837035,L2,-0.0...
check iteration duration=7.60555267334e-05
GetData ===>> H2,-0.243868542472476,H1,-0.072823944549527,AX,-0.11442040806156,L1,-0.0687585437392481,L2,-0.140...
check iteration duration=6.29425048828e-05
GetData ===>> H2,-0.287299984900054,H1,-0.0407065623058365,AX,-0.00787620638439485,L1,-0.0475503293588771,L2,-0...
check iteration duration=6.29425048828e-05
GetData ===>> H2,-0.282097086331245,H1,0.00758428039164834,AX,-0.149145224810319,L1,-0.0534933076007764,L2,-0.0...
testing H1>-5.0
evaluate ot="H1.bs>-5.0" t="H1>-5.0", ctx="{'H1': None}"
check iteration duration=0.00229120254517
GetData ===>> H2,-0.210426215886401,H1,-0.0674240811070479,AX,-0.0840457519756552,L1,-0.0392383839611752,L2,-0....
check iteration duration=5.10215759277e-05
GetData ===>> H2,-0.135242356595811,H1,-0.0550855512288393,AX,-0.0552616226378091,L1,-0.0320563793249223,L2,-0....
check iteration duration=5.60283660889e-05
GetData ===>> H2,-0.189863756097312,H1,-0.0233083237578978,AX,-0.0635047463746735,L1,-0.00625928599579996,L2,0....
check iteration duration=4.48226928711e-05
GetData ===>> H2,-0.242532208202786,H1,0.0373885754916039,AX,-0.0688722560621805,L1,0.0105619292910151,L2,-0.00...
check iteration duration=4.91142272949e-05
GetData ===>> H2,-0.252688686592811,H1,0.0255755636126899,AX,-0.0893541780496375,L1,-0.0345237901989264,L2,-0.0...
testing H1>-5.0
evaluate ot="H1.bs>-5.0" t="H1>-5.0", ctx="{'H1': None}"
check iteration duration=0.000731945037842
GetData ===>> H2,-0.112350942393212,H1,0.0705082364823141,AX,-0.149226383009637,L1,-0.0276856911817836,L2,-0.05...
check iteration duration=3.40938568115e-05
GetData ===>> H2,-0.179820162177762,H1,-0.0203745325045855,AX,-0.0649191081102732,L1,-0.00942644058295149,L2,-0...
check iteration duration=3.69548797607e-05
GetData ===>> H2,-0.180087351336173,H1,0.0164840734043771,AX,-0.135022667043035,L1,0.00743218321327518,L2,0.073...
check iteration duration=4.31537628174e-05
GetData ===>> H2,-0.178894397439292,H1,0.00546085420165556,AX,-0.0831184862668264,L1,-0.0271333808161428,L2,0.0...
check iteration duration=0.000108003616333
GetData ===>> H2,-0.189688481016614,H1,-0.0072549016687294,AX,-0.119020397057224,L1,-0.0893510357325743,L2,-0.0...
testing H1>-5.0
evaluate ot="H1.bs>-5.0" t="H1>-5.0", ctx="{'H1': None}"
check iteration duration=0.00205492973328
09:51:05 -- collecting point 25
GetData ===>> H2,-0.243136471584895,H1,-0.00242405898200888,AX,-0.175657165285359,L1,-0.0641572219802158,L2,0.0...
check iteration duration=4.6968460083e-05
GetData ===>> H2,-0.226945217853734,H1,-0.00950921513769281,AX,-0.0837559823909616,L1,-0.0234605242219167,L2,0....
check iteration duration=3.81469726562e-05
GetData ===>> H2,-0.161547964524116,H1,0.0218887574336748,AX,-0.0335780618306582,L1,-0.04804820516411,L2,0.0054...
check iteration duration=4.79221343994e-05
GetData ===>> H2,-0.176734885222212,H1,0.0126186505562178,AX,0.0328593600420184,L1,-0.0280438979573107,L2,-0.07...
check iteration duration=7.00950622559e-05
GetData ===>> H2,-0.222556422472131,H1,0.0344292255021863,AX,-0.0126668231141294,L1,-0.0189398115208177,L2,0.07...
testing H1>-5.0
evaluate ot="H1.bs>-5.0" t="H1>-5.0", ctx="{'H1': None}"
check iteration duration=0.000552177429199
GetData ===>> H2,-0.293415994199475,H1,0.0466729104691812,AX,-0.154107344490129,L1,-0.0277875238374268,L2,-0.00...
check iteration duration=7.39097595215e-05
GetData ===>> H2,-0.185893784249463,H1,0.00923056315460538,AX,-0.0737989751849425,L1,-0.0120136296179367,L2,0.0...
check iteration duration=9.29832458496e-05
GetData ===>> H2,-0.203226407917302,H1,0.0232966479760012,AX,-0.190445995099537,L1,0.00129865998647619,L2,0.009...
check iteration duration=3.981590271e-05
GetData ===>> H2,-0.163223624732838,H1,0.0473650933203508,AX,-0.0370338405990881,L1,-0.0198091065637345,L2,-0.0...
check iteration duration=4.29153442383e-05
GetData ===>> H2,-0.163223624732838,H1,0.0473650933203508,AX,-0.0370338405990881,L1,-0.0198091065637345,L2,-0.0...
testing H1>-5.0
evaluate ot="H1.bs>-5.0" t="H1>-5.0", ctx="{'H1': None}"
check iteration duration=0.000586986541748
GetData ===>> H2,-0.221795380909149,H1,0.0350616598842947,AX,-0.00583461283416742,L1,-0.0093700856920654,L2,0.0...
check iteration duration=6.07967376709e-05
GetData ===>> H2,-0.103030775134936,H1,0.0594432608674424,AX,-0.0094189731043944,L1,-0.0280391059776292,L2,-0.0...
check iteration duration=5.81741333008e-05
GetData ===>> H2,-0.12917510813743,H1,0.00971968136627162,AX,-0.11791966382001,L1,-0.00811820634100169,L2,-0.07...
check iteration duration=6.00814819336e-05
GetData ===>> H2,-0.226596492835656,H1,0.0224972500691536,AX,-0.113018353051365,L1,-0.0209636540491235,L2,-0.14...
check iteration duration=6.98566436768e-05
GetData ===>> H2,-0.235242774658387,H1,0.0406344147737993,AX,-0.150327809018898,L1,0.00572371375096317,L2,-0.01...
testing H1>-5.0
evaluate ot="H1.bs>-5.0" t="H1>-5.0", ctx="{'H1': None}"
check iteration duration=0.00266408920288
GetData ===>> H2,-0.219598175174366,H1,0.00937371945701777,AX,-0.139243416377193,L1,-0.0185033371338843,L2,0.04...
check iteration duration=4.79221343994e-05
GetData ===>> H2,-0.272437290173551,H1,0.0228671199490329,AX,-0.12860204344824,L1,-0.0842707392375844,L2,-0.017...
check iteration duration=9.51290130615e-05
GetData ===>> H2,-0.204869440364737,H1,0.0290835246683276,AX,-0.0638757284910019,L1,-0.0114957654959531,L2,0.04...
check iteration duration=4.81605529785e-05
GetData ===>> H2,-0.157943307690955,H1,-0.00830453542028913,AX,-0.0598644093277374,L1,-0.000573657076531996,L2,...
check iteration duration=7.60555267334e-05
GetData ===>> H2,-0.250383765840696,H1,-0.0768647113405628,AX,-0.0177239738017111,L1,-0.0186088601498148,L2,-0....
testing H1>-5.0
evaluate ot="H1.bs>-5.0" t="H1>-5.0", ctx="{'H1': None}"
check iteration duration=0.00230813026428
GetData ===>> H2,-0.401299335096842,H1,0.0019656496327737,AX,-0.149133630776316,L1,-0.0293244726818239,L2,-0.11...
check iteration duration=6.41345977783e-05
GetData ===>> H2,-0.427745813549592,H1,0.0230102957532231,AX,-0.0907333941920261,L1,-0.035049873535145,L2,0.009...
check iteration duration=6.19888305664e-05
GetData ===>> H2,-0.237793401717157,H1,-0.0198736327205794,AX,-0.123214655875057,L1,-0.0651606525828594,L2,-0.0...
check iteration duration=5.00679016113e-05
GetData ===>> H2,-0.194975201315166,H1,-0.00603826695659822,AX,-0.130536795845775,L1,-0.0380644352305965,L2,-0....
check iteration duration=7.60555267334e-05
GetData ===>> H2,-0.171416073482658,H1,0.000140557182004741,AX,-0.0889369323394098,L1,-0.027218445776992,L2,0.0...
testing H1>-5.0
evaluate ot="H1.bs>-5.0" t="H1>-5.0", ctx="{'H1': None}"
check iteration duration=0.00442695617676
09:51:31 -- collecting point 50
GetData ===>> H2,0.0035772439927775,H1,0.0586197031595461,AX,-0.120862649029781,L1,0.00192284303698179,L2,0.001...
check iteration duration=8.51154327393e-05
GetData ===>> H2,-0.16717482518482,H1,0.000987491370785376,AX,-0.176514886127912,L1,0.0217411845501423,L2,-0.05...
check iteration duration=6.103515625e-05
GetData ===>> H2,-0.253500810230666,H1,0.0573187344953265,AX,-0.155081188728999,L1,-0.0166109297168653,L2,-0.05...
check iteration duration=4.91142272949e-05
GetData ===>> H2,-0.228529828792401,H1,0.00355219494296857,AX,-0.127061165209189,L1,0.012276021267882,L2,-0.008...
check iteration duration=3.79085540771e-05
GetData ===>> H2,-0.205853258589777,H1,0.0114017890676667,AX,-0.0933874610004308,L1,-0.00708564845252544,L2,0.0...
testing H1>-5.0
evaluate ot="H1.bs>-5.0" t="H1>-5.0", ctx="{'H1': None}"
check iteration duration=0.00997591018677
GetData ===>> H2,-0.10821339062405,H1,-0.0472286317109603,AX,0.0568316745116531,L1,-0.0310264622350594,L2,-0.06...
check iteration duration=6.19888305664e-05
GetData ===>> H2,-0.210546106506108,H1,-0.0149718382562057,AX,-0.0284057609852687,L1,-0.0209408760965606,L2,-0....
check iteration duration=6.91413879395e-05
GetData ===>> H2,-0.220534498390994,H1,0.0420306353620116,AX,-0.0419273845091584,L1,-0.0247261035917234,L2,0.01...
check iteration duration=0.00672698020935
GetData ===>> H2,-0.21140281596049,H1,-0.000897225645579525,AX,-0.00571861191496543,L1,0.00295643118898188,L2,0...
check iteration duration=9.48905944824e-05
GetData ===>> H2,-0.204829007648051,H1,-0.0701657700432844,AX,-0.125925765625152,L1,0.0188974588026231,L2,0.028...
testing H1>-5.0
evaluate ot="H1.bs>-5.0" t="H1>-5.0", ctx="{'H1': None}"
check iteration duration=0.119532823563
GetData ===>> H2,-0.18623500839724,H1,-0.00953307003517241,AX,-0.201941713487236,L1,0.00822292832960018,L2,-0.0...
check iteration duration=2.8133392334e-05
waiting for write to finish
measurement finished
estimated time: 62.915 actual time: :63.760
flush and close file /Users/jan/PychronDev/data/isotopes/a2/d75bca-c0fc-49b8-b31f-ad0bd0f6577f.h5
activate_detectors ('H1', 'AX', 'CDD') {'peak_center': True}
peak_center () {'detector': 'H1', 'integration_time': 0.262144, 'isotope': 'Ar40'}
peak center: mean=1603.08789867 threshold=3
peak center started
setup peak center. detector=['H1', 'AX', 'CDD'], isotope=Ar40
VersionedUnpickler [<apptools.sweet_pickle.versioned_unpickler.VersionedUnpickler object at 0x234499410>] using Updater [<apptools.sweet_pickle.updater.Updater object at 0x12e273d10>]
VersionedUnpickler [<apptools.sweet_pickle.versioned_unpickler.VersionedUnpickler object at 0x234499410>] using Updater [<apptools.sweet_pickle.updater.Updater object at 0x12e273d10>]
VersionedUnpickler [<apptools.sweet_pickle.versioned_unpickler.VersionedUnpickler object at 0x21ddc6830>] using Updater [<apptools.sweet_pickle.updater.Updater object at 0x12e273d10>]
setting integration time = 0.524288
SetIntegrationTime 0.524288 ===>> OK
Mapping mass to dac mass func: "parabolic"
H1 map mass coeffs = [-0.00063987  0.15840543  0.57257999]
H1 map mass to dac 39.9624 >> 5.88097
GetDeflection H1 ===>> 0
GetHighVoltage ===>> 4499.94659342336
do peak center. <pychron.spectrometer.jobs.peak_center.PeakCenter object at 0x16275af50>
doing pc
starting peak center. center dac= 5.88093536752 step_width=0.001
width = 0.001
get scan parameters. half-width=0.015,window=0.015, i=0, scalar=1
Scan parameters center=5.88094 width=0.03000 (5.86594 - 5.89594)
GetData ===>> H2,-0.164087687875887,H1,0.00269331014954872,AX,-0.0671681327969375,L1,-0.0158553064169935,L2,0.0...
Moving to starting dac 5.86593536752
setting magnet DAC
current  : 5.241595
requested: 5.865935
Delta Dac: 0.624340
Checking detector protection. dv=0.62434
Checking detector "CDD". Protection Threshold: 0.1 (V)
ProtectDetector CDD,On ===>> OK
GetDeflection CDD ===>> 2000
Protected = 2000
SetMagnetDAC 5.86593536752 ===>> OK
Magnet settling time: 0.500
GetMagnetMoving ===>> True
GetMagnetMoving ===>> True
GetMagnetMoving ===>> True
GetMagnetMoving ===>> True
GetMagnetMoving ===>> True
GetMagnetMoving ===>> True
GetMagnetMoving ===>> True
GetMagnetMoving ===>> True
GetMagnetMoving ===>> False
ProtectDetector CDD,Off ===>> OK
GetDeflection CDD ===>> 50
Wait until signal near baseline. tol= 0.00201998261216. timeout= 10
GetData ===>> H2,4.2302841741002,H1,1.20977304685208,AX,0.0436175083321635,L1,0.00901623191989743,L2,-0.0924160...
GetData ===>> H2,88.460855342531,H1,31.9988340730342,AX,1.75478869704571,L1,0.0152835488945587,L2,-0.1026764410...
GetData ===>> H2,101.467765648392,H1,44.7797078555072,AX,3.22075850394172,L1,0.00423145607459273,L2,-0.06499645...
GetData ===>> H2,54.8522851616576,H1,21.8443529310248,AX,1.50155983063617,L1,-0.00578670571455003,L2,-0.1664422...
GetData ===>> H2,22.8476649905977,H1,11.3659633726426,AX,0.639169372327624,L1,-0.0027059942011767,L2,-0.1120116...
GetData ===>> H2,7.79135452155025,H1,6.40389135761057,AX,0.271870226182669,L1,0.00827534880282848,L2,0.02222958...
GetData ===>> H2,2.2975214459973,H1,4.0350918325611,AX,0.199513310470978,L1,0.0240254436607968,L2,0.02557814026...
GetData ===>> H2,0.760655517498937,H1,2.91433243371249,AX,0.00933948102152771,L1,0.0148181032040546,L2,0.076527...
GetData ===>> H2,0.532813981258576,H1,2.34842441476177,AX,0.0664074472900902,L1,0.0018448180400266,L2,0.0608475...
GetData ===>> H2,0.543952235024965,H1,1.96114555757438,AX,0.0287861966771905,L1,0.0308908147297901,L2,-0.097489...
GetData ===>> H2,0.45631492089214,H1,1.84008065401902,AX,-0.0579514387793299,L1,0.031518011250097,L2,-0.0616964...
GetData ===>> H2,0.33025312082613,H1,1.73195059953908,AX,-0.025831105182177,L1,-0.000488450206882171,L2,-0.0485...
GetData ===>> H2,0.388569660896365,H1,1.6321744048956,AX,0.080219735230997,L1,-0.0562165459624603,L2,0.07570652...
GetData ===>> H2,0.408357110678998,H1,1.6543463787259,AX,-0.0665768993846927,L1,-0.035505230959716,L2,0.0127084...
GetData ===>> H2,0.327268436847801,H1,1.71880006895717,AX,0.0333119442686966,L1,-0.0320519884294811,L2,0.001821...
GetData ===>> H2,0.214710105881553,H1,1.7898621574018,AX,0.0454280579172653,L1,-0.0122353919843189,L2,-0.080243...
GetData ===>> H2,0.131693681657546,H1,1.7408949005995,AX,0.0695590720175114,L1,-0.0404313587203537,L2,-0.109481...
GetData ===>> H2,0.108704691258832,H1,1.71668460423378,AX,-0.0778444944852236,L1,-0.0161136451909761,L2,0.04154...
GetData ===>> H2,0.0424621799557977,H1,1.77136436658276,AX,0.0564665935122779,L1,-0.0180641914985419,L2,0.02391...
GetData ===>> H2,-0.00059916677186853,H1,1.73178230039357,AX,0.106018734135033,L1,-0.0128059580990393,L2,0.0288...
GetData ===>> H2,-0.0548803086045354,H1,1.66297146340779,AX,0.0330566400872739,L1,-0.0228095803980569,L2,0.1076...
Peak center failed to move to a baseline position
_do_sweep sm= 5.86593536752, em= 5.89593536752, stm= 0.001
calculated step values: start=5.86593536752, end=5.89593536752, width=0.001, nsteps=31.0
setting magnet DAC
current  : 5.865935
requested: 5.865935
Delta Dac: 0.000000
Checking detector protection. dv=0.00000
Checking detector "CDD". Protection Threshold: 0.1 (V)
SetMagnetDAC 5.86593536752 ===>> OK
GetData ===>> H2,-0.0548803086045354,H1,1.66297146340779,AX,0.0330566400872739,L1,-0.0228095803980569,L2,0.1076...
setting magnet DAC
current  : 5.865935
requested: 5.866970
Delta Dac: 0.001034
Checking detector protection. dv=0.00103
Checking detector "CDD". Protection Threshold: 0.1 (V)
SetMagnetDAC 5.86696985028 ===>> OK
Magnet settling time: 1.049
GetData ===>> H2,-0.0465309410768864,H1,3.2904906778777,AX,0.106575122061208,L1,-0.0385388228593118,L2,-0.03360...
setting magnet DAC
current  : 5.866970
requested: 5.868004
Delta Dac: 0.001034
Checking detector protection. dv=0.00103
Checking detector "CDD". Protection Threshold: 0.1 (V)
SetMagnetDAC 5.86800433304 ===>> OK
Magnet settling time: 1.049
GetData ===>> H2,-0.0300610402575346,H1,9.36148069474399,AX,0.528673322430775,L1,0.0349117967805177,L2,0.032230...
setting magnet DAC
current  : 5.868004
requested: 5.869039
Delta Dac: 0.001034
Checking detector protection. dv=0.00103
Checking detector "CDD". Protection Threshold: 0.1 (V)
SetMagnetDAC 5.86903881579 ===>> OK
Magnet settling time: 1.049
GetData ===>> H2,-0.24226438402305,H1,31.2294653650507,AX,1.95347774869054,L1,0.00684408815705215,L2,0.01352845...
setting magnet DAC
current  : 5.869039
requested: 5.870073
Delta Dac: 0.001034
Checking detector protection. dv=0.00103
Checking detector "CDD". Protection Threshold: 0.1 (V)
SetMagnetDAC 5.87007329855 ===>> OK
Magnet settling time: 1.049
GetData ===>> H2,-0.139510449110187,H1,100.971016769078,AX,5.90532781478966,L1,0.041289048096317,L2,0.057999092...
setting magnet DAC
current  : 5.870073
requested: 5.871108
Delta Dac: 0.001034
Checking detector protection. dv=0.00103
Checking detector "CDD". Protection Threshold: 0.1 (V)
SetMagnetDAC 5.87110778131 ===>> OK
Magnet settling time: 1.049
GetData ===>> H2,-0.0727386858641552,H1,393.207305850744,AX,23.6905506871681,L1,0.141956352299911,L2,0.13236042...
setting magnet DAC
current  : 5.871108
requested: 5.872142
Delta Dac: 0.001034
Checking detector protection. dv=0.00103
Checking detector "CDD". Protection Threshold: 0.1 (V)
SetMagnetDAC 5.87214226407 ===>> OK
Magnet settling time: 1.049
GetData ===>> H2,0.0326149871920781,H1,784.11439615818,AX,53.4086964710383,L1,0.357654223341928,L2,-0.016714340...
setting magnet DAC
current  : 5.872142
requested: 5.873177
Delta Dac: 0.001034
Checking detector protection. dv=0.00103
Checking detector "CDD". Protection Threshold: 0.1 (V)
SetMagnetDAC 5.87317674683 ===>> OK
Magnet settling time: 1.049
GetData ===>> H2,0.10227678811613,H1,1147.59122917897,AX,86.203049603239,L1,0.677000639205012,L2,0.189276053937...
setting magnet DAC
current  : 5.873177
requested: 5.874211
Delta Dac: 0.001034
Checking detector protection. dv=0.00103
Checking detector "CDD". Protection Threshold: 0.1 (V)
SetMagnetDAC 5.87421122959 ===>> OK
Magnet settling time: 1.049
GetData ===>> H2,0.022175396672685,H1,1378.37858561752,AX,111.803199711893,L1,1.04338819682422,L2,0.25419432263...
setting magnet DAC
current  : 5.874211
requested: 5.875246
Delta Dac: 0.001034
Checking detector protection. dv=0.00103
Checking detector "CDD". Protection Threshold: 0.1 (V)
SetMagnetDAC 5.87524571235 ===>> OK
Magnet settling time: 1.049
GetData ===>> H2,-0.0442954500522379,H1,1482.00208263102,AX,125.955337597524,L1,1.3257660727938,L2,0.3100881845...
setting magnet DAC
current  : 5.875246
requested: 5.876280
Delta Dac: 0.001034
Checking detector protection. dv=0.00103
Checking detector "CDD". Protection Threshold: 0.1 (V)
SetMagnetDAC 5.87628019511 ===>> OK
Magnet settling time: 1.049
GetData ===>> H2,-0.0490589046667802,H1,1517.31739973282,AX,131.565915551397,L1,1.50991707546739,L2,0.447101458...
setting magnet DAC
current  : 5.876280
requested: 5.877315
Delta Dac: 0.001034
Checking detector protection. dv=0.00103
Checking detector "CDD". Protection Threshold: 0.1 (V)
SetMagnetDAC 5.87731467786 ===>> OK
Magnet settling time: 1.049
GetData ===>> H2,0.00315572696163999,H1,1526.50452534041,AX,133.501417889206,L1,1.63706068705051,L2,0.522994836...
setting magnet DAC
current  : 5.877315
requested: 5.878349
Delta Dac: 0.001034
Checking detector protection. dv=0.00103
Checking detector "CDD". Protection Threshold: 0.1 (V)
SetMagnetDAC 5.87834916062 ===>> OK
Magnet settling time: 1.049
GetData ===>> H2,0.0302041671204961,H1,1529.29034462856,AX,133.864284684725,L1,1.6889491190717,L2,0.41703030653...
setting magnet DAC
current  : 5.878349
requested: 5.879384
Delta Dac: 0.001034
Checking detector protection. dv=0.00103
Checking detector "CDD". Protection Threshold: 0.1 (V)
SetMagnetDAC 5.87938364338 ===>> OK
Magnet settling time: 1.049
GetData ===>> H2,-0.0266266995709749,H1,1529.06524701039,AX,133.806522368736,L1,1.81232335498334,L2,0.442511401...
setting magnet DAC
current  : 5.879384
requested: 5.880418
Delta Dac: 0.001034
Checking detector protection. dv=0.00103
Checking detector "CDD". Protection Threshold: 0.1 (V)
SetMagnetDAC 5.88041812614 ===>> OK
Magnet settling time: 1.049
GetData ===>> H2,0.0677647637203746,H1,1528.03804753155,AX,133.626190670844,L1,1.81462550232992,L2,0.4240620466...
setting magnet DAC
current  : 5.880418
requested: 5.881453
Delta Dac: 0.001034
Checking detector protection. dv=0.00103
Checking detector "CDD". Protection Threshold: 0.1 (V)
SetMagnetDAC 5.8814526089 ===>> OK
Magnet settling time: 1.049
GetData ===>> H2,0.0208405351224088,H1,1528.46253699918,AX,133.585228142893,L1,1.82674404624068,L2,0.4670170853...
setting magnet DAC
current  : 5.881453
requested: 5.882487
Delta Dac: 0.001034
Checking detector protection. dv=0.00103
Checking detector "CDD". Protection Threshold: 0.1 (V)
SetMagnetDAC 5.88248709166 ===>> OK
Magnet settling time: 1.049
GetData ===>> H2,-0.0604467666510075,H1,1527.94720717194,AX,133.544784254114,L1,1.86075947930745,L2,0.427167135...
setting magnet DAC
current  : 5.882487
requested: 5.883522
Delta Dac: 0.001034
Checking detector protection. dv=0.00103
Checking detector "CDD". Protection Threshold: 0.1 (V)
SetMagnetDAC 5.88352157442 ===>> OK
Magnet settling time: 1.049
GetData ===>> H2,-0.128258658907129,H1,1526.6949245759,AX,133.430937785057,L1,1.8500433455359,L2,0.500051431143...
setting magnet DAC
current  : 5.883522
requested: 5.884556
Delta Dac: 0.001034
Checking detector protection. dv=0.00103
Checking detector "CDD". Protection Threshold: 0.1 (V)
SetMagnetDAC 5.88455605717 ===>> OK
Magnet settling time: 1.049
GetData ===>> H2,-0.165376909591189,H1,1524.62577893637,AX,132.912633811446,L1,1.88764706441329,L2,0.4787811250...
setting magnet DAC
current  : 5.884556
requested: 5.885591
Delta Dac: 0.001034
Checking detector protection. dv=0.00103
Checking detector "CDD". Protection Threshold: 0.1 (V)
SetMagnetDAC 5.88559053993 ===>> OK
Magnet settling time: 1.049
GetData ===>> H2,-0.0871931499458689,H1,1516.35851950642,AX,131.751062733902,L1,1.82959426194002,L2,0.478758280...
setting magnet DAC
current  : 5.885591
requested: 5.886625
Delta Dac: 0.001034
Checking detector protection. dv=0.00103
Checking detector "CDD". Protection Threshold: 0.1 (V)
SetMagnetDAC 5.88662502269 ===>> OK
Magnet settling time: 1.049
GetData ===>> H2,-0.206204986530478,H1,1492.01947794867,AX,127.640781173464,L1,1.80104980817141,L2,0.4200438463...
setting magnet DAC
current  : 5.886625
requested: 5.887660
Delta Dac: 0.001034
Checking detector protection. dv=0.00103
Checking detector "CDD". Protection Threshold: 0.1 (V)
SetMagnetDAC 5.88765950545 ===>> OK
Magnet settling time: 1.049
GetData ===>> H2,-0.263068442184797,H1,1415.41648178629,AX,116.296546861478,L1,1.63505140946305,L2,0.3465587618...
setting magnet DAC
current  : 5.887660
requested: 5.888694
Delta Dac: 0.001034
Checking detector protection. dv=0.00103
Checking detector "CDD". Protection Threshold: 0.1 (V)
SetMagnetDAC 5.88869398821 ===>> OK
Magnet settling time: 1.049
GetData ===>> H2,-0.154348313741552,H1,1086.66746318766,AX,77.2088402376323,L1,1.19318456781389,L2,0.3707204647...
setting magnet DAC
current  : 5.888694
requested: 5.889728
Delta Dac: 0.001034
Checking detector protection. dv=0.00103
Checking detector "CDD". Protection Threshold: 0.1 (V)
SetMagnetDAC 5.88972847097 ===>> OK
Magnet settling time: 1.049
GetData ===>> H2,-0.369438056702359,H1,690.53388669763,AX,42.5534143265951,L1,0.809969323761417,L2,0.0733362299...
setting magnet DAC
current  : 5.889728
requested: 5.890763
Delta Dac: 0.001034
Checking detector protection. dv=0.00103
Checking detector "CDD". Protection Threshold: 0.1 (V)
SetMagnetDAC 5.89076295373 ===>> OK
Magnet settling time: 1.049
GetData ===>> H2,-0.359392790340017,H1,340.867342555993,AX,17.8654523334195,L1,0.493093508239734,L2,-0.17591711...
setting magnet DAC
current  : 5.890763
requested: 5.891797
Delta Dac: 0.001034
Checking detector protection. dv=0.00103
Checking detector "CDD". Protection Threshold: 0.1 (V)
SetMagnetDAC 5.89179743648 ===>> OK
Magnet settling time: 1.049
GetData ===>> H2,-0.148854135540555,H1,132.143552047961,AX,5.75864451846094,L1,0.277680152984394,L2,0.075934443...
setting magnet DAC
current  : 5.891797
requested: 5.892832
Delta Dac: 0.001034
Checking detector protection. dv=0.00103
Checking detector "CDD". Protection Threshold: 0.1 (V)
SetMagnetDAC 5.89283191924 ===>> OK
Magnet settling time: 1.049
GetData ===>> H2,-0.204649754196574,H1,41.5287033771482,AX,1.38856800439321,L1,0.147484137971289,L2,0.013482904...
setting magnet DAC
current  : 5.892832
requested: 5.893866
Delta Dac: 0.001034
Checking detector protection. dv=0.00103
Checking detector "CDD". Protection Threshold: 0.1 (V)
SetMagnetDAC 5.893866402 ===>> OK
Magnet settling time: 1.049
GetData ===>> H2,-0.217459893123914,H1,10.8839305094746,AX,0.225924206783735,L1,0.0904214840914129,L2,0.0137790...
setting magnet DAC
current  : 5.893866
requested: 5.894901
Delta Dac: 0.001034
Checking detector protection. dv=0.00103
Checking detector "CDD". Protection Threshold: 0.1 (V)
SetMagnetDAC 5.89490088476 ===>> OK
Magnet settling time: 1.049
GetData ===>> H2,-0.331480765243057,H1,2.46541207125863,AX,-0.137823631625127,L1,0.100770503140958,L2,0.1300799...
setting magnet DAC
current  : 5.894901
requested: 5.895935
Delta Dac: 0.001034
Checking detector protection. dv=0.00103
Checking detector "CDD". Protection Threshold: 0.1 (V)
SetMagnetDAC 5.89593536752 ===>> OK
Magnet settling time: 1.049
GetData ===>> H2,-0.271990380302758,H1,0.439490696106515,AX,-0.183501622473047,L1,-0.00329869651530236,L2,0.047...
result of _do_sweep=True
result of _calculate_peak_center=([5.8731197362566121, 5.8808451871584158, 5.8885706380602194], [1127.5599407859538, 1529.2835781670919, 1125.8669954654993], 5.8783802572986961, 1529.2835781670919)
Failed to find a valid peak. No peak greater than 1.0. max = 0.475663046277
new center pos Detector(H1) (Ar40) @ 5.88084518716
GetHighVoltage ===>> 4499.94659342336
GetDeflection H1 ===>> 0
dac uncorrected for HV and deflection 5.88087981911
update mftable H1 Ar40 5.88087981911 message=automated run peakcenter
get initial guess parabolic
get initial guess parabolic
get initial guess parabolic
get initial guess parabolic
get initial guess parabolic
get initial guess parabolic
dump mftable to /Users/jan/PychronDev/setupfiles/spectrometer/mftables/mftable.csv
add to repo msg=modified - automated run peakcenter
sweep finished
locally archiving mftable
setting magnet DAC
current  : 5.895935
requested: 5.880845
Delta Dac: 0.015090
Checking detector protection. dv=0.01509
Checking detector "CDD". Protection Threshold: 0.1 (V)
SetMagnetDAC 5.88084518716 ===>> OK
Magnet settling time: 0.500
setting integration time = 1.048576
SetIntegrationTime 1.048576 ===>> OK
Failed to find a valid peak. No peak greater than 1.0. max = 0.475663046277
flush and close file /Users/jan/PychronDev/data/isotopes/a2/d75bca-c0fc-49b8-b31f-ad0bd0f6577f.h5
finished measure script
executed snippet estimated_duration=226.132928, duration=275.937621117
jan_unknown120_60.py completed successfully
Measurement Finished
09:52:30 -- ******* Measurement Finished *******
Post Measurement Started jan_pump_ms.py
09:52:30 -- ******* Post Measurement Started jan_pump_ms.py *******
testing...
no interpolation path defined
executed snippet estimated_duration=0, duration=2.59876251221e-05
Pumping spectrometer
open () {'name': 'O'}
opening name=O desc=---
checking ownership. requestor=129.138.12.150
check software interlocks O
interlocks []
actuate state mode=None-script, software_lock=False
doing actuation None-script open_channel True
Open O ===>> OK
GetIndicatorState O ===>> OK
change switch state (True, True)
update switch state O True args=() kw={} ncanvase=8
09:52:30 -- OPEN   VALVE-O (Jan Ion Pump)
---------------------------------------- open O () result=[(True, True)], time=0.11 sec
action=open, ok=True, locked=[False]
executed snippet estimated_duration=0, duration=0.360903024673
jan_pump_ms.py completed successfully
setting _ms_pumptime
Post Measurement Finished
09:52:31 -- ******* Post Measurement Finished *******
$$$$$$$$$$$$$$$$$$$$ state at run end measurement
state changed from measurement to success
post measurement save measured=True aborted=False
Set filtering
setting fod for Ar40= {'filter_outliers': True, 'std_devs': 2, 'iterations': 1}
setting fod for H1= {'filter_outliers': True, 'std_devs': 2, 'iterations': 1}
setting fod for PM41= {'filter_outliers': False, 'std_devs': 2, 'iterations': 1}
setting fod for H2= {'filter_outliers': True, 'std_devs': 2, 'iterations': 1}
setting fod for Ar36= {'filter_outliers': True, 'std_devs': 2, 'iterations': 1}
setting fod for CDD= {'filter_outliers': True, 'std_devs': 10, 'iterations': 1}
setting fod for Ar37= {'filter_outliers': True, 'std_devs': 2, 'iterations': 1}
setting fod for L2= {'filter_outliers': True, 'std_devs': 2, 'iterations': 1}
setting fod for Ar38= {'filter_outliers': True, 'std_devs': 2, 'iterations': 1}
setting fod for L1= {'filter_outliers': True, 'std_devs': 2, 'iterations': 1}
setting fod for Ar39= {'filter_outliers': True, 'std_devs': 2, 'iterations': 1}
setting fod for AX= {'filter_outliers': True, 'std_devs': 2, 'iterations': 1}
persistence save...
persistence save - db
post measurement save
9421627120 connecting to database sqlite:////Users/jan/PychronDev/.appdata/local_lab.db
connected to db sqlite:////Users/jan/PychronDev/.appdata/local_lab.db
create new session 9421627120
close session 9421627120
No database instance. Not saving post measurement to isotopedb database
$$$$$$$$$$$$$$$ auto_save_detector_ic=False
massspec enabled True
create new session 6484677072
MassSpec Database Version: 16.0
close session 6484677072
saving post measurement to secondary database
saving to massspec database 129.138.12.160/massspecdata
setting labnumber to 65475
setting aliquot to 6
setting step to 
setting uuid to a2d75bca-c0fc-49b8-b31f-ad0bd0f6577f
setting irradpos to 65475
setting extract_device to Fusions CO2
setting tray to 
setting position to 96
setting power_requested to 5.0
setting extract_value to 5.0
setting duration to 30.0
setting duration_at_request to 30.0
setting first_stage_delay to 30.0
setting cleanup to 30.0
setting comment to P:7
setting irradiation to NM-288
setting level to P
setting irradiation_level to P
setting sample to Goat Mtn
setting material to Sanidine
setting project to IR989
setting mass_spectrometer to Jan
no attribute chron_dosages
no attribute production_ratios
no attribute interference_corrections
no attribute production_name
no attribute j
Reference Isotope=Ar40
Reference Detector=H1
%%%%%%%%%%%%%%%%%%%% Comment: P:7 %%%%%%%%%%%%%%%%%%%
adding isotope PM41 H2
add baseline dbdet= PM41. original det= H2
get baseline data PM41 H2
Get data baseline <pychron.processing.isotope.Baseline object at 0x240ea88d0> len t=60
baseline PM41. v=-0.197018864026, e=0.00640745629671
get signal data PM41 H2
Get data signal PM41 0.14+/-0.10 len t=120
adding isotope Ar40 H1
add baseline dbdet= Ar40. original det= H1
get baseline data Ar40 H1
Get data baseline <pychron.processing.isotope.Baseline object at 0x240ea8ad0> len t=60
baseline Ar40. v=-0.001610004777, e=0.00532315652734
get signal data Ar40 H1
Get data signal Ar40 1685.08+/-0.07 len t=120
adding isotope Ar39 AX
add baseline dbdet= Ar39. original det= AX
get baseline data Ar39 AX
Get data baseline <pychron.processing.isotope.Baseline object at 0x240ea8c90> len t=60
baseline Ar39. v=-0.0930798408072, e=0.00688051337229
get signal data Ar39 AX
Get data signal Ar39 146.863+/-0.025 len t=120
adding isotope Ar38 L1
add baseline dbdet= Ar38. original det= L1
get baseline data Ar38 L1
Get data baseline <pychron.processing.isotope.Baseline object at 0x240ea8e50> len t=60
baseline Ar38. v=-0.0240086735421, e=0.00298743879986
get signal data Ar38 L1
Get data signal Ar38 2.032+/-0.006 len t=120
adding isotope Ar37 L2
add baseline dbdet= Ar37. original det= L2
get baseline data Ar37 L2
Get data baseline <pychron.processing.isotope.Baseline object at 0x240eb8050> len t=60
baseline Ar37. v=-0.00728167999049, e=0.00618859385662
get signal data Ar37 L2
Get data signal Ar37 0.520+/-0.011 len t=120
adding isotope Ar36 CDD
add baseline dbdet= Ar36. original det= CDD
get baseline data Ar36 CDD
Get data baseline <pychron.processing.isotope.Baseline object at 0x240eb8210> len t=60
baseline Ar36. v=0.000337428273814, e=3.39145587311e-05
get signal data Ar36 CDD
Get data signal Ar36 0.5156+/-0.0018 len t=120
65475-06 added analysis time 0.570478916168s
analysis added to mass spec database
mass spec save time= 0.580
persistence save - dvc
================= post measurement started
create new session 4992585168
close session 4992585168
---------------- Experiment Queue saving disabled
DVC saving peakcenter
Failed to find a valid peak. No peak greater than 1.0. max = 0.475663046277
Smart pull ahead: 0 behind: 0
Up-to-date with origin
add to repo msg=modified - ad8224ebc6dbfeb9f5997218dfa5fe690569839d.json
add to repo msg=modified - 75-06.json
add to repo msg=modified - 75-06.dat.json
add to repo msg=modified - 75-06.blan.json
add to repo msg=modified - 75-06.inte.json
add to repo msg=modified - 75-06.icfa.json
add to repo msg=modified - 75-06.base.json
not at valid file /Users/jan/PychronDev/data/.dvc/repositories/Load1795/654/tags/75-06.tags.json
add to repo msg=modified - 75-06.peak.json
add to repo msg=modified - 75-06.extr.json
not at valid file /Users/jan/PychronDev/data/.dvc/repositories/Load1795/654/monitor/75-06.moni.json
commit message=<COLLECTION>
add to repo msg=modified - 75-06.inte.json
add to repo msg=modified - 75-06.base.json
commit message=<ISOEVO> default collection fits
add to repo msg=modified - 75-06.blan.json
commit message=<BLANKS> preceding bu-FC-J-7822
add to repo msg=modified - 75-06.icfa.json
commit message=<ICFactor> default
push repository <pychron.git_archive.repo_manager.GitRepoManager object at 0x1ab8ae830>
pushing to remote=origin, url=https://github.com
no changes to meta repo
create new session 4992585168
add association Load1795
get identifier "65475"
setting analysis irradiation position=<pychron.dvc.dvc_orm.IrradiationPositionTbl object at 0x2400a21d0>
close session 4992585168
================= post measurement finished
09:52:45 -- ******* Post Run Check *******
loading queue conditionals post_run_actions
loading system conditionals post_run_actions
loading conditionals from /Users/jan/PychronDev/setupfiles/spectrometer/default_conditionals.yaml
loading queue conditionals post_run_terminations
loading system conditionals post_run_terminations
loading conditionals from /Users/jan/PychronDev/setupfiles/spectrometer/default_conditionals.yaml
Checking default post run terminations n=1
GetDeflection CDD ===>> 50
testing CDD==2000
evaluate ot="CDD.deflection==2000" t="CDD==2000", ctx="{'CDD': 50.0}"
09:52:45 -- ******* Post Run Check Passed *******
09:52:45 -- Automated run 65475-06 success duration: 367.831 s
----------------- finish -----------------
----------------- stop -----------------
retroactive repository identifiers disabled
finish run. runs completed=168
update duration runid=65475-06, duration=367.830635071, md5=301e91d8
loading script "jan_unknown120_60.py"
loading script "jan_pump_ms.py"
loading script "jan_co2.py"
loading script "jan_pump_extraction_line.py"
testing...
no interpolation path defined
executed snippet estimated_duration=213.652928, duration=0.00019907951355
script duration name:unknown120_60 seconds:214.0
loading script "jan_unknown120_60.py"
loading script "jan_pump_ms.py"
loading script "jan_co2.py"
loading script "jan_pump_extraction_line.py"
testing...
no interpolation path defined
executed snippet estimated_duration=0, duration=2.78949737549e-05
loading script "jan_unknown120_60.py"
loading script "jan_pump_ms.py"
loading script "jan_co2.py"
loading script "jan_pump_extraction_line.py"
testing...
no interpolation path defined
calculate duration
testing...
no interpolation path defined
executed snippet estimated_duration=0, duration=5.10215759277e-05
calculate duration
testing...
no interpolation path defined
executed snippet estimated_duration=0, duration=9.60826873779e-05
executed snippet estimated_duration=0.0, duration=0.00252795219421
script duration name:co2 seconds:0.0
loading script "jan_unknown120_60.py"
loading script "jan_pump_ms.py"
loading script "jan_co2.py"
loading script "jan_pump_extraction_line.py"
testing...
no interpolation path defined
calculate duration
testing...
no interpolation path defined
executed snippet estimated_duration=4.0, duration=0.000149965286255
executed snippet estimated_duration=4.0, duration=0.00164198875427
Script duration 214.0
Run total estimated duration= 215.000
unknown120_60 in script context. using previous estimated duration
script duration name:unknown120_60 seconds:214.0
pump_ms in script context. using previous estimated duration
co2 in script context. using previous estimated duration
script duration name:co2 seconds:0.0
pump_extraction_line in script context. using previous estimated duration
Script duration 214.0
Run total estimated duration= 215.000
loading script "jan_unknown400_120.py"
loading script "jan_pump_ms.py"
loading script "jan_sniffair_x2.py"
loading script "jan_pump_extraction_line.py"
testing...
no interpolation path defined
executed snippet estimated_duration=556.052928, duration=0.000416040420532
script duration name:unknown400_120 seconds:556.0
loading script "jan_unknown400_120.py"
loading script "jan_pump_ms.py"
loading script "jan_sniffair_x2.py"
loading script "jan_pump_extraction_line.py"
testing...
no interpolation path defined
calculate duration
testing...
no interpolation path defined
executed snippet estimated_duration=0, duration=5.29289245605e-05
calculate duration
testing...
no interpolation path defined
executed snippet estimated_duration=0, duration=0.000133037567139
calculate duration
testing...
no interpolation path defined
executed snippet estimated_duration=32.0, duration=0.000103950500488
calculate duration
testing...
no interpolation path defined
executed snippet estimated_duration=34.0, duration=0.000111103057861
calculate duration
testing...
no interpolation path defined
executed snippet estimated_duration=4.0, duration=7.20024108887e-05
calculate duration
testing...
no interpolation path defined
executed snippet estimated_duration=36.0, duration=8.60691070557e-05
calculate duration
testing...
no interpolation path defined
executed snippet estimated_duration=34.0, duration=0.000162839889526
calculate duration
testing...
no interpolation path defined
executed snippet estimated_duration=4.0, duration=7.20024108887e-05
calculate duration
testing...
no interpolation path defined
executed snippet estimated_duration=36.0, duration=0.000102996826172
calculate duration
testing...
no interpolation path defined
executed snippet estimated_duration=70.0, duration=0.000142812728882
executed snippet estimated_duration=250.0, duration=0.0186159610748
script duration name:sniffair_x2 seconds:250.0
Script duration 806.0
Run total estimated duration= 807.000
unknown400_120 in script context. using previous estimated duration
script duration name:unknown400_120 seconds:556.0
sniffair_x2 in script context. using previous estimated duration
script duration name:sniffair_x2 seconds:250.0
Script duration 806.0
Run total estimated duration= 807.000
script duration name:unknown400_120 seconds:556.0
loading script "jan_unknown400_120.py"
loading script "jan_pump_ms.py"
loading script "jan_cocktail_x1.py"
loading script "jan_pump_extraction_line.py"
testing...
no interpolation path defined
calculate duration
testing...
no interpolation path defined
executed snippet estimated_duration=0, duration=4.79221343994e-05
calculate duration
testing...
no interpolation path defined
executed snippet estimated_duration=0, duration=0.000128030776978
calculate duration
testing...
no interpolation path defined
executed snippet estimated_duration=32.0, duration=0.000109910964966
calculate duration
testing...
no interpolation path defined
executed snippet estimated_duration=34.0, duration=0.000108957290649
calculate duration
testing...
no interpolation path defined
executed snippet estimated_duration=4.0, duration=0.000104188919067
calculate duration
testing...
no interpolation path defined
executed snippet estimated_duration=38.0, duration=0.000180006027222
executed snippet estimated_duration=108.0, duration=0.0113961696625
script duration name:cocktail_x1 seconds:108.0
Script duration 664.0
Run total estimated duration= 665.000
script duration name:unknown120_60 seconds:214.0
script duration name:co2 seconds:0.0
Script duration 214.0
Run total estimated duration= 215.000
script duration name:unknown120_60 seconds:214.0
script duration name:co2 seconds:0.0
Script duration 214.0
Run total estimated duration= 215.000
script duration name:unknown120_60 seconds:214.0
script duration name:co2 seconds:0.0
Script duration 214.0
Run total estimated duration= 215.000
script duration name:unknown120_60 seconds:214.0
script duration name:co2 seconds:0.0
Script duration 214.0
Run total estimated duration= 215.000
script duration name:unknown120_60 seconds:214.0
script duration name:co2 seconds:0.0
Script duration 214.0
Run total estimated duration= 215.000
script duration name:unknown120_60 seconds:214.0
script duration name:co2 seconds:0.0
Script duration 214.0
Run total estimated duration= 215.000
script duration name:unknown120_60 seconds:214.0
script duration name:co2 seconds:0.0
Script duration 214.0
Run total estimated duration= 215.000
script duration name:unknown120_60 seconds:214.0
script duration name:co2 seconds:0.0
Script duration 214.0
Run total estimated duration= 215.000
script duration name:unknown400_120 seconds:556.0
cocktail_x1 in script context. using previous estimated duration
script duration name:cocktail_x1 seconds:108.0
Script duration 664.0
Run total estimated duration= 665.000
loading script "jan_ic_peak_hop3.py"
loading script "jan_pump_ms.py"
loading script "jan_air_x1.py"
loading script "jan_pump_extraction_line.py"
testing...
no interpolation path defined
executed snippet estimated_duration=133.8, duration=0.00687694549561
script duration name:ic_peak_hop3 seconds:134.0
loading script "jan_ic_peak_hop3.py"
loading script "jan_pump_ms.py"
loading script "jan_air_x1.py"
loading script "jan_pump_extraction_line.py"
testing...
no interpolation path defined
calculate duration
testing...
no interpolation path defined
executed snippet estimated_duration=0, duration=4.81605529785e-05
calculate duration
testing...
no interpolation path defined
executed snippet estimated_duration=0, duration=9.89437103271e-05
calculate duration
testing...
no interpolation path defined
executed snippet estimated_duration=32.0, duration=9.29832458496e-05
calculate duration
testing...
no interpolation path defined
executed snippet estimated_duration=34.0, duration=0.000159025192261
calculate duration
testing...
no interpolation path defined
executed snippet estimated_duration=4.0, duration=8.89301300049e-05
calculate duration
testing...
no interpolation path defined
executed snippet estimated_duration=36.0, duration=0.000108003616333
executed snippet estimated_duration=106.0, duration=0.0110549926758
script duration name:air_x1 seconds:106.0
Script duration 240.0
Run total estimated duration= 241.000
script duration name:unknown120_60 seconds:214.0
script duration name:co2 seconds:0.0
Script duration 214.0
Run total estimated duration= 215.000
script duration name:unknown120_60 seconds:214.0
script duration name:co2 seconds:0.0
Script duration 214.0
Run total estimated duration= 215.000
script duration name:unknown120_60 seconds:214.0
script duration name:co2 seconds:0.0
Script duration 214.0
Run total estimated duration= 215.000
script duration name:unknown120_60 seconds:214.0
script duration name:co2 seconds:0.0
Script duration 214.0
Run total estimated duration= 215.000
script duration name:unknown120_60 seconds:214.0
script duration name:co2 seconds:0.0
Script duration 214.0
Run total estimated duration= 215.000
script duration name:unknown120_60 seconds:214.0
script duration name:co2 seconds:0.0
Script duration 214.0
Run total estimated duration= 215.000
script duration name:unknown120_60 seconds:214.0
script duration name:co2 seconds:0.0
Script duration 214.0
Run total estimated duration= 215.000
script duration name:unknown120_60 seconds:214.0
script duration name:co2 seconds:0.0
Script duration 214.0
Run total estimated duration= 215.000
script duration name:unknown120_60 seconds:214.0
script duration name:co2 seconds:0.0
Script duration 214.0
Run total estimated duration= 215.000
script duration name:unknown120_60 seconds:214.0
script duration name:co2 seconds:0.0
Script duration 214.0
Run total estimated duration= 215.000
script duration name:unknown120_60 seconds:214.0
script duration name:co2 seconds:0.0
Script duration 214.0
Run total estimated duration= 215.000
nruns=26 before=0.0, run_dur=7700.0, btw=1125.0
write rem/ex queues
/Users/jan/PychronDev/experiments/rem/CurrentExperiment.rem.txt
/Users/jan/PychronDev/experiments/rem/CurrentExperiment.ex.txt
doing event level: 3
