do run
loading script "jan_unknown120_60.py"
loading script "jan_pump_ms.py"
loading script "jan_co2.py"
loading script "jan_pump_extraction_line.py"
testing...
no interpolation path defined
executed snippet estimated_duration=213.652928, duration=0.000469207763672
script duration name:unknown120_60 seconds:214.0
loading script "jan_unknown120_60.py"
loading script "jan_pump_ms.py"
loading script "jan_co2.py"
loading script "jan_pump_extraction_line.py"
testing...
no interpolation path defined
executed snippet estimated_duration=0, duration=2.59876251221e-05
loading script "jan_unknown120_60.py"
loading script "jan_pump_ms.py"
loading script "jan_co2.py"
loading script "jan_pump_extraction_line.py"
testing...
no interpolation path defined
calculate duration
testing...
no interpolation path defined
executed snippet estimated_duration=0, duration=7.10487365723e-05
calculate duration
testing...
no interpolation path defined
executed snippet estimated_duration=0, duration=0.000102043151855
executed snippet estimated_duration=0.0, duration=0.00452399253845
script duration name:co2 seconds:0.0
loading script "jan_unknown120_60.py"
loading script "jan_pump_ms.py"
loading script "jan_co2.py"
loading script "jan_pump_extraction_line.py"
testing...
no interpolation path defined
calculate duration
testing...
no interpolation path defined
executed snippet estimated_duration=4.0, duration=0.000241994857788
executed snippet estimated_duration=4.0, duration=0.0021059513092
Script duration 214.0
Run total estimated duration= 215.000
run duration: 0:03:35
doing event level: 2
09:53:37 -- Setting default integration. t=1.048576
setting integration time = 1.048576
SetIntegrationTime 1.048576 ===>> OK
----------------- start -----------------
**************** Experiment Type: Ar/Ar, Ar/Ar
create new session 4419438256
close session 4419438256
$$$$$ Clearing conditionals
adding conditionals 
Add queue conditionals
add default conditionals
adding default conditionals from /Users/jan/PychronDev/setupfiles/spectrometer/default_conditionals.yaml
Start automated run 65475-07
loading script "jan_unknown120_60.py"
loading script "jan_pump_ms.py"
loading script "jan_co2.py"
loading script "jan_pump_extraction_line.py"
%%%%%%%%%%%%%%%%%% setting automated run 65475-07
No value "sensitivity_multiplier" in metadata
$$$$$$$$$$$$$$$ auto_save_detector_ic=False
============================= Pre Extraction Check =============================
loading queue conditionals pre_run_terminations
loading system conditionals pre_run_terminations
loading conditionals from /Users/jan/PychronDev/setupfiles/spectrometer/default_conditionals.yaml
09:53:37 -- ******* Pre Extraction Check *******
Get a measurement from the spectrometer
GetData ===>> H2,-0.0334902727270593,H1,0.107143178333336,AX,-0.0465887780702417,L1,-0.0315713733729714,L2,-0.0...
Pre Extraction Termination data. keys=H2,H1,AX,L1,L2,CDD, signals=-0.03349,0.10714,-0.04659,-0.03157,-0.02697,0.00387
09:53:37 -- testing system defined conditionals
Checking default pre extraction terminations n=2
testing CDD
evaluate ot="CDD.inactive" t="CDD", ctx="{'CDD': False}"
GetDeflection CDD ===>> 50
testing CDD==2000
evaluate ot="CDD.deflection==2000" t="CDD==2000", ctx="{'CDD': 50.0}"
09:53:37 -- ******* Pre Extraction Check Passed *******
=================================================================================
09:53:37 -- stopping status monitor
stop 6901184944
Alive clients [5025639504, 5288834736, 4992986192]
09:53:37 -- starting status monitor
start 6901184944
Monitor already running
start extraction
do extraction
Analysis started at 09:53:37.194555
Extraction Started jan_co2.py
09:53:37 -- ******* Extraction Started jan_co2.py *******
state changed from not run to extraction
DO EXTRACTION <pychron.extraction_line.pyscript_runner.RemotePyScriptRunner object at 0x12bfe48f0>
testing...
no interpolation path defined
calculate duration
testing...
no interpolation path defined
executed snippet estimated_duration=0, duration=5.19752502441e-05
calculate duration
testing...
no interpolation path defined
executed snippet estimated_duration=0, duration=0.000102043151855
executed snippet estimated_duration=100.0, duration=0.00425004959106
Jan CO2 laser analysis
doing GOSUB
testing...
no interpolation path defined
executed snippet estimated_duration=0, duration=5.10215759277e-05
Waiting for CO2 access
wait ('FelixCO2Flag', 0) {}
waiting for FelixCO2Flag = 0
Read FelixCO2Flag ===>> 0
finished waiting
CO2 free
wait ('CO2PumpTimeFlag', 0) {}
waiting for CO2PumpTimeFlag = 0
Read CO2PumpTimeFlag ===>> 0
finished waiting
acquire ('JanCO2Flag',) {'clear': True}
acquire JanCO2Flag
Set JanCO2Flag 1 ===>> OK
JanCO2Flag acquired
set extraction state False (0.75, 'red', 1.5)
CO2 acquired
executed snippet estimated_duration=0, duration=0.0202789306641
WaitForCO2Access.py completed successfully
gosub finished
doing GOSUB
testing...
no interpolation path defined
executed snippet estimated_duration=0, duration=9.70363616943e-05
Prepare for CO2 analysis
close () {'description': 'Jan Inlet'}
closing name=--- desc=Jan Inlet
checking ownership. requestor=129.138.12.150
check software interlocks R
interlocks []
actuate state mode=None-script, software_lock=False
doing actuation None-script close_channel False
Close R ===>> OK
GetIndicatorState R ===>> False
change switch state (True, True)
update switch state R False args=() kw={} ncanvase=8
09:53:37 -- CLOSE  VALVE-R (Jan Inlet)
---------------------------------------- close None (Jan Inlet) result=[(True, True)]
action=close, ok=True, locked=[False]
open () {'description': 'Jan Ion Pump'}
opening name=--- desc=Jan Ion Pump
checking ownership. requestor=129.138.12.150
check software interlocks O
interlocks []
actuate state mode=None-script, software_lock=False
doing actuation None-script open_channel False
Open O ===>> OK
GetIndicatorState O ===>> OK
change switch state (True, True)
update switch state O True args=() kw={} ncanvase=8
09:53:38 -- OPEN   VALVE-O (Jan Ion Pump)
---------------------------------------- open None (Jan Ion Pump) result=[(True, True)], time=0.10 sec
action=open, ok=True, locked=[False]
close () {'description': 'Microbone to Minibone'}
closing name=--- desc=Microbone to Minibone
checking ownership. requestor=129.138.12.150
check software interlocks L
interlocks []
actuate state mode=None-script, software_lock=False
doing actuation None-script close_channel False
Close L ===>> OK
GetIndicatorState L ===>> False
change switch state (True, True)
update switch state L False args=() kw={} ncanvase=8
09:53:38 -- CLOSE  VALVE-L (Microbone to Minibone)
---------------------------------------- close None (Microbone to Minibone) result=[(True, True)]
action=close, ok=True, locked=[False]
open () {'description': 'Microbone to Turbo'}
opening name=--- desc=Microbone to Turbo
checking ownership. requestor=129.138.12.150
check software interlocks U
interlocks []
actuate state mode=None-script, software_lock=False
doing actuation None-script open_channel False
Open U ===>> OK
GetIndicatorState U ===>> OK
change switch state (True, True)
update switch state U True args=() kw={} ncanvase=8
09:53:39 -- OPEN   VALVE-U (Microbone to Turbo)
---------------------------------------- open None (Microbone to Turbo) result=[(True, True)], time=0.15 sec
action=open, ok=True, locked=[False]
open () {'description': 'Microbone to Inlet Pipette'}
opening name=--- desc=Microbone to Inlet Pipette
checking ownership. requestor=129.138.12.150
check software interlocks S
interlocks []
actuate state mode=None-script, software_lock=False
doing actuation None-script open_channel False
Open S ===>> OK
GetIndicatorState S ===>> OK
change switch state (True, True)
update switch state S True args=() kw={} ncanvase=8
09:53:39 -- OPEN   VALVE-S (Microbone to Inlet Pipette)
---------------------------------------- open None (Microbone to Inlet Pipette) result=[(True, True)], time=0.45 sec
action=open, ok=True, locked=[False]
open () {'description': 'Microbone to Getter D-50'}
opening name=--- desc=Microbone to Getter D-50
checking ownership. requestor=129.138.12.150
check software interlocks K
interlocks []
actuate state mode=None-script, software_lock=False
doing actuation None-script open_channel False
Open K ===>> OK
GetIndicatorState K ===>> OK
change switch state (True, True)
update switch state K True args=() kw={} ncanvase=8
09:53:40 -- OPEN   VALVE-K (Microbone to Getter D-50)
---------------------------------------- open None (Microbone to Getter D-50) result=[(True, True)], time=0.45 sec
action=open, ok=True, locked=[False]
open () {'description': 'Microbone to Getter NP-10'}
opening name=--- desc=Microbone to Getter NP-10
checking ownership. requestor=129.138.12.150
check software interlocks M
interlocks []
actuate state mode=None-script, software_lock=False
doing actuation None-script open_channel False
Open M ===>> OK
GetIndicatorState M ===>> OK
change switch state (True, True)
update switch state M True args=() kw={} ncanvase=8
09:53:41 -- OPEN   VALVE-M (Microbone to Getter NP-10)
---------------------------------------- open None (Microbone to Getter NP-10) result=[(True, True)], time=0.16 sec
action=open, ok=True, locked=[False]
close () {'description': 'CO2 Laser to Felix'}
closing name=--- desc=CO2 Laser to Felix
checking ownership. requestor=129.138.12.150
check software interlocks F
interlocks []
actuate state mode=None-script, software_lock=True
VALVE-F(CO2 Laser to Felix) software locked
change switch state (True, False)
---------------------------------------- close None (CO2 Laser to Felix) result=[(True, False)]
action=close, ok=True, locked=[True]
open () {'description': 'CO2 Laser to Jan'}
opening name=--- desc=CO2 Laser to Jan
checking ownership. requestor=129.138.12.150
check software interlocks A
interlocks []
actuate state mode=None-script, software_lock=False
doing actuation None-script open_channel False
Open A ===>> OK
GetIndicatorState A ===>> OK
change switch state (True, True)
update switch state A True args=() kw={} ncanvase=8
09:53:41 -- OPEN   VALVE-A (CO2 Laser to Jan)
---------------------------------------- open None (CO2 Laser to Jan) result=[(True, True)], time=0.16 sec
action=open, ok=True, locked=[False]
open () {'description': 'Microbone to CO2 Laser'}
opening name=--- desc=Microbone to CO2 Laser
checking ownership. requestor=129.138.12.150
check software interlocks T
interlocks []
actuate state mode=None-script, software_lock=False
doing actuation None-script open_channel False
Open T ===>> OK
GetIndicatorState T ===>> OK
change switch state (True, True)
update switch state T True args=() kw={} ncanvase=8
09:53:42 -- OPEN   VALVE-T (Microbone to CO2 Laser)
---------------------------------------- open None (Microbone to CO2 Laser) result=[(True, True)], time=0.44 sec
action=open, ok=True, locked=[False]
executed snippet estimated_duration=0, duration=5.18527698517
PrepareForCO2Analysis.py completed successfully
gosub finished
set_motor ('beam', '1.25') {}
setting motor "beam" to 1.25
set motor beam to 1.25
SetMotor beam,1.25 ===>> OK
GetMotorMoving beam ===>> False
GetMotorMoving beam ===>> False
Block completed
move_to_position ('97',) {'autocenter': True}
FusionsCO2 move to position 97
sending GoToHole 97,True
GoToHole 97,True ===>> OK
GetDriveMoving ===>> OK
GetDriveMoving ===>> OK
GetDriveMoving ===>> OK
GetDriveMoving ===>> OK
GetDriveMoving ===>> OK
GetDriveMoving ===>> OK
GetDriveMoving ===>> False
GetDriveMoving ===>> OK
GetDriveMoving ===>> OK
GetDriveMoving ===>> OK
GetDriveMoving ===>> OK
GetDriveMoving ===>> False
Block completed
GetAutoCorrecting ===>> False
GetAutoCorrecting ===>> False
Block completed
update position
GetPosition ===>> 5.98170,1.99390,1.00000
got position (5.9817, 1.9939, 1.0)
move to position succeeded
sleep (5,) {}
SLEEP 5.0
block started
WaitControl setup for 5.0  
Join finished
block finished. duration 5.01928305626
close () {'description': 'Microbone to Turbo'}
closing name=--- desc=Microbone to Turbo
checking ownership. requestor=129.138.12.150
check software interlocks U
interlocks []
actuate state mode=None-script, software_lock=False
doing actuation None-script close_channel True
Close U ===>> OK
GetIndicatorState U ===>> False
change switch state (True, True)
update switch state U False args=() kw={} ncanvase=8
09:53:53 -- CLOSE  VALVE-U (Microbone to Turbo)
---------------------------------------- close None (Microbone to Turbo) result=[(True, True)]
action=close, ok=True, locked=[False]
enable laser
enable () {}
set extraction state FusionsCO2 Enabled (False, 'red', 1.5)
enabling laser
Enable ===>> OK
begin interval
BEGIN INTERVAL Interval 1 waiting for 30.0
block started
WaitControl setup for 30.0  
set extract to 5.0
extract (5.0,) {}
GetPosition ===>> 5.98170,1.99390,1.00000
set extraction state FusionsCO2 ON! 5.0(watts) (0.75, 'red', 1.5)
extract sample to 5.0 (watts)
set laser output
SetLaserOutput 5.0,watts ===>> OK
executing pattern triangle.lp
execute_pattern ('triangle.lp',) {}
executing pattern triangle.lp
IsPatterning ===>> OK
IsPatterning ===>> OK
IsPatterning ===>> OK
IsPatterning ===>> OK
IsPatterning ===>> OK
IsPatterning ===>> OK
IsPatterning ===>> OK
IsPatterning ===>> OK
IsPatterning ===>> OK
IsPatterning ===>> OK
IsPatterning ===>> OK
IsPatterning ===>> OK
IsPatterning ===>> OK
IsPatterning ===>> OK
IsPatterning ===>> OK
IsPatterning ===>> OK
IsPatterning ===>> OK
IsPatterning ===>> OK
IsPatterning ===>> OK
IsPatterning ===>> OK
IsPatterning ===>> OK
IsPatterning ===>> OK
IsPatterning ===>> OK
IsPatterning ===>> OK
IsPatterning ===>> OK
IsPatterning ===>> OK
IsPatterning ===>> False
IsPatterning ===>> False
Block completed
COMPLETE INTERVAL waiting for Interval 1 to complete
Join finished
block finished. duration 30.2340860367
Interval 1 finished
end_extract () {}
ending extraction. set laser power to 0
set laser power 0
SetLaserPower 0 ===>> OK
disable () {}
%%%%%%%%%%%%%%%%%%%%%%%%%%%%%%%%%%% disable
set extraction state False (0.75, 'red', 1.5)
disabling laser
Disable ===>> OK
sleep (30.0,) {}
SLEEP 30.0
block started
WaitControl setup for 30.0  
Join finished
block finished. duration 30.3140048981
executed snippet estimated_duration=166.5, duration=77.8394291401
jan_co2.py completed successfully
GetAchievedOutput ===>> No Response
Requested Output= 0.000
Achieved Output=  0.000
GetResponseBlob ===>> No Response
GetOutputBlob ===>> No Response
persistence save...
persistence save - db
AutomatedRunPersister post_extraction_save deprecated
persistence save - dvc
no extraction position for 97
create new session 4992585168
close session 4992585168
Extraction Finished
09:54:55 -- ******* Extraction Finished *******
no overlap. not waiting for min ms pumptime
09:54:55 -- Sending spectrometer configuration
======== Sending configuration ========
SetDeflection CDD,50.0 ===>> OK
SetDeflection H2,0.0 ===>> OK
SetDeflection H1,0.0 ===>> OK
SetDeflection L2,825.0 ===>> OK
SetDeflection L1,400.0 ===>> OK
SetDeflection AX,190.0 ===>> OK
SetZFocus 74.64 ===>> OK
SetZSymmetry -50.72 ===>> OK
SetExtractionLens 26.13 ===>> OK
SetIonRepeller -3.81 ===>> OK
SetElectronEnergy 75.08 ===>> OK
SetYSymmetry -2.81 ===>> OK
SetIonCounterVoltage 1590.0 ===>> OK
send trap current 200.0
GetParameter Trap Current Readback ===>> 198.147042666178
SetParameter Trap Current Set,200.0 ===>> OK
updating mftable name mftable
Using mftable located at /Users/jan/PychronDev/setupfiles/spectrometer/mftables/mftable.csv
============ MFtable ===========
Isotope  H2     H1     AX     L1     L2     CDD    
Ar40     5.8270 5.8809 5.9942 6.1669 6.2327 6.3951
Ar39     5.7262 5.7732 5.8866 6.0530 6.1178 6.2816
Ar36     5.4037 5.4422 5.5499 5.7118 5.7728 5.9327
================================
get initial guess parabolic
get initial guess parabolic
get initial guess parabolic
get initial guess parabolic
get initial guess parabolic
get initial guess parabolic
======== Configuration Finished ========
GetYSymmetry ===>> -2.81
GetZSymmetry ===>> -50.72
GetParameter Trap Current Readback ===>> 197.923274125618
GetHighVoltage ===>> 4499.94659342336
start measurement
do measurement
L#=65475 analysis type=unknown
Measurement Started jan_unknown120_60.py
09:54:55 -- ******* Measurement Started jan_unknown120_60.py *******
state changed from extraction to measurement
setting spec, defl, and gains
GetExtractionLens ===>> 26.13
GetYSymmetry ===>> -2.81
GetZSymmetry ===>> -50.72
GetZFocus ===>> 74.64
GetDeflection H2 ===>> 0
GetDeflection H1 ===>> 0
GetDeflection AX ===>> 190
GetDeflection L1 ===>> 400
GetDeflection L2 ===>> 825
GetDeflection CDD ===>> 50
GetGain H2 ===>> 0.0113
GetGain H1 ===>> 0.1
GetGain AX ===>> 0.097049
GetGain L1 ===>> 0.010355
GetGain L2 ===>> 0.095649
GetGain CDD ===>> 0
pre measurement save
New frame /Users/jan/PychronDev/data/isotopes/d9/003848-195c-41ef-b943-feebe95a88c6.h5
flush and close file /Users/jan/PychronDev/data/isotopes/d9/003848-195c-41ef-b943-feebe95a88c6.h5
testing...
no interpolation path defined
executed snippet estimated_duration=226.132928, duration=0.000148057937622
unknown measurement script
activate_detectors ('H2', 'H1', 'AX', 'L1', 'L2', 'CDD') {}
activate detectors
*************** Set Analysis View Ar/Ar
create graphs
clearing graphs
clear isotope group
setting isotope det=H2, iso=PM41
setting isotope det=H1, iso=Ar40
setting isotope det=AX, iso=Ar39
setting isotope det=L1, iso=Ar38
setting isotope det=L2, iso=Ar37
setting isotope det=CDD, iso=Ar36
setting previous blanks
 - setting Ar40 blank 0.555+/-0.011
 - setting Ar36 blank 0.00699+/-0.00024
 - setting Ar37 blank 0.072+/-0.011
 - setting Ar38 blank 0.008+/-0.005
 - setting PM41 blank 0.12+/-0.08
 - setting Ar39 blank 0.050+/-0.013
load analysis view
position_magnet ('Ar40',) {'detector': 'H1'}
detector Detector(H1)
POSITION Ar40 H1
setting detector H2 to PM41 (40.9624)
setting detector H1 to Ar40 (39.9624)
setting detector AX to Ar39 (38.9624)
setting detector L1 to Ar38 (37.9624)
setting detector L2 to Ar37 (36.9624)
setting detector CDD to Ar36 (35.9624)
Mapping mass to dac mass func: "parabolic"
H1 map mass coeffs = [-0.00063987  0.15840543  0.57248999]
H1 map mass to dac 39.9624 >> 5.88088
GetDeflection H1 ===>> 0
GetHighVoltage ===>> 4499.94659342336
positioning Ar40 (5.88084536805) on H1
setting magnet DAC
current  : 5.880845
requested: 5.880845
Delta Dac: 0.000000
Checking detector protection. dv=0.00000
Checking detector "CDD". Protection Threshold: 0.1 (V)
SetMagnetDAC 5.88084536805 ===>> OK
Magnet settling time: 0.500
equilibrate () {'delay': 3, 'inlet': 'R', 'outlet': 'O', 'eqtime': 12.0}
Equilibration Started
09:54:57 -- ******* Equilibration Started *******
checking ownership. requestor=129.138.12.150
check software interlocks O
interlocks []
actuate state mode=None-script, software_lock=False
doing actuation None-script close_channel True
Close O ===>> OK
set states for children of O. state=False
handle state [('O', False)]
update switch state O False args=() kw={'refresh': False} ncanvase=8
GetIndicatorState O ===>> False
change switch state (True, True)
update switch state O False args=() kw={} ncanvase=8
refresh_canvas_needed fired
09:54:57 -- CLOSE  VALVE-O (Jan Ion Pump)
waiting 3s before opening inlet value ('R',)
update labels <pychron.experiment.plot_panel.PlotPanel object at 0x22defd8f0>
update labels "<pychron.graph.stacked_regression_graph.StackedRegressionGraph object at 0x203148530>"
setting label 0 H2 PM41
setting label 1 H1 Ar40
setting label 2 AX Ar39
setting label 3 L1 Ar38
setting label 4 L2 Ar37
setting label 5 CDD Ar36
update labels "<pychron.graph.stacked_graph.StackedGraph object at 0x22f0debf0>"
setting label 0 H2 PM41
setting label 1 H1 Ar40
setting label 2 AX Ar39
setting label 3 L1 Ar38
setting label 4 L2 Ar37
setting label 5 CDD Ar36
checking ownership. requestor=129.138.12.150
check software interlocks R
interlocks []
actuate state mode=None-script, software_lock=False
doing actuation None-script open_channel True
Open R ===>> OK
GetIndicatorState R ===>> OK
change switch state (True, True)
update switch state R True args=() kw={} ncanvase=8
09:55:00 -- OPEN   VALVE-R (Jan Inlet)
set_time_zero () {}
equilibrating for 12.0sec
sniff (12.0,) {}
py_sniff
build tables- sniff [Detector(H2), Detector(H1), Detector(AX), Detector(L1), Detector(L2), Detector(CDD)]
add group /sniff/PM41 (Group) '' table H2
add group /sniff/Ar40 (Group) '' table H1
add group /sniff/Ar39 (Group) '' table AX
add group /sniff/Ar38 (Group) '' table L1
add group /sniff/Ar37 (Group) '' table L2
add group /sniff/Ar36 (Group) '' table CDD
flush and close file /Users/jan/PychronDev/data/isotopes/d9/003848-195c-41ef-b943-feebe95a88c6.h5
measuring sniff. ncounts=12.0
"sniff" increment series count="1" fit count="0" regressing="False"
starting measurement
check iteration duration=4.38690185547e-05
GetData ===>> H2,0.131552848327677,H1,6.50719807403812,AX,0.533559023499896,L1,-0.0230326360862014,L2,0.2150303...
check iteration duration=4.31537628174e-05
GetData ===>> H2,1.29410070132514,H1,50.0627502754076,AX,1.56405925307168,L1,0.251480571918614,L2,0.31107989356...
check iteration duration=2.69412994385e-05
GetData ===>> H2,0.858516206049445,H1,72.6483859241169,AX,1.14586491148562,L1,0.433078360805087,L2,0.1023308197...
check iteration duration=2.71797180176e-05
GetData ===>> H2,0.460004119629507,H1,79.928787255332,AX,0.930439026271731,L1,0.434193979429389,L2,0.1662433879...
check iteration duration=1.90734863281e-05
GetData ===>> H2,0.412299443709875,H1,82.5817294019109,AX,0.763510569056747,L1,0.401000055035991,L2,0.204816822...
check iteration duration=2.90870666504e-05
GetData ===>> H2,0.359429398846266,H1,83.832523153595,AX,0.782684505794198,L1,0.475368945486043,L2,0.1972172767...
check iteration duration=3.50475311279e-05
GetData ===>> H2,0.435852195675039,H1,84.258934309731,AX,0.836439325268699,L1,0.476549673632659,L2,0.1994194853...
check iteration duration=3.31401824951e-05
GetData ===>> H2,0.315995941612759,H1,84.2783581289613,AX,0.852301552790105,L1,0.514196988532634,L2,0.146329561...
check iteration duration=1.81198120117e-05
GetData ===>> H2,0.248707984947331,H1,84.53519346897,AX,0.940813889282012,L1,0.475416860020449,L2,0.06290145932...
check iteration duration=3.48091125488e-05
GetData ===>> H2,0.411152104307708,H1,84.5982330690614,AX,0.863320444367079,L1,0.469725189039129,L2,0.168798497...
check iteration duration=3.00407409668e-05
GetData ===>> H2,0.394538188022091,H1,84.6594418142058,AX,0.795863769363299,L1,0.47715299068684,L2,0.1717072982...
Equilibration Finished
09:55:13 -- ******* Equilibration Finished *******
checking ownership. requestor=129.138.12.150
check software interlocks R
interlocks []
actuate state mode=None-script, software_lock=False
doing actuation None-script close_channel True
check iteration duration=4.29153442383e-05
GetData ===>> H2,0.348367877461063,H1,84.6820177998823,AX,0.732253237155306,L1,0.467113771605097,L2,0.251248764...
Close R ===>> OK
set states for children of R. state=False
handle state [('R', False)]
update switch state R False args=() kw={'refresh': False} ncanvase=8
refresh_canvas_needed fired
GetIndicatorState R ===>> False
change switch state (True, True)
update switch state R False args=() kw={} ncanvase=8
09:55:13 -- CLOSE  VALVE-R (Jan Inlet)
Post Equilibration Started jan_pump_extraction_line.py
09:55:13 -- ******* Post Equilibration Started jan_pump_extraction_line.py *******
testing...
no interpolation path defined
calculate duration
testing...
no interpolation path defined
executed snippet estimated_duration=4.0, duration=0.000155210494995
executed snippet estimated_duration=4.0, duration=0.00174498558044
Pump after analysis
doing GOSUB
testing...
no interpolation path defined
executed snippet estimated_duration=4.0, duration=0.00014591217041
Pump Microbone
close () {'description': 'Jan Inlet'}
closing name=--- desc=Jan Inlet
checking ownership. requestor=129.138.12.150
check software interlocks R
interlocks []
actuate state mode=None-script, software_lock=False
doing actuation None-script close_channel False
check iteration duration=1.59740447998e-05
waiting for write to finish
Close R ===>> OK
measurement finished
estimated time: 12.583 actual time: :12.733
flush and close file /Users/jan/PychronDev/data/isotopes/d9/003848-195c-41ef-b943-feebe95a88c6.h5
set_fits () {}
using default fits file=/Users/jan/PychronDev/scripts/measurement/fits/nominal_linear.yaml
GetIndicatorState R ===>> False
change switch state (True, True)
update switch state R False args=() kw={} ncanvase=8
set "Ar40" to "('Linear', 'SEM')"
No fit for "PM41". defaulting to linear. check the measurement script "jan_unknown120_60.py"
set "PM41" to "linear"
set "Ar36" to "('Linear', 'SEM')"
set "Ar37" to "('linear', 'SEM')"
set "Ar38" to "('linear', 'SEM')"
set "Ar39" to "('Linear', 'SEM')"
set_baseline_fits () {}
using default fits file=/Users/jan/PychronDev/scripts/measurement/fits/nominal_linear.yaml
set "H1" to "('average', 'SEM')"
set "H2" to "('average', 'SEM')"
set "CDD" to "('average', 'SEM')"
set "L2" to "('average', 'SEM')"
set "L1" to "('average', 'SEM')"
set "AX" to "('average', 'SEM')"
09:55:14 -- CLOSE  VALVE-R (Jan Inlet)
multicollect () {'integration_time': 1, 'ncounts': 120}
---------------------------------------- close None (Jan Inlet) result=[(True, True)]
build tables- signal [Detector(H2), Detector(H1), Detector(AX), Detector(L1), Detector(L2), Detector(CDD)]
add group /signal/PM41 (Group) '' table H2
add group /signal/Ar40 (Group) '' table H1
add group /signal/Ar39 (Group) '' table AX
add group /signal/Ar38 (Group) '' table L1
add group /signal/Ar37 (Group) '' table L2
add group /signal/Ar36 (Group) '' table CDD
flush and close file /Users/jan/PychronDev/data/isotopes/d9/003848-195c-41ef-b943-feebe95a88c6.h5
measuring signal. ncounts=120
action=close, ok=True, locked=[False]
is_closed ('F',) {}
is F () closed?
is closed True
open () {'description': 'CO2 Laser to Jan'}
opening name=--- desc=CO2 Laser to Jan
checking ownership. requestor=129.138.12.150
check software interlocks A
interlocks []
actuate state mode=None-script, software_lock=False
doing actuation None-script open_channel False
Open A ===>> OK
GetIndicatorState A ===>> OK
change switch state (True, True)
update switch state A True args=() kw={} ncanvase=8
09:55:14 -- OPEN   VALVE-A (CO2 Laser to Jan)
---------------------------------------- open None (CO2 Laser to Jan) result=[(True, True)], time=0.14 sec
"signal" increment series count="2" fit count="1" regressing="True"
starting measurement
check iteration duration=6.38961791992e-05
GetData ===>> H2,0.312030574665707,H1,84.5354649833963,AX,0.812755591410794,L1,0.493383347715569,L2,0.127218009...
action=open, ok=True, locked=[False]
sleep (1,) {}
SLEEP 1.0
check iteration duration=4.88758087158e-05
GetData ===>> H2,0.325001921666566,H1,84.7021524867737,AX,0.685898069948375,L1,0.500072812528999,L2,0.234011074...
close () {'description': 'CO2 Laser to Roughing'}
closing name=--- desc=CO2 Laser to Roughing
checking ownership. requestor=129.138.12.150
check software interlocks G
interlocks []
actuate state mode=None-script, software_lock=True
VALVE-G(CO2 Laser to Roughing) software locked
change switch state (True, False)
---------------------------------------- close None (CO2 Laser to Roughing) result=[(True, False)]
action=close, ok=True, locked=[True]
open () {'description': 'Microbone to Turbo'}
opening name=--- desc=Microbone to Turbo
checking ownership. requestor=129.138.12.150
check software interlocks U
interlocks []
actuate state mode=None-script, software_lock=False
doing actuation None-script open_channel True
Open U ===>> OK
GetIndicatorState U ===>> OK
change switch state (True, True)
update switch state U True args=() kw={} ncanvase=8
09:55:16 -- OPEN   VALVE-U (Microbone to Turbo)
---------------------------------------- open None (Microbone to Turbo) result=[(True, True)], time=0.22 sec
action=open, ok=True, locked=[False]
open () {'description': 'Microbone to Getter NP-10'}
opening name=--- desc=Microbone to Getter NP-10
checking ownership. requestor=129.138.12.150
check software interlocks M
interlocks []
actuate state mode=None-script, software_lock=False
doing actuation None-script open_channel False
Open M ===>> OK
GetIndicatorState M ===>> OK
change switch state (True, True)
update switch state M True args=() kw={} ncanvase=8
09:55:16 -- OPEN   VALVE-M (Microbone to Getter NP-10)
---------------------------------------- open None (Microbone to Getter NP-10) result=[(True, True)], time=0.17 sec
action=open, ok=True, locked=[False]
open () {'description': 'Microbone to Getter D-50'}
opening name=--- desc=Microbone to Getter D-50
checking ownership. requestor=129.138.12.150
check software interlocks K
interlocks []
actuate state mode=None-script, software_lock=False
doing actuation None-script open_channel False
check iteration duration=5.60283660889e-05
GetData ===>> H2,0.121115522123392,H1,84.7017789675171,AX,0.513939014798742,L1,0.474210464411345,L2,-0.03938213...
Open K ===>> OK
GetIndicatorState K ===>> OK
change switch state (True, True)
update switch state K True args=() kw={} ncanvase=8
09:55:17 -- OPEN   VALVE-K (Microbone to Getter D-50)
---------------------------------------- open None (Microbone to Getter D-50) result=[(True, True)], time=0.45 sec
action=open, ok=True, locked=[False]
open () {'description': 'Microbone to CO2 Laser'}
opening name=--- desc=Microbone to CO2 Laser
checking ownership. requestor=129.138.12.150
check software interlocks T
interlocks []
actuate state mode=None-script, software_lock=False
doing actuation None-script open_channel False
Open T ===>> OK
check iteration duration=8.10623168945e-05
GetData ===>> H2,-0.0572199556373255,H1,84.621749591233,AX,0.436172341787637,L1,0.386094688336187,L2,0.00999625...
GetIndicatorState T ===>> OK
change switch state (True, True)
update switch state T True args=() kw={} ncanvase=8
09:55:18 -- OPEN   VALVE-T (Microbone to CO2 Laser)
---------------------------------------- open None (Microbone to CO2 Laser) result=[(True, True)], time=0.51 sec
action=open, ok=True, locked=[False]
open () {'description': 'Microbone to Inlet Pipette'}
opening name=--- desc=Microbone to Inlet Pipette
checking ownership. requestor=129.138.12.150
check software interlocks S
interlocks []
actuate state mode=None-script, software_lock=False
doing actuation None-script open_channel False
Open S ===>> OK
GetIndicatorState S ===>> OK
change switch state (True, True)
update switch state S True args=() kw={} ncanvase=8
09:55:18 -- OPEN   VALVE-S (Microbone to Inlet Pipette)
---------------------------------------- open None (Microbone to Inlet Pipette) result=[(True, True)], time=0.48 sec
testing H1>-5.0
evaluate ot="H1.bs>-5.0" t="H1>-5.0", ctx="{'H1': None}"
check iteration duration=0.000999927520752
GetData ===>> H2,-0.125731957649037,H1,84.7882838480924,AX,0.432396017368203,L1,0.367574254862323,L2,-0.0202172...
action=open, ok=True, locked=[False]
sleep (1,) {}
SLEEP 1.0
set_resource () {'name': 'CO2PumpTimeFlag', 'value': 30}
Set CO2PumpTimeFlag 30 ===>> OK
release ('JanCO2Flag',) {}
release JanCO2Flag
Set JanCO2Flag 0 ===>> OK
executed snippet estimated_duration=6.0, duration=6.34447693825
PumpMicrobone.py completed successfully
gosub finished
get_resource_value () {'name': 'JanMiniboneFlag'}
check iteration duration=0.000101089477539
GetData ===>> H2,-0.1397280720308,H1,84.7852449842538,AX,0.419745541320673,L1,0.34900402112774,L2,0.01693839361...
Read JanMiniboneFlag ===>> 0
Get Resource Value JanMiniboneFlag=0.0
get resource value 0.0
get_resource_value () {'name': 'JanMiniboneFlag'}
Read JanMiniboneFlag ===>> 0
Get Resource Value JanMiniboneFlag=0.0
executed snippet estimated_duration=4.0, duration=6.35905313492
jan_pump_extraction_line.py completed successfully
Post Equilibration Finished
09:55:20 -- ******* Post Equilibration Finished *******
check iteration duration=3.60012054443e-05
GetData ===>> H2,-0.139156302791782,H1,84.6440141199409,AX,0.38141308307883,L1,0.378814350357576,L2,0.100222033...
check iteration duration=9.20295715332e-05
GetData ===>> H2,-0.129188624533917,H1,84.6824252189593,AX,0.315863109799631,L1,0.366102318786906,L2,0.00952890...
check iteration duration=3.88622283936e-05
GetData ===>> H2,-0.185679333770676,H1,84.7159733878182,AX,0.366244705664678,L1,0.342500422455213,L2,0.02658299...
testing H1>-5.0
evaluate ot="H1.bs>-5.0" t="H1>-5.0", ctx="{'H1': None}"
check iteration duration=0.000699043273926
GetData ===>> H2,-0.231886800346883,H1,84.8410243983558,AX,0.310740425036649,L1,0.333300425140872,L2,0.20101697...
check iteration duration=3.60012054443e-05
GetData ===>> H2,-0.155240075845092,H1,84.7152262778038,AX,0.395863011199458,L1,0.297112689878533,L2,0.16885553...
check iteration duration=6.60419464111e-05
GetData ===>> H2,-0.153176755998066,H1,84.9048281704072,AX,0.399013682043135,L1,0.322410254605826,L2,0.07670267...
check iteration duration=9.60826873779e-05
GetData ===>> H2,-0.105298967792583,H1,84.8462893366412,AX,0.380250671842793,L1,0.322198223465918,L2,0.05920626...
check iteration duration=6.29425048828e-05
GetData ===>> H2,-0.0922764129930357,H1,84.7846508005752,AX,0.289462674723938,L1,0.332022070955708,L2,-0.019567...
testing H1>-5.0
evaluate ot="H1.bs>-5.0" t="H1>-5.0", ctx="{'H1': None}"
check iteration duration=0.00059986114502
GetData ===>> H2,-0.143475623414554,H1,84.8149063868421,AX,0.308672841669754,L1,0.31179018355471,L2,0.058202658...
check iteration duration=6.89029693604e-05
GetData ===>> H2,-0.13195468006931,H1,84.8179289026828,AX,0.300704924863076,L1,0.309968698945966,L2,0.023014604...
check iteration duration=8.60691070557e-05
GetData ===>> H2,-0.135426254419643,H1,84.8428076621223,AX,0.329896695137314,L1,0.322415128936574,L2,0.01819236...
check iteration duration=3.79085540771e-05
GetData ===>> H2,-0.159091412001266,H1,84.8705445318149,AX,0.406233868800088,L1,0.285188904235512,L2,0.05998178...
check iteration duration=7.60555267334e-05
GetData ===>> H2,-0.17289197387006,H1,84.7404434063805,AX,0.386992849867088,L1,0.29202426853929,L2,-0.046240445...
testing H1>-5.0
evaluate ot="H1.bs>-5.0" t="H1>-5.0", ctx="{'H1': None}"
check iteration duration=0.00232791900635
GetData ===>> H2,-0.190947704756156,H1,84.8325669369253,AX,0.330884233748888,L1,0.325942315947598,L2,0.09999405...
check iteration duration=6.103515625e-05
GetData ===>> H2,-0.20286380339322,H1,84.7966368133087,AX,0.389689851581165,L1,0.314456593541658,L2,0.126214644...
check iteration duration=9.10758972168e-05
GetData ===>> H2,-0.239113271845096,H1,84.9028232509696,AX,0.373090524138919,L1,0.289555854351912,L2,-0.0249689...
check iteration duration=3.40938568115e-05
GetData ===>> H2,-0.214884213971615,H1,84.9386102055662,AX,0.372462873913125,L1,0.349849914379815,L2,-0.0226672...
check iteration duration=5.29289245605e-05
GetData ===>> H2,-0.130238799321974,H1,84.8926631605752,AX,0.394595795905739,L1,0.329436575330453,L2,0.06005021...
testing H1>-5.0
evaluate ot="H1.bs>-5.0" t="H1>-5.0", ctx="{'H1': None}"
check iteration duration=0.000883817672729
09:55:40 -- collecting point 25
GetData ===>> H2,-0.193533123307179,H1,84.8494483929712,AX,0.451941528199124,L1,0.323321794841906,L2,0.11670600...
check iteration duration=6.38961791992e-05
GetData ===>> H2,-0.246165375924114,H1,84.8865130898152,AX,0.389922355220563,L1,0.352572382589774,L2,0.02937623...
check iteration duration=2.90870666504e-05
GetData ===>> H2,-0.196295819250359,H1,84.9220410542364,AX,0.420652588093924,L1,0.327808779903909,L2,0.13039920...
check iteration duration=6.79492950439e-05
GetData ===>> H2,-0.0923441504642305,H1,84.8081144502986,AX,0.361561001471497,L1,0.312570048729323,L2,0.0165166...
check iteration duration=7.20024108887e-05
GetData ===>> H2,-0.224810959847327,H1,84.8695592964049,AX,0.342340412622212,L1,0.345993305572157,L2,0.00979107...
testing H1>-5.0
evaluate ot="H1.bs>-5.0" t="H1>-5.0", ctx="{'H1': None}"
check iteration duration=0.0193269252777
GetData ===>> H2,-0.169486590095364,H1,84.9975319975939,AX,0.365001119590276,L1,0.326527454167735,L2,0.09041963...
check iteration duration=8.60691070557e-05
GetData ===>> H2,-0.253120302623047,H1,85.0537651387627,AX,0.372579105131675,L1,0.300704967861063,L2,0.03791606...
check iteration duration=3.69548797607e-05
GetData ===>> H2,-0.186650397825146,H1,85.0049061296833,AX,0.428515270111425,L1,0.255989822066936,L2,0.07638328...
check iteration duration=8.39233398438e-05
GetData ===>> H2,-0.154571260844454,H1,85.0414086011081,AX,0.455614011194891,L1,0.245810083859282,L2,0.13692154...
check iteration duration=9.48905944824e-05
GetData ===>> H2,-0.144124190342118,H1,84.9638265349492,AX,0.465307240974722,L1,0.292983556865571,L2,0.02180617...
testing H1>-5.0
evaluate ot="H1.bs>-5.0" t="H1>-5.0", ctx="{'H1': None}"
check iteration duration=0.00056791305542
GetData ===>> H2,-0.144124190342118,H1,84.9638265349492,AX,0.465307240974722,L1,0.292983556865571,L2,0.02180617...
check iteration duration=5.19752502441e-05
GetData ===>> H2,-0.278329922691958,H1,85.0347803632013,AX,0.374857264980513,L1,0.340239012265412,L2,0.02591034...
check iteration duration=6.41345977783e-05
GetData ===>> H2,-0.255287545419056,H1,84.8153308936243,AX,0.404908383837289,L1,0.30769808490714,L2,0.082407492...
check iteration duration=6.38961791992e-05
GetData ===>> H2,-0.284858024875294,H1,84.9227207764111,AX,0.474176111301607,L1,0.300996157273355,L2,0.17273395...
check iteration duration=7.48634338379e-05
GetData ===>> H2,-0.300375209148998,H1,85.018533985553,AX,0.419361793301717,L1,0.318679425097448,L2,0.062718977...
testing H1>-5.0
evaluate ot="H1.bs>-5.0" t="H1>-5.0", ctx="{'H1': None}"
check iteration duration=0.00278115272522
GetData ===>> H2,-0.200442547394158,H1,84.9464621066638,AX,0.473769264746342,L1,0.29296407803411,L2,0.117412846...
check iteration duration=8.79764556885e-05
GetData ===>> H2,-0.240899593314573,H1,84.9438957450976,AX,0.527173655922654,L1,0.314842963802758,L2,0.15345745...
check iteration duration=9.60826873779e-05
GetData ===>> H2,-0.243505204398451,H1,84.9781130087375,AX,0.381099230679745,L1,0.305564362244116,L2,-0.0372630...
check iteration duration=8.79764556885e-05
GetData ===>> H2,-0.209570779630635,H1,84.99364119218,AX,0.416466288736218,L1,0.31035124471675,L2,0.04227179026...
check iteration duration=5.00679016113e-05
GetData ===>> H2,-0.156736997523087,H1,85.1428009197874,AX,0.465156140076506,L1,0.30620979072714,L2,0.105226202...
testing H1>-5.0
evaluate ot="H1.bs>-5.0" t="H1>-5.0", ctx="{'H1': None}"
check iteration duration=0.00078010559082
GetData ===>> H2,-0.313978648991564,H1,85.1419340958058,AX,0.471537450962674,L1,0.308008680983629,L2,0.07765522...
check iteration duration=3.69548797607e-05
GetData ===>> H2,-0.277932431411103,H1,85.0588474367492,AX,0.545214268697096,L1,0.309743320398689,L2,0.05455326...
check iteration duration=0.000166893005371
GetData ===>> H2,-0.139991643889687,H1,85.0292400724918,AX,0.522905346251206,L1,0.349957334393644,L2,0.13960131...
check iteration duration=7.10487365723e-05
GetData ===>> H2,-0.0644687667285934,H1,85.1431918421297,AX,0.436881145125671,L1,0.319817108224062,L2,0.0694482...
check iteration duration=7.29560852051e-05
GetData ===>> H2,-0.162495870439244,H1,85.0000296447892,AX,0.413768546564242,L1,0.326023989481704,L2,0.03406221...
testing H1>-5.0
evaluate ot="H1.bs>-5.0" t="H1>-5.0", ctx="{'H1': None}"
check iteration duration=0.00217890739441
09:56:06 -- collecting point 50
GetData ===>> H2,-0.135104431271754,H1,84.7460987691554,AX,0.377751534598117,L1,0.301639086266472,L2,0.06368841...
check iteration duration=7.48634338379e-05
GetData ===>> H2,-0.123015362976575,H1,84.7941410589939,AX,0.519172182099868,L1,0.304025240660887,L2,0.11240804...
check iteration duration=3.19480895996e-05
GetData ===>> H2,-0.110685836960515,H1,85.0074718733553,AX,0.553601788232373,L1,0.289761532754433,L2,0.04060701...
check iteration duration=7.20024108887e-05
GetData ===>> H2,-0.214235152587423,H1,85.1814394236134,AX,0.459402856876565,L1,0.325703394127771,L2,0.05888693...
check iteration duration=3.88622283936e-05
GetData ===>> H2,-0.110343309391267,H1,85.0854687183876,AX,0.466957742946548,L1,0.305580193021318,L2,0.11200903...
testing H1>-5.0
evaluate ot="H1.bs>-5.0" t="H1>-5.0", ctx="{'H1': None}"
check iteration duration=0.00281190872192
GetData ===>> H2,-0.0962559819090566,H1,85.0115329792219,AX,0.434069201537215,L1,0.335982072091042,L2,0.1209699...
check iteration duration=9.10758972168e-05
GetData ===>> H2,-0.193631513909938,H1,85.0715114753969,AX,0.415884872478388,L1,0.364321619680597,L2,0.03668464...
check iteration duration=5.3882598877e-05
GetData ===>> H2,-0.15963435729745,H1,85.0107513347955,AX,0.436602271066706,L1,0.365446428611844,L2,0.067167075...
check iteration duration=4.00543212891e-05
GetData ===>> H2,-0.0594767208994791,H1,85.0628590105362,AX,0.502461917112113,L1,0.3210012622255,L2,0.028053706...
check iteration duration=3.69548797607e-05
GetData ===>> H2,-0.0849979810304679,H1,85.0297499062034,AX,0.448199456706057,L1,0.330878030543231,L2,0.0395009...
testing H1>-5.0
evaluate ot="H1.bs>-5.0" t="H1>-5.0", ctx="{'H1': None}"
check iteration duration=0.139501810074
GetData ===>> H2,-0.144257952657254,H1,85.1482739300542,AX,0.49382300650451,L1,0.278590345659483,L2,0.042294595...
check iteration duration=3.50475311279e-05
GetData ===>> H2,-0.276819112656443,H1,85.1186417755078,AX,0.525266268313842,L1,0.312799145425731,L2,0.05771226...
check iteration duration=7.60555267334e-05
GetData ===>> H2,-0.198380835798744,H1,85.1827315209409,AX,0.635121224845475,L1,0.310211138713017,L2,-0.0128442...
check iteration duration=7.67707824707e-05
GetData ===>> H2,-0.128155925471898,H1,85.1472031071775,AX,0.596388187085075,L1,0.272304613853868,L2,0.06401916...
check iteration duration=5.69820404053e-05
GetData ===>> H2,-0.0797568421974381,H1,84.9953062400176,AX,0.564631135461028,L1,0.295950860053838,L2,0.0656501...
testing H1>-5.0
evaluate ot="H1.bs>-5.0" t="H1>-5.0", ctx="{'H1': None}"
check iteration duration=0.0010290145874
GetData ===>> H2,-0.0812770076073534,H1,85.0688255853339,AX,0.426946748411636,L1,0.29402938115122,L2,0.06453240...
check iteration duration=3.79085540771e-05
GetData ===>> H2,-0.219444583817288,H1,85.1864378650326,AX,0.570646610506687,L1,0.285343400839482,L2,0.12892831...
check iteration duration=5.10215759277e-05
GetData ===>> H2,-0.249182707546604,H1,85.1777842116457,AX,0.480616136998477,L1,0.274395373117834,L2,0.04831540...
check iteration duration=6.29425048828e-05
GetData ===>> H2,-0.265062797490378,H1,84.9626374756197,AX,0.462447986734807,L1,0.297525573169075,L2,-0.0503756...
check iteration duration=8.51154327393e-05
GetData ===>> H2,-0.0809735327074809,H1,85.0646098598872,AX,0.511659767429744,L1,0.360403204576489,L2,0.1075972...
testing H1>-5.0
evaluate ot="H1.bs>-5.0" t="H1>-5.0", ctx="{'H1': None}"
check iteration duration=0.00201296806335
GetData ===>> H2,-0.0668299402157677,H1,85.1713750659978,AX,0.603534656464242,L1,0.368400097418979,L2,0.1012251...
check iteration duration=6.41345977783e-05
GetData ===>> H2,-0.170226039353174,H1,85.1792632861401,AX,0.565736465747486,L1,0.318318514550559,L2,0.00589276...
check iteration duration=4.60147857666e-05
GetData ===>> H2,-0.317446383886895,H1,85.0759484045744,AX,0.544911819596881,L1,0.276547392826441,L2,0.07250506...
check iteration duration=8.9168548584e-05
GetData ===>> H2,-0.316573516445012,H1,85.1407273496205,AX,0.496380881498502,L1,0.305155206045933,L2,0.05365234...
check iteration duration=8.9168548584e-05
GetData ===>> H2,-0.278728742763462,H1,85.1597305380661,AX,0.634353491666902,L1,0.317102973708573,L2,-0.0161376...
testing H1>-5.0
evaluate ot="H1.bs>-5.0" t="H1>-5.0", ctx="{'H1': None}"
check iteration duration=0.000575065612793
09:56:33 -- collecting point 75
GetData ===>> H2,-0.266170555903052,H1,85.1815414308717,AX,0.601555939941006,L1,0.343855709997907,L2,0.00778490...
check iteration duration=4.88758087158e-05
GetData ===>> H2,-0.195688853486972,H1,85.3546721988914,AX,0.590696991978983,L1,0.364228807082626,L2,-0.0013905...
check iteration duration=7.82012939453e-05
GetData ===>> H2,-0.153713228262118,H1,85.0248725717128,AX,0.487544870300283,L1,0.306587324388158,L2,0.02774588...
check iteration duration=4.10079956055e-05
GetData ===>> H2,-0.199609278202756,H1,85.1611414302691,AX,0.648441192939488,L1,0.302642177189348,L2,-0.0115451...
check iteration duration=8.60691070557e-05
GetData ===>> H2,-0.151837940738507,H1,85.2351223198897,AX,0.561035989820179,L1,0.325942315947598,L2,0.05994757...
testing H1>-5.0
evaluate ot="H1.bs>-5.0" t="H1>-5.0", ctx="{'H1': None}"
check iteration duration=0.0036039352417
GetData ===>> H2,-0.171333773559106,H1,85.2176565830494,AX,0.511148106968938,L1,0.30804522231884,L2,0.171136938...
check iteration duration=8.48770141602e-05
GetData ===>> H2,-0.172539879818568,H1,85.3088863329667,AX,0.619686294202968,L1,0.349887755392555,L2,-0.0124682...
check iteration duration=4.88758087158e-05
GetData ===>> H2,-0.135353236522877,H1,85.1393676478384,AX,0.557324635316229,L1,0.315740081643363,L2,0.01918415...
check iteration duration=4.10079956055e-05
GetData ===>> H2,-0.271160841395527,H1,85.1157169314304,AX,0.533128666837477,L1,0.298225929581224,L2,0.04535056...
check iteration duration=3.2901763916e-05
GetData ===>> H2,-0.239803872728544,H1,85.3604218592882,AX,0.556649858747576,L1,0.301850895811172,L2,0.07242522...
testing H1>-5.0
evaluate ot="H1.bs>-5.0" t="H1>-5.0", ctx="{'H1': None}"
check iteration duration=0.00216317176819
GetData ===>> H2,-0.213944274813656,H1,85.2098682678313,AX,0.596737350959501,L1,0.303873045816583,L2,0.01364394...
check iteration duration=6.60419464111e-05
GetData ===>> H2,-0.23129193263899,H1,85.2056511915644,AX,0.610498609190979,L1,0.321686442266025,L2,0.121289186...
check iteration duration=8.60691070557e-05
GetData ===>> H2,-0.283037627966285,H1,85.2099022770174,AX,0.581026212667501,L1,0.315239099886565,L2,0.09696205...
check iteration duration=5.29289245605e-05
GetData ===>> H2,-0.257934189973427,H1,85.2435413304122,AX,0.610452091466421,L1,0.312872262473028,L2,0.07690799...
check iteration duration=8.20159912109e-05
GetData ===>> H2,-0.131481262744865,H1,85.1723950699155,AX,0.570437168010122,L1,0.328400121333164,L2,-0.0719945...
testing H1>-5.0
evaluate ot="H1.bs>-5.0" t="H1>-5.0", ctx="{'H1': None}"
check iteration duration=0.00220489501953
GetData ===>> H2,-0.113203706738576,H1,85.2565535054058,AX,0.592000467499758,L1,0.289133557239942,L2,0.08701182...
check iteration duration=7.91549682617e-05
GetData ===>> H2,-0.217690260797115,H1,85.2257174267523,AX,0.676808890236669,L1,0.296431895162452,L2,0.04515671...
check iteration duration=6.38961791992e-05
GetData ===>> H2,-0.282591552289294,H1,85.2460246081598,AX,0.594758772180735,L1,0.327524704315651,L2,-0.0098128...
check iteration duration=7.60555267334e-05
GetData ===>> H2,-0.231839696579851,H1,85.1762881518919,AX,0.622233413092359,L1,0.345108687086874,L2,0.08728536...
check iteration duration=6.103515625e-05
GetData ===>> H2,-0.231839696579851,H1,85.1762881518919,AX,0.622233413092359,L1,0.345108687086874,L2,0.08728536...
testing H1>-5.0
evaluate ot="H1.bs>-5.0" t="H1>-5.0", ctx="{'H1': None}"
check iteration duration=0.00058913230896
GetData ===>> H2,-0.193892986148762,H1,85.0603262664982,AX,0.63602855365621,L1,0.304509844139053,L2,0.200343743...
check iteration duration=9.29832458496e-05
GetData ===>> H2,-0.183820592762182,H1,85.0396240452141,AX,0.493078910004038,L1,0.299145600893052,L2,0.04183848...
check iteration duration=3.71932983398e-05
GetData ===>> H2,-0.176317781975855,H1,85.2460756348679,AX,0.483510799635343,L1,0.298357480139996,L2,0.00226815...
check iteration duration=4.81605529785e-05
GetData ===>> H2,-0.110531497753403,H1,85.2850993989223,AX,0.513520373536407,L1,0.318434345939876,L2,0.10669672...
check iteration duration=6.38961791992e-05
GetData ===>> H2,-0.163562507350039,H1,85.2240337951971,AX,0.614243358714314,L1,0.286291112248651,L2,0.06190921...
testing H1>-5.0
evaluate ot="H1.bs>-5.0" t="H1>-5.0", ctx="{'H1': None}"
check iteration duration=0.00239396095276
09:56:59 -- collecting point 100
GetData ===>> H2,-0.122471695528113,H1,85.1187438060348,AX,0.647708256634516,L1,0.280126175554849,L2,-0.0250259...
check iteration duration=5.79357147217e-05
GetData ===>> H2,-0.0320833936537236,H1,85.2237446887464,AX,0.56787735158098,L1,0.295735314959742,L2,0.06974478...
check iteration duration=7.91549682617e-05
GetData ===>> H2,-0.120789136758946,H1,85.1595945491933,AX,0.590627163424337,L1,0.369781944282273,L2,0.07737032...
check iteration duration=8.01086425781e-05
GetData ===>> H2,-0.15229699463906,H1,85.1191179185913,AX,0.563560722269947,L1,0.354029139100968,L2,0.047539972...
check iteration duration=3.79085540771e-05
GetData ===>> H2,-0.0832412698030762,H1,85.3103837833154,AX,0.639308966613047,L1,0.308886927222235,L2,0.0198111...
testing H1>-5.0
evaluate ot="H1.bs>-5.0" t="H1>-5.0", ctx="{'H1': None}"
check iteration duration=0.00577211380005
GetData ===>> H2,-0.17192470072634,H1,85.1997508948234,AX,0.635307342888674,L1,0.28433982288782,L2,0.0896104133...
check iteration duration=4.00543212891e-05
GetData ===>> H2,-0.193574905722448,H1,85.2045459300897,AX,0.685502364619016,L1,0.311267463472243,L2,0.04537336...
check iteration duration=7.29560852051e-05
GetData ===>> H2,-0.202297631822478,H1,85.2277582189031,AX,0.671688598049068,L1,0.26235900219055,L2,0.008218051...
check iteration duration=6.31809234619e-05
GetData ===>> H2,-0.232090017204608,H1,85.1482399355537,AX,0.575964273307024,L1,0.281148567585871,L2,0.08306849...
check iteration duration=7.10487365723e-05
GetData ===>> H2,-0.092795271726059,H1,85.0084574030636,AX,0.56842421581652,L1,0.311150494804655,L2,0.087262566...
testing H1>-5.0
evaluate ot="H1.bs>-5.0" t="H1>-5.0", ctx="{'H1': None}"
check iteration duration=0.00336098670959
GetData ===>> H2,-0.220353975921531,H1,85.216449196301,AX,0.583830756424508,L1,0.324614907662401,L2,0.018785156...
check iteration duration=3.69548797607e-05
GetData ===>> H2,-0.241524133399238,H1,85.206144310984,AX,0.702705387901412,L1,0.362152955385325,L2,0.114505695...
check iteration duration=6.60419464111e-05
GetData ===>> H2,-0.216276473066541,H1,85.1263112735303,AX,0.692916286672848,L1,0.290021983537774,L2,0.02372143...
check iteration duration=8.70227813721e-05
GetData ===>> H2,-0.228014215129534,H1,85.2029815746352,AX,0.69039060168086,L1,0.260176424058886,L2,-0.06006949...
check iteration duration=9.20295715332e-05
GetData ===>> H2,-0.210493570323605,H1,85.213167196623,AX,0.691123858338409,L1,0.270338304448228,L2,0.115109919...
testing H1>-5.0
evaluate ot="H1.bs>-5.0" t="H1>-5.0", ctx="{'H1': None}"
check iteration duration=0.00284099578857
GetData ===>> H2,-0.165073179463919,H1,85.1552259756175,AX,0.676040829297332,L1,0.266389805761896,L2,0.10215983...
check iteration duration=8.98838043213e-05
GetData ===>> H2,-0.178694659843419,H1,85.2229283913412,AX,0.699201684853896,L1,0.275026698748313,L2,0.07021243...
check iteration duration=0.000113964080811
GetData ===>> H2,-0.156999073582218,H1,85.2050560497066,AX,0.740707102754493,L1,0.308916162791086,L2,0.06815937...
check iteration duration=8.39233398438e-05
GetData ===>> H2,-0.191919664956984,H1,85.1682980983549,AX,0.61779053651276,L1,0.305483990984191,L2,0.099800281...
check iteration duration=6.103515625e-05
GetData ===>> H2,-0.210004567992672,H1,85.270910797849,AX,0.639308966613047,L1,0.322842860502026,L2,-0.00918605...
testing H1>-5.0
evaluate ot="H1.bs>-5.0" t="H1>-5.0", ctx="{'H1': None}"
check iteration duration=0.00206613540649
GetData ===>> H2,-0.188932070497929,H1,85.3541618851912,AX,0.656690014135113,L1,0.30965438860904,L2,0.041678852...
check iteration duration=3.79085540771e-05
waiting for write to finish
measurement finished
estimated time: 125.829 actual time: :128.084
flush and close file /Users/jan/PychronDev/data/isotopes/d9/003848-195c-41ef-b943-feebe95a88c6.h5
baselines () {'settling_time': 15.0, 'detector': 'H1', 'mass': 34.2, 'ncounts': 60}
%%%%%%%%%%%%%%%%%%%%%%%%%%%%%%%% Baseline
build tables- baseline [Detector(H2), Detector(H1), Detector(AX), Detector(L1), Detector(L2), Detector(CDD)]
add group baseline table H2
add group baseline table H1
add group baseline table AX
add group baseline table L1
add group baseline table L2
add group baseline table CDD
flush and close file /Users/jan/PychronDev/data/isotopes/d9/003848-195c-41ef-b943-feebe95a88c6.h5
detector Detector(H1)
POSITION 34.2 H1
Mapping mass to dac mass func: "parabolic"
H1 map mass coeffs = [-0.00063987  0.15840543  0.57248999]
H1 map mass to dac 34.2 >> 5.24153599104
GetDeflection H1 ===>> 0
GetHighVoltage ===>> 4499.94659342336
positioning 34.2 (5.24150512413) on H1
setting magnet DAC
current  : 5.880845
requested: 5.241505
Delta Dac: 0.639340
Checking detector protection. dv=0.63934
Checking detector "CDD". Protection Threshold: 0.1 (V)
ProtectDetector CDD,On ===>> OK
GetDeflection CDD ===>> 2000
Protected = 2000
SetMagnetDAC 5.24150512413 ===>> OK
Magnet settling time: 0.500
GetMagnetMoving ===>> True
GetMagnetMoving ===>> True
GetMagnetMoving ===>> True
GetMagnetMoving ===>> True
GetMagnetMoving ===>> True
GetMagnetMoving ===>> True
GetMagnetMoving ===>> True
GetMagnetMoving ===>> False
ProtectDetector CDD,Off ===>> OK
GetDeflection CDD ===>> 50
Delaying 15.0s for detectors to settle
Join finished
measuring baseline. ncounts=60
"baseline" increment series count="2" fit count="1" regressing="True"
starting measurement
check iteration duration=5.50746917725e-05
GetData ===>> H2,-0.114994303454148,H1,-0.0817992317724279,AX,-0.111372940408304,L1,-0.0369059248764513,L2,0.00...
check iteration duration=5.41210174561e-05
GetData ===>> H2,-0.0890543526647554,H1,-0.0421970178274609,AX,-0.0576615914762148,L1,-0.0302910847837597,L2,-0...
check iteration duration=7.48634338379e-05
GetData ===>> H2,-0.232011960830728,H1,-0.0360800469813015,AX,-0.00866499242406205,L1,-0.0602118943219095,L2,0....
check iteration duration=7.48634338379e-05
GetData ===>> H2,-0.234502769780937,H1,-0.0190387941765955,AX,-0.0818898455907991,L1,-0.0405762787386684,L2,0.0...
testing H1>-5.0
evaluate ot="H1.bs>-5.0" t="H1>-5.0", ctx="{'H1': None}"
check iteration duration=0.00058913230896
GetData ===>> H2,-0.283303652647312,H1,-0.0657075071861744,AX,-0.0906290844109147,L1,-0.0267691508758541,L2,0.0...
check iteration duration=4.19616699219e-05
GetData ===>> H2,-0.21463779048972,H1,-0.019241541320336,AX,-0.12695689437146,L1,0.00856132380720813,L2,0.06815...
check iteration duration=8.58306884766e-05
GetData ===>> H2,-0.213615681659936,H1,-0.082967271037959,AX,-0.0569659544263658,L1,-0.0222247528384763,L2,-0.0...
check iteration duration=4.19616699219e-05
GetData ===>> H2,-0.164900387135774,H1,-0.0786049323133529,AX,-0.00856059463879138,L1,-0.0104671507863768,L2,-0...
check iteration duration=8.10623168945e-05
GetData ===>> H2,-0.148956197337108,H1,-0.0145901799524005,AX,-0.0702401701511137,L1,-0.023520451079081,L2,-0.0...
testing H1>-5.0
evaluate ot="H1.bs>-5.0" t="H1>-5.0", ctx="{'H1': None}"
check iteration duration=0.00218200683594
GetData ===>> H2,-0.154351016156929,H1,-0.0542510063578082,AX,-0.0521311395465859,L1,-0.0295089386709825,L2,-0....
check iteration duration=9.20295715332e-05
GetData ===>> H2,-0.165267567683323,H1,-0.0521884584644859,AX,-0.107154994978375,L1,0.00753057300303634,L2,-0.0...
check iteration duration=8.10623168945e-05
GetData ===>> H2,-0.223458830124667,H1,-0.0290086966550749,AX,-0.0376948312826245,L1,-0.0312180827049968,L2,0.0...
check iteration duration=8.60691070557e-05
GetData ===>> H2,-0.222423075529588,H1,-0.00962848956838056,AX,-0.0361061268044991,L1,-0.0269332956068229,L2,-0...
check iteration duration=7.39097595215e-05
GetData ===>> H2,-0.206376129886491,H1,-0.10539574752515,AX,-0.103261344569398,L1,-7.19787245086461E-06,L2,0.03...
testing H1>-5.0
evaluate ot="H1.bs>-5.0" t="H1>-5.0", ctx="{'H1': None}"
check iteration duration=0.000587940216064
GetData ===>> H2,0.000337401799725901,H1,-0.0358534853254209,AX,-0.141747950278355,L1,-0.0163926443698395,L2,-0...
check iteration duration=6.103515625e-05
GetData ===>> H2,0.0827263363505149,H1,-0.0276849988364745,AX,0.020756413632644,L1,-0.0272519923242844,L2,0.033...
check iteration duration=4.60147857666e-05
GetData ===>> H2,-0.0315238529335967,H1,-0.0796299798181853,AX,-0.0165177048398709,L1,-0.0100043597654438,L2,-0...
check iteration duration=7.48634338379e-05
GetData ===>> H2,-0.167606714356905,H1,0.00509104862780347,AX,-0.0659508836209858,L1,0.000235237201599735,L2,-0...
check iteration duration=6.79492950439e-05
GetData ===>> H2,-0.19385524826055,H1,-0.026659419120789,AX,-0.0371729969055014,L1,-0.0280031660572241,L2,-0.08...
testing H1>-5.0
evaluate ot="H1.bs>-5.0" t="H1>-5.0", ctx="{'H1': None}"
check iteration duration=0.00271487236023
GetData ===>> H2,-0.271226682813849,H1,-0.0232486947105535,AX,-0.00863019317474621,L1,-0.0330550586317805,L2,0....
check iteration duration=4.00543212891e-05
GetData ===>> H2,-0.138565579479797,H1,0.0360282182622963,AX,-0.0988692125855081,L1,-0.0543568413850924,L2,0.07...
check iteration duration=4.19616699219e-05
GetData ===>> H2,-0.12607266928068,H1,-0.0265520904035864,AX,-0.127466661849042,L1,-0.0210499700329109,L2,-0.08...
check iteration duration=7.48634338379e-05
GetData ===>> H2,-0.144549792232287,H1,-0.015377348609502,AX,-0.123666512747175,L1,-0.0360204789596769,L2,0.005...
check iteration duration=8.39233398438e-05
GetData ===>> H2,-0.129146723652406,H1,-0.0746595933476922,AX,-0.0825505316562124,L1,-0.0231153385735076,L2,-0....
testing H1>-5.0
evaluate ot="H1.bs>-5.0" t="H1>-5.0", ctx="{'H1': None}"
check iteration duration=0.000586032867432
09:58:07 -- collecting point 25
GetData ===>> H2,-0.213227821714297,H1,-0.00799441750294323,AX,-0.10869618854947,L1,-0.0317426250601257,L2,-0.0...
check iteration duration=8.20159912109e-05
GetData ===>> H2,-0.258483872212564,H1,-0.0437828381293357,AX,-0.0924023354814977,L1,-0.0160292247433467,L2,0.0...
check iteration duration=8.39233398438e-05
GetData ===>> H2,-0.274041379854258,H1,-0.04394976512041,AX,-0.130108141447307,L1,-0.0191928141031836,L2,0.0387...
check iteration duration=8.01086425781e-05
GetData ===>> H2,-0.305096591558248,H1,-0.0493508953613773,AX,-0.115613876983897,L1,-0.0322072652940022,L2,-0.0...
check iteration duration=4.91142272949e-05
GetData ===>> H2,-0.29039264336768,H1,-0.0838969251981901,AX,-0.0305048668912746,L1,-0.0094648096898252,L2,-0.0...
testing H1>-5.0
evaluate ot="H1.bs>-5.0" t="H1>-5.0", ctx="{'H1': None}"
check iteration duration=0.00160503387451
GetData ===>> H2,-0.262888639800213,H1,-0.0345775758966436,AX,-0.032719896405686,L1,-0.0084084067963187,L2,0.01...
check iteration duration=3.88622283936e-05
GetData ===>> H2,-0.223751087006391,H1,-0.0293068243789161,AX,-0.0442001316498522,L1,-0.0265522840210689,L2,-0....
check iteration duration=4.79221343994e-05
GetData ===>> H2,-0.179600198694444,H1,-0.0439020717228232,AX,-0.130525210616562,L1,-0.00920221818992128,L2,-0....
check iteration duration=8.79764556885e-05
GetData ===>> H2,-0.146805891036409,H1,-0.0175479937428722,AX,-0.124106781526795,L1,0.0170008862368059,L2,-0.06...
check iteration duration=7.00950622559e-05
GetData ===>> H2,-0.148498345931885,H1,0.0732915807506675,AX,-0.0405242845211621,L1,-0.0143364977450984,L2,-0.0...
testing H1>-5.0
evaluate ot="H1.bs>-5.0" t="H1>-5.0", ctx="{'H1': None}"
check iteration duration=0.00221800804138
GetData ===>> H2,-0.217715863474762,H1,0.00742919717893216,AX,-0.0777749454311178,L1,-0.0506377188504732,L2,0.0...
check iteration duration=7.91549682617e-05
GetData ===>> H2,-0.260568807348198,H1,-0.0227835869219149,AX,-0.0723615582018992,L1,-0.0311486207066081,L2,0.0...
check iteration duration=6.19888305664e-05
GetData ===>> H2,-0.25643687565189,H1,-0.0468947883884184,AX,-0.0600962819903258,L1,-0.0656509695518876,L2,0.03...
check iteration duration=6.60419464111e-05
GetData ===>> H2,-0.232026764667219,H1,-0.0246678563992074,AX,-0.119530206125939,L1,-0.069132726894926,L2,0.021...
check iteration duration=7.89165496826e-05
GetData ===>> H2,-0.263516593558164,H1,0.055098771953488,AX,-0.125856250934317,L1,-0.0727208294097663,L2,-0.079...
testing H1>-5.0
evaluate ot="H1.bs>-5.0" t="H1>-5.0", ctx="{'H1': None}"
check iteration duration=0.0023078918457
GetData ===>> H2,-0.260648160221036,H1,-0.0163314841367111,AX,-0.0799077604769274,L1,-0.0261688615642556,L2,-0....
check iteration duration=3.48091125488e-05
GetData ===>> H2,-0.338208747194091,H1,-0.0752198171180883,AX,-0.0471105619615382,L1,-0.0175511816940186,L2,0.0...
check iteration duration=8.60691070557e-05
GetData ===>> H2,-0.200995329659867,H1,-0.0381667749586033,AX,-0.0498469827826747,L1,-0.0215366824122763,L2,0.0...
check iteration duration=6.48498535156e-05
GetData ===>> H2,-0.172909510835519,H1,-0.0734437777794692,AX,0.0594409289682261,L1,-0.00502621270034851,L2,-0....
check iteration duration=8.20159912109e-05
GetData ===>> H2,-0.23568406358213,H1,-0.0467755583604788,AX,-0.0775083402632271,L1,-0.0161575625462676,L2,-0.0...
testing H1>-5.0
evaluate ot="H1.bs>-5.0" t="H1>-5.0", ctx="{'H1': None}"
check iteration duration=0.00299000740051
GetData ===>> H2,-0.258366949381816,H1,-0.0132662914317237,AX,-0.120966926400066,L1,-0.0453897891417198,L2,0.05...
check iteration duration=6.60419464111e-05
GetData ===>> H2,-0.178488170652016,H1,0.00809724965320515,AX,-0.092889104631625,L1,-0.0369981793012964,L2,-0.0...
check iteration duration=6.69956207275e-05
GetData ===>> H2,-0.122862543662986,H1,-0.0101652227477931,AX,-0.0953345032746916,L1,-0.033110138776531,L2,-0.0...
check iteration duration=7.29560852051e-05
GetData ===>> H2,-0.163075107244361,H1,-0.0139342013424802,AX,-0.0831416680172512,L1,-0.0252953226939654,L2,0.0...
check iteration duration=7.79628753662e-05
GetData ===>> H2,-0.149593646970039,H1,-0.0914649421757783,AX,-0.117433019892108,L1,-0.0384525722285408,L2,-0.0...
testing H1>-5.0
evaluate ot="H1.bs>-5.0" t="H1>-5.0", ctx="{'H1': None}"
check iteration duration=0.00205588340759
09:58:33 -- collecting point 50
GetData ===>> H2,-0.20493548015783,H1,-0.110197791151489,AX,-0.0664841565627729,L1,0.00326376705637316,L2,0.046...
check iteration duration=7.10487365723e-05
GetData ===>> H2,-0.208723362435124,H1,-0.0574103181010031,AX,0.0231119027288124,L1,-0.0328826318799121,L2,-0.0...
check iteration duration=3.40938568115e-05
GetData ===>> H2,-0.171335122743001,H1,-0.0356865448297271,AX,-0.0741467341682231,L1,-0.0405523251607921,L2,-0....
check iteration duration=6.19888305664e-05
GetData ===>> H2,-0.141993238492549,H1,-0.00636031876066741,AX,-0.114814370295573,L1,-0.0234605242219167,L2,0.0...
check iteration duration=7.79628753662e-05
GetData ===>> H2,-0.155939924846164,H1,-0.0419466228511077,AX,-0.0882994701603611,L1,0.0174740951227836,L2,0.08...
testing H1>-5.0
evaluate ot="H1.bs>-5.0" t="H1>-5.0", ctx="{'H1': None}"
check iteration duration=0.0028350353241
GetData ===>> H2,-0.175833167001963,H1,0.000641559639302969,AX,-0.0116460819316811,L1,-0.00831127451756727,L2,0...
check iteration duration=3.19480895996e-05
GetData ===>> H2,-0.26940716828534,H1,-0.0264805378614284,AX,-0.128428261409354,L1,-0.0170714722761004,L2,-0.13...
check iteration duration=4.88758087158e-05
GetData ===>> H2,-0.298562684679394,H1,-0.0660532084687969,AX,-0.0914287898751135,L1,-0.0344411003371474,L2,-0....
check iteration duration=9.79900360107e-05
GetData ===>> H2,-0.187694198782835,H1,-0.0145186188584166,AX,-0.0744365323714703,L1,-0.0220749157264238,L2,0.0...
check iteration duration=6.19888305664e-05
GetData ===>> H2,-0.183079978849061,H1,-0.0172259779330773,AX,-0.0727093223224246,L1,-0.00794911874720551,L2,0....
testing H1>-5.0
evaluate ot="H1.bs>-5.0" t="H1>-5.0", ctx="{'H1': None}"
check iteration duration=0.00638699531555
GetData ===>> H2,-0.22240825910552,H1,-0.00730261253256688,AX,-0.0873606546192194,L1,-0.0100978788375166,L2,-0....
check iteration duration=1.28746032715e-05
waiting for write to finish
measurement finished
estimated time: 62.915 actual time: :63.332
flush and close file /Users/jan/PychronDev/data/isotopes/d9/003848-195c-41ef-b943-feebe95a88c6.h5
activate_detectors ('H1', 'AX', 'CDD') {'peak_center': True}
peak_center () {'detector': 'H1', 'integration_time': 0.262144, 'isotope': 'Ar40'}
peak center: mean=85.2125185554 threshold=3
peak center started
setup peak center. detector=['H1', 'AX', 'CDD'], isotope=Ar40
VersionedUnpickler [<apptools.sweet_pickle.versioned_unpickler.VersionedUnpickler object at 0x2457469b0>] using Updater [<apptools.sweet_pickle.updater.Updater object at 0x12e273d10>]
VersionedUnpickler [<apptools.sweet_pickle.versioned_unpickler.VersionedUnpickler object at 0x2457469b0>] using Updater [<apptools.sweet_pickle.updater.Updater object at 0x12e273d10>]
VersionedUnpickler [<apptools.sweet_pickle.versioned_unpickler.VersionedUnpickler object at 0x234499410>] using Updater [<apptools.sweet_pickle.updater.Updater object at 0x12e273d10>]
setting integration time = 0.524288
SetIntegrationTime 0.524288 ===>> OK
Mapping mass to dac mass func: "parabolic"
H1 map mass coeffs = [-0.00063987  0.15840543  0.57248999]
H1 map mass to dac 39.9624 >> 5.88088
GetDeflection H1 ===>> 0
GetHighVoltage ===>> 4499.94659342336
do peak center. <pychron.spectrometer.jobs.peak_center.PeakCenter object at 0x16275af50>
doing pc
starting peak center. center dac= 5.88084536805 step_width=0.001
width = 0.001
get scan parameters. half-width=0.015,window=0.015, i=0, scalar=1
Scan parameters center=5.88085 width=0.03000 (5.86585 - 5.89585)
GetData ===>> H2,-0.13033205338871,H1,-0.0187167831630529,AX,-0.132471509762632,L1,-0.0374977762181356,L2,-0.00...
Moving to starting dac 5.86584536805
setting magnet DAC
current  : 5.241505
requested: 5.865845
Delta Dac: 0.624340
Checking detector protection. dv=0.62434
Checking detector "CDD". Protection Threshold: 0.1 (V)
ProtectDetector CDD,On ===>> OK
GetDeflection CDD ===>> 2000
Protected = 2000
SetMagnetDAC 5.86584536805 ===>> OK
Magnet settling time: 0.500
GetMagnetMoving ===>> True
GetMagnetMoving ===>> True
GetMagnetMoving ===>> True
GetMagnetMoving ===>> True
GetMagnetMoving ===>> True
GetMagnetMoving ===>> True
GetMagnetMoving ===>> True
GetMagnetMoving ===>> True
GetMagnetMoving ===>> False
ProtectDetector CDD,Off ===>> OK
GetDeflection CDD ===>> 50
Wait until signal near baseline. tol= -0.0140375873723. timeout= 10
GetData ===>> H2,-0.0103843606459686,H1,0.00733376147510358,AX,0.00924666591830993,L1,0.0331931295285027,L2,0.0...
GetData ===>> H2,4.17256459022469,H1,0.5555475029005,AX,0.0442210211195165,L1,0.0750684043065324,L2,0.037857166...
GetData ===>> H2,5.98753832667121,H1,2.41823126090812,AX,-0.231634862674959,L1,0.0860018064028831,L2,-0.1980291...
GetData ===>> H2,3.36359836496078,H1,1.2045631913373,AX,-0.186025794567627,L1,0.0384606292695162,L2,0.014462311...
GetData ===>> H2,1.37867694513907,H1,0.664417352046232,AX,-0.143685141505437,L1,0.0338949834375324,L2,0.0796267...
GetData ===>> H2,0.36467522686035,H1,0.337395422881692,AX,-0.100259882686323,L1,0.0042122454625385,L2,0.0915252...
GetData ===>> H2,0.0501154676150593,H1,0.208508550878128,AX,-0.220107281033769,L1,0.0194927297567171,L2,-0.0358...
GetData ===>> H2,-0.0259880806937015,H1,0.285634522978318,AX,-0.0863291061104808,L1,0.00206328955482943,L2,0.06...
GetData ===>> H2,-0.110593775229726,H1,0.231131746436053,AX,0.00915385090353027,L1,-0.0422301352264047,L2,0.153...
GetData ===>> H2,-0.134410155506702,H1,0.0485465888971472,AX,-0.0214006821580726,L1,-0.0434490963190736,L2,0.09...
GetData ===>> H2,-0.145388609730191,H1,0.130988878369043,AX,-0.0659508836209858,L1,-0.057751854153332,L2,0.0018...
GetData ===>> H2,-0.114175509303157,H1,0.111606410542664,AX,-0.17451596439396,L1,-0.0530758465512666,L2,0.02671...
GetData ===>> H2,-0.0991785253363415,H1,0.0154222602843703,AX,-0.218000687694607,L1,-0.0282109933305662,L2,0.07...
GetData ===>> H2,-0.115794093300481,H1,0.0564713236309135,AX,-0.077149001707142,L1,-0.0279022141270348,L2,-0.03...
GetData ===>> H2,-0.103170843244268,H1,0.0717089321039534,AX,-0.0933758713464335,L1,-0.0247516457129815,L2,-0.1...
GetData ===>> H2,-0.139661693994339,H1,0.0435820144075507,AX,-0.023998651005907,L1,-0.00565476309592936,L2,0.05...
GetData ===>> H2,-0.158914476447165,H1,0.00296767532417266,AX,-0.0454756297516173,L1,0.000550891613817586,L2,-0...
GetData ===>> H2,-0.177473594564777,H1,0.0236784522137824,AX,-0.113076289609056,L1,0.00637903215596914,L2,0.006...
GetData ===>> H2,-0.16879702366431,H1,-0.0751602189937415,AX,-0.0329518337532615,L1,-0.000937278289850026,L2,0....
Peak center baseline intensity achieved
_do_sweep sm= 5.86584536805, em= 5.89584536805, stm= 0.001
calculated step values: start=5.86584536805, end=5.89584536805, width=0.001, nsteps=31.0
setting magnet DAC
current  : 5.865845
requested: 5.865845
Delta Dac: 0.000000
Checking detector protection. dv=0.00000
Checking detector "CDD". Protection Threshold: 0.1 (V)
SetMagnetDAC 5.86584536805 ===>> OK
GetData ===>> H2,-0.16879702366431,H1,-0.0751602189937415,AX,-0.0329518337532615,L1,-0.000937278289850026,L2,0....
setting magnet DAC
current  : 5.865845
requested: 5.866880
Delta Dac: 0.001034
Checking detector protection. dv=0.00103
Checking detector "CDD". Protection Threshold: 0.1 (V)
SetMagnetDAC 5.86687985081 ===>> OK
Magnet settling time: 1.049
GetData ===>> H2,-0.121562820154471,H1,0.0814554150658122,AX,-0.0939321731813289,L1,-0.00281397900336961,L2,-0....
setting magnet DAC
current  : 5.866880
requested: 5.867914
Delta Dac: 0.001034
Checking detector protection. dv=0.00103
Checking detector "CDD". Protection Threshold: 0.1 (V)
SetMagnetDAC 5.86791433357 ===>> OK
Magnet settling time: 1.049
GetData ===>> H2,-0.137511666587685,H1,0.415720539631504,AX,-0.119982080112394,L1,-0.0276532689512191,L2,-0.125...
setting magnet DAC
current  : 5.867914
requested: 5.868949
Delta Dac: 0.001034
Checking detector protection. dv=0.00103
Checking detector "CDD". Protection Threshold: 0.1 (V)
SetMagnetDAC 5.86894881633 ===>> OK
Magnet settling time: 1.049
GetData ===>> H2,-0.250664846136614,H1,1.51207412632741,AX,-0.0262718168627748,L1,-0.0106290027272768,L2,-0.099...
setting magnet DAC
current  : 5.868949
requested: 5.869983
Delta Dac: 0.001034
Checking detector protection. dv=0.00103
Checking detector "CDD". Protection Threshold: 0.1 (V)
SetMagnetDAC 5.86998329908 ===>> OK
Magnet settling time: 1.049
GetData ===>> H2,-0.237708264549538,H1,5.36233956829524,AX,-0.118313611883352,L1,-0.0512526900869444,L2,-0.0406...
setting magnet DAC
current  : 5.869983
requested: 5.871018
Delta Dac: 0.001034
Checking detector protection. dv=0.00103
Checking detector "CDD". Protection Threshold: 0.1 (V)
SetMagnetDAC 5.87101778184 ===>> OK
Magnet settling time: 1.049
GetData ===>> H2,-0.17845792230434,H1,15.0107071135828,AX,0.152534464281464,L1,-0.0197316806374173,L2,0.0441681...
setting magnet DAC
current  : 5.871018
requested: 5.872052
Delta Dac: 0.001034
Checking detector protection. dv=0.00103
Checking detector "CDD". Protection Threshold: 0.1 (V)
SetMagnetDAC 5.8720522646 ===>> OK
Magnet settling time: 1.049
GetData ===>> H2,-0.158919879100388,H1,32.7207900150937,AX,0.214713786824624,L1,0.0105269391141474,L2,0.0618274...
setting magnet DAC
current  : 5.872052
requested: 5.873087
Delta Dac: 0.001034
Checking detector protection. dv=0.00103
Checking detector "CDD". Protection Threshold: 0.1 (V)
SetMagnetDAC 5.87308674736 ===>> OK
Magnet settling time: 1.049
GetData ===>> H2,-0.235488015033684,H1,63.8762048476846,AX,0.495051729409811,L1,0.117376082085998,L2,-0.0105663...
setting magnet DAC
current  : 5.873087
requested: 5.874121
Delta Dac: 0.001034
Checking detector protection. dv=0.00103
Checking detector "CDD". Protection Threshold: 0.1 (V)
SetMagnetDAC 5.87412123012 ===>> OK
Magnet settling time: 1.049
GetData ===>> H2,-0.200824104870025,H1,76.5992937042816,AX,0.780261346223313,L1,0.210026586258734,L2,-0.0137770...
setting magnet DAC
current  : 5.874121
requested: 5.875156
Delta Dac: 0.001034
Checking detector protection. dv=0.00103
Checking detector "CDD". Protection Threshold: 0.1 (V)
SetMagnetDAC 5.87515571288 ===>> OK
Magnet settling time: 1.049
GetData ===>> H2,-0.171773598996168,H1,82.1691140204625,AX,0.765304325862121,L1,0.24043113162392,L2,0.056882516...
setting magnet DAC
current  : 5.875156
requested: 5.876190
Delta Dac: 0.001034
Checking detector protection. dv=0.00103
Checking detector "CDD". Protection Threshold: 0.1 (V)
SetMagnetDAC 5.87619019564 ===>> OK
Magnet settling time: 1.049
GetData ===>> H2,-0.219032209570308,H1,83.7933418809294,AX,0.860908192790811,L1,0.258130618581721,L2,0.06754748...
setting magnet DAC
current  : 5.876190
requested: 5.877225
Delta Dac: 0.001034
Checking detector protection. dv=0.00103
Checking detector "CDD". Protection Threshold: 0.1 (V)
SetMagnetDAC 5.87722467839 ===>> OK
Magnet settling time: 1.049
GetData ===>> H2,-0.277444271704531,H1,84.3085838833134,AX,0.789325202929682,L1,0.27609116081635,L2,0.081837663...
setting magnet DAC
current  : 5.877225
requested: 5.878259
Delta Dac: 0.001034
Checking detector protection. dv=0.00103
Checking detector "CDD". Protection Threshold: 0.1 (V)
SetMagnetDAC 5.87825916115 ===>> OK
Magnet settling time: 1.049
GetData ===>> H2,-0.113081887181049,H1,84.7442985392313,AX,0.838450906275494,L1,0.301510055017089,L2,0.01220741...
setting magnet DAC
current  : 5.878259
requested: 5.879294
Delta Dac: 0.001034
Checking detector protection. dv=0.00103
Checking detector "CDD". Protection Threshold: 0.1 (V)
SetMagnetDAC 5.87929364391 ===>> OK
Magnet settling time: 1.049
GetData ===>> H2,-0.098402078382529,H1,84.4700125079031,AX,0.768193042391772,L1,0.284397428200964,L2,-0.0479718...
setting magnet DAC
current  : 5.879294
requested: 5.880328
Delta Dac: 0.001034
Checking detector protection. dv=0.00103
Checking detector "CDD". Protection Threshold: 0.1 (V)
SetMagnetDAC 5.88032812667 ===>> OK
Magnet settling time: 1.049
GetData ===>> H2,-0.14072845331211,H1,84.4017522105034,AX,0.857044706692236,L1,0.287530774533736,L2,0.092938528...
setting magnet DAC
current  : 5.880328
requested: 5.881363
Delta Dac: 0.001034
Checking detector protection. dv=0.00103
Checking detector "CDD". Protection Threshold: 0.1 (V)
SetMagnetDAC 5.88136260943 ===>> OK
Magnet settling time: 1.049
GetData ===>> H2,-0.196727419540564,H1,84.6305565611,AX,0.802948666428065,L1,0.283165258223086,L2,0.11452849621...
setting magnet DAC
current  : 5.881363
requested: 5.882397
Delta Dac: 0.001034
Checking detector protection. dv=0.00103
Checking detector "CDD". Protection Threshold: 0.1 (V)
SetMagnetDAC 5.88239709219 ===>> OK
Magnet settling time: 1.049
GetData ===>> H2,-0.0636975763742619,H1,84.573448211654,AX,0.826886834257494,L1,0.29364222786601,L2,0.006171836...
setting magnet DAC
current  : 5.882397
requested: 5.883432
Delta Dac: 0.001034
Checking detector protection. dv=0.00103
Checking detector "CDD". Protection Threshold: 0.1 (V)
SetMagnetDAC 5.88343157495 ===>> OK
Magnet settling time: 1.049
GetData ===>> H2,-0.0327909288732188,H1,84.5838637726666,AX,1.06512199277283,L1,0.292384618585466,L2,0.06164514...
setting magnet DAC
current  : 5.883432
requested: 5.884466
Delta Dac: 0.001034
Checking detector protection. dv=0.00103
Checking detector "CDD". Protection Threshold: 0.1 (V)
SetMagnetDAC 5.8844660577 ===>> OK
Magnet settling time: 1.049
GetData ===>> H2,-0.133507640249062,H1,84.5767051130309,AX,0.816487318126857,L1,0.281680532952119,L2,0.09478499...
setting magnet DAC
current  : 5.884466
requested: 5.885501
Delta Dac: 0.001034
Checking detector protection. dv=0.00103
Checking detector "CDD". Protection Threshold: 0.1 (V)
SetMagnetDAC 5.88550054046 ===>> OK
Magnet settling time: 1.049
GetData ===>> H2,-0.148711109090728,H1,83.9681846540121,AX,0.839986680707859,L1,0.315762023011121,L2,-0.0006832...
setting magnet DAC
current  : 5.885501
requested: 5.886535
Delta Dac: 0.001034
Checking detector protection. dv=0.00103
Checking detector "CDD". Protection Threshold: 0.1 (V)
SetMagnetDAC 5.88653502322 ===>> OK
Magnet settling time: 1.049
GetData ===>> H2,-0.193069839613365,H1,82.4067084053447,AX,0.827584827980065,L1,0.267561552961829,L2,0.05460383...
setting magnet DAC
current  : 5.886535
requested: 5.887570
Delta Dac: 0.001034
Checking detector protection. dv=0.00103
Checking detector "CDD". Protection Threshold: 0.1 (V)
SetMagnetDAC 5.88756950598 ===>> OK
Magnet settling time: 1.049
GetData ===>> H2,-0.286276521510711,H1,76.3948403489867,AX,0.671909696030476,L1,0.274412402583879,L2,-0.0876153...
setting magnet DAC
current  : 5.887570
requested: 5.888604
Delta Dac: 0.001034
Checking detector protection. dv=0.00103
Checking detector "CDD". Protection Threshold: 0.1 (V)
SetMagnetDAC 5.88860398874 ===>> OK
Magnet settling time: 1.049
GetData ===>> H2,-0.194138986539035,H1,61.7872514791602,AX,0.540967729420422,L1,0.236231582259171,L2,0.01803836...
setting magnet DAC
current  : 5.888604
requested: 5.889638
Delta Dac: 0.001034
Checking detector protection. dv=0.00103
Checking detector "CDD". Protection Threshold: 0.1 (V)
SetMagnetDAC 5.8896384715 ===>> OK
Magnet settling time: 1.049
GetData ===>> H2,-0.0815289940041737,H1,40.3941933058527,AX,0.164665596651049,L1,0.126174785629469,L2,0.0826810...
setting magnet DAC
current  : 5.889638
requested: 5.890673
Delta Dac: 0.001034
Checking detector protection. dv=0.00103
Checking detector "CDD". Protection Threshold: 0.1 (V)
SetMagnetDAC 5.89067295426 ===>> OK
Magnet settling time: 1.049
GetData ===>> H2,-0.186507320338627,H1,20.4063316446138,AX,0.102610927442348,L1,0.0779858824597398,L2,-0.017101...
setting magnet DAC
current  : 5.890673
requested: 5.891707
Delta Dac: 0.001034
Checking detector protection. dv=0.00103
Checking detector "CDD". Protection Threshold: 0.1 (V)
SetMagnetDAC 5.89170743701 ===>> OK
Magnet settling time: 1.049
GetData ===>> H2,-0.160764734572904,H1,8.02761261178591,AX,0.0360507039636431,L1,0.0499709964664197,L2,-0.02297...
setting magnet DAC
current  : 5.891707
requested: 5.892742
Delta Dac: 0.001034
Checking detector protection. dv=0.00103
Checking detector "CDD". Protection Threshold: 0.1 (V)
SetMagnetDAC 5.89274191977 ===>> OK
Magnet settling time: 1.049
GetData ===>> H2,-0.112778686164239,H1,2.51937370382971,AX,0.0414820315840914,L1,0.0138033141937584,L2,-0.06556...
setting magnet DAC
current  : 5.892742
requested: 5.893776
Delta Dac: 0.001034
Checking detector protection. dv=0.00103
Checking detector "CDD". Protection Threshold: 0.1 (V)
SetMagnetDAC 5.89377640253 ===>> OK
Magnet settling time: 1.049
GetData ===>> H2,-0.162814521856086,H1,0.591162902784892,AX,0.035725762344603,L1,-0.00387456817867516,L2,-0.002...
setting magnet DAC
current  : 5.893776
requested: 5.894811
Delta Dac: 0.001034
Checking detector protection. dv=0.00103
Checking detector "CDD". Protection Threshold: 0.1 (V)
SetMagnetDAC 5.89481088529 ===>> OK
Magnet settling time: 1.049
GetData ===>> H2,-0.247280658425229,H1,-0.0964702452006748,AX,-0.0525717321450167,L1,0.00534831445481242,L2,-0....
setting magnet DAC
current  : 5.894811
requested: 5.895845
Delta Dac: 0.001034
Checking detector protection. dv=0.00103
Checking detector "CDD". Protection Threshold: 0.1 (V)
SetMagnetDAC 5.89584536805 ===>> OK
Magnet settling time: 1.049
GetData ===>> H2,-0.214963660834453,H1,-0.0907022073484807,AX,0.0135394570484869,L1,0.00266351041928594,L2,-0.0...
result of _do_sweep=True
result of _calculate_peak_center=([5.8730141884485594, 5.8807634801353812, 5.888512771822203], [61.690955310325123, 84.742099853609432, 63.075295387525983], 5.8782674535995518, 84.742099853609432)
Failed to find a valid peak. No peak greater than 1.0. max = 0.224701698442
new center pos Detector(H1) (Ar40) @ 5.88076348014
GetHighVoltage ===>> 4499.94659342336
GetDeflection H1 ===>> 0
dac uncorrected for HV and deflection 5.8807981116
update mftable H1 Ar40 5.8807981116 message=automated run peakcenter
get initial guess parabolic
get initial guess parabolic
get initial guess parabolic
get initial guess parabolic
get initial guess parabolic
get initial guess parabolic
dump mftable to /Users/jan/PychronDev/setupfiles/spectrometer/mftables/mftable.csv
add to repo msg=modified - automated run peakcenter
sweep finished
locally archiving mftable
setting magnet DAC
current  : 5.895845
requested: 5.880763
Delta Dac: 0.015082
Checking detector protection. dv=0.01508
Checking detector "CDD". Protection Threshold: 0.1 (V)
SetMagnetDAC 5.88076348014 ===>> OK
Magnet settling time: 0.500
setting integration time = 1.048576
SetIntegrationTime 1.048576 ===>> OK
Failed to find a valid peak. No peak greater than 1.0. max = 0.224706471768
flush and close file /Users/jan/PychronDev/data/isotopes/d9/003848-195c-41ef-b943-feebe95a88c6.h5
finished measure script
executed snippet estimated_duration=226.132928, duration=275.163633108
jan_unknown120_60.py completed successfully
Measurement Finished
09:59:30 -- ******* Measurement Finished *******
Post Measurement Started jan_pump_ms.py
09:59:30 -- ******* Post Measurement Started jan_pump_ms.py *******
testing...
no interpolation path defined
executed snippet estimated_duration=0, duration=4.79221343994e-05
Pumping spectrometer
open () {'name': 'O'}
opening name=O desc=---
checking ownership. requestor=129.138.12.150
check software interlocks O
interlocks []
actuate state mode=None-script, software_lock=False
doing actuation None-script open_channel True
Open O ===>> OK
GetIndicatorState O ===>> OK
change switch state (True, True)
update switch state O True args=() kw={} ncanvase=8
09:59:31 -- OPEN   VALVE-O (Jan Ion Pump)
---------------------------------------- open O () result=[(True, True)], time=0.10 sec
action=open, ok=True, locked=[False]
executed snippet estimated_duration=0, duration=0.358791828156
jan_pump_ms.py completed successfully
setting _ms_pumptime
Post Measurement Finished
09:59:31 -- ******* Post Measurement Finished *******
$$$$$$$$$$$$$$$$$$$$ state at run end measurement
state changed from measurement to success
post measurement save measured=True aborted=False
Set filtering
setting fod for Ar40= {'filter_outliers': True, 'std_devs': 2, 'iterations': 1}
setting fod for H1= {'filter_outliers': True, 'std_devs': 2, 'iterations': 1}
setting fod for PM41= {'filter_outliers': False, 'std_devs': 2, 'iterations': 1}
setting fod for H2= {'filter_outliers': True, 'std_devs': 2, 'iterations': 1}
setting fod for Ar36= {'filter_outliers': True, 'std_devs': 2, 'iterations': 1}
setting fod for CDD= {'filter_outliers': True, 'std_devs': 10, 'iterations': 1}
setting fod for Ar37= {'filter_outliers': True, 'std_devs': 2, 'iterations': 1}
setting fod for L2= {'filter_outliers': True, 'std_devs': 2, 'iterations': 1}
setting fod for Ar38= {'filter_outliers': True, 'std_devs': 2, 'iterations': 1}
setting fod for L1= {'filter_outliers': True, 'std_devs': 2, 'iterations': 1}
setting fod for Ar39= {'filter_outliers': True, 'std_devs': 2, 'iterations': 1}
setting fod for AX= {'filter_outliers': True, 'std_devs': 2, 'iterations': 1}
persistence save...
persistence save - db
post measurement save
9760968336 connecting to database sqlite:////Users/jan/PychronDev/.appdata/local_lab.db
connected to db sqlite:////Users/jan/PychronDev/.appdata/local_lab.db
create new session 9760968336
close session 9760968336
No database instance. Not saving post measurement to isotopedb database
$$$$$$$$$$$$$$$ auto_save_detector_ic=False
massspec enabled True
create new session 6484677072
MassSpec Database Version: 16.0
close session 6484677072
saving post measurement to secondary database
saving to massspec database 129.138.12.160/massspecdata
setting labnumber to 65475
setting aliquot to 7
setting step to 
setting uuid to d9003848-195c-41ef-b943-feebe95a88c6
setting irradpos to 65475
setting extract_device to Fusions CO2
setting tray to 
setting position to 97
setting power_requested to 5.0
setting extract_value to 5.0
setting duration to 30.0
setting duration_at_request to 30.0
setting first_stage_delay to 30.0
setting cleanup to 30.0
setting comment to P:7
setting irradiation to NM-288
setting level to P
setting irradiation_level to P
setting sample to Goat Mtn
setting material to Sanidine
setting project to IR989
setting mass_spectrometer to Jan
no attribute chron_dosages
no attribute production_ratios
no attribute interference_corrections
no attribute production_name
no attribute j
Reference Isotope=Ar40
Reference Detector=H1
%%%%%%%%%%%%%%%%%%%% Comment: P:7 %%%%%%%%%%%%%%%%%%%
adding isotope PM41 H2
add baseline dbdet= PM41. original det= H2
get baseline data PM41 H2
Get data baseline <pychron.processing.isotope.Baseline object at 0x224d4d110> len t=60
baseline PM41. v=-0.204783742388, e=0.00732428795818
get signal data PM41 H2
Get data signal PM41 0.09+/-0.09 len t=120
adding isotope Ar40 H1
add baseline dbdet= Ar40. original det= H1
get baseline data Ar40 H1
Get data baseline <pychron.processing.isotope.Baseline object at 0x224d4d310> len t=60
baseline Ar40. v=-0.0346087478471, e=0.00369407045719
get signal data Ar40 H1
Get data signal Ar40 84.771+/-0.018 len t=120
adding isotope Ar39 AX
add baseline dbdet= Ar39. original det= AX
get baseline data Ar39 AX
Get data baseline <pychron.processing.isotope.Baseline object at 0x224d4d4d0> len t=60
baseline Ar39. v=-0.0794873219458, e=0.00484879901914
get signal data Ar39 AX
Get data signal Ar39 0.382+/-0.012 len t=120
adding isotope Ar38 L1
add baseline dbdet= Ar38. original det= L1
get baseline data Ar38 L1
Get data baseline <pychron.processing.isotope.Baseline object at 0x224d4d690> len t=60
baseline Ar38. v=-0.0232680614937, e=0.00199319300669
get signal data Ar38 L1
Get data signal Ar38 0.357+/-0.006 len t=120
adding isotope Ar37 L2
add baseline dbdet= Ar37. original det= L2
get baseline data Ar37 L2
Get data baseline <pychron.processing.isotope.Baseline object at 0x224d4d850> len t=60
baseline Ar37. v=-0.0081259905174, e=0.00668318573088
get signal data Ar37 L2
Get data signal Ar37 0.062+/-0.011 len t=120
adding isotope Ar36 CDD
add baseline dbdet= Ar36. original det= CDD
get baseline data Ar36 CDD
Get data baseline <pychron.processing.isotope.Baseline object at 0x224d4da10> len t=60
baseline Ar36. v=6.9470525606e-05, e=1.39157153071e-05
get signal data Ar36 CDD
Get data signal Ar36 0.2326+/-0.0012 len t=120
65475-07 added analysis time 0.66229891777s
analysis added to mass spec database
mass spec save time= 0.672
persistence save - dvc
================= post measurement started
create new session 4992585168
close session 4992585168
---------------- Experiment Queue saving disabled
DVC saving peakcenter
Failed to find a valid peak. No peak greater than 1.0. max = 0.224706471768
Smart pull ahead: 0 behind: 0
Up-to-date with origin
add to repo msg=modified - ad8224ebc6dbfeb9f5997218dfa5fe690569839d.json
add to repo msg=modified - 75-07.json
add to repo msg=modified - 75-07.dat.json
add to repo msg=modified - 75-07.blan.json
add to repo msg=modified - 75-07.inte.json
add to repo msg=modified - 75-07.icfa.json
add to repo msg=modified - 75-07.base.json
not at valid file /Users/jan/PychronDev/data/.dvc/repositories/Load1795/654/tags/75-07.tags.json
add to repo msg=modified - 75-07.peak.json
add to repo msg=modified - 75-07.extr.json
not at valid file /Users/jan/PychronDev/data/.dvc/repositories/Load1795/654/monitor/75-07.moni.json
commit message=<COLLECTION>
add to repo msg=modified - 75-07.inte.json
add to repo msg=modified - 75-07.base.json
commit message=<ISOEVO> default collection fits
add to repo msg=modified - 75-07.blan.json
commit message=<BLANKS> preceding bu-FC-J-7822
add to repo msg=modified - 75-07.icfa.json
commit message=<ICFactor> default
push repository <pychron.git_archive.repo_manager.GitRepoManager object at 0x211f04e90>
pushing to remote=origin, url=https://github.com
no changes to meta repo
create new session 4992585168
add association Load1795
get identifier "65475"
setting analysis irradiation position=<pychron.dvc.dvc_orm.IrradiationPositionTbl object at 0x24623d090>
close session 4992585168
================= post measurement finished
09:59:44 -- ******* Post Run Check *******
loading queue conditionals post_run_actions
loading system conditionals post_run_actions
loading conditionals from /Users/jan/PychronDev/setupfiles/spectrometer/default_conditionals.yaml
loading queue conditionals post_run_terminations
loading system conditionals post_run_terminations
loading conditionals from /Users/jan/PychronDev/setupfiles/spectrometer/default_conditionals.yaml
Checking default post run terminations n=1
GetDeflection CDD ===>> 50
testing CDD==2000
evaluate ot="CDD.deflection==2000" t="CDD==2000", ctx="{'CDD': 50.0}"
09:59:44 -- ******* Post Run Check Passed *******
09:59:44 -- Automated run 65475-07 success duration: 367.017 s
----------------- finish -----------------
----------------- stop -----------------
retroactive repository identifiers disabled
finish run. runs completed=169
update duration runid=65475-07, duration=367.017452002, md5=301e91d8
loading script "jan_unknown120_60.py"
loading script "jan_pump_ms.py"
loading script "jan_co2.py"
loading script "jan_pump_extraction_line.py"
testing...
no interpolation path defined
executed snippet estimated_duration=213.652928, duration=0.000261068344116
script duration name:unknown120_60 seconds:214.0
loading script "jan_unknown120_60.py"
loading script "jan_pump_ms.py"
loading script "jan_co2.py"
loading script "jan_pump_extraction_line.py"
testing...
no interpolation path defined
executed snippet estimated_duration=0, duration=2.59876251221e-05
loading script "jan_unknown120_60.py"
loading script "jan_pump_ms.py"
loading script "jan_co2.py"
loading script "jan_pump_extraction_line.py"
testing...
no interpolation path defined
calculate duration
testing...
no interpolation path defined
executed snippet estimated_duration=0, duration=8.29696655273e-05
calculate duration
testing...
no interpolation path defined
executed snippet estimated_duration=0, duration=0.000123977661133
executed snippet estimated_duration=0.0, duration=0.00267910957336
script duration name:co2 seconds:0.0
loading script "jan_unknown120_60.py"
loading script "jan_pump_ms.py"
loading script "jan_co2.py"
loading script "jan_pump_extraction_line.py"
testing...
no interpolation path defined
calculate duration
testing...
no interpolation path defined
executed snippet estimated_duration=4.0, duration=0.000152826309204
executed snippet estimated_duration=4.0, duration=0.00145101547241
Script duration 214.0
Run total estimated duration= 215.000
loading script "jan_unknown400_120.py"
loading script "jan_pump_ms.py"
loading script "jan_sniffair_x2.py"
loading script "jan_pump_extraction_line.py"
testing...
no interpolation path defined
executed snippet estimated_duration=556.052928, duration=0.000125885009766
script duration name:unknown400_120 seconds:556.0
pump_ms in script context. using previous estimated duration
loading script "jan_unknown400_120.py"
loading script "jan_pump_ms.py"
loading script "jan_sniffair_x2.py"
loading script "jan_pump_extraction_line.py"
testing...
no interpolation path defined
calculate duration
testing...
no interpolation path defined
executed snippet estimated_duration=0, duration=0.000147104263306
calculate duration
testing...
no interpolation path defined
executed snippet estimated_duration=0, duration=9.89437103271e-05
calculate duration
testing...
no interpolation path defined
executed snippet estimated_duration=32.0, duration=9.79900360107e-05
calculate duration
testing...
no interpolation path defined
executed snippet estimated_duration=34.0, duration=0.000111103057861
calculate duration
testing...
no interpolation path defined
executed snippet estimated_duration=4.0, duration=6.38961791992e-05
calculate duration
testing...
no interpolation path defined
executed snippet estimated_duration=36.0, duration=8.60691070557e-05
calculate duration
testing...
no interpolation path defined
executed snippet estimated_duration=34.0, duration=0.000101089477539
calculate duration
testing...
no interpolation path defined
executed snippet estimated_duration=4.0, duration=6.19888305664e-05
calculate duration
testing...
no interpolation path defined
executed snippet estimated_duration=36.0, duration=9.48905944824e-05
calculate duration
testing...
no interpolation path defined
executed snippet estimated_duration=70.0, duration=9.58442687988e-05
executed snippet estimated_duration=250.0, duration=0.0172688961029
script duration name:sniffair_x2 seconds:250.0
pump_extraction_line in script context. using previous estimated duration
Script duration 806.0
Run total estimated duration= 807.000
unknown400_120 in script context. using previous estimated duration
script duration name:unknown400_120 seconds:556.0
sniffair_x2 in script context. using previous estimated duration
script duration name:sniffair_x2 seconds:250.0
Script duration 806.0
Run total estimated duration= 807.000
script duration name:unknown400_120 seconds:556.0
loading script "jan_unknown400_120.py"
loading script "jan_pump_ms.py"
loading script "jan_cocktail_x1.py"
loading script "jan_pump_extraction_line.py"
testing...
no interpolation path defined
calculate duration
testing...
no interpolation path defined
executed snippet estimated_duration=0, duration=0.000119924545288
calculate duration
testing...
no interpolation path defined
executed snippet estimated_duration=0, duration=0.000125885009766
calculate duration
testing...
no interpolation path defined
executed snippet estimated_duration=32.0, duration=0.000113964080811
calculate duration
testing...
no interpolation path defined
executed snippet estimated_duration=34.0, duration=0.000118017196655
calculate duration
testing...
no interpolation path defined
executed snippet estimated_duration=4.0, duration=8.10623168945e-05
calculate duration
testing...
no interpolation path defined
executed snippet estimated_duration=38.0, duration=0.0001220703125
executed snippet estimated_duration=108.0, duration=0.0103869438171
script duration name:cocktail_x1 seconds:108.0
Script duration 664.0
Run total estimated duration= 665.000
unknown120_60 in script context. using previous estimated duration
script duration name:unknown120_60 seconds:214.0
co2 in script context. using previous estimated duration
script duration name:co2 seconds:0.0
Script duration 214.0
Run total estimated duration= 215.000
script duration name:unknown120_60 seconds:214.0
script duration name:co2 seconds:0.0
Script duration 214.0
Run total estimated duration= 215.000
script duration name:unknown120_60 seconds:214.0
script duration name:co2 seconds:0.0
Script duration 214.0
Run total estimated duration= 215.000
script duration name:unknown120_60 seconds:214.0
script duration name:co2 seconds:0.0
Script duration 214.0
Run total estimated duration= 215.000
script duration name:unknown120_60 seconds:214.0
script duration name:co2 seconds:0.0
Script duration 214.0
Run total estimated duration= 215.000
script duration name:unknown120_60 seconds:214.0
script duration name:co2 seconds:0.0
Script duration 214.0
Run total estimated duration= 215.000
script duration name:unknown120_60 seconds:214.0
script duration name:co2 seconds:0.0
Script duration 214.0
Run total estimated duration= 215.000
script duration name:unknown120_60 seconds:214.0
script duration name:co2 seconds:0.0
Script duration 214.0
Run total estimated duration= 215.000
script duration name:unknown400_120 seconds:556.0
cocktail_x1 in script context. using previous estimated duration
script duration name:cocktail_x1 seconds:108.0
Script duration 664.0
Run total estimated duration= 665.000
loading script "jan_ic_peak_hop3.py"
loading script "jan_pump_ms.py"
loading script "jan_air_x1.py"
loading script "jan_pump_extraction_line.py"
testing...
no interpolation path defined
executed snippet estimated_duration=133.8, duration=0.00799822807312
script duration name:ic_peak_hop3 seconds:134.0
loading script "jan_ic_peak_hop3.py"
loading script "jan_pump_ms.py"
loading script "jan_air_x1.py"
loading script "jan_pump_extraction_line.py"
testing...
no interpolation path defined
calculate duration
testing...
no interpolation path defined
executed snippet estimated_duration=0, duration=4.48226928711e-05
calculate duration
testing...
no interpolation path defined
executed snippet estimated_duration=0, duration=0.000121116638184
calculate duration
testing...
no interpolation path defined
executed snippet estimated_duration=32.0, duration=0.0001380443573
calculate duration
testing...
no interpolation path defined
executed snippet estimated_duration=34.0, duration=0.000102043151855
calculate duration
testing...
no interpolation path defined
executed snippet estimated_duration=4.0, duration=6.79492950439e-05
calculate duration
testing...
no interpolation path defined
executed snippet estimated_duration=36.0, duration=8.79764556885e-05
executed snippet estimated_duration=106.0, duration=0.0107040405273
script duration name:air_x1 seconds:106.0
Script duration 240.0
Run total estimated duration= 241.000
script duration name:unknown120_60 seconds:214.0
script duration name:co2 seconds:0.0
Script duration 214.0
Run total estimated duration= 215.000
script duration name:unknown120_60 seconds:214.0
script duration name:co2 seconds:0.0
Script duration 214.0
Run total estimated duration= 215.000
script duration name:unknown120_60 seconds:214.0
script duration name:co2 seconds:0.0
Script duration 214.0
Run total estimated duration= 215.000
script duration name:unknown120_60 seconds:214.0
script duration name:co2 seconds:0.0
Script duration 214.0
Run total estimated duration= 215.000
script duration name:unknown120_60 seconds:214.0
script duration name:co2 seconds:0.0
Script duration 214.0
Run total estimated duration= 215.000
script duration name:unknown120_60 seconds:214.0
script duration name:co2 seconds:0.0
Script duration 214.0
Run total estimated duration= 215.000
script duration name:unknown120_60 seconds:214.0
script duration name:co2 seconds:0.0
Script duration 214.0
Run total estimated duration= 215.000
script duration name:unknown120_60 seconds:214.0
script duration name:co2 seconds:0.0
Script duration 214.0
Run total estimated duration= 215.000
script duration name:unknown120_60 seconds:214.0
script duration name:co2 seconds:0.0
Script duration 214.0
Run total estimated duration= 215.000
script duration name:unknown120_60 seconds:214.0
script duration name:co2 seconds:0.0
Script duration 214.0
Run total estimated duration= 215.000
script duration name:unknown120_60 seconds:214.0
script duration name:co2 seconds:0.0
Script duration 214.0
Run total estimated duration= 215.000
nruns=25 before=0.0, run_dur=7485.0, btw=1080.0
write rem/ex queues
/Users/jan/PychronDev/experiments/rem/CurrentExperiment.rem.txt
/Users/jan/PychronDev/experiments/rem/CurrentExperiment.ex.txt
doing event level: 3
