do run
loading script "jan_unknown120_60.py"
loading script "jan_pump_ms.py"
loading script "jan_co2.py"
loading script "jan_pump_extraction_line.py"
testing...
no interpolation path defined
executed snippet estimated_duration=213.652928, duration=0.000184059143066
script duration name:unknown120_60 seconds:214.0
loading script "jan_unknown120_60.py"
loading script "jan_pump_ms.py"
loading script "jan_co2.py"
loading script "jan_pump_extraction_line.py"
testing...
no interpolation path defined
executed snippet estimated_duration=0, duration=1.71661376953e-05
loading script "jan_unknown120_60.py"
loading script "jan_pump_ms.py"
loading script "jan_co2.py"
loading script "jan_pump_extraction_line.py"
testing...
no interpolation path defined
calculate duration
testing...
no interpolation path defined
executed snippet estimated_duration=0, duration=4.50611114502e-05
calculate duration
testing...
no interpolation path defined
executed snippet estimated_duration=0, duration=0.000121116638184
executed snippet estimated_duration=0.0, duration=0.00181889533997
script duration name:co2 seconds:0.0
loading script "jan_unknown120_60.py"
loading script "jan_pump_ms.py"
loading script "jan_co2.py"
loading script "jan_pump_extraction_line.py"
testing...
no interpolation path defined
calculate duration
testing...
no interpolation path defined
executed snippet estimated_duration=4.0, duration=0.000111103057861
executed snippet estimated_duration=4.0, duration=0.000848770141602
Script duration 214.0
Run total estimated duration= 215.000
run duration: 0:03:35
doing event level: 2
09:12:08 -- Setting default integration. t=1.048576
setting integration time = 1.048576
SetIntegrationTime 1.048576 ===>> OK
----------------- start -----------------
**************** Experiment Type: Ar/Ar, Ar/Ar
create new session 4419438256
close session 4419438256
$$$$$ Clearing conditionals
adding conditionals 
Add queue conditionals
add default conditionals
adding default conditionals from /Users/jan/PychronDev/setupfiles/spectrometer/default_conditionals.yaml
Start automated run 65475-02
loading script "jan_unknown120_60.py"
loading script "jan_pump_ms.py"
loading script "jan_co2.py"
loading script "jan_pump_extraction_line.py"
%%%%%%%%%%%%%%%%%% setting automated run 65475-02
No value "sensitivity_multiplier" in metadata
$$$$$$$$$$$$$$$ auto_save_detector_ic=False
============================= Pre Extraction Check =============================
loading queue conditionals pre_run_terminations
loading system conditionals pre_run_terminations
loading conditionals from /Users/jan/PychronDev/setupfiles/spectrometer/default_conditionals.yaml
09:12:08 -- ******* Pre Extraction Check *******
Get a measurement from the spectrometer
GetData ===>> H2,-0.25590994579523,H1,0.0154103298638521,AX,-0.0433072730316666,L1,0.00443437040184906,L2,0.036...
Pre Extraction Termination data. keys=H2,H1,AX,L1,L2,CDD, signals=-0.25591,0.01541,-0.04331,0.00443,0.03624,0.00417
09:12:08 -- testing system defined conditionals
Checking default pre extraction terminations n=2
testing CDD
evaluate ot="CDD.inactive" t="CDD", ctx="{'CDD': False}"
GetDeflection CDD ===>> 50
testing CDD==2000
evaluate ot="CDD.deflection==2000" t="CDD==2000", ctx="{'CDD': 50.0}"
09:12:08 -- ******* Pre Extraction Check Passed *******
=================================================================================
09:12:08 -- stopping status monitor
stop 6901184944
Alive clients [5025639504, 5288834736, 4992986192]
09:12:08 -- starting status monitor
start 6901184944
Monitor already running
start extraction
do extraction
Analysis started at 09:12:08.789437
Extraction Started jan_co2.py
09:12:08 -- ******* Extraction Started jan_co2.py *******
state changed from not run to extraction
DO EXTRACTION <pychron.extraction_line.pyscript_runner.RemotePyScriptRunner object at 0x12bfe48f0>
testing...
no interpolation path defined
calculate duration
testing...
no interpolation path defined
executed snippet estimated_duration=0, duration=4.10079956055e-05
calculate duration
testing...
no interpolation path defined
executed snippet estimated_duration=0, duration=9.58442687988e-05
executed snippet estimated_duration=100.0, duration=0.00232100486755
Jan CO2 laser analysis
doing GOSUB
testing...
no interpolation path defined
executed snippet estimated_duration=0, duration=4.19616699219e-05
Waiting for CO2 access
wait ('FelixCO2Flag', 0) {}
waiting for FelixCO2Flag = 0
Read FelixCO2Flag ===>> 0
finished waiting
CO2 free
wait ('CO2PumpTimeFlag', 0) {}
waiting for CO2PumpTimeFlag = 0
Read CO2PumpTimeFlag ===>> 0
finished waiting
acquire ('JanCO2Flag',) {'clear': True}
acquire JanCO2Flag
Set JanCO2Flag 1 ===>> OK
JanCO2Flag acquired
set extraction state False (0.75, 'red', 1.5)
CO2 acquired
executed snippet estimated_duration=0, duration=0.0168190002441
WaitForCO2Access.py completed successfully
gosub finished
doing GOSUB
testing...
no interpolation path defined
executed snippet estimated_duration=0, duration=9.70363616943e-05
Prepare for CO2 analysis
close () {'description': 'Jan Inlet'}
closing name=--- desc=Jan Inlet
checking ownership. requestor=129.138.12.150
check software interlocks R
interlocks []
actuate state mode=None-script, software_lock=False
doing actuation None-script close_channel False
Close R ===>> OK
GetIndicatorState R ===>> False
change switch state (True, True)
update switch state R False args=() kw={} ncanvase=8
09:12:09 -- CLOSE  VALVE-R (Jan Inlet)
---------------------------------------- close None (Jan Inlet) result=[(True, True)]
action=close, ok=True, locked=[False]
open () {'description': 'Jan Ion Pump'}
opening name=--- desc=Jan Ion Pump
checking ownership. requestor=129.138.12.150
check software interlocks O
interlocks []
actuate state mode=None-script, software_lock=False
doing actuation None-script open_channel False
Open O ===>> OK
GetIndicatorState O ===>> OK
change switch state (True, True)
update switch state O True args=() kw={} ncanvase=8
09:12:09 -- OPEN   VALVE-O (Jan Ion Pump)
---------------------------------------- open None (Jan Ion Pump) result=[(True, True)], time=0.10 sec
action=open, ok=True, locked=[False]
close () {'description': 'Microbone to Minibone'}
closing name=--- desc=Microbone to Minibone
checking ownership. requestor=129.138.12.150
check software interlocks L
interlocks []
actuate state mode=None-script, software_lock=False
doing actuation None-script close_channel False
Close L ===>> OK
GetIndicatorState L ===>> False
change switch state (True, True)
update switch state L False args=() kw={} ncanvase=8
09:12:10 -- CLOSE  VALVE-L (Microbone to Minibone)
---------------------------------------- close None (Microbone to Minibone) result=[(True, True)]
action=close, ok=True, locked=[False]
open () {'description': 'Microbone to Turbo'}
opening name=--- desc=Microbone to Turbo
checking ownership. requestor=129.138.12.150
check software interlocks U
interlocks []
actuate state mode=None-script, software_lock=False
doing actuation None-script open_channel False
Open U ===>> OK
GetIndicatorState U ===>> OK
change switch state (True, True)
update switch state U True args=() kw={} ncanvase=8
09:12:10 -- OPEN   VALVE-U (Microbone to Turbo)
---------------------------------------- open None (Microbone to Turbo) result=[(True, True)], time=0.17 sec
action=open, ok=True, locked=[False]
open () {'description': 'Microbone to Inlet Pipette'}
opening name=--- desc=Microbone to Inlet Pipette
checking ownership. requestor=129.138.12.150
check software interlocks S
interlocks []
actuate state mode=None-script, software_lock=False
doing actuation None-script open_channel False
Open S ===>> OK
GetIndicatorState S ===>> OK
change switch state (True, True)
update switch state S True args=() kw={} ncanvase=8
09:12:11 -- OPEN   VALVE-S (Microbone to Inlet Pipette)
---------------------------------------- open None (Microbone to Inlet Pipette) result=[(True, True)], time=0.44 sec
action=open, ok=True, locked=[False]
open () {'description': 'Microbone to Getter D-50'}
opening name=--- desc=Microbone to Getter D-50
checking ownership. requestor=129.138.12.150
check software interlocks K
interlocks []
actuate state mode=None-script, software_lock=False
doing actuation None-script open_channel False
Open K ===>> OK
GetIndicatorState K ===>> OK
change switch state (True, True)
update switch state K True args=() kw={} ncanvase=8
09:12:12 -- OPEN   VALVE-K (Microbone to Getter D-50)
---------------------------------------- open None (Microbone to Getter D-50) result=[(True, True)], time=0.44 sec
action=open, ok=True, locked=[False]
open () {'description': 'Microbone to Getter NP-10'}
opening name=--- desc=Microbone to Getter NP-10
checking ownership. requestor=129.138.12.150
check software interlocks M
interlocks []
actuate state mode=None-script, software_lock=False
doing actuation None-script open_channel False
Open M ===>> OK
GetIndicatorState M ===>> OK
change switch state (True, True)
update switch state M True args=() kw={} ncanvase=8
09:12:12 -- OPEN   VALVE-M (Microbone to Getter NP-10)
---------------------------------------- open None (Microbone to Getter NP-10) result=[(True, True)], time=0.16 sec
action=open, ok=True, locked=[False]
close () {'description': 'CO2 Laser to Felix'}
closing name=--- desc=CO2 Laser to Felix
checking ownership. requestor=129.138.12.150
check software interlocks F
interlocks []
actuate state mode=None-script, software_lock=True
VALVE-F(CO2 Laser to Felix) software locked
change switch state (True, False)
---------------------------------------- close None (CO2 Laser to Felix) result=[(True, False)]
action=close, ok=True, locked=[True]
open () {'description': 'CO2 Laser to Jan'}
opening name=--- desc=CO2 Laser to Jan
checking ownership. requestor=129.138.12.150
check software interlocks A
interlocks []
actuate state mode=None-script, software_lock=False
doing actuation None-script open_channel False
Open A ===>> OK
GetIndicatorState A ===>> OK
change switch state (True, True)
update switch state A True args=() kw={} ncanvase=8
09:12:13 -- OPEN   VALVE-A (CO2 Laser to Jan)
---------------------------------------- open None (CO2 Laser to Jan) result=[(True, True)], time=0.15 sec
action=open, ok=True, locked=[False]
open () {'description': 'Microbone to CO2 Laser'}
opening name=--- desc=Microbone to CO2 Laser
checking ownership. requestor=129.138.12.150
check software interlocks T
interlocks []
actuate state mode=None-script, software_lock=False
doing actuation None-script open_channel False
Open T ===>> OK
GetIndicatorState T ===>> OK
change switch state (True, True)
update switch state T True args=() kw={} ncanvase=8
09:12:13 -- OPEN   VALVE-T (Microbone to CO2 Laser)
---------------------------------------- open None (Microbone to CO2 Laser) result=[(True, True)], time=0.44 sec
action=open, ok=True, locked=[False]
executed snippet estimated_duration=0, duration=5.15288996696
PrepareForCO2Analysis.py completed successfully
gosub finished
set_motor ('beam', '1.25') {}
setting motor "beam" to 1.25
set motor beam to 1.25
SetMotor beam,1.25 ===>> OK
GetMotorMoving beam ===>> False
GetMotorMoving beam ===>> False
Block completed
move_to_position ('92',) {'autocenter': True}
FusionsCO2 move to position 92
sending GoToHole 92,True
GoToHole 92,True ===>> OK
GetDriveMoving ===>> OK
GetDriveMoving ===>> OK
GetDriveMoving ===>> OK
GetDriveMoving ===>> False
GetDriveMoving ===>> OK
GetDriveMoving ===>> OK
GetDriveMoving ===>> OK
GetDriveMoving ===>> OK
GetDriveMoving ===>> OK
GetDriveMoving ===>> OK
GetDriveMoving ===>> False
Block completed
GetAutoCorrecting ===>> False
GetAutoCorrecting ===>> False
Block completed
update position
GetPosition ===>> -3.98780,1.99390,1.00000
got position (-3.9878, 1.9939, 1.0)
move to position succeeded
sleep (5,) {}
SLEEP 5.0
block started
WaitControl setup for 5.0  
Join finished
block finished. duration 5.04929804802
close () {'description': 'Microbone to Turbo'}
closing name=--- desc=Microbone to Turbo
checking ownership. requestor=129.138.12.150
check software interlocks U
interlocks []
actuate state mode=None-script, software_lock=False
doing actuation None-script close_channel True
Close U ===>> OK
GetIndicatorState U ===>> False
change switch state (True, True)
update switch state U False args=() kw={} ncanvase=8
09:12:24 -- CLOSE  VALVE-U (Microbone to Turbo)
---------------------------------------- close None (Microbone to Turbo) result=[(True, True)]
action=close, ok=True, locked=[False]
enable laser
enable () {}
set extraction state FusionsCO2 Enabled (False, 'red', 1.5)
enabling laser
Enable ===>> OK
begin interval
BEGIN INTERVAL Interval 1 waiting for 30.0
set extract to 5.0
block started
WaitControl setup for 30.0  
extract (5.0,) {}
GetPosition ===>> -3.98780,1.99390,1.00000
set extraction state FusionsCO2 ON! 5.0(watts) (0.75, 'red', 1.5)
extract sample to 5.0 (watts)
set laser output
SetLaserOutput 5.0,watts ===>> OK
executing pattern triangle.lp
execute_pattern ('triangle.lp',) {}
executing pattern triangle.lp
IsPatterning ===>> OK
IsPatterning ===>> OK
IsPatterning ===>> OK
IsPatterning ===>> OK
IsPatterning ===>> OK
IsPatterning ===>> OK
IsPatterning ===>> OK
IsPatterning ===>> OK
IsPatterning ===>> OK
IsPatterning ===>> OK
IsPatterning ===>> OK
IsPatterning ===>> OK
IsPatterning ===>> OK
IsPatterning ===>> OK
IsPatterning ===>> OK
IsPatterning ===>> OK
IsPatterning ===>> OK
IsPatterning ===>> OK
IsPatterning ===>> OK
IsPatterning ===>> OK
IsPatterning ===>> OK
IsPatterning ===>> OK
IsPatterning ===>> OK
IsPatterning ===>> OK
IsPatterning ===>> OK
IsPatterning ===>> OK
IsPatterning ===>> False
IsPatterning ===>> False
Block completed
COMPLETE INTERVAL waiting for Interval 1 to complete
Join finished
block finished. duration 30.142414093
Interval 1 finished
end_extract () {}
ending extraction. set laser power to 0
set laser power 0
SetLaserPower 0 ===>> OK
disable () {}
%%%%%%%%%%%%%%%%%%%%%%%%%%%%%%%%%%% disable
set extraction state False (0.75, 'red', 1.5)
disabling laser
Disable ===>> OK
sleep (30.0,) {}
SLEEP 30.0
block started
WaitControl setup for 30.0  
Join finished
block finished. duration 30.1672427654
executed snippet estimated_duration=166.5, duration=77.2136759758
jan_co2.py completed successfully
GetAchievedOutput ===>> No Response
Requested Output= 0.000
Achieved Output=  0.000
GetResponseBlob ===>> No Response
GetOutputBlob ===>> No Response
persistence save...
persistence save - db
AutomatedRunPersister post_extraction_save deprecated
persistence save - dvc
no extraction position for 92
create new session 4992585168
close session 4992585168
Extraction Finished
09:13:26 -- ******* Extraction Finished *******
no overlap. not waiting for min ms pumptime
09:13:26 -- Sending spectrometer configuration
======== Sending configuration ========
SetDeflection CDD,50.0 ===>> OK
SetDeflection H2,0.0 ===>> OK
SetDeflection H1,0.0 ===>> OK
SetDeflection L2,825.0 ===>> OK
SetDeflection L1,400.0 ===>> OK
SetDeflection AX,190.0 ===>> OK
SetZFocus 74.64 ===>> OK
SetZSymmetry -50.72 ===>> OK
SetExtractionLens 26.13 ===>> OK
SetIonRepeller -3.81 ===>> OK
SetElectronEnergy 75.08 ===>> OK
SetYSymmetry -2.81 ===>> OK
SetIonCounterVoltage 1590.0 ===>> OK
send trap current 200.0
GetParameter Trap Current Readback ===>> 198.258926936459
SetParameter Trap Current Set,200.0 ===>> OK
updating mftable name mftable
Using mftable located at /Users/jan/PychronDev/setupfiles/spectrometer/mftables/mftable.csv
============ MFtable ===========
Isotope  H2     H1     AX     L1     L2     CDD    
Ar40     5.8273 5.8812 5.9945 6.1672 6.2330 6.3955
Ar39     5.7265 5.7735 5.8869 6.0533 6.1181 6.2820
Ar36     5.4041 5.4425 5.5503 5.7122 5.7731 5.9330
================================
get initial guess parabolic
get initial guess parabolic
get initial guess parabolic
get initial guess parabolic
get initial guess parabolic
get initial guess parabolic
======== Configuration Finished ========
GetYSymmetry ===>> -2.81
GetZSymmetry ===>> -50.72
GetParameter Trap Current Readback ===>> 197.923274125618
GetHighVoltage ===>> 4499.94659342336
start measurement
do measurement
L#=65475 analysis type=unknown
Measurement Started jan_unknown120_60.py
09:13:26 -- ******* Measurement Started jan_unknown120_60.py *******
state changed from extraction to measurement
setting spec, defl, and gains
GetExtractionLens ===>> 26.13
GetYSymmetry ===>> -2.81
GetZSymmetry ===>> -50.72
GetZFocus ===>> 74.64
GetDeflection H2 ===>> 0
GetDeflection H1 ===>> 0
GetDeflection AX ===>> 190
GetDeflection L1 ===>> 400
GetDeflection L2 ===>> 825
GetDeflection CDD ===>> 50
GetGain H2 ===>> 0.0113
GetGain H1 ===>> 0.1
GetGain AX ===>> 0.097049
GetGain L1 ===>> 0.010355
GetGain L2 ===>> 0.095649
GetGain CDD ===>> 0
pre measurement save
New frame /Users/jan/PychronDev/data/isotopes/a1/22cff2-70a5-4289-a423-839ee1caf840.h5
flush and close file /Users/jan/PychronDev/data/isotopes/a1/22cff2-70a5-4289-a423-839ee1caf840.h5
testing...
no interpolation path defined
executed snippet estimated_duration=226.132928, duration=0.000181913375854
unknown measurement script
activate_detectors ('H2', 'H1', 'AX', 'L1', 'L2', 'CDD') {}
activate detectors
*************** Set Analysis View Ar/Ar
create graphs
clearing graphs
clear isotope group
setting isotope det=H2, iso=PM41
setting isotope det=H1, iso=Ar40
setting isotope det=AX, iso=Ar39
setting isotope det=L1, iso=Ar38
setting isotope det=L2, iso=Ar37
setting isotope det=CDD, iso=Ar36
setting previous blanks
 - setting Ar40 blank 0.435+/-0.014
 - setting Ar36 blank 0.00523+/-0.00024
 - setting Ar37 blank 0.058+/-0.005
 - setting Ar38 blank 0.0183+/-0.0022
 - setting PM41 blank 0.07+/-0.07
 - setting Ar39 blank 0.052+/-0.010
load analysis view
position_magnet ('Ar40',) {'detector': 'H1'}
detector Detector(H1)
POSITION Ar40 H1
setting detector H2 to PM41 (40.9624)
setting detector H1 to Ar40 (39.9624)
setting detector AX to Ar39 (38.9624)
setting detector L1 to Ar38 (37.9624)
setting detector L2 to Ar37 (36.9624)
setting detector CDD to Ar36 (35.9624)
Mapping mass to dac mass func: "parabolic"
H1 map mass coeffs = [-0.00063987  0.15840543  0.57279999]
H1 map mass to dac 39.9624 >> 5.88119
GetDeflection H1 ===>> 0
GetHighVoltage ===>> 4499.94659342336
positioning Ar40 (5.88115536622) on H1
setting magnet DAC
current  : 5.881156
requested: 5.881155
Delta Dac: 0.000001
Checking detector protection. dv=0.00000
Checking detector "CDD". Protection Threshold: 0.1 (V)
SetMagnetDAC 5.88115536622 ===>> OK
Magnet settling time: 0.500
equilibrate () {'delay': 3, 'inlet': 'R', 'outlet': 'O', 'eqtime': 12.0}
Equilibration Started
09:13:27 -- ******* Equilibration Started *******
checking ownership. requestor=129.138.12.150
check software interlocks O
interlocks []
actuate state mode=None-script, software_lock=False
doing actuation None-script close_channel True
Close O ===>> OK
GetIndicatorState O ===>> False
change switch state (True, True)
update switch state O False args=() kw={} ncanvase=8
09:13:27 -- CLOSE  VALVE-O (Jan Ion Pump)
waiting 3s before opening inlet value ('R',)
update labels <pychron.experiment.plot_panel.PlotPanel object at 0x22e22cf50>
update labels "<pychron.graph.stacked_regression_graph.StackedRegressionGraph object at 0x22e256650>"
setting label 0 H2 PM41
setting label 1 H1 Ar40
setting label 2 AX Ar39
setting label 3 L1 Ar38
setting label 4 L2 Ar37
setting label 5 CDD Ar36
update labels "<pychron.graph.stacked_graph.StackedGraph object at 0x22de9cef0>"
setting label 0 H2 PM41
setting label 1 H1 Ar40
setting label 2 AX Ar39
setting label 3 L1 Ar38
setting label 4 L2 Ar37
setting label 5 CDD Ar36
checking ownership. requestor=129.138.12.150
check software interlocks R
interlocks []
actuate state mode=None-script, software_lock=False
doing actuation None-script open_channel True
Open R ===>> OK
set states for children of R. state=True
handle state [('R', True)]
update switch state R True args=() kw={'refresh': False} ncanvase=8
refresh_canvas_needed fired
GetIndicatorState R ===>> OK
change switch state (True, True)
update switch state R True args=() kw={} ncanvase=8
09:13:31 -- OPEN   VALVE-R (Jan Inlet)
set_time_zero () {}
equilibrating for 12.0sec
sniff (12.0,) {}
py_sniff
build tables- sniff [Detector(H2), Detector(H1), Detector(AX), Detector(L1), Detector(L2), Detector(CDD)]
add group /sniff/PM41 (Group) '' table H2
add group /sniff/Ar40 (Group) '' table H1
add group /sniff/Ar39 (Group) '' table AX
add group /sniff/Ar38 (Group) '' table L1
add group /sniff/Ar37 (Group) '' table L2
add group /sniff/Ar36 (Group) '' table CDD
flush and close file /Users/jan/PychronDev/data/isotopes/a1/22cff2-70a5-4289-a423-839ee1caf840.h5
measuring sniff. ncounts=12.0
"sniff" increment series count="1" fit count="0" regressing="False"
starting measurement
check iteration duration=3.09944152832e-05
GetData ===>> H2,0.308694983373581,H1,58.7799244669698,AX,5.48482976079409,L1,0.0425459766987231,L2,0.136750502...
check iteration duration=4.60147857666e-05
GetData ===>> H2,1.28562114872457,H1,351.47682617061,AX,29.687804017733,L1,0.377625710993471,L2,0.3857498679401...
check iteration duration=1.50203704834e-05
GetData ===>> H2,0.81715451228043,H1,487.46498548533,AX,39.3415561371293,L1,0.657690277476057,L2,0.327367599929...
check iteration duration=4.10079956055e-05
GetData ===>> H2,0.563185803588721,H1,531.98767291771,AX,41.8992202307884,L1,0.769786663223634,L2,0.38825129156...
check iteration duration=4.10079956055e-05
GetData ===>> H2,0.487418620359916,H1,548.222547850455,AX,42.7278542939739,L1,0.858817890211202,L2,0.3647244995...
check iteration duration=3.60012054443e-05
GetData ===>> H2,0.404910198857841,H1,554.807403885516,AX,42.9856409328485,L1,0.915479312130367,L2,0.2712340564...
check iteration duration=1.69277191162e-05
GetData ===>> H2,0.373858790844782,H1,557.801971162673,AX,43.4402254740202,L1,0.94329930576221,L2,0.42861433233...
check iteration duration=3.40938568115e-05
GetData ===>> H2,0.390477707035962,H1,558.910729436509,AX,43.5315219643861,L1,0.939953577376796,L2,0.3847561698...
check iteration duration=3.21865081787e-05
GetData ===>> H2,0.312579247487837,H1,559.35041261401,AX,43.4380975239641,L1,0.906176406548021,L2,0.31324838423...
check iteration duration=3.31401824951e-05
GetData ===>> H2,0.335365517176459,H1,559.588743352638,AX,43.4143238149473,L1,0.935953661145468,L2,0.2518310189...
check iteration duration=4.10079956055e-05
GetData ===>> H2,0.326227743780504,H1,559.506884051084,AX,43.4563140071516,L1,0.958573242032089,L2,0.3688241414...
Equilibration Finished
09:13:43 -- ******* Equilibration Finished *******
checking ownership. requestor=129.138.12.150
check software interlocks R
interlocks []
actuate state mode=None-script, software_lock=False
doing actuation None-script close_channel True
check iteration duration=4.50611114502e-05
GetData ===>> H2,0.237314752392219,H1,559.726691388121,AX,43.4381968274541,L1,0.95191592665807,L2,0.30328514557...
Close R ===>> OK
GetIndicatorState R ===>> False
change switch state (True, True)
update switch state R False args=() kw={} ncanvase=8
09:13:44 -- CLOSE  VALVE-R (Jan Inlet)
Post Equilibration Started jan_pump_extraction_line.py
09:13:44 -- ******* Post Equilibration Started jan_pump_extraction_line.py *******
testing...
no interpolation path defined
calculate duration
testing...
no interpolation path defined
executed snippet estimated_duration=4.0, duration=0.000148057937622
executed snippet estimated_duration=4.0, duration=0.00175905227661
Pump after analysis
doing GOSUB
testing...
no interpolation path defined
executed snippet estimated_duration=4.0, duration=0.000141143798828
Pump Microbone
close () {'description': 'Jan Inlet'}
closing name=--- desc=Jan Inlet
checking ownership. requestor=129.138.12.150
check software interlocks R
interlocks []
actuate state mode=None-script, software_lock=False
doing actuation None-script close_channel False
Close R ===>> OK
check iteration duration=1.69277191162e-05
waiting for write to finish
measurement finished
estimated time: 12.583 actual time: :12.719
flush and close file /Users/jan/PychronDev/data/isotopes/a1/22cff2-70a5-4289-a423-839ee1caf840.h5
set_fits () {}
using default fits file=/Users/jan/PychronDev/scripts/measurement/fits/nominal_linear.yaml
set "Ar40" to "('Linear', 'SEM')"
No fit for "PM41". defaulting to linear. check the measurement script "jan_unknown120_60.py"
set "PM41" to "linear"
set "Ar36" to "('Linear', 'SEM')"
set "Ar37" to "('linear', 'SEM')"
set "Ar38" to "('linear', 'SEM')"
set "Ar39" to "('Linear', 'SEM')"
set_baseline_fits () {}
GetIndicatorState R ===>> False
using default fits file=/Users/jan/PychronDev/scripts/measurement/fits/nominal_linear.yaml
change switch state (True, True)
update switch state R False args=() kw={} ncanvase=8
set "H1" to "('average', 'SEM')"
set "H2" to "('average', 'SEM')"
set "CDD" to "('average', 'SEM')"
set "L2" to "('average', 'SEM')"
set "L1" to "('average', 'SEM')"
set "AX" to "('average', 'SEM')"
multicollect () {'integration_time': 1, 'ncounts': 120}
build tables- signal [Detector(H2), Detector(H1), Detector(AX), Detector(L1), Detector(L2), Detector(CDD)]
add group /signal/PM41 (Group) '' table H2
add group /signal/Ar40 (Group) '' table H1
add group /signal/Ar39 (Group) '' table AX
09:13:44 -- CLOSE  VALVE-R (Jan Inlet)
add group /signal/Ar38 (Group) '' table L1
---------------------------------------- close None (Jan Inlet) result=[(True, True)]
add group /signal/Ar37 (Group) '' table L2
add group /signal/Ar36 (Group) '' table CDD
flush and close file /Users/jan/PychronDev/data/isotopes/a1/22cff2-70a5-4289-a423-839ee1caf840.h5
measuring signal. ncounts=120
action=close, ok=True, locked=[False]
is_closed ('F',) {}
is F () closed?
is closed True
open () {'description': 'CO2 Laser to Jan'}
opening name=--- desc=CO2 Laser to Jan
checking ownership. requestor=129.138.12.150
check software interlocks A
interlocks []
actuate state mode=None-script, software_lock=False
doing actuation None-script open_channel False
Open A ===>> OK
GetIndicatorState A ===>> OK
change switch state (True, True)
update switch state A True args=() kw={} ncanvase=8
09:13:45 -- OPEN   VALVE-A (CO2 Laser to Jan)
---------------------------------------- open None (CO2 Laser to Jan) result=[(True, True)], time=0.14 sec
starting measurement
check iteration duration=6.103515625e-05
GetData ===>> H2,0.314396395026477,H1,559.588109418594,AX,43.4415873820159,L1,0.924098831585945,L2,0.3299359913...
"signal" increment series count="2" fit count="1" regressing="True"
action=open, ok=True, locked=[False]
sleep (1,) {}
SLEEP 1.0
check iteration duration=4.88758087158e-05
GetData ===>> H2,0.388045694422238,H1,559.755720898633,AX,43.3640377106526,L1,0.956889335120096,L2,0.3232012447...
close () {'description': 'CO2 Laser to Roughing'}
closing name=--- desc=CO2 Laser to Roughing
checking ownership. requestor=129.138.12.150
check software interlocks G
interlocks []
actuate state mode=None-script, software_lock=True
VALVE-G(CO2 Laser to Roughing) software locked
change switch state (True, False)
---------------------------------------- close None (CO2 Laser to Roughing) result=[(True, False)]
action=close, ok=True, locked=[True]
open () {'description': 'Microbone to Turbo'}
opening name=--- desc=Microbone to Turbo
checking ownership. requestor=129.138.12.150
check software interlocks U
interlocks []
actuate state mode=None-script, software_lock=False
doing actuation None-script open_channel True
Open U ===>> OK
GetIndicatorState U ===>> OK
change switch state (True, True)
update switch state U True args=() kw={} ncanvase=8
09:13:46 -- OPEN   VALVE-U (Microbone to Turbo)
---------------------------------------- open None (Microbone to Turbo) result=[(True, True)], time=0.19 sec
action=open, ok=True, locked=[False]
open () {'description': 'Microbone to Getter NP-10'}
opening name=--- desc=Microbone to Getter NP-10
checking ownership. requestor=129.138.12.150
check software interlocks M
interlocks []
actuate state mode=None-script, software_lock=False
doing actuation None-script open_channel False
Open M ===>> OK
GetIndicatorState M ===>> OK
change switch state (True, True)
update switch state M True args=() kw={} ncanvase=8
09:13:46 -- OPEN   VALVE-M (Microbone to Getter NP-10)
---------------------------------------- open None (Microbone to Getter NP-10) result=[(True, True)], time=0.16 sec
action=open, ok=True, locked=[False]
open () {'description': 'Microbone to Getter D-50'}
opening name=--- desc=Microbone to Getter D-50
checking ownership. requestor=129.138.12.150
check software interlocks K
interlocks []
actuate state mode=None-script, software_lock=False
doing actuation None-script open_channel False
check iteration duration=3.60012054443e-05
GetData ===>> H2,0.135258844373164,H1,559.426916477693,AX,43.1187513488211,L1,0.922227805168291,L2,0.2600546401...
Open K ===>> OK
GetIndicatorState K ===>> OK
change switch state (True, True)
update switch state K True args=() kw={} ncanvase=8
09:13:47 -- OPEN   VALVE-K (Microbone to Getter D-50)
---------------------------------------- open None (Microbone to Getter D-50) result=[(True, True)], time=0.45 sec
action=open, ok=True, locked=[False]
open () {'description': 'Microbone to CO2 Laser'}
opening name=--- desc=Microbone to CO2 Laser
checking ownership. requestor=129.138.12.150
check software interlocks T
interlocks []
actuate state mode=None-script, software_lock=False
doing actuation None-script open_channel False
Open T ===>> OK
GetIndicatorState T ===>> OK
change switch state (True, True)
update switch state T True args=() kw={} ncanvase=8
09:13:48 -- OPEN   VALVE-T (Microbone to CO2 Laser)
---------------------------------------- open None (Microbone to CO2 Laser) result=[(True, True)], time=0.44 sec
check iteration duration=6.79492950439e-05
GetData ===>> H2,0.00260369916577508,H1,559.081638701811,AX,42.9254108975427,L1,0.846056610189103,L2,0.27081195...
action=open, ok=True, locked=[False]
open () {'description': 'Microbone to Inlet Pipette'}
opening name=--- desc=Microbone to Inlet Pipette
checking ownership. requestor=129.138.12.150
check software interlocks S
interlocks []
actuate state mode=None-script, software_lock=False
doing actuation None-script open_channel False
Open S ===>> OK
GetIndicatorState S ===>> OK
change switch state (True, True)
update switch state S True args=() kw={} ncanvase=8
09:13:49 -- OPEN   VALVE-S (Microbone to Inlet Pipette)
---------------------------------------- open None (Microbone to Inlet Pipette) result=[(True, True)], time=0.57 sec
action=open, ok=True, locked=[False]
sleep (1,) {}
SLEEP 1.0
testing H1>-5.0
evaluate ot="H1.bs>-5.0" t="H1>-5.0", ctx="{'H1': None}"
check iteration duration=0.00116109848022
GetData ===>> H2,-0.0562338366205701,H1,559.1720687144,AX,42.9913497125884,L1,0.82200744212603,L2,0.24878278573...
set_resource () {'name': 'CO2PumpTimeFlag', 'value': 30}
Set CO2PumpTimeFlag 30 ===>> OK
release ('JanCO2Flag',) {}
release JanCO2Flag
Set JanCO2Flag 0 ===>> OK
executed snippet estimated_duration=6.0, duration=6.26325488091
PumpMicrobone.py completed successfully
gosub finished
get_resource_value () {'name': 'JanMiniboneFlag'}
Read JanMiniboneFlag ===>> 0
Get Resource Value JanMiniboneFlag=0.0
get resource value 0.0
get_resource_value () {'name': 'JanMiniboneFlag'}
Read JanMiniboneFlag ===>> 0
Get Resource Value JanMiniboneFlag=0.0
executed snippet estimated_duration=4.0, duration=6.29449009895
jan_pump_extraction_line.py completed successfully
Post Equilibration Finished
09:13:50 -- ******* Post Equilibration Finished *******
check iteration duration=4.79221343994e-05
GetData ===>> H2,-0.108286444542171,H1,558.870824836301,AX,42.9087054108462,L1,0.847081985991597,L2,0.234673127...
check iteration duration=7.5101852417e-05
GetData ===>> H2,-0.0822889836757916,H1,558.829250696407,AX,42.8560701784462,L1,0.827779309686052,L2,0.26630582...
check iteration duration=8.9168548584e-05
GetData ===>> H2,-0.0222710766668785,H1,558.472832711139,AX,43.0987588746941,L1,0.792632927785517,L2,0.27361840...
check iteration duration=8.01086425781e-05
GetData ===>> H2,-0.157509699219549,H1,558.511087566951,AX,42.8303625469815,L1,0.778288337705581,L2,0.184278897...
testing H1>-5.0
evaluate ot="H1.bs>-5.0" t="H1>-5.0", ctx="{'H1': None}"
check iteration duration=0.000581026077271
GetData ===>> H2,-0.191259118568637,H1,558.183400995343,AX,42.9062422581468,L1,0.813778572763432,L2,0.157107149...
check iteration duration=8.29696655273e-05
GetData ===>> H2,-0.09510343187154,H1,558.187106847104,AX,42.9114800578135,L1,0.804324892670495,L2,0.2231221072...
check iteration duration=4.19616699219e-05
GetData ===>> H2,-0.0176096011778949,H1,558.254632000154,AX,42.8662727126762,L1,0.779267622346049,L2,0.25204793...
check iteration duration=6.8187713623e-05
GetData ===>> H2,-0.0451704301814851,H1,557.689095784814,AX,42.8300796100678,L1,0.796970582871612,L2,0.26250715...
check iteration duration=4.00543212891e-05
GetData ===>> H2,-0.144936197892465,H1,557.338191596895,AX,42.7817332326216,L1,0.85735712551755,L2,0.1598216959...
testing H1>-5.0
evaluate ot="H1.bs>-5.0" t="H1>-5.0", ctx="{'H1': None}"
check iteration duration=0.00059700012207
GetData ===>> H2,-0.0792107795291431,H1,556.746227841125,AX,42.845090344081,L1,0.800129459274215,L2,0.230392695...
check iteration duration=4.60147857666e-05
GetData ===>> H2,-0.169979111848568,H1,556.666927993773,AX,42.9924688355563,L1,0.765739147618826,L2,0.244113582...
check iteration duration=8.60691070557e-05
GetData ===>> H2,-0.206521667080816,H1,556.688217333615,AX,42.8324421539828,L1,0.773035526209456,L2,0.213980439...
check iteration duration=6.29425048828e-05
GetData ===>> H2,-0.0902969458464385,H1,556.455536762056,AX,42.8231195742467,L1,0.805477902059772,L2,0.22444606...
check iteration duration=5.00679016113e-05
GetData ===>> H2,-0.143243211238822,H1,556.908966538513,AX,42.8649566638823,L1,0.803976768682316,L2,0.118826552...
testing H1>-5.0
evaluate ot="H1.bs>-5.0" t="H1>-5.0", ctx="{'H1': None}"
check iteration duration=0.000905990600586
GetData ===>> H2,-0.0587742421705395,H1,556.876029825125,AX,42.7767942552466,L1,0.820777537105399,L2,0.29927959...
check iteration duration=6.79492950439e-05
GetData ===>> H2,-0.105377453226954,H1,556.568051629203,AX,42.8068558534974,L1,0.79421495355219,L2,0.2385884634...
check iteration duration=5.19752502441e-05
GetData ===>> H2,-0.103757566357588,H1,556.347619757107,AX,42.8071531106886,L1,0.77913056681486,L2,0.2430290818...
check iteration duration=4.79221343994e-05
GetData ===>> H2,0.0113141655981699,H1,556.052193417459,AX,42.9061006991988,L1,0.798781239496811,L2,0.240608976...
check iteration duration=8.79764556885e-05
GetData ===>> H2,0.00404365033156988,H1,555.756161360359,AX,42.7129032617266,L1,0.810389596531056,L2,0.24781239...
testing H1>-5.0
evaluate ot="H1.bs>-5.0" t="H1>-5.0", ctx="{'H1': None}"
check iteration duration=0.000563144683838
09:14:10 -- collecting point 25
GetData ===>> H2,-0.25495146182961,H1,555.475133124086,AX,42.6706629825473,L1,0.796402011518072,L2,0.2067795655...
check iteration duration=3.88622283936e-05
GetData ===>> H2,-0.220262366401384,H1,555.075664889337,AX,42.7332297705268,L1,0.759324137886111,L2,0.237823647...
check iteration duration=8.70227813721e-05
GetData ===>> H2,-0.123872735841546,H1,555.171485536905,AX,42.6995663237062,L1,0.815431313063467,L2,0.206368755...
check iteration duration=7.58171081543e-05
GetData ===>> H2,-0.101402431626292,H1,554.742571257359,AX,42.8711125013993,L1,0.815780737739286,L2,0.271222648...
check iteration duration=6.103515625e-05
GetData ===>> H2,-0.0905205168976949,H1,554.761421511883,AX,42.7252939552009,L1,0.837875950603611,L2,0.19535741...
testing H1>-5.0
evaluate ot="H1.bs>-5.0" t="H1>-5.0", ctx="{'H1': None}"
check iteration duration=0.00120401382446
GetData ===>> H2,-0.0793096960512382,H1,554.390688900108,AX,42.62459584171,L1,0.792231221140484,L2,0.1295326304...
check iteration duration=6.91413879395e-05
GetData ===>> H2,-0.159908521282353,H1,554.652281244457,AX,42.4996252572545,L1,0.768884588064867,L2,0.263465364...
check iteration duration=6.79492950439e-05
GetData ===>> H2,-0.152617284327368,H1,554.359617056704,AX,42.4853411939872,L1,0.771602263132942,L2,0.262712485...
check iteration duration=7.20024108887e-05
GetData ===>> H2,-0.0932165730124029,H1,554.194101910067,AX,42.6264590135167,L1,0.793694655283312,L2,0.19364592...
check iteration duration=3.981590271e-05
GetData ===>> H2,-0.0971985211455677,H1,553.603865235153,AX,42.7339795273896,L1,0.803492658501762,L2,0.19560844...
testing H1>-5.0
evaluate ot="H1.bs>-5.0" t="H1>-5.0", ctx="{'H1': None}"
check iteration duration=0.000585794448853
GetData ===>> H2,-0.100070346202747,H1,553.553629179726,AX,42.5382898687428,L1,0.778706951981155,L2,0.202625900...
check iteration duration=8.51154327393e-05
GetData ===>> H2,-0.0293927290932917,H1,553.789928923721,AX,42.7623040001622,L1,0.757978631025672,L2,0.17153618...
check iteration duration=8.39233398438e-05
GetData ===>> H2,-0.0664894530702401,H1,553.836570010837,AX,42.4583742956628,L1,0.775707253173023,L2,0.29212480...
check iteration duration=3.71932983398e-05
GetData ===>> H2,-0.132548452733297,H1,553.460375595382,AX,42.4619337444157,L1,0.77174059561187,L2,0.2349927408...
check iteration duration=7.39097595215e-05
GetData ===>> H2,-0.0941282101213226,H1,552.967621516582,AX,42.5955750973031,L1,0.759046558457279,L2,0.21307887...
testing H1>-5.0
evaluate ot="H1.bs>-5.0" t="H1>-5.0", ctx="{'H1': None}"
check iteration duration=0.000847101211548
GetData ===>> H2,-0.29415962492048,H1,552.830149630537,AX,42.4824026485699,L1,0.7607407791295,L2,0.212907691842...
check iteration duration=6.91413879395e-05
GetData ===>> H2,-0.3037153523005,H1,552.659783798331,AX,42.6566239288727,L1,0.747967680531165,L2,0.22393245948...
check iteration duration=9.08374786377e-05
GetData ===>> H2,-0.0942365722258788,H1,552.427030248845,AX,42.458769784692,L1,0.78914283659623,L2,0.2593778113...
check iteration duration=0.00072193145752
GetData ===>> H2,-0.0636351036598209,H1,552.162665504589,AX,42.499653516256,L1,0.819757512179603,L2,0.069710568...
check iteration duration=7.48634338379e-05
GetData ===>> H2,-0.11022416694575,H1,552.12199858296,AX,42.4589251557429,L1,0.83001596626295,L2,0.257311232654...
testing H1>-5.0
evaluate ot="H1.bs>-5.0" t="H1>-5.0", ctx="{'H1': None}"
check iteration duration=0.00075101852417
GetData ===>> H2,-0.119385010191948,H1,551.879977145846,AX,42.5147447850354,L1,0.802420958103363,L2,0.279414109...
check iteration duration=7.10487365723e-05
GetData ===>> H2,-0.172793496559707,H1,551.763492677808,AX,42.4139120019589,L1,0.822168526670392,L2,0.246887678...
check iteration duration=9.08374786377e-05
GetData ===>> H2,-0.180361281149985,H1,551.659353473911,AX,42.468120659614,L1,0.816282432113505,L2,0.2839436716...
check iteration duration=7.10487365723e-05
GetData ===>> H2,-0.178515162917113,H1,551.303429950039,AX,42.5271244504171,L1,0.792393398986143,L2,0.197262917...
check iteration duration=7.20024108887e-05
GetData ===>> H2,0.0459217361970117,H1,551.12375522673,AX,42.4583742956628,L1,0.805557768882907,L2,0.1785290685...
testing H1>-5.0
evaluate ot="H1.bs>-5.0" t="H1>-5.0", ctx="{'H1': None}"
check iteration duration=0.000580072402954
09:14:36 -- collecting point 50
GetData ===>> H2,-0.0299469411253916,H1,550.972186891507,AX,42.4761443546303,L1,0.76422344556746,L2,0.182385066...
check iteration duration=6.91413879395e-05
GetData ===>> H2,-0.213239942539004,H1,550.959563244288,AX,42.4536285302048,L1,0.768944391743732,L2,0.219880766...
check iteration duration=8.39233398438e-05
GetData ===>> H2,-0.246250135881235,H1,550.94743240862,AX,42.3375763884757,L1,0.770540528821411,L2,0.2208166356...
check iteration duration=7.91549682617e-05
GetData ===>> H2,-0.124133721348923,H1,550.523427807749,AX,42.3380988745164,L1,0.796325954972592,L2,0.302703132...
check iteration duration=6.00814819336e-05
GetData ===>> H2,-0.114278369331489,H1,550.274231532744,AX,42.4006585114928,L1,0.779878164257501,L2,0.123831694...
testing H1>-5.0
evaluate ot="H1.bs>-5.0" t="H1>-5.0", ctx="{'H1': None}"
check iteration duration=0.000586986541748
GetData ===>> H2,-0.141522942810886,H1,550.011348543754,AX,42.4177555087566,L1,0.778305779632572,L2,0.144653157...
check iteration duration=4.10079956055e-05
GetData ===>> H2,-0.249497442904725,H1,550.235588764158,AX,42.4164837463892,L1,0.763239664579335,L2,0.248417460...
check iteration duration=5.79357147217e-05
GetData ===>> H2,-0.175143331089953,H1,549.829856737718,AX,42.2920865718313,L1,0.798646551777334,L2,0.209609638...
check iteration duration=7.89165496826e-05
GetData ===>> H2,-0.103940271921624,H1,549.368935278931,AX,42.2012550068426,L1,0.763748977606862,L2,0.297214126...
check iteration duration=5.69820404053e-05
GetData ===>> H2,-0.141009379275795,H1,549.088036910398,AX,42.3984827069002,L1,0.754162598047113,L2,0.203561600...
testing H1>-5.0
evaluate ot="H1.bs>-5.0" t="H1>-5.0", ctx="{'H1': None}"
check iteration duration=0.00535798072815
GetData ===>> H2,-0.208876953093236,H1,549.262173286548,AX,42.2745137124102,L1,0.761281095358545,L2,0.242241399...
check iteration duration=3.79085540771e-05
GetData ===>> H2,-0.241322238443191,H1,548.880455112145,AX,42.2657212036831,L1,0.750952634313874,L2,0.173692177...
check iteration duration=4.00543212891e-05
GetData ===>> H2,-0.201499551389192,H1,548.880142624154,AX,42.3180201218847,L1,0.78366307318542,L2,0.1480630176...
check iteration duration=0.000107049942017
GetData ===>> H2,-0.163243876966815,H1,548.924831054161,AX,42.2389365872202,L1,0.7654887987667,L2,0.29406465203...
check iteration duration=6.00814819336e-05
GetData ===>> H2,-0.243740702631451,H1,548.896303059324,AX,42.0597272266202,L1,0.714416879322805,L2,0.236077150...
testing H1>-5.0
evaluate ot="H1.bs>-5.0" t="H1>-5.0", ctx="{'H1': None}"
check iteration duration=0.000591993331909
GetData ===>> H2,-0.16890768098749,H1,548.53858360201,AX,42.2565483347194,L1,0.724738400965105,L2,0.21036281710...
check iteration duration=6.00814819336e-05
GetData ===>> H2,-0.0423526039760953,H1,547.951552657626,AX,42.4241145252468,L1,0.771356758645053,L2,0.18126703...
check iteration duration=6.50882720947e-05
GetData ===>> H2,-0.0842381723954183,H1,548.097754904119,AX,42.1268165392179,L1,0.760507978674233,L2,0.14980790...
check iteration duration=3.91006469727e-05
GetData ===>> H2,-0.0347978626933172,H1,547.851343654086,AX,42.2566612272514,L1,0.769490116116938,L2,0.31026957...
check iteration duration=7.29560852051e-05
GetData ===>> H2,-0.0680249559024643,H1,547.256916238372,AX,42.2047417086074,L1,0.777086160689478,L2,0.19472986...
testing H1>-5.0
evaluate ot="H1.bs>-5.0" t="H1>-5.0", ctx="{'H1': None}"
check iteration duration=0.000594139099121
GetData ===>> H2,-0.0793611865030915,H1,547.407316872861,AX,42.168468092158,L1,0.773562767182598,L2,0.159844507...
check iteration duration=6.29425048828e-05
GetData ===>> H2,-0.145317186387044,H1,547.520849452647,AX,42.1454958438763,L1,0.769968582838276,L2,0.216114558...
check iteration duration=7.00950622559e-05
GetData ===>> H2,-0.200427716278378,H1,547.089395113771,AX,42.1719961663025,L1,0.780765382551275,L2,0.195277549...
check iteration duration=7.9870223999e-05
GetData ===>> H2,-0.160247503049334,H1,547.46270470202,AX,42.072135851008,L1,0.785672609932525,L2,0.20396098737...
check iteration duration=8.6784362793e-05
GetData ===>> H2,-0.117950944478579,H1,547.053674670725,AX,42.2304645991685,L1,0.797367104855677,L2,0.272249394...
testing H1>-5.0
evaluate ot="H1.bs>-5.0" t="H1>-5.0", ctx="{'H1': None}"
check iteration duration=0.00067400932312
09:15:03 -- collecting point 75
GetData ===>> H2,0.001382806400214,H1,546.78633053871,AX,42.1926163337466,L1,0.805608933886553,L2,0.15399349929...
check iteration duration=4.2200088501e-05
GetData ===>> H2,-0.0387862393087235,H1,546.470557363824,AX,42.0846437521689,L1,0.802418463003408,L2,0.28168456...
check iteration duration=7.79628753662e-05
GetData ===>> H2,-0.152367269944731,H1,546.295586814502,AX,42.1842182278365,L1,0.792089005713104,L2,0.293014850...
check iteration duration=4.10079956055e-05
GetData ===>> H2,-0.0763892639121435,H1,546.255234588254,AX,42.056905229309,L1,0.757721000539087,L2,0.190793506...
check iteration duration=4.38690185547e-05
GetData ===>> H2,-0.151467973431185,H1,546.026139607507,AX,42.022270692988,L1,0.808688029677408,L2,0.2432117338...
testing H1>-5.0
evaluate ot="H1.bs>-5.0" t="H1>-5.0", ctx="{'H1': None}"
check iteration duration=0.000745058059692
GetData ===>> H2,-0.15537113193843,H1,545.516377337017,AX,42.1902168141489,L1,0.776453360323118,L2,0.2087309375...
check iteration duration=5.10215759277e-05
GetData ===>> H2,-0.085243113447225,H1,545.657176741786,AX,42.1349707373026,L1,0.736138330633779,L2,0.259377811...
check iteration duration=3.69548797607e-05
GetData ===>> H2,-0.0148745796866247,H1,545.360450011247,AX,42.0842347919993,L1,0.762046798686652,L2,0.24826904...
check iteration duration=7.9870223999e-05
GetData ===>> H2,-0.130975360687853,H1,545.464469463485,AX,42.0545912417159,L1,0.767876698362243,L2,0.249091029...
check iteration duration=3.09944152832e-05
GetData ===>> H2,-0.147204376816572,H1,544.888529621208,AX,41.8725710234367,L1,0.779395957789689,L2,0.267492229...
testing H1>-5.0
evaluate ot="H1.bs>-5.0" t="H1>-5.0", ctx="{'H1': None}"
check iteration duration=0.0039689540863
GetData ===>> H2,-0.109884333331466,H1,544.533436564576,AX,41.9325643024275,L1,0.749859628977585,L2,0.098455247...
check iteration duration=3.2901763916e-05
GetData ===>> H2,-0.0755543297119414,H1,544.613736663641,AX,42.00160766087,L1,0.71223946717637,L2,0.27399488874...
check iteration duration=3.50475311279e-05
GetData ===>> H2,-0.129271074203874,H1,544.518390545319,AX,41.957331810615,L1,0.753720515773533,L2,0.3229729565...
check iteration duration=6.60419464111e-05
GetData ===>> H2,-0.209636791976578,H1,544.215187414463,AX,41.9635914666468,L1,0.75001896659775,L2,0.2193671843...
check iteration duration=3.60012054443e-05
GetData ===>> H2,-0.160194833240897,H1,544.08964366156,AX,41.9269546252192,L1,0.778004287560006,L2,0.1522941506...
testing H1>-5.0
evaluate ot="H1.bs>-5.0" t="H1>-5.0", ctx="{'H1': None}"
check iteration duration=0.000588893890381
GetData ===>> H2,-0.0719780577942623,H1,543.690384862803,AX,41.9557810461161,L1,0.816291168297975,L2,0.21459670...
check iteration duration=5.69820404053e-05
GetData ===>> H2,-0.116879335631135,H1,543.434897008164,AX,41.8774352360913,L1,0.792852500667201,L2,0.240997102...
check iteration duration=8.39233398438e-05
GetData ===>> H2,-0.231056399437776,H1,543.282901729079,AX,41.8846791834922,L1,0.809996326514731,L2,0.290618606...
check iteration duration=3.50475311279e-05
GetData ===>> H2,-0.235440549570145,H1,543.50718245938,AX,41.8238694314747,L1,0.741706779800388,L2,0.1747188559...
check iteration duration=6.69956207275e-05
GetData ===>> H2,-0.146666755414907,H1,543.443584160859,AX,41.7984623515911,L1,0.781017107062947,L2,0.189926387...
testing H1>-5.0
evaluate ot="H1.bs>-5.0" t="H1>-5.0", ctx="{'H1': None}"
check iteration duration=0.000573873519897
GetData ===>> H2,-0.0495254184443786,H1,543.437467675063,AX,41.9585301425583,L1,0.761068202449456,L2,0.19920268...
check iteration duration=7.48634338379e-05
GetData ===>> H2,-0.167994050953518,H1,542.877648669917,AX,41.9113814132247,L1,0.765320657381106,L2,0.171353674...
check iteration duration=7.10487365723e-05
GetData ===>> H2,-0.168421860304932,H1,542.791338720545,AX,41.7489743833459,L1,0.774874129514149,L2,0.120206075...
check iteration duration=4.00543212891e-05
GetData ===>> H2,-0.112520146760271,H1,542.682846767122,AX,41.7602563242116,L1,0.790114406979466,L2,0.173041954...
check iteration duration=6.91413879395e-05
GetData ===>> H2,-0.183106960169848,H1,542.181392600369,AX,41.7037025179524,L1,0.828525225358868,L2,0.214299983...
testing H1>-5.0
evaluate ot="H1.bs>-5.0" t="H1>-5.0", ctx="{'H1': None}"
check iteration duration=0.000569105148315
09:15:29 -- collecting point 100
GetData ===>> H2,-0.183106960169848,H1,542.181392600369,AX,41.7037025179524,L1,0.828525225358868,L2,0.214299983...
check iteration duration=5.10215759277e-05
GetData ===>> H2,-0.126424186435003,H1,541.727883632235,AX,41.8941052981426,L1,0.73075997982969,L2,0.2663058264...
check iteration duration=6.19888305664e-05
GetData ===>> H2,-0.0156667572088226,H1,541.60121348381,AX,41.8230520360985,L1,0.732102035700017,L2,0.288838578...
check iteration duration=6.38961791992e-05
GetData ===>> H2,0.030682592054336,H1,541.230870522176,AX,41.8136101198004,L1,0.776247833008443,L2,0.2325043515...
check iteration duration=4.60147857666e-05
GetData ===>> H2,-0.104285374415004,H1,540.880390225739,AX,41.6938568511128,L1,0.781017107062947,L2,0.113821672...
testing H1>-5.0
evaluate ot="H1.bs>-5.0" t="H1>-5.0", ctx="{'H1': None}"
check iteration duration=0.00162601470947
GetData ===>> H2,-0.135323488356128,H1,540.890724971143,AX,41.8556394838995,L1,0.730638096372074,L2,0.186013041...
check iteration duration=4.91142272949e-05
GetData ===>> H2,-0.18379091517655,H1,540.904328408769,AX,41.7502983006704,L1,0.717171285639287,L2,0.2689980688...
check iteration duration=8.89301300049e-05
GetData ===>> H2,-0.148133672293954,H1,540.549614436274,AX,41.7094749483756,L1,0.797296029055658,L2,0.158008187...
check iteration duration=3.71932983398e-05
GetData ===>> H2,-0.175993807689357,H1,540.657895803867,AX,41.6780786657005,L1,0.788227472833745,L2,0.227710389...
check iteration duration=4.91142272949e-05
GetData ===>> H2,-0.157086881215831,H1,540.331708870963,AX,41.7457491574536,L1,0.771029012907191,L2,0.163483034...
testing H1>-5.0
evaluate ot="H1.bs>-5.0" t="H1>-5.0", ctx="{'H1': None}"
check iteration duration=0.000588893890381
GetData ===>> H2,-0.118333830690709,H1,540.310437057656,AX,41.7144028559435,L1,0.795258727958996,L2,0.273219109...
check iteration duration=5.79357147217e-05
GetData ===>> H2,-0.131277010885891,H1,539.892020459797,AX,41.724104394346,L1,0.807034166878633,L2,0.1709544235...
check iteration duration=9.29832458496e-05
GetData ===>> H2,-0.305135516157579,H1,539.909662473951,AX,41.6639082697757,L1,0.794147575340222,L2,0.302258066...
check iteration duration=7.10487365723e-05
GetData ===>> H2,-0.209095209913742,H1,539.918704332196,AX,41.6531618758459,L1,0.768183166284945,L2,0.212816394...
check iteration duration=8.20159912109e-05
GetData ===>> H2,-0.110559928817565,H1,539.954785751615,AX,41.8224742255344,L1,0.723486776593967,L2,0.197685099...
testing H1>-5.0
evaluate ot="H1.bs>-5.0" t="H1>-5.0", ctx="{'H1': None}"
check iteration duration=0.00062894821167
GetData ===>> H2,-0.167070899395259,H1,540.051616663551,AX,41.7672429347636,L1,0.734170806455112,L2,0.262815150...
check iteration duration=4.00543212891e-05
GetData ===>> H2,-0.137876138086203,H1,539.593510071319,AX,41.8354545044785,L1,0.715316810280783,L2,0.234673127...
check iteration duration=8.29696655273e-05
GetData ===>> H2,-0.118861461910743,H1,539.187794010556,AX,41.5566993729555,L1,0.74016328321033,L2,0.2343192713...
check iteration duration=6.19888305664e-05
GetData ===>> H2,-0.0669859368993241,H1,538.861384888984,AX,41.5456813067124,L1,0.777941996892746,L2,0.24218432...
check iteration duration=8.79764556885e-05
GetData ===>> H2,-0.119232142000706,H1,538.926162326126,AX,41.6874467092337,L1,0.746669653620411,L2,0.211104589...
testing H1>-5.0
evaluate ot="H1.bs>-5.0" t="H1>-5.0", ctx="{'H1': None}"
check iteration duration=0.00057578086853
GetData ===>> H2,-0.0278589969999785,H1,538.516426578465,AX,41.6246316321891,L1,0.742932038251283,L2,0.21598902...
check iteration duration=2.69412994385e-05
waiting for write to finish
measurement finished
estimated time: 125.829 actual time: :126.458
flush and close file /Users/jan/PychronDev/data/isotopes/a1/22cff2-70a5-4289-a423-839ee1caf840.h5
baselines () {'settling_time': 15.0, 'detector': 'H1', 'mass': 34.2, 'ncounts': 60}
%%%%%%%%%%%%%%%%%%%%%%%%%%%%%%%% Baseline
build tables- baseline [Detector(H2), Detector(H1), Detector(AX), Detector(L1), Detector(L2), Detector(CDD)]
add group baseline table H2
add group baseline table H1
add group baseline table AX
add group baseline table L1
add group baseline table L2
add group baseline table CDD
flush and close file /Users/jan/PychronDev/data/isotopes/a1/22cff2-70a5-4289-a423-839ee1caf840.h5
detector Detector(H1)
POSITION 34.2 H1
Mapping mass to dac mass func: "parabolic"
H1 map mass coeffs = [-0.00063987  0.15840543  0.57279999]
H1 map mass to dac 34.2 >> 5.24184599104
GetDeflection H1 ===>> 0
GetHighVoltage ===>> 4499.94659342336
positioning 34.2 (5.2418151223) on H1
setting magnet DAC
current  : 5.881155
requested: 5.241815
Delta Dac: 0.639340
Checking detector protection. dv=0.63934
Checking detector "CDD". Protection Threshold: 0.1 (V)
ProtectDetector CDD,On ===>> OK
GetDeflection CDD ===>> 2000
Protected = 2000
SetMagnetDAC 5.2418151223 ===>> OK
Magnet settling time: 0.500
GetMagnetMoving ===>> True
GetMagnetMoving ===>> True
GetMagnetMoving ===>> True
GetMagnetMoving ===>> True
GetMagnetMoving ===>> True
GetMagnetMoving ===>> True
GetMagnetMoving ===>> True
GetMagnetMoving ===>> True
GetMagnetMoving ===>> False
ProtectDetector CDD,Off ===>> OK
GetDeflection CDD ===>> 50
Delaying 15.0s for detectors to settle
Join finished
measuring baseline. ncounts=60
"baseline" increment series count="2" fit count="1" regressing="True"
starting measurement
check iteration duration=5.98430633545e-05
GetData ===>> H2,-0.208744919144561,H1,0.00593802470267875,AX,-0.0247757085722759,L1,-0.0507681341843186,L2,-0....
check iteration duration=3.50475311279e-05
GetData ===>> H2,-0.189565786845072,H1,0.0078586589720377,AX,-0.0368251057663223,L1,0.0101358522389094,L2,-0.02...
check iteration duration=3.40938568115e-05
GetData ===>> H2,-0.222495810420561,H1,-0.0284959148927787,AX,-0.0291247968355326,L1,-0.012141892771593,L2,0.02...
check iteration duration=4.6968460083e-05
GetData ===>> H2,-0.193295904089763,H1,0.0467206470639027,AX,-0.0437710967128628,L1,-0.0143844357127198,L2,-0.0...
testing H1>-5.0
evaluate ot="H1.bs>-5.0" t="H1>-5.0", ctx="{'H1': None}"
check iteration duration=0.00100493431091
GetData ===>> H2,-0.303562318284282,H1,0.0114137190104337,AX,-0.080023672998697,L1,-0.0361570751633533,L2,0.050...
check iteration duration=6.69956207275e-05
GetData ===>> H2,-0.268208332129264,H1,-0.0466563281904751,AX,-0.114571040868852,L1,-0.0432635076600682,L2,-0.0...
check iteration duration=7.08103179932e-05
GetData ===>> H2,-0.25703098643891,H1,0.0317086099456134,AX,-0.0355378977381441,L1,-0.0497056186834844,L2,0.038...
check iteration duration=5.3882598877e-05
GetData ===>> H2,-0.215180453670657,H1,0.0217575144090044,AX,-0.145388685477316,L1,-0.0490008025970383,L2,0.064...
check iteration duration=9.51290130615e-05
GetData ===>> H2,-0.249220368649945,H1,-0.0616901322878281,AX,-0.0920082824810179,L1,-0.0336573316502172,L2,0.0...
testing H1>-5.0
evaluate ot="H1.bs>-5.0" t="H1>-5.0", ctx="{'H1': None}"
check iteration duration=0.000642776489258
GetData ===>> H2,-0.21726443934039,H1,-0.107993407682971,AX,-0.0661943346743614,L1,-0.0184217958635249,L2,-0.03...
check iteration duration=6.00814819336e-05
GetData ===>> H2,-0.111814886314166,H1,0.0465893714831413,AX,-0.0100337530287215,L1,-0.00925737496372441,L2,0.0...
check iteration duration=6.98566436768e-05
GetData ===>> H2,-0.148390295706321,H1,-0.0261943271815611,AX,-0.0560152424161192,L1,-0.0213880338385102,L2,0.0...
check iteration duration=6.29425048828e-05
GetData ===>> H2,-0.228667142301662,H1,-0.00319939511965723,AX,-0.12889167948987,L1,-0.0262587275141222,L2,-0.0...
check iteration duration=8.60691070557e-05
GetData ===>> H2,-0.246582442590946,H1,0.0321143110838086,AX,-0.123330516811602,L1,-0.0377397782670679,L2,0.053...
testing H1>-5.0
evaluate ot="H1.bs>-5.0" t="H1>-5.0", ctx="{'H1': None}"
check iteration duration=0.000581026077271
GetData ===>> H2,-0.131429861960983,H1,-0.00334253344222972,AX,-0.129586802471107,L1,-0.0310372409834287,L2,-0....
check iteration duration=3.31401824951e-05
GetData ===>> H2,-0.0725298910656745,H1,0.0437490874308335,AX,-0.100445303864504,L1,-0.015930871300503,L2,-0.01...
check iteration duration=4.81605529785e-05
GetData ===>> H2,-0.14311484200696,H1,-0.0274226422350975,AX,-0.118313611883352,L1,-0.0161875477783392,L2,0.135...
check iteration duration=6.48498535156e-05
GetData ===>> H2,-0.185564688766515,H1,-0.0355673014480694,AX,-0.0539978471406744,L1,-0.00234723637670746,L2,-0...
check iteration duration=6.50882720947e-05
GetData ===>> H2,-0.272114832542723,H1,-0.0412550525190401,AX,-0.151730659876298,L1,-0.0298323449002809,L2,0.04...
testing H1>-5.0
evaluate ot="H1.bs>-5.0" t="H1>-5.0", ctx="{'H1': None}"
check iteration duration=0.00335097312927
GetData ===>> H2,-0.322349808984699,H1,-0.0440093818354857,AX,-0.0332649482956511,L1,-0.0594568656361787,L2,0.0...
check iteration duration=3.19480895996e-05
GetData ===>> H2,-0.307776705647908,H1,-0.0217460309895,AX,-0.148716244631847,L1,-0.0408014395800768,L2,-0.0589...
check iteration duration=3.31401824951e-05
GetData ===>> H2,-0.30538650948072,H1,0.0327944607981358,AX,-0.097165614621402,L1,-0.0417343661199258,L2,-0.012...
check iteration duration=8.41617584229e-05
GetData ===>> H2,-0.364941459321321,H1,-0.108493866570058,AX,-0.0981275137370661,L1,-0.00163568220578128,L2,-0....
check iteration duration=3.91006469727e-05
GetData ===>> H2,-0.280874340594351,H1,-0.0648372883257807,AX,-0.110550223650622,L1,-0.0171494266128415,L2,-0.0...
testing H1>-5.0
evaluate ot="H1.bs>-5.0" t="H1>-5.0", ctx="{'H1': None}"
check iteration duration=0.000878095626831
09:16:35 -- collecting point 25
GetData ===>> H2,-0.161111793143998,H1,-0.0602238098786454,AX,-0.0601658436813607,L1,-0.0278186724437899,L2,0.0...
check iteration duration=4.91142272949e-05
GetData ===>> H2,-0.21706904121444,H1,0.00571136843110516,AX,-0.035387142531055,L1,-0.0245199784140757,L2,0.031...
check iteration duration=5.60283660889e-05
GetData ===>> H2,-0.179054994707745,H1,0.0214115108958303,AX,-0.152217595112929,L1,-0.0569999372125295,L2,-0.08...
check iteration duration=7.20024108887e-05
GetData ===>> H2,-0.1483470753278,H1,-0.0534760656029974,AX,0.00596338857689596,L1,-0.0319797379654993,L2,-0.00...
check iteration duration=7.10487365723e-05
GetData ===>> H2,-0.228996957148081,H1,-0.0210066167497967,AX,-0.0872331604520429,L1,-0.00674743573419175,L2,-0...
testing H1>-5.0
evaluate ot="H1.bs>-5.0" t="H1>-5.0", ctx="{'H1': None}"
check iteration duration=0.000591993331909
GetData ===>> H2,-0.248257280960504,H1,-0.0497204984742481,AX,-0.115694985990987,L1,0.00661750468038418,L2,0.00...
check iteration duration=8.29696655273e-05
GetData ===>> H2,-0.0662113584010928,H1,0.0143843190187233,AX,-0.0891919160416313,L1,-0.00318711757142077,L2,0....
check iteration duration=4.00543212891e-05
GetData ===>> H2,-0.0418505577510833,H1,-0.019718591803186,AX,-0.0615918473894582,L1,-0.00554201076068173,L2,0....
check iteration duration=8.60691070557e-05
GetData ===>> H2,-0.109437524661049,H1,-0.0196947393330536,AX,-0.00432659010174939,L1,0.0109928255358668,L2,0.0...
check iteration duration=8.58306884766e-05
GetData ===>> H2,-0.158168885600634,H1,-0.0082926078258659,AX,-0.0649538872382326,L1,-0.0666303358917181,L2,-0....
testing H1>-5.0
evaluate ot="H1.bs>-5.0" t="H1>-5.0", ctx="{'H1': None}"
check iteration duration=0.000582218170166
GetData ===>> H2,-0.163332986366291,H1,0.0747823369456448,AX,-0.143058166858182,L1,-0.076406914353943,L2,-0.152...
check iteration duration=8.60691070557e-05
GetData ===>> H2,-0.174477754855221,H1,0.00507911943847823,AX,-0.0986026652127625,L1,-0.0167200706145907,L2,-0....
check iteration duration=8.70227813721e-05
GetData ===>> H2,-0.282826684740927,H1,-0.0032709643065008,AX,-0.0282549947300738,L1,-0.0173676955426797,L2,0.0...
check iteration duration=8.39233398438e-05
GetData ===>> H2,-0.244035404929458,H1,-0.112628514451285,AX,-0.0856336739777719,L1,-0.00620651163328047,L2,0.0...
check iteration duration=6.29425048828e-05
GetData ===>> H2,-0.185613244439434,H1,-0.0405754011572722,AX,-0.0533021839000054,L1,-0.0129917447053019,L2,0.0...
testing H1>-5.0
evaluate ot="H1.bs>-5.0" t="H1>-5.0", ctx="{'H1': None}"
check iteration duration=0.000944852828979
GetData ===>> H2,-0.168038587065222,H1,-6.22288139904947E-05,AX,0.0247944298345303,L1,0.00455804208552083,L2,0....
check iteration duration=3.19480895996e-05
GetData ===>> H2,-0.223977345208086,H1,-0.0128965536717594,AX,-0.0438290745175455,L1,0.0253991046534385,L2,-0.0...
check iteration duration=3.50475311279e-05
GetData ===>> H2,-0.233099318290948,H1,0.0109603821836447,AX,-0.140669617198558,L1,0.023187984084634,L2,0.03198...
check iteration duration=6.60419464111e-05
GetData ===>> H2,-0.233839415112391,H1,0.00840741838887844,AX,-0.0966672776048614,L1,0.0251613422426983,L2,-0.0...
check iteration duration=6.103515625e-05
GetData ===>> H2,-0.186798747498191,H1,0.0308136867772869,AX,-0.0227808617429596,L1,0.00810413261283831,L2,0.03...
testing H1>-5.0
evaluate ot="H1.bs>-5.0" t="H1>-5.0", ctx="{'H1': None}"
check iteration duration=0.000545978546143
GetData ===>> H2,-0.161936858594233,H1,-0.013516758170584,AX,-0.100445303864504,L1,-0.0160748028421025,L2,-0.00...
check iteration duration=8.51154327393e-05
GetData ===>> H2,-0.200232213389214,H1,0.036433936905156,AX,-0.19678503208687,L1,-0.00762052905932945,L2,-0.102...
check iteration duration=0.000100135803223
GetData ===>> H2,-0.338614628895093,H1,0.0158040344914624,AX,-0.130641062846237,L1,-0.037067669088193,L2,-0.103...
check iteration duration=4.10079956055e-05
GetData ===>> H2,-0.260057707675312,H1,-0.00737417878571272,AX,-0.251837308712295,L1,-0.0308372334372613,L2,0.0...
check iteration duration=8.89301300049e-05
GetData ===>> H2,-0.102558403583636,H1,-0.0862925326498008,AX,-0.0372889603422284,L1,0.00785094641613338,L2,-0....
testing H1>-5.0
evaluate ot="H1.bs>-5.0" t="H1>-5.0", ctx="{'H1': None}"
check iteration duration=0.000581026077271
09:17:01 -- collecting point 50
GetData ===>> H2,-0.179982095753685,H1,-0.0447009331346891,AX,-0.0404315168668413,L1,-0.0119201283449436,L2,0.0...
check iteration duration=7.20024108887e-05
GetData ===>> H2,-0.0990102520118184,H1,-0.0197543704977264,AX,-0.0952765561504767,L1,-0.0402361325820524,L2,0....
check iteration duration=8.48770141602e-05
GetData ===>> H2,-0.101004446852631,H1,-0.0101294406254169,AX,0.0101748209331251,L1,-0.0414541379796266,L2,0.07...
check iteration duration=5.88893890381e-05
GetData ===>> H2,-0.077660523288015,H1,-0.126176287520763,AX,0.00287744086908274,L1,-0.0332083243731019,L2,-0.0...
check iteration duration=3.69548797607e-05
GetData ===>> H2,-0.142509460152123,H1,0.0260170349435153,AX,-0.0342042858786551,L1,-0.0029675553939464,L2,0.05...
testing H1>-5.0
evaluate ot="H1.bs>-5.0" t="H1>-5.0", ctx="{'H1': None}"
check iteration duration=0.000546932220459
GetData ===>> H2,-0.152978106174889,H1,-0.0199094113597418,AX,-0.128903264913543,L1,0.00405856188510055,L2,0.00...
check iteration duration=3.79085540771e-05
GetData ===>> H2,-0.153980779248145,H1,0.0476037781716566,AX,-0.124141539503519,L1,-0.0363104441273497,L2,0.035...
check iteration duration=4.6968460083e-05
GetData ===>> H2,-0.139675356924092,H1,-0.0438186082223567,AX,-0.0989271575699299,L1,-0.0131163996023316,L2,-0....
check iteration duration=8.82148742676e-05
GetData ===>> H2,-0.110463804457037,H1,-0.0900586453152162,AX,-0.0665537136875307,L1,-0.000190820553997806,L2,-...
check iteration duration=7.10487365723e-05
GetData ===>> H2,-0.166733471428208,H1,-0.0310836471944185,AX,-0.0589137256345708,L1,-0.0031727201982699,L2,-0....
testing H1>-5.0
evaluate ot="H1.bs>-5.0" t="H1>-5.0", ctx="{'H1': None}"
check iteration duration=0.00129795074463
GetData ===>> H2,-0.176117998927945,H1,0.0161619491329425,AX,-0.147672771434498,L1,-0.00735549087595575,L2,0.01...
check iteration duration=2.71797180176e-05
waiting for write to finish
measurement finished
estimated time: 62.915 actual time: :63.287
flush and close file /Users/jan/PychronDev/data/isotopes/a1/22cff2-70a5-4289-a423-839ee1caf840.h5
activate_detectors ('H1', 'AX', 'CDD') {'peak_center': True}
peak_center () {'detector': 'H1', 'integration_time': 0.262144, 'isotope': 'Ar40'}
peak center: mean=539.481206756 threshold=3
peak center started
setup peak center. detector=['H1', 'AX', 'CDD'], isotope=Ar40
VersionedUnpickler [<apptools.sweet_pickle.versioned_unpickler.VersionedUnpickler object at 0x23a9701d0>] using Updater [<apptools.sweet_pickle.updater.Updater object at 0x12e273d10>]
VersionedUnpickler [<apptools.sweet_pickle.versioned_unpickler.VersionedUnpickler object at 0x23a9701d0>] using Updater [<apptools.sweet_pickle.updater.Updater object at 0x12e273d10>]
VersionedUnpickler [<apptools.sweet_pickle.versioned_unpickler.VersionedUnpickler object at 0x23aca4170>] using Updater [<apptools.sweet_pickle.updater.Updater object at 0x12e273d10>]
setting integration time = 0.524288
SetIntegrationTime 0.524288 ===>> OK
Mapping mass to dac mass func: "parabolic"
H1 map mass coeffs = [-0.00063987  0.15840543  0.57279999]
H1 map mass to dac 39.9624 >> 5.88119
GetDeflection H1 ===>> 0
GetHighVoltage ===>> 4499.94659342336
do peak center. <pychron.spectrometer.jobs.peak_center.PeakCenter object at 0x16275af50>
doing pc
starting peak center. center dac= 5.88115536622 step_width=0.001
width = 0.001
get scan parameters. half-width=0.015,window=0.015, i=0, scalar=1
Scan parameters center=5.88116 width=0.03000 (5.86616 - 5.89616)
GetData ===>> H2,-0.23963829390948,H1,-0.0979122027077171,AX,-0.107015938718507,L1,-0.0143844357127198,L2,-0.09...
Moving to starting dac 5.86615536622
setting magnet DAC
current  : 5.241815
requested: 5.866155
Delta Dac: 0.624340
Checking detector protection. dv=0.62434
Checking detector "CDD". Protection Threshold: 0.1 (V)
ProtectDetector CDD,On ===>> OK
GetDeflection CDD ===>> 2000
Protected = 2000
SetMagnetDAC 5.86615536622 ===>> OK
Magnet settling time: 0.500
GetMagnetMoving ===>> True
GetMagnetMoving ===>> True
GetMagnetMoving ===>> True
GetMagnetMoving ===>> True
GetMagnetMoving ===>> True
GetMagnetMoving ===>> True
GetMagnetMoving ===>> True
GetMagnetMoving ===>> True
GetMagnetMoving ===>> False
ProtectDetector CDD,Off ===>> OK
GetDeflection CDD ===>> 50
Wait until signal near baseline. tol= -0.0734341520308. timeout= 10
GetData ===>> H2,2.63371329325569,H1,0.677241778225768,AX,-0.0646988400111473,L1,0.0296269279798863,L2,0.062852...
GetData ===>> H2,31.3015689374197,H1,11.7979496061619,AX,0.62248929172172,L1,0.0390762719824007,L2,-0.022178886...
GetData ===>> H2,28.2473672561982,H1,13.8584149512376,AX,0.883393918610236,L1,-0.00653514747894992,L2,-0.075146...
GetData ===>> H2,14.3723867151344,H1,6.87193068238521,AX,0.358318568798676,L1,-0.0382585056031222,L2,0.01897226...
GetData ===>> H2,5.79436896424385,H1,3.54495606273348,AX,0.159214518543662,L1,-0.0669850560112634,L2,0.06128053...
GetData ===>> H2,1.91416429045149,H1,2.08600326571895,AX,0.153323057952697,L1,-0.0414325816451677,L2,-0.0611047...
GetData ===>> H2,0.528638683122277,H1,1.38013197258806,AX,-0.123944577471416,L1,-0.00762892381990311,L2,0.03232...
GetData ===>> H2,0.147480694594104,H1,1.00321810828963,AX,-0.15200185568457,L1,-0.00953555234718696,L2,0.006923...
GetData ===>> H2,0.0227898660211584,H1,0.867145787842039,AX,0.0222880552340366,L1,-0.0234034946729976,L2,0.0983...
GetData ===>> H2,0.0103834989112548,H1,0.73035137313926,AX,-0.0692664027718428,L1,-0.0327171332259618,L2,0.0558...
GetData ===>> H2,0.0474802404454379,H1,0.679084227704263,AX,-0.112983591100192,L1,-0.0290558988074053,L2,-0.084...
GetData ===>> H2,0.0697075309114556,H1,0.558104697780127,AX,-0.0674579517849549,L1,-0.0210012786945529,L2,-0.07...
GetData ===>> H2,0.0582866228009549,H1,0.634420332960706,AX,0.0247944298345303,L1,-0.00757855515145077,L2,0.027...
GetData ===>> H2,-0.0441109481846074,H1,0.637266555259797,AX,-0.0995413722829546,L1,-0.00525892486444222,L2,-0....
GetData ===>> H2,-0.0710058441393561,H1,0.662886186710332,AX,-0.0441073674993894,L1,-0.00401373222234354,L2,0.0...
GetData ===>> H2,-0.0838372546854488,H1,0.664847996502993,AX,-0.0318153354688192,L1,-0.03793265691568,L2,-0.007...
GetData ===>> H2,-0.0625598985818397,H1,0.704714529816397,AX,-0.0553311877849488,L1,-0.00644159530132595,L2,-0....
GetData ===>> H2,-0.0473772746304038,H1,0.688464494536345,AX,-0.00780660730927887,L1,-0.00382658013140374,L2,-0...
GetData ===>> H2,-0.0660294603730615,H1,0.670422616408728,AX,0.00235539172131535,L1,0.000450073159614723,L2,0.0...
GetData ===>> H2,-0.15127451711118,H1,0.618420803187925,AX,0.134584087916514,L1,-0.0172543054010871,L2,-0.05509...
GetData ===>> H2,-0.0694626064138121,H1,0.681285640228136,AX,0.00156652276551513,L1,-0.0518604456787995,L2,0.07...
Peak center failed to move to a baseline position
_do_sweep sm= 5.86615536622, em= 5.89615536622, stm= 0.001
calculated step values: start=5.86615536622, end=5.89615536622, width=0.001, nsteps=31.0
setting magnet DAC
current  : 5.866155
requested: 5.866155
Delta Dac: 0.000000
Checking detector protection. dv=0.00000
Checking detector "CDD". Protection Threshold: 0.1 (V)
SetMagnetDAC 5.86615536622 ===>> OK
GetData ===>> H2,-0.0694626064138121,H1,0.681285640228136,AX,0.00156652276551513,L1,-0.0518604456787995,L2,0.07...
setting magnet DAC
current  : 5.866155
requested: 5.867190
Delta Dac: 0.001034
Checking detector protection. dv=0.00103
Checking detector "CDD". Protection Threshold: 0.1 (V)
SetMagnetDAC 5.86718984898 ===>> OK
Magnet settling time: 1.049
GetData ===>> H2,-0.164561544529649,H1,1.23155866593006,AX,-0.00713381368433296,L1,-0.0416696987811096,L2,0.152...
setting magnet DAC
current  : 5.867190
requested: 5.868224
Delta Dac: 0.001034
Checking detector protection. dv=0.00103
Checking detector "CDD". Protection Threshold: 0.1 (V)
SetMagnetDAC 5.86822433174 ===>> OK
Magnet settling time: 1.049
GetData ===>> H2,-0.264481597466153,H1,3.92933459454288,AX,0.289056212691556,L1,-0.0203209856986694,L2,-0.06602...
setting magnet DAC
current  : 5.868224
requested: 5.869259
Delta Dac: 0.001034
Checking detector protection. dv=0.00103
Checking detector "CDD". Protection Threshold: 0.1 (V)
SetMagnetDAC 5.8692588145 ===>> OK
Magnet settling time: 1.049
GetData ===>> H2,-0.211898492417058,H1,14.1352425346763,AX,0.692392521745467,L1,0.0035326936335622,L2,-0.011522...
setting magnet DAC
current  : 5.869259
requested: 5.870293
Delta Dac: 0.001034
Checking detector protection. dv=0.00103
Checking detector "CDD". Protection Threshold: 0.1 (V)
SetMagnetDAC 5.87029329726 ===>> OK
Magnet settling time: 1.049
GetData ===>> H2,-0.144953994765447,H1,47.1344673466221,AX,2.22736453890509,L1,-0.00494704135636426,L2,-0.15938...
setting magnet DAC
current  : 5.870293
requested: 5.871328
Delta Dac: 0.001034
Checking detector protection. dv=0.00103
Checking detector "CDD". Protection Threshold: 0.1 (V)
SetMagnetDAC 5.87132778002 ===>> OK
Magnet settling time: 1.049
GetData ===>> H2,-0.197738918213214,H1,129.506678978257,AX,6.90392432060016,L1,0.035171425123644,L2,-0.15733083...
setting magnet DAC
current  : 5.871328
requested: 5.872362
Delta Dac: 0.001034
Checking detector protection. dv=0.00103
Checking detector "CDD". Protection Threshold: 0.1 (V)
SetMagnetDAC 5.87236226278 ===>> OK
Magnet settling time: 1.049
GetData ===>> H2,-0.0852810340120713,H1,257.528531697462,AX,15.327556936031,L1,0.144516927404286,L2,0.147960377...
setting magnet DAC
current  : 5.872362
requested: 5.873397
Delta Dac: 0.001034
Checking detector protection. dv=0.00103
Checking detector "CDD". Protection Threshold: 0.1 (V)
SetMagnetDAC 5.87339674553 ===>> OK
Magnet settling time: 1.049
GetData ===>> H2,-0.194303254570062,H1,382.509788811796,AX,25.2778264009309,L1,0.244768261336771,L2,-0.00230010...
setting magnet DAC
current  : 5.873397
requested: 5.874431
Delta Dac: 0.001034
Checking detector protection. dv=0.00103
Checking detector "CDD". Protection Threshold: 0.1 (V)
SetMagnetDAC 5.87443122829 ===>> OK
Magnet settling time: 1.049
GetData ===>> H2,-0.178120833396838,H1,464.674468229166,AX,33.3004133893673,L1,0.376253472266548,L2,0.054489899...
setting magnet DAC
current  : 5.874431
requested: 5.875466
Delta Dac: 0.001034
Checking detector protection. dv=0.00103
Checking detector "CDD". Protection Threshold: 0.1 (V)
SetMagnetDAC 5.87546571105 ===>> OK
Magnet settling time: 1.049
GetData ===>> H2,-0.145134861401605,H1,501.331562069399,AX,37.5266068297574,L1,0.487169720070172,L2,0.115007315...
setting magnet DAC
current  : 5.875466
requested: 5.876500
Delta Dac: 0.001034
Checking detector protection. dv=0.00103
Checking detector "CDD". Protection Threshold: 0.1 (V)
SetMagnetDAC 5.87650019381 ===>> OK
Magnet settling time: 1.049
GetData ===>> H2,0.0483276981511704,H1,516.107497783292,AX,39.6469062707281,L1,0.622703506738684,L2,0.118746746...
setting magnet DAC
current  : 5.876500
requested: 5.877535
Delta Dac: 0.001034
Checking detector protection. dv=0.00103
Checking detector "CDD". Protection Threshold: 0.1 (V)
SetMagnetDAC 5.87753467657 ===>> OK
Magnet settling time: 1.049
GetData ===>> H2,-0.0862046315744325,H1,517.582188432365,AX,39.9312923154033,L1,0.65957054822663,L2,0.115007315...
setting magnet DAC
current  : 5.877535
requested: 5.878569
Delta Dac: 0.001034
Checking detector protection. dv=0.00103
Checking detector "CDD". Protection Threshold: 0.1 (V)
SetMagnetDAC 5.87856915933 ===>> OK
Magnet settling time: 1.049
GetData ===>> H2,-0.213328828189791,H1,518.074187009484,AX,39.9396792912202,L1,0.706280008977573,L2,0.231180280...
setting magnet DAC
current  : 5.878569
requested: 5.879604
Delta Dac: 0.001034
Checking detector protection. dv=0.00103
Checking detector "CDD". Protection Threshold: 0.1 (V)
SetMagnetDAC 5.87960364209 ===>> OK
Magnet settling time: 1.049
GetData ===>> H2,-0.109968277241556,H1,518.224328425546,AX,40.140146630441,L1,0.735104055328502,L2,0.3515548750...
setting magnet DAC
current  : 5.879604
requested: 5.880638
Delta Dac: 0.001034
Checking detector protection. dv=0.00103
Checking detector "CDD". Protection Threshold: 0.1 (V)
SetMagnetDAC 5.88063812484 ===>> OK
Magnet settling time: 1.049
GetData ===>> H2,-0.0789275754139064,H1,518.137272265292,AX,39.9352620758828,L1,0.760067457172353,L2,0.32399965...
setting magnet DAC
current  : 5.880638
requested: 5.881673
Delta Dac: 0.001034
Checking detector protection. dv=0.00103
Checking detector "CDD". Protection Threshold: 0.1 (V)
SetMagnetDAC 5.8816726076 ===>> OK
Magnet settling time: 1.049
GetData ===>> H2,-0.08808951284906,H1,518.158670545543,AX,40.1629932177898,L1,0.732720142789949,L2,-0.004759558...
setting magnet DAC
current  : 5.881673
requested: 5.882707
Delta Dac: 0.001034
Checking detector protection. dv=0.00103
Checking detector "CDD". Protection Threshold: 0.1 (V)
SetMagnetDAC 5.88270709036 ===>> OK
Magnet settling time: 1.049
GetData ===>> H2,-0.208581895509763,H1,517.584070518852,AX,40.0779492639472,L1,0.724943276850667,L2,0.203105160...
setting magnet DAC
current  : 5.882707
requested: 5.883742
Delta Dac: 0.001034
Checking detector protection. dv=0.00103
Checking detector "CDD". Protection Threshold: 0.1 (V)
SetMagnetDAC 5.88374157312 ===>> OK
Magnet settling time: 1.049
GetData ===>> H2,-0.0298002405628854,H1,517.364617334814,AX,39.8521488010576,L1,0.70545537006341,L2,0.235837438...
setting magnet DAC
current  : 5.883742
requested: 5.884776
Delta Dac: 0.001034
Checking detector protection. dv=0.00103
Checking detector "CDD". Protection Threshold: 0.1 (V)
SetMagnetDAC 5.88477605588 ===>> OK
Magnet settling time: 1.049
GetData ===>> H2,-0.112553987331173,H1,516.185372320484,AX,39.6504816099253,L1,0.740547581333385,L2,0.125678760...
setting magnet DAC
current  : 5.884776
requested: 5.885811
Delta Dac: 0.001034
Checking detector protection. dv=0.00103
Checking detector "CDD". Protection Threshold: 0.1 (V)
SetMagnetDAC 5.88581053864 ===>> OK
Magnet settling time: 1.049
GetData ===>> H2,-0.204800704660367,H1,512.845782686905,AX,39.1161141442841,L1,0.709432618737097,L2,0.188568678...
setting magnet DAC
current  : 5.885811
requested: 5.886845
Delta Dac: 0.001034
Checking detector protection. dv=0.00103
Checking detector "CDD". Protection Threshold: 0.1 (V)
SetMagnetDAC 5.8868450214 ===>> OK
Magnet settling time: 1.049
GetData ===>> H2,-0.0124240367249376,H1,501.174669562046,AX,37.4019210698705,L1,0.706183135361786,L2,0.30425053...
setting magnet DAC
current  : 5.886845
requested: 5.887880
Delta Dac: 0.001034
Checking detector protection. dv=0.00103
Checking detector "CDD". Protection Threshold: 0.1 (V)
SetMagnetDAC 5.88787950415 ===>> OK
Magnet settling time: 1.049
GetData ===>> H2,-0.248063577422488,H1,440.200870348265,AX,30.0114861451198,L1,0.584187698859445,L2,0.253189626...
setting magnet DAC
current  : 5.887880
requested: 5.888914
Delta Dac: 0.001034
Checking detector protection. dv=0.00103
Checking detector "CDD". Protection Threshold: 0.1 (V)
SetMagnetDAC 5.88891398691 ===>> OK
Magnet settling time: 1.049
GetData ===>> H2,-0.210882871109676,H1,331.030213384699,AX,19.8907169200469,L1,0.432755957298397,L2,-0.03772836...
setting magnet DAC
current  : 5.888914
requested: 5.889948
Delta Dac: 0.001034
Checking detector protection. dv=0.00103
Checking detector "CDD". Protection Threshold: 0.1 (V)
SetMagnetDAC 5.88994846967 ===>> OK
Magnet settling time: 1.049
GetData ===>> H2,-0.14925082210165,H1,198.982999741575,AX,10.3461179986744,L1,0.319309829806429,L2,0.0117063320...
setting magnet DAC
current  : 5.889948
requested: 5.890983
Delta Dac: 0.001034
Checking detector protection. dv=0.00103
Checking detector "CDD". Protection Threshold: 0.1 (V)
SetMagnetDAC 5.89098295243 ===>> OK
Magnet settling time: 1.049
GetData ===>> H2,-0.117117479670968,H1,93.3686425798202,AX,4.10804182162943,L1,0.233601976707803,L2,0.038016644...
setting magnet DAC
current  : 5.890983
requested: 5.892017
Delta Dac: 0.001034
Checking detector protection. dv=0.00103
Checking detector "CDD". Protection Threshold: 0.1 (V)
SetMagnetDAC 5.89201743519 ===>> OK
Magnet settling time: 1.049
GetData ===>> H2,-0.234122317928554,H1,33.4405185256826,AX,1.11406611530905,L1,0.146101909095329,L2,-0.06747705...
setting magnet DAC
current  : 5.892017
requested: 5.893052
Delta Dac: 0.001034
Checking detector protection. dv=0.00103
Checking detector "CDD". Protection Threshold: 0.1 (V)
SetMagnetDAC 5.89305191795 ===>> OK
Magnet settling time: 1.049
GetData ===>> H2,-0.0465445046104605,H1,9.76252659511447,AX,0.206475066405325,L1,0.0932606289892363,L2,-0.00293...
setting magnet DAC
current  : 5.893052
requested: 5.894086
Delta Dac: 0.001034
Checking detector protection. dv=0.00103
Checking detector "CDD". Protection Threshold: 0.1 (V)
SetMagnetDAC 5.89408640071 ===>> OK
Magnet settling time: 1.049
GetData ===>> H2,-0.172056913086769,H1,2.2856930130043,AX,-0.0841500688149507,L1,0.0253822929856514,L2,-0.08540...
setting magnet DAC
current  : 5.894086
requested: 5.895121
Delta Dac: 0.001034
Checking detector protection. dv=0.00103
Checking detector "CDD". Protection Threshold: 0.1 (V)
SetMagnetDAC 5.89512088346 ===>> OK
Magnet settling time: 1.049
GetData ===>> H2,-0.279303681741907,H1,0.175108106965927,AX,-0.0812987016242695,L1,-0.00471192278619476,L2,0.00...
setting magnet DAC
current  : 5.895121
requested: 5.896155
Delta Dac: 0.001034
Checking detector protection. dv=0.00103
Checking detector "CDD". Protection Threshold: 0.1 (V)
SetMagnetDAC 5.89615536622 ===>> OK
Magnet settling time: 1.049
GetData ===>> H2,-0.237213718903826,H1,-0.0717749872596983,AX,-0.201354680289256,L1,0.021744427155879,L2,-0.018...
result of _do_sweep=True
result of _calculate_peak_center=([5.8734402808804784, 5.8809283604879692, 5.8884164400954599], [385.96762101177308, 518.22275827435908, 383.53714258558045], 5.8796223000913139, 518.22275827435908)
Failed to find a valid peak. No peak greater than 1.0. max = 0.353121514358
new center pos Detector(H1) (Ar40) @ 5.88092836049
GetHighVoltage ===>> 4499.94659342336
GetDeflection H1 ===>> 0
dac uncorrected for HV and deflection 5.88096299293
update mftable H1 Ar40 5.88096299293 message=automated run peakcenter
get initial guess parabolic
get initial guess parabolic
get initial guess parabolic
get initial guess parabolic
get initial guess parabolic
get initial guess parabolic
dump mftable to /Users/jan/PychronDev/setupfiles/spectrometer/mftables/mftable.csv
add to repo msg=modified - automated run peakcenter
locally archiving mftable
setting magnet DAC
current  : 5.896155
requested: 5.880928
Delta Dac: 0.015227
Checking detector protection. dv=0.01523
Checking detector "CDD". Protection Threshold: 0.1 (V)
SetMagnetDAC 5.88092836049 ===>> OK
Magnet settling time: 0.500
sweep finished
setting integration time = 1.048576
SetIntegrationTime 1.048576 ===>> OK
Failed to find a valid peak. No peak greater than 1.0. max = 0.35360482594
flush and close file /Users/jan/PychronDev/data/isotopes/a1/22cff2-70a5-4289-a423-839ee1caf840.h5
finished measure script
executed snippet estimated_duration=226.132928, duration=273.325027943
jan_unknown120_60.py completed successfully
Measurement Finished
09:17:59 -- ******* Measurement Finished *******
Post Measurement Started jan_pump_ms.py
09:17:59 -- ******* Post Measurement Started jan_pump_ms.py *******
testing...
no interpolation path defined
executed snippet estimated_duration=0, duration=2.69412994385e-05
Pumping spectrometer
open () {'name': 'O'}
opening name=O desc=---
checking ownership. requestor=129.138.12.150
check software interlocks O
interlocks []
actuate state mode=None-script, software_lock=False
doing actuation None-script open_channel True
Open O ===>> OK
GetIndicatorState O ===>> OK
change switch state (True, True)
update switch state O True args=() kw={} ncanvase=8
09:17:59 -- OPEN   VALVE-O (Jan Ion Pump)
---------------------------------------- open O () result=[(True, True)], time=0.10 sec
action=open, ok=True, locked=[False]
executed snippet estimated_duration=0, duration=0.359539985657
jan_pump_ms.py completed successfully
setting _ms_pumptime
Post Measurement Finished
09:18:00 -- ******* Post Measurement Finished *******
$$$$$$$$$$$$$$$$$$$$ state at run end measurement
state changed from measurement to success
post measurement save measured=True aborted=False
Set filtering
setting fod for Ar40= {'filter_outliers': True, 'std_devs': 2, 'iterations': 1}
setting fod for H1= {'filter_outliers': True, 'std_devs': 2, 'iterations': 1}
setting fod for PM41= {'filter_outliers': False, 'std_devs': 2, 'iterations': 1}
setting fod for H2= {'filter_outliers': True, 'std_devs': 2, 'iterations': 1}
setting fod for Ar36= {'filter_outliers': True, 'std_devs': 2, 'iterations': 1}
setting fod for CDD= {'filter_outliers': True, 'std_devs': 10, 'iterations': 1}
setting fod for Ar37= {'filter_outliers': True, 'std_devs': 2, 'iterations': 1}
setting fod for L2= {'filter_outliers': True, 'std_devs': 2, 'iterations': 1}
setting fod for Ar38= {'filter_outliers': True, 'std_devs': 2, 'iterations': 1}
setting fod for L1= {'filter_outliers': True, 'std_devs': 2, 'iterations': 1}
setting fod for Ar39= {'filter_outliers': True, 'std_devs': 2, 'iterations': 1}
setting fod for AX= {'filter_outliers': True, 'std_devs': 2, 'iterations': 1}
persistence save...
persistence save - db
post measurement save
9404654416 connecting to database sqlite:////Users/jan/PychronDev/.appdata/local_lab.db
connected to db sqlite:////Users/jan/PychronDev/.appdata/local_lab.db
create new session 9404654416
close session 9404654416
No database instance. Not saving post measurement to isotopedb database
$$$$$$$$$$$$$$$ auto_save_detector_ic=False
massspec enabled True
create new session 6484677072
MassSpec Database Version: 16.0
close session 6484677072
saving post measurement to secondary database
saving to massspec database 129.138.12.160/massspecdata
setting labnumber to 65475
setting aliquot to 2
setting step to 
setting uuid to a122cff2-70a5-4289-a423-839ee1caf840
setting irradpos to 65475
setting extract_device to Fusions CO2
setting tray to 
setting position to 92
setting power_requested to 5.0
setting extract_value to 5.0
setting duration to 30.0
setting duration_at_request to 30.0
setting first_stage_delay to 30.0
setting cleanup to 30.0
setting comment to P:7
setting irradiation to NM-288
setting level to P
setting irradiation_level to P
setting sample to Goat Mtn
setting material to Sanidine
setting project to IR989
setting mass_spectrometer to Jan
no attribute chron_dosages
no attribute production_ratios
no attribute interference_corrections
no attribute production_name
no attribute j
Reference Isotope=Ar40
Reference Detector=H1
%%%%%%%%%%%%%%%%%%%% Comment: P:7 %%%%%%%%%%%%%%%%%%%
adding isotope PM41 H2
add baseline dbdet= PM41. original det= H2
get baseline data PM41 H2
Get data baseline <pychron.processing.isotope.Baseline object at 0x2365927d0> len t=60
baseline PM41. v=-0.191557218335, e=0.00843934950454
get signal data PM41 H2
Get data signal PM41 0.13+/-0.09 len t=120
adding isotope Ar40 H1
add baseline dbdet= Ar40. original det= H1
get baseline data Ar40 H1
Get data baseline <pychron.processing.isotope.Baseline object at 0x2365929d0> len t=60
baseline Ar40. v=-0.00982836342477, e=0.00460142667538
get signal data Ar40 H1
Get data signal Ar40 562.19+/-0.04 len t=120
adding isotope Ar39 AX
add baseline dbdet= Ar39. original det= AX
get baseline data Ar39 AX
Get data baseline <pychron.processing.isotope.Baseline object at 0x236592b90> len t=60
baseline Ar39. v=-0.0764058939104, e=0.00621699905423
get signal data Ar39 AX
Get data signal Ar39 43.259+/-0.017 len t=120
adding isotope Ar38 L1
add baseline dbdet= Ar38. original det= L1
get baseline data Ar38 L1
Get data baseline <pychron.processing.isotope.Baseline object at 0x236592d50> len t=60
baseline Ar38. v=-0.0176518023273, e=0.0027060812803
get signal data Ar38 L1
Get data signal Ar38 0.831+/-0.006 len t=120
adding isotope Ar37 L2
add baseline dbdet= Ar37. original det= L2
get baseline data Ar37 L2
Get data baseline <pychron.processing.isotope.Baseline object at 0x236592f10> len t=60
baseline Ar37. v=-0.00495190304307, e=0.00718289054514
get signal data Ar37 L2
Get data signal Ar37 0.247+/-0.010 len t=120
adding isotope Ar36 CDD
add baseline dbdet= Ar36. original det= CDD
get baseline data Ar36 CDD
Get data baseline <pychron.processing.isotope.Baseline object at 0x23af09f50> len t=60
baseline Ar36. v=0.000210892668661, e=2.2737273471e-05
get signal data Ar36 CDD
Get data signal Ar36 0.3744+/-0.0013 len t=120
65475-02 added analysis time 0.552259922028s
analysis added to mass spec database
mass spec save time= 0.569
persistence save - dvc
================= post measurement started
create new session 4992585168
close session 4992585168
---------------- Experiment Queue saving disabled
DVC saving peakcenter
Failed to find a valid peak. No peak greater than 1.0. max = 0.35360482594
Smart pull ahead: 0 behind: 0
Up-to-date with origin
add to repo msg=modified - ad8224ebc6dbfeb9f5997218dfa5fe690569839d.json
add to repo msg=modified - 75-02.json
add to repo msg=modified - 75-02.dat.json
add to repo msg=modified - 75-02.blan.json
add to repo msg=modified - 75-02.inte.json
add to repo msg=modified - 75-02.icfa.json
add to repo msg=modified - 75-02.base.json
not at valid file /Users/jan/PychronDev/data/.dvc/repositories/Load1795/654/tags/75-02.tags.json
add to repo msg=modified - 75-02.peak.json
add to repo msg=modified - 75-02.extr.json
not at valid file /Users/jan/PychronDev/data/.dvc/repositories/Load1795/654/monitor/75-02.moni.json
commit message=<COLLECTION>
add to repo msg=modified - 75-02.inte.json
add to repo msg=modified - 75-02.base.json
commit message=<ISOEVO> default collection fits
add to repo msg=modified - 75-02.blan.json
commit message=<BLANKS> preceding bc-02-J-397
add to repo msg=modified - 75-02.icfa.json
commit message=<ICFactor> default
push repository <pychron.git_archive.repo_manager.GitRepoManager object at 0x221ab1230>
pushing to remote=origin, url=https://github.com
no changes to meta repo
create new session 4992585168
add association Load1795
get identifier "65475"
setting analysis irradiation position=<pychron.dvc.dvc_orm.IrradiationPositionTbl object at 0x24423ad50>
close session 4992585168
================= post measurement finished
09:18:12 -- ******* Post Run Check *******
loading queue conditionals post_run_actions
loading system conditionals post_run_actions
loading conditionals from /Users/jan/PychronDev/setupfiles/spectrometer/default_conditionals.yaml
loading queue conditionals post_run_terminations
loading system conditionals post_run_terminations
loading conditionals from /Users/jan/PychronDev/setupfiles/spectrometer/default_conditionals.yaml
Checking default post run terminations n=1
GetDeflection CDD ===>> 50
testing CDD==2000
evaluate ot="CDD.deflection==2000" t="CDD==2000", ctx="{'CDD': 50.0}"
09:18:12 -- ******* Post Run Check Passed *******
09:18:12 -- Automated run 65475-02 success duration: 364.096 s
----------------- finish -----------------
----------------- stop -----------------
retroactive repository identifiers disabled
finish run. runs completed=163
update duration runid=65475-02, duration=364.096045971, md5=301e91d8
loading script "jan_unknown120_60.py"
loading script "jan_pump_ms.py"
loading script "jan_co2.py"
loading script "jan_pump_extraction_line.py"
testing...
no interpolation path defined
executed snippet estimated_duration=213.652928, duration=0.00020694732666
script duration name:unknown120_60 seconds:214.0
loading script "jan_unknown120_60.py"
loading script "jan_pump_ms.py"
loading script "jan_co2.py"
loading script "jan_pump_extraction_line.py"
testing...
no interpolation path defined
executed snippet estimated_duration=0, duration=3.09944152832e-05
loading script "jan_unknown120_60.py"
loading script "jan_pump_ms.py"
loading script "jan_co2.py"
loading script "jan_pump_extraction_line.py"
testing...
no interpolation path defined
calculate duration
testing...
no interpolation path defined
executed snippet estimated_duration=0, duration=4.6968460083e-05
calculate duration
testing...
no interpolation path defined
executed snippet estimated_duration=0, duration=7.39097595215e-05
executed snippet estimated_duration=0.0, duration=0.00206804275513
script duration name:co2 seconds:0.0
loading script "jan_unknown120_60.py"
loading script "jan_pump_ms.py"
loading script "jan_co2.py"
loading script "jan_pump_extraction_line.py"
testing...
no interpolation path defined
calculate duration
testing...
no interpolation path defined
executed snippet estimated_duration=4.0, duration=0.000119209289551
executed snippet estimated_duration=4.0, duration=0.000885009765625
Script duration 214.0
Run total estimated duration= 215.000
unknown120_60 in script context. using previous estimated duration
script duration name:unknown120_60 seconds:214.0
pump_ms in script context. using previous estimated duration
co2 in script context. using previous estimated duration
script duration name:co2 seconds:0.0
pump_extraction_line in script context. using previous estimated duration
Script duration 214.0
Run total estimated duration= 215.000
script duration name:unknown120_60 seconds:214.0
script duration name:co2 seconds:0.0
Script duration 214.0
Run total estimated duration= 215.000
script duration name:unknown120_60 seconds:214.0
script duration name:co2 seconds:0.0
Script duration 214.0
Run total estimated duration= 215.000
script duration name:unknown120_60 seconds:214.0
script duration name:co2 seconds:0.0
Script duration 214.0
Run total estimated duration= 215.000
script duration name:unknown120_60 seconds:214.0
script duration name:co2 seconds:0.0
Script duration 214.0
Run total estimated duration= 215.000
script duration name:unknown120_60 seconds:214.0
script duration name:co2 seconds:0.0
Script duration 214.0
Run total estimated duration= 215.000
loading script "jan_unknown400_120.py"
loading script "jan_pump_ms.py"
loading script "jan_sniffair_x2.py"
loading script "jan_pump_extraction_line.py"
testing...
no interpolation path defined
executed snippet estimated_duration=556.052928, duration=0.000143051147461
script duration name:unknown400_120 seconds:556.0
loading script "jan_unknown400_120.py"
loading script "jan_pump_ms.py"
loading script "jan_sniffair_x2.py"
loading script "jan_pump_extraction_line.py"
testing...
no interpolation path defined
calculate duration
testing...
no interpolation path defined
executed snippet estimated_duration=0, duration=4.38690185547e-05
calculate duration
testing...
no interpolation path defined
executed snippet estimated_duration=0, duration=9.91821289062e-05
calculate duration
testing...
no interpolation path defined
executed snippet estimated_duration=32.0, duration=7.79628753662e-05
calculate duration
testing...
no interpolation path defined
executed snippet estimated_duration=34.0, duration=7.5101852417e-05
calculate duration
testing...
no interpolation path defined
executed snippet estimated_duration=4.0, duration=5.00679016113e-05
calculate duration
testing...
no interpolation path defined
executed snippet estimated_duration=36.0, duration=0.000111103057861
calculate duration
testing...
no interpolation path defined
executed snippet estimated_duration=34.0, duration=7.60555267334e-05
calculate duration
testing...
no interpolation path defined
executed snippet estimated_duration=4.0, duration=5.69820404053e-05
calculate duration
testing...
no interpolation path defined
executed snippet estimated_duration=36.0, duration=6.69956207275e-05
calculate duration
testing...
no interpolation path defined
executed snippet estimated_duration=70.0, duration=7.31945037842e-05
executed snippet estimated_duration=250.0, duration=0.00957012176514
script duration name:sniffair_x2 seconds:250.0
Script duration 806.0
Run total estimated duration= 807.000
unknown400_120 in script context. using previous estimated duration
script duration name:unknown400_120 seconds:556.0
sniffair_x2 in script context. using previous estimated duration
script duration name:sniffair_x2 seconds:250.0
Script duration 806.0
Run total estimated duration= 807.000
script duration name:unknown400_120 seconds:556.0
loading script "jan_unknown400_120.py"
loading script "jan_pump_ms.py"
loading script "jan_cocktail_x1.py"
loading script "jan_pump_extraction_line.py"
testing...
no interpolation path defined
calculate duration
testing...
no interpolation path defined
executed snippet estimated_duration=0, duration=3.60012054443e-05
calculate duration
testing...
no interpolation path defined
executed snippet estimated_duration=0, duration=7.48634338379e-05
calculate duration
testing...
no interpolation path defined
executed snippet estimated_duration=32.0, duration=6.89029693604e-05
calculate duration
testing...
no interpolation path defined
executed snippet estimated_duration=34.0, duration=7.39097595215e-05
calculate duration
testing...
no interpolation path defined
executed snippet estimated_duration=4.0, duration=4.88758087158e-05
calculate duration
testing...
no interpolation path defined
executed snippet estimated_duration=38.0, duration=7.29560852051e-05
executed snippet estimated_duration=108.0, duration=0.00495100021362
script duration name:cocktail_x1 seconds:108.0
Script duration 664.0
Run total estimated duration= 665.000
script duration name:unknown120_60 seconds:214.0
script duration name:co2 seconds:0.0
Script duration 214.0
Run total estimated duration= 215.000
script duration name:unknown120_60 seconds:214.0
script duration name:co2 seconds:0.0
Script duration 214.0
Run total estimated duration= 215.000
script duration name:unknown120_60 seconds:214.0
script duration name:co2 seconds:0.0
Script duration 214.0
Run total estimated duration= 215.000
script duration name:unknown120_60 seconds:214.0
script duration name:co2 seconds:0.0
Script duration 214.0
Run total estimated duration= 215.000
script duration name:unknown120_60 seconds:214.0
script duration name:co2 seconds:0.0
Script duration 214.0
Run total estimated duration= 215.000
script duration name:unknown120_60 seconds:214.0
script duration name:co2 seconds:0.0
Script duration 214.0
Run total estimated duration= 215.000
script duration name:unknown120_60 seconds:214.0
script duration name:co2 seconds:0.0
Script duration 214.0
Run total estimated duration= 215.000
script duration name:unknown120_60 seconds:214.0
script duration name:co2 seconds:0.0
Script duration 214.0
Run total estimated duration= 215.000
script duration name:unknown400_120 seconds:556.0
cocktail_x1 in script context. using previous estimated duration
script duration name:cocktail_x1 seconds:108.0
Script duration 664.0
Run total estimated duration= 665.000
loading script "jan_ic_peak_hop3.py"
loading script "jan_pump_ms.py"
loading script "jan_air_x1.py"
loading script "jan_pump_extraction_line.py"
testing...
no interpolation path defined
executed snippet estimated_duration=133.8, duration=0.00647401809692
script duration name:ic_peak_hop3 seconds:134.0
loading script "jan_ic_peak_hop3.py"
loading script "jan_pump_ms.py"
loading script "jan_air_x1.py"
loading script "jan_pump_extraction_line.py"
testing...
no interpolation path defined
calculate duration
testing...
no interpolation path defined
executed snippet estimated_duration=0, duration=3.19480895996e-05
calculate duration
testing...
no interpolation path defined
executed snippet estimated_duration=0, duration=7.20024108887e-05
calculate duration
testing...
no interpolation path defined
executed snippet estimated_duration=32.0, duration=6.69956207275e-05
calculate duration
testing...
no interpolation path defined
executed snippet estimated_duration=34.0, duration=7.10487365723e-05
calculate duration
testing...
no interpolation path defined
executed snippet estimated_duration=4.0, duration=5.91278076172e-05
calculate duration
testing...
no interpolation path defined
executed snippet estimated_duration=36.0, duration=6.50882720947e-05
executed snippet estimated_duration=106.0, duration=0.00531601905823
script duration name:air_x1 seconds:106.0
Script duration 240.0
Run total estimated duration= 241.000
script duration name:unknown120_60 seconds:214.0
script duration name:co2 seconds:0.0
Script duration 214.0
Run total estimated duration= 215.000
script duration name:unknown120_60 seconds:214.0
script duration name:co2 seconds:0.0
Script duration 214.0
Run total estimated duration= 215.000
script duration name:unknown120_60 seconds:214.0
script duration name:co2 seconds:0.0
Script duration 214.0
Run total estimated duration= 215.000
script duration name:unknown120_60 seconds:214.0
script duration name:co2 seconds:0.0
Script duration 214.0
Run total estimated duration= 215.000
script duration name:unknown120_60 seconds:214.0
script duration name:co2 seconds:0.0
Script duration 214.0
Run total estimated duration= 215.000
script duration name:unknown120_60 seconds:214.0
script duration name:co2 seconds:0.0
Script duration 214.0
Run total estimated duration= 215.000
script duration name:unknown120_60 seconds:214.0
script duration name:co2 seconds:0.0
Script duration 214.0
Run total estimated duration= 215.000
script duration name:unknown120_60 seconds:214.0
script duration name:co2 seconds:0.0
Script duration 214.0
Run total estimated duration= 215.000
script duration name:unknown120_60 seconds:214.0
script duration name:co2 seconds:0.0
Script duration 214.0
Run total estimated duration= 215.000
script duration name:unknown120_60 seconds:214.0
script duration name:co2 seconds:0.0
Script duration 214.0
Run total estimated duration= 215.000
script duration name:unknown120_60 seconds:214.0
script duration name:co2 seconds:0.0
Script duration 214.0
Run total estimated duration= 215.000
nruns=31 before=0.0, run_dur=8775.0, btw=1350.0
write rem/ex queues
/Users/jan/PychronDev/experiments/rem/CurrentExperiment.rem.txt
/Users/jan/PychronDev/experiments/rem/CurrentExperiment.ex.txt
doing event level: 3
