do run
loading script "jan_unknown120_60.py"
loading script "jan_pump_ms.py"
loading script "jan_co2.py"
loading script "jan_pump_extraction_line.py"
testing...
no interpolation path defined
executed snippet estimated_duration=213.652928, duration=0.00018310546875
script duration name:unknown120_60 seconds:214.0
loading script "jan_unknown120_60.py"
loading script "jan_pump_ms.py"
loading script "jan_co2.py"
loading script "jan_pump_extraction_line.py"
testing...
no interpolation path defined
executed snippet estimated_duration=0, duration=1.69277191162e-05
loading script "jan_unknown120_60.py"
loading script "jan_pump_ms.py"
loading script "jan_co2.py"
loading script "jan_pump_extraction_line.py"
testing...
no interpolation path defined
calculate duration
testing...
no interpolation path defined
executed snippet estimated_duration=0, duration=3.79085540771e-05
calculate duration
testing...
no interpolation path defined
executed snippet estimated_duration=0, duration=7.20024108887e-05
executed snippet estimated_duration=0.0, duration=0.00174188613892
script duration name:co2 seconds:0.0
loading script "jan_unknown120_60.py"
loading script "jan_pump_ms.py"
loading script "jan_co2.py"
loading script "jan_pump_extraction_line.py"
testing...
no interpolation path defined
calculate duration
testing...
no interpolation path defined
executed snippet estimated_duration=4.0, duration=0.000120162963867
executed snippet estimated_duration=4.0, duration=0.0011031627655
Script duration 214.0
Run total estimated duration= 215.000
run duration: 0:03:35
doing event level: 2
10:00:35 -- Setting default integration. t=1.048576
setting integration time = 1.048576
SetIntegrationTime 1.048576 ===>> OK
----------------- start -----------------
**************** Experiment Type: Ar/Ar, Ar/Ar
create new session 4419438256
close session 4419438256
$$$$$ Clearing conditionals
adding conditionals 
Add queue conditionals
add default conditionals
adding default conditionals from /Users/jan/PychronDev/setupfiles/spectrometer/default_conditionals.yaml
Start automated run 65475-08
loading script "jan_unknown120_60.py"
loading script "jan_pump_ms.py"
loading script "jan_co2.py"
loading script "jan_pump_extraction_line.py"
%%%%%%%%%%%%%%%%%% setting automated run 65475-08
No value "sensitivity_multiplier" in metadata
$$$$$$$$$$$$$$$ auto_save_detector_ic=False
============================= Pre Extraction Check =============================
loading queue conditionals pre_run_terminations
loading system conditionals pre_run_terminations
loading conditionals from /Users/jan/PychronDev/setupfiles/spectrometer/default_conditionals.yaml
10:00:35 -- ******* Pre Extraction Check *******
Get a measurement from the spectrometer
GetData ===>> H2,-0.184755396888256,H1,-0.0164865303007964,AX,-0.164749541846698,L1,-0.00724155829057027,L2,0.1...
Pre Extraction Termination data. keys=H2,H1,AX,L1,L2,CDD, signals=-0.18476,-0.01649,-0.16475,-0.00724,0.11541,0.00447
10:00:35 -- testing system defined conditionals
Checking default pre extraction terminations n=2
testing CDD
evaluate ot="CDD.inactive" t="CDD", ctx="{'CDD': False}"
GetDeflection CDD ===>> 50
testing CDD==2000
evaluate ot="CDD.deflection==2000" t="CDD==2000", ctx="{'CDD': 50.0}"
10:00:35 -- ******* Pre Extraction Check Passed *******
=================================================================================
10:00:35 -- stopping status monitor
stop 6901184944
Alive clients [5025639504, 5288834736, 4992986192]
10:00:35 -- starting status monitor
start 6901184944
Monitor already running
start extraction
do extraction
Analysis started at 10:00:35.812331
Extraction Started jan_co2.py
10:00:35 -- ******* Extraction Started jan_co2.py *******
state changed from not run to extraction
DO EXTRACTION <pychron.extraction_line.pyscript_runner.RemotePyScriptRunner object at 0x12bfe48f0>
testing...
no interpolation path defined
calculate duration
testing...
no interpolation path defined
executed snippet estimated_duration=0, duration=4.19616699219e-05
calculate duration
testing...
no interpolation path defined
executed snippet estimated_duration=0, duration=7.91549682617e-05
executed snippet estimated_duration=100.0, duration=0.0019371509552
Jan CO2 laser analysis
doing GOSUB
testing...
no interpolation path defined
executed snippet estimated_duration=0, duration=3.81469726562e-05
Waiting for CO2 access
wait ('FelixCO2Flag', 0) {}
waiting for FelixCO2Flag = 0
Read FelixCO2Flag ===>> 0
finished waiting
CO2 free
wait ('CO2PumpTimeFlag', 0) {}
waiting for CO2PumpTimeFlag = 0
Read CO2PumpTimeFlag ===>> 0
finished waiting
acquire ('JanCO2Flag',) {'clear': True}
acquire JanCO2Flag
Set JanCO2Flag 1 ===>> OK
JanCO2Flag acquired
set extraction state False (0.75, 'red', 1.5)
CO2 acquired
executed snippet estimated_duration=0, duration=0.0171728134155
WaitForCO2Access.py completed successfully
gosub finished
doing GOSUB
testing...
no interpolation path defined
executed snippet estimated_duration=0, duration=9.89437103271e-05
Prepare for CO2 analysis
close () {'description': 'Jan Inlet'}
closing name=--- desc=Jan Inlet
checking ownership. requestor=129.138.12.150
check software interlocks R
interlocks []
actuate state mode=None-script, software_lock=False
doing actuation None-script close_channel False
Close R ===>> OK
GetIndicatorState R ===>> False
change switch state (True, True)
update switch state R False args=() kw={} ncanvase=8
10:00:36 -- CLOSE  VALVE-R (Jan Inlet)
---------------------------------------- close None (Jan Inlet) result=[(True, True)]
action=close, ok=True, locked=[False]
open () {'description': 'Jan Ion Pump'}
opening name=--- desc=Jan Ion Pump
checking ownership. requestor=129.138.12.150
check software interlocks O
interlocks []
actuate state mode=None-script, software_lock=False
doing actuation None-script open_channel False
Open O ===>> OK
GetIndicatorState O ===>> OK
change switch state (True, True)
update switch state O True args=() kw={} ncanvase=8
10:00:36 -- OPEN   VALVE-O (Jan Ion Pump)
---------------------------------------- open None (Jan Ion Pump) result=[(True, True)], time=0.10 sec
action=open, ok=True, locked=[False]
close () {'description': 'Microbone to Minibone'}
closing name=--- desc=Microbone to Minibone
checking ownership. requestor=129.138.12.150
check software interlocks L
interlocks []
actuate state mode=None-script, software_lock=False
doing actuation None-script close_channel False
Close L ===>> OK
GetIndicatorState L ===>> False
change switch state (True, True)
update switch state L False args=() kw={} ncanvase=8
10:00:37 -- CLOSE  VALVE-L (Microbone to Minibone)
---------------------------------------- close None (Microbone to Minibone) result=[(True, True)]
action=close, ok=True, locked=[False]
open () {'description': 'Microbone to Turbo'}
opening name=--- desc=Microbone to Turbo
checking ownership. requestor=129.138.12.150
check software interlocks U
interlocks []
actuate state mode=None-script, software_lock=False
doing actuation None-script open_channel False
Open U ===>> OK
GetIndicatorState U ===>> OK
change switch state (True, True)
update switch state U True args=() kw={} ncanvase=8
10:00:37 -- OPEN   VALVE-U (Microbone to Turbo)
---------------------------------------- open None (Microbone to Turbo) result=[(True, True)], time=0.20 sec
action=open, ok=True, locked=[False]
open () {'description': 'Microbone to Inlet Pipette'}
opening name=--- desc=Microbone to Inlet Pipette
checking ownership. requestor=129.138.12.150
check software interlocks S
interlocks []
actuate state mode=None-script, software_lock=False
doing actuation None-script open_channel False
Open S ===>> OK
GetIndicatorState S ===>> OK
change switch state (True, True)
update switch state S True args=() kw={} ncanvase=8
10:00:38 -- OPEN   VALVE-S (Microbone to Inlet Pipette)
---------------------------------------- open None (Microbone to Inlet Pipette) result=[(True, True)], time=0.46 sec
action=open, ok=True, locked=[False]
open () {'description': 'Microbone to Getter D-50'}
opening name=--- desc=Microbone to Getter D-50
checking ownership. requestor=129.138.12.150
check software interlocks K
interlocks []
actuate state mode=None-script, software_lock=False
doing actuation None-script open_channel False
Open K ===>> OK
GetIndicatorState K ===>> OK
change switch state (True, True)
update switch state K True args=() kw={} ncanvase=8
10:00:39 -- OPEN   VALVE-K (Microbone to Getter D-50)
---------------------------------------- open None (Microbone to Getter D-50) result=[(True, True)], time=0.44 sec
action=open, ok=True, locked=[False]
open () {'description': 'Microbone to Getter NP-10'}
opening name=--- desc=Microbone to Getter NP-10
checking ownership. requestor=129.138.12.150
check software interlocks M
interlocks []
actuate state mode=None-script, software_lock=False
doing actuation None-script open_channel False
Open M ===>> OK
GetIndicatorState M ===>> OK
change switch state (True, True)
update switch state M True args=() kw={} ncanvase=8
10:00:39 -- OPEN   VALVE-M (Microbone to Getter NP-10)
---------------------------------------- open None (Microbone to Getter NP-10) result=[(True, True)], time=0.20 sec
action=open, ok=True, locked=[False]
close () {'description': 'CO2 Laser to Felix'}
closing name=--- desc=CO2 Laser to Felix
checking ownership. requestor=129.138.12.150
check software interlocks F
interlocks []
actuate state mode=None-script, software_lock=True
VALVE-F(CO2 Laser to Felix) software locked
change switch state (True, False)
---------------------------------------- close None (CO2 Laser to Felix) result=[(True, False)]
action=close, ok=True, locked=[True]
open () {'description': 'CO2 Laser to Jan'}
opening name=--- desc=CO2 Laser to Jan
checking ownership. requestor=129.138.12.150
check software interlocks A
interlocks []
actuate state mode=None-script, software_lock=False
doing actuation None-script open_channel False
Open A ===>> OK
GetIndicatorState A ===>> OK
change switch state (True, True)
update switch state A True args=() kw={} ncanvase=8
10:00:40 -- OPEN   VALVE-A (CO2 Laser to Jan)
---------------------------------------- open None (CO2 Laser to Jan) result=[(True, True)], time=0.20 sec
action=open, ok=True, locked=[False]
open () {'description': 'Microbone to CO2 Laser'}
opening name=--- desc=Microbone to CO2 Laser
checking ownership. requestor=129.138.12.150
check software interlocks T
interlocks []
actuate state mode=None-script, software_lock=False
doing actuation None-script open_channel False
Open T ===>> OK
GetIndicatorState T ===>> OK
change switch state (True, True)
update switch state T True args=() kw={} ncanvase=8
10:00:40 -- OPEN   VALVE-T (Microbone to CO2 Laser)
---------------------------------------- open None (Microbone to CO2 Laser) result=[(True, True)], time=0.43 sec
action=open, ok=True, locked=[False]
executed snippet estimated_duration=0, duration=5.28662705421
PrepareForCO2Analysis.py completed successfully
gosub finished
set_motor ('beam', '1.25') {}
setting motor "beam" to 1.25
set motor beam to 1.25
SetMotor beam,1.25 ===>> OK
GetMotorMoving beam ===>> False
GetMotorMoving beam ===>> False
Block completed
move_to_position ('98',) {'autocenter': True}
FusionsCO2 move to position 98
sending GoToHole 98,True
GoToHole 98,True ===>> OK
GetDriveMoving ===>> OK
GetDriveMoving ===>> OK
GetDriveMoving ===>> OK
GetDriveMoving ===>> OK
GetDriveMoving ===>> OK
GetDriveMoving ===>> OK
GetDriveMoving ===>> False
GetDriveMoving ===>> OK
GetDriveMoving ===>> OK
GetDriveMoving ===>> OK
GetDriveMoving ===>> OK
GetDriveMoving ===>> OK
GetDriveMoving ===>> OK
GetDriveMoving ===>> OK
GetDriveMoving ===>> False
Block completed
GetAutoCorrecting ===>> False
GetAutoCorrecting ===>> False
Block completed
update position
GetPosition ===>> 7.97560,1.99390,1.00000
got position (7.9756, 1.9939, 1.0)
move to position succeeded
sleep (5,) {}
SLEEP 5.0
block started
WaitControl setup for 5.0  
Join finished
block finished. duration 5.02078294754
close () {'description': 'Microbone to Turbo'}
closing name=--- desc=Microbone to Turbo
checking ownership. requestor=129.138.12.150
check software interlocks U
interlocks []
actuate state mode=None-script, software_lock=False
doing actuation None-script close_channel True
Close U ===>> OK
GetIndicatorState U ===>> False
change switch state (True, True)
update switch state U False args=() kw={} ncanvase=8
10:00:52 -- CLOSE  VALVE-U (Microbone to Turbo)
---------------------------------------- close None (Microbone to Turbo) result=[(True, True)]
action=close, ok=True, locked=[False]
enable laser
enable () {}
set extraction state FusionsCO2 Enabled (False, 'red', 1.5)
enabling laser
Enable ===>> OK
begin interval
BEGIN INTERVAL Interval 1 waiting for 30.0
block started
set extract to 5.0
WaitControl setup for 30.0  
extract (5.0,) {}
GetPosition ===>> 7.97560,1.99390,1.00000
set extraction state FusionsCO2 ON! 5.0(watts) (0.75, 'red', 1.5)
extract sample to 5.0 (watts)
set laser output
SetLaserOutput 5.0,watts ===>> OK
executing pattern triangle.lp
execute_pattern ('triangle.lp',) {}
executing pattern triangle.lp
IsPatterning ===>> OK
IsPatterning ===>> OK
IsPatterning ===>> OK
IsPatterning ===>> OK
IsPatterning ===>> OK
IsPatterning ===>> OK
IsPatterning ===>> OK
IsPatterning ===>> OK
IsPatterning ===>> OK
IsPatterning ===>> OK
IsPatterning ===>> OK
IsPatterning ===>> OK
IsPatterning ===>> OK
IsPatterning ===>> OK
IsPatterning ===>> OK
IsPatterning ===>> OK
IsPatterning ===>> OK
IsPatterning ===>> OK
IsPatterning ===>> OK
IsPatterning ===>> OK
IsPatterning ===>> OK
IsPatterning ===>> OK
IsPatterning ===>> OK
IsPatterning ===>> OK
IsPatterning ===>> OK
IsPatterning ===>> OK
IsPatterning ===>> False
IsPatterning ===>> False
Block completed
COMPLETE INTERVAL waiting for Interval 1 to complete
Join finished
block finished. duration 30.2125570774
Interval 1 finished
end_extract () {}
ending extraction. set laser power to 0
set laser power 0
SetLaserPower 0 ===>> OK
disable () {}
%%%%%%%%%%%%%%%%%%%%%%%%%%%%%%%%%%% disable
set extraction state False (0.75, 'red', 1.5)
disabling laser
Disable ===>> OK
sleep (30.0,) {}
SLEEP 30.0
block started
WaitControl setup for 30.0  
Join finished
block finished. duration 30.234454155
executed snippet estimated_duration=166.5, duration=78.5838940144
jan_co2.py completed successfully
GetAchievedOutput ===>> No Response
Requested Output= 0.000
Achieved Output=  0.000
GetResponseBlob ===>> No Response
GetOutputBlob ===>> No Response
persistence save...
persistence save - db
AutomatedRunPersister post_extraction_save deprecated
persistence save - dvc
no extraction position for 98
create new session 4992585168
close session 4992585168
Extraction Finished
10:01:54 -- ******* Extraction Finished *******
no overlap. not waiting for min ms pumptime
10:01:54 -- Sending spectrometer configuration
======== Sending configuration ========
SetDeflection CDD,50.0 ===>> OK
SetDeflection H2,0.0 ===>> OK
SetDeflection H1,0.0 ===>> OK
SetDeflection L2,825.0 ===>> OK
SetDeflection L1,400.0 ===>> OK
SetDeflection AX,190.0 ===>> OK
SetZFocus 74.64 ===>> OK
SetZSymmetry -50.72 ===>> OK
SetExtractionLens 26.13 ===>> OK
SetIonRepeller -3.81 ===>> OK
SetElectronEnergy 75.08 ===>> OK
SetYSymmetry -2.81 ===>> OK
SetIonCounterVoltage 1590.0 ===>> OK
send trap current 200.0
GetParameter Trap Current Readback ===>> 198.147042666178
SetParameter Trap Current Set,200.0 ===>> OK
updating mftable name mftable
Using mftable located at /Users/jan/PychronDev/setupfiles/spectrometer/mftables/mftable.csv
============ MFtable ===========
Isotope  H2     H1     AX     L1     L2     CDD    
Ar40     5.8269 5.8808 5.9941 6.1668 6.2326 6.3951
Ar39     5.7262 5.7731 5.8865 6.0529 6.1177 6.2816
Ar36     5.4037 5.4421 5.5499 5.7118 5.7727 5.9327
================================
get initial guess parabolic
get initial guess parabolic
get initial guess parabolic
get initial guess parabolic
get initial guess parabolic
get initial guess parabolic
======== Configuration Finished ========
GetYSymmetry ===>> -2.81
GetZSymmetry ===>> -50.72
GetParameter Trap Current Readback ===>> 197.923274125618
GetHighVoltage ===>> 4499.94659342336
start measurement
do measurement
L#=65475 analysis type=unknown
Measurement Started jan_unknown120_60.py
10:01:54 -- ******* Measurement Started jan_unknown120_60.py *******
state changed from extraction to measurement
setting spec, defl, and gains
GetExtractionLens ===>> 26.13
GetYSymmetry ===>> -2.81
GetZSymmetry ===>> -50.72
GetZFocus ===>> 74.64
GetDeflection H2 ===>> 0
GetDeflection H1 ===>> 0
GetDeflection AX ===>> 190
GetDeflection L1 ===>> 400
GetDeflection L2 ===>> 825
GetDeflection CDD ===>> 50
GetGain H2 ===>> 0.0113
GetGain H1 ===>> 0.1
GetGain AX ===>> 0.097049
GetGain L1 ===>> 0.010355
GetGain L2 ===>> 0.095649
GetGain CDD ===>> 0
pre measurement save
New frame /Users/jan/PychronDev/data/isotopes/2e/e631ec-2552-475c-8cbf-c3097bc3b399.h5
flush and close file /Users/jan/PychronDev/data/isotopes/2e/e631ec-2552-475c-8cbf-c3097bc3b399.h5
testing...
no interpolation path defined
executed snippet estimated_duration=226.132928, duration=0.000218152999878
unknown measurement script
activate_detectors ('H2', 'H1', 'AX', 'L1', 'L2', 'CDD') {}
activate detectors
*************** Set Analysis View Ar/Ar
create graphs
clearing graphs
clear isotope group
setting isotope det=H2, iso=PM41
setting isotope det=H1, iso=Ar40
setting isotope det=AX, iso=Ar39
setting isotope det=L1, iso=Ar38
setting isotope det=L2, iso=Ar37
setting isotope det=CDD, iso=Ar36
setting previous blanks
 - setting Ar40 blank 0.555+/-0.011
 - setting Ar36 blank 0.00699+/-0.00024
 - setting Ar37 blank 0.072+/-0.011
 - setting Ar38 blank 0.008+/-0.005
 - setting PM41 blank 0.12+/-0.08
 - setting Ar39 blank 0.050+/-0.013
load analysis view
position_magnet ('Ar40',) {'detector': 'H1'}
detector Detector(H1)
POSITION Ar40 H1
setting detector H2 to PM41 (40.9624)
setting detector H1 to Ar40 (39.9624)
setting detector AX to Ar39 (38.9624)
setting detector L1 to Ar38 (37.9624)
setting detector L2 to Ar37 (36.9624)
setting detector CDD to Ar36 (35.9624)
Mapping mass to dac mass func: "parabolic"
H1 map mass coeffs = [-0.00063987  0.15840543  0.57240999]
H1 map mass to dac 39.9624 >> 5.8808
GetDeflection H1 ===>> 0
GetHighVoltage ===>> 4499.94659342336
positioning Ar40 (5.88076536852) on H1
setting magnet DAC
current  : 5.880763
requested: 5.880765
Delta Dac: 0.000002
Checking detector protection. dv=0.00000
Checking detector "CDD". Protection Threshold: 0.1 (V)
SetMagnetDAC 5.88076536852 ===>> OK
Magnet settling time: 0.500
equilibrate () {'delay': 3, 'inlet': 'R', 'outlet': 'O', 'eqtime': 12.0}
Equilibration Started
10:01:56 -- ******* Equilibration Started *******
checking ownership. requestor=129.138.12.150
check software interlocks O
interlocks []
actuate state mode=None-script, software_lock=False
doing actuation None-script close_channel True
Close O ===>> OK
GetIndicatorState O ===>> False
change switch state (True, True)
update switch state O False args=() kw={} ncanvase=8
10:01:56 -- CLOSE  VALVE-O (Jan Ion Pump)
waiting 3s before opening inlet value ('R',)
update labels <pychron.experiment.plot_panel.PlotPanel object at 0x216be9cb0>
update labels "<pychron.graph.stacked_regression_graph.StackedRegressionGraph object at 0x20317a290>"
setting label 0 H2 PM41
setting label 1 H1 Ar40
setting label 2 AX Ar39
setting label 3 L1 Ar38
setting label 4 L2 Ar37
setting label 5 CDD Ar36
update labels "<pychron.graph.stacked_graph.StackedGraph object at 0x24599c710>"
setting label 0 H2 PM41
setting label 1 H1 Ar40
setting label 2 AX Ar39
setting label 3 L1 Ar38
setting label 4 L2 Ar37
setting label 5 CDD Ar36
checking ownership. requestor=129.138.12.150
check software interlocks R
interlocks []
actuate state mode=None-script, software_lock=False
doing actuation None-script open_channel True
Open R ===>> OK
State checksums do not match. Local:-598318598 Remote:-1449001502
State checksum failed
GetIndicatorState R ===>> OK
change switch state (True, True)
update switch state R True args=() kw={} ncanvase=8
10:02:00 -- OPEN   VALVE-R (Jan Inlet)
equilibrating for 12.0sec
set_time_zero () {}
sniff (12.0,) {}
py_sniff
build tables- sniff [Detector(H2), Detector(H1), Detector(AX), Detector(L1), Detector(L2), Detector(CDD)]
add group /sniff/PM41 (Group) '' table H2
add group /sniff/Ar40 (Group) '' table H1
add group /sniff/Ar39 (Group) '' table AX
add group /sniff/Ar38 (Group) '' table L1
add group /sniff/Ar37 (Group) '' table L2
add group /sniff/Ar36 (Group) '' table CDD
flush and close file /Users/jan/PychronDev/data/isotopes/2e/e631ec-2552-475c-8cbf-c3097bc3b399.h5
measuring sniff. ncounts=12.0
"sniff" increment series count="1" fit count="0" regressing="False"
starting measurement
check iteration duration=1.50203704834e-05
GetData ===>> H2,-0.123440000533722,H1,3.26956609209239,AX,0.24624783141708,L1,-0.0182551138576729,L2,0.1378338...
check iteration duration=2.09808349609e-05
GetData ===>> H2,0.898091804214938,H1,941.883805858866,AX,81.3052532416745,L1,0.456723003527307,L2,0.6901911658...
check iteration duration=3.00407409668e-05
GetData ===>> H2,1.20870898775101,H1,2067.73768893173,AX,171.744563819501,L1,1.52922065975091,L2,0.855415412040...
check iteration duration=2.09808349609e-05
GetData ===>> H2,0.742413508198211,H1,2438.53221648142,AX,197.775498141792,L1,2.27436355379694,L2,0.79324288535...
check iteration duration=4.38690185547e-05
GetData ===>> H2,0.539149423184489,H1,2566.2442989648,AX,205.869062779798,L1,2.68335522049942,L2,0.845595891406...
check iteration duration=1.81198120117e-05
GetData ===>> H2,0.440932897554969,H1,2616.25565282135,AX,208.64707649049,L1,2.95554221380409,L2,0.915670639120...
check iteration duration=1.69277191162e-05
GetData ===>> H2,0.354630633529014,H1,2637.13597307048,AX,210.158792571081,L1,3.08265357677173,L2,0.69929499108...
check iteration duration=2.90870666504e-05
GetData ===>> H2,0.392557558023942,H1,2647.08630540975,AX,210.628094518103,L1,3.14607577054905,L2,0.71702476662...
check iteration duration=4.00543212891e-05
GetData ===>> H2,0.460198327793202,H1,2650.2426548383,AX,211.112238582965,L1,3.21974351878271,L2,0.891921240872...
check iteration duration=1.81198120117e-05
GetData ===>> H2,0.260140110259067,H1,2651.2612218857,AX,211.155909560043,L1,3.24001120630822,L2,0.864423244172...
check iteration duration=1.59740447998e-05
GetData ===>> H2,0.19310133831029,H1,2651.15823054626,AX,211.228328336782,L1,3.27373691861932,L2,0.924168715445...
check iteration duration=2.69412994385e-05
GetData ===>> H2,0.330808144486282,H1,2651.05468366599,AX,211.190229065305,L1,3.28235700820112,L2,0.83378632890...
Equilibration Finished
10:02:12 -- ******* Equilibration Finished *******
checking ownership. requestor=129.138.12.150
check software interlocks R
interlocks []
actuate state mode=None-script, software_lock=False
doing actuation None-script close_channel True
Close R ===>> OK
GetIndicatorState R ===>> False
change switch state (True, True)
update switch state R False args=() kw={} ncanvase=8
10:02:12 -- CLOSE  VALVE-R (Jan Inlet)
Post Equilibration Started jan_pump_extraction_line.py
10:02:12 -- ******* Post Equilibration Started jan_pump_extraction_line.py *******
testing...
no interpolation path defined
calculate duration
testing...
no interpolation path defined
executed snippet estimated_duration=4.0, duration=0.000170946121216
executed snippet estimated_duration=4.0, duration=0.00136685371399
Pump after analysis
doing GOSUB
testing...
no interpolation path defined
executed snippet estimated_duration=4.0, duration=0.000211000442505
Pump Microbone
close () {'description': 'Jan Inlet'}
closing name=--- desc=Jan Inlet
checking ownership. requestor=129.138.12.150
check software interlocks R
interlocks []
actuate state mode=None-script, software_lock=False
doing actuation None-script close_channel False
check iteration duration=1.69277191162e-05
waiting for write to finish
measurement finished
estimated time: 12.583 actual time: :12.746
flush and close file /Users/jan/PychronDev/data/isotopes/2e/e631ec-2552-475c-8cbf-c3097bc3b399.h5
set_fits () {}
Close R ===>> OK
using default fits file=/Users/jan/PychronDev/scripts/measurement/fits/nominal_linear.yaml
set "Ar40" to "('Linear', 'SEM')"
No fit for "PM41". defaulting to linear. check the measurement script "jan_unknown120_60.py"
set "PM41" to "linear"
set "Ar36" to "('Linear', 'SEM')"
set "Ar37" to "('linear', 'SEM')"
set "Ar38" to "('linear', 'SEM')"
set "Ar39" to "('Linear', 'SEM')"
set_baseline_fits () {}
using default fits file=/Users/jan/PychronDev/scripts/measurement/fits/nominal_linear.yaml
set "H1" to "('average', 'SEM')"
set "H2" to "('average', 'SEM')"
set "CDD" to "('average', 'SEM')"
set "L2" to "('average', 'SEM')"
set "L1" to "('average', 'SEM')"
set "AX" to "('average', 'SEM')"
multicollect () {'integration_time': 1, 'ncounts': 120}
build tables- signal [Detector(H2), Detector(H1), Detector(AX), Detector(L1), Detector(L2), Detector(CDD)]
add group /signal/PM41 (Group) '' table H2
add group /signal/Ar40 (Group) '' table H1
add group /signal/Ar39 (Group) '' table AX
add group /signal/Ar38 (Group) '' table L1
add group /signal/Ar37 (Group) '' table L2
add group /signal/Ar36 (Group) '' table CDD
flush and close file /Users/jan/PychronDev/data/isotopes/2e/e631ec-2552-475c-8cbf-c3097bc3b399.h5
measuring signal. ncounts=120
GetIndicatorState R ===>> False
change switch state (True, True)
update switch state R False args=() kw={} ncanvase=8
10:02:13 -- CLOSE  VALVE-R (Jan Inlet)
---------------------------------------- close None (Jan Inlet) result=[(True, True)]
action=close, ok=True, locked=[False]
is_closed ('F',) {}
is F () closed?
is closed True
open () {'description': 'CO2 Laser to Jan'}
opening name=--- desc=CO2 Laser to Jan
checking ownership. requestor=129.138.12.150
check software interlocks A
interlocks []
actuate state mode=None-script, software_lock=False
doing actuation None-script open_channel False
Open A ===>> OK
GetIndicatorState A ===>> OK
change switch state (True, True)
update switch state A True args=() kw={} ncanvase=8
10:02:13 -- OPEN   VALVE-A (CO2 Laser to Jan)
---------------------------------------- open None (CO2 Laser to Jan) result=[(True, True)], time=0.14 sec
starting measurement
check iteration duration=9.89437103271e-05
GetData ===>> H2,0.425743792584693,H1,2651.50653952363,AX,210.948587965742,L1,3.29520628490854,L2,0.81753910986...
"signal" increment series count="2" fit count="1" regressing="True"
action=open, ok=True, locked=[False]
sleep (1,) {}
SLEEP 1.0
check iteration duration=6.50882720947e-05
GetData ===>> H2,0.312859108219598,H1,2651.04074819559,AX,210.965459307929,L1,3.31033607717764,L2,0.73363653354...
close () {'description': 'CO2 Laser to Roughing'}
closing name=--- desc=CO2 Laser to Roughing
checking ownership. requestor=129.138.12.150
check software interlocks G
interlocks []
actuate state mode=None-script, software_lock=True
VALVE-G(CO2 Laser to Roughing) software locked
change switch state (True, False)
---------------------------------------- close None (CO2 Laser to Roughing) result=[(True, False)]
action=close, ok=True, locked=[True]
open () {'description': 'Microbone to Turbo'}
opening name=--- desc=Microbone to Turbo
checking ownership. requestor=129.138.12.150
check software interlocks U
interlocks []
actuate state mode=None-script, software_lock=False
doing actuation None-script open_channel True
Open U ===>> OK
GetIndicatorState U ===>> OK
change switch state (True, True)
update switch state U True args=() kw={} ncanvase=8
10:02:15 -- OPEN   VALVE-U (Microbone to Turbo)
---------------------------------------- open None (Microbone to Turbo) result=[(True, True)], time=0.17 sec
action=open, ok=True, locked=[False]
open () {'description': 'Microbone to Getter NP-10'}
opening name=--- desc=Microbone to Getter NP-10
checking ownership. requestor=129.138.12.150
check software interlocks M
interlocks []
actuate state mode=None-script, software_lock=False
doing actuation None-script open_channel False
Open M ===>> OK
GetIndicatorState M ===>> OK
change switch state (True, True)
update switch state M True args=() kw={} ncanvase=8
10:02:15 -- OPEN   VALVE-M (Microbone to Getter NP-10)
---------------------------------------- open None (Microbone to Getter NP-10) result=[(True, True)], time=0.36 sec
check iteration duration=5.81741333008e-05
GetData ===>> H2,0.0971772109505998,H1,2649.73195899504,AX,210.882942798154,L1,3.26514965698681,L2,0.7261654590...
action=open, ok=True, locked=[False]
open () {'description': 'Microbone to Getter D-50'}
opening name=--- desc=Microbone to Getter D-50
checking ownership. requestor=129.138.12.150
check software interlocks K
interlocks []
actuate state mode=None-script, software_lock=False
doing actuation None-script open_channel False
Open K ===>> OK
GetIndicatorState K ===>> OK
change switch state (True, True)
update switch state K True args=() kw={} ncanvase=8
10:02:16 -- OPEN   VALVE-K (Microbone to Getter D-50)
---------------------------------------- open None (Microbone to Getter D-50) result=[(True, True)], time=0.46 sec
action=open, ok=True, locked=[False]
open () {'description': 'Microbone to CO2 Laser'}
opening name=--- desc=Microbone to CO2 Laser
checking ownership. requestor=129.138.12.150
check software interlocks T
interlocks []
actuate state mode=None-script, software_lock=False
doing actuation None-script open_channel False
check iteration duration=9.89437103271e-05
GetData ===>> H2,0.0221533412134541,H1,2648.58059945317,AX,210.562937957687,L1,3.24350481706232,L2,0.8309485883...
Open T ===>> OK
GetIndicatorState T ===>> OK
change switch state (True, True)
update switch state T True args=() kw={} ncanvase=8
10:02:17 -- OPEN   VALVE-T (Microbone to CO2 Laser)
---------------------------------------- open None (Microbone to CO2 Laser) result=[(True, True)], time=0.44 sec
action=open, ok=True, locked=[False]
open () {'description': 'Microbone to Inlet Pipette'}
opening name=--- desc=Microbone to Inlet Pipette
checking ownership. requestor=129.138.12.150
check software interlocks S
interlocks []
actuate state mode=None-script, software_lock=False
doing actuation None-script open_channel False
Open S ===>> OK
GetIndicatorState S ===>> OK
change switch state (True, True)
update switch state S True args=() kw={} ncanvase=8
10:02:17 -- OPEN   VALVE-S (Microbone to Inlet Pipette)
---------------------------------------- open None (Microbone to Inlet Pipette) result=[(True, True)], time=0.43 sec
testing H1>-5.0
evaluate ot="H1.bs>-5.0" t="H1>-5.0", ctx="{'H1': None}"
check iteration duration=0.00112009048462
GetData ===>> H2,0.0247334960995204,H1,2647.27262724125,AX,210.436214038818,L1,3.19084410026687,L2,0.7654265617...
action=open, ok=True, locked=[False]
sleep (1,) {}
SLEEP 1.0
set_resource () {'name': 'CO2PumpTimeFlag', 'value': 30}
Set CO2PumpTimeFlag 30 ===>> OK
release ('JanCO2Flag',) {}
release JanCO2Flag
Set JanCO2Flag 0 ===>> OK
executed snippet estimated_duration=6.0, duration=6.27248120308
PumpMicrobone.py completed successfully
gosub finished
get_resource_value () {'name': 'JanMiniboneFlag'}
Read JanMiniboneFlag ===>> 0
Get Resource Value JanMiniboneFlag=0.0
get resource value 0.0
check iteration duration=5.69820404053e-05
get_resource_value () {'name': 'JanMiniboneFlag'}
GetData ===>> H2,-0.0106586719851978,H1,2646.6103228106,AX,210.568081135012,L1,3.18490689920921,L2,0.6434161538...
Read JanMiniboneFlag ===>> 0
Get Resource Value JanMiniboneFlag=0.0
executed snippet estimated_duration=4.0, duration=6.28688001633
jan_pump_extraction_line.py completed successfully
Post Equilibration Finished
10:02:19 -- ******* Post Equilibration Finished *******
check iteration duration=3.71932983398e-05
GetData ===>> H2,0.0733189257014053,H1,2644.73084869968,AX,210.318167597972,L1,3.17030680402108,L2,0.6104883560...
check iteration duration=8.39233398438e-05
GetData ===>> H2,-0.101822060337061,H1,2643.98708416823,AX,210.174374662406,L1,3.14630876300992,L2,0.7183975309...
check iteration duration=8.89301300049e-05
GetData ===>> H2,-0.0301561219951537,H1,2643.36980635822,AX,210.12069050905,L1,3.19506994237424,L2,0.7480311460...
testing H1>-5.0
evaluate ot="H1.bs>-5.0" t="H1>-5.0", ctx="{'H1': None}"
check iteration duration=0.000591993331909
GetData ===>> H2,-0.0668123056735266,H1,2642.39617203629,AX,209.924841135747,L1,3.2076816756323,L2,0.7686542157...
check iteration duration=4.10079956055e-05
GetData ===>> H2,-0.108086221571715,H1,2641.18051222402,AX,209.99828583612,L1,3.15767974325242,L2,0.85160422017...
check iteration duration=7.91549682617e-05
GetData ===>> H2,0.00421090855895845,H1,2639.26483230919,AX,209.90902288556,L1,3.09265085729367,L2,0.7290142381...
check iteration duration=9.51290130615e-05
GetData ===>> H2,0.0652619676689432,H1,2637.64068103694,AX,209.836000081857,L1,3.13660405050945,L2,0.6223386408...
check iteration duration=8.01086425781e-05
GetData ===>> H2,0.0156773367553906,H1,2637.4230615522,AX,209.814814179418,L1,3.17982647092037,L2,0.69025978443...
testing H1>-5.0
evaluate ot="H1.bs>-5.0" t="H1>-5.0", ctx="{'H1': None}"
check iteration duration=0.0023729801178
GetData ===>> H2,0.000628311019722695,H1,2637.55312675517,AX,209.998526954805,L1,3.15471764023936,L2,0.71625831...
check iteration duration=6.103515625e-05
GetData ===>> H2,-0.0609018872082586,H1,2636.16980046255,AX,209.737052340963,L1,3.11707854052867,L2,0.726634529...
check iteration duration=4.31537628174e-05
GetData ===>> H2,-0.115509910466921,H1,2635.17220280035,AX,209.731364165816,L1,3.16290204103191,L2,0.7384878947...
check iteration duration=4.19616699219e-05
GetData ===>> H2,-0.104549269248609,H1,2633.12772063923,AX,209.278495315635,L1,3.15133726600877,L2,0.7201478339...
check iteration duration=5.19752502441e-05
GetData ===>> H2,-0.0344801443509934,H1,2631.93285409528,AX,209.322139267496,L1,3.11319633683652,L2,0.759932932...
testing H1>-5.0
evaluate ot="H1.bs>-5.0" t="H1>-5.0", ctx="{'H1': None}"
check iteration duration=0.00757479667664
GetData ===>> H2,0.0194103550570247,H1,2630.92723694026,AX,209.179718267748,L1,3.10207978000395,L2,0.8692651598...
check iteration duration=6.69956207275e-05
GetData ===>> H2,-0.063025067602029,H1,2629.71764829018,AX,209.007334423831,L1,3.12331328337115,L2,0.7318745432...
check iteration duration=6.31809234619e-05
GetData ===>> H2,-0.0872838726685338,H1,2628.64207330407,AX,208.743689095867,L1,3.0896050540162,L2,0.7481341359...
check iteration duration=7.60555267334e-05
GetData ===>> H2,0.00236576438391387,H1,2628.15013802667,AX,208.963477955497,L1,3.12257153698971,L2,0.796803498...
check iteration duration=4.19616699219e-05
GetData ===>> H2,-0.04227662002242,H1,2626.96311928233,AX,208.907173776134,L1,3.17056091271458,L2,0.61862097121...
testing H1>-5.0
evaluate ot="H1.bs>-5.0" t="H1>-5.0", ctx="{'H1': None}"
check iteration duration=0.000572919845581
10:02:39 -- collecting point 25
GetData ===>> H2,0.0282358726061693,H1,2625.91257350802,AX,208.754555254015,L1,3.15897919761926,L2,0.7579759025...
check iteration duration=7.41481781006e-05
GetData ===>> H2,-0.0881179140808836,H1,2624.91495148983,AX,208.73328024994,L1,3.14635036929712,L2,0.7548973810...
check iteration duration=7.89165496826e-05
GetData ===>> H2,-0.0312209832696126,H1,2624.02947818126,AX,208.706551448197,L1,3.13554312542808,L2,0.661101311...
check iteration duration=7.91549682617e-05
GetData ===>> H2,-0.0909798399880966,H1,2622.75094786572,AX,208.744626639537,L1,3.14011480709228,L2,0.722310017...
check iteration duration=7.10487365723e-05
GetData ===>> H2,-0.127386746917272,H1,2621.202429688,AX,208.742342886937,L1,3.13897310549793,L2,0.736966097040...
testing H1>-5.0
evaluate ot="H1.bs>-5.0" t="H1>-5.0", ctx="{'H1': None}"
check iteration duration=0.000579118728638
GetData ===>> H2,-0.103919971448491,H1,2620.4534812703,AX,208.598307176493,L1,3.11583975229184,L2,0.78094776364...
check iteration duration=6.89029693604e-05
GetData ===>> H2,-0.0718194177235724,H1,2620.25502199845,AX,208.679778124313,L1,3.12392473978627,L2,0.744895728...
check iteration duration=6.89029693604e-05
GetData ===>> H2,-0.10443829883468,H1,2618.54369671994,AX,208.564879729184,L1,3.12133909479403,L2,0.79231554476...
check iteration duration=9.89437103271e-05
GetData ===>> H2,-0.13277702663762,H1,2617.43107900675,AX,208.332701760036,L1,3.11553769642599,L2,0.72188672872...
check iteration duration=8.51154327393e-05
GetData ===>> H2,-0.223733578742433,H1,2616.20479024357,AX,208.090847873783,L1,3.12073747753536,L2,0.6440334218...
testing H1>-5.0
evaluate ot="H1.bs>-5.0" t="H1>-5.0", ctx="{'H1': None}"
check iteration duration=0.00117206573486
GetData ===>> H2,-0.105657560614897,H1,2615.28423349928,AX,208.231494594751,L1,3.09370967201948,L2,0.6806765326...
check iteration duration=0.000109195709229
GetData ===>> H2,-0.0690516739113292,H1,2614.65420670966,AX,208.068499684481,L1,3.11331685685549,L2,0.693942386...
check iteration duration=5.00679016113e-05
GetData ===>> H2,-0.0484069644234185,H1,2612.77479618258,AX,207.809650619433,L1,3.11330161862318,L2,0.733625091...
check iteration duration=4.60147857666e-05
GetData ===>> H2,-0.00471542906835613,H1,2611.6981647706,AX,207.907622444749,L1,3.09395466642949,L2,0.749678997...
check iteration duration=7.60555267334e-05
GetData ===>> H2,0.0222880500728827,H1,2611.00143802519,AX,207.863356495437,L1,3.06577018520836,L2,0.7726030889...
testing H1>-5.0
evaluate ot="H1.bs>-5.0" t="H1>-5.0", ctx="{'H1': None}"
check iteration duration=0.00589108467102
GetData ===>> H2,-0.0784139958951244,H1,2611.18848366634,AX,207.601993144917,L1,3.09975437595085,L2,0.701410953...
check iteration duration=3.69548797607e-05
GetData ===>> H2,-0.0549098341297965,H1,2609.41546118171,AX,207.565538649171,L1,3.07072414798415,L2,0.792853630...
check iteration duration=7.00950622559e-05
GetData ===>> H2,0.0660308705284361,H1,2608.15752914748,AX,207.379674569922,L1,3.08995927269267,L2,0.7128951522...
check iteration duration=6.50882720947e-05
GetData ===>> H2,-0.0610293434374612,H1,2607.33217778526,AX,207.593723794304,L1,3.06922000714375,L2,0.734162848...
check iteration duration=7.20024108887e-05
GetData ===>> H2,-0.127416487654489,H1,2605.80082597453,AX,207.373590306009,L1,3.07749381167693,L2,0.7377212718...
testing H1>-5.0
evaluate ot="H1.bs>-5.0" t="H1>-5.0", ctx="{'H1': None}"
check iteration duration=0.00134897232056
GetData ===>> H2,-0.052861125222258,H1,2605.4820784077,AX,207.222640746794,L1,3.08364732662605,L2,0.69478871843...
check iteration duration=7.89165496826e-05
GetData ===>> H2,-0.0854178178558753,H1,2603.60521530704,AX,207.118448825765,L1,3.08901010164318,L2,0.824850018...
check iteration duration=6.29425048828e-05
GetData ===>> H2,-0.044215409167846,H1,2603.74559356605,AX,207.232818254003,L1,3.05142740754449,L2,0.7949487574...
check iteration duration=3.91006469727e-05
GetData ===>> H2,-0.0272815864554774,H1,2602.41999384412,AX,207.045692906315,L1,3.07750626209073,L2,0.739380388...
check iteration duration=8.58306884766e-05
GetData ===>> H2,-0.0442330453432279,H1,2601.47601794463,AX,207.139976605468,L1,3.08271170464418,L2,0.691174703...
testing H1>-5.0
evaluate ot="H1.bs>-5.0" t="H1>-5.0", ctx="{'H1': None}"
check iteration duration=0.000547885894775
10:03:05 -- collecting point 50
GetData ===>> H2,-0.0520578221908962,H1,2599.96150376359,AX,207.147927381027,L1,3.109542541358,L2,0.66130710487...
check iteration duration=3.91006469727e-05
GetData ===>> H2,-0.110237705922954,H1,2598.55480301378,AX,206.59426272261,L1,3.13181193374489,L2,0.81489633619...
check iteration duration=8.29696655273e-05
GetData ===>> H2,-0.00382319950452287,H1,2598.08178022369,AX,206.870125671356,L1,3.14493255034925,L2,0.80480677...
check iteration duration=8.39233398438e-05
GetData ===>> H2,-0.0708404103930215,H1,2597.23620798338,AX,206.868211559523,L1,3.11831746074497,L2,0.791617183...
check iteration duration=3.91006469727e-05
GetData ===>> H2,-0.0602184805316582,H1,2596.11882869698,AX,206.69775500285,L1,3.10068088082215,L2,0.7505258212...
testing H1>-5.0
evaluate ot="H1.bs>-5.0" t="H1>-5.0", ctx="{'H1': None}"
check iteration duration=0.00218486785889
GetData ===>> H2,-0.0634317619402874,H1,2594.73539548984,AX,206.643757689952,L1,3.09888333485875,L2,0.716818853...
check iteration duration=8.20159912109e-05
GetData ===>> H2,-0.0727481764457662,H1,2594.00062706201,AX,206.684338016315,L1,3.12354205581767,L2,0.731840219...
check iteration duration=4.88758087158e-05
GetData ===>> H2,-0.0987340426488931,H1,2592.47777986456,AX,206.574318028011,L1,3.11833270555176,L2,0.792475825...
check iteration duration=7.39097595215e-05
GetData ===>> H2,-0.17496242783007,H1,2591.94935681646,AX,206.558033722564,L1,3.10078059875397,L2,0.78651128296...
check iteration duration=5.3882598877e-05
GetData ===>> H2,-0.170598444425555,H1,2591.25586303061,AX,205.900044984667,L1,3.0769487733154,L2,0.83169234290...
testing H1>-5.0
evaluate ot="H1.bs>-5.0" t="H1>-5.0", ctx="{'H1': None}"
check iteration duration=0.174068927765
GetData ===>> H2,0.0193381881425333,H1,2589.89118540671,AX,206.139278804982,L1,3.0503057253513,L2,0.70061031359...
check iteration duration=6.89029693604e-05
GetData ===>> H2,0.0814143216036285,H1,2589.27160434135,AX,206.193119491803,L1,3.10974611536972,L2,0.7974446518...
check iteration duration=3.09944152832e-05
GetData ===>> H2,-0.0435533545250119,H1,2588.03247739398,AX,206.143195740647,L1,3.15506739012787,L2,0.766651226...
check iteration duration=4.60147857666e-05
GetData ===>> H2,-0.114647845696495,H1,2586.11059703139,AX,206.114154916147,L1,3.06526119421468,L2,0.6412900389...
check iteration duration=9.41753387451e-05
GetData ===>> H2,-0.110432665405224,H1,2585.54672193832,AX,206.045489673729,L1,3.06875691479516,L2,0.7392087547...
testing H1>-5.0
evaluate ot="H1.bs>-5.0" t="H1>-5.0", ctx="{'H1': None}"
check iteration duration=0.00521206855774
GetData ===>> H2,-0.0416415914499121,H1,2584.75178139788,AX,205.791823442994,L1,3.06810308751187,L2,0.733064455...
check iteration duration=5.50746917725e-05
GetData ===>> H2,-0.0824325767324455,H1,2584.08496864836,AX,205.879161471047,L1,3.04450010999728,L2,0.716075282...
check iteration duration=7.00950622559e-05
GetData ===>> H2,-0.0942067727501154,H1,2583.3331621599,AX,205.626179787256,L1,3.042216220119,L2,0.795944817647...
check iteration duration=8.20159912109e-05
GetData ===>> H2,-0.0775764998679566,H1,2581.47177467534,AX,205.522316245652,L1,3.09252491320628,L2,0.818488695...
check iteration duration=8.20159912109e-05
GetData ===>> H2,0.0363350595499465,H1,2579.90496918014,AX,205.628422212383,L1,3.0950509758891,L2,0.73365941674...
testing H1>-5.0
evaluate ot="H1.bs>-5.0" t="H1>-5.0", ctx="{'H1': None}"
check iteration duration=0.000555992126465
GetData ===>> H2,-0.0940225560746665,H1,2578.88008415343,AX,205.404106634154,L1,3.06138778514125,L2,0.751258215...
check iteration duration=6.79492950439e-05
GetData ===>> H2,-0.0227490689856375,H1,2578.08273394407,AX,205.466672613288,L1,3.01523868469314,L2,0.653258622...
check iteration duration=7.60555267334e-05
GetData ===>> H2,-0.0869792039422804,H1,2577.752942879,AX,205.356050938981,L1,3.07314390118767,L2,0.75592735866...
check iteration duration=7.00950622559e-05
GetData ===>> H2,-0.0385853606004376,H1,2576.59500371441,AX,205.302520250002,L1,3.07332920594219,L2,0.722767628...
check iteration duration=8.60691070557e-05
GetData ===>> H2,-0.112181735505151,H1,2575.36198448533,AX,205.047315488904,L1,3.07111818768881,L2,0.7596697036...
testing H1>-5.0
evaluate ot="H1.bs>-5.0" t="H1>-5.0", ctx="{'H1': None}"
check iteration duration=0.000680923461914
10:03:32 -- collecting point 75
GetData ===>> H2,-0.111364092299065,H1,2573.93226562459,AX,204.953416217279,L1,3.07584770789227,L2,0.6854909106...
check iteration duration=3.60012054443e-05
GetData ===>> H2,-0.041595455516208,H1,2572.88723511315,AX,205.171687304623,L1,3.07214275353578,L2,0.7218295277...
check iteration duration=8.98838043213e-05
GetData ===>> H2,-0.0262245097252768,H1,2572.49915572818,AX,205.063632544666,L1,3.07404417813271,L2,0.750296949...
check iteration duration=6.103515625e-05
GetData ===>> H2,-0.0779112346425656,H1,2572.03721724888,AX,205.117047465613,L1,3.08074243903899,L2,0.787862144...
check iteration duration=8.89301300049e-05
GetData ===>> H2,0.03028498151695,H1,2570.45425225253,AX,205.017305112899,L1,3.06517544249502,L2,0.727126483515...
testing H1>-5.0
evaluate ot="H1.bs>-5.0" t="H1>-5.0", ctx="{'H1': None}"
check iteration duration=0.000664949417114
GetData ===>> H2,0.0313893380806368,H1,2569.24660956471,AX,204.801125487046,L1,3.00879412660938,L2,0.6705453998...
check iteration duration=6.19888305664e-05
GetData ===>> H2,-0.0992878085791817,H1,2568.17694365416,AX,204.863423031297,L1,3.01911293796786,L2,0.753833082...
check iteration duration=6.29425048828e-05
GetData ===>> H2,-0.0444080489883129,H1,2566.24495849737,AX,204.687739899186,L1,3.04757242475862,L2,0.651943948...
check iteration duration=3.81469726562e-05
GetData ===>> H2,-0.189248933106723,H1,2565.31128492508,AX,204.569126097759,L1,3.01427170327245,L2,0.6683958162...
check iteration duration=6.69956207275e-05
GetData ===>> H2,-0.167763270115951,H1,2565.06827905239,AX,204.554087819394,L1,3.0128482770121,L2,0.79616234940...
testing H1>-5.0
evaluate ot="H1.bs>-5.0" t="H1>-5.0", ctx="{'H1': None}"
check iteration duration=0.000841856002808
GetData ===>> H2,-0.0450047774316679,H1,2564.18950780292,AX,204.595089072427,L1,3.05237097547997,L2,0.783443294...
check iteration duration=7.10487365723e-05
GetData ===>> H2,-0.0985092790952749,H1,2562.97085872313,AX,204.273225825723,L1,3.05009852992243,L2,0.710069728...
check iteration duration=4.81605529785e-05
GetData ===>> H2,-0.0250056247842082,H1,2562.39569125242,AX,204.310265109002,L1,3.08253593792024,L2,0.708948733...
check iteration duration=3.91006469727e-05
GetData ===>> H2,0.0158774347964276,H1,2560.51798693594,AX,204.262267510256,L1,3.09200039152794,L2,0.7593378078...
check iteration duration=8.39233398438e-05
GetData ===>> H2,-0.0678594788097215,H1,2559.85938867336,AX,203.989724261815,L1,3.03589055083694,L2,0.723385406...
testing H1>-5.0
evaluate ot="H1.bs>-5.0" t="H1>-5.0", ctx="{'H1': None}"
check iteration duration=0.000561952590942
GetData ===>> H2,0.0275402122010328,H1,2559.4871391384,AX,204.033446849763,L1,3.03365943544565,L2,0.71863776676...
check iteration duration=5.31673431396e-05
GetData ===>> H2,0.0513828819962581,H1,2558.41148235792,AX,204.020946913675,L1,3.00629532055524,L2,0.7120600994...
check iteration duration=8.60691070557e-05
GetData ===>> H2,-0.0470657606534608,H1,2556.98429991818,AX,203.698702428447,L1,3.02361521214271,L2,0.747756506...
check iteration duration=8.48770141602e-05
GetData ===>> H2,-0.0814531277194786,H1,2556.19016739058,AX,203.658585567615,L1,3.06140990733322,L2,0.659477845...
check iteration duration=0.000108003616333
GetData ===>> H2,-0.0578506472231615,H1,2554.99752440372,AX,203.753112803372,L1,3.08900041662408,L2,0.787541599...
testing H1>-5.0
evaluate ot="H1.bs>-5.0" t="H1>-5.0", ctx="{'H1': None}"
check iteration duration=0.000729084014893
GetData ===>> H2,-0.00477391119186798,H1,2553.87566901575,AX,203.644032093024,L1,3.06492095725179,L2,0.74543354...
check iteration duration=6.38961791992e-05
GetData ===>> H2,0.0642641069340758,H1,2552.7030948763,AX,203.621147540116,L1,3.08262728092503,L2,0.69871167991...
check iteration duration=6.103515625e-05
GetData ===>> H2,-0.000792180060552922,H1,2551.70062792992,AX,203.705206202521,L1,3.05446561147265,L2,0.6550877...
check iteration duration=6.00814819336e-05
GetData ===>> H2,-0.000792180060552922,H1,2551.70062792992,AX,203.705206202521,L1,3.05446561147265,L2,0.6550877...
check iteration duration=3.21865081787e-05
GetData ===>> H2,0.0708049498645691,H1,2550.95278074641,AX,203.528045922291,L1,3.07494175876075,L2,0.7141420253...
testing H1>-5.0
evaluate ot="H1.bs>-5.0" t="H1>-5.0", ctx="{'H1': None}"
check iteration duration=0.00188088417053
10:03:58 -- collecting point 100
GetData ===>> H2,0.0795987738575872,H1,2549.72002823732,AX,203.266584481566,L1,3.04579907447363,L2,0.7162125569...
check iteration duration=8.89301300049e-05
GetData ===>> H2,0.0155575518505191,H1,2549.0231511044,AX,203.219605466823,L1,3.05955731992338,L2,0.78967095594...
check iteration duration=7.00950622559e-05
GetData ===>> H2,-0.0334889148194108,H1,2548.25694336445,AX,203.129235858245,L1,3.03253851733071,L2,0.786969200...
check iteration duration=5.00679016113e-05
GetData ===>> H2,-0.0559381199104713,H1,2546.6976823766,AX,203.001546733141,L1,3.02119409058016,L2,0.7608256255...
check iteration duration=7.9870223999e-05
GetData ===>> H2,0.0106311250384484,H1,2545.55264599477,AX,203.032544874668,L1,2.99647949379047,L2,0.8310630117...
testing H1>-5.0
evaluate ot="H1.bs>-5.0" t="H1>-5.0", ctx="{'H1': None}"
check iteration duration=0.00118517875671
GetData ===>> H2,0.0372478887148936,H1,2544.53290242845,AX,202.97330187023,L1,3.03453194922603,L2,0.76723495029...
check iteration duration=8.48770141602e-05
GetData ===>> H2,-0.0807906309772455,H1,2543.57485873957,AX,202.924458832164,L1,3.0035957586989,L2,0.7900029566...
check iteration duration=3.50475311279e-05
GetData ===>> H2,-0.0835270755424336,H1,2542.61011562618,AX,202.989058786354,L1,3.01700042619978,L2,0.742893234...
check iteration duration=7.9870223999e-05
GetData ===>> H2,-0.0463855959576218,H1,2541.88611420165,AX,202.618156771557,L1,3.0178255155613,L2,0.6574085367...
check iteration duration=5.98430633545e-05
GetData ===>> H2,-0.0102984399847233,H1,2540.26904163334,AX,202.551100573851,L1,3.01830155539984,L2,0.699500866...
testing H1>-5.0
evaluate ot="H1.bs>-5.0" t="H1>-5.0", ctx="{'H1': None}"
check iteration duration=0.000695943832397
GetData ===>> H2,-0.0783543703851931,H1,2539.27797833802,AX,202.565987446893,L1,3.03009689255867,L2,0.780272378...
check iteration duration=3.91006469727e-05
GetData ===>> H2,-0.102938738665436,H1,2538.05916489604,AX,202.616546986808,L1,3.00552414998093,L2,0.6858111153...
check iteration duration=4.60147857666e-05
GetData ===>> H2,-0.134727156378244,H1,2537.5783648109,AX,202.424306379375,L1,3.04839690487124,L2,0.84276924575...
check iteration duration=3.40938568115e-05
GetData ===>> H2,-0.0394811437382373,H1,2536.16413268801,AX,202.349858257277,L1,3.04897559510863,L2,0.665354466...
check iteration duration=3.79085540771e-05
GetData ===>> H2,0.0583057147478044,H1,2536.24535567102,AX,202.462665093473,L1,2.98454697643316,L2,0.7475505279...
testing H1>-5.0
evaluate ot="H1.bs>-5.0" t="H1>-5.0", ctx="{'H1': None}"
check iteration duration=0.00113797187805
GetData ===>> H2,0.0136234717984321,H1,2534.82464043348,AX,202.097719248901,L1,3.00429921185047,L2,0.7086856449...
check iteration duration=8.29696655273e-05
GetData ===>> H2,-0.0617493087392897,H1,2533.60337068238,AX,202.255345152851,L1,3.02124239763513,L2,0.696607214...
check iteration duration=6.50882720947e-05
GetData ===>> H2,-0.0832060515371189,H1,2532.03978575044,AX,202.099114276859,L1,3.01953521057281,L2,0.806409798...
check iteration duration=7.08103179932e-05
GetData ===>> H2,0.0100107092654221,H1,2531.06365885144,AX,201.888479351604,L1,3.01415721581244,L2,0.6494175388...
check iteration duration=9.29832458496e-05
GetData ===>> H2,-0.0497249369246167,H1,2529.95165714462,AX,201.939504271489,L1,3.0131737737841,L2,0.7467609463...
testing H1>-5.0
evaluate ot="H1.bs>-5.0" t="H1>-5.0", ctx="{'H1': None}"
check iteration duration=0.00382900238037
GetData ===>> H2,-0.0203670561162324,H1,2528.51812758479,AX,201.648872673618,L1,3.01556148962401,L2,0.810400355...
check iteration duration=1.81198120117e-05
waiting for write to finish
measurement finished
estimated time: 125.829 actual time: :127.365
flush and close file /Users/jan/PychronDev/data/isotopes/2e/e631ec-2552-475c-8cbf-c3097bc3b399.h5
baselines () {'settling_time': 15.0, 'detector': 'H1', 'mass': 34.2, 'ncounts': 60}
%%%%%%%%%%%%%%%%%%%%%%%%%%%%%%%% Baseline
build tables- baseline [Detector(H2), Detector(H1), Detector(AX), Detector(L1), Detector(L2), Detector(CDD)]
add group baseline table H2
add group baseline table H1
add group baseline table AX
add group baseline table L1
add group baseline table L2
add group baseline table CDD
flush and close file /Users/jan/PychronDev/data/isotopes/2e/e631ec-2552-475c-8cbf-c3097bc3b399.h5
detector Detector(H1)
POSITION 34.2 H1
Mapping mass to dac mass func: "parabolic"
H1 map mass coeffs = [-0.00063987  0.15840543  0.57240999]
H1 map mass to dac 34.2 >> 5.24145599104
GetDeflection H1 ===>> 0
GetHighVoltage ===>> 4499.94659342336
positioning 34.2 (5.2414251246) on H1
setting magnet DAC
current  : 5.880765
requested: 5.241425
Delta Dac: 0.639340
Checking detector protection. dv=0.63934
Checking detector "CDD". Protection Threshold: 0.1 (V)
ProtectDetector CDD,On ===>> OK
GetDeflection CDD ===>> 2000
Protected = 2000
SetMagnetDAC 5.2414251246 ===>> OK
Magnet settling time: 0.500
GetMagnetMoving ===>> True
GetMagnetMoving ===>> True
GetMagnetMoving ===>> True
GetMagnetMoving ===>> True
GetMagnetMoving ===>> True
GetMagnetMoving ===>> True
GetMagnetMoving ===>> False
ProtectDetector CDD,Off ===>> OK
GetDeflection CDD ===>> 50
Delaying 15.0s for detectors to settle
Join finished
measuring baseline. ncounts=60
"baseline" increment series count="2" fit count="1" regressing="True"
starting measurement
check iteration duration=5.50746917725e-05
GetData ===>> H2,-0.121201684292199,H1,-0.146899632856523,AX,-0.138988321342718,L1,-0.0188235001420069,L2,-0.06...
check iteration duration=3.09944152832e-05
GetData ===>> H2,-0.132689114142408,H1,-0.100950970730529,AX,-0.117015894587729,L1,-0.0222499252543266,L2,0.069...
check iteration duration=5.91278076172e-05
GetData ===>> H2,-0.146412794733084,H1,-0.148282626210405,AX,-0.202092354001386,L1,-0.0535411530310808,L2,-0.00...
check iteration duration=7.17639923096e-05
GetData ===>> H2,-0.103434102635011,H1,-0.145612001165429,AX,-0.120920580915948,L1,-0.0851034965287494,L2,-0.10...
testing H1>-5.0
evaluate ot="H1.bs>-5.0" t="H1>-5.0", ctx="{'H1': None}"
check iteration duration=0.000591039657593
GetData ===>> H2,-0.135200438292331,H1,-0.101439548348936,AX,-0.0819825737302531,L1,-0.116709821748945,L2,0.037...
check iteration duration=8.01086425781e-05
GetData ===>> H2,-0.135497919676183,H1,-0.0312982947949568,AX,-0.151046627688368,L1,-0.0891121892646117,L2,-0.0...
check iteration duration=8.10623168945e-05
GetData ===>> H2,-0.170594396610147,H1,0.0500741998042954,AX,-0.0541485735206998,L1,-0.0531667564525399,L2,0.05...
check iteration duration=8.60691070557e-05
GetData ===>> H2,-0.15198106353838,H1,-0.00705213024365641,AX,-0.0691272923507591,L1,-0.00957392103813614,L2,-0...
check iteration duration=9.89437103271e-05
GetData ===>> H2,-0.25411120906614,H1,-0.0224496620484292,AX,-0.136043084767277,L1,-0.00886767389021514,L2,-0.0...
testing H1>-5.0
evaluate ot="H1.bs>-5.0" t="H1>-5.0", ctx="{'H1': None}"
check iteration duration=0.000586986541748
GetData ===>> H2,-0.207446054051838,H1,0.0477947264624358,AX,-0.049406377847711,L1,0.00407176897543621,L2,0.088...
check iteration duration=4.50611114502e-05
GetData ===>> H2,-0.235195684883271,H1,-0.0466444051656854,AX,-0.102415382058681,L1,-0.0179864981957122,L2,-0.0...
check iteration duration=8.29696655273e-05
GetData ===>> H2,-0.18426979398936,H1,-0.07953462700494,AX,-0.14082035264886,L1,-0.0221863947503389,L2,-0.02633...
check iteration duration=8.89301300049e-05
GetData ===>> H2,-0.0835582292883623,H1,0.0224375937649015,AX,-0.0579978142677445,L1,-0.0233670376118174,L2,0.0...
check iteration duration=0.000105142593384
GetData ===>> H2,-0.15762316845942,H1,0.0644921757378071,AX,-0.0675970645926133,L1,-0.0460924645576997,L2,-0.07...
testing H1>-5.0
evaluate ot="H1.bs>-5.0" t="H1>-5.0", ctx="{'H1': None}"
check iteration duration=0.00112581253052
GetData ===>> H2,-0.149092603768202,H1,0.0306824320519318,AX,-0.125091586057276,L1,-0.0882952913346198,L2,0.001...
check iteration duration=8.01086425781e-05
GetData ===>> H2,-0.24249452478262,H1,0.0107098548180808,AX,-0.16521322767555,L1,-0.0653567822446176,L2,0.03913...
check iteration duration=4.79221343994e-05
GetData ===>> H2,-0.312330228691247,H1,-0.0132782184335099,AX,-0.0958560258391011,L1,-0.0583355851542387,L2,0.0...
check iteration duration=6.103515625e-05
GetData ===>> H2,-0.211726085679319,H1,0.0499787234397921,AX,-0.155347834855855,L1,-0.0396648048557359,L2,0.088...
check iteration duration=6.69956207275e-05
GetData ===>> H2,-0.352455435531406,H1,0.00949301653203634,AX,-0.075305921802679,L1,-0.0243126505729624,L2,0.02...
testing H1>-5.0
evaluate ot="H1.bs>-5.0" t="H1>-5.0", ctx="{'H1': None}"
check iteration duration=0.0278630256653
GetData ===>> H2,-0.198065275822653,H1,-0.0375228749670107,AX,-0.176862608638772,L1,-0.0449815684201566,L2,-0.1...
check iteration duration=7.60555267334e-05
GetData ===>> H2,-0.225124727780803,H1,-0.00168450199298213,AX,-0.11351660631993,L1,-0.0401379192259282,L2,-0.0...
check iteration duration=3.31401824951e-05
GetData ===>> H2,-0.21714720087012,H1,0.0147541589252011,AX,0.0634767135699351,L1,-0.0359665588946327,L2,-0.009...
check iteration duration=6.60419464111e-05
GetData ===>> H2,-0.161838286012758,H1,0.064957691345602,AX,-0.0715037347237927,L1,-0.0425306983070054,L2,0.054...
check iteration duration=3.2901763916e-05
GetData ===>> H2,-0.205312843007139,H1,0.0128453224678584,AX,-0.161468901457809,L1,-0.045383803620449,L2,0.0319...
testing H1>-5.0
evaluate ot="H1.bs>-5.0" t="H1>-5.0", ctx="{'H1': None}"
check iteration duration=0.000577926635742
10:05:04 -- collecting point 25
GetData ===>> H2,-0.219084848523139,H1,0.0705321104592428,AX,-0.0217486284363279,L1,-0.0487135968022025,L2,0.06...
check iteration duration=5.88893890381e-05
GetData ===>> H2,-0.228665796098886,H1,0.0474008960117846,AX,-0.0980116227812257,L1,-0.0231129414095299,L2,-0.0...
check iteration duration=3.88622283936e-05
GetData ===>> H2,-0.208711236768006,H1,-0.0440451518474603,AX,-0.189495683371239,L1,-0.00386257118830091,L2,-0....
check iteration duration=8.29696655273e-05
GetData ===>> H2,-0.266990549704963,H1,-0.0578871866815376,AX,0.0018565473737803,L1,-0.0269320974798047,L2,-0.1...
check iteration duration=7.60555267334e-05
GetData ===>> H2,-0.242005974773126,H1,0.0856118561078258,AX,0.0337297161914634,L1,-0.0144024123916985,L2,-0.02...
testing H1>-5.0
evaluate ot="H1.bs>-5.0" t="H1>-5.0", ctx="{'H1': None}"
check iteration duration=0.058424949646
GetData ===>> H2,-0.238507446824679,H1,0.0636208318271826,AX,-0.139498510742652,L1,-0.00995400298210717,L2,0.07...
check iteration duration=7.70092010498e-05
GetData ===>> H2,-0.213169910928035,H1,0.117964266305681,AX,-0.0984751857762792,L1,-0.0291998963332746,L2,-0.06...
check iteration duration=5.19752502441e-05
GetData ===>> H2,-0.176973801520889,H1,-0.0521765360988134,AX,-0.0777517624020494,L1,-0.0293005158115812,L2,-0....
check iteration duration=8.60691070557e-05
GetData ===>> H2,-0.107011992132011,H1,0.000569987706122843,AX,-0.0980695682763637,L1,-0.0233586477453452,L2,0....
check iteration duration=6.60419464111e-05
GetData ===>> H2,-0.194729926250976,H1,0.0752951622071009,AX,-0.129818509027754,L1,-0.00932092478489769,L2,0.06...
testing H1>-5.0
evaluate ot="H1.bs>-5.0" t="H1>-5.0", ctx="{'H1': None}"
check iteration duration=0.000586032867432
GetData ===>> H2,-0.193713730058892,H1,0.0596342317382038,AX,-0.136877964034194,L1,-0.00544245179785612,L2,-0.0...
check iteration duration=3.2901763916e-05
GetData ===>> H2,-0.161280592109026,H1,0.0463029526317495,AX,-0.07042564854705,L1,0.0148585128527138,L2,-0.0154...
check iteration duration=7.60555267334e-05
GetData ===>> H2,-0.162382449976024,H1,0.0262556689058836,AX,-0.0732077820610517,L1,-0.00519894801708575,L2,-0....
check iteration duration=7.29560852051e-05
GetData ===>> H2,-0.144228227834678,H1,0.0759749578808091,AX,-0.0675970645926133,L1,-0.0245894862134843,L2,-0.0...
check iteration duration=4.79221343994e-05
GetData ===>> H2,-0.198370047568794,H1,0.105640010527508,AX,0.00632303546429067,L1,-0.0395713771063459,L2,-0.02...
testing H1>-5.0
evaluate ot="H1.bs>-5.0" t="H1>-5.0", ctx="{'H1': None}"
check iteration duration=0.000869989395142
GetData ===>> H2,-0.135744012016458,H1,-0.014959911456258,AX,-0.0310731253438522,L1,-0.0370329242547982,L2,0.03...
check iteration duration=9.29832458496e-05
GetData ===>> H2,-0.145714373530231,H1,0.0290238644392151,AX,-0.0672724677320933,L1,-0.00291596358651581,L2,-0....
check iteration duration=4.00543212891e-05
GetData ===>> H2,-0.094141755440889,H1,0.0296204683299496,AX,-0.150826345112269,L1,-0.0461714675789171,L2,0.015...
check iteration duration=8.58306884766e-05
GetData ===>> H2,-0.0790793411755764,H1,-0.0267786731160456,AX,-0.0618700895788731,L1,-0.0339255290970954,L2,-0...
check iteration duration=6.29425048828e-05
GetData ===>> H2,-0.19545819795966,H1,0.0252176153141327,AX,0.0084461393260659,L1,-0.00209765817700234,L2,0.071...
testing H1>-5.0
evaluate ot="H1.bs>-5.0" t="H1>-5.0", ctx="{'H1': None}"
check iteration duration=0.00334501266479
GetData ===>> H2,-0.171132743362831,H1,0.0329973133618601,AX,-0.067307246018944,L1,-0.00605658295762717,L2,-0.0...
check iteration duration=6.89029693604e-05
GetData ===>> H2,-0.146373619440708,H1,0.0711289617324919,AX,-0.158454788015731,L1,-0.00945881452651866,L2,0.03...
check iteration duration=8.20159912109e-05
GetData ===>> H2,-0.141783770123299,H1,0.0181066410498644,AX,-0.0164713095812227,L1,-0.0414265937662765,L2,-0.0...
check iteration duration=4.10079956055e-05
GetData ===>> H2,-0.143681006954546,H1,0.0246449006984452,AX,-0.00937257446191724,L1,0.0125641325769095,L2,-0.0...
check iteration duration=6.41345977783e-05
GetData ===>> H2,-0.203971800040289,H1,-0.00353338422056633,AX,-0.0747031459562227,L1,-0.00750300167622012,L2,0...
testing H1>-5.0
evaluate ot="H1.bs>-5.0" t="H1>-5.0", ctx="{'H1': None}"
check iteration duration=0.00231194496155
10:05:31 -- collecting point 50
GetData ===>> H2,-0.262181309554844,H1,0.03038412649794,AX,-0.0622410779272321,L1,-0.0121898411943187,L2,-0.003...
check iteration duration=5.88893890381e-05
GetData ===>> H2,-0.245810184421334,H1,0.0475560411558941,AX,-0.11695796037623,L1,0.0110276341149536,L2,0.09434...
check iteration duration=7.39097595215e-05
GetData ===>> H2,-0.239169813855555,H1,0.0609949097350572,AX,-0.0590296631675998,L1,-0.06681328384558,L2,0.0160...
check iteration duration=4.48226928711e-05
GetData ===>> H2,-0.27424153918596,H1,-0.0109047170806729,AX,0.0107201161311766,L1,-0.0428348446236874,L2,0.026...
check iteration duration=7.41481781006e-05
GetData ===>> H2,-0.176181443926407,H1,0.0102565211787865,AX,-0.0315254103124279,L1,-0.0240921353467472,L2,-0.0...
testing H1>-5.0
evaluate ot="H1.bs>-5.0" t="H1>-5.0", ctx="{'H1': None}"
check iteration duration=0.000677108764648
GetData ===>> H2,-0.114953703482449,H1,0.0067969373365397,AX,-0.182182608029091,L1,0.0218937856692143,L2,0.0389...
check iteration duration=7.91549682617e-05
GetData ===>> H2,-0.157928449108163,H1,0.084252138531027,AX,-0.244552086269007,L1,0.012632560223393,L2,0.026468...
check iteration duration=3.79085540771e-05
GetData ===>> H2,-0.128808807662933,H1,0.0920170898544238,AX,-0.11885818452055,L1,0.0225234399117517,L2,-0.0294...
check iteration duration=4.72068786621e-05
GetData ===>> H2,-0.185607849374946,H1,-0.00646766913179313,AX,-0.104536068705884,L1,0.0118246634458692,L2,-0.0...
check iteration duration=4.98294830322e-05
GetData ===>> H2,-0.254990448039153,H1,0.0160187831228289,AX,-0.0419737676343964,L1,0.0107167617536736,L2,0.025...
testing H1>-5.0
evaluate ot="H1.bs>-5.0" t="H1>-5.0", ctx="{'H1': None}"
check iteration duration=0.00137305259705
GetData ===>> H2,-0.183803056016441,H1,0.0106382756858593,AX,-0.0881951577698131,L1,-0.00493744478751174,L2,0.1...
check iteration duration=3.31401824951e-05
waiting for write to finish
measurement finished
estimated time: 62.915 actual time: :63.543
flush and close file /Users/jan/PychronDev/data/isotopes/2e/e631ec-2552-475c-8cbf-c3097bc3b399.h5
activate_detectors ('H1', 'AX', 'CDD') {'peak_center': True}
peak_center () {'detector': 'H1', 'integration_time': 0.262144, 'isotope': 'Ar40'}
peak center: mean=2533.80482585 threshold=3
peak center started
setup peak center. detector=['H1', 'AX', 'CDD'], isotope=Ar40
VersionedUnpickler [<apptools.sweet_pickle.versioned_unpickler.VersionedUnpickler object at 0x247b7ce30>] using Updater [<apptools.sweet_pickle.updater.Updater object at 0x12e273d10>]
VersionedUnpickler [<apptools.sweet_pickle.versioned_unpickler.VersionedUnpickler object at 0x247b7ce30>] using Updater [<apptools.sweet_pickle.updater.Updater object at 0x12e273d10>]
VersionedUnpickler [<apptools.sweet_pickle.versioned_unpickler.VersionedUnpickler object at 0x2457469b0>] using Updater [<apptools.sweet_pickle.updater.Updater object at 0x12e273d10>]
setting integration time = 0.524288
SetIntegrationTime 0.524288 ===>> OK
Mapping mass to dac mass func: "parabolic"
H1 map mass coeffs = [-0.00063987  0.15840543  0.57240999]
H1 map mass to dac 39.9624 >> 5.8808
GetDeflection H1 ===>> 0
GetHighVoltage ===>> 4499.94659342336
do peak center. <pychron.spectrometer.jobs.peak_center.PeakCenter object at 0x16275af50>
doing pc
starting peak center. center dac= 5.88076536852 step_width=0.001
width = 0.001
get scan parameters. half-width=0.015,window=0.015, i=0, scalar=1
Scan parameters center=5.88077 width=0.03000 (5.86577 - 5.89577)
GetData ===>> H2,-0.139348247452029,H1,0.0582258301284667,AX,-0.0759086939150887,L1,-0.00448159723020424,L2,0.0...
Moving to starting dac 5.86576536852
setting magnet DAC
current  : 5.241425
requested: 5.865765
Delta Dac: 0.624340
Checking detector protection. dv=0.62434
Checking detector "CDD". Protection Threshold: 0.1 (V)
ProtectDetector CDD,On ===>> OK
GetDeflection CDD ===>> 2000
Protected = 2000
SetMagnetDAC 5.86576536852 ===>> OK
Magnet settling time: 0.500
GetMagnetMoving ===>> True
GetMagnetMoving ===>> True
GetMagnetMoving ===>> True
GetMagnetMoving ===>> True
GetMagnetMoving ===>> True
GetMagnetMoving ===>> True
GetMagnetMoving ===>> True
GetMagnetMoving ===>> True
GetMagnetMoving ===>> True
GetMagnetMoving ===>> False
ProtectDetector CDD,Off ===>> OK
GetDeflection CDD ===>> 50
Wait until signal near baseline. tol= 0.0436693725964. timeout= 10
GetData ===>> H2,105.576249004716,H1,27.0214163809819,AX,1.12986503354366,L1,0.0404784422642246,L2,-0.022019508...
GetData ===>> H2,147.937262122934,H1,80.8937627196299,AX,5.51374874262283,L1,0.0555062149254485,L2,0.0383811669...
GetData ===>> H2,102.819024055866,H1,38.6556073568099,AX,2.58002390598012,L1,0.0342483324826176,L2,-0.006877371...
GetData ===>> H2,49.296236862815,H1,19.6478663243054,AX,1.27318673616417,L1,0.00874049235555399,L2,-0.071550563...
GetData ===>> H2,18.7853594688508,H1,10.6229768452133,AX,0.443677450262873,L1,0.00281477172020446,L2,-0.0377966...
GetData ===>> H2,5.93091187209796,H1,6.4401742144421,AX,0.200047027488218,L1,0.00542501539572301,L2,-0.03911699...
GetData ===>> H2,1.75656093742373,H1,4.19141241472871,AX,0.0662915806780008,L1,0.0378450241198457,L2,-0.0139819...
GetData ===>> H2,0.816453480489697,H1,3.11085820164301,AX,0.0987859803297227,L1,0.0540421993979863,L2,0.1366478...
GetData ===>> H2,0.737575784347787,H1,2.57355729901432,AX,-0.000382420187536518,L1,0.0225103109357524,L2,-0.147...
GetData ===>> H2,0.777473349597313,H1,2.41188909522203,AX,0.0153262421239115,L1,0.00785817646207572,L2,-0.11399...
GetData ===>> H2,0.777473349597313,H1,2.41188909522203,AX,0.0153262421239115,L1,0.00785817646207572,L2,-0.11399...
GetData ===>> H2,0.774105616227459,H1,2.28808183893305,AX,0.101382291689884,L1,-0.00319551602958474,L2,0.053305...
GetData ===>> H2,0.753753831771876,H1,2.18469003650832,AX,0.00388674382704275,L1,0.00558321293088726,L2,0.01776...
GetData ===>> H2,0.682354642836223,H1,2.27305006489338,AX,0.0744952775018205,L1,-0.0113674941075465,L2,0.128073...
GetData ===>> H2,0.586104691682937,H1,2.23356308446705,AX,0.0117527047684985,L1,-0.0404098001919618,L2,0.039338...
GetData ===>> H2,0.496233525782088,H1,2.1517917815306,AX,0.111837781741745,L1,-0.0352152425640077,L2,-0.0557562...
GetData ===>> H2,0.378150074832168,H1,2.17324071232239,AX,-0.0470293957622068,L1,-0.00538847363532266,L2,-0.051...
GetData ===>> H2,0.332576911658024,H1,2.19724962720529,AX,-0.0189186292889313,L1,0.0139496486201838,L2,-0.10329...
GetData ===>> H2,0.309261414757209,H1,2.11370101435462,AX,0.0457994568655047,L1,0.0105844943436591,L2,-0.026003...
GetData ===>> H2,0.198692606976104,H1,2.20199905326564,AX,-0.0126784223842017,L1,0.00233218407909699,L2,0.11197...
GetData ===>> H2,0.230172844067403,H1,2.19756303423868,AX,0.0612862746600798,L1,0.0126375125358164,L2,-0.063881...
Peak center failed to move to a baseline position
_do_sweep sm= 5.86576536852, em= 5.89576536852, stm= 0.001
calculated step values: start=5.86576536852, end=5.89576536852, width=0.001, nsteps=31.0
setting magnet DAC
current  : 5.865765
requested: 5.865765
Delta Dac: 0.000000
Checking detector protection. dv=0.00000
Checking detector "CDD". Protection Threshold: 0.1 (V)
SetMagnetDAC 5.86576536852 ===>> OK
GetData ===>> H2,0.230172844067403,H1,2.19756303423868,AX,0.0612862746600798,L1,0.0126375125358164,L2,-0.063881...
setting magnet DAC
current  : 5.865765
requested: 5.866800
Delta Dac: 0.001034
Checking detector protection. dv=0.00103
Checking detector "CDD". Protection Threshold: 0.1 (V)
SetMagnetDAC 5.86679985128 ===>> OK
Magnet settling time: 1.049
GetData ===>> H2,0.158227196926143,H1,3.40362206649576,AX,0.160420688272095,L1,-0.0128203417007174,L2,0.0280155...
setting magnet DAC
current  : 5.866800
requested: 5.867834
Delta Dac: 0.001034
Checking detector protection. dv=0.00103
Checking detector "CDD". Protection Threshold: 0.1 (V)
SetMagnetDAC 5.86783433404 ===>> OK
Magnet settling time: 1.049
GetData ===>> H2,0.0812646786519142,H1,9.23283090476532,AX,0.660203827981406,L1,-0.00982810992154165,L2,-0.1070...
setting magnet DAC
current  : 5.867834
requested: 5.868869
Delta Dac: 0.001034
Checking detector protection. dv=0.00103
Checking detector "CDD". Protection Threshold: 0.1 (V)
SetMagnetDAC 5.8688688168 ===>> OK
Magnet settling time: 1.049
GetData ===>> H2,0.105813535490922,H1,45.3748444988578,AX,2.58611260314883,L1,0.0154083111865612,L2,0.018516705...
setting magnet DAC
current  : 5.868869
requested: 5.869903
Delta Dac: 0.001034
Checking detector protection. dv=0.00103
Checking detector "CDD". Protection Threshold: 0.1 (V)
SetMagnetDAC 5.86990329955 ===>> OK
Magnet settling time: 1.049
GetData ===>> H2,0.139301248232317,H1,162.810835511192,AX,8.37729864067307,L1,0.0570810498504506,L2,-0.05655282...
setting magnet DAC
current  : 5.869903
requested: 5.870938
Delta Dac: 0.001034
Checking detector protection. dv=0.00103
Checking detector "CDD". Protection Threshold: 0.1 (V)
SetMagnetDAC 5.87093778231 ===>> OK
Magnet settling time: 1.049
GetData ===>> H2,0.181173656534523,H1,489.112591172331,AX,26.2788895056471,L1,0.132610910304422,L2,0.1033795308...
setting magnet DAC
current  : 5.870938
requested: 5.871972
Delta Dac: 0.001034
Checking detector protection. dv=0.00103
Checking detector "CDD". Protection Threshold: 0.1 (V)
SetMagnetDAC 5.87197226507 ===>> OK
Magnet settling time: 1.049
GetData ===>> H2,0.0584311769053302,H1,1059.66789838811,AX,64.0098685757092,L1,0.430574176346865,L2,-0.04961074...
setting magnet DAC
current  : 5.871972
requested: 5.873007
Delta Dac: 0.001034
Checking detector protection. dv=0.00103
Checking detector "CDD". Protection Threshold: 0.1 (V)
SetMagnetDAC 5.87300674783 ===>> OK
Magnet settling time: 1.049
GetData ===>> H2,0.106941782610818,H1,1678.44927024727,AX,112.616790238791,L1,0.932726963332923,L2,0.0720371496...
setting magnet DAC
current  : 5.873007
requested: 5.874041
Delta Dac: 0.001034
Checking detector protection. dv=0.00103
Checking detector "CDD". Protection Threshold: 0.1 (V)
SetMagnetDAC 5.87404123059 ===>> OK
Magnet settling time: 1.049
GetData ===>> H2,-0.0255016193319082,H1,2108.93722385989,AX,154.098064846652,L1,1.47878913536471,L2,0.220816635...
setting magnet DAC
current  : 5.874041
requested: 5.875076
Delta Dac: 0.001034
Checking detector protection. dv=0.00103
Checking detector "CDD". Protection Threshold: 0.1 (V)
SetMagnetDAC 5.87507571335 ===>> OK
Magnet settling time: 1.049
GetData ===>> H2,-0.0117478063745567,H1,2315.27528644462,AX,178.254469959235,L1,2.00745518622242,L2,0.411231792...
setting magnet DAC
current  : 5.875076
requested: 5.876110
Delta Dac: 0.001034
Checking detector protection. dv=0.00103
Checking detector "CDD". Protection Threshold: 0.1 (V)
SetMagnetDAC 5.87611019611 ===>> OK
Magnet settling time: 1.049
GetData ===>> H2,0.0260394901584063,H1,2387.69202177872,AX,188.753137089518,L1,2.34811610777938,L2,0.5895251723...
setting magnet DAC
current  : 5.876110
requested: 5.877145
Delta Dac: 0.001034
Checking detector protection. dv=0.00103
Checking detector "CDD". Protection Threshold: 0.1 (V)
SetMagnetDAC 5.87714467887 ===>> OK
Magnet settling time: 1.049
GetData ===>> H2,0.0661001862582111,H1,2408.9198082831,AX,191.783098806484,L1,2.5982316471363,L2,0.701965719068...
setting magnet DAC
current  : 5.877145
requested: 5.878179
Delta Dac: 0.001034
Checking detector protection. dv=0.00103
Checking detector "CDD". Protection Threshold: 0.1 (V)
SetMagnetDAC 5.87817916162 ===>> OK
Magnet settling time: 1.049
GetData ===>> H2,-0.0349363525319294,H1,2413.49222648757,AX,192.704491918695,L1,2.68036374882099,L2,0.663578759...
setting magnet DAC
current  : 5.878179
requested: 5.879214
Delta Dac: 0.001034
Checking detector protection. dv=0.00103
Checking detector "CDD". Protection Threshold: 0.1 (V)
SetMagnetDAC 5.87921364438 ===>> OK
Magnet settling time: 1.049
GetData ===>> H2,0.0904172465423974,H1,2414.02982141953,AX,193.027048618148,L1,2.77824515744524,L2,0.7245709368...
setting magnet DAC
current  : 5.879214
requested: 5.880248
Delta Dac: 0.001034
Checking detector protection. dv=0.00103
Checking detector "CDD". Protection Threshold: 0.1 (V)
SetMagnetDAC 5.88024812714 ===>> OK
Magnet settling time: 1.049
GetData ===>> H2,0.0506633004704278,H1,2414.45954357885,AX,193.113665792639,L1,2.80812979941563,L2,0.7646974476...
setting magnet DAC
current  : 5.880248
requested: 5.881283
Delta Dac: 0.001034
Checking detector protection. dv=0.00103
Checking detector "CDD". Protection Threshold: 0.1 (V)
SetMagnetDAC 5.8812826099 ===>> OK
Magnet settling time: 1.049
GetData ===>> H2,0.018685983312776,H1,2412.95627492685,AX,192.822309507477,L1,2.85239562626609,L2,0.69026520968...
setting magnet DAC
current  : 5.881283
requested: 5.882317
Delta Dac: 0.001034
Checking detector protection. dv=0.00103
Checking detector "CDD". Protection Threshold: 0.1 (V)
SetMagnetDAC 5.88231709266 ===>> OK
Magnet settling time: 1.049
GetData ===>> H2,-0.143566354764632,H1,2412.60474576885,AX,192.54708226196,L1,2.89527814346445,L2,0.63781326942...
setting magnet DAC
current  : 5.882317
requested: 5.883352
Delta Dac: 0.001034
Checking detector protection. dv=0.00103
Checking detector "CDD". Protection Threshold: 0.1 (V)
SetMagnetDAC 5.88335157542 ===>> OK
Magnet settling time: 1.049
GetData ===>> H2,-0.0471005955801746,H1,2410.92074704947,AX,192.282401138701,L1,2.94971122774027,L2,0.689671081...
setting magnet DAC
current  : 5.883352
requested: 5.884386
Delta Dac: 0.001034
Checking detector protection. dv=0.00103
Checking detector "CDD". Protection Threshold: 0.1 (V)
SetMagnetDAC 5.88438605818 ===>> OK
Magnet settling time: 1.049
GetData ===>> H2,0.00344398853906272,H1,2407.32158501533,AX,191.555807506472,L1,2.90128777113307,L2,0.592521266...
setting magnet DAC
current  : 5.884386
requested: 5.885421
Delta Dac: 0.001034
Checking detector protection. dv=0.00103
Checking detector "CDD". Protection Threshold: 0.1 (V)
SetMagnetDAC 5.88542054093 ===>> OK
Magnet settling time: 1.049
GetData ===>> H2,-0.0477922806036522,H1,2395.98732668353,AX,189.646315681044,L1,2.83697653535468,L2,0.735223976...
setting magnet DAC
current  : 5.885421
requested: 5.886455
Delta Dac: 0.001034
Checking detector protection. dv=0.00103
Checking detector "CDD". Protection Threshold: 0.1 (V)
SetMagnetDAC 5.88645502369 ===>> OK
Magnet settling time: 1.049
GetData ===>> H2,-0.133948098280559,H1,2355.85434619355,AX,183.835479595102,L1,2.75204016449505,L2,0.7263082617...
setting magnet DAC
current  : 5.886455
requested: 5.887490
Delta Dac: 0.001034
Checking detector protection. dv=0.00103
Checking detector "CDD". Protection Threshold: 0.1 (V)
SetMagnetDAC 5.88748950645 ===>> OK
Magnet settling time: 1.049
GetData ===>> H2,-0.140744656477603,H1,2221.2731224184,AX,165.816702735554,L1,2.53832324223007,L2,0.46283720129...
setting magnet DAC
current  : 5.887490
requested: 5.888524
Delta Dac: 0.001034
Checking detector protection. dv=0.00103
Checking detector "CDD". Protection Threshold: 0.1 (V)
SetMagnetDAC 5.88852398921 ===>> OK
Magnet settling time: 1.049
GetData ===>> H2,-0.195027621214487,H1,1881.47186059436,AX,127.731410394106,L1,2.11287258090885,L2,0.3761970516...
setting magnet DAC
current  : 5.888524
requested: 5.889558
Delta Dac: 0.001034
Checking detector protection. dv=0.00103
Checking detector "CDD". Protection Threshold: 0.1 (V)
SetMagnetDAC 5.88955847197 ===>> OK
Magnet settling time: 1.049
GetData ===>> H2,-0.285991761888052,H1,1343.29592100596,AX,80.3753055815465,L1,1.55734797906224,L2,0.2695284106...
setting magnet DAC
current  : 5.889558
requested: 5.890593
Delta Dac: 0.001034
Checking detector protection. dv=0.00103
Checking detector "CDD". Protection Threshold: 0.1 (V)
SetMagnetDAC 5.89059295473 ===>> OK
Magnet settling time: 1.049
GetData ===>> H2,-0.35852902598251,H1,744.673558101454,AX,38.1835809774159,L1,1.02820104000773,L2,0.09437466855...
setting magnet DAC
current  : 5.890593
requested: 5.891627
Delta Dac: 0.001034
Checking detector protection. dv=0.00103
Checking detector "CDD". Protection Threshold: 0.1 (V)
SetMagnetDAC 5.89162743749 ===>> OK
Magnet settling time: 1.049
GetData ===>> H2,-0.357456582149573,H1,309.480826439645,AX,13.3610823328377,L1,0.594878907140509,L2,0.049545346...
setting magnet DAC
current  : 5.891627
requested: 5.892662
Delta Dac: 0.001034
Checking detector protection. dv=0.00103
Checking detector "CDD". Protection Threshold: 0.1 (V)
SetMagnetDAC 5.89266192024 ===>> OK
Magnet settling time: 1.049
GetData ===>> H2,-0.430069457971362,H1,52.1290468920611,AX,1.47972251320802,L1,0.304616995748145,L2,0.010863610...
setting magnet DAC
current  : 5.892662
requested: 5.893696
Delta Dac: 0.001034
Checking detector protection. dv=0.00103
Checking detector "CDD". Protection Threshold: 0.1 (V)
SetMagnetDAC 5.893696403 ===>> OK
Magnet settling time: 1.049
GetData ===>> H2,-0.301836017690915,H1,13.3605719514407,AX,0.0359578633904266,L1,0.153774207445052,L2,-0.052592...
setting magnet DAC
current  : 5.893696
requested: 5.894731
Delta Dac: 0.001034
Checking detector protection. dv=0.00103
Checking detector "CDD". Protection Threshold: 0.1 (V)
SetMagnetDAC 5.89473088576 ===>> OK
Magnet settling time: 1.049
GetData ===>> H2,-0.299928477798067,H1,2.86311469720484,AX,-0.0785631651333211,L1,0.0877564472551688,L2,-0.0413...
setting magnet DAC
current  : 5.894731
requested: 5.895765
Delta Dac: 0.001034
Checking detector protection. dv=0.00103
Checking detector "CDD". Protection Threshold: 0.1 (V)
SetMagnetDAC 5.89576536852 ===>> OK
Magnet settling time: 1.049
GetData ===>> H2,-0.295272294741977,H1,0.426863593757321,AX,-0.306623356844493,L1,0.041823073273948,L2,0.008381...
result of _do_sweep=True
result of _calculate_peak_center=([5.8732824716921126, 5.8810027398145639, 5.8887230079370152], [1793.1885444567506, 2414.4474872457231, 1777.9350064850933], 5.8802191035765707, 2414.4474872457231)
new center pos Detector(H1) (Ar40) @ 5.88100273981
GetHighVoltage ===>> 4499.94659342336
GetDeflection H1 ===>> 0
dac uncorrected for HV and deflection 5.88103737269
update mftable H1 Ar40 5.88103737269 message=automated run peakcenter
get initial guess parabolic
get initial guess parabolic
get initial guess parabolic
get initial guess parabolic
get initial guess parabolic
get initial guess parabolic
dump mftable to /Users/jan/PychronDev/setupfiles/spectrometer/mftables/mftable.csv
add to repo msg=modified - automated run peakcenter
locally archiving mftable
setting magnet DAC
current  : 5.895765
requested: 5.881003
Delta Dac: 0.014763
Checking detector protection. dv=0.01476
Checking detector "CDD". Protection Threshold: 0.1 (V)
SetMagnetDAC 5.88100273981 ===>> OK
Magnet settling time: 0.500
sweep finished
setting integration time = 1.048576
SetIntegrationTime 1.048576 ===>> OK
flush and close file /Users/jan/PychronDev/data/isotopes/2e/e631ec-2552-475c-8cbf-c3097bc3b399.h5
finished measure script
executed snippet estimated_duration=226.132928, duration=275.015743017
jan_unknown120_60.py completed successfully
Measurement Finished
10:06:29 -- ******* Measurement Finished *******
Post Measurement Started jan_pump_ms.py
10:06:29 -- ******* Post Measurement Started jan_pump_ms.py *******
testing...
no interpolation path defined
executed snippet estimated_duration=0, duration=2.69412994385e-05
Pumping spectrometer
open () {'name': 'O'}
opening name=O desc=---
checking ownership. requestor=129.138.12.150
check software interlocks O
interlocks []
actuate state mode=None-script, software_lock=False
doing actuation None-script open_channel True
Open O ===>> OK
GetIndicatorState O ===>> OK
change switch state (True, True)
update switch state O True args=() kw={} ncanvase=8
10:06:29 -- OPEN   VALVE-O (Jan Ion Pump)
---------------------------------------- open O () result=[(True, True)], time=0.12 sec
action=open, ok=True, locked=[False]
executed snippet estimated_duration=0, duration=0.373770952225
jan_pump_ms.py completed successfully
setting _ms_pumptime
Post Measurement Finished
10:06:30 -- ******* Post Measurement Finished *******
$$$$$$$$$$$$$$$$$$$$ state at run end measurement
state changed from measurement to success
post measurement save measured=True aborted=False
Set filtering
setting fod for Ar40= {'filter_outliers': True, 'std_devs': 2, 'iterations': 1}
setting fod for H1= {'filter_outliers': True, 'std_devs': 2, 'iterations': 1}
setting fod for PM41= {'filter_outliers': False, 'std_devs': 2, 'iterations': 1}
setting fod for H2= {'filter_outliers': True, 'std_devs': 2, 'iterations': 1}
setting fod for Ar36= {'filter_outliers': True, 'std_devs': 2, 'iterations': 1}
setting fod for CDD= {'filter_outliers': True, 'std_devs': 10, 'iterations': 1}
setting fod for Ar37= {'filter_outliers': True, 'std_devs': 2, 'iterations': 1}
setting fod for L2= {'filter_outliers': True, 'std_devs': 2, 'iterations': 1}
setting fod for Ar38= {'filter_outliers': True, 'std_devs': 2, 'iterations': 1}
setting fod for L1= {'filter_outliers': True, 'std_devs': 2, 'iterations': 1}
setting fod for Ar39= {'filter_outliers': True, 'std_devs': 2, 'iterations': 1}
setting fod for AX= {'filter_outliers': True, 'std_devs': 2, 'iterations': 1}
persistence save...
persistence save - db
post measurement save
9766619760 connecting to database sqlite:////Users/jan/PychronDev/.appdata/local_lab.db
connected to db sqlite:////Users/jan/PychronDev/.appdata/local_lab.db
create new session 9766619760
close session 9766619760
No database instance. Not saving post measurement to isotopedb database
$$$$$$$$$$$$$$$ auto_save_detector_ic=False
massspec enabled True
create new session 6484677072
MassSpec Database Version: 16.0
close session 6484677072
saving post measurement to secondary database
saving to massspec database 129.138.12.160/massspecdata
setting labnumber to 65475
setting aliquot to 8
setting step to 
setting uuid to 2ee631ec-2552-475c-8cbf-c3097bc3b399
setting irradpos to 65475
setting extract_device to Fusions CO2
setting tray to 
setting position to 98
setting power_requested to 5.0
setting extract_value to 5.0
setting duration to 30.0
setting duration_at_request to 30.0
setting first_stage_delay to 30.0
setting cleanup to 30.0
setting comment to P:7
setting irradiation to NM-288
setting level to P
setting irradiation_level to P
setting sample to Goat Mtn
setting material to Sanidine
setting project to IR989
setting mass_spectrometer to Jan
no attribute chron_dosages
no attribute production_ratios
no attribute interference_corrections
no attribute production_name
no attribute j
Reference Isotope=Ar40
Reference Detector=H1
%%%%%%%%%%%%%%%%%%%% Comment: P:7 %%%%%%%%%%%%%%%%%%%
adding isotope PM41 H2
add baseline dbdet= PM41. original det= H2
get baseline data PM41 H2
Get data baseline <pychron.processing.isotope.Baseline object at 0x246e41b90> len t=60
baseline PM41. v=-0.180458637192, e=0.006458155754
get signal data PM41 H2
Get data signal PM41 0.16+/-0.08 len t=120
adding isotope Ar40 H1
add baseline dbdet= Ar40. original det= H1
get baseline data Ar40 H1
Get data baseline <pychron.processing.isotope.Baseline object at 0x246e41d90> len t=60
baseline Ar40. v=0.0190187535495, e=0.00643674319639
get signal data Ar40 H1
Get data signal Ar40 2664.02+/-0.13 len t=120
adding isotope Ar39 AX
add baseline dbdet= Ar39. original det= AX
get baseline data Ar39 AX
Get data baseline <pychron.processing.isotope.Baseline object at 0x246e41f50> len t=60
baseline Ar39. v=-0.0920395056788, e=0.00704273492976
get signal data Ar39 AX
Get data signal Ar39 211.766+/-0.026 len t=120
adding isotope Ar38 L1
add baseline dbdet= Ar38. original det= L1
get baseline data Ar38 L1
Get data baseline <pychron.processing.isotope.Baseline object at 0x246e4f150> len t=60
baseline Ar38. v=-0.0210862212889, e=0.00301490306719
get signal data Ar38 L1
Get data signal Ar38 3.201+/-0.006 len t=120
adding isotope Ar37 L2
add baseline dbdet= Ar37. original det= L2
get baseline data Ar37 L2
Get data baseline <pychron.processing.isotope.Baseline object at 0x246e4f310> len t=60
baseline Ar37. v=-0.00405048820155, e=0.00735133005507
get signal data Ar37 L2
Get data signal Ar37 0.748+/-0.011 len t=120
adding isotope Ar36 CDD
add baseline dbdet= Ar36. original det= CDD
get baseline data Ar36 CDD
Get data baseline <pychron.processing.isotope.Baseline object at 0x246e4f4d0> len t=60
baseline Ar36. v=0.000511104595543, e=3.71728756846e-05
get signal data Ar36 CDD
Get data signal Ar36 1.5323+/-0.0024 len t=120
65475-08 added analysis time 0.605550050735s
analysis added to mass spec database
mass spec save time= 0.623
persistence save - dvc
================= post measurement started
create new session 4992585168
close session 4992585168
---------------- Experiment Queue saving disabled
DVC saving peakcenter
Smart pull ahead: 0 behind: 0
Up-to-date with origin
add to repo msg=modified - ad8224ebc6dbfeb9f5997218dfa5fe690569839d.json
add to repo msg=modified - 75-08.json
add to repo msg=modified - 75-08.dat.json
add to repo msg=modified - 75-08.blan.json
add to repo msg=modified - 75-08.inte.json
add to repo msg=modified - 75-08.icfa.json
add to repo msg=modified - 75-08.base.json
not at valid file /Users/jan/PychronDev/data/.dvc/repositories/Load1795/654/tags/75-08.tags.json
add to repo msg=modified - 75-08.peak.json
add to repo msg=modified - 75-08.extr.json
not at valid file /Users/jan/PychronDev/data/.dvc/repositories/Load1795/654/monitor/75-08.moni.json
commit message=<COLLECTION>
add to repo msg=modified - 75-08.inte.json
add to repo msg=modified - 75-08.base.json
commit message=<ISOEVO> default collection fits
add to repo msg=modified - 75-08.blan.json
commit message=<BLANKS> preceding bu-FC-J-7822
add to repo msg=modified - 75-08.icfa.json
commit message=<ICFactor> default
push repository <pychron.git_archive.repo_manager.GitRepoManager object at 0x23f3b3410>
pushing to remote=origin, url=https://github.com
no changes to meta repo
create new session 4992585168
add association Load1795
get identifier "65475"
setting analysis irradiation position=<pychron.dvc.dvc_orm.IrradiationPositionTbl object at 0x24830cd10>
close session 4992585168
================= post measurement finished
10:06:42 -- ******* Post Run Check *******
loading queue conditionals post_run_actions
loading system conditionals post_run_actions
loading conditionals from /Users/jan/PychronDev/setupfiles/spectrometer/default_conditionals.yaml
loading queue conditionals post_run_terminations
loading system conditionals post_run_terminations
loading conditionals from /Users/jan/PychronDev/setupfiles/spectrometer/default_conditionals.yaml
Checking default post run terminations n=1
GetDeflection CDD ===>> 50
testing CDD==2000
evaluate ot="CDD.deflection==2000" t="CDD==2000", ctx="{'CDD': 50.0}"
10:06:43 -- ******* Post Run Check Passed *******
10:06:43 -- Automated run 65475-08 success duration: 367.339 s
----------------- finish -----------------
----------------- stop -----------------
retroactive repository identifiers disabled
finish run. runs completed=170
update duration runid=65475-08, duration=367.338582993, md5=301e91d8
loading script "jan_unknown400_120.py"
loading script "jan_pump_ms.py"
loading script "jan_sniffair_x2.py"
loading script "jan_pump_extraction_line.py"
testing...
no interpolation path defined
executed snippet estimated_duration=556.052928, duration=0.000209093093872
script duration name:unknown400_120 seconds:556.0
loading script "jan_unknown400_120.py"
loading script "jan_pump_ms.py"
loading script "jan_sniffair_x2.py"
loading script "jan_pump_extraction_line.py"
testing...
no interpolation path defined
executed snippet estimated_duration=0, duration=3.09944152832e-05
loading script "jan_unknown400_120.py"
loading script "jan_pump_ms.py"
loading script "jan_sniffair_x2.py"
loading script "jan_pump_extraction_line.py"
testing...
no interpolation path defined
calculate duration
testing...
no interpolation path defined
executed snippet estimated_duration=0, duration=6.19888305664e-05
calculate duration
testing...
no interpolation path defined
executed snippet estimated_duration=0, duration=7.91549682617e-05
calculate duration
testing...
no interpolation path defined
executed snippet estimated_duration=32.0, duration=8.58306884766e-05
calculate duration
testing...
no interpolation path defined
executed snippet estimated_duration=34.0, duration=8.70227813721e-05
calculate duration
testing...
no interpolation path defined
executed snippet estimated_duration=4.0, duration=5.41210174561e-05
calculate duration
testing...
no interpolation path defined
executed snippet estimated_duration=36.0, duration=7.29560852051e-05
calculate duration
testing...
no interpolation path defined
executed snippet estimated_duration=34.0, duration=7.39097595215e-05
calculate duration
testing...
no interpolation path defined
executed snippet estimated_duration=4.0, duration=4.79221343994e-05
calculate duration
testing...
no interpolation path defined
executed snippet estimated_duration=36.0, duration=7.48634338379e-05
calculate duration
testing...
no interpolation path defined
executed snippet estimated_duration=70.0, duration=7.91549682617e-05
executed snippet estimated_duration=250.0, duration=0.00889897346497
script duration name:sniffair_x2 seconds:250.0
loading script "jan_unknown400_120.py"
loading script "jan_pump_ms.py"
loading script "jan_sniffair_x2.py"
loading script "jan_pump_extraction_line.py"
testing...
no interpolation path defined
calculate duration
testing...
no interpolation path defined
executed snippet estimated_duration=4.0, duration=0.000185966491699
executed snippet estimated_duration=4.0, duration=0.00225496292114
Script duration 806.0
Run total estimated duration= 807.000
unknown400_120 in script context. using previous estimated duration
script duration name:unknown400_120 seconds:556.0
pump_ms in script context. using previous estimated duration
sniffair_x2 in script context. using previous estimated duration
script duration name:sniffair_x2 seconds:250.0
pump_extraction_line in script context. using previous estimated duration
Script duration 806.0
Run total estimated duration= 807.000
script duration name:unknown400_120 seconds:556.0
loading script "jan_unknown400_120.py"
loading script "jan_pump_ms.py"
loading script "jan_cocktail_x1.py"
loading script "jan_pump_extraction_line.py"
testing...
no interpolation path defined
calculate duration
testing...
no interpolation path defined
executed snippet estimated_duration=0, duration=5.10215759277e-05
calculate duration
testing...
no interpolation path defined
executed snippet estimated_duration=0, duration=0.000100135803223
calculate duration
testing...
no interpolation path defined
executed snippet estimated_duration=32.0, duration=0.000118970870972
calculate duration
testing...
no interpolation path defined
executed snippet estimated_duration=34.0, duration=0.00010085105896
calculate duration
testing...
no interpolation path defined
executed snippet estimated_duration=4.0, duration=6.50882720947e-05
calculate duration
testing...
no interpolation path defined
executed snippet estimated_duration=38.0, duration=9.67979431152e-05
executed snippet estimated_duration=108.0, duration=0.0102229118347
script duration name:cocktail_x1 seconds:108.0
Script duration 664.0
Run total estimated duration= 665.000
loading script "jan_unknown120_60.py"
loading script "jan_pump_ms.py"
loading script "jan_co2.py"
loading script "jan_pump_extraction_line.py"
testing...
no interpolation path defined
executed snippet estimated_duration=213.652928, duration=0.0001380443573
script duration name:unknown120_60 seconds:214.0
loading script "jan_unknown120_60.py"
loading script "jan_pump_ms.py"
loading script "jan_co2.py"
loading script "jan_pump_extraction_line.py"
testing...
no interpolation path defined
calculate duration
testing...
no interpolation path defined
executed snippet estimated_duration=0, duration=5.10215759277e-05
calculate duration
testing...
no interpolation path defined
executed snippet estimated_duration=0, duration=0.000156164169312
executed snippet estimated_duration=0.0, duration=0.00354099273682
script duration name:co2 seconds:0.0
Script duration 214.0
Run total estimated duration= 215.000
unknown120_60 in script context. using previous estimated duration
script duration name:unknown120_60 seconds:214.0
co2 in script context. using previous estimated duration
script duration name:co2 seconds:0.0
Script duration 214.0
Run total estimated duration= 215.000
script duration name:unknown120_60 seconds:214.0
script duration name:co2 seconds:0.0
Script duration 214.0
Run total estimated duration= 215.000
script duration name:unknown120_60 seconds:214.0
script duration name:co2 seconds:0.0
Script duration 214.0
Run total estimated duration= 215.000
script duration name:unknown120_60 seconds:214.0
script duration name:co2 seconds:0.0
Script duration 214.0
Run total estimated duration= 215.000
script duration name:unknown120_60 seconds:214.0
script duration name:co2 seconds:0.0
Script duration 214.0
Run total estimated duration= 215.000
script duration name:unknown120_60 seconds:214.0
script duration name:co2 seconds:0.0
Script duration 214.0
Run total estimated duration= 215.000
script duration name:unknown120_60 seconds:214.0
script duration name:co2 seconds:0.0
Script duration 214.0
Run total estimated duration= 215.000
script duration name:unknown400_120 seconds:556.0
cocktail_x1 in script context. using previous estimated duration
script duration name:cocktail_x1 seconds:108.0
Script duration 664.0
Run total estimated duration= 665.000
loading script "jan_ic_peak_hop3.py"
loading script "jan_pump_ms.py"
loading script "jan_air_x1.py"
loading script "jan_pump_extraction_line.py"
testing...
no interpolation path defined
executed snippet estimated_duration=133.8, duration=0.00718593597412
script duration name:ic_peak_hop3 seconds:134.0
loading script "jan_ic_peak_hop3.py"
loading script "jan_pump_ms.py"
loading script "jan_air_x1.py"
loading script "jan_pump_extraction_line.py"
testing...
no interpolation path defined
calculate duration
testing...
no interpolation path defined
executed snippet estimated_duration=0, duration=4.29153442383e-05
calculate duration
testing...
no interpolation path defined
executed snippet estimated_duration=0, duration=0.000133991241455
calculate duration
testing...
no interpolation path defined
executed snippet estimated_duration=32.0, duration=0.000101089477539
calculate duration
testing...
no interpolation path defined
executed snippet estimated_duration=34.0, duration=0.000100135803223
calculate duration
testing...
no interpolation path defined
executed snippet estimated_duration=4.0, duration=6.69956207275e-05
calculate duration
testing...
no interpolation path defined
executed snippet estimated_duration=36.0, duration=8.89301300049e-05
executed snippet estimated_duration=106.0, duration=0.00939893722534
script duration name:air_x1 seconds:106.0
Script duration 240.0
Run total estimated duration= 241.000
script duration name:unknown120_60 seconds:214.0
script duration name:co2 seconds:0.0
Script duration 214.0
Run total estimated duration= 215.000
script duration name:unknown120_60 seconds:214.0
script duration name:co2 seconds:0.0
Script duration 214.0
Run total estimated duration= 215.000
script duration name:unknown120_60 seconds:214.0
script duration name:co2 seconds:0.0
Script duration 214.0
Run total estimated duration= 215.000
script duration name:unknown120_60 seconds:214.0
script duration name:co2 seconds:0.0
Script duration 214.0
Run total estimated duration= 215.000
script duration name:unknown120_60 seconds:214.0
script duration name:co2 seconds:0.0
Script duration 214.0
Run total estimated duration= 215.000
script duration name:unknown120_60 seconds:214.0
script duration name:co2 seconds:0.0
Script duration 214.0
Run total estimated duration= 215.000
script duration name:unknown120_60 seconds:214.0
script duration name:co2 seconds:0.0
Script duration 214.0
Run total estimated duration= 215.000
script duration name:unknown120_60 seconds:214.0
script duration name:co2 seconds:0.0
Script duration 214.0
Run total estimated duration= 215.000
script duration name:unknown120_60 seconds:214.0
script duration name:co2 seconds:0.0
Script duration 214.0
Run total estimated duration= 215.000
script duration name:unknown120_60 seconds:214.0
script duration name:co2 seconds:0.0
Script duration 214.0
Run total estimated duration= 215.000
script duration name:unknown120_60 seconds:214.0
script duration name:co2 seconds:0.0
Script duration 214.0
Run total estimated duration= 215.000
nruns=24 before=0.0, run_dur=7270.0, btw=1035.0
write rem/ex queues
/Users/jan/PychronDev/experiments/rem/CurrentExperiment.rem.txt
/Users/jan/PychronDev/experiments/rem/CurrentExperiment.ex.txt
doing event level: 3
