do run
loading script "jan_unknown120_60.py"
loading script "jan_pump_ms.py"
loading script "jan_co2.py"
loading script "jan_pump_extraction_line.py"
testing...
no interpolation path defined
executed snippet estimated_duration=213.652928, duration=0.000303983688354
script duration name:unknown120_60 seconds:214.0
loading script "jan_unknown120_60.py"
loading script "jan_pump_ms.py"
loading script "jan_co2.py"
loading script "jan_pump_extraction_line.py"
testing...
no interpolation path defined
executed snippet estimated_duration=0, duration=4.2200088501e-05
loading script "jan_unknown120_60.py"
loading script "jan_pump_ms.py"
loading script "jan_co2.py"
loading script "jan_pump_extraction_line.py"
testing...
no interpolation path defined
calculate duration
testing...
no interpolation path defined
executed snippet estimated_duration=0, duration=0.000100135803223
calculate duration
testing...
no interpolation path defined
executed snippet estimated_duration=0, duration=0.000123977661133
executed snippet estimated_duration=0.0, duration=0.00372505187988
script duration name:co2 seconds:0.0
loading script "jan_unknown120_60.py"
loading script "jan_pump_ms.py"
loading script "jan_co2.py"
loading script "jan_pump_extraction_line.py"
testing...
no interpolation path defined
calculate duration
testing...
no interpolation path defined
executed snippet estimated_duration=4.0, duration=0.000152111053467
executed snippet estimated_duration=4.0, duration=0.00456309318542
Script duration 214.0
Run total estimated duration= 215.000
run duration: 0:03:35
doing event level: 2
11:10:36 -- Setting default integration. t=1.048576
setting integration time = 1.048576
SetIntegrationTime 1.048576 ===>> OK
----------------- start -----------------
**************** Experiment Type: Ar/Ar, Ar/Ar
create new session 4419438256
close session 4419438256
$$$$$ Clearing conditionals
adding conditionals 
Add queue conditionals
add default conditionals
adding default conditionals from /Users/jan/PychronDev/setupfiles/spectrometer/default_conditionals.yaml
Start automated run 65475-12
loading script "jan_unknown120_60.py"
loading script "jan_pump_ms.py"
loading script "jan_co2.py"
loading script "jan_pump_extraction_line.py"
%%%%%%%%%%%%%%%%%% setting automated run 65475-12
No value "sensitivity_multiplier" in metadata
$$$$$$$$$$$$$$$ auto_save_detector_ic=False
============================= Pre Extraction Check =============================
loading queue conditionals pre_run_terminations
loading system conditionals pre_run_terminations
loading conditionals from /Users/jan/PychronDev/setupfiles/spectrometer/default_conditionals.yaml
11:10:36 -- ******* Pre Extraction Check *******
Get a measurement from the spectrometer
GetData ===>> H2,-0.213762472404704,H1,-0.00261491151152242,AX,-0.0869781716164555,L1,-0.0437089146832945,L2,-0...
Pre Extraction Termination data. keys=H2,H1,AX,L1,L2,CDD, signals=-0.21376,-0.00261,-0.08698,-0.04371,-0.01072,0.00357
11:10:36 -- testing system defined conditionals
Checking default pre extraction terminations n=2
testing CDD
evaluate ot="CDD.inactive" t="CDD", ctx="{'CDD': False}"
GetDeflection CDD ===>> 50
testing CDD==2000
evaluate ot="CDD.deflection==2000" t="CDD==2000", ctx="{'CDD': 50.0}"
11:10:36 -- ******* Pre Extraction Check Passed *******
=================================================================================
11:10:36 -- stopping status monitor
stop 6901184944
Alive clients [5025639504, 5288834736, 4992986192]
11:10:36 -- starting status monitor
start 6901184944
Monitor already running
start extraction
do extraction
Analysis started at 11:10:36.881676
Extraction Started jan_co2.py
11:10:36 -- ******* Extraction Started jan_co2.py *******
state changed from not run to extraction
DO EXTRACTION <pychron.extraction_line.pyscript_runner.RemotePyScriptRunner object at 0x12bfe48f0>
testing...
no interpolation path defined
calculate duration
testing...
no interpolation path defined
executed snippet estimated_duration=0, duration=5.00679016113e-05
calculate duration
testing...
no interpolation path defined
executed snippet estimated_duration=0, duration=9.79900360107e-05
executed snippet estimated_duration=100.0, duration=0.00255107879639
Jan CO2 laser analysis
doing GOSUB
testing...
no interpolation path defined
executed snippet estimated_duration=0, duration=4.6968460083e-05
Waiting for CO2 access
wait ('FelixCO2Flag', 0) {}
waiting for FelixCO2Flag = 0
Read FelixCO2Flag ===>> 0
finished waiting
CO2 free
wait ('CO2PumpTimeFlag', 0) {}
waiting for CO2PumpTimeFlag = 0
Read CO2PumpTimeFlag ===>> 0
finished waiting
acquire ('JanCO2Flag',) {'clear': True}
acquire JanCO2Flag
Set JanCO2Flag 1 ===>> OK
JanCO2Flag acquired
set extraction state False (0.75, 'red', 1.5)
CO2 acquired
executed snippet estimated_duration=0, duration=0.0280411243439
WaitForCO2Access.py completed successfully
gosub finished
doing GOSUB
testing...
no interpolation path defined
executed snippet estimated_duration=0, duration=9.51290130615e-05
Prepare for CO2 analysis
close () {'description': 'Jan Inlet'}
closing name=--- desc=Jan Inlet
checking ownership. requestor=129.138.12.150
check software interlocks R
interlocks []
actuate state mode=None-script, software_lock=False
doing actuation None-script close_channel False
Close R ===>> OK
GetIndicatorState R ===>> False
change switch state (True, True)
update switch state R False args=() kw={} ncanvase=8
11:10:37 -- CLOSE  VALVE-R (Jan Inlet)
---------------------------------------- close None (Jan Inlet) result=[(True, True)]
action=close, ok=True, locked=[False]
open () {'description': 'Jan Ion Pump'}
opening name=--- desc=Jan Ion Pump
checking ownership. requestor=129.138.12.150
check software interlocks O
interlocks []
actuate state mode=None-script, software_lock=False
doing actuation None-script open_channel False
Open O ===>> OK
GetIndicatorState O ===>> OK
change switch state (True, True)
update switch state O True args=() kw={} ncanvase=8
11:10:37 -- OPEN   VALVE-O (Jan Ion Pump)
---------------------------------------- open None (Jan Ion Pump) result=[(True, True)], time=0.10 sec
action=open, ok=True, locked=[False]
close () {'description': 'Microbone to Minibone'}
closing name=--- desc=Microbone to Minibone
checking ownership. requestor=129.138.12.150
check software interlocks L
interlocks []
actuate state mode=None-script, software_lock=False
doing actuation None-script close_channel False
Close L ===>> OK
GetIndicatorState L ===>> False
change switch state (True, True)
update switch state L False args=() kw={} ncanvase=8
11:10:38 -- CLOSE  VALVE-L (Microbone to Minibone)
---------------------------------------- close None (Microbone to Minibone) result=[(True, True)]
action=close, ok=True, locked=[False]
open () {'description': 'Microbone to Turbo'}
opening name=--- desc=Microbone to Turbo
checking ownership. requestor=129.138.12.150
check software interlocks U
interlocks []
actuate state mode=None-script, software_lock=False
doing actuation None-script open_channel False
Open U ===>> OK
GetIndicatorState U ===>> OK
change switch state (True, True)
update switch state U True args=() kw={} ncanvase=8
11:10:38 -- OPEN   VALVE-U (Microbone to Turbo)
---------------------------------------- open None (Microbone to Turbo) result=[(True, True)], time=0.16 sec
action=open, ok=True, locked=[False]
open () {'description': 'Microbone to Inlet Pipette'}
opening name=--- desc=Microbone to Inlet Pipette
checking ownership. requestor=129.138.12.150
check software interlocks S
interlocks []
actuate state mode=None-script, software_lock=False
doing actuation None-script open_channel False
Open S ===>> OK
GetIndicatorState S ===>> OK
change switch state (True, True)
update switch state S True args=() kw={} ncanvase=8
11:10:39 -- OPEN   VALVE-S (Microbone to Inlet Pipette)
---------------------------------------- open None (Microbone to Inlet Pipette) result=[(True, True)], time=0.46 sec
action=open, ok=True, locked=[False]
open () {'description': 'Microbone to Getter D-50'}
opening name=--- desc=Microbone to Getter D-50
checking ownership. requestor=129.138.12.150
check software interlocks K
interlocks []
actuate state mode=None-script, software_lock=False
doing actuation None-script open_channel False
Open K ===>> OK
GetIndicatorState K ===>> OK
change switch state (True, True)
update switch state K True args=() kw={} ncanvase=8
11:10:40 -- OPEN   VALVE-K (Microbone to Getter D-50)
---------------------------------------- open None (Microbone to Getter D-50) result=[(True, True)], time=0.44 sec
action=open, ok=True, locked=[False]
open () {'description': 'Microbone to Getter NP-10'}
opening name=--- desc=Microbone to Getter NP-10
checking ownership. requestor=129.138.12.150
check software interlocks M
interlocks []
actuate state mode=None-script, software_lock=False
doing actuation None-script open_channel False
Open M ===>> OK
GetIndicatorState M ===>> OK
change switch state (True, True)
update switch state M True args=() kw={} ncanvase=8
11:10:40 -- OPEN   VALVE-M (Microbone to Getter NP-10)
---------------------------------------- open None (Microbone to Getter NP-10) result=[(True, True)], time=0.19 sec
action=open, ok=True, locked=[False]
close () {'description': 'CO2 Laser to Felix'}
closing name=--- desc=CO2 Laser to Felix
checking ownership. requestor=129.138.12.150
check software interlocks F
interlocks []
actuate state mode=None-script, software_lock=True
VALVE-F(CO2 Laser to Felix) software locked
change switch state (True, False)
---------------------------------------- close None (CO2 Laser to Felix) result=[(True, False)]
action=close, ok=True, locked=[True]
open () {'description': 'CO2 Laser to Jan'}
opening name=--- desc=CO2 Laser to Jan
checking ownership. requestor=129.138.12.150
check software interlocks A
interlocks []
actuate state mode=None-script, software_lock=False
doing actuation None-script open_channel False
Open A ===>> OK
GetIndicatorState A ===>> OK
change switch state (True, True)
update switch state A True args=() kw={} ncanvase=8
11:10:41 -- OPEN   VALVE-A (CO2 Laser to Jan)
---------------------------------------- open None (CO2 Laser to Jan) result=[(True, True)], time=0.15 sec
action=open, ok=True, locked=[False]
open () {'description': 'Microbone to CO2 Laser'}
opening name=--- desc=Microbone to CO2 Laser
checking ownership. requestor=129.138.12.150
check software interlocks T
interlocks []
actuate state mode=None-script, software_lock=False
doing actuation None-script open_channel False
Open T ===>> OK
GetIndicatorState T ===>> OK
change switch state (True, True)
update switch state T True args=() kw={} ncanvase=8
11:10:41 -- OPEN   VALVE-T (Microbone to CO2 Laser)
---------------------------------------- open None (Microbone to CO2 Laser) result=[(True, True)], time=0.45 sec
action=open, ok=True, locked=[False]
executed snippet estimated_duration=0, duration=5.24059891701
PrepareForCO2Analysis.py completed successfully
gosub finished
set_motor ('beam', '1.25') {}
setting motor "beam" to 1.25
set motor beam to 1.25
SetMotor beam,1.25 ===>> OK
GetMotorMoving beam ===>> False
GetMotorMoving beam ===>> False
Block completed
move_to_position ('102',) {'autocenter': True}
FusionsCO2 move to position 102
sending GoToHole 102,True
GoToHole 102,True ===>> OK
GetDriveMoving ===>> OK
GetDriveMoving ===>> OK
GetDriveMoving ===>> OK
GetDriveMoving ===>> OK
GetDriveMoving ===>> OK
GetDriveMoving ===>> OK
GetDriveMoving ===>> False
GetDriveMoving ===>> OK
GetDriveMoving ===>> OK
GetDriveMoving ===>> OK
GetDriveMoving ===>> OK
GetDriveMoving ===>> OK
GetDriveMoving ===>> False
Block completed
GetAutoCorrecting ===>> False
GetAutoCorrecting ===>> False
Block completed
update position
GetPosition ===>> 15.95120,1.99390,1.00000
got position (15.9512, 1.9939, 1.0)
move to position succeeded
sleep (5,) {}
SLEEP 5.0
block started
WaitControl setup for 5.0  
Join finished
block finished. duration 5.03209400177
close () {'description': 'Microbone to Turbo'}
closing name=--- desc=Microbone to Turbo
checking ownership. requestor=129.138.12.150
check software interlocks U
interlocks []
actuate state mode=None-script, software_lock=False
doing actuation None-script close_channel True
Close U ===>> OK
GetIndicatorState U ===>> False
change switch state (True, True)
update switch state U False args=() kw={} ncanvase=8
11:10:53 -- CLOSE  VALVE-U (Microbone to Turbo)
---------------------------------------- close None (Microbone to Turbo) result=[(True, True)]
action=close, ok=True, locked=[False]
enable laser
enable () {}
set extraction state FusionsCO2 Enabled (False, 'red', 1.5)
enabling laser
Enable ===>> OK
begin interval
BEGIN INTERVAL Interval 1 waiting for 30.0
block started
set extract to 5.0
WaitControl setup for 30.0  
extract (5.0,) {}
GetPosition ===>> 15.95120,1.99390,1.00000
set extraction state FusionsCO2 ON! 5.0(watts) (0.75, 'red', 1.5)
extract sample to 5.0 (watts)
set laser output
SetLaserOutput 5.0,watts ===>> OK
executing pattern triangle.lp
execute_pattern ('triangle.lp',) {}
executing pattern triangle.lp
IsPatterning ===>> OK
IsPatterning ===>> OK
IsPatterning ===>> OK
IsPatterning ===>> OK
IsPatterning ===>> OK
IsPatterning ===>> OK
IsPatterning ===>> OK
IsPatterning ===>> OK
IsPatterning ===>> OK
IsPatterning ===>> OK
IsPatterning ===>> OK
IsPatterning ===>> OK
IsPatterning ===>> OK
IsPatterning ===>> OK
IsPatterning ===>> OK
IsPatterning ===>> OK
IsPatterning ===>> OK
IsPatterning ===>> OK
IsPatterning ===>> OK
IsPatterning ===>> OK
IsPatterning ===>> OK
IsPatterning ===>> OK
IsPatterning ===>> OK
IsPatterning ===>> OK
IsPatterning ===>> OK
IsPatterning ===>> OK
IsPatterning ===>> False
IsPatterning ===>> False
Block completed
COMPLETE INTERVAL waiting for Interval 1 to complete
Join finished
block finished. duration 30.1342561245
Interval 1 finished
end_extract () {}
ending extraction. set laser power to 0
set laser power 0
SetLaserPower 0 ===>> OK
disable () {}
%%%%%%%%%%%%%%%%%%%%%%%%%%%%%%%%%%% disable
set extraction state False (0.75, 'red', 1.5)
disabling laser
Disable ===>> OK
sleep (30.0,) {}
SLEEP 30.0
block started
WaitControl setup for 30.0  
Join finished
block finished. duration 30.1597709656
executed snippet estimated_duration=166.5, duration=77.7210950851
jan_co2.py completed successfully
GetAchievedOutput ===>> No Response
Requested Output= 0.000
Achieved Output=  0.000
GetResponseBlob ===>> No Response
GetOutputBlob ===>> No Response
persistence save...
persistence save - db
AutomatedRunPersister post_extraction_save deprecated
persistence save - dvc
no extraction position for 102
create new session 4992585168
close session 4992585168
Extraction Finished
11:11:54 -- ******* Extraction Finished *******
no overlap. not waiting for min ms pumptime
11:11:54 -- Sending spectrometer configuration
======== Sending configuration ========
SetDeflection CDD,50.0 ===>> OK
SetDeflection H2,0.0 ===>> OK
SetDeflection H1,0.0 ===>> OK
SetDeflection L2,825.0 ===>> OK
SetDeflection L1,400.0 ===>> OK
SetDeflection AX,190.0 ===>> OK
SetZFocus 74.64 ===>> OK
SetZSymmetry -50.72 ===>> OK
SetExtractionLens 26.13 ===>> OK
SetIonRepeller -3.81 ===>> OK
SetElectronEnergy 75.08 ===>> OK
SetYSymmetry -2.81 ===>> OK
SetIonCounterVoltage 1590.0 ===>> OK
send trap current 200.0
GetParameter Trap Current Readback ===>> 198.035158395898
SetParameter Trap Current Set,200.0 ===>> OK
updating mftable name mftable
Using mftable located at /Users/jan/PychronDev/setupfiles/spectrometer/mftables/mftable.csv
============ MFtable ===========
Isotope  H2     H1     AX     L1     L2     CDD    
Ar40     5.8271 5.8810 5.9942 6.1670 6.2328 6.3952
Ar39     5.7263 5.7732 5.8867 6.0530 6.1179 6.2817
Ar36     5.4038 5.4422 5.5500 5.7119 5.7729 5.9328
================================
get initial guess parabolic
get initial guess parabolic
get initial guess parabolic
get initial guess parabolic
get initial guess parabolic
get initial guess parabolic
======== Configuration Finished ========
GetYSymmetry ===>> -2.81
GetZSymmetry ===>> -50.72
GetParameter Trap Current Readback ===>> 198.147042666178
GetHighVoltage ===>> 4499.94659342336
start measurement
do measurement
L#=65475 analysis type=unknown
Measurement Started jan_unknown120_60.py
11:11:54 -- ******* Measurement Started jan_unknown120_60.py *******
state changed from extraction to measurement
setting spec, defl, and gains
GetExtractionLens ===>> 26.13
GetYSymmetry ===>> -2.81
GetZSymmetry ===>> -50.72
GetZFocus ===>> 74.64
GetDeflection H2 ===>> 0
GetDeflection H1 ===>> 0
GetDeflection AX ===>> 190
GetDeflection L1 ===>> 400
GetDeflection L2 ===>> 825
GetDeflection CDD ===>> 50
GetGain H2 ===>> 0.0113
GetGain H1 ===>> 0.1
GetGain AX ===>> 0.097049
GetGain L1 ===>> 0.010355
GetGain L2 ===>> 0.095649
GetGain CDD ===>> 0
pre measurement save
New frame /Users/jan/PychronDev/data/isotopes/52/44a9e6-7c10-4562-b204-a6cf8b6d1a6a.h5
flush and close file /Users/jan/PychronDev/data/isotopes/52/44a9e6-7c10-4562-b204-a6cf8b6d1a6a.h5
testing...
no interpolation path defined
executed snippet estimated_duration=226.132928, duration=0.000221967697144
unknown measurement script
activate_detectors ('H2', 'H1', 'AX', 'L1', 'L2', 'CDD') {}
activate detectors
*************** Set Analysis View Ar/Ar
create graphs
clearing graphs
clear isotope group
setting isotope det=H2, iso=PM41
setting isotope det=H1, iso=Ar40
setting isotope det=AX, iso=Ar39
setting isotope det=L1, iso=Ar38
setting isotope det=L2, iso=Ar37
setting isotope det=CDD, iso=Ar36
setting previous blanks
 - setting Ar40 blank 0.225+/-0.008
 - setting Ar36 blank 0.00481+/-0.00019
 - setting Ar37 blank 0.055+/-0.005
 - setting Ar38 blank 0.0089+/-0.0022
 - setting PM41 blank 0.04+/-0.07
 - setting Ar39 blank 0.034+/-0.009
load analysis view
position_magnet ('Ar40',) {'detector': 'H1'}
detector Detector(H1)
POSITION Ar40 H1
setting detector H2 to PM41 (40.9624)
setting detector H1 to Ar40 (39.9624)
setting detector AX to Ar39 (38.9624)
setting detector L1 to Ar38 (37.9624)
setting detector L2 to Ar37 (36.9624)
setting detector CDD to Ar36 (35.9624)
Mapping mass to dac mass func: "parabolic"
H1 map mass coeffs = [-0.00063987  0.15840543  0.57256999]
H1 map mass to dac 39.9624 >> 5.88096
GetDeflection H1 ===>> 0
GetHighVoltage ===>> 4499.94659342336
positioning Ar40 (5.88092536758) on H1
setting magnet DAC
current  : 5.880925
requested: 5.880925
Delta Dac: 0.000000
Checking detector protection. dv=0.00000
Checking detector "CDD". Protection Threshold: 0.1 (V)
SetMagnetDAC 5.88092536758 ===>> OK
Magnet settling time: 0.500
equilibrate () {'delay': 3, 'inlet': 'R', 'outlet': 'O', 'eqtime': 12.0}
Equilibration Started
11:11:56 -- ******* Equilibration Started *******
checking ownership. requestor=129.138.12.150
check software interlocks O
interlocks []
actuate state mode=None-script, software_lock=False
doing actuation None-script close_channel True
Close O ===>> OK
GetIndicatorState O ===>> False
change switch state (True, True)
update switch state O False args=() kw={} ncanvase=8
11:11:56 -- CLOSE  VALVE-O (Jan Ion Pump)
waiting 3s before opening inlet value ('R',)
update labels <pychron.experiment.plot_panel.PlotPanel object at 0x2188c6770>
update labels "<pychron.graph.stacked_regression_graph.StackedRegressionGraph object at 0x2129cc0b0>"
setting label 0 H2 PM41
setting label 1 H1 Ar40
setting label 2 AX Ar39
setting label 3 L1 Ar38
setting label 4 L2 Ar37
setting label 5 CDD Ar36
update labels "<pychron.graph.stacked_graph.StackedGraph object at 0x2290b1950>"
setting label 0 H2 PM41
setting label 1 H1 Ar40
setting label 2 AX Ar39
setting label 3 L1 Ar38
setting label 4 L2 Ar37
setting label 5 CDD Ar36
checking ownership. requestor=129.138.12.150
check software interlocks R
interlocks []
actuate state mode=None-script, software_lock=False
doing actuation None-script open_channel True
Open R ===>> OK
GetIndicatorState R ===>> OK
change switch state (True, True)
update switch state R True args=() kw={} ncanvase=8
11:12:00 -- OPEN   VALVE-R (Jan Inlet)
equilibrating for 12.0sec
set_time_zero () {}
sniff (12.0,) {}
py_sniff
build tables- sniff [Detector(H2), Detector(H1), Detector(AX), Detector(L1), Detector(L2), Detector(CDD)]
add group /sniff/PM41 (Group) '' table H2
add group /sniff/Ar40 (Group) '' table H1
add group /sniff/Ar39 (Group) '' table AX
add group /sniff/Ar38 (Group) '' table L1
add group /sniff/Ar37 (Group) '' table L2
add group /sniff/Ar36 (Group) '' table CDD
flush and close file /Users/jan/PychronDev/data/isotopes/52/44a9e6-7c10-4562-b204-a6cf8b6d1a6a.h5
measuring sniff. ncounts=12.0
"sniff" increment series count="1" fit count="0" regressing="False"
starting measurement
check iteration duration=5.29289245605e-05
GetData ===>> H2,-0.121032609247353,H1,0.0242034354182909,AX,-0.0777981284546697,L1,-0.0313378436442612,L2,-0.0...
check iteration duration=1.4066696167e-05
GetData ===>> H2,0.366809668720853,H1,273.490392484027,AX,27.0077208864937,L1,0.106762883040739,L2,0.3903415723...
check iteration duration=1.50203704834e-05
GetData ===>> H2,1.02756177320419,H1,945.466203371486,AX,88.7747950640423,L1,0.729027627222341,L2,0.45157754597...
check iteration duration=2.90870666504e-05
GetData ===>> H2,0.752300094434693,H1,1198.00961080766,AX,108.625227848493,L1,1.16786171251144,L2,0.36997755419...
check iteration duration=3.21865081787e-05
GetData ===>> H2,0.348109763277575,H1,1281.42779978546,AX,114.667846551566,L1,1.39680658140422,L2,0.48311019804...
check iteration duration=4.19616699219e-05
GetData ===>> H2,0.230031330917445,H1,1312.95520884645,AX,116.860653493099,L1,1.55748944155534,L2,0.50499842449...
check iteration duration=4.00543212891e-05
GetData ===>> H2,0.178262762285689,H1,1326.5231988141,AX,117.696545226179,L1,1.65442071771485,L2,0.398508953377...
check iteration duration=3.19480895996e-05
GetData ===>> H2,0.230942266349068,H1,1331.66080225774,AX,118.180538238934,L1,1.66899360234868,L2,0.46075874755...
check iteration duration=4.19616699219e-05
GetData ===>> H2,0.189137152621958,H1,1334.45995026468,AX,118.354625106063,L1,1.67777615674877,L2,0.37899977655...
check iteration duration=4.38690185547e-05
GetData ===>> H2,0.242881477910085,H1,1335.01594696267,AX,118.200408452193,L1,1.71290645322174,L2,0.50153664483...
check iteration duration=1.81198120117e-05
GetData ===>> H2,0.2473744599238,H1,1335.38981765765,AX,118.107161771118,L1,1.71212141409776,L2,0.3511478290771...
Equilibration Finished
check iteration duration=1.50203704834e-05
11:12:12 -- ******* Equilibration Finished *******
GetData ===>> H2,0.234234874528559,H1,1335.81013072488,AX,118.349813864074,L1,1.70278742419792,L2,0.31322555776...
checking ownership. requestor=129.138.12.150
check software interlocks R
interlocks []
actuate state mode=None-script, software_lock=False
doing actuation None-script close_channel True
Close R ===>> OK
GetIndicatorState R ===>> False
change switch state (True, True)
update switch state R False args=() kw={} ncanvase=8
11:12:12 -- CLOSE  VALVE-R (Jan Inlet)
Post Equilibration Started jan_pump_extraction_line.py
11:12:12 -- ******* Post Equilibration Started jan_pump_extraction_line.py *******
testing...
no interpolation path defined
calculate duration
testing...
no interpolation path defined
executed snippet estimated_duration=4.0, duration=0.000194072723389
executed snippet estimated_duration=4.0, duration=0.00208592414856
Pump after analysis
doing GOSUB
testing...
no interpolation path defined
executed snippet estimated_duration=4.0, duration=0.000157117843628
Pump Microbone
close () {'description': 'Jan Inlet'}
closing name=--- desc=Jan Inlet
checking ownership. requestor=129.138.12.150
check software interlocks R
interlocks []
actuate state mode=None-script, software_lock=False
doing actuation None-script close_channel False
Close R ===>> OK
GetIndicatorState R ===>> False
change switch state (True, True)
update switch state R False args=() kw={} ncanvase=8
11:12:13 -- CLOSE  VALVE-R (Jan Inlet)
---------------------------------------- close None (Jan Inlet) result=[(True, True)]
check iteration duration=1.50203704834e-05
waiting for write to finish
measurement finished
estimated time: 12.583 actual time: :12.723
flush and close file /Users/jan/PychronDev/data/isotopes/52/44a9e6-7c10-4562-b204-a6cf8b6d1a6a.h5
set_fits () {}
using default fits file=/Users/jan/PychronDev/scripts/measurement/fits/nominal_linear.yaml
set "Ar40" to "('Linear', 'SEM')"
No fit for "PM41". defaulting to linear. check the measurement script "jan_unknown120_60.py"
set "PM41" to "linear"
set "Ar36" to "('Linear', 'SEM')"
set "Ar37" to "('linear', 'SEM')"
set "Ar38" to "('linear', 'SEM')"
set "Ar39" to "('Linear', 'SEM')"
set_baseline_fits () {}
using default fits file=/Users/jan/PychronDev/scripts/measurement/fits/nominal_linear.yaml
set "H1" to "('average', 'SEM')"
set "H2" to "('average', 'SEM')"
set "CDD" to "('average', 'SEM')"
set "L2" to "('average', 'SEM')"
set "L1" to "('average', 'SEM')"
set "AX" to "('average', 'SEM')"
multicollect () {'integration_time': 1, 'ncounts': 120}
build tables- signal [Detector(H2), Detector(H1), Detector(AX), Detector(L1), Detector(L2), Detector(CDD)]
add group /signal/PM41 (Group) '' table H2
add group /signal/Ar40 (Group) '' table H1
add group /signal/Ar39 (Group) '' table AX
add group /signal/Ar38 (Group) '' table L1
add group /signal/Ar37 (Group) '' table L2
add group /signal/Ar36 (Group) '' table CDD
action=close, ok=True, locked=[False]
flush and close file /Users/jan/PychronDev/data/isotopes/52/44a9e6-7c10-4562-b204-a6cf8b6d1a6a.h5
is_closed ('F',) {}
measuring signal. ncounts=120
is F () closed?
is closed True
open () {'description': 'CO2 Laser to Jan'}
opening name=--- desc=CO2 Laser to Jan
checking ownership. requestor=129.138.12.150
check software interlocks A
interlocks []
actuate state mode=None-script, software_lock=False
doing actuation None-script open_channel False
Open A ===>> OK
GetIndicatorState A ===>> OK
change switch state (True, True)
update switch state A True args=() kw={} ncanvase=8
11:12:13 -- OPEN   VALVE-A (CO2 Laser to Jan)
---------------------------------------- open None (CO2 Laser to Jan) result=[(True, True)], time=0.17 sec
"signal" increment series count="2" fit count="1" regressing="True"
action=open, ok=True, locked=[False]
sleep (1,) {}
SLEEP 1.0
starting measurement
check iteration duration=6.103515625e-05
GetData ===>> H2,0.171728268303019,H1,1335.25958535821,AX,118.360480848175,L1,1.72017627681541,L2,0.39528760948...
close () {'description': 'CO2 Laser to Roughing'}
closing name=--- desc=CO2 Laser to Roughing
checking ownership. requestor=129.138.12.150
check software interlocks G
interlocks []
actuate state mode=None-script, software_lock=True
VALVE-G(CO2 Laser to Roughing) software locked
change switch state (True, False)
---------------------------------------- close None (CO2 Laser to Roughing) result=[(True, False)]
action=close, ok=True, locked=[True]
open () {'description': 'Microbone to Turbo'}
opening name=--- desc=Microbone to Turbo
checking ownership. requestor=129.138.12.150
check software interlocks U
interlocks []
actuate state mode=None-script, software_lock=False
doing actuation None-script open_channel True
Open U ===>> OK
GetIndicatorState U ===>> OK
change switch state (True, True)
update switch state U True args=() kw={} ncanvase=8
11:12:15 -- OPEN   VALVE-U (Microbone to Turbo)
---------------------------------------- open None (Microbone to Turbo) result=[(True, True)], time=0.17 sec
check iteration duration=7.20024108887e-05
GetData ===>> H2,0.167262638504826,H1,1335.27358678732,AX,118.19889852562,L1,1.76270126782943,L2,0.402518649678...
action=open, ok=True, locked=[False]
open () {'description': 'Microbone to Getter NP-10'}
opening name=--- desc=Microbone to Getter NP-10
checking ownership. requestor=129.138.12.150
check software interlocks M
interlocks []
actuate state mode=None-script, software_lock=False
doing actuation None-script open_channel False
Open M ===>> OK
GetIndicatorState M ===>> OK
change switch state (True, True)
update switch state M True args=() kw={} ncanvase=8
11:12:15 -- OPEN   VALVE-M (Microbone to Getter NP-10)
---------------------------------------- open None (Microbone to Getter NP-10) result=[(True, True)], time=0.17 sec
action=open, ok=True, locked=[False]
open () {'description': 'Microbone to Getter D-50'}
opening name=--- desc=Microbone to Getter D-50
checking ownership. requestor=129.138.12.150
check software interlocks K
interlocks []
actuate state mode=None-script, software_lock=False
doing actuation None-script open_channel False
Open K ===>> OK
check iteration duration=3.60012054443e-05
GetData ===>> H2,-0.0462471143362851,H1,1334.9036779658,AX,118.216608457903,L1,1.69165268909421,L2,0.4350365133...
GetIndicatorState K ===>> OK
change switch state (True, True)
update switch state K True args=() kw={} ncanvase=8
11:12:16 -- OPEN   VALVE-K (Microbone to Getter D-50)
---------------------------------------- open None (Microbone to Getter D-50) result=[(True, True)], time=0.44 sec
action=open, ok=True, locked=[False]
open () {'description': 'Microbone to CO2 Laser'}
opening name=--- desc=Microbone to CO2 Laser
checking ownership. requestor=129.138.12.150
check software interlocks T
interlocks []
actuate state mode=None-script, software_lock=False
doing actuation None-script open_channel False
Open T ===>> OK
GetIndicatorState T ===>> OK
change switch state (True, True)
update switch state T True args=() kw={} ncanvase=8
11:12:17 -- OPEN   VALVE-T (Microbone to CO2 Laser)
---------------------------------------- open None (Microbone to CO2 Laser) result=[(True, True)], time=0.44 sec
action=open, ok=True, locked=[False]
open () {'description': 'Microbone to Inlet Pipette'}
opening name=--- desc=Microbone to Inlet Pipette
checking ownership. requestor=129.138.12.150
check software interlocks S
interlocks []
actuate state mode=None-script, software_lock=False
doing actuation None-script open_channel False
check iteration duration=5.29289245605e-05
GetData ===>> H2,-0.0911912036704833,H1,1333.88580267383,AX,118.070946359874,L1,1.67213257289341,L2,0.483601371...
Open S ===>> OK
GetIndicatorState S ===>> OK
change switch state (True, True)
update switch state S True args=() kw={} ncanvase=8
11:12:17 -- OPEN   VALVE-S (Microbone to Inlet Pipette)
---------------------------------------- open None (Microbone to Inlet Pipette) result=[(True, True)], time=0.44 sec
action=open, ok=True, locked=[False]
sleep (1,) {}
SLEEP 1.0
testing H1>-5.0
evaluate ot="H1.bs>-5.0" t="H1>-5.0", ctx="{'H1': None}"
check iteration duration=0.00121092796326
GetData ===>> H2,-0.0999105937647168,H1,1333.16992728294,AX,118.007482447608,L1,1.66532828296469,L2,0.351456108...
set_resource () {'name': 'CO2PumpTimeFlag', 'value': 30}
Set CO2PumpTimeFlag 30 ===>> OK
release ('JanCO2Flag',) {}
release JanCO2Flag
Set JanCO2Flag 0 ===>> OK
executed snippet estimated_duration=6.0, duration=6.11827397346
PumpMicrobone.py completed successfully
gosub finished
get_resource_value () {'name': 'JanMiniboneFlag'}
Read JanMiniboneFlag ===>> 0
Get Resource Value JanMiniboneFlag=0.0
get resource value 0.0
get_resource_value () {'name': 'JanMiniboneFlag'}
Read JanMiniboneFlag ===>> 0
Get Resource Value JanMiniboneFlag=0.0
executed snippet estimated_duration=4.0, duration=6.12941503525
jan_pump_extraction_line.py completed successfully
Post Equilibration Finished
11:12:19 -- ******* Post Equilibration Finished *******
check iteration duration=3.79085540771e-05
GetData ===>> H2,-0.0615866086991224,H1,1332.90060501852,AX,117.773459382726,L1,1.64299925627085,L2,0.427700177...
check iteration duration=6.79492950439e-05
GetData ===>> H2,-0.160144864222003,H1,1332.49429349243,AX,117.873016605561,L1,1.61780336095404,L2,0.2773490647...
check iteration duration=7.20024108887e-05
GetData ===>> H2,-0.112380722544614,H1,1332.11256248593,AX,117.878175592775,L1,1.63062170572624,L2,0.4241007793...
check iteration duration=6.98566436768e-05
GetData ===>> H2,-0.102742481939054,H1,1331.0607166139,AX,117.730724620349,L1,1.61474538349042,L2,0.27772556123...
testing H1>-5.0
evaluate ot="H1.bs>-5.0" t="H1>-5.0", ctx="{'H1': None}"
check iteration duration=0.000608921051025
GetData ===>> H2,-0.0610686647520142,H1,1330.70592626472,AX,117.541851172907,L1,1.61980142727379,L2,0.381786558...
check iteration duration=8.98838043213e-05
GetData ===>> H2,-0.0498470893710133,H1,1330.57432629587,AX,117.345191081291,L1,1.64424181066427,L2,0.383259931...
check iteration duration=3.91006469727e-05
GetData ===>> H2,-0.0571724828136735,H1,1330.30350704628,AX,117.596693405028,L1,1.64760055742757,L2,0.409407493...
check iteration duration=6.103515625e-05
GetData ===>> H2,-0.186537111311057,H1,1329.93009824835,AX,117.696880281977,L1,1.64563863752224,L2,0.3561375171...
check iteration duration=6.60419464111e-05
GetData ===>> H2,-0.115170234987474,H1,1328.7764045799,AX,117.522557131827,L1,1.64784063141406,L2,0.32884013593...
testing H1>-5.0
evaluate ot="H1.bs>-5.0" t="H1>-5.0", ctx="{'H1': None}"
check iteration duration=0.00123286247253
GetData ===>> H2,-0.0995937899139452,H1,1327.93347708062,AX,117.482804414175,L1,1.65438176292065,L2,0.478529839...
check iteration duration=5.91278076172e-05
GetData ===>> H2,-0.113743757705678,H1,1327.20250914915,AX,117.59488899305,L1,1.66215340372693,L2,0.38198072276...
check iteration duration=3.50475311279e-05
GetData ===>> H2,-0.0271538728792315,H1,1326.88680228295,AX,117.371132387097,L1,1.6944818161553,L2,0.3453820371...
check iteration duration=5.19752502441e-05
GetData ===>> H2,-0.105271903723974,H1,1326.79464539806,AX,117.389191569881,L1,1.68104640402821,L2,0.3650556618...
check iteration duration=6.50882720947e-05
GetData ===>> H2,-0.0863414043077432,H1,1326.32328849763,AX,117.228499269331,L1,1.65941197856079,L2,0.418559112...
testing H1>-5.0
evaluate ot="H1.bs>-5.0" t="H1>-5.0", ctx="{'H1': None}"
check iteration duration=0.00100708007812
GetData ===>> H2,-0.0528394150746261,H1,1325.63761630787,AX,117.21623579427,L1,1.63995773858922,L2,0.4186619445...
check iteration duration=5.48362731934e-05
GetData ===>> H2,-0.122678616805262,H1,1325.15805857755,AX,117.049776584355,L1,1.5998233596423,L2,0.47757039023...
check iteration duration=8.10623168945e-05
GetData ===>> H2,-0.113724808983691,H1,1324.80734425924,AX,117.115045910161,L1,1.62479139652389,L2,0.4078194743...
check iteration duration=8.39233398438e-05
GetData ===>> H2,-0.0917534661281555,H1,1324.30060023158,AX,117.148192534671,L1,1.65279901755954,L2,0.498783305...
check iteration duration=9.10758972168e-05
GetData ===>> H2,-0.134823166591399,H1,1323.80913957302,AX,117.192144973717,L1,1.61765945210912,L2,0.3255640595...
testing H1>-5.0
evaluate ot="H1.bs>-5.0" t="H1>-5.0", ctx="{'H1': None}"
check iteration duration=0.000585079193115
11:12:39 -- collecting point 25
GetData ===>> H2,-0.169288225970566,H1,1323.80132832803,AX,117.087980155407,L1,1.60323499499122,L2,0.2918053100...
check iteration duration=6.69956207275e-05
GetData ===>> H2,-0.0931786429896244,H1,1323.33206056436,AX,117.073065347721,L1,1.58311953207847,L2,0.348384772...
check iteration duration=8.10623168945e-05
GetData ===>> H2,-0.174395398889837,H1,1322.7392727965,AX,116.94339150857,L1,1.6107696132481,L2,0.3601340222904...
check iteration duration=6.91413879395e-05
GetData ===>> H2,-0.168413763117048,H1,1321.7673239528,AX,116.879343207553,L1,1.6069636696972,L2,0.302303714209...
check iteration duration=3.91006469727e-05
GetData ===>> H2,-0.0940130742532259,H1,1320.71336340613,AX,116.725442815855,L1,1.59712642485012,L2,0.358980727...
testing H1>-5.0
evaluate ot="H1.bs>-5.0" t="H1>-5.0", ctx="{'H1': None}"
check iteration duration=0.00065803527832
GetData ===>> H2,-0.0743967059147349,H1,1320.6140140799,AX,116.972713994211,L1,1.64271882472904,L2,0.3908670052...
check iteration duration=9.70363616943e-05
GetData ===>> H2,-0.107777763061912,H1,1319.98821173522,AX,116.829823206579,L1,1.63353089731148,L2,0.3683901877...
check iteration duration=8.58306884766e-05
GetData ===>> H2,-0.151740724221331,H1,1319.21593456947,AX,116.709264922016,L1,1.65881960949579,L2,0.4245921178...
check iteration duration=8.48770141602e-05
GetData ===>> H2,-0.106825276904232,H1,1318.47181536399,AX,116.738950418485,L1,1.60801671275095,L2,0.3767955349...
check iteration duration=3.81469726562e-05
GetData ===>> H2,-0.107144585140353,H1,1318.2417330227,AX,116.550722679831,L1,1.60352528608381,L2,0.37866856603...
testing H1>-5.0
evaluate ot="H1.bs>-5.0" t="H1>-5.0", ctx="{'H1': None}"
check iteration duration=0.00107097625732
GetData ===>> H2,-0.120192607093718,H1,1317.63773448223,AX,116.512378828326,L1,1.61875761550933,L2,0.3684815462...
check iteration duration=3.60012054443e-05
GetData ===>> H2,-0.104035006983278,H1,1317.18373843964,AX,116.562628254118,L1,1.61427490201213,L2,0.3906614007...
check iteration duration=6.98566436768e-05
GetData ===>> H2,-0.0964374538728759,H1,1316.71319227985,AX,116.359718964817,L1,1.59860045902625,L2,0.445400142...
check iteration duration=3.21865081787e-05
GetData ===>> H2,-0.0627173258941308,H1,1316.57541233249,AX,116.151203335771,L1,1.58934507712197,L2,0.391118300...
check iteration duration=7.70092010498e-05
GetData ===>> H2,-0.0479155700391262,H1,1316.28209911944,AX,116.264854279834,L1,1.63131683195509,L2,0.362326461...
testing H1>-5.0
evaluate ot="H1.bs>-5.0" t="H1>-5.0", ctx="{'H1': None}"
check iteration duration=0.00108909606934
GetData ===>> H2,-0.0278576384212601,H1,1315.47781022987,AX,116.224645507263,L1,1.63238295132994,L2,0.316558280...
check iteration duration=8.58306884766e-05
GetData ===>> H2,0.0930000625482132,H1,1314.84297353884,AX,116.352806658963,L1,1.60521529945628,L2,0.3226875970...
check iteration duration=4.00543212891e-05
GetData ===>> H2,-0.0978823548476577,H1,1314.22759309963,AX,116.356105254532,L1,1.61172584245099,L2,0.387931471...
check iteration duration=4.00543212891e-05
GetData ===>> H2,-0.149925862869243,H1,1314.27407677765,AX,116.232019425053,L1,1.58848959838082,L2,0.4113497119...
check iteration duration=7.20024108887e-05
GetData ===>> H2,-0.0970996665330052,H1,1313.98866444588,AX,116.198228261192,L1,1.59308745589424,L2,0.358535400...
testing H1>-5.0
evaluate ot="H1.bs>-5.0" t="H1>-5.0", ctx="{'H1': None}"
check iteration duration=0.000588178634644
GetData ===>> H2,-0.125345264596785,H1,1313.82004519721,AX,116.222626078228,L1,1.62232384544002,L2,0.3743971949...
check iteration duration=6.69956207275e-05
GetData ===>> H2,-0.0821399700961265,H1,1313.18723682681,AX,116.046304483686,L1,1.62455495443907,L2,0.395778800...
check iteration duration=7.20024108887e-05
GetData ===>> H2,0.0196459219321607,H1,1311.72507178193,AX,116.002055716666,L1,1.56220152404741,L2,0.2633855134...
check iteration duration=8.29696655273e-05
GetData ===>> H2,-0.172917604810416,H1,1311.72435085461,AX,116.080860610366,L1,1.56947674262543,L2,0.3482135113...
check iteration duration=3.79085540771e-05
GetData ===>> H2,-0.0973095622876564,H1,1311.32541106071,AX,115.888332779053,L1,1.57540324652219,L2,0.328360703...
testing H1>-5.0
evaluate ot="H1.bs>-5.0" t="H1>-5.0", ctx="{'H1': None}"
check iteration duration=0.000590801239014
11:13:05 -- collecting point 50
GetData ===>> H2,-0.0786931475341774,H1,1310.6430031223,AX,115.894551916256,L1,1.63608145682295,L2,0.4690157281...
check iteration duration=9.41753387451e-05
GetData ===>> H2,-0.0445091626056657,H1,1309.73154397688,AX,115.772805784011,L1,1.63011984180747,L2,0.322653353...
check iteration duration=7.91549682617e-05
GetData ===>> H2,0.0674433869694474,H1,1309.5798764161,AX,115.733700754351,L1,1.58244112818175,L2,0.42226113890...
check iteration duration=8.10623168945e-05
GetData ===>> H2,-0.0356029810481354,H1,1309.20418384515,AX,115.700697470604,L1,1.61106891172355,L2,0.432225327...
check iteration duration=7.60555267334e-05
GetData ===>> H2,0.0207668847601891,H1,1308.60826545041,AX,115.831002586513,L1,1.64029391240336,L2,0.4493508944...
testing H1>-5.0
evaluate ot="H1.bs>-5.0" t="H1>-5.0", ctx="{'H1': None}"
check iteration duration=0.00106692314148
GetData ===>> H2,0.0908636007198921,H1,1307.85580040099,AX,115.677096287397,L1,1.59349011995945,L2,0.3121298934...
check iteration duration=3.40938568115e-05
GetData ===>> H2,-0.0434651681132351,H1,1307.53995228947,AX,115.576868254033,L1,1.57304881356332,L2,0.355269726...
check iteration duration=3.19480895996e-05
GetData ===>> H2,-0.186565433045869,H1,1306.81900610194,AX,115.490883277987,L1,1.57605015817043,L2,0.3725242473...
check iteration duration=3.2901763916e-05
GetData ===>> H2,-0.133789999939211,H1,1306.42707320646,AX,115.484284754051,L1,1.58868113693631,L2,0.4849949478...
check iteration duration=9.29832458496e-05
GetData ===>> H2,-0.142651349423596,H1,1306.15167282244,AX,115.855834435312,L1,1.59511905483143,L2,0.4210499663...
testing H1>-5.0
evaluate ot="H1.bs>-5.0" t="H1>-5.0", ctx="{'H1': None}"
check iteration duration=0.000927925109863
GetData ===>> H2,-0.0594441745801708,H1,1305.7668105828,AX,115.615779585397,L1,1.61058174611843,L2,0.3701716943...
check iteration duration=7.89165496826e-05
GetData ===>> H2,0.0023929566793816,H1,1305.02579966462,AX,115.525895269491,L1,1.61890283549684,L2,0.2806349020...
check iteration duration=8.60691070557e-05
GetData ===>> H2,-0.015541751719181,H1,1304.38788209802,AX,115.303175380215,L1,1.62926011320689,L2,0.3494237638...
check iteration duration=4.00543212891e-05
GetData ===>> H2,-0.00578846032711945,H1,1304.86323915582,AX,115.22322937273,L1,1.61784744152163,L2,0.374716970...
check iteration duration=8.70227813721e-05
GetData ===>> H2,-0.0805467574277789,H1,1303.9034848374,AX,115.307516433923,L1,1.58715021704407,L2,0.3475398869...
testing H1>-5.0
evaluate ot="H1.bs>-5.0" t="H1>-5.0", ctx="{'H1': None}"
check iteration duration=0.000595808029175
GetData ===>> H2,-0.156038548741352,H1,1303.17519818305,AX,115.325140513457,L1,1.58196989545251,L2,0.3364314751...
check iteration duration=4.10079956055e-05
GetData ===>> H2,-0.128399239995705,H1,1302.76304133059,AX,115.290762484785,L1,1.60326480130883,L2,0.3812154901...
check iteration duration=8.39233398438e-05
GetData ===>> H2,0.0433296947508034,H1,1302.18207164388,AX,115.257906359628,L1,1.58321145647682,L2,0.4410476988...
check iteration duration=8.48770141602e-05
GetData ===>> H2,-0.0473141939176962,H1,1302.24528190427,AX,115.331348213648,L1,1.57084231959678,L2,0.399822653...
check iteration duration=7.48634338379e-05
GetData ===>> H2,-0.110798205414759,H1,1300.75588790534,AX,115.073569953493,L1,1.54499465042084,L2,0.3790568819...
testing H1>-5.0
evaluate ot="H1.bs>-5.0" t="H1>-5.0", ctx="{'H1': None}"
check iteration duration=0.000606060028076
GetData ===>> H2,-0.11872482130654,H1,1300.34645837875,AX,115.17147291745,L1,1.5465434338499,L2,0.4165139183809...
check iteration duration=9.29832458496e-05
GetData ===>> H2,-0.0244430185471615,H1,1300.18426844615,AX,115.198897334864,L1,1.57992467165785,L2,0.416411088...
check iteration duration=3.88622283936e-05
GetData ===>> H2,-0.0664311215809245,H1,1299.47055239022,AX,115.001382233873,L1,1.602590939306,L2,0.21242838291...
check iteration duration=3.71932983398e-05
GetData ===>> H2,-0.134719042801865,H1,1299.31521928914,AX,114.806167803005,L1,1.62814373442095,L2,0.4515661271...
check iteration duration=8.79764556885e-05
GetData ===>> H2,-0.165522697160274,H1,1298.75687888339,AX,114.954117488359,L1,1.60728229189088,L2,0.3447426835...
testing H1>-5.0
evaluate ot="H1.bs>-5.0" t="H1>-5.0", ctx="{'H1': None}"
check iteration duration=0.00109696388245
11:13:32 -- collecting point 75
GetData ===>> H2,-0.132501114366915,H1,1298.53229167418,AX,114.915094808442,L1,1.60554811568197,L2,0.3336574273...
check iteration duration=3.60012054443e-05
GetData ===>> H2,-0.179324900952495,H1,1297.78465133151,AX,114.955446093157,L1,1.61186319393008,L2,0.3578046104...
check iteration duration=6.29425048828e-05
GetData ===>> H2,-0.151868995839136,H1,1296.83671747664,AX,114.71372481851,L1,1.63328313827468,L2,0.29252418580...
check iteration duration=4.91142272949e-05
GetData ===>> H2,-0.210092131947811,H1,1296.18880695546,AX,114.905686556013,L1,1.62617576357756,L2,0.3823690520...
check iteration duration=6.89029693604e-05
GetData ===>> H2,-0.217392456970927,H1,1295.65132748342,AX,114.834810990937,L1,1.64739033482199,L2,0.4736641614...
testing H1>-5.0
evaluate ot="H1.bs>-5.0" t="H1>-5.0", ctx="{'H1': None}"
check iteration duration=0.000593900680542
GetData ===>> H2,-0.140682308272873,H1,1295.16845332302,AX,114.774978488193,L1,1.58800559032235,L2,0.4208785752...
check iteration duration=8.70227813721e-05
GetData ===>> H2,-0.196197358127887,H1,1295.42271810762,AX,114.739148969768,L1,1.59368174668363,L2,0.3824147379...
check iteration duration=0.000443935394287
GetData ===>> H2,-0.171752012870171,H1,1295.10018711517,AX,114.787482970014,L1,1.58940073087137,L2,0.3614586150...
check iteration duration=7.60555267334e-05
GetData ===>> H2,-0.099098258486692,H1,1294.40578568536,AX,114.710259050445,L1,1.62926270655455,L2,0.3336460116...
check iteration duration=8.60691070557e-05
GetData ===>> H2,-0.0557414233496736,H1,1293.72565238109,AX,114.43390520101,L1,1.58345874991694,L2,0.2903789852...
testing H1>-5.0
evaluate ot="H1.bs>-5.0" t="H1>-5.0", ctx="{'H1': None}"
check iteration duration=0.000584840774536
GetData ===>> H2,-0.101730014075787,H1,1292.98679288297,AX,114.433868353314,L1,1.61506034527263,L2,0.3486245388...
check iteration duration=6.41345977783e-05
GetData ===>> H2,-0.197446267227317,H1,1292.18849089545,AX,114.384095137459,L1,1.59187049121604,L2,0.3459871435...
check iteration duration=3.79085540771e-05
GetData ===>> H2,-0.000751402877163948,H1,1292.20565779091,AX,114.600588172743,L1,1.5750319366465,L2,0.31851003...
check iteration duration=3.91006469727e-05
GetData ===>> H2,-0.0709977081097178,H1,1291.87009944829,AX,114.531517888968,L1,1.62116825893252,L2,0.478027269...
check iteration duration=8.60691070557e-05
GetData ===>> H2,-0.164627693882223,H1,1291.43858828118,AX,114.514660431407,L1,1.61219362204678,L2,0.3666543926...
testing H1>-5.0
evaluate ot="H1.bs>-5.0" t="H1>-5.0", ctx="{'H1': None}"
check iteration duration=0.00056791305542
GetData ===>> H2,-0.16920726002346,H1,1290.55241417588,AX,114.384113555373,L1,1.59433822330751,L2,0.37166772866...
check iteration duration=8.70227813721e-05
GetData ===>> H2,-0.0624055086284396,H1,1290.43842333423,AX,114.49336554999,L1,1.56279649882912,L2,0.3583869581...
check iteration duration=8.48770141602e-05
GetData ===>> H2,-0.138418231800692,H1,1290.35590857185,AX,114.392493934102,L1,1.57078800359589,L2,0.4504699231...
check iteration duration=7.91549682617e-05
GetData ===>> H2,-0.270010570111351,H1,1289.88163813621,AX,114.331705056692,L1,1.5525325849502,L2,0.39087842776...
check iteration duration=3.38554382324e-05
GetData ===>> H2,-0.149481555669594,H1,1289.36709992574,AX,114.178633159499,L1,1.57018278654288,L2,0.2779195145...
testing H1>-5.0
evaluate ot="H1.bs>-5.0" t="H1>-5.0", ctx="{'H1': None}"
check iteration duration=0.000897884368896
GetData ===>> H2,-0.0361745398224826,H1,1288.65921538898,AX,114.157506291571,L1,1.59083617839026,L2,0.507134964...
check iteration duration=6.38961791992e-05
GetData ===>> H2,-0.114971296821343,H1,1287.50027703053,AX,114.012578461461,L1,1.55374347746486,L2,0.3639479854...
check iteration duration=3.09944152832e-05
GetData ===>> H2,-0.156454651070419,H1,1287.04524020552,AX,114.000382599939,L1,1.5447736327861,L2,0.44514894434...
check iteration duration=6.50882720947e-05
GetData ===>> H2,-0.207724972307979,H1,1286.87304254558,AX,113.965823696576,L1,1.58287742506196,L2,0.3408609854...
check iteration duration=3.40938568115e-05
GetData ===>> H2,-0.256248689241809,H1,1286.36120844609,AX,113.866693484344,L1,1.60783796024963,L2,0.3833513038...
testing H1>-5.0
evaluate ot="H1.bs>-5.0" t="H1>-5.0", ctx="{'H1': None}"
check iteration duration=0.00096607208252
11:13:58 -- collecting point 100
GetData ===>> H2,-0.102224077178686,H1,1286.0622241784,AX,114.042547952008,L1,1.6111362874079,L2,0.244182078188...
check iteration duration=4.19616699219e-05
GetData ===>> H2,-0.0173120821996746,H1,1285.26004545276,AX,113.956536965737,L1,1.57274096392219,L2,0.460313370...
check iteration duration=6.48498535156e-05
GetData ===>> H2,-0.0609534122387269,H1,1284.8046430236,AX,113.897390848615,L1,1.54310903652521,L2,0.2801214825...
check iteration duration=6.103515625e-05
GetData ===>> H2,-0.137275884399798,H1,1284.29577753542,AX,114.013461457173,L1,1.62271425649447,L2,0.4108241667...
check iteration duration=3.50475311279e-05
GetData ===>> H2,-0.207758657622148,H1,1283.97742209162,AX,113.823558140266,L1,1.62839007994036,L2,0.3442289203...
testing H1>-5.0
evaluate ot="H1.bs>-5.0" t="H1>-5.0", ctx="{'H1': None}"
check iteration duration=0.000540971755981
GetData ===>> H2,-0.222529483822678,H1,1283.53549720962,AX,113.72615268836,L1,1.61283636588291,L2,0.40558029711...
check iteration duration=4.38690185547e-05
GetData ===>> H2,-0.185242327767968,H1,1282.73103464718,AX,113.80508313408,L1,1.60712427483926,L2,0.35869526125...
check iteration duration=5.98430633545e-05
GetData ===>> H2,-0.130187441682622,H1,1282.29523086477,AX,113.817895913152,L1,1.57603721955975,L2,0.3827345399...
check iteration duration=3.69548797607e-05
GetData ===>> H2,-0.0924891072963687,H1,1282.07173114276,AX,113.575320479423,L1,1.54724604476597,L2,0.348453277...
check iteration duration=3.91006469727e-05
GetData ===>> H2,-0.169637722335274,H1,1281.66644607136,AX,113.551281737866,L1,1.53327659172532,L2,0.3699432942...
testing H1>-5.0
evaluate ot="H1.bs>-5.0" t="H1>-5.0", ctx="{'H1': None}"
check iteration duration=0.000581979751587
GetData ===>> H2,-0.0812079135876867,H1,1280.67323604713,AX,113.599436444817,L1,1.58139641726725,L2,0.370742697...
check iteration duration=7.20024108887e-05
GetData ===>> H2,-0.078458714822436,H1,1280.44261949578,AX,113.433579354399,L1,1.57250167506284,L2,0.3265000699...
check iteration duration=8.58306884766e-05
GetData ===>> H2,-0.118732938616099,H1,1279.88842383934,AX,113.407216981057,L1,1.55182704716109,L2,0.3963385324...
check iteration duration=8.29696655273e-05
GetData ===>> H2,-0.0669357468953322,H1,1279.46453641845,AX,113.547425604246,L1,1.57534114503155,L2,0.311011415...
check iteration duration=7.67707824707e-05
GetData ===>> H2,-0.118778936593984,H1,1278.76462463942,AX,113.493994840354,L1,1.58488694730996,L2,0.2875378094...
testing H1>-5.0
evaluate ot="H1.bs>-5.0" t="H1>-5.0", ctx="{'H1': None}"
check iteration duration=0.00158095359802
GetData ===>> H2,-0.121827916321947,H1,1278.58325545914,AX,113.514310048632,L1,1.60184066902668,L2,0.4075795599...
check iteration duration=8.70227813721e-05
GetData ===>> H2,-0.11045161962084,H1,1277.93730620085,AX,113.228912420442,L1,1.57455455689236,L2,0.42383797137...
check iteration duration=4.6968460083e-05
GetData ===>> H2,-0.191264510940133,H1,1277.76904185088,AX,113.131447185314,L1,1.54574788527184,L2,0.4085620701...
check iteration duration=4.72068786621e-05
GetData ===>> H2,-0.118536768677141,H1,1277.45668261855,AX,113.189325967878,L1,1.54985411093239,L2,0.3353241295...
check iteration duration=7.9870223999e-05
GetData ===>> H2,-0.0818717407320271,H1,1276.75051153704,AX,113.324159718289,L1,1.5552763485052,L2,0.4374363710...
testing H1>-5.0
evaluate ot="H1.bs>-5.0" t="H1>-5.0", ctx="{'H1': None}"
check iteration duration=0.00132989883423
GetData ===>> H2,-0.0813406821165327,H1,1276.64147277172,AX,113.221684106441,L1,1.57729492460425,L2,0.196932020...
check iteration duration=1.69277191162e-05
waiting for write to finish
measurement finished
estimated time: 125.829 actual time: :126.445
flush and close file /Users/jan/PychronDev/data/isotopes/52/44a9e6-7c10-4562-b204-a6cf8b6d1a6a.h5
baselines () {'settling_time': 15.0, 'detector': 'H1', 'mass': 34.2, 'ncounts': 60}
%%%%%%%%%%%%%%%%%%%%%%%%%%%%%%%% Baseline
build tables- baseline [Detector(H2), Detector(H1), Detector(AX), Detector(L1), Detector(L2), Detector(CDD)]
add group baseline table H2
add group baseline table H1
add group baseline table AX
add group baseline table L1
add group baseline table L2
add group baseline table CDD
flush and close file /Users/jan/PychronDev/data/isotopes/52/44a9e6-7c10-4562-b204-a6cf8b6d1a6a.h5
detector Detector(H1)
POSITION 34.2 H1
Mapping mass to dac mass func: "parabolic"
H1 map mass coeffs = [-0.00063987  0.15840543  0.57256999]
H1 map mass to dac 34.2 >> 5.24161599104
GetDeflection H1 ===>> 0
GetHighVoltage ===>> 4499.94659342336
positioning 34.2 (5.24158512366) on H1
setting magnet DAC
current  : 5.880925
requested: 5.241585
Delta Dac: 0.639340
Checking detector protection. dv=0.63934
Checking detector "CDD". Protection Threshold: 0.1 (V)
ProtectDetector CDD,On ===>> OK
GetDeflection CDD ===>> 2000
Protected = 2000
SetMagnetDAC 5.24158512366 ===>> OK
Magnet settling time: 0.500
GetMagnetMoving ===>> True
GetMagnetMoving ===>> True
GetMagnetMoving ===>> True
GetMagnetMoving ===>> True
GetMagnetMoving ===>> True
GetMagnetMoving ===>> True
GetMagnetMoving ===>> True
GetMagnetMoving ===>> True
GetMagnetMoving ===>> False
ProtectDetector CDD,Off ===>> OK
GetDeflection CDD ===>> 50
Delaying 15.0s for detectors to settle
Join finished
measuring baseline. ncounts=60
"baseline" increment series count="2" fit count="1" regressing="True"
starting measurement
check iteration duration=4.60147857666e-05
GetData ===>> H2,-0.15303216089327,H1,-0.0595919732736093,AX,-0.0314442311138392,L1,-0.0525949673329139,L2,-0.0...
check iteration duration=8.79764556885e-05
GetData ===>> H2,-0.0750365312874175,H1,-0.0348041404408804,AX,-0.129841679653013,L1,-0.0478962120419736,L2,-0....
check iteration duration=8.82148742676e-05
GetData ===>> H2,-0.13448104198027,H1,-0.0739324897344627,AX,-0.15679698580677,L1,-0.0397570339616084,L2,0.0488...
check iteration duration=7.89165496826e-05
GetData ===>> H2,-0.216962581503772,H1,-0.114761306349353,AX,-0.0238014861590481,L1,-0.0202826908752876,L2,0.01...
testing H1>-5.0
evaluate ot="H1.bs>-5.0" t="H1>-5.0", ctx="{'H1': None}"
check iteration duration=0.000581026077271
GetData ===>> H2,-0.280334622887107,H1,0.00855057351409907,AX,-0.0662986706536194,L1,-0.00467713436816771,L2,-0...
check iteration duration=8.41617584229e-05
GetData ===>> H2,-0.0704241033557711,H1,-0.0529991760019442,AX,-0.103956650714324,L1,-0.021370052007268,L2,-0.0...
check iteration duration=8.58306884766e-05
GetData ===>> H2,-0.121203036882403,H1,-0.0170947860098412,AX,-0.0971540254174383,L1,-0.0274916072649438,L2,-0....
check iteration duration=8.39233398438e-05
GetData ===>> H2,-0.246386019564039,H1,-0.0429601224627206,AX,-0.203459695688219,L1,-0.00797550139565308,L2,0.0...
check iteration duration=5.10215759277e-05
GetData ===>> H2,-0.278900620464021,H1,-0.104049227415248,AX,-0.131799577554085,L1,-0.0335064674420994,L2,0.011...
testing H1>-5.0
evaluate ot="H1.bs>-5.0" t="H1>-5.0", ctx="{'H1': None}"
check iteration duration=0.00101613998413
GetData ===>> H2,-0.314099353767039,H1,-0.0276730735513152,AX,-0.115312614365601,L1,-0.0413954567385431,L2,0.03...
check iteration duration=0.000100135803223
GetData ===>> H2,-0.312947240960658,H1,-0.0106542438055744,AX,-0.0265269648183953,L1,-0.0542131749404844,L2,-0....
check iteration duration=8.89301300049e-05
GetData ===>> H2,-0.236048652095059,H1,-0.0169993735940065,AX,-0.132193469411708,L1,-0.0623366782258315,L2,0.06...
check iteration duration=5.79357147217e-05
GetData ===>> H2,-0.302809784795804,H1,0.029847178740572,AX,-0.0885312750723724,L1,-0.0634000976960247,L2,0.110...
check iteration duration=8.58306884766e-05
GetData ===>> H2,-0.234057398022844,H1,0.0249909153869467,AX,-0.0704488333217336,L1,0.00437913887828008,L2,0.01...
testing H1>-5.0
evaluate ot="H1.bs>-5.0" t="H1>-5.0", ctx="{'H1': None}"
check iteration duration=0.000568866729736
GetData ===>> H2,-0.29366029707043,H1,0.0835722866659118,AX,-0.154176905116245,L1,0.044076152754803,L2,-0.03308...
check iteration duration=3.88622283936e-05
GetData ===>> H2,-0.279014756551704,H1,-0.0098789654103147,AX,-0.0281854102257987,L1,-0.0207262812748201,L2,-0....
check iteration duration=3.31401824951e-05
GetData ===>> H2,-0.286420241795668,H1,0.037627236560467,AX,-0.0498237930989957,L1,-0.00572553253365116,L2,-0.0...
check iteration duration=7.20024108887e-05
GetData ===>> H2,-0.232684842890262,H1,-0.0245843768568619,AX,-0.103319286937875,L1,-0.0257902175428235,L2,-0.0...
check iteration duration=8.48770141602e-05
GetData ===>> H2,-0.181255892455909,H1,0.0113063495764678,AX,-0.129818509027754,L1,-0.040509208576741,L2,-0.031...
testing H1>-5.0
evaluate ot="H1.bs>-5.0" t="H1>-5.0", ctx="{'H1': None}"
check iteration duration=0.00107097625732
GetData ===>> H2,-0.211669514145689,H1,-0.0279712052536628,AX,-0.147081464986906,L1,-0.0671409077957535,L2,0.01...
check iteration duration=4.19616699219e-05
GetData ===>> H2,-0.274512890458842,H1,0.00767971633435245,AX,-0.119252128783302,L1,-0.0875499930563231,L2,0.01...
check iteration duration=7.89165496826e-05
GetData ===>> H2,-0.189741063825833,H1,0.0504083677970836,AX,-0.0664377851186271,L1,-0.0784909083920673,L2,0.09...
check iteration duration=9.10758972168e-05
GetData ===>> H2,-0.144979431273248,H1,-0.0700108070194048,AX,-0.0823882583013852,L1,-0.0348868984973336,L2,-0....
check iteration duration=0.000100135803223
GetData ===>> H2,-0.0965065207993025,H1,-0.0347206693526612,AX,-0.164575659090914,L1,-0.0376571148560529,L2,-0....
testing H1>-5.0
evaluate ot="H1.bs>-5.0" t="H1>-5.0", ctx="{'H1': None}"
check iteration duration=0.000586032867432
11:15:04 -- collecting point 25
GetData ===>> H2,-0.160713417617615,H1,0.0165675872735751,AX,-0.0790963689583113,L1,-0.0756356191948668,L2,0.04...
check iteration duration=4.10079956055e-05
GetData ===>> H2,-0.203996061526275,H1,-0.0309405485382495,AX,-0.0492208593835672,L1,-0.0748881835926043,L2,-0....
check iteration duration=8.39233398438e-05
GetData ===>> H2,-0.19541098718434,H1,-0.0143516427734579,AX,-0.132958078464494,L1,-0.0308288498005442,L2,-0.06...
check iteration duration=7.89165496826e-05
GetData ===>> H2,-0.239195392291094,H1,0.0308852803363237,AX,-0.178717107699434,L1,0.0235701468646316,L2,-0.065...
check iteration duration=6.8187713623e-05
GetData ===>> H2,-0.16314531575424,H1,0.0881762859918701,AX,0.0411454661519838,L1,0.00701583705701257,L2,0.0047...
testing H1>-5.0
evaluate ot="H1.bs>-5.0" t="H1>-5.0", ctx="{'H1': None}"
check iteration duration=0.00073504447937
GetData ===>> H2,-0.202777531460115,H1,0.0730292099570875,AX,-0.0367903165840201,L1,-0.0113327286833052,L2,0.19...
check iteration duration=7.39097595215e-05
GetData ===>> H2,-0.300485212348435,H1,0.0361236813244627,AX,-0.220352890533669,L1,-0.0364458382211541,L2,0.017...
check iteration duration=9.01222229004e-05
GetData ===>> H2,-0.256533656012246,H1,-0.0370697576747457,AX,-0.0354219322149796,L1,-0.0147397587811562,L2,0.0...
check iteration duration=6.50882720947e-05
GetData ===>> H2,-0.185568735080545,H1,-0.0150911061777002,AX,-0.181661052328596,L1,0.0134825423552464,L2,0.052...
check iteration duration=6.69956207275e-05
GetData ===>> H2,-0.144547090048451,H1,-0.12160894306541,AX,-0.0801627678424625,L1,0.0148393008020719,L2,-0.071...
testing H1>-5.0
evaluate ot="H1.bs>-5.0" t="H1>-5.0", ctx="{'H1': None}"
check iteration duration=0.000687122344971
GetData ===>> H2,-0.146085879525049,H1,-0.0329439111057759,AX,-0.10513865975647,L1,-0.00988446224808432,L2,0.00...
check iteration duration=4.10079956055e-05
GetData ===>> H2,-0.130852263460186,H1,0.00728604365740644,AX,-0.0322676169881429,L1,-0.0691339223459112,L2,-0....
check iteration duration=3.60012054443e-05
GetData ===>> H2,-0.118443417653898,H1,-0.00612176196825836,AX,-0.121349275801325,L1,-0.0907195162871414,L2,-0....
check iteration duration=7.29560852051e-05
GetData ===>> H2,-0.164488644795831,H1,0.00268138124599484,AX,-0.0550297384549284,L1,-0.0616834986143523,L2,0.0...
check iteration duration=7.20024108887e-05
GetData ===>> H2,-0.207552501927464,H1,0.0348230049311617,AX,-0.178323029608006,L1,0.0160281154179188,L2,0.0190...
testing H1>-5.0
evaluate ot="H1.bs>-5.0" t="H1>-5.0", ctx="{'H1': None}"
check iteration duration=0.00140690803528
GetData ===>> H2,-0.197937161354571,H1,0.0126425107332963,AX,-0.103956650714324,L1,-0.0130420862918931,L2,0.042...
check iteration duration=5.79357147217e-05
GetData ===>> H2,-0.128949381936793,H1,0.0478902007443828,AX,-0.0744481242816696,L1,0.00594445474024286,L2,0.06...
check iteration duration=9.20295715332e-05
GetData ===>> H2,-0.186418428985024,H1,0.0335104128576848,AX,-0.0743206131937542,L1,-0.0138702891004464,L2,-0.0...
check iteration duration=7.82012939453e-05
GetData ===>> H2,-0.203442077957732,H1,0.00592609541245643,AX,-0.0132931817217956,L1,-0.00169688024063648,L2,0....
check iteration duration=9.10758972168e-05
GetData ===>> H2,-0.247181108132695,H1,-0.0170947860098412,AX,0.0933792018015678,L1,-0.00707365528804299,L2,0.0...
testing H1>-5.0
evaluate ot="H1.bs>-5.0" t="H1>-5.0", ctx="{'H1': None}"
check iteration duration=0.000643014907837
GetData ===>> H2,-0.333777923815968,H1,-0.0556339626404111,AX,-0.0707270501864776,L1,-0.00209165862491236,L2,-0...
check iteration duration=8.48770141602e-05
GetData ===>> H2,-0.30022764219411,H1,-0.00663465836911998,AX,-0.0662175204571599,L1,-0.0180308682414816,L2,-0....
check iteration duration=8.79764556885e-05
GetData ===>> H2,-0.213081024027891,H1,0.0295727398878622,AX,-0.0349232788906043,L1,-0.0251623080618927,L2,0.07...
check iteration duration=9.10758972168e-05
GetData ===>> H2,-0.170351525038689,H1,-0.00953307003517241,AX,-0.137585286694805,L1,-0.0341386451808964,L2,-0....
check iteration duration=7.82012939453e-05
GetData ===>> H2,-0.0963819291766864,H1,0.0530340122626206,AX,-0.037451308921501,L1,-0.035140946670195,L2,-0.06...
testing H1>-5.0
evaluate ot="H1.bs>-5.0" t="H1>-5.0", ctx="{'H1': None}"
check iteration duration=0.000547885894775
11:15:30 -- collecting point 50
GetData ===>> H2,-0.147248952321143,H1,0.0871862889985977,AX,-0.0775662979705161,L1,-0.0369969811973078,L2,0.00...
check iteration duration=6.69956207275e-05
GetData ===>> H2,-0.194118063082559,H1,-0.083062620580132,AX,-0.124836696429195,L1,-0.00693453353585499,L2,-0.0...
check iteration duration=3.88622283936e-05
GetData ===>> H2,-0.234516224847793,H1,0.00402935634584725,AX,-0.0966556883415944,L1,-0.00572553253365116,L2,-0...
check iteration duration=9.08374786377e-05
GetData ===>> H2,-0.133844094768058,H1,0.0413146223716911,AX,0.0121239752702769,L1,-0.0228995915276358,L2,0.005...
check iteration duration=6.29425048828e-05
GetData ===>> H2,-0.166493216590594,H1,-0.0289609961368729,AX,0.0513118821732445,L1,-0.0160544126655487,L2,0.04...
testing H1>-5.0
evaluate ot="H1.bs>-5.0" t="H1>-5.0", ctx="{'H1': None}"
check iteration duration=0.0112388134003
GetData ===>> H2,-0.131312180342172,H1,-0.05515708332251,AX,-0.0945580089435196,L1,0.00581128976023253,L2,0.070...
check iteration duration=3.69548797607e-05
GetData ===>> H2,-0.108521837304506,H1,0.0346798122323079,AX,-0.19431668106917,L1,-0.0232016360961674,L2,-0.094...
check iteration duration=9.29832458496e-05
GetData ===>> H2,-0.330947285562505,H1,-0.00449956070196473,AX,-0.0376136572299432,L1,-0.0264851861463486,L2,-0...
check iteration duration=3.69548797607e-05
GetData ===>> H2,-0.275989088181784,H1,0.0163289764035347,AX,0.00982676176547077,L1,-0.00107168280739975,L2,0.0...
check iteration duration=7.08103179932e-05
GetData ===>> H2,-0.220138422927582,H1,0.0635850233354553,AX,-0.0811827906214605,L1,-0.0197035961361152,L2,0.06...
testing H1>-5.0
evaluate ot="H1.bs>-5.0" t="H1>-5.0", ctx="{'H1': None}"
check iteration duration=0.00115203857422
GetData ===>> H2,-0.109483560305935,H1,0.0466132397577869,AX,-0.115185156823155,L1,-0.00605058576416016,L2,-0.0...
check iteration duration=1.38282775879e-05
waiting for write to finish
measurement finished
estimated time: 62.915 actual time: :63.283
flush and close file /Users/jan/PychronDev/data/isotopes/52/44a9e6-7c10-4562-b204-a6cf8b6d1a6a.h5
activate_detectors ('H1', 'AX', 'CDD') {'peak_center': True}
peak_center () {'detector': 'H1', 'integration_time': 0.262144, 'isotope': 'Ar40'}
peak center: mean=1278.36984748 threshold=3
peak center started
setup peak center. detector=['H1', 'AX', 'CDD'], isotope=Ar40
VersionedUnpickler [<apptools.sweet_pickle.versioned_unpickler.VersionedUnpickler object at 0x2382aa4d0>] using Updater [<apptools.sweet_pickle.updater.Updater object at 0x12e273d10>]
VersionedUnpickler [<apptools.sweet_pickle.versioned_unpickler.VersionedUnpickler object at 0x2382aa4d0>] using Updater [<apptools.sweet_pickle.updater.Updater object at 0x12e273d10>]
VersionedUnpickler [<apptools.sweet_pickle.versioned_unpickler.VersionedUnpickler object at 0x23ad21470>] using Updater [<apptools.sweet_pickle.updater.Updater object at 0x12e273d10>]
setting integration time = 0.524288
SetIntegrationTime 0.524288 ===>> OK
Mapping mass to dac mass func: "parabolic"
H1 map mass coeffs = [-0.00063987  0.15840543  0.57256999]
H1 map mass to dac 39.9624 >> 5.88096
GetDeflection H1 ===>> 0
GetHighVoltage ===>> 4499.94659342336
do peak center. <pychron.spectrometer.jobs.peak_center.PeakCenter object at 0x16275af50>
doing pc
starting peak center. center dac= 5.88092536758 step_width=0.001
width = 0.001
get scan parameters. half-width=0.015,window=0.015, i=0, scalar=1
Scan parameters center=5.88093 width=0.03000 (5.86593 - 5.89593)
GetData ===>> H2,-0.1388589173265,H1,-0.00961656213169777,AX,-0.0771837764641035,L1,-0.0723384145458354,L2,-0.0...
Moving to starting dac 5.86592536758
setting magnet DAC
current  : 5.241585
requested: 5.865925
Delta Dac: 0.624340
Checking detector protection. dv=0.62434
Checking detector "CDD". Protection Threshold: 0.1 (V)
ProtectDetector CDD,On ===>> OK
GetDeflection CDD ===>> 2000
Protected = 2000
SetMagnetDAC 5.86592536758 ===>> OK
Magnet settling time: 0.500
GetMagnetMoving ===>> True
GetMagnetMoving ===>> True
GetMagnetMoving ===>> True
GetMagnetMoving ===>> True
GetMagnetMoving ===>> True
GetMagnetMoving ===>> True
GetMagnetMoving ===>> True
GetMagnetMoving ===>> True
GetMagnetMoving ===>> False
ProtectDetector CDD,Off ===>> OK
GetDeflection CDD ===>> 50
Wait until signal near baseline. tol= -0.00721242159877. timeout= 10
GetData ===>> H2,93.2527484998276,H1,30.5778500945283,AX,1.60409601095536,L1,0.0724816838117961,L2,-0.198848878...
GetData ===>> H2,96.2134358226581,H1,35.6613852355393,AX,2.42210777165803,L1,-0.0181887835736373,L2,-0.11094048...
GetData ===>> H2,96.2134358226581,H1,35.6613852355393,AX,2.42210777165803,L1,-0.0181887835736373,L2,-0.11094048...
GetData ===>> H2,50.7079130082362,H1,17.4265862699682,AX,1.23750044755315,L1,-0.0463869272066591,L2,-0.08634116...
GetData ===>> H2,20.7347156930302,H1,9.07497442730813,AX,0.494470946717798,L1,-0.0228814267312678,L2,-0.0441022...
GetData ===>> H2,6.93053209479576,H1,4.9749469186098,AX,0.127070958930135,L1,-0.041269710068105,L2,-0.163959448...
GetData ===>> H2,2.06811311815785,H1,3.14549027111781,AX,0.0744025765017825,L1,-0.0369191041318383,L2,-0.048085...
GetData ===>> H2,0.65748814260924,H1,2.13612970469905,AX,0.124404401256672,L1,-0.0161783499648886,L2,0.00211796...
GetData ===>> H2,0.500419454742661,H1,1.75888207661365,AX,0.105624627943741,L1,-0.0226036180653631,L2,0.0155556...
GetData ===>> H2,0.451356000321743,H1,1.51774672887888,AX,0.0604057381776971,L1,-0.0132086911755399,L2,-0.00428...
GetData ===>> H2,0.416380110948373,H1,1.35997034229833,AX,0.0491653244324022,L1,0.0127550460956552,L2,0.0691427...
GetData ===>> H2,0.40580875820062,H1,1.35877037243246,AX,-0.151793367361801,L1,-0.0173022294700124,L2,0.0401126...
GetData ===>> H2,0.419794539052578,H1,1.31932331982612,AX,-0.112960416459195,L1,-0.0267747304781069,L2,-0.12520...
GetData ===>> H2,0.4342048395149,H1,1.35569851468167,AX,-0.0529659448842935,L1,-0.00771047255829764,L2,-0.12766...
GetData ===>> H2,0.34621480152188,H1,1.2897961272728,AX,0.0115438657335516,L1,-0.0119764689596069,L2,-0.1508840...
GetData ===>> H2,0.273739263619062,H1,1.19769715751039,AX,0.0217310918635306,L1,-0.0270428484489509,L2,-0.02356...
GetData ===>> H2,0.324463590470533,H1,1.3112870366865,AX,0.0198977766094856,L1,-0.0308125005146591,L2,0.0451478...
GetData ===>> H2,0.301970213891134,H1,1.23258933692412,AX,-0.0519688154548408,L1,-0.0361043540415366,L2,-0.0598...
GetData ===>> H2,0.153125994357994,H1,1.25620178180681,AX,-0.0254135870124404,L1,-0.0256064187458864,L2,0.00485...
GetData ===>> H2,0.0842192255043698,H1,1.22333764467488,AX,0.0459851568709417,L1,-0.0148050815846956,L2,0.00460...
GetData ===>> H2,0.0990033993431538,H1,1.27087544974793,AX,0.0503956360990514,L1,0.0173543229967774,L2,0.134025...
Peak center failed to move to a baseline position
_do_sweep sm= 5.86592536758, em= 5.89592536758, stm= 0.001
calculated step values: start=5.86592536758, end=5.89592536758, width=0.001, nsteps=31.0
setting magnet DAC
current  : 5.865925
requested: 5.865925
Delta Dac: 0.000000
Checking detector protection. dv=0.00000
Checking detector "CDD". Protection Threshold: 0.1 (V)
SetMagnetDAC 5.86592536758 ===>> OK
GetData ===>> H2,0.0990033993431538,H1,1.27087544974793,AX,0.0503956360990514,L1,0.0173543229967774,L2,0.134025...
setting magnet DAC
current  : 5.865925
requested: 5.866960
Delta Dac: 0.001034
Checking detector protection. dv=0.00103
Checking detector "CDD". Protection Threshold: 0.1 (V)
SetMagnetDAC 5.86695985034 ===>> OK
Magnet settling time: 1.049
GetData ===>> H2,-0.0889641432668738,H1,2.29409034725736,AX,0.192296815199527,L1,-0.000236425668262399,L2,-0.04...
setting magnet DAC
current  : 5.866960
requested: 5.867994
Delta Dac: 0.001034
Checking detector protection. dv=0.00103
Checking detector "CDD". Protection Threshold: 0.1 (V)
SetMagnetDAC 5.8679943331 ===>> OK
Magnet settling time: 1.049
GetData ===>> H2,0.0227762712090331,H1,6.7552987988589,AX,0.421668180386591,L1,0.0125559594428009,L2,-0.0185814...
setting magnet DAC
current  : 5.867994
requested: 5.869029
Delta Dac: 0.001034
Checking detector protection. dv=0.00103
Checking detector "CDD". Protection Threshold: 0.1 (V)
SetMagnetDAC 5.86902881585 ===>> OK
Magnet settling time: 1.049
GetData ===>> H2,-0.00688808885889538,H1,23.7576080241954,AX,1.36021779767829,L1,-0.00715161060177453,L2,0.0244...
setting magnet DAC
current  : 5.869029
requested: 5.870063
Delta Dac: 0.001034
Checking detector protection. dv=0.00103
Checking detector "CDD". Protection Threshold: 0.1 (V)
SetMagnetDAC 5.87006329861 ===>> OK
Magnet settling time: 1.049
GetData ===>> H2,0.0784172495130002,H1,80.8800271211716,AX,4.70765985027891,L1,-0.0453431019812591,L2,-0.068956...
setting magnet DAC
current  : 5.870063
requested: 5.871098
Delta Dac: 0.001034
Checking detector protection. dv=0.00103
Checking detector "CDD". Protection Threshold: 0.1 (V)
SetMagnetDAC 5.87109778137 ===>> OK
Magnet settling time: 1.049
GetData ===>> H2,0.0493823393245541,H1,227.55030076193,AX,13.7692640352329,L1,0.0118987615496074,L2,-0.08745606...
setting magnet DAC
current  : 5.871098
requested: 5.872132
Delta Dac: 0.001034
Checking detector protection. dv=0.00103
Checking detector "CDD". Protection Threshold: 0.1 (V)
SetMagnetDAC 5.87213226413 ===>> OK
Magnet settling time: 1.049
GetData ===>> H2,-0.00517351903912522,H1,490.216172426671,AX,32.566309639366,L1,0.165923017557588,L2,0.11104003...
setting magnet DAC
current  : 5.872132
requested: 5.873167
Delta Dac: 0.001034
Checking detector protection. dv=0.00103
Checking detector "CDD". Protection Threshold: 0.1 (V)
SetMagnetDAC 5.87316674689 ===>> OK
Magnet settling time: 1.049
GetData ===>> H2,-0.0381021513638536,H1,798.298962002547,AX,58.686181333943,L1,0.395830311923075,L2,0.167532340...
setting magnet DAC
current  : 5.873167
requested: 5.874201
Delta Dac: 0.001034
Checking detector protection. dv=0.00103
Checking detector "CDD". Protection Threshold: 0.1 (V)
SetMagnetDAC 5.87420122965 ===>> OK
Magnet settling time: 1.049
GetData ===>> H2,0.115133689528945,H1,1037.32154847506,AX,82.7855254254521,L1,0.731298506301265,L2,0.2235101623...
setting magnet DAC
current  : 5.874201
requested: 5.875236
Delta Dac: 0.001034
Checking detector protection. dv=0.00103
Checking detector "CDD". Protection Threshold: 0.1 (V)
SetMagnetDAC 5.87523571241 ===>> OK
Magnet settling time: 1.049
GetData ===>> H2,-0.0413620591058586,H1,1189.07779941372,AX,102.955449801283,L1,1.10198067479939,L2,0.237252893...
setting magnet DAC
current  : 5.875236
requested: 5.876270
Delta Dac: 0.001034
Checking detector protection. dv=0.00103
Checking detector "CDD". Protection Threshold: 0.1 (V)
SetMagnetDAC 5.87627019516 ===>> OK
Magnet settling time: 1.049
GetData ===>> H2,0.00548106319448392,H1,1212.44862081788,AX,106.630772231089,L1,1.27584958342975,L2,0.259058116...
setting magnet DAC
current  : 5.876270
requested: 5.877305
Delta Dac: 0.001034
Checking detector protection. dv=0.00103
Checking detector "CDD". Protection Threshold: 0.1 (V)
SetMagnetDAC 5.87730467792 ===>> OK
Magnet settling time: 1.049
GetData ===>> H2,-0.0600999588089984,H1,1218.44515620677,AX,108.046431143558,L1,1.38701411801537,L2,0.324934755...
setting magnet DAC
current  : 5.877305
requested: 5.878339
Delta Dac: 0.001034
Checking detector protection. dv=0.00103
Checking detector "CDD". Protection Threshold: 0.1 (V)
SetMagnetDAC 5.87833916068 ===>> OK
Magnet settling time: 1.049
GetData ===>> H2,-0.120783726199893,H1,1220.08883941969,AX,108.115241938839,L1,1.42382783519132,L2,0.3038628878...
setting magnet DAC
current  : 5.878339
requested: 5.879374
Delta Dac: 0.001034
Checking detector protection. dv=0.00103
Checking detector "CDD". Protection Threshold: 0.1 (V)
SetMagnetDAC 5.87937364344 ===>> OK
Magnet settling time: 1.049
GetData ===>> H2,-0.095330940791739,H1,1219.70372839145,AX,108.021216770142,L1,1.4630396519317,L2,0.43403978397...
setting magnet DAC
current  : 5.879374
requested: 5.880408
Delta Dac: 0.001034
Checking detector protection. dv=0.00103
Checking detector "CDD". Protection Threshold: 0.1 (V)
SetMagnetDAC 5.8804081262 ===>> OK
Magnet settling time: 1.049
GetData ===>> H2,-0.0640849026249065,H1,1220.06277149559,AX,108.381589500402,L1,1.49352993142799,L2,0.378068290...
setting magnet DAC
current  : 5.880408
requested: 5.881443
Delta Dac: 0.001034
Checking detector protection. dv=0.00103
Checking detector "CDD". Protection Threshold: 0.1 (V)
SetMagnetDAC 5.88144260896 ===>> OK
Magnet settling time: 1.049
GetData ===>> H2,-0.101356081290094,H1,1220.18076187895,AX,108.221666765633,L1,1.49676771518886,L2,0.3764480694...
setting magnet DAC
current  : 5.881443
requested: 5.882477
Delta Dac: 0.001034
Checking detector protection. dv=0.00103
Checking detector "CDD". Protection Threshold: 0.1 (V)
SetMagnetDAC 5.88247709172 ===>> OK
Magnet settling time: 1.049
GetData ===>> H2,-0.0765803684784276,H1,1219.57463890836,AX,108.202837961822,L1,1.50974959309572,L2,0.421322346...
setting magnet DAC
current  : 5.882477
requested: 5.883512
Delta Dac: 0.001034
Checking detector protection. dv=0.00103
Checking detector "CDD". Protection Threshold: 0.1 (V)
SetMagnetDAC 5.88351157447 ===>> OK
Magnet settling time: 1.049
GetData ===>> H2,-0.141689801076368,H1,1218.53234405833,AX,108.496429387289,L1,1.52475598513954,L2,0.2255189435...
setting magnet DAC
current  : 5.883512
requested: 5.884546
Delta Dac: 0.001034
Checking detector protection. dv=0.00103
Checking detector "CDD". Protection Threshold: 0.1 (V)
SetMagnetDAC 5.88454605723 ===>> OK
Magnet settling time: 1.049
GetData ===>> H2,-0.105434156463079,H1,1217.22609715171,AX,107.857443683759,L1,1.55265003102241,L2,0.2378008174...
setting magnet DAC
current  : 5.884546
requested: 5.885581
Delta Dac: 0.001034
Checking detector protection. dv=0.00103
Checking detector "CDD". Protection Threshold: 0.1 (V)
SetMagnetDAC 5.88558053999 ===>> OK
Magnet settling time: 1.049
GetData ===>> H2,0.0190454402410777,H1,1209.18816533515,AX,106.197206493354,L1,1.46049594413448,L2,0.3395555166...
setting magnet DAC
current  : 5.885581
requested: 5.886615
Delta Dac: 0.001034
Checking detector protection. dv=0.00103
Checking detector "CDD". Protection Threshold: 0.1 (V)
SetMagnetDAC 5.88661502275 ===>> OK
Magnet settling time: 1.049
GetData ===>> H2,-0.0695195661836142,H1,1183.39660512568,AX,101.80380142708,L1,1.41036804628268,L2,0.2081717683...
setting magnet DAC
current  : 5.886615
requested: 5.887650
Delta Dac: 0.001034
Checking detector protection. dv=0.00103
Checking detector "CDD". Protection Threshold: 0.1 (V)
SetMagnetDAC 5.88764950551 ===>> OK
Magnet settling time: 1.049
GetData ===>> H2,-0.150403023409757,H1,1100.27179047626,AX,89.8204888536759,L1,1.27429728298302,L2,0.2922798958...
setting magnet DAC
current  : 5.887650
requested: 5.888684
Delta Dac: 0.001034
Checking detector protection. dv=0.00103
Checking detector "CDD". Protection Threshold: 0.1 (V)
SetMagnetDAC 5.88868398827 ===>> OK
Magnet settling time: 1.049
GetData ===>> H2,-0.142011132299617,H1,902.074585562396,AX,66.1299021378526,L1,0.989749878792777,L2,0.269779149...
setting magnet DAC
current  : 5.888684
requested: 5.889718
Delta Dac: 0.001034
Checking detector protection. dv=0.00103
Checking detector "CDD". Protection Threshold: 0.1 (V)
SetMagnetDAC 5.88971847103 ===>> OK
Magnet settling time: 1.049
GetData ===>> H2,-0.265225716451727,H1,610.567940201097,AX,39.2659011600413,L1,0.750867978333909,L2,0.029314077...
setting magnet DAC
current  : 5.889718
requested: 5.890753
Delta Dac: 0.001034
Checking detector protection. dv=0.00103
Checking detector "CDD". Protection Threshold: 0.1 (V)
SetMagnetDAC 5.89075295378 ===>> OK
Magnet settling time: 1.049
GetData ===>> H2,-0.291728548945665,H1,323.572265801083,AX,17.9074815650351,L1,0.502897823468426,L2,0.016580596...
setting magnet DAC
current  : 5.890753
requested: 5.891787
Delta Dac: 0.001034
Checking detector protection. dv=0.00103
Checking detector "CDD". Protection Threshold: 0.1 (V)
SetMagnetDAC 5.89178743654 ===>> OK
Magnet settling time: 1.049
GetData ===>> H2,-0.144978290451454,H1,130.429884250939,AX,5.89189501631061,L1,0.279011398063909,L2,-0.06918385...
setting magnet DAC
current  : 5.891787
requested: 5.892822
Delta Dac: 0.001034
Checking detector protection. dv=0.00103
Checking detector "CDD". Protection Threshold: 0.1 (V)
SetMagnetDAC 5.8928219193 ===>> OK
Magnet settling time: 1.049
GetData ===>> H2,-0.108810711506562,H1,40.5423014602144,AX,1.4834396575018,L1,0.17449740313001,L2,0.08047009004...
setting magnet DAC
current  : 5.892822
requested: 5.893856
Delta Dac: 0.001034
Checking detector protection. dv=0.00103
Checking detector "CDD". Protection Threshold: 0.1 (V)
SetMagnetDAC 5.89385640206 ===>> OK
Magnet settling time: 1.049
GetData ===>> H2,-0.184976596259074,H1,5.01804059207125,AX,0.113576608452064,L1,0.0648482165581051,L2,0.1229195...
setting magnet DAC
current  : 5.893856
requested: 5.894891
Delta Dac: 0.001034
Checking detector protection. dv=0.00103
Checking detector "CDD". Protection Threshold: 0.1 (V)
SetMagnetDAC 5.89489088482 ===>> OK
Magnet settling time: 1.049
GetData ===>> H2,-0.0978393240863544,H1,1.01656468685019,AX,-0.040999717361534,L1,0.0249908292185603,L2,0.05515...
setting magnet DAC
current  : 5.894891
requested: 5.895925
Delta Dac: 0.001034
Checking detector protection. dv=0.00103
Checking detector "CDD". Protection Threshold: 0.1 (V)
SetMagnetDAC 5.89592536758 ===>> OK
Magnet settling time: 1.049
GetData ===>> H2,-0.175367115439968,H1,0.0438445578550663,AX,-0.152256674138811,L1,-0.000982880023665352,L2,-0....
result of _do_sweep=True
result of _calculate_peak_center=([5.8735906982393491, 5.8811357884197104, 5.8886808786000717], [896.25511217012104, 1220.1800525179278, 901.45491511038665], 5.8814363896221149, 1220.1800525179278)
Failed to find a valid peak. No peak greater than 1.0. max = 0.350283098125
new center pos Detector(H1) (Ar40) @ 5.88113578842
GetHighVoltage ===>> 4499.94659342336
GetDeflection H1 ===>> 0
dac uncorrected for HV and deflection 5.88117042208
update mftable H1 Ar40 5.88117042208 message=automated run peakcenter
get initial guess parabolic
get initial guess parabolic
get initial guess parabolic
get initial guess parabolic
get initial guess parabolic
get initial guess parabolic
dump mftable to /Users/jan/PychronDev/setupfiles/spectrometer/mftables/mftable.csv
add to repo msg=modified - automated run peakcenter
sweep finished
locally archiving mftable
setting magnet DAC
current  : 5.895925
requested: 5.881136
Delta Dac: 0.014790
Checking detector protection. dv=0.01479
Checking detector "CDD". Protection Threshold: 0.1 (V)
SetMagnetDAC 5.88113578842 ===>> OK
Magnet settling time: 0.500
setting integration time = 1.048576
SetIntegrationTime 1.048576 ===>> OK
Failed to find a valid peak. No peak greater than 1.0. max = 0.350283098125
flush and close file /Users/jan/PychronDev/data/isotopes/52/44a9e6-7c10-4562-b204-a6cf8b6d1a6a.h5
finished measure script
executed snippet estimated_duration=226.132928, duration=273.624822855
jan_unknown120_60.py completed successfully
Measurement Finished
11:16:28 -- ******* Measurement Finished *******
Post Measurement Started jan_pump_ms.py
11:16:28 -- ******* Post Measurement Started jan_pump_ms.py *******
testing...
no interpolation path defined
executed snippet estimated_duration=0, duration=3.19480895996e-05
Pumping spectrometer
open () {'name': 'O'}
opening name=O desc=---
checking ownership. requestor=129.138.12.150
check software interlocks O
interlocks []
actuate state mode=None-script, software_lock=False
doing actuation None-script open_channel True
Open O ===>> OK
GetIndicatorState O ===>> OK
change switch state (True, True)
update switch state O True args=() kw={} ncanvase=8
11:16:28 -- OPEN   VALVE-O (Jan Ion Pump)
---------------------------------------- open O () result=[(True, True)], time=0.10 sec
action=open, ok=True, locked=[False]
executed snippet estimated_duration=0, duration=0.351454973221
jan_pump_ms.py completed successfully
setting _ms_pumptime
Post Measurement Finished
11:16:28 -- ******* Post Measurement Finished *******
$$$$$$$$$$$$$$$$$$$$ state at run end measurement
state changed from measurement to success
post measurement save measured=True aborted=False
Set filtering
setting fod for Ar40= {'filter_outliers': True, 'std_devs': 2, 'iterations': 1}
setting fod for H1= {'filter_outliers': True, 'std_devs': 2, 'iterations': 1}
setting fod for PM41= {'filter_outliers': False, 'std_devs': 2, 'iterations': 1}
setting fod for H2= {'filter_outliers': True, 'std_devs': 2, 'iterations': 1}
setting fod for Ar36= {'filter_outliers': True, 'std_devs': 2, 'iterations': 1}
setting fod for CDD= {'filter_outliers': True, 'std_devs': 10, 'iterations': 1}
setting fod for Ar37= {'filter_outliers': True, 'std_devs': 2, 'iterations': 1}
setting fod for L2= {'filter_outliers': True, 'std_devs': 2, 'iterations': 1}
setting fod for Ar38= {'filter_outliers': True, 'std_devs': 2, 'iterations': 1}
setting fod for L1= {'filter_outliers': True, 'std_devs': 2, 'iterations': 1}
setting fod for Ar39= {'filter_outliers': True, 'std_devs': 2, 'iterations': 1}
setting fod for AX= {'filter_outliers': True, 'std_devs': 2, 'iterations': 1}
persistence save...
persistence save - db
post measurement save
9673032336 connecting to database sqlite:////Users/jan/PychronDev/.appdata/local_lab.db
connected to db sqlite:////Users/jan/PychronDev/.appdata/local_lab.db
create new session 9673032336
close session 9673032336
No database instance. Not saving post measurement to isotopedb database
$$$$$$$$$$$$$$$ auto_save_detector_ic=False
massspec enabled True
create new session 6484677072
MassSpec Database Version: 16.0
close session 6484677072
saving post measurement to secondary database
saving to massspec database 129.138.12.160/massspecdata
setting labnumber to 65475
setting aliquot to 12
setting step to 
setting uuid to 5244a9e6-7c10-4562-b204-a6cf8b6d1a6a
setting irradpos to 65475
setting extract_device to Fusions CO2
setting tray to 
setting position to 102
setting power_requested to 5.0
setting extract_value to 5.0
setting duration to 30.0
setting duration_at_request to 30.0
setting first_stage_delay to 30.0
setting cleanup to 30.0
setting comment to P:7
setting irradiation to NM-288
setting level to P
setting irradiation_level to P
setting sample to Goat Mtn
setting material to Sanidine
setting project to IR989
setting mass_spectrometer to Jan
no attribute chron_dosages
no attribute production_ratios
no attribute interference_corrections
no attribute production_name
no attribute j
Reference Isotope=Ar40
Reference Detector=H1
%%%%%%%%%%%%%%%%%%%% Comment: P:7 %%%%%%%%%%%%%%%%%%%
adding isotope PM41 H2
add baseline dbdet= PM41. original det= H2
get baseline data PM41 H2
Get data baseline <pychron.processing.isotope.Baseline object at 0x23ed1e290> len t=60
baseline PM41. v=-0.201955430588, e=0.00889801273716
get signal data PM41 H2
Get data signal PM41 0.15+/-0.07 len t=120
adding isotope Ar40 H1
add baseline dbdet= Ar40. original det= H1
get baseline data Ar40 H1
Get data baseline <pychron.processing.isotope.Baseline object at 0x23ed1e490> len t=60
baseline Ar40. v=0.00208592143572, e=0.00547943215926
get signal data Ar40 H1
Get data signal Ar40 1341.69+/-0.07 len t=120
adding isotope Ar39 AX
add baseline dbdet= Ar39. original det= AX
get baseline data Ar39 AX
Get data baseline <pychron.processing.isotope.Baseline object at 0x23ed1e650> len t=60
baseline Ar39. v=-0.0911008824996, e=0.00694982764313
get signal data Ar39 AX
Get data signal Ar39 118.624+/-0.026 len t=120
adding isotope Ar38 L1
add baseline dbdet= Ar38. original det= L1
get baseline data Ar38 L1
Get data baseline <pychron.processing.isotope.Baseline object at 0x23ed1e810> len t=60
baseline Ar38. v=-0.0245034606224, e=0.00333690756443
get signal data Ar38 L1
Get data signal Ar38 1.677+/-0.006 len t=120
adding isotope Ar37 L2
add baseline dbdet= Ar37. original det= L2
get baseline data Ar37 L2
Get data baseline <pychron.processing.isotope.Baseline object at 0x23ed1e9d0> len t=60
baseline Ar37. v=-0.000741356896033, e=0.00676285826095
get signal data Ar37 L2
Get data signal Ar37 0.388+/-0.011 len t=120
adding isotope Ar36 CDD
add baseline dbdet= Ar36. original det= CDD
get baseline data Ar36 CDD
Get data baseline <pychron.processing.isotope.Baseline object at 0x23ed1eb90> len t=60
baseline Ar36. v=0.000305174099494, e=3.03199975944e-05
get signal data Ar36 CDD
Get data signal Ar36 0.3671+/-0.0015 len t=120
65475-12 added analysis time 0.518102884293s
analysis added to mass spec database
mass spec save time= 0.527
persistence save - dvc
================= post measurement started
create new session 4992585168
close session 4992585168
---------------- Experiment Queue saving disabled
DVC saving peakcenter
Failed to find a valid peak. No peak greater than 1.0. max = 0.350283098125
Smart pull ahead: 0 behind: 0
Up-to-date with origin
add to repo msg=modified - ad8224ebc6dbfeb9f5997218dfa5fe690569839d.json
add to repo msg=modified - 75-12.json
add to repo msg=modified - 75-12.dat.json
add to repo msg=modified - 75-12.blan.json
add to repo msg=modified - 75-12.inte.json
add to repo msg=modified - 75-12.icfa.json
add to repo msg=modified - 75-12.base.json
not at valid file /Users/jan/PychronDev/data/.dvc/repositories/Load1795/654/tags/75-12.tags.json
add to repo msg=modified - 75-12.peak.json
add to repo msg=modified - 75-12.extr.json
not at valid file /Users/jan/PychronDev/data/.dvc/repositories/Load1795/654/monitor/75-12.moni.json
commit message=<COLLECTION>
add to repo msg=modified - 75-12.inte.json
add to repo msg=modified - 75-12.base.json
commit message=<ISOEVO> default collection fits
add to repo msg=modified - 75-12.blan.json
commit message=<BLANKS> preceding bc-02-J-398
add to repo msg=modified - 75-12.icfa.json
commit message=<ICFactor> default
push repository <pychron.git_archive.repo_manager.GitRepoManager object at 0x24149e230>
pushing to remote=origin, url=https://github.com
no changes to meta repo
create new session 4992585168
add association Load1795
get identifier "65475"
setting analysis irradiation position=<pychron.dvc.dvc_orm.IrradiationPositionTbl object at 0x2464811d0>
close session 4992585168
================= post measurement finished
11:16:41 -- ******* Post Run Check *******
loading queue conditionals post_run_actions
loading system conditionals post_run_actions
loading conditionals from /Users/jan/PychronDev/setupfiles/spectrometer/default_conditionals.yaml
loading queue conditionals post_run_terminations
loading system conditionals post_run_terminations
loading conditionals from /Users/jan/PychronDev/setupfiles/spectrometer/default_conditionals.yaml
Checking default post run terminations n=1
GetDeflection CDD ===>> 50
testing CDD==2000
evaluate ot="CDD.deflection==2000" t="CDD==2000", ctx="{'CDD': 50.0}"
11:16:41 -- ******* Post Run Check Passed *******
11:16:41 -- Automated run 65475-12 success duration: 365.284 s
----------------- finish -----------------
----------------- stop -----------------
retroactive repository identifiers disabled
finish run. runs completed=177
update duration runid=65475-12, duration=365.284026146, md5=301e91d8
loading script "jan_unknown120_60.py"
loading script "jan_pump_ms.py"
loading script "jan_co2.py"
loading script "jan_pump_extraction_line.py"
testing...
no interpolation path defined
executed snippet estimated_duration=213.652928, duration=0.000189065933228
script duration name:unknown120_60 seconds:214.0
loading script "jan_unknown120_60.py"
loading script "jan_pump_ms.py"
loading script "jan_co2.py"
loading script "jan_pump_extraction_line.py"
testing...
no interpolation path defined
executed snippet estimated_duration=0, duration=2.47955322266e-05
loading script "jan_unknown120_60.py"
loading script "jan_pump_ms.py"
loading script "jan_co2.py"
loading script "jan_pump_extraction_line.py"
testing...
no interpolation path defined
calculate duration
testing...
no interpolation path defined
executed snippet estimated_duration=0, duration=5.10215759277e-05
calculate duration
testing...
no interpolation path defined
executed snippet estimated_duration=0, duration=9.3936920166e-05
executed snippet estimated_duration=0.0, duration=0.00341606140137
script duration name:co2 seconds:0.0
loading script "jan_unknown120_60.py"
loading script "jan_pump_ms.py"
loading script "jan_co2.py"
loading script "jan_pump_extraction_line.py"
testing...
no interpolation path defined
calculate duration
testing...
no interpolation path defined
executed snippet estimated_duration=4.0, duration=0.000158071517944
executed snippet estimated_duration=4.0, duration=0.00271201133728
Script duration 214.0
Run total estimated duration= 215.000
unknown120_60 in script context. using previous estimated duration
script duration name:unknown120_60 seconds:214.0
pump_ms in script context. using previous estimated duration
co2 in script context. using previous estimated duration
script duration name:co2 seconds:0.0
pump_extraction_line in script context. using previous estimated duration
Script duration 214.0
Run total estimated duration= 215.000
script duration name:unknown120_60 seconds:214.0
script duration name:co2 seconds:0.0
Script duration 214.0
Run total estimated duration= 215.000
script duration name:unknown120_60 seconds:214.0
script duration name:co2 seconds:0.0
Script duration 214.0
Run total estimated duration= 215.000
loading script "jan_unknown400_120.py"
loading script "jan_pump_ms.py"
loading script "jan_cocktail_x1.py"
loading script "jan_pump_extraction_line.py"
testing...
no interpolation path defined
executed snippet estimated_duration=556.052928, duration=0.000283002853394
script duration name:unknown400_120 seconds:556.0
loading script "jan_unknown400_120.py"
loading script "jan_pump_ms.py"
loading script "jan_cocktail_x1.py"
loading script "jan_pump_extraction_line.py"
testing...
no interpolation path defined
calculate duration
testing...
no interpolation path defined
executed snippet estimated_duration=0, duration=4.60147857666e-05
calculate duration
testing...
no interpolation path defined
executed snippet estimated_duration=0, duration=0.000123977661133
calculate duration
testing...
no interpolation path defined
executed snippet estimated_duration=32.0, duration=8.89301300049e-05
calculate duration
testing...
no interpolation path defined
executed snippet estimated_duration=34.0, duration=0.000102996826172
calculate duration
testing...
no interpolation path defined
executed snippet estimated_duration=4.0, duration=6.60419464111e-05
calculate duration
testing...
no interpolation path defined
executed snippet estimated_duration=38.0, duration=0.000169038772583
executed snippet estimated_duration=108.0, duration=0.0187809467316
script duration name:cocktail_x1 seconds:108.0
Script duration 664.0
Run total estimated duration= 665.000
loading script "jan_ic_peak_hop3.py"
loading script "jan_pump_ms.py"
loading script "jan_air_x1.py"
loading script "jan_pump_extraction_line.py"
testing...
no interpolation path defined
executed snippet estimated_duration=133.8, duration=0.00673413276672
script duration name:ic_peak_hop3 seconds:134.0
loading script "jan_ic_peak_hop3.py"
loading script "jan_pump_ms.py"
loading script "jan_air_x1.py"
loading script "jan_pump_extraction_line.py"
testing...
no interpolation path defined
calculate duration
testing...
no interpolation path defined
executed snippet estimated_duration=0, duration=4.81605529785e-05
calculate duration
testing...
no interpolation path defined
executed snippet estimated_duration=0, duration=9.98973846436e-05
calculate duration
testing...
no interpolation path defined
executed snippet estimated_duration=32.0, duration=9.10758972168e-05
calculate duration
testing...
no interpolation path defined
executed snippet estimated_duration=34.0, duration=9.60826873779e-05
calculate duration
testing...
no interpolation path defined
executed snippet estimated_duration=4.0, duration=6.50882720947e-05
calculate duration
testing...
no interpolation path defined
executed snippet estimated_duration=36.0, duration=8.79764556885e-05
executed snippet estimated_duration=106.0, duration=0.00936698913574
script duration name:air_x1 seconds:106.0
Script duration 240.0
Run total estimated duration= 241.000
script duration name:unknown120_60 seconds:214.0
script duration name:co2 seconds:0.0
Script duration 214.0
Run total estimated duration= 215.000
script duration name:unknown120_60 seconds:214.0
script duration name:co2 seconds:0.0
Script duration 214.0
Run total estimated duration= 215.000
script duration name:unknown120_60 seconds:214.0
script duration name:co2 seconds:0.0
Script duration 214.0
Run total estimated duration= 215.000
script duration name:unknown120_60 seconds:214.0
script duration name:co2 seconds:0.0
Script duration 214.0
Run total estimated duration= 215.000
script duration name:unknown120_60 seconds:214.0
script duration name:co2 seconds:0.0
Script duration 214.0
Run total estimated duration= 215.000
script duration name:unknown120_60 seconds:214.0
script duration name:co2 seconds:0.0
Script duration 214.0
Run total estimated duration= 215.000
script duration name:unknown120_60 seconds:214.0
script duration name:co2 seconds:0.0
Script duration 214.0
Run total estimated duration= 215.000
script duration name:unknown120_60 seconds:214.0
script duration name:co2 seconds:0.0
Script duration 214.0
Run total estimated duration= 215.000
script duration name:unknown120_60 seconds:214.0
script duration name:co2 seconds:0.0
Script duration 214.0
Run total estimated duration= 215.000
script duration name:unknown120_60 seconds:214.0
script duration name:co2 seconds:0.0
Script duration 214.0
Run total estimated duration= 215.000
script duration name:unknown120_60 seconds:214.0
script duration name:co2 seconds:0.0
Script duration 214.0
Run total estimated duration= 215.000
nruns=17 before=0.0, run_dur=4131.0, btw=720.0
write rem/ex queues
/Users/jan/PychronDev/experiments/rem/CurrentExperiment.rem.txt
/Users/jan/PychronDev/experiments/rem/CurrentExperiment.ex.txt
doing event level: 3
