do run
loading script "jan_unknown120_60.py"
loading script "jan_pump_ms.py"
loading script "jan_co2.py"
loading script "jan_pump_extraction_line.py"
testing...
no interpolation path defined
executed snippet estimated_duration=213.652928, duration=0.000296831130981
script duration name:unknown120_60 seconds:214.0
loading script "jan_unknown120_60.py"
loading script "jan_pump_ms.py"
loading script "jan_co2.py"
loading script "jan_pump_extraction_line.py"
testing...
no interpolation path defined
executed snippet estimated_duration=0, duration=5.10215759277e-05
loading script "jan_unknown120_60.py"
loading script "jan_pump_ms.py"
loading script "jan_co2.py"
loading script "jan_pump_extraction_line.py"
testing...
no interpolation path defined
calculate duration
testing...
no interpolation path defined
executed snippet estimated_duration=0, duration=5.41210174561e-05
calculate duration
testing...
no interpolation path defined
executed snippet estimated_duration=0, duration=9.60826873779e-05
executed snippet estimated_duration=0.0, duration=0.00325202941895
script duration name:co2 seconds:0.0
loading script "jan_unknown120_60.py"
loading script "jan_pump_ms.py"
loading script "jan_co2.py"
loading script "jan_pump_extraction_line.py"
testing...
no interpolation path defined
calculate duration
testing...
no interpolation path defined
executed snippet estimated_duration=4.0, duration=0.000155925750732
executed snippet estimated_duration=4.0, duration=0.00135898590088
Script duration 214.0
Run total estimated duration= 215.000
run duration: 0:03:35
doing event level: 2
10:56:35 -- Setting default integration. t=1.048576
setting integration time = 1.048576
SetIntegrationTime 1.048576 ===>> OK
----------------- start -----------------
**************** Experiment Type: Ar/Ar, Ar/Ar
create new session 4419438256
close session 4419438256
$$$$$ Clearing conditionals
adding conditionals 
Add queue conditionals
add default conditionals
adding default conditionals from /Users/jan/PychronDev/setupfiles/spectrometer/default_conditionals.yaml
Start automated run 65475-10
loading script "jan_unknown120_60.py"
loading script "jan_pump_ms.py"
loading script "jan_co2.py"
loading script "jan_pump_extraction_line.py"
%%%%%%%%%%%%%%%%%% setting automated run 65475-10
No value "sensitivity_multiplier" in metadata
$$$$$$$$$$$$$$$ auto_save_detector_ic=False
============================= Pre Extraction Check =============================
loading queue conditionals pre_run_terminations
loading system conditionals pre_run_terminations
loading conditionals from /Users/jan/PychronDev/setupfiles/spectrometer/default_conditionals.yaml
10:56:35 -- ******* Pre Extraction Check *******
Get a measurement from the spectrometer
GetData ===>> H2,-0.0859432692011647,H1,-0.067924742953873,AX,-0.169792006535992,L1,-0.0353111074220876,L2,0.09...
Pre Extraction Termination data. keys=H2,H1,AX,L1,L2,CDD, signals=-0.08594,-0.06792,-0.16979,-0.03531,0.09331,0.00328
10:56:35 -- testing system defined conditionals
Checking default pre extraction terminations n=2
testing CDD
evaluate ot="CDD.inactive" t="CDD", ctx="{'CDD': False}"
GetDeflection CDD ===>> 50
testing CDD==2000
evaluate ot="CDD.deflection==2000" t="CDD==2000", ctx="{'CDD': 50.0}"
10:56:35 -- ******* Pre Extraction Check Passed *******
=================================================================================
10:56:35 -- stopping status monitor
stop 6901184944
Alive clients [5025639504, 5288834736, 4992986192]
10:56:35 -- starting status monitor
start 6901184944
Monitor already running
start extraction
do extraction
Analysis started at 10:56:35.390866
Extraction Started jan_co2.py
10:56:35 -- ******* Extraction Started jan_co2.py *******
state changed from not run to extraction
DO EXTRACTION <pychron.extraction_line.pyscript_runner.RemotePyScriptRunner object at 0x12bfe48f0>
testing...
no interpolation path defined
calculate duration
testing...
no interpolation path defined
executed snippet estimated_duration=0, duration=6.69956207275e-05
calculate duration
testing...
no interpolation path defined
executed snippet estimated_duration=0, duration=7.20024108887e-05
executed snippet estimated_duration=100.0, duration=0.00223207473755
Jan CO2 laser analysis
doing GOSUB
testing...
no interpolation path defined
executed snippet estimated_duration=0, duration=3.2901763916e-05
Waiting for CO2 access
wait ('FelixCO2Flag', 0) {}
waiting for FelixCO2Flag = 0
Read FelixCO2Flag ===>> 0
finished waiting
CO2 free
wait ('CO2PumpTimeFlag', 0) {}
waiting for CO2PumpTimeFlag = 0
Read CO2PumpTimeFlag ===>> 0
finished waiting
acquire ('JanCO2Flag',) {'clear': True}
acquire JanCO2Flag
Set JanCO2Flag 1 ===>> OK
JanCO2Flag acquired
set extraction state False (0.75, 'red', 1.5)
CO2 acquired
executed snippet estimated_duration=0, duration=0.0179131031036
WaitForCO2Access.py completed successfully
gosub finished
doing GOSUB
testing...
no interpolation path defined
executed snippet estimated_duration=0, duration=9.10758972168e-05
Prepare for CO2 analysis
close () {'description': 'Jan Inlet'}
closing name=--- desc=Jan Inlet
checking ownership. requestor=129.138.12.150
check software interlocks R
interlocks []
actuate state mode=None-script, software_lock=False
doing actuation None-script close_channel False
Close R ===>> OK
GetIndicatorState R ===>> False
change switch state (True, True)
update switch state R False args=() kw={} ncanvase=8
10:56:35 -- CLOSE  VALVE-R (Jan Inlet)
---------------------------------------- close None (Jan Inlet) result=[(True, True)]
action=close, ok=True, locked=[False]
open () {'description': 'Jan Ion Pump'}
opening name=--- desc=Jan Ion Pump
checking ownership. requestor=129.138.12.150
check software interlocks O
interlocks []
actuate state mode=None-script, software_lock=False
doing actuation None-script open_channel False
Open O ===>> OK
GetIndicatorState O ===>> OK
change switch state (True, True)
update switch state O True args=() kw={} ncanvase=8
10:56:36 -- OPEN   VALVE-O (Jan Ion Pump)
---------------------------------------- open None (Jan Ion Pump) result=[(True, True)], time=0.15 sec
action=open, ok=True, locked=[False]
close () {'description': 'Microbone to Minibone'}
closing name=--- desc=Microbone to Minibone
checking ownership. requestor=129.138.12.150
check software interlocks L
interlocks []
actuate state mode=None-script, software_lock=False
doing actuation None-script close_channel False
Close L ===>> OK
GetIndicatorState L ===>> False
change switch state (True, True)
update switch state L False args=() kw={} ncanvase=8
10:56:37 -- CLOSE  VALVE-L (Microbone to Minibone)
---------------------------------------- close None (Microbone to Minibone) result=[(True, True)]
action=close, ok=True, locked=[False]
open () {'description': 'Microbone to Turbo'}
opening name=--- desc=Microbone to Turbo
checking ownership. requestor=129.138.12.150
check software interlocks U
interlocks []
actuate state mode=None-script, software_lock=False
doing actuation None-script open_channel False
Open U ===>> OK
GetIndicatorState U ===>> OK
change switch state (True, True)
update switch state U True args=() kw={} ncanvase=8
10:56:37 -- OPEN   VALVE-U (Microbone to Turbo)
---------------------------------------- open None (Microbone to Turbo) result=[(True, True)], time=0.15 sec
action=open, ok=True, locked=[False]
open () {'description': 'Microbone to Inlet Pipette'}
opening name=--- desc=Microbone to Inlet Pipette
checking ownership. requestor=129.138.12.150
check software interlocks S
interlocks []
actuate state mode=None-script, software_lock=False
doing actuation None-script open_channel False
Open S ===>> OK
GetIndicatorState S ===>> OK
change switch state (True, True)
update switch state S True args=() kw={} ncanvase=8
10:56:38 -- OPEN   VALVE-S (Microbone to Inlet Pipette)
---------------------------------------- open None (Microbone to Inlet Pipette) result=[(True, True)], time=0.45 sec
action=open, ok=True, locked=[False]
open () {'description': 'Microbone to Getter D-50'}
opening name=--- desc=Microbone to Getter D-50
checking ownership. requestor=129.138.12.150
check software interlocks K
interlocks []
actuate state mode=None-script, software_lock=False
doing actuation None-script open_channel False
Open K ===>> OK
GetIndicatorState K ===>> OK
change switch state (True, True)
update switch state K True args=() kw={} ncanvase=8
10:56:38 -- OPEN   VALVE-K (Microbone to Getter D-50)
---------------------------------------- open None (Microbone to Getter D-50) result=[(True, True)], time=0.43 sec
action=open, ok=True, locked=[False]
open () {'description': 'Microbone to Getter NP-10'}
opening name=--- desc=Microbone to Getter NP-10
checking ownership. requestor=129.138.12.150
check software interlocks M
interlocks []
actuate state mode=None-script, software_lock=False
doing actuation None-script open_channel False
Open M ===>> OK
GetIndicatorState M ===>> OK
change switch state (True, True)
update switch state M True args=() kw={} ncanvase=8
10:56:39 -- OPEN   VALVE-M (Microbone to Getter NP-10)
---------------------------------------- open None (Microbone to Getter NP-10) result=[(True, True)], time=0.19 sec
action=open, ok=True, locked=[False]
close () {'description': 'CO2 Laser to Felix'}
closing name=--- desc=CO2 Laser to Felix
checking ownership. requestor=129.138.12.150
check software interlocks F
interlocks []
actuate state mode=None-script, software_lock=True
VALVE-F(CO2 Laser to Felix) software locked
change switch state (True, False)
---------------------------------------- close None (CO2 Laser to Felix) result=[(True, False)]
action=close, ok=True, locked=[True]
open () {'description': 'CO2 Laser to Jan'}
opening name=--- desc=CO2 Laser to Jan
checking ownership. requestor=129.138.12.150
check software interlocks A
interlocks []
actuate state mode=None-script, software_lock=False
doing actuation None-script open_channel False
Open A ===>> OK
GetIndicatorState A ===>> OK
change switch state (True, True)
update switch state A True args=() kw={} ncanvase=8
10:56:39 -- OPEN   VALVE-A (CO2 Laser to Jan)
---------------------------------------- open None (CO2 Laser to Jan) result=[(True, True)], time=0.15 sec
action=open, ok=True, locked=[False]
open () {'description': 'Microbone to CO2 Laser'}
opening name=--- desc=Microbone to CO2 Laser
checking ownership. requestor=129.138.12.150
check software interlocks T
interlocks []
actuate state mode=None-script, software_lock=False
doing actuation None-script open_channel False
Open T ===>> OK
GetIndicatorState T ===>> OK
change switch state (True, True)
update switch state T True args=() kw={} ncanvase=8
10:56:40 -- OPEN   VALVE-T (Microbone to CO2 Laser)
---------------------------------------- open None (Microbone to CO2 Laser) result=[(True, True)], time=0.45 sec
action=open, ok=True, locked=[False]
executed snippet estimated_duration=0, duration=5.31623911858
PrepareForCO2Analysis.py completed successfully
gosub finished
set_motor ('beam', '1.25') {}
setting motor "beam" to 1.25
set motor beam to 1.25
SetMotor beam,1.25 ===>> OK
GetMotorMoving beam ===>> False
GetMotorMoving beam ===>> False
Block completed
move_to_position ('100',) {'autocenter': True}
FusionsCO2 move to position 100
sending GoToHole 100,True
GoToHole 100,True ===>> OK
GetDriveMoving ===>> OK
GetDriveMoving ===>> OK
GetDriveMoving ===>> OK
GetDriveMoving ===>> OK
GetDriveMoving ===>> OK
GetDriveMoving ===>> OK
GetDriveMoving ===>> False
GetDriveMoving ===>> OK
GetDriveMoving ===>> OK
GetDriveMoving ===>> OK
GetDriveMoving ===>> OK
GetDriveMoving ===>> OK
GetDriveMoving ===>> OK
GetDriveMoving ===>> OK
GetDriveMoving ===>> False
Block completed
GetAutoCorrecting ===>> False
GetAutoCorrecting ===>> False
Block completed
update position
GetPosition ===>> 11.96340,1.99390,1.00000
got position (11.9634, 1.9939, 1.0)
move to position succeeded
sleep (5,) {}
SLEEP 5.0
block started
WaitControl setup for 5.0  
Join finished
block finished. duration 5.04960298538
close () {'description': 'Microbone to Turbo'}
closing name=--- desc=Microbone to Turbo
checking ownership. requestor=129.138.12.150
check software interlocks U
interlocks []
actuate state mode=None-script, software_lock=False
doing actuation None-script close_channel True
Close U ===>> OK
GetIndicatorState U ===>> False
change switch state (True, True)
update switch state U False args=() kw={} ncanvase=8
10:56:52 -- CLOSE  VALVE-U (Microbone to Turbo)
---------------------------------------- close None (Microbone to Turbo) result=[(True, True)]
action=close, ok=True, locked=[False]
enable laser
enable () {}
set extraction state FusionsCO2 Enabled (False, 'red', 1.5)
enabling laser
Enable ===>> OK
begin interval
BEGIN INTERVAL Interval 1 waiting for 30.0
block started
set extract to 5.0
WaitControl setup for 30.0  
extract (5.0,) {}
GetPosition ===>> 11.96340,1.99390,1.00000
set extraction state FusionsCO2 ON! 5.0(watts) (0.75, 'red', 1.5)
extract sample to 5.0 (watts)
set laser output
SetLaserOutput 5.0,watts ===>> OK
executing pattern triangle.lp
execute_pattern ('triangle.lp',) {}
executing pattern triangle.lp
IsPatterning ===>> OK
IsPatterning ===>> OK
IsPatterning ===>> OK
IsPatterning ===>> OK
IsPatterning ===>> OK
IsPatterning ===>> OK
IsPatterning ===>> OK
IsPatterning ===>> OK
IsPatterning ===>> OK
IsPatterning ===>> OK
IsPatterning ===>> OK
IsPatterning ===>> OK
IsPatterning ===>> OK
IsPatterning ===>> OK
IsPatterning ===>> OK
IsPatterning ===>> OK
IsPatterning ===>> OK
IsPatterning ===>> OK
IsPatterning ===>> OK
IsPatterning ===>> OK
IsPatterning ===>> OK
IsPatterning ===>> OK
IsPatterning ===>> OK
IsPatterning ===>> OK
IsPatterning ===>> OK
IsPatterning ===>> OK
IsPatterning ===>> False
IsPatterning ===>> False
Block completed
COMPLETE INTERVAL waiting for Interval 1 to complete
Join finished
block finished. duration 30.1553769112
Interval 1 finished
end_extract () {}
ending extraction. set laser power to 0
set laser power 0
SetLaserPower 0 ===>> OK
disable () {}
%%%%%%%%%%%%%%%%%%%%%%%%%%%%%%%%%%% disable
set extraction state False (0.75, 'red', 1.5)
disabling laser
Disable ===>> OK
sleep (30.0,) {}
SLEEP 30.0
block started
WaitControl setup for 30.0  
Join finished
block finished. duration 30.3141679764
executed snippet estimated_duration=166.5, duration=78.7672989368
jan_co2.py completed successfully
GetAchievedOutput ===>> No Response
Requested Output= 0.000
Achieved Output=  0.000
GetResponseBlob ===>> No Response
GetOutputBlob ===>> No Response
persistence save...
persistence save - db
AutomatedRunPersister post_extraction_save deprecated
persistence save - dvc
no extraction position for 100
create new session 4992585168
close session 4992585168
Extraction Finished
10:57:54 -- ******* Extraction Finished *******
no overlap. not waiting for min ms pumptime
10:57:54 -- Sending spectrometer configuration
======== Sending configuration ========
SetDeflection CDD,50.0 ===>> OK
SetDeflection H2,0.0 ===>> OK
SetDeflection H1,0.0 ===>> OK
SetDeflection L2,825.0 ===>> OK
SetDeflection L1,400.0 ===>> OK
SetDeflection AX,190.0 ===>> OK
SetZFocus 74.64 ===>> OK
SetZSymmetry -50.72 ===>> OK
SetExtractionLens 26.13 ===>> OK
SetIonRepeller -3.81 ===>> OK
SetElectronEnergy 75.08 ===>> OK
SetYSymmetry -2.81 ===>> OK
SetIonCounterVoltage 1590.0 ===>> OK
send trap current 200.0
GetParameter Trap Current Readback ===>> 197.923274125618
SetParameter Trap Current Set,200.0 ===>> OK
updating mftable name mftable
Using mftable located at /Users/jan/PychronDev/setupfiles/spectrometer/mftables/mftable.csv
============ MFtable ===========
Isotope  H2     H1     AX     L1     L2     CDD    
Ar40     5.8272 5.8811 5.9944 6.1671 6.2329 6.3954
Ar39     5.7265 5.7734 5.8868 6.0532 6.1180 6.2819
Ar36     5.4040 5.4424 5.5502 5.7121 5.7730 5.9330
================================
get initial guess parabolic
get initial guess parabolic
get initial guess parabolic
get initial guess parabolic
get initial guess parabolic
get initial guess parabolic
======== Configuration Finished ========
GetYSymmetry ===>> -2.81
GetZSymmetry ===>> -50.72
GetParameter Trap Current Readback ===>> 197.811389855338
GetHighVoltage ===>> 4499.94659342336
start measurement
do measurement
L#=65475 analysis type=unknown
Measurement Started jan_unknown120_60.py
10:57:54 -- ******* Measurement Started jan_unknown120_60.py *******
state changed from extraction to measurement
setting spec, defl, and gains
GetExtractionLens ===>> 26.13
GetYSymmetry ===>> -2.81
GetZSymmetry ===>> -50.72
GetZFocus ===>> 74.64
GetDeflection H2 ===>> 0
GetDeflection H1 ===>> 0
GetDeflection AX ===>> 190
GetDeflection L1 ===>> 400
GetDeflection L2 ===>> 825
GetDeflection CDD ===>> 50
GetGain H2 ===>> 0.0113
GetGain H1 ===>> 0.1
GetGain AX ===>> 0.097049
GetGain L1 ===>> 0.010355
GetGain L2 ===>> 0.095649
GetGain CDD ===>> 0
pre measurement save
New frame /Users/jan/PychronDev/data/isotopes/f1/c80c2e-23d3-4f77-84f0-c5cfb23076fa.h5
flush and close file /Users/jan/PychronDev/data/isotopes/f1/c80c2e-23d3-4f77-84f0-c5cfb23076fa.h5
testing...
no interpolation path defined
executed snippet estimated_duration=226.132928, duration=0.000144958496094
unknown measurement script
activate_detectors ('H2', 'H1', 'AX', 'L1', 'L2', 'CDD') {}
activate detectors
*************** Set Analysis View Ar/Ar
create graphs
clearing graphs
clear isotope group
setting isotope det=H2, iso=PM41
setting isotope det=H1, iso=Ar40
setting isotope det=AX, iso=Ar39
setting isotope det=L1, iso=Ar38
setting isotope det=L2, iso=Ar37
setting isotope det=CDD, iso=Ar36
setting previous blanks
 - setting Ar40 blank 0.225+/-0.008
 - setting Ar36 blank 0.00481+/-0.00019
 - setting Ar37 blank 0.055+/-0.005
 - setting Ar38 blank 0.0089+/-0.0022
 - setting PM41 blank 0.04+/-0.07
 - setting Ar39 blank 0.034+/-0.009
load analysis view
position_magnet ('Ar40',) {'detector': 'H1'}
detector Detector(H1)
POSITION Ar40 H1
setting detector H2 to PM41 (40.9624)
setting detector H1 to Ar40 (39.9624)
setting detector AX to Ar39 (38.9624)
setting detector L1 to Ar38 (37.9624)
setting detector L2 to Ar37 (36.9624)
setting detector CDD to Ar36 (35.9624)
Mapping mass to dac mass func: "parabolic"
H1 map mass coeffs = [-0.00063987  0.15840543  0.57270999]
H1 map mass to dac 39.9624 >> 5.8811
GetDeflection H1 ===>> 0
GetHighVoltage ===>> 4499.94659342336
positioning Ar40 (5.88106536675) on H1
setting magnet DAC
current  : 5.881063
requested: 5.881065
Delta Dac: 0.000003
Checking detector protection. dv=0.00000
Checking detector "CDD". Protection Threshold: 0.1 (V)
SetMagnetDAC 5.88106536675 ===>> OK
Magnet settling time: 0.500
equilibrate () {'delay': 3, 'inlet': 'R', 'outlet': 'O', 'eqtime': 12.0}
Equilibration Started
10:57:56 -- ******* Equilibration Started *******
checking ownership. requestor=129.138.12.150
check software interlocks O
interlocks []
actuate state mode=None-script, software_lock=False
doing actuation None-script close_channel True
update labels <pychron.experiment.plot_panel.PlotPanel object at 0x21b496b30>
update labels "<pychron.graph.stacked_regression_graph.StackedRegressionGraph object at 0x239402e30>"
setting label 0 H2 PM41
setting label 1 H1 Ar40
setting label 2 AX Ar39
setting label 3 L1 Ar38
setting label 4 L2 Ar37
setting label 5 CDD Ar36
update labels "<pychron.graph.stacked_graph.StackedGraph object at 0x1f8cb7470>"
setting label 0 H2 PM41
setting label 1 H1 Ar40
setting label 2 AX Ar39
setting label 3 L1 Ar38
setting label 4 L2 Ar37
setting label 5 CDD Ar36
Close O ===>> OK
GetIndicatorState O ===>> False
change switch state (True, True)
update switch state O False args=() kw={} ncanvase=8
10:57:56 -- CLOSE  VALVE-O (Jan Ion Pump)
waiting 3s before opening inlet value ('R',)
checking ownership. requestor=129.138.12.150
check software interlocks R
interlocks []
actuate state mode=None-script, software_lock=False
doing actuation None-script open_channel True
Open R ===>> OK
GetIndicatorState R ===>> OK
change switch state (True, True)
update switch state R True args=() kw={} ncanvase=8
10:57:59 -- OPEN   VALVE-R (Jan Inlet)
equilibrating for 12.0sec
set_time_zero () {}
sniff (12.0,) {}
py_sniff
build tables- sniff [Detector(H2), Detector(H1), Detector(AX), Detector(L1), Detector(L2), Detector(CDD)]
add group /sniff/PM41 (Group) '' table H2
add group /sniff/Ar40 (Group) '' table H1
add group /sniff/Ar39 (Group) '' table AX
add group /sniff/Ar38 (Group) '' table L1
add group /sniff/Ar37 (Group) '' table L2
add group /sniff/Ar36 (Group) '' table CDD
flush and close file /Users/jan/PychronDev/data/isotopes/f1/c80c2e-23d3-4f77-84f0-c5cfb23076fa.h5
measuring sniff. ncounts=12.0
"sniff" increment series count="1" fit count="0" regressing="False"
starting measurement
check iteration duration=4.6968460083e-05
GetData ===>> H2,-0.221943552310509,H1,-0.0182635807221885,AX,-0.0973626308773859,L1,-0.0157269647589064,L2,-0....
check iteration duration=1.50203704834e-05
GetData ===>> H2,0.64626657230372,H1,22.8625994442738,AX,1.2646816754622,L1,0.15151832667017,L2,0.3948078441290...
check iteration duration=1.90734863281e-05
GetData ===>> H2,1.0401484475377,H1,57.3240697619076,AX,0.971478624519939,L1,0.360529064477802,L2,0.19198010326...
check iteration duration=1.78813934326e-05
GetData ===>> H2,0.601479536973461,H1,69.1816607782125,AX,0.637389562678441,L1,0.425382663517299,L2,0.194102322...
check iteration duration=5.19752502441e-05
GetData ===>> H2,0.274358726244135,H1,73.0062676339465,AX,0.453440721332542,L1,0.458673732456287,L2,0.072744599...
check iteration duration=4.19616699219e-05
GetData ===>> H2,0.267741830645548,H1,74.5707840096179,AX,0.385121267511498,L1,0.443735344503091,L2,0.163608503...
check iteration duration=3.31401824951e-05
GetData ===>> H2,0.200960011942672,H1,75.1400367223334,AX,0.372253658068833,L1,0.447596685477741,L2,0.111587231...
check iteration duration=4.19616699219e-05
GetData ===>> H2,0.141786220243488,H1,75.3875665188761,AX,0.490776897384152,L1,0.462189852363978,L2,0.184643978...
check iteration duration=4.98294830322e-05
GetData ===>> H2,0.198794261718525,H1,75.624980519682,AX,0.357818848619917,L1,0.485578688549516,L2,0.1905653168...
check iteration duration=3.2901763916e-05
GetData ===>> H2,0.250800692649155,H1,75.7282021755685,AX,0.363397265637917,L1,0.46534987399521,L2,0.1485876223...
check iteration duration=3.09944152832e-05
GetData ===>> H2,0.155010672670138,H1,75.6200514815648,AX,0.469049968671048,L1,0.455657563134746,L2,0.144983874...
Equilibration Finished
check iteration duration=4.19616699219e-05
10:58:11 -- ******* Equilibration Finished *******
checking ownership. requestor=129.138.12.150
GetData ===>> H2,0.179422097998075,H1,75.7035567391041,AX,0.373869280960065,L1,0.461517475749145,L2,0.192995567...
check software interlocks R
interlocks []
actuate state mode=None-script, software_lock=False
doing actuation None-script close_channel True
Close R ===>> OK
State checksums do not match. Local:-1449001502 Remote:-598318598
State checksum failed
GetIndicatorState R ===>> False
change switch state (True, True)
update switch state R False args=() kw={} ncanvase=8
10:58:12 -- CLOSE  VALVE-R (Jan Inlet)
Post Equilibration Started jan_pump_extraction_line.py
10:58:12 -- ******* Post Equilibration Started jan_pump_extraction_line.py *******
testing...
no interpolation path defined
calculate duration
testing...
no interpolation path defined
executed snippet estimated_duration=4.0, duration=0.000345945358276
executed snippet estimated_duration=4.0, duration=0.00196504592896
Pump after analysis
doing GOSUB
testing...
no interpolation path defined
executed snippet estimated_duration=4.0, duration=0.000128030776978
Pump Microbone
close () {'description': 'Jan Inlet'}
closing name=--- desc=Jan Inlet
checking ownership. requestor=129.138.12.150
check software interlocks R
interlocks []
actuate state mode=None-script, software_lock=False
doing actuation None-script close_channel False
check iteration duration=1.59740447998e-05
waiting for write to finish
measurement finished
estimated time: 12.583 actual time: :12.734
flush and close file /Users/jan/PychronDev/data/isotopes/f1/c80c2e-23d3-4f77-84f0-c5cfb23076fa.h5
set_fits () {}
using default fits file=/Users/jan/PychronDev/scripts/measurement/fits/nominal_linear.yaml
set "Ar40" to "('Linear', 'SEM')"
No fit for "PM41". defaulting to linear. check the measurement script "jan_unknown120_60.py"
set "PM41" to "linear"
set "Ar36" to "('Linear', 'SEM')"
set "Ar37" to "('linear', 'SEM')"
set "Ar38" to "('linear', 'SEM')"
set "Ar39" to "('Linear', 'SEM')"
set_baseline_fits () {}
using default fits file=/Users/jan/PychronDev/scripts/measurement/fits/nominal_linear.yaml
set "H1" to "('average', 'SEM')"
set "H2" to "('average', 'SEM')"
set "CDD" to "('average', 'SEM')"
set "L2" to "('average', 'SEM')"
set "L1" to "('average', 'SEM')"
set "AX" to "('average', 'SEM')"
multicollect () {'integration_time': 1, 'ncounts': 120}
build tables- signal [Detector(H2), Detector(H1), Detector(AX), Detector(L1), Detector(L2), Detector(CDD)]
add group /signal/PM41 (Group) '' table H2
add group /signal/Ar40 (Group) '' table H1
add group /signal/Ar39 (Group) '' table AX
add group /signal/Ar38 (Group) '' table L1
add group /signal/Ar37 (Group) '' table L2
add group /signal/Ar36 (Group) '' table CDD
flush and close file /Users/jan/PychronDev/data/isotopes/f1/c80c2e-23d3-4f77-84f0-c5cfb23076fa.h5
measuring signal. ncounts=120
Close R ===>> OK
GetIndicatorState R ===>> False
change switch state (True, True)
update switch state R False args=() kw={} ncanvase=8
10:58:12 -- CLOSE  VALVE-R (Jan Inlet)
---------------------------------------- close None (Jan Inlet) result=[(True, True)]
action=close, ok=True, locked=[False]
is_closed ('F',) {}
is F () closed?
is closed True
open () {'description': 'CO2 Laser to Jan'}
opening name=--- desc=CO2 Laser to Jan
checking ownership. requestor=129.138.12.150
check software interlocks A
interlocks []
actuate state mode=None-script, software_lock=False
doing actuation None-script open_channel False
Open A ===>> OK
GetIndicatorState A ===>> OK
change switch state (True, True)
update switch state A True args=() kw={} ncanvase=8
10:58:13 -- OPEN   VALVE-A (CO2 Laser to Jan)
---------------------------------------- open None (CO2 Laser to Jan) result=[(True, True)], time=0.14 sec
starting measurement
check iteration duration=6.19888305664e-05
GetData ===>> H2,0.142285742631542,H1,75.8508218046548,AX,0.492695237462989,L1,0.461665934693498,L2,0.223772671...
"signal" increment series count="2" fit count="1" regressing="True"
action=open, ok=True, locked=[False]
sleep (1,) {}
SLEEP 1.0
check iteration duration=6.91413879395e-05
GetData ===>> H2,0.176104735753725,H1,75.7864874860477,AX,0.356889143473206,L1,0.452118342904447,L2,0.069767598...
close () {'description': 'CO2 Laser to Roughing'}
closing name=--- desc=CO2 Laser to Roughing
checking ownership. requestor=129.138.12.150
check software interlocks G
interlocks []
actuate state mode=None-script, software_lock=True
VALVE-G(CO2 Laser to Roughing) software locked
change switch state (True, False)
---------------------------------------- close None (CO2 Laser to Roughing) result=[(True, False)]
action=close, ok=True, locked=[True]
open () {'description': 'Microbone to Turbo'}
opening name=--- desc=Microbone to Turbo
checking ownership. requestor=129.138.12.150
check software interlocks U
interlocks []
actuate state mode=None-script, software_lock=False
doing actuation None-script open_channel True
Open U ===>> OK
GetIndicatorState U ===>> OK
change switch state (True, True)
update switch state U True args=() kw={} ncanvase=8
10:58:14 -- OPEN   VALVE-U (Microbone to Turbo)
---------------------------------------- open None (Microbone to Turbo) result=[(True, True)], time=0.15 sec
action=open, ok=True, locked=[False]
open () {'description': 'Microbone to Getter NP-10'}
opening name=--- desc=Microbone to Getter NP-10
checking ownership. requestor=129.138.12.150
check software interlocks M
interlocks []
actuate state mode=None-script, software_lock=False
doing actuation None-script open_channel False
Open M ===>> OK
GetIndicatorState M ===>> OK
change switch state (True, True)
update switch state M True args=() kw={} ncanvase=8
10:58:15 -- OPEN   VALVE-M (Microbone to Getter NP-10)
---------------------------------------- open None (Microbone to Getter NP-10) result=[(True, True)], time=0.16 sec
action=open, ok=True, locked=[False]
open () {'description': 'Microbone to Getter D-50'}
opening name=--- desc=Microbone to Getter D-50
checking ownership. requestor=129.138.12.150
check software interlocks K
interlocks []
actuate state mode=None-script, software_lock=False
doing actuation None-script open_channel False
check iteration duration=5.07831573486e-05
GetData ===>> H2,-0.0155376754301446,H1,75.8482233655257,AX,0.197204426904541,L1,0.411680840104347,L2,0.0166762...
Open K ===>> OK
GetIndicatorState K ===>> OK
change switch state (True, True)
update switch state K True args=() kw={} ncanvase=8
10:58:15 -- OPEN   VALVE-K (Microbone to Getter D-50)
---------------------------------------- open None (Microbone to Getter D-50) result=[(True, True)], time=0.42 sec
action=open, ok=True, locked=[False]
open () {'description': 'Microbone to CO2 Laser'}
opening name=--- desc=Microbone to CO2 Laser
checking ownership. requestor=129.138.12.150
check software interlocks T
interlocks []
actuate state mode=None-script, software_lock=False
doing actuation None-script open_channel False
Open T ===>> OK
GetIndicatorState T ===>> OK
change switch state (True, True)
update switch state T True args=() kw={} ncanvase=8
check iteration duration=6.29425048828e-05
GetData ===>> H2,-0.069591443581418,H1,75.8065563470399,AX,0.227240934241096,L1,0.368307247895902,L2,0.06632306...
10:58:16 -- OPEN   VALVE-T (Microbone to CO2 Laser)
---------------------------------------- open None (Microbone to CO2 Laser) result=[(True, True)], time=0.44 sec
action=open, ok=True, locked=[False]
open () {'description': 'Microbone to Inlet Pipette'}
opening name=--- desc=Microbone to Inlet Pipette
checking ownership. requestor=129.138.12.150
check software interlocks S
interlocks []
actuate state mode=None-script, software_lock=False
doing actuation None-script open_channel False
Open S ===>> OK
GetIndicatorState S ===>> OK
change switch state (True, True)
update switch state S True args=() kw={} ncanvase=8
10:58:17 -- OPEN   VALVE-S (Microbone to Inlet Pipette)
---------------------------------------- open None (Microbone to Inlet Pipette) result=[(True, True)], time=0.44 sec
action=open, ok=True, locked=[False]
sleep (1,) {}
SLEEP 1.0
testing H1>-5.0
evaluate ot="H1.bs>-5.0" t="H1>-5.0", ctx="{'H1': None}"
check iteration duration=0.000755071640015
GetData ===>> H2,-0.0688563740540521,H1,75.6703359375508,AX,0.0603570837848897,L1,0.353116963047726,L2,0.115109...
set_resource () {'name': 'CO2PumpTimeFlag', 'value': 30}
Set CO2PumpTimeFlag 30 ===>> OK
release ('JanCO2Flag',) {}
release JanCO2Flag
Set JanCO2Flag 0 ===>> OK
executed snippet estimated_duration=6.0, duration=6.10161304474
PumpMicrobone.py completed successfully
gosub finished
get_resource_value () {'name': 'JanMiniboneFlag'}
Read JanMiniboneFlag ===>> 0
Get Resource Value JanMiniboneFlag=0.0
get resource value 0.0
get_resource_value () {'name': 'JanMiniboneFlag'}
Read JanMiniboneFlag ===>> 0
Get Resource Value JanMiniboneFlag=0.0
executed snippet estimated_duration=4.0, duration=6.11916399002
jan_pump_extraction_line.py completed successfully
Post Equilibration Finished
10:58:18 -- ******* Post Equilibration Finished *******
check iteration duration=3.79085540771e-05
GetData ===>> H2,-0.132479473905076,H1,75.7629335722819,AX,0.0491769310735963,L1,0.409320247175167,L2,0.1087258...
check iteration duration=5.88893890381e-05
GetData ===>> H2,-0.0782053052428379,H1,75.7054308871316,AX,0.188181345242657,L1,0.37519627687176,L2,0.11711642...
check iteration duration=8.01086425781e-05
GetData ===>> H2,-0.116853626600858,H1,75.7051514073017,AX,0.109424546469439,L1,0.341691726940734,L2,0.04866890...
check iteration duration=7.20024108887e-05
GetData ===>> H2,-0.108842450633739,H1,75.7239764611296,AX,0.145829319142502,L1,0.319012303207434,L2,0.02742665...
testing H1>-5.0
evaluate ot="H1.bs>-5.0" t="H1>-5.0", ctx="{'H1': None}"
check iteration duration=0.00101900100708
GetData ===>> H2,-0.209669124413586,H1,75.6793430635059,AX,0.11747721958232,L1,0.329192694358759,L2,0.010976557...
check iteration duration=3.50475311279e-05
GetData ===>> H2,-0.183591263942026,H1,75.6690375135182,AX,0.141116937097906,L1,0.333140622137082,L2,0.09396434...
check iteration duration=5.29289245605e-05
GetData ===>> H2,-0.179528675905057,H1,75.782868606609,AX,0.0977992390178146,L1,0.321567030336224,L2,0.01918415...
check iteration duration=3.31401824951e-05
GetData ===>> H2,-0.159049542005129,H1,75.704608889248,AX,0.164472158617893,L1,0.348728174938282,L2,0.002781064...
check iteration duration=4.10079956055e-05
GetData ===>> H2,-0.170574157511416,H1,75.7823257828788,AX,0.162324451700473,L1,0.346919491476109,L2,0.01243563...
testing H1>-5.0
evaluate ot="H1.bs>-5.0" t="H1>-5.0", ctx="{'H1': None}"
check iteration duration=0.00855898857117
GetData ===>> H2,-0.122006446987135,H1,75.8504106559653,AX,0.155463716004911,L1,0.344569412336114,L2,0.05166805...
check iteration duration=3.50475311279e-05
GetData ===>> H2,-0.135435719668156,H1,75.7714533087996,AX,0.00979195591718441,L1,0.34555647751661,L2,0.0027924...
check iteration duration=4.81605529785e-05
GetData ===>> H2,-0.189199044688611,H1,75.7204907551977,AX,0.169278549960344,L1,0.338853603817918,L2,0.06405338...
check iteration duration=5.10215759277e-05
GetData ===>> H2,-0.202478270592406,H1,75.5825416038454,AX,0.119426669941788,L1,0.341416077603034,L2,-0.0230318...
check iteration duration=9.20295715332e-05
GetData ===>> H2,-0.242664099183016,H1,75.6417405671019,AX,0.154059124120286,L1,0.332841760619296,L2,0.15547617...
testing H1>-5.0
evaluate ot="H1.bs>-5.0" t="H1>-5.0", ctx="{'H1': None}"
check iteration duration=0.000553131103516
GetData ===>> H2,-0.115905057999985,H1,75.8555089862813,AX,0.168164003314031,L1,0.329308537095716,L2,0.07080554...
check iteration duration=3.69548797607e-05
GetData ===>> H2,-0.129361632987136,H1,75.8334395067618,AX,0.0186910562966202,L1,0.329895087290007,L2,0.1078708...
check iteration duration=3.81469726562e-05
GetData ===>> H2,-0.173770137776082,H1,75.7686407507416,AX,0.0526918009218338,L1,0.33319185641623,L2,0.10164688...
check iteration duration=4.29153442383e-05
GetData ===>> H2,-0.157490787569132,H1,75.7077982684021,AX,0.0960706441470457,L1,0.307059870035149,L2,0.2135581...
check iteration duration=5.79357147217e-05
GetData ===>> H2,-0.131703095036088,H1,75.7144896282096,AX,0.101163706269109,L1,0.332756373216794,L2,-0.0428797...
testing H1>-5.0
evaluate ot="H1.bs>-5.0" t="H1>-5.0", ctx="{'H1': None}"
check iteration duration=0.000672101974487
10:58:38 -- collecting point 25
GetData ===>> H2,-0.0141122437065337,H1,75.7960182618636,AX,0.146781108704503,L1,0.323708127171064,L2,0.0811994...
check iteration duration=4.10079956055e-05
GetData ===>> H2,-0.183919067829853,H1,75.9149101872732,AX,0.0581073012878698,L1,0.31495388035966,L2,0.05642356...
check iteration duration=4.00543212891e-05
GetData ===>> H2,-0.210035552238928,H1,75.8409052397373,AX,0.063175183651096,L1,0.337271904056226,L2,0.06460083...
check iteration duration=3.60012054443e-05
GetData ===>> H2,-0.126671593904207,H1,75.6534245108016,AX,0.136219087025258,L1,0.342809036521823,L2,0.03942116...
check iteration duration=7.9870223999e-05
GetData ===>> H2,-0.0452016595283542,H1,75.7921133870778,AX,0.0860361188962681,L1,0.351639581073696,L2,0.061076...
testing H1>-5.0
evaluate ot="H1.bs>-5.0" t="H1>-5.0", ctx="{'H1': None}"
check iteration duration=0.000720977783203
GetData ===>> H2,-0.0703264656239349,H1,75.7786576663675,AX,0.186102787188807,L1,0.373627904118989,L2,0.0135299...
check iteration duration=3.88622283936e-05
GetData ===>> H2,-0.0822916929955301,H1,75.711365857196,AX,0.234373932336887,L1,0.34694511836364,L2,0.099971261...
check iteration duration=4.98294830322e-05
GetData ===>> H2,-0.062112663765499,H1,75.7159364513829,AX,0.101442150145783,L1,0.318523354109153,L2,0.04228319...
check iteration duration=3.88622283936e-05
GetData ===>> H2,-0.0514268096302248,H1,75.7287941147745,AX,0.16074562708211,L1,0.284798415364144,L2,0.06771454...
check iteration duration=5.10215759277e-05
GetData ===>> H2,-0.0749077557681816,H1,75.7653183875959,AX,0.214683943995116,L1,0.299977639754888,L2,0.0312802...
testing H1>-5.0
evaluate ot="H1.bs>-5.0" t="H1>-5.0", ctx="{'H1': None}"
check iteration duration=0.0315940380096
GetData ===>> H2,-0.167504142169309,H1,75.757769354873,AX,0.148789183043387,L1,0.318474582413631,L2,0.080447297...
check iteration duration=4.00543212891e-05
GetData ===>> H2,-0.123318290755995,H1,75.790484813192,AX,0.145782890621274,L1,0.352241496940497,L2,0.074273056...
check iteration duration=3.88622283936e-05
GetData ===>> H2,-0.184605671548891,H1,75.7743975099366,AX,0.118092220542249,L1,0.308913726490489,L2,0.05791754...
check iteration duration=6.69956207275e-05
GetData ===>> H2,-0.284027799137042,H1,75.8042711089123,AX,0.144157906318812,L1,0.328776890702566,L2,0.10333393...
check iteration duration=0.000357866287231
GetData ===>> H2,-0.148984559205435,H1,75.8836847686307,AX,0.138644768721132,L1,0.321489047787413,L2,0.08396883...
testing H1>-5.0
evaluate ot="H1.bs>-5.0" t="H1>-5.0", ctx="{'H1': None}"
check iteration duration=0.000666856765747
GetData ===>> H2,-0.180820065008387,H1,75.7451556619353,AX,0.163009390926628,L1,0.315637689216191,L2,0.10561377...
check iteration duration=3.50475311279e-05
GetData ===>> H2,-0.146736998854676,H1,75.7274786977658,AX,0.108380300453186,L1,0.307835720435684,L2,0.08506293...
check iteration duration=4.31537628174e-05
GetData ===>> H2,-0.0906099440870554,H1,75.8247080715246,AX,0.137878757449345,L1,0.340071776805281,L2,0.0601186...
check iteration duration=8.10623168945e-05
GetData ===>> H2,-0.131896518433687,H1,75.8543906267334,AX,0.204904319470176,L1,0.345294145598402,L2,0.05397165...
check iteration duration=3.88622283936e-05
GetData ===>> H2,-0.188447995172768,H1,75.7316223038133,AX,0.248917725831149,L1,0.349483718251668,L2,-0.0480517...
testing H1>-5.0
evaluate ot="H1.bs>-5.0" t="H1>-5.0", ctx="{'H1': None}"
check iteration duration=0.000687837600708
GetData ===>> H2,-0.237653508833831,H1,75.7759272034819,AX,0.274343428134611,L1,0.311063987588264,L2,0.10040441...
check iteration duration=6.91413879395e-05
GetData ===>> H2,-0.270534656858271,H1,75.788148912486,AX,0.156949587314564,L1,0.311247968601394,L2,0.004878314...
check iteration duration=3.91006469727e-05
GetData ===>> H2,-0.171922002498834,H1,75.7027676317623,AX,0.205903143480339,L1,0.33695217653955,L2,-0.00569865...
check iteration duration=4.10079956055e-05
GetData ===>> H2,-0.163692117145749,H1,75.6467854115273,AX,0.206019286471566,L1,0.306163513366624,L2,0.02315140...
check iteration duration=4.10079956055e-05
GetData ===>> H2,-0.142889178887817,H1,75.7077489475446,AX,0.161302856378706,L1,0.308653045680761,L2,0.04964960...
testing H1>-5.0
evaluate ot="H1.bs>-5.0" t="H1>-5.0", ctx="{'H1': None}"
check iteration duration=0.002690076828
10:59:05 -- collecting point 50
GetData ===>> H2,-0.278770369634536,H1,75.6761543421747,AX,0.115597429402338,L1,0.323533849267134,L2,0.18940155...
check iteration duration=3.38554382324e-05
GetData ===>> H2,-0.274324825914765,H1,75.6887452895173,AX,0.303538919778749,L1,0.360485074433708,L2,0.06328923...
check iteration duration=7.60555267334e-05
GetData ===>> H2,-0.222840621311817,H1,75.7746935783316,AX,0.111246202432535,L1,0.349741274829561,L2,0.06076872...
check iteration duration=4.19616699219e-05
GetData ===>> H2,-0.187494616378309,H1,75.6599981912773,AX,0.166956592169064,L1,0.31111881602077,L2,0.160574483...
check iteration duration=5.69820404053e-05
GetData ===>> H2,-0.149740849524764,H1,75.6643534271338,AX,0.14319453556704,L1,0.330529233422611,L2,0.006143525...
testing H1>-5.0
evaluate ot="H1.bs>-5.0" t="H1>-5.0", ctx="{'H1': None}"
check iteration duration=0.00340223312378
GetData ===>> H2,-0.191153966810942,H1,75.6761214691428,AX,0.169243720184637,L1,0.349015006306767,L2,0.04011670...
check iteration duration=3.60012054443e-05
GetData ===>> H2,-0.220821442352588,H1,75.6847673464544,AX,0.197738638118276,L1,0.306240236473302,L2,0.01236723...
check iteration duration=3.88622283936e-05
GetData ===>> H2,-0.141513482640203,H1,75.633754643421,AX,0.27527234648655,L1,0.294829344624015,L2,0.0860886641...
check iteration duration=7.89165496826e-05
GetData ===>> H2,-0.213156443260813,H1,75.751996843811,AX,0.141093723957484,L1,0.327411320123832,L2,0.079900273...
check iteration duration=7.58171081543e-05
GetData ===>> H2,-0.200176932649201,H1,75.7263441606695,AX,0.162452151868973,L1,0.342688273388242,L2,-0.0219037...
testing H1>-5.0
evaluate ot="H1.bs>-5.0" t="H1>-5.0", ctx="{'H1': None}"
check iteration duration=0.00205111503601
GetData ===>> H2,-0.256803830125462,H1,75.6314706885577,AX,0.201977591789339,L1,0.353736061636063,L2,0.04170165...
check iteration duration=5.29289245605e-05
GetData ===>> H2,-0.14783247003799,H1,75.6720617099302,AX,0.160803671651838,L1,0.330662165189212,L2,0.140570607...
check iteration duration=4.19616699219e-05
GetData ===>> H2,-0.177847085445165,H1,75.6321115066085,AX,0.125623396283682,L1,0.294590688387257,L2,0.01186567...
check iteration duration=8.60691070557e-05
GetData ===>> H2,-0.25239286545043,H1,75.6325387202965,AX,0.149973153785601,L1,0.30422005336815,L2,0.1587609605...
check iteration duration=7.48634338379e-05
GetData ===>> H2,-0.251693621018773,H1,75.6045425908771,AX,0.149973153785601,L1,0.33384694587031,L2,0.125097272...
testing H1>-5.0
evaluate ot="H1.bs>-5.0" t="H1>-5.0", ctx="{'H1': None}"
check iteration duration=0.00053882598877
GetData ===>> H2,-0.201778616321021,H1,75.6914247125168,AX,0.188413589119985,L1,0.321361108955816,L2,-0.0390859...
check iteration duration=4.00543212891e-05
GetData ===>> H2,-0.177598739527969,H1,75.5927656253213,AX,0.215253097259071,L1,0.358874680007283,L2,-0.0517654...
check iteration duration=8.01086425781e-05
GetData ===>> H2,-0.172229596294622,H1,75.6787677732799,AX,0.195172128400192,L1,0.337835722705746,L2,0.11384447...
check iteration duration=8.70227813721e-05
GetData ===>> H2,-0.153595665983461,H1,75.7825725206733,AX,0.247083616587009,L1,0.323953096236442,L2,0.09744078...
check iteration duration=8.01086425781e-05
GetData ===>> H2,-0.0804464967849749,H1,75.7795459008806,AX,0.258599608607603,L1,0.330975598298764,L2,0.0570165...
testing H1>-5.0
evaluate ot="H1.bs>-5.0" t="H1>-5.0", ctx="{'H1': None}"
check iteration duration=0.000913858413696
GetData ===>> H2,-0.0948718242825519,H1,75.6227460005732,AX,0.201292378563854,L1,0.356027173828322,L2,0.0558989...
check iteration duration=8.01086425781e-05
GetData ===>> H2,-0.0884350379553445,H1,75.6198378938954,AX,0.293492547138651,L1,0.326416519143213,L2,0.1125448...
check iteration duration=9.48905944824e-05
GetData ===>> H2,-0.143236454999682,H1,75.6294989593846,AX,0.273565465826215,L1,0.327884372161271,L2,0.00613212...
check iteration duration=8.79764556885e-05
GetData ===>> H2,-0.0499773838696707,H1,75.7063679706933,AX,0.222199358000691,L1,0.34332382059871,L2,0.07204881...
check iteration duration=4.91142272949e-05
GetData ===>> H2,-0.192102993445941,H1,75.7265085857575,AX,0.241778824007373,L1,0.361173787728944,L2,0.17852906...
testing H1>-5.0
evaluate ot="H1.bs>-5.0" t="H1>-5.0", ctx="{'H1': None}"
check iteration duration=0.00343894958496
10:59:31 -- collecting point 75
GetData ===>> H2,-0.239657140401566,H1,75.599669734187,AX,0.244344125284982,L1,0.350965672609265,L2,0.172106552...
check iteration duration=3.60012054443e-05
GetData ===>> H2,-0.109828821695294,H1,75.5835935582074,AX,0.249811576389538,L1,0.307358267067835,L2,0.01663060...
check iteration duration=8.60691070557e-05
GetData ===>> H2,-0.170351525038689,H1,75.6858686663149,AX,0.180680165702945,L1,0.274318740872215,L2,0.13856360...
check iteration duration=6.19888305664e-05
GetData ===>> H2,-0.168757888498599,H1,75.5301184205799,AX,0.166898543933341,L1,0.268810025050691,L2,0.04036756...
check iteration duration=8.60691070557e-05
GetData ===>> H2,-0.11927407949699,H1,75.5476508531301,AX,0.147709692849146,L1,0.321729089721579,L2,0.050710144...
testing H1>-5.0
evaluate ot="H1.bs>-5.0" t="H1>-5.0", ctx="{'H1': None}"
check iteration duration=0.00450611114502
GetData ===>> H2,-0.170466215040775,H1,75.5696558141764,AX,0.259644473596119,L1,0.362378836512327,L2,0.05640075...
check iteration duration=9.3936920166e-05
GetData ===>> H2,-0.251942395636692,H1,75.5599100919712,AX,0.321787638698018,L1,0.359354839429217,L2,0.05821406...
check iteration duration=8.70227813721e-05
GetData ===>> H2,-0.115601932353559,H1,75.8277500342831,AX,0.304502961417625,L1,0.315837599193667,L2,0.08204280...
check iteration duration=8.70227813721e-05
GetData ===>> H2,-0.0797649719646437,H1,75.5799939351288,AX,0.19944581097965,L1,0.367055083163532,L2,0.02416605...
check iteration duration=7.48634338379e-05
GetData ===>> H2,-0.141333737898062,H1,75.6054461330592,AX,0.202442145869438,L1,0.380003127448402,L2,0.11514412...
testing H1>-5.0
evaluate ot="H1.bs>-5.0" t="H1>-5.0", ctx="{'H1': None}"
check iteration duration=0.000592947006226
GetData ===>> H2,-0.220110131291947,H1,75.667673359663,AX,0.288371037673289,L1,0.349012565154851,L2,0.096483326...
check iteration duration=5.00679016113e-05
GetData ===>> H2,-0.237712694495935,H1,75.5449066420067,AX,0.259435499702314,L1,0.346478963099838,L2,0.04616018...
check iteration duration=8.58306884766e-05
GetData ===>> H2,-0.262708449612835,H1,75.5714801321405,AX,0.221026125364749,L1,0.334460596549881,L2,-0.0288772...
check iteration duration=6.98566436768e-05
GetData ===>> H2,-0.163180419846053,H1,75.624619050901,AX,0.303004635747228,L1,0.307657890810309,L2,0.122064473...
check iteration duration=7.89165496826e-05
GetData ===>> H2,-0.13371291436249,H1,75.5766902541798,AX,0.229448158001001,L1,0.298232019847485,L2,0.117846077...
testing H1>-5.0
evaluate ot="H1.bs>-5.0" t="H1>-5.0", ctx="{'H1': None}"
check iteration duration=0.000585079193115
GetData ===>> H2,-0.112373954335241,H1,75.6480507597588,AX,0.32626031565079,L1,0.308040350133267,L2,0.124185142...
check iteration duration=7.9870223999e-05
GetData ===>> H2,-0.0182059742951995,H1,75.5638543147758,AX,0.262883626243175,L1,0.299716935079173,L2,0.0937249...
check iteration duration=7.39097595215e-05
GetData ===>> H2,-0.0866284862780232,H1,75.4263169046221,AX,0.280009967780663,L1,0.319302513474802,L2,0.0961185...
check iteration duration=6.69956207275e-05
GetData ===>> H2,-0.0952591887068909,H1,75.5517426226487,AX,0.140385725832459,L1,0.296665722938523,L2,0.0929727...
check iteration duration=9.51290130615e-05
GetData ===>> H2,-0.109891103024633,H1,75.6902904718883,AX,0.245087030571028,L1,0.308822365637153,L2,0.00552801...
testing H1>-5.0
evaluate ot="H1.bs>-5.0" t="H1>-5.0", ctx="{'H1': None}"
check iteration duration=0.00141310691833
GetData ===>> H2,-0.194933424070001,H1,75.6668680221542,AX,0.257241300867623,L1,0.325546147606561,L2,0.03406221...
check iteration duration=7.41481781006e-05
GetData ===>> H2,-0.166331244162008,H1,75.5916149741163,AX,0.283888486029462,L1,0.279102668938652,L2,0.10740349...
check iteration duration=0.000205039978027
GetData ===>> H2,-0.133289610545647,H1,75.4297811688247,AX,0.286547798794067,L1,0.30925481422256,L2,-0.13407012...
check iteration duration=8.98838043213e-05
GetData ===>> H2,-0.165938451406311,H1,75.4824289986076,AX,0.350915999316579,L1,0.317060304387583,L2,0.03609173...
check iteration duration=4.98294830322e-05
GetData ===>> H2,-0.227322205767034,H1,75.427449758689,AX,0.340190824147431,L1,0.321273380395946,L2,0.108486462...
testing H1>-5.0
evaluate ot="H1.bs>-5.0" t="H1>-5.0", ctx="{'H1': None}"
check iteration duration=0.000627994537354
10:59:57 -- collecting point 100
GetData ===>> H2,-0.219150868217636,H1,75.5632462397371,AX,0.210374748575304,L1,0.294926756934881,L2,0.10925024...
check iteration duration=8.98838043213e-05
GetData ===>> H2,-0.134276844114309,H1,75.6094546461301,AX,0.327410465744805,L1,0.338751078835595,L2,0.06984744...
check iteration duration=9.20295715332e-05
GetData ===>> H2,-0.0432725123464837,H1,75.6117546652536,AX,0.320951212793712,L1,0.350405336822079,L2,0.0654220...
check iteration duration=8.29696655273e-05
GetData ===>> H2,-0.053250543964983,H1,75.5533530712632,AX,0.348382752946711,L1,0.340075438866404,L2,0.07640167...
check iteration duration=7.29560852051e-05
GetData ===>> H2,-0.104634526269345,H1,75.5255015341522,AX,0.309172310039394,L1,0.348386428898549,L2,0.03552164...
testing H1>-5.0
evaluate ot="H1.bs>-5.0" t="H1>-5.0", ctx="{'H1': None}"
check iteration duration=0.000572919845581
GetData ===>> H2,-0.247366755267615,H1,75.5728278419942,AX,0.236569699707099,L1,0.344159484914162,L2,0.09611858...
check iteration duration=8.60691070557e-05
GetData ===>> H2,-0.195439313673171,H1,75.6050025752482,AX,0.256347382170167,L1,0.314623571958205,L2,-0.0217100...
check iteration duration=9.01222229004e-05
GetData ===>> H2,-0.131439330543929,H1,75.570789846829,AX,0.304293891337039,L1,0.297882444438935,L2,0.172688325...
check iteration duration=5.81741333008e-05
GetData ===>> H2,-0.149349205478561,H1,75.4613904445844,AX,0.247037183889544,L1,0.327332073853859,L2,0.13314719...
check iteration duration=7.60555267334e-05
GetData ===>> H2,-0.186805490618958,H1,75.4651347766712,AX,0.238076087386939,L1,0.342526038288646,L2,0.01633421...
testing H1>-5.0
evaluate ot="H1.bs>-5.0" t="H1>-5.0", ctx="{'H1': None}"
check iteration duration=0.000602006912231
GetData ===>> H2,-0.270920315396217,H1,75.500152489497,AX,0.285583934694021,L1,0.326444557552334,L2,0.005983948...
check iteration duration=3.48091125488e-05
GetData ===>> H2,-0.0925487151769437,H1,75.5683245703546,AX,0.338238806478984,L1,0.316569010458041,L2,0.0147952...
check iteration duration=8.41617584229e-05
GetData ===>> H2,-0.11795229745613,H1,75.487865712269,AX,0.346872132764309,L1,0.338090793723073,L2,0.0239038389...
check iteration duration=4.31537628174e-05
GetData ===>> H2,-0.211540206720274,H1,75.4122801376775,AX,0.300925601837327,L1,0.358157537211143,L2,0.09450004...
check iteration duration=4.48226928711e-05
GetData ===>> H2,-0.218942029089153,H1,75.4186170273599,AX,0.235965568301709,L1,0.362129757064919,L2,0.08420817...
testing H1>-5.0
evaluate ot="H1.bs>-5.0" t="H1>-5.0", ctx="{'H1': None}"
check iteration duration=0.00293207168579
GetData ===>> H2,-0.221958369343803,H1,75.4768282580188,AX,0.27949903676025,L1,0.347767653471501,L2,0.123432641...
check iteration duration=5.10215759277e-05
GetData ===>> H2,-0.257151955390774,H1,75.3706006932532,AX,0.343223500538789,L1,0.316896943489595,L2,0.10808747...
check iteration duration=7.79628753662e-05
GetData ===>> H2,-0.230855855870341,H1,75.3867945530842,AX,0.328932402379885,L1,0.33910625904906,L2,0.119054571...
check iteration duration=6.31809234619e-05
GetData ===>> H2,-0.151701567333083,H1,75.5166132308819,AX,0.327422083491684,L1,0.36303819367508,L2,0.015490647...
check iteration duration=3.69548797607e-05
GetData ===>> H2,-0.176570205516905,H1,75.4953887694049,AX,0.378135118945201,L1,0.310652174536176,L2,0.03979744...
testing H1>-5.0
evaluate ot="H1.bs>-5.0" t="H1>-5.0", ctx="{'H1': None}"
check iteration duration=0.0165219306946
GetData ===>> H2,-0.180532652589758,H1,75.4698974512986,AX,0.38975960261478,L1,0.290911704290487,L2,0.120627917...
check iteration duration=5.3882598877e-05
waiting for write to finish
measurement finished
estimated time: 125.829 actual time: :126.793
flush and close file /Users/jan/PychronDev/data/isotopes/f1/c80c2e-23d3-4f77-84f0-c5cfb23076fa.h5
baselines () {'settling_time': 15.0, 'detector': 'H1', 'mass': 34.2, 'ncounts': 60}
%%%%%%%%%%%%%%%%%%%%%%%%%%%%%%%% Baseline
build tables- baseline [Detector(H2), Detector(H1), Detector(AX), Detector(L1), Detector(L2), Detector(CDD)]
add group baseline table H2
add group baseline table H1
add group baseline table AX
add group baseline table L1
add group baseline table L2
add group baseline table CDD
flush and close file /Users/jan/PychronDev/data/isotopes/f1/c80c2e-23d3-4f77-84f0-c5cfb23076fa.h5
detector Detector(H1)
POSITION 34.2 H1
Mapping mass to dac mass func: "parabolic"
H1 map mass coeffs = [-0.00063987  0.15840543  0.57270999]
H1 map mass to dac 34.2 >> 5.24175599104
GetDeflection H1 ===>> 0
GetHighVoltage ===>> 4499.94659342336
positioning 34.2 (5.24172512283) on H1
setting magnet DAC
current  : 5.881065
requested: 5.241725
Delta Dac: 0.639340
Checking detector protection. dv=0.63934
Checking detector "CDD". Protection Threshold: 0.1 (V)
ProtectDetector CDD,On ===>> OK
GetDeflection CDD ===>> 2000
Protected = 2000
SetMagnetDAC 5.24172512283 ===>> OK
Magnet settling time: 0.500
GetMagnetMoving ===>> True
GetMagnetMoving ===>> True
GetMagnetMoving ===>> True
GetMagnetMoving ===>> True
GetMagnetMoving ===>> True
GetMagnetMoving ===>> True
GetMagnetMoving ===>> True
GetMagnetMoving ===>> False
ProtectDetector CDD,Off ===>> OK
GetDeflection CDD ===>> 50
Delaying 15.0s for detectors to settle
Join finished
measuring baseline. ncounts=60
"baseline" increment series count="2" fit count="1" regressing="True"
starting measurement
check iteration duration=3.79085540771e-05
GetData ===>> H2,-0.144797039329016,H1,0.0145990646045703,AX,-0.111975489112845,L1,-0.0465102159152181,L2,0.122...
check iteration duration=7.00950622559e-05
GetData ===>> H2,-0.149793517864522,H1,0.00835970005932403,AX,-0.164622027856191,L1,-0.0338656642158436,L2,-0.0...
check iteration duration=6.00814819336e-05
GetData ===>> H2,-0.197307356506445,H1,-0.111127192327909,AX,-0.143637903075413,L1,-0.0468752852571797,L2,0.052...
check iteration duration=3.81469726562e-05
GetData ===>> H2,-0.137361057464588,H1,0.0466490421803691,AX,-0.0526528937218709,L1,-0.0495680099200064,L2,0.04...
testing H1>-5.0
evaluate ot="H1.bs>-5.0" t="H1>-5.0", ctx="{'H1': None}"
check iteration duration=0.000717163085938
GetData ===>> H2,-0.184924004134044,H1,-0.0213166943541008,AX,-0.0520151937943878,L1,-0.0154486856347047,L2,0.0...
check iteration duration=3.19480895996e-05
GetData ===>> H2,-0.188945554193905,H1,0.0164005596048568,AX,-0.0376136572299432,L1,-0.0622601172466566,L2,-0.0...
check iteration duration=3.79085540771e-05
GetData ===>> H2,-0.324774238516909,H1,-0.00798248987152734,AX,-0.137283805533977,L1,-0.0621692003255247,L2,-0....
check iteration duration=3.81469726562e-05
GetData ===>> H2,-0.253175429961556,H1,-0.0791055382206583,AX,-0.0013452764117407,L1,-0.0613712493911335,L2,-0....
check iteration duration=8.79764556885e-05
GetData ===>> H2,-0.189095222140516,H1,-0.0165103835354728,AX,-0.0790615948848908,L1,-0.0325401644227688,L2,0.0...
testing H1>-5.0
evaluate ot="H1.bs>-5.0" t="H1>-5.0", ctx="{'H1': None}"
check iteration duration=0.000585079193115
GetData ===>> H2,-0.32486543762398,H1,-0.0259558176564532,AX,-0.0807307363910602,L1,-0.0199266055103528,L2,0.01...
check iteration duration=7.20024108887e-05
GetData ===>> H2,-0.273119795079525,H1,-0.0666730836399897,AX,0.0306196793242246,L1,-0.0529227332785773,L2,0.07...
check iteration duration=3.60012054443e-05
GetData ===>> H2,-0.201484721659114,H1,-0.0395380296537294,AX,-0.058693443941257,L1,-0.02153068856067,L2,-0.002...
check iteration duration=6.103515625e-05
GetData ===>> H2,-0.282658733490272,H1,-0.0595085228577428,AX,0.0142936155803711,L1,-0.0133896760890402,L2,-0.1...
check iteration duration=8.70227813721e-05
GetData ===>> H2,-0.278026433992766,H1,-0.0687353330139693,AX,-0.140518881514619,L1,0.0051454912653639,L2,-0.07...
testing H1>-5.0
evaluate ot="H1.bs>-5.0" t="H1>-5.0", ctx="{'H1': None}"
check iteration duration=0.00169610977173
GetData ===>> H2,-0.134483746563106,H1,-0.0944562367090949,AX,-0.0987417334983803,L1,-0.0165029870052538,L2,-0....
check iteration duration=6.29425048828e-05
GetData ===>> H2,-0.235190303182187,H1,0.0107456444033317,AX,-0.0240914343251221,L1,-0.0181160102137432,L2,0.01...
check iteration duration=7.29560852051e-05
GetData ===>> H2,-0.184802607170201,H1,-0.0170947860098412,AX,0.0216846783931736,L1,0.00153632512577223,L2,-0.0...
check iteration duration=3.60012054443e-05
GetData ===>> H2,-0.223745699851136,H1,0.00633169207839863,AX,-0.198395800139962,L1,0.0084269242426212,L2,-0.06...
check iteration duration=8.29696655273e-05
GetData ===>> H2,-0.230166712584876,H1,-0.0116203515558187,AX,-0.129563631785122,L1,0.0103554897086054,L2,0.026...
testing H1>-5.0
evaluate ot="H1.bs>-5.0" t="H1>-5.0", ctx="{'H1': None}"
check iteration duration=0.000606060028076
GetData ===>> H2,-0.242436653571075,H1,0.0215308223169732,AX,-0.0433884423354629,L1,0.0117802490081678,L2,0.017...
check iteration duration=3.31401824951e-05
GetData ===>> H2,-0.174601962719523,H1,0.0230699523988022,AX,-0.0650814106011365,L1,-0.0344303146528544,L2,-0.0...
check iteration duration=8.51154327393e-05
GetData ===>> H2,-0.116306957652365,H1,-0.0449155515317877,AX,-0.0352595802503266,L1,-0.0230014726537239,L2,-0....
check iteration duration=4.60147857666e-05
GetData ===>> H2,-0.155654856433976,H1,-0.0747191917702448,AX,-0.152832057527665,L1,-0.00470352559284885,L2,0.0...
check iteration duration=8.58306884766e-05
GetData ===>> H2,-0.0970549785492191,H1,-0.0665419565201607,AX,-0.0830025774318676,L1,-0.0114610005147953,L2,-0...
testing H1>-5.0
evaluate ot="H1.bs>-5.0" t="H1>-5.0", ctx="{'H1': None}"
check iteration duration=0.000588178634644
11:01:03 -- collecting point 25
GetData ===>> H2,-0.131578653065283,H1,-0.0803927990532969,AX,-0.0193013798871172,L1,-0.0014256861210878,L2,0.0...
check iteration duration=8.60691070557e-05
GetData ===>> H2,-0.224336924815422,H1,-0.0653975670899197,AX,-0.0872679316051149,L1,-0.0292777567319821,L2,0.0...
check iteration duration=7.89165496826e-05
GetData ===>> H2,-0.221019469852211,H1,-0.0108450806434622,AX,0.00706553646752015,L1,-0.0498480118542151,L2,0.0...
check iteration duration=7.91549682617e-05
GetData ===>> H2,-0.194188146004224,H1,-0.0400984500772637,AX,-0.123492721890914,L1,-0.0548895865095165,L2,-0.0...
check iteration duration=8.48770141602e-05
GetData ===>> H2,-0.154011857993732,H1,-0.0281739343039209,AX,-0.216344208661553,L1,-0.0774423894886718,L2,-0.0...
testing H1>-5.0
evaluate ot="H1.bs>-5.0" t="H1>-5.0", ctx="{'H1': None}"
check iteration duration=0.000620126724243
GetData ===>> H2,-0.333689477153683,H1,-0.0344344822359897,AX,-0.117525714161295,L1,-0.0407427545276811,L2,-0.0...
check iteration duration=5.48362731934e-05
GetData ===>> H2,-0.184624555935057,H1,-0.00397472525179836,AX,-0.130293505743339,L1,-0.0404816617734221,L2,0.0...
check iteration duration=4.29153442383e-05
GetData ===>> H2,-0.171464643648769,H1,-0.0125983770640435,AX,0.0063810431512155,L1,-0.0298095870243692,L2,-0.0...
check iteration duration=3.88622283936e-05
GetData ===>> H2,-0.203115875427799,H1,-0.00760080491641875,AX,-0.0409069501604361,L1,-0.0189338161217899,L2,-0...
check iteration duration=6.91413879395e-05
GetData ===>> H2,-0.198464444232014,H1,-0.0530826318461795,AX,-0.135590855505728,L1,-0.0269189180732084,L2,0.03...
testing H1>-5.0
evaluate ot="H1.bs>-5.0" t="H1>-5.0", ctx="{'H1': None}"
check iteration duration=0.00355911254883
GetData ===>> H2,-0.0866542149685954,H1,-0.0866739175983121,AX,0.0177396142887173,L1,-0.0189242234759137,L2,-0....
check iteration duration=6.19888305664e-05
GetData ===>> H2,-0.0842760963118556,H1,0.00742919717893216,AX,-0.0774967487175542,L1,-0.00409890926562916,L2,0...
check iteration duration=4.6968460083e-05
GetData ===>> H2,-0.155508941866113,H1,-0.0306066508782841,AX,-0.0238478779236648,L1,-0.0236918399198266,L2,-0....
check iteration duration=6.19888305664e-05
GetData ===>> H2,-0.199811533647127,H1,0.0424483119710885,AX,-0.165630543031435,L1,-0.0224980499827012,L2,-0.07...
check iteration duration=3.48091125488e-05
GetData ===>> H2,-0.253242658058733,H1,-0.0232367688968392,AX,-0.10321499064967,L1,0.0102618731524423,L2,-0.000...
testing H1>-5.0
evaluate ot="H1.bs>-5.0" t="H1>-5.0", ctx="{'H1': None}"
check iteration duration=0.00288820266724
GetData ===>> H2,-0.313765400724832,H1,-0.102523943806898,AX,-0.0914751494106073,L1,-0.0053908726709146,L2,-0.0...
check iteration duration=8.51154327393e-05
GetData ===>> H2,-0.293916675155657,H1,-0.0729431435458004,AX,-0.00462819651729921,L1,-0.00977295627517363,L2,0...
check iteration duration=3.38554382324e-05
GetData ===>> H2,-0.328321070757511,H1,-0.033134705449389,AX,-0.159706815710231,L1,-0.028816574811216,L2,0.0797...
check iteration duration=3.81469726562e-05
GetData ===>> H2,-0.239393286650217,H1,0.015481912408233,AX,-0.161318198004157,L1,-0.069135117796747,L2,-0.0015...
check iteration duration=7.9870223999e-05
GetData ===>> H2,-0.198886522534825,H1,0.00834777048044368,AX,-0.0629714571046215,L1,-0.0382477240140624,L2,-0....
testing H1>-5.0
evaluate ot="H1.bs>-5.0" t="H1>-5.0", ctx="{'H1': None}"
check iteration duration=0.000550985336304
GetData ===>> H2,-0.119163147718145,H1,-0.00292504609598048,AX,-0.0129800029217829,L1,-0.0459990965498959,L2,-0...
check iteration duration=9.10758972168e-05
GetData ===>> H2,-0.235908737599726,H1,-0.0249182946083558,AX,-0.0675738791385265,L1,-0.0560854664572506,L2,-0....
check iteration duration=8.70227813721e-05
GetData ===>> H2,-0.294909917361965,H1,-0.0352214948377004,AX,-0.103632175131706,L1,-0.0382345465006245,L2,0.07...
check iteration duration=8.29696655273e-05
GetData ===>> H2,-0.371507053739335,H1,-0.103429583753889,AX,-0.0769635361266914,L1,-0.0431521528193678,L2,0.03...
check iteration duration=3.69548797607e-05
GetData ===>> H2,-0.307213089158119,H1,-0.0753986112781878,AX,-0.0399560812506299,L1,-0.0137408494506137,L2,0.0...
testing H1>-5.0
evaluate ot="H1.bs>-5.0" t="H1>-5.0", ctx="{'H1': None}"
check iteration duration=0.000590085983276
11:01:30 -- collecting point 50
GetData ===>> H2,-0.0885109295365956,H1,-0.141665545232272,AX,-0.087140437316401,L1,-0.0095379503946553,L2,-0.0...
check iteration duration=8.17775726318e-05
GetData ===>> H2,-0.110297277230924,H1,0.0137639454696139,AX,-0.124558634255044,L1,-0.0257051405007076,L2,-0.00...
check iteration duration=6.60419464111e-05
GetData ===>> H2,-0.105458644484998,H1,-0.0533806878646235,AX,-0.0822607576184182,L1,-0.00700889195294023,L2,-0...
check iteration duration=4.00543212891e-05
GetData ===>> H2,-0.147328647483512,H1,-0.0300938773029945,AX,-0.0746335946566895,L1,-0.0327928251087675,L2,-0....
check iteration duration=4.38690185547e-05
GetData ===>> H2,-0.214290364653124,H1,-0.0564208085467087,AX,-0.128416675929093,L1,-0.00293875999913948,L2,0.0...
testing H1>-5.0
evaluate ot="H1.bs>-5.0" t="H1>-5.0", ctx="{'H1': None}"
check iteration duration=0.000679016113281
GetData ===>> H2,-0.202625205971742,H1,-0.0262539544740424,AX,-0.0454988204715115,L1,0.00218093002581675,L2,-0....
check iteration duration=6.69956207275e-05
GetData ===>> H2,-0.263119924479546,H1,-0.0189791625855971,AX,-0.0496498702952165,L1,-0.0204709194608316,L2,0.0...
check iteration duration=3.50475311279e-05
GetData ===>> H2,-0.259225699185262,H1,-0.0478843921379866,AX,-0.0772881006604274,L1,-0.0363631641682903,L2,0.0...
check iteration duration=8.20159912109e-05
GetData ===>> H2,-0.261950005632144,H1,-0.0138507128473851,AX,-0.106239537614635,L1,-0.0429485977704967,L2,0.04...
check iteration duration=3.60012054443e-05
GetData ===>> H2,-0.26506683078871,H1,0.00888460293573274,AX,-0.101581000870047,L1,-0.0372833239886769,L2,-0.14...
testing H1>-5.0
evaluate ot="H1.bs>-5.0" t="H1>-5.0", ctx="{'H1': None}"
check iteration duration=0.00288200378418
GetData ===>> H2,-0.229931155923778,H1,-0.0158305641189792,AX,-0.0292407698622601,L1,-0.00176287770452892,L2,-0...
check iteration duration=4.29153442383e-05
waiting for write to finish
measurement finished
estimated time: 62.915 actual time: :63.236
flush and close file /Users/jan/PychronDev/data/isotopes/f1/c80c2e-23d3-4f77-84f0-c5cfb23076fa.h5
activate_detectors ('H1', 'AX', 'CDD') {'peak_center': True}
peak_center () {'detector': 'H1', 'integration_time': 0.262144, 'isotope': 'Ar40'}
peak center: mean=75.4603210404 threshold=3
peak center started
setup peak center. detector=['H1', 'AX', 'CDD'], isotope=Ar40
VersionedUnpickler [<apptools.sweet_pickle.versioned_unpickler.VersionedUnpickler object at 0x233a830b0>] using Updater [<apptools.sweet_pickle.updater.Updater object at 0x12e273d10>]
VersionedUnpickler [<apptools.sweet_pickle.versioned_unpickler.VersionedUnpickler object at 0x233a830b0>] using Updater [<apptools.sweet_pickle.updater.Updater object at 0x12e273d10>]
VersionedUnpickler [<apptools.sweet_pickle.versioned_unpickler.VersionedUnpickler object at 0x20a11b230>] using Updater [<apptools.sweet_pickle.updater.Updater object at 0x12e273d10>]
setting integration time = 0.524288
SetIntegrationTime 0.524288 ===>> OK
Mapping mass to dac mass func: "parabolic"
H1 map mass coeffs = [-0.00063987  0.15840543  0.57270999]
H1 map mass to dac 39.9624 >> 5.8811
GetDeflection H1 ===>> 0
GetHighVoltage ===>> 4499.94659342336
do peak center. <pychron.spectrometer.jobs.peak_center.PeakCenter object at 0x16275af50>
doing pc
starting peak center. center dac= 5.88106536675 step_width=0.001
width = 0.001
get scan parameters. half-width=0.015,window=0.015, i=0, scalar=1
Scan parameters center=5.88107 width=0.03000 (5.86607 - 5.89607)
GetData ===>> H2,-0.220845690804255,H1,-0.0561466053725866,AX,-0.200331004170816,L1,-0.0138762816365037,L2,0.04...
Moving to starting dac 5.86606536675
setting magnet DAC
current  : 5.241725
requested: 5.866065
Delta Dac: 0.624340
Checking detector protection. dv=0.62434
Checking detector "CDD". Protection Threshold: 0.1 (V)
ProtectDetector CDD,On ===>> OK
GetDeflection CDD ===>> 2000
Protected = 2000
SetMagnetDAC 5.86606536675 ===>> OK
Magnet settling time: 0.500
GetMagnetMoving ===>> True
GetMagnetMoving ===>> True
GetMagnetMoving ===>> True
GetMagnetMoving ===>> True
GetMagnetMoving ===>> True
GetMagnetMoving ===>> True
GetMagnetMoving ===>> True
GetMagnetMoving ===>> True
GetMagnetMoving ===>> False
ProtectDetector CDD,Off ===>> OK
GetDeflection CDD ===>> 50
Wait until signal near baseline. tol= -0.0421099540294. timeout= 10
GetData ===>> H2,0.0389056488735813,H1,0.0246329691787618,AX,-0.0867463630042729,L1,-0.00786637271944751,L2,0.0...
GetData ===>> H2,4.90717225644286,H1,0.959093555408397,AX,-0.0743669808813991,L1,-0.0275766691957528,L2,-0.0743...
GetData ===>> H2,5.17570364347388,H1,1.76248951634868,AX,-0.129158143886447,L1,-0.0319347461159011,L2,-0.079173...
GetData ===>> H2,2.70849414732496,H1,0.857910175807875,AX,-0.219922087844775,L1,-0.0546283789945049,L2,-0.08060...
GetData ===>> H2,1.04459765863038,H1,0.398410610359279,AX,-0.143430300594466,L1,-0.0447517125043866,L2,-0.05696...
GetData ===>> H2,0.276955324395999,H1,0.153785361722991,AX,-0.149662127762257,L1,0.00886517365861522,L2,-0.1111...
GetData ===>> H2,-0.00880071215644718,H1,0.158483608147786,AX,-0.068524478227826,L1,-0.0045991598911041,L2,0.03...
GetData ===>> H2,-0.103809051278357,H1,0.042149971358252,AX,-0.0296582716143023,L1,-0.04296296649744,L2,0.02291...
GetData ===>> H2,-0.0873935514113967,H1,0.122572659777265,AX,-0.104733070036887,L1,-0.0623826624772963,L2,-0.14...
GetData ===>> H2,-0.0914766389950372,H1,0.110080766662102,AX,0.100084127357948,L1,-0.0348581379222679,L2,-0.037...
GetData ===>> H2,-0.162503971857463,H1,0.0588822860409845,AX,0.128068038376935,L1,-0.00722596741542342,L2,0.094...
GetData ===>> H2,-0.257725868191493,H1,0.115277586372265,AX,-0.0331837705480567,L1,0.00168876985955667,L2,0.052...
GetData ===>> H2,-0.172259275955851,H1,0.122691864735081,AX,-0.0666000850764244,L1,-0.0255681111452576,L2,-0.00...
GetData ===>> H2,-0.0812390736877406,H1,0.0677866404221074,AX,-0.0561427774935168,L1,-0.0489696890325099,L2,-0....
GetData ===>> H2,-0.127336728228927,H1,0.10414527953031,AX,-0.0521775178087714,L1,-0.0447110083046147,L2,-0.051...
GetData ===>> H2,-0.178029143478093,H1,0.118233695878556,AX,-0.167706691166111,L1,-0.0373168698906901,L2,-0.068...
GetData ===>> H2,-0.129310271377865,H1,0.0835049184997995,AX,-0.176808775634311,L1,-0.0207713256458053,L2,-0.03...
GetData ===>> H2,-0.154442897896482,H1,-0.0418989284988623,AX,-0.108371728774014,L1,-0.0152820319849061,L2,0.06...
GetData ===>> H2,-0.193643475082243,H1,-0.0490289818605881,AX,0.0530836905862741,L1,-0.0124319772394431,L2,0.03...
Peak center baseline intensity achieved
_do_sweep sm= 5.86606536675, em= 5.89606536675, stm= 0.001
calculated step values: start=5.86606536675, end=5.89606536675, width=0.001, nsteps=31.0
setting magnet DAC
current  : 5.866065
requested: 5.866065
Delta Dac: 0.000000
Checking detector protection. dv=0.00000
Checking detector "CDD". Protection Threshold: 0.1 (V)
SetMagnetDAC 5.86606536675 ===>> OK
GetData ===>> H2,-0.193643475082243,H1,-0.0490289818605881,AX,0.0530836905862741,L1,-0.0124319772394431,L2,0.03...
setting magnet DAC
current  : 5.866065
requested: 5.867100
Delta Dac: 0.001034
Checking detector protection. dv=0.00103
Checking detector "CDD". Protection Threshold: 0.1 (V)
SetMagnetDAC 5.86709984951 ===>> OK
Magnet settling time: 1.049
GetData ===>> H2,-0.170265169447272,H1,0.129629837689227,AX,0.0208724462436611,L1,-0.0365932120203058,L2,-0.026...
setting magnet DAC
current  : 5.867100
requested: 5.868134
Delta Dac: 0.001034
Checking detector protection. dv=0.00103
Checking detector "CDD". Protection Threshold: 0.1 (V)
SetMagnetDAC 5.86813433227 ===>> OK
Magnet settling time: 1.049
GetData ===>> H2,-0.190133878953876,H1,0.547350578987804,AX,-0.156472664393298,L1,-0.0410613264072357,L2,-0.018...
setting magnet DAC
current  : 5.868134
requested: 5.869169
Delta Dac: 0.001034
Checking detector protection. dv=0.00103
Checking detector "CDD". Protection Threshold: 0.1 (V)
SetMagnetDAC 5.86916881503 ===>> OK
Magnet settling time: 1.049
GetData ===>> H2,-0.178700620104512,H1,1.79019894962715,AX,-0.216079249574651,L1,0.00471173328419673,L2,-0.0025...
setting magnet DAC
current  : 5.869169
requested: 5.870203
Delta Dac: 0.001034
Checking detector protection. dv=0.00103
Checking detector "CDD". Protection Threshold: 0.1 (V)
SetMagnetDAC 5.87020329779 ===>> OK
Magnet settling time: 1.049
GetData ===>> H2,-0.100904374173359,H1,6.10507983358313,AX,-0.170717653091031,L1,-0.0323965293570002,L2,0.02131...
setting magnet DAC
current  : 5.870203
requested: 5.871238
Delta Dac: 0.001034
Checking detector protection. dv=0.00103
Checking detector "CDD". Protection Threshold: 0.1 (V)
SetMagnetDAC 5.87123778055 ===>> OK
Magnet settling time: 1.049
GetData ===>> H2,-0.101975458860932,H1,16.1979550774227,AX,-0.0751552281911102,L1,-0.0193435828424288,L2,0.0232...
setting magnet DAC
current  : 5.871238
requested: 5.872272
Delta Dac: 0.001034
Checking detector protection. dv=0.00103
Checking detector "CDD". Protection Threshold: 0.1 (V)
SetMagnetDAC 5.87227226331 ===>> OK
Magnet settling time: 1.049
GetData ===>> H2,-0.178897471166266,H1,32.5370794734276,AX,0.12799847436337,L1,0.0182542705532472,L2,-0.0460826...
setting magnet DAC
current  : 5.872272
requested: 5.873307
Delta Dac: 0.001034
Checking detector protection. dv=0.00103
Checking detector "CDD". Protection Threshold: 0.1 (V)
SetMagnetDAC 5.87330674606 ===>> OK
Magnet settling time: 1.049
GetData ===>> H2,-0.167917124530015,H1,50.6725613616699,AX,0.150400654589301,L1,0.0987316608484661,L2,0.0976573...
setting magnet DAC
current  : 5.873307
requested: 5.874341
Delta Dac: 0.001034
Checking detector protection. dv=0.00103
Checking detector "CDD". Protection Threshold: 0.1 (V)
SetMagnetDAC 5.87434122882 ===>> OK
Magnet settling time: 1.049
GetData ===>> H2,-0.116094507419859,H1,69.0536565616694,AX,0.369057360698734,L1,0.163482804988468,L2,-0.0757831...
setting magnet DAC
current  : 5.874341
requested: 5.875376
Delta Dac: 0.001034
Checking detector protection. dv=0.00103
Checking detector "CDD". Protection Threshold: 0.1 (V)
SetMagnetDAC 5.87537571158 ===>> OK
Magnet settling time: 1.049
GetData ===>> H2,-0.0340320649668521,H1,72.8271636526869,AX,0.470731508737671,L1,0.218047051762601,L2,0.0253503...
setting magnet DAC
current  : 5.875376
requested: 5.876410
Delta Dac: 0.001034
Checking detector protection. dv=0.00103
Checking detector "CDD". Protection Threshold: 0.1 (V)
SetMagnetDAC 5.87641019434 ===>> OK
Magnet settling time: 1.049
GetData ===>> H2,-0.0754716462045735,H1,74.0317506207402,AX,0.420954938892518,L1,0.286521873075426,L2,-0.013298...
setting magnet DAC
current  : 5.876410
requested: 5.877445
Delta Dac: 0.001034
Checking detector protection. dv=0.00103
Checking detector "CDD". Protection Threshold: 0.1 (V)
SetMagnetDAC 5.8774446771 ===>> OK
Magnet settling time: 1.049
GetData ===>> H2,-0.0731508409714487,H1,74.5182090354095,AX,0.420047889308001,L1,0.330948116150223,L2,-0.127143...
setting magnet DAC
current  : 5.877445
requested: 5.878479
Delta Dac: 0.001034
Checking detector protection. dv=0.00103
Checking detector "CDD". Protection Threshold: 0.1 (V)
SetMagnetDAC 5.87847915986 ===>> OK
Magnet settling time: 1.049
GetData ===>> H2,-0.11011720845847,H1,74.3531748368679,AX,0.460652124344277,L1,0.345713879892498,L2,0.025487021...
setting magnet DAC
current  : 5.878479
requested: 5.879514
Delta Dac: 0.001034
Checking detector protection. dv=0.00103
Checking detector "CDD". Protection Threshold: 0.1 (V)
SetMagnetDAC 5.87951364262 ===>> OK
Magnet settling time: 1.049
GetData ===>> H2,-0.210977163401404,H1,74.7186754524981,AX,0.52172499474065,L1,0.337841845972374,L2,0.066795426...
setting magnet DAC
current  : 5.879514
requested: 5.880548
Delta Dac: 0.001034
Checking detector protection. dv=0.00103
Checking detector "CDD". Protection Threshold: 0.1 (V)
SetMagnetDAC 5.88054812537 ===>> OK
Magnet settling time: 1.049
GetData ===>> H2,-0.174830318680938,H1,74.4958367483785,AX,0.43439023294682,L1,0.304324766732401,L2,0.146683092...
setting magnet DAC
current  : 5.880548
requested: 5.881583
Delta Dac: 0.001034
Checking detector protection. dv=0.00103
Checking detector "CDD". Protection Threshold: 0.1 (V)
SetMagnetDAC 5.88158260813 ===>> OK
Magnet settling time: 1.049
GetData ===>> H2,-0.118887166395085,H1,74.4306700237405,AX,0.421350322120064,L1,0.312849108684822,L2,0.09606159...
setting magnet DAC
current  : 5.881583
requested: 5.882617
Delta Dac: 0.001034
Checking detector protection. dv=0.00103
Checking detector "CDD". Protection Threshold: 0.1 (V)
SetMagnetDAC 5.88261709089 ===>> OK
Magnet settling time: 1.049
GetData ===>> H2,-0.22804457691923,H1,74.4492976416399,AX,0.538364625556919,L1,0.333131765810942,L2,0.138198703...
setting magnet DAC
current  : 5.882617
requested: 5.883652
Delta Dac: 0.001034
Checking detector protection. dv=0.00103
Checking detector "CDD". Protection Threshold: 0.1 (V)
SetMagnetDAC 5.88365157365 ===>> OK
Magnet settling time: 1.049
GetData ===>> H2,-0.121936117060266,H1,74.4283458410017,AX,0.425196758623868,L1,0.302756613720194,L2,-0.0588288...
setting magnet DAC
current  : 5.883652
requested: 5.884686
Delta Dac: 0.001034
Checking detector protection. dv=0.00103
Checking detector "CDD". Protection Threshold: 0.1 (V)
SetMagnetDAC 5.88468605641 ===>> OK
Magnet settling time: 1.049
GetData ===>> H2,-0.172955376616797,H1,74.1683840928737,AX,0.380122807452615,L1,0.313073337048615,L2,-0.0294416...
setting magnet DAC
current  : 5.884686
requested: 5.885721
Delta Dac: 0.001034
Checking detector protection. dv=0.00103
Checking detector "CDD". Protection Threshold: 0.1 (V)
SetMagnetDAC 5.88572053917 ===>> OK
Magnet settling time: 1.049
GetData ===>> H2,-0.19360038610406,H1,73.7538126826518,AX,0.408326776466479,L1,0.315016042912035,L2,0.123238816...
setting magnet DAC
current  : 5.885721
requested: 5.886755
Delta Dac: 0.001034
Checking detector protection. dv=0.00103
Checking detector "CDD". Protection Threshold: 0.1 (V)
SetMagnetDAC 5.88675502193 ===>> OK
Magnet settling time: 1.049
GetData ===>> H2,-0.154948234152089,H1,71.5795269587757,AX,0.399583371399725,L1,0.299056336780002,L2,0.04227708...
setting magnet DAC
current  : 5.886755
requested: 5.887790
Delta Dac: 0.001034
Checking detector protection. dv=0.00103
Checking detector "CDD". Protection Threshold: 0.1 (V)
SetMagnetDAC 5.88778950468 ===>> OK
Magnet settling time: 1.049
GetData ===>> H2,-0.0786267480080438,H1,65.1014063166321,AX,0.411396455608112,L1,0.294997310919667,L2,-0.029236...
setting magnet DAC
current  : 5.887790
requested: 5.888824
Delta Dac: 0.001034
Checking detector protection. dv=0.00103
Checking detector "CDD". Protection Threshold: 0.1 (V)
SetMagnetDAC 5.88882398744 ===>> OK
Magnet settling time: 1.049
GetData ===>> H2,-0.184141078545757,H1,50.4093284983597,AX,0.264601930125311,L1,0.227041849068702,L2,-0.0213364...
setting magnet DAC
current  : 5.888824
requested: 5.889858
Delta Dac: 0.001034
Checking detector protection. dv=0.00103
Checking detector "CDD". Protection Threshold: 0.1 (V)
SetMagnetDAC 5.8898584702 ===>> OK
Magnet settling time: 1.049
GetData ===>> H2,-0.237848023524802,H1,31.4120441119995,AX,0.0852028367633858,L1,0.151530414726753,L2,-0.024182...
setting magnet DAC
current  : 5.889858
requested: 5.890893
Delta Dac: 0.001034
Checking detector protection. dv=0.00103
Checking detector "CDD". Protection Threshold: 0.1 (V)
SetMagnetDAC 5.89089295296 ===>> OK
Magnet settling time: 1.049
GetData ===>> H2,-0.141392764117497,H1,15.0787162815841,AX,-8.08006160666958E-05,L1,0.0703362197094837,L2,0.112...
setting magnet DAC
current  : 5.890893
requested: 5.891927
Delta Dac: 0.001034
Checking detector protection. dv=0.00103
Checking detector "CDD". Protection Threshold: 0.1 (V)
SetMagnetDAC 5.89192743572 ===>> OK
Magnet settling time: 1.049
GetData ===>> H2,-0.218806067930897,H1,5.53507965269347,AX,0.0346348948409134,L1,0.0237516944295769,L2,-0.07701...
setting magnet DAC
current  : 5.891927
requested: 5.892962
Delta Dac: 0.001034
Checking detector protection. dv=0.00103
Checking detector "CDD". Protection Threshold: 0.1 (V)
SetMagnetDAC 5.89296191848 ===>> OK
Magnet settling time: 1.049
GetData ===>> H2,-0.315399472672641,H1,1.57032963011832,AX,-0.117734275944017,L1,0.0145877875139868,L2,0.006171...
setting magnet DAC
current  : 5.892962
requested: 5.893996
Delta Dac: 0.001034
Checking detector protection. dv=0.00103
Checking detector "CDD". Protection Threshold: 0.1 (V)
SetMagnetDAC 5.89399640124 ===>> OK
Magnet settling time: 1.049
GetData ===>> H2,-0.188083641993529,H1,0.283103295488663,AX,-0.0216326464817641,L1,0.037472312694805,L2,-0.1526...
setting magnet DAC
current  : 5.893996
requested: 5.895031
Delta Dac: 0.001034
Checking detector protection. dv=0.00103
Checking detector "CDD". Protection Threshold: 0.1 (V)
SetMagnetDAC 5.89503088399 ===>> OK
Magnet settling time: 1.049
GetData ===>> H2,-0.0728254566013067,H1,0.000391058097215646,AX,-0.089342587915179,L1,0.00155913167143653,L2,-0...
setting magnet DAC
current  : 5.895031
requested: 5.896065
Delta Dac: 0.001034
Checking detector protection. dv=0.00103
Checking detector "CDD". Protection Threshold: 0.1 (V)
SetMagnetDAC 5.89606536675 ===>> OK
Magnet settling time: 1.049
GetData ===>> H2,-0.0887393994593975,H1,-0.0265401649834239,AX,-0.113470257286313,L1,0.00660676308216248,L2,0.0...
result of _do_sweep=True
result of _calculate_peak_center=([5.8735244227967005, 5.8810125024041913, 5.888500582011682], [54.540326884721907, 74.714656317554017, 55.002443006676728], 5.8795323006213147, 74.714656317554017)
Failed to find a valid peak. No peak greater than 1.0. max = 0.537426635149
Failed to find a valid peak. No peak greater than 1.0. max = 0.188925319746
new center pos Detector(H1) (Ar40) @ 5.8810125024
GetHighVoltage ===>> 4499.94659342336
GetDeflection H1 ===>> 0
dac uncorrected for HV and deflection 5.88104713534
update mftable H1 Ar40 5.88104713534 message=automated run peakcenter
get initial guess parabolic
get initial guess parabolic
get initial guess parabolic
get initial guess parabolic
get initial guess parabolic
get initial guess parabolic
dump mftable to /Users/jan/PychronDev/setupfiles/spectrometer/mftables/mftable.csv
add to repo msg=modified - automated run peakcenter
locally archiving mftable
setting magnet DAC
current  : 5.896065
requested: 5.881013
Delta Dac: 0.015053
Checking detector protection. dv=0.01505
Checking detector "CDD". Protection Threshold: 0.1 (V)
SetMagnetDAC 5.8810125024 ===>> OK
Magnet settling time: 0.500
sweep finished
setting integration time = 1.048576
SetIntegrationTime 1.048576 ===>> OK
Failed to find a valid peak. No peak greater than 1.0. max = 0.536254147138
Failed to find a valid peak. No peak greater than 1.0. max = 0.188910999616
flush and close file /Users/jan/PychronDev/data/isotopes/f1/c80c2e-23d3-4f77-84f0-c5cfb23076fa.h5
finished measure script
executed snippet estimated_duration=226.132928, duration=272.62725997
jan_unknown120_60.py completed successfully
Measurement Finished
11:02:27 -- ******* Measurement Finished *******
Post Measurement Started jan_pump_ms.py
11:02:27 -- ******* Post Measurement Started jan_pump_ms.py *******
testing...
no interpolation path defined
executed snippet estimated_duration=0, duration=2.90870666504e-05
Pumping spectrometer
open () {'name': 'O'}
opening name=O desc=---
checking ownership. requestor=129.138.12.150
check software interlocks O
interlocks []
actuate state mode=None-script, software_lock=False
doing actuation None-script open_channel True
Open O ===>> OK
GetIndicatorState O ===>> OK
change switch state (True, True)
update switch state O True args=() kw={} ncanvase=8
11:02:27 -- OPEN   VALVE-O (Jan Ion Pump)
---------------------------------------- open O () result=[(True, True)], time=0.12 sec
action=open, ok=True, locked=[False]
executed snippet estimated_duration=0, duration=0.379690885544
jan_pump_ms.py completed successfully
setting _ms_pumptime
Post Measurement Finished
11:02:27 -- ******* Post Measurement Finished *******
$$$$$$$$$$$$$$$$$$$$ state at run end measurement
state changed from measurement to success
post measurement save measured=True aborted=False
Set filtering
setting fod for Ar40= {'filter_outliers': True, 'std_devs': 2, 'iterations': 1}
setting fod for H1= {'filter_outliers': True, 'std_devs': 2, 'iterations': 1}
setting fod for PM41= {'filter_outliers': False, 'std_devs': 2, 'iterations': 1}
setting fod for H2= {'filter_outliers': True, 'std_devs': 2, 'iterations': 1}
setting fod for Ar36= {'filter_outliers': True, 'std_devs': 2, 'iterations': 1}
setting fod for CDD= {'filter_outliers': True, 'std_devs': 10, 'iterations': 1}
setting fod for Ar37= {'filter_outliers': True, 'std_devs': 2, 'iterations': 1}
setting fod for L2= {'filter_outliers': True, 'std_devs': 2, 'iterations': 1}
setting fod for Ar38= {'filter_outliers': True, 'std_devs': 2, 'iterations': 1}
setting fod for L1= {'filter_outliers': True, 'std_devs': 2, 'iterations': 1}
setting fod for Ar39= {'filter_outliers': True, 'std_devs': 2, 'iterations': 1}
setting fod for AX= {'filter_outliers': True, 'std_devs': 2, 'iterations': 1}
persistence save...
persistence save - db
post measurement save
9685315312 connecting to database sqlite:////Users/jan/PychronDev/.appdata/local_lab.db
connected to db sqlite:////Users/jan/PychronDev/.appdata/local_lab.db
create new session 9685315312
close session 9685315312
No database instance. Not saving post measurement to isotopedb database
$$$$$$$$$$$$$$$ auto_save_detector_ic=False
massspec enabled True
create new session 6484677072
MassSpec Database Version: 16.0
close session 6484677072
saving post measurement to secondary database
saving to massspec database 129.138.12.160/massspecdata
setting labnumber to 65475
setting aliquot to 10
setting step to 
setting uuid to f1c80c2e-23d3-4f77-84f0-c5cfb23076fa
setting irradpos to 65475
setting extract_device to Fusions CO2
setting tray to 
setting position to 100
setting power_requested to 5.0
setting extract_value to 5.0
setting duration to 30.0
setting duration_at_request to 30.0
setting first_stage_delay to 30.0
setting cleanup to 30.0
setting comment to P:7
setting irradiation to NM-288
setting level to P
setting irradiation_level to P
setting sample to Goat Mtn
setting material to Sanidine
setting project to IR989
setting mass_spectrometer to Jan
no attribute chron_dosages
no attribute production_ratios
no attribute interference_corrections
no attribute production_name
no attribute j
Reference Isotope=Ar40
Reference Detector=H1
%%%%%%%%%%%%%%%%%%%% Comment: P:7 %%%%%%%%%%%%%%%%%%%
adding isotope PM41 H2
add baseline dbdet= PM41. original det= H2
get baseline data PM41 H2
Get data baseline <pychron.processing.isotope.Baseline object at 0x2372db310> len t=60
baseline PM41. v=-0.206780390614, e=0.00877645173168
get signal data PM41 H2
Get data signal PM41 0.10+/-0.07 len t=120
adding isotope Ar40 H1
add baseline dbdet= Ar40. original det= H1
get baseline data Ar40 H1
Get data baseline <pychron.processing.isotope.Baseline object at 0x2372db510> len t=60
baseline Ar40. v=-0.0296960019364, e=0.0049070218308
get signal data Ar40 H1
Get data signal Ar40 75.887+/-0.015 len t=120
adding isotope Ar39 AX
add baseline dbdet= Ar39. original det= AX
get baseline data Ar39 AX
Get data baseline <pychron.processing.isotope.Baseline object at 0x2372dba10> len t=60
baseline Ar39. v=-0.0742519054166, e=0.00694526594225
get signal data Ar39 AX
Get data signal Ar39 0.140+/-0.011 len t=120
adding isotope Ar38 L1
add baseline dbdet= Ar38. original det= L1
get baseline data Ar38 L1
Get data baseline <pychron.processing.isotope.Baseline object at 0x2372db250> len t=60
baseline Ar38. v=-0.025488727689, e=0.00270881407779
get signal data Ar38 L1
Get data signal Ar38 0.362+/-0.005 len t=120
adding isotope Ar37 L2
add baseline dbdet= Ar37. original det= L2
get baseline data Ar37 L2
Get data baseline <pychron.processing.isotope.Baseline object at 0x2372dbc10> len t=60
baseline Ar37. v=-0.00905141209961, e=0.00701179081293
get signal data Ar37 L2
Get data signal Ar37 0.059+/-0.011 len t=120
adding isotope Ar36 CDD
add baseline dbdet= Ar36. original det= CDD
get baseline data Ar36 CDD
Get data baseline <pychron.processing.isotope.Baseline object at 0x2372db6d0> len t=60
baseline Ar36. v=3.47352626137e-05, e=8.19708576092e-06
get signal data Ar36 CDD
Get data signal Ar36 0.1968+/-0.0011 len t=120
65475-10 added analysis time 0.522867202759s
analysis added to mass spec database
mass spec save time= 0.534
persistence save - dvc
================= post measurement started
create new session 4992585168
close session 4992585168
---------------- Experiment Queue saving disabled
DVC saving peakcenter
Failed to find a valid peak. No peak greater than 1.0. max = 0.536254147138
Failed to find a valid peak. No peak greater than 1.0. max = 0.188910999616
Smart pull ahead: 0 behind: 0
Up-to-date with origin
add to repo msg=modified - ad8224ebc6dbfeb9f5997218dfa5fe690569839d.json
add to repo msg=modified - 75-10.json
add to repo msg=modified - 75-10.dat.json
add to repo msg=modified - 75-10.blan.json
add to repo msg=modified - 75-10.inte.json
add to repo msg=modified - 75-10.icfa.json
add to repo msg=modified - 75-10.base.json
not at valid file /Users/jan/PychronDev/data/.dvc/repositories/Load1795/654/tags/75-10.tags.json
add to repo msg=modified - 75-10.peak.json
add to repo msg=modified - 75-10.extr.json
not at valid file /Users/jan/PychronDev/data/.dvc/repositories/Load1795/654/monitor/75-10.moni.json
commit message=<COLLECTION>
add to repo msg=modified - 75-10.inte.json
add to repo msg=modified - 75-10.base.json
commit message=<ISOEVO> default collection fits
add to repo msg=modified - 75-10.blan.json
commit message=<BLANKS> preceding bc-02-J-398
add to repo msg=modified - 75-10.icfa.json
commit message=<ICFactor> default
push repository <pychron.git_archive.repo_manager.GitRepoManager object at 0x203153b90>
pushing to remote=origin, url=https://github.com
no changes to meta repo
create new session 4992585168
add association Load1795
get identifier "65475"
setting analysis irradiation position=<pychron.dvc.dvc_orm.IrradiationPositionTbl object at 0x24622d590>
close session 4992585168
================= post measurement finished
11:02:40 -- ******* Post Run Check *******
loading queue conditionals post_run_actions
loading system conditionals post_run_actions
loading conditionals from /Users/jan/PychronDev/setupfiles/spectrometer/default_conditionals.yaml
loading queue conditionals post_run_terminations
loading system conditionals post_run_terminations
loading conditionals from /Users/jan/PychronDev/setupfiles/spectrometer/default_conditionals.yaml
Checking default post run terminations n=1
GetDeflection CDD ===>> 50
testing CDD==2000
evaluate ot="CDD.deflection==2000" t="CDD==2000", ctx="{'CDD': 50.0}"
11:02:40 -- ******* Post Run Check Passed *******
11:02:40 -- Automated run 65475-10 success duration: 365.570 s
----------------- finish -----------------
----------------- stop -----------------
retroactive repository identifiers disabled
finish run. runs completed=175
update duration runid=65475-10, duration=365.569517851, md5=301e91d8
loading script "jan_unknown120_60.py"
loading script "jan_pump_ms.py"
loading script "jan_co2.py"
loading script "jan_pump_extraction_line.py"
testing...
no interpolation path defined
executed snippet estimated_duration=213.652928, duration=0.00035285949707
script duration name:unknown120_60 seconds:214.0
loading script "jan_unknown120_60.py"
loading script "jan_pump_ms.py"
loading script "jan_co2.py"
loading script "jan_pump_extraction_line.py"
testing...
no interpolation path defined
executed snippet estimated_duration=0, duration=3.60012054443e-05
loading script "jan_unknown120_60.py"
loading script "jan_pump_ms.py"
loading script "jan_co2.py"
loading script "jan_pump_extraction_line.py"
testing...
no interpolation path defined
calculate duration
testing...
no interpolation path defined
executed snippet estimated_duration=0, duration=4.88758087158e-05
calculate duration
testing...
no interpolation path defined
executed snippet estimated_duration=0, duration=0.000118970870972
executed snippet estimated_duration=0.0, duration=0.0178430080414
script duration name:co2 seconds:0.0
loading script "jan_unknown120_60.py"
loading script "jan_pump_ms.py"
loading script "jan_co2.py"
loading script "jan_pump_extraction_line.py"
testing...
no interpolation path defined
calculate duration
testing...
no interpolation path defined
executed snippet estimated_duration=4.0, duration=0.000168085098267
executed snippet estimated_duration=4.0, duration=0.00952410697937
Script duration 214.0
Run total estimated duration= 215.000
unknown120_60 in script context. using previous estimated duration
script duration name:unknown120_60 seconds:214.0
pump_ms in script context. using previous estimated duration
co2 in script context. using previous estimated duration
script duration name:co2 seconds:0.0
pump_extraction_line in script context. using previous estimated duration
Script duration 214.0
Run total estimated duration= 215.000
script duration name:unknown120_60 seconds:214.0
script duration name:co2 seconds:0.0
Script duration 214.0
Run total estimated duration= 215.000
script duration name:unknown120_60 seconds:214.0
script duration name:co2 seconds:0.0
Script duration 214.0
Run total estimated duration= 215.000
script duration name:unknown120_60 seconds:214.0
script duration name:co2 seconds:0.0
Script duration 214.0
Run total estimated duration= 215.000
script duration name:unknown120_60 seconds:214.0
script duration name:co2 seconds:0.0
Script duration 214.0
Run total estimated duration= 215.000
loading script "jan_unknown400_120.py"
loading script "jan_pump_ms.py"
loading script "jan_cocktail_x1.py"
loading script "jan_pump_extraction_line.py"
testing...
no interpolation path defined
executed snippet estimated_duration=556.052928, duration=0.00023889541626
script duration name:unknown400_120 seconds:556.0
loading script "jan_unknown400_120.py"
loading script "jan_pump_ms.py"
loading script "jan_cocktail_x1.py"
loading script "jan_pump_extraction_line.py"
testing...
no interpolation path defined
calculate duration
testing...
no interpolation path defined
executed snippet estimated_duration=0, duration=4.48226928711e-05
calculate duration
testing...
no interpolation path defined
executed snippet estimated_duration=0, duration=8.39233398438e-05
calculate duration
testing...
no interpolation path defined
executed snippet estimated_duration=32.0, duration=0.000112056732178
calculate duration
testing...
no interpolation path defined
executed snippet estimated_duration=34.0, duration=0.000375986099243
calculate duration
testing...
no interpolation path defined
executed snippet estimated_duration=4.0, duration=6.91413879395e-05
calculate duration
testing...
no interpolation path defined
executed snippet estimated_duration=38.0, duration=9.3936920166e-05
executed snippet estimated_duration=108.0, duration=0.0362570285797
script duration name:cocktail_x1 seconds:108.0
Script duration 664.0
Run total estimated duration= 665.000
loading script "jan_ic_peak_hop3.py"
loading script "jan_pump_ms.py"
loading script "jan_air_x1.py"
loading script "jan_pump_extraction_line.py"
testing...
no interpolation path defined
executed snippet estimated_duration=133.8, duration=0.00655889511108
script duration name:ic_peak_hop3 seconds:134.0
loading script "jan_ic_peak_hop3.py"
loading script "jan_pump_ms.py"
loading script "jan_air_x1.py"
loading script "jan_pump_extraction_line.py"
testing...
no interpolation path defined
calculate duration
testing...
no interpolation path defined
executed snippet estimated_duration=0, duration=4.79221343994e-05
calculate duration
testing...
no interpolation path defined
executed snippet estimated_duration=0, duration=0.000108957290649
calculate duration
testing...
no interpolation path defined
executed snippet estimated_duration=32.0, duration=8.51154327393e-05
calculate duration
testing...
no interpolation path defined
executed snippet estimated_duration=34.0, duration=7.79628753662e-05
calculate duration
testing...
no interpolation path defined
executed snippet estimated_duration=4.0, duration=4.91142272949e-05
calculate duration
testing...
no interpolation path defined
executed snippet estimated_duration=36.0, duration=7.10487365723e-05
executed snippet estimated_duration=106.0, duration=0.00655698776245
script duration name:air_x1 seconds:106.0
Script duration 240.0
Run total estimated duration= 241.000
script duration name:unknown120_60 seconds:214.0
script duration name:co2 seconds:0.0
Script duration 214.0
Run total estimated duration= 215.000
script duration name:unknown120_60 seconds:214.0
script duration name:co2 seconds:0.0
Script duration 214.0
Run total estimated duration= 215.000
script duration name:unknown120_60 seconds:214.0
script duration name:co2 seconds:0.0
Script duration 214.0
Run total estimated duration= 215.000
script duration name:unknown120_60 seconds:214.0
script duration name:co2 seconds:0.0
Script duration 214.0
Run total estimated duration= 215.000
script duration name:unknown120_60 seconds:214.0
script duration name:co2 seconds:0.0
Script duration 214.0
Run total estimated duration= 215.000
script duration name:unknown120_60 seconds:214.0
script duration name:co2 seconds:0.0
Script duration 214.0
Run total estimated duration= 215.000
script duration name:unknown120_60 seconds:214.0
script duration name:co2 seconds:0.0
Script duration 214.0
Run total estimated duration= 215.000
script duration name:unknown120_60 seconds:214.0
script duration name:co2 seconds:0.0
Script duration 214.0
Run total estimated duration= 215.000
script duration name:unknown120_60 seconds:214.0
script duration name:co2 seconds:0.0
Script duration 214.0
Run total estimated duration= 215.000
script duration name:unknown120_60 seconds:214.0
script duration name:co2 seconds:0.0
Script duration 214.0
Run total estimated duration= 215.000
script duration name:unknown120_60 seconds:214.0
script duration name:co2 seconds:0.0
Script duration 214.0
Run total estimated duration= 215.000
nruns=19 before=0.0, run_dur=4561.0, btw=810.0
write rem/ex queues
/Users/jan/PychronDev/experiments/rem/CurrentExperiment.rem.txt
/Users/jan/PychronDev/experiments/rem/CurrentExperiment.ex.txt
doing event level: 3
