do run
loading script "jan_unknown120_60.py"
loading script "jan_pump_ms.py"
loading script "jan_co2.py"
loading script "jan_pump_extraction_line.py"
testing...
no interpolation path defined
executed snippet estimated_duration=213.652928, duration=0.00025200843811
script duration name:unknown120_60 seconds:214.0
loading script "jan_unknown120_60.py"
loading script "jan_pump_ms.py"
loading script "jan_co2.py"
loading script "jan_pump_extraction_line.py"
testing...
no interpolation path defined
executed snippet estimated_duration=0, duration=2.90870666504e-05
loading script "jan_unknown120_60.py"
loading script "jan_pump_ms.py"
loading script "jan_co2.py"
loading script "jan_pump_extraction_line.py"
testing...
no interpolation path defined
calculate duration
testing...
no interpolation path defined
executed snippet estimated_duration=0, duration=0.000174045562744
calculate duration
testing...
no interpolation path defined
executed snippet estimated_duration=0, duration=8.29696655273e-05
executed snippet estimated_duration=0.0, duration=0.00308179855347
script duration name:co2 seconds:0.0
loading script "jan_unknown120_60.py"
loading script "jan_pump_ms.py"
loading script "jan_co2.py"
loading script "jan_pump_extraction_line.py"
testing...
no interpolation path defined
calculate duration
testing...
no interpolation path defined
executed snippet estimated_duration=4.0, duration=0.000236034393311
executed snippet estimated_duration=4.0, duration=0.00170493125916
Script duration 214.0
Run total estimated duration= 215.000
run duration: 0:03:35
doing event level: 2
12:24:46 -- Setting default integration. t=1.048576
setting integration time = 1.048576
SetIntegrationTime 1.048576 ===>> OK
----------------- start -----------------
**************** Experiment Type: Ar/Ar, Ar/Ar
create new session 4419438256
close session 4419438256
$$$$$ Clearing conditionals
adding conditionals 
Add queue conditionals
add default conditionals
adding default conditionals from /Users/jan/PychronDev/setupfiles/spectrometer/default_conditionals.yaml
Start automated run 65475-19
loading script "jan_unknown120_60.py"
loading script "jan_pump_ms.py"
loading script "jan_co2.py"
loading script "jan_pump_extraction_line.py"
%%%%%%%%%%%%%%%%%% setting automated run 65475-19
No value "sensitivity_multiplier" in metadata
$$$$$$$$$$$$$$$ auto_save_detector_ic=False
============================= Pre Extraction Check =============================
loading queue conditionals pre_run_terminations
loading system conditionals pre_run_terminations
loading conditionals from /Users/jan/PychronDev/setupfiles/spectrometer/default_conditionals.yaml
12:24:46 -- ******* Pre Extraction Check *******
Get a measurement from the spectrometer
GetData ===>> H2,-0.0318742481529645,H1,0.0109723120738316,AX,-0.164123562471025,L1,-0.00165968147946287,L2,0.0...
Pre Extraction Termination data. keys=H2,H1,AX,L1,L2,CDD, signals=-0.03187,0.01097,-0.16412,-0.00166,0.04632,0.00342
12:24:46 -- testing system defined conditionals
Checking default pre extraction terminations n=2
testing CDD
evaluate ot="CDD.inactive" t="CDD", ctx="{'CDD': False}"
GetDeflection CDD ===>> 50
testing CDD==2000
evaluate ot="CDD.deflection==2000" t="CDD==2000", ctx="{'CDD': 50.0}"
12:24:46 -- ******* Pre Extraction Check Passed *******
=================================================================================
12:24:46 -- stopping status monitor
stop 6901184944
Alive clients [5025639504, 5288834736, 4992986192]
12:24:46 -- starting status monitor
start 6901184944
Monitor already running
start extraction
do extraction
Analysis started at 12:24:46.301900
Extraction Started jan_co2.py
12:24:46 -- ******* Extraction Started jan_co2.py *******
state changed from not run to extraction
DO EXTRACTION <pychron.extraction_line.pyscript_runner.RemotePyScriptRunner object at 0x12bfe48f0>
testing...
no interpolation path defined
calculate duration
testing...
no interpolation path defined
executed snippet estimated_duration=0, duration=0.000195026397705
calculate duration
testing...
no interpolation path defined
executed snippet estimated_duration=0, duration=0.000138998031616
executed snippet estimated_duration=100.0, duration=0.00374484062195
Jan CO2 laser analysis
doing GOSUB
testing...
no interpolation path defined
executed snippet estimated_duration=0, duration=4.88758087158e-05
Waiting for CO2 access
wait ('FelixCO2Flag', 0) {}
waiting for FelixCO2Flag = 0
Read FelixCO2Flag ===>> 0
finished waiting
CO2 free
wait ('CO2PumpTimeFlag', 0) {}
waiting for CO2PumpTimeFlag = 0
Read CO2PumpTimeFlag ===>> 0
finished waiting
acquire ('JanCO2Flag',) {'clear': True}
acquire JanCO2Flag
Set JanCO2Flag 1 ===>> OK
JanCO2Flag acquired
set extraction state False (0.75, 'red', 1.5)
CO2 acquired
executed snippet estimated_duration=0, duration=0.0226168632507
WaitForCO2Access.py completed successfully
gosub finished
doing GOSUB
testing...
no interpolation path defined
executed snippet estimated_duration=0, duration=9.10758972168e-05
Prepare for CO2 analysis
close () {'description': 'Jan Inlet'}
closing name=--- desc=Jan Inlet
checking ownership. requestor=129.138.12.150
check software interlocks R
interlocks []
actuate state mode=None-script, software_lock=False
doing actuation None-script close_channel False
Close R ===>> OK
GetIndicatorState R ===>> False
change switch state (True, True)
update switch state R False args=() kw={} ncanvase=8
12:24:46 -- CLOSE  VALVE-R (Jan Inlet)
---------------------------------------- close None (Jan Inlet) result=[(True, True)]
action=close, ok=True, locked=[False]
open () {'description': 'Jan Ion Pump'}
opening name=--- desc=Jan Ion Pump
checking ownership. requestor=129.138.12.150
check software interlocks O
interlocks []
actuate state mode=None-script, software_lock=False
doing actuation None-script open_channel False
Open O ===>> OK
GetIndicatorState O ===>> OK
change switch state (True, True)
update switch state O True args=() kw={} ncanvase=8
12:24:47 -- OPEN   VALVE-O (Jan Ion Pump)
---------------------------------------- open None (Jan Ion Pump) result=[(True, True)], time=0.11 sec
action=open, ok=True, locked=[False]
close () {'description': 'Microbone to Minibone'}
closing name=--- desc=Microbone to Minibone
checking ownership. requestor=129.138.12.150
check software interlocks L
interlocks []
actuate state mode=None-script, software_lock=False
doing actuation None-script close_channel False
Close L ===>> OK
GetIndicatorState L ===>> False
change switch state (True, True)
update switch state L False args=() kw={} ncanvase=8
12:24:47 -- CLOSE  VALVE-L (Microbone to Minibone)
---------------------------------------- close None (Microbone to Minibone) result=[(True, True)]
action=close, ok=True, locked=[False]
open () {'description': 'Microbone to Turbo'}
opening name=--- desc=Microbone to Turbo
checking ownership. requestor=129.138.12.150
check software interlocks U
interlocks []
actuate state mode=None-script, software_lock=False
doing actuation None-script open_channel False
Open U ===>> OK
GetIndicatorState U ===>> OK
change switch state (True, True)
update switch state U True args=() kw={} ncanvase=8
12:24:48 -- OPEN   VALVE-U (Microbone to Turbo)
---------------------------------------- open None (Microbone to Turbo) result=[(True, True)], time=0.15 sec
action=open, ok=True, locked=[False]
open () {'description': 'Microbone to Inlet Pipette'}
opening name=--- desc=Microbone to Inlet Pipette
checking ownership. requestor=129.138.12.150
check software interlocks S
interlocks []
actuate state mode=None-script, software_lock=False
doing actuation None-script open_channel False
Open S ===>> OK
GetIndicatorState S ===>> OK
change switch state (True, True)
update switch state S True args=() kw={} ncanvase=8
12:24:49 -- OPEN   VALVE-S (Microbone to Inlet Pipette)
---------------------------------------- open None (Microbone to Inlet Pipette) result=[(True, True)], time=0.44 sec
action=open, ok=True, locked=[False]
open () {'description': 'Microbone to Getter D-50'}
opening name=--- desc=Microbone to Getter D-50
checking ownership. requestor=129.138.12.150
check software interlocks K
interlocks []
actuate state mode=None-script, software_lock=False
doing actuation None-script open_channel False
Open K ===>> OK
GetIndicatorState K ===>> OK
change switch state (True, True)
update switch state K True args=() kw={} ncanvase=8
12:24:49 -- OPEN   VALVE-K (Microbone to Getter D-50)
---------------------------------------- open None (Microbone to Getter D-50) result=[(True, True)], time=0.45 sec
action=open, ok=True, locked=[False]
open () {'description': 'Microbone to Getter NP-10'}
opening name=--- desc=Microbone to Getter NP-10
checking ownership. requestor=129.138.12.150
check software interlocks M
interlocks []
actuate state mode=None-script, software_lock=False
doing actuation None-script open_channel False
Open M ===>> OK
GetIndicatorState M ===>> OK
change switch state (True, True)
update switch state M True args=() kw={} ncanvase=8
12:24:50 -- OPEN   VALVE-M (Microbone to Getter NP-10)
---------------------------------------- open None (Microbone to Getter NP-10) result=[(True, True)], time=0.16 sec
action=open, ok=True, locked=[False]
close () {'description': 'CO2 Laser to Felix'}
closing name=--- desc=CO2 Laser to Felix
checking ownership. requestor=129.138.12.150
check software interlocks F
interlocks []
actuate state mode=None-script, software_lock=True
VALVE-F(CO2 Laser to Felix) software locked
change switch state (True, False)
---------------------------------------- close None (CO2 Laser to Felix) result=[(True, False)]
action=close, ok=True, locked=[True]
open () {'description': 'CO2 Laser to Jan'}
opening name=--- desc=CO2 Laser to Jan
checking ownership. requestor=129.138.12.150
check software interlocks A
interlocks []
actuate state mode=None-script, software_lock=False
doing actuation None-script open_channel False
Open A ===>> OK
GetIndicatorState A ===>> OK
change switch state (True, True)
update switch state A True args=() kw={} ncanvase=8
12:24:50 -- OPEN   VALVE-A (CO2 Laser to Jan)
---------------------------------------- open None (CO2 Laser to Jan) result=[(True, True)], time=0.15 sec
action=open, ok=True, locked=[False]
open () {'description': 'Microbone to CO2 Laser'}
opening name=--- desc=Microbone to CO2 Laser
checking ownership. requestor=129.138.12.150
check software interlocks T
interlocks []
actuate state mode=None-script, software_lock=False
doing actuation None-script open_channel False
Open T ===>> OK
GetIndicatorState T ===>> OK
change switch state (True, True)
update switch state T True args=() kw={} ncanvase=8
12:24:51 -- OPEN   VALVE-T (Microbone to CO2 Laser)
---------------------------------------- open None (Microbone to CO2 Laser) result=[(True, True)], time=0.47 sec
action=open, ok=True, locked=[False]
executed snippet estimated_duration=0, duration=5.19212722778
PrepareForCO2Analysis.py completed successfully
gosub finished
set_motor ('beam', '1.25') {}
setting motor "beam" to 1.25
set motor beam to 1.25
SetMotor beam,1.25 ===>> OK
GetMotorMoving beam ===>> False
GetMotorMoving beam ===>> False
Block completed
move_to_position ('109',) {'autocenter': True}
FusionsCO2 move to position 109
sending GoToHole 109,True
GoToHole 109,True ===>> OK
GetDriveMoving ===>> OK
GetDriveMoving ===>> OK
GetDriveMoving ===>> OK
GetDriveMoving ===>> OK
GetDriveMoving ===>> False
GetDriveMoving ===>> OK
GetDriveMoving ===>> OK
GetDriveMoving ===>> OK
GetDriveMoving ===>> OK
GetDriveMoving ===>> OK
GetDriveMoving ===>> OK
GetDriveMoving ===>> OK
GetDriveMoving ===>> OK
GetDriveMoving ===>> OK
GetDriveMoving ===>> OK
GetDriveMoving ===>> OK
GetDriveMoving ===>> False
Block completed
GetAutoCorrecting ===>> False
GetAutoCorrecting ===>> False
Block completed
update position
GetPosition ===>> -3.98780,0.00000,1.00000
got position (-3.9878, 0.0, 1.0)
move to position succeeded
sleep (5,) {}
SLEEP 5.0
block started
WaitControl setup for 5.0  
Join finished
block finished. duration 5.03418707848
close () {'description': 'Microbone to Turbo'}
closing name=--- desc=Microbone to Turbo
checking ownership. requestor=129.138.12.150
check software interlocks U
interlocks []
actuate state mode=None-script, software_lock=False
doing actuation None-script close_channel True
Close U ===>> OK
GetIndicatorState U ===>> False
change switch state (True, True)
update switch state U False args=() kw={} ncanvase=8
12:25:03 -- CLOSE  VALVE-U (Microbone to Turbo)
---------------------------------------- close None (Microbone to Turbo) result=[(True, True)]
action=close, ok=True, locked=[False]
enable laser
enable () {}
set extraction state FusionsCO2 Enabled (False, 'red', 1.5)
enabling laser
Enable ===>> OK
begin interval
BEGIN INTERVAL Interval 1 waiting for 30.0
block started
set extract to 5.0
WaitControl setup for 30.0  
extract (5.0,) {}
GetPosition ===>> -3.98780,0.00000,1.00000
set extraction state FusionsCO2 ON! 5.0(watts) (0.75, 'red', 1.5)
extract sample to 5.0 (watts)
set laser output
SetLaserOutput 5.0,watts ===>> OK
executing pattern triangle.lp
execute_pattern ('triangle.lp',) {}
executing pattern triangle.lp
IsPatterning ===>> OK
IsPatterning ===>> OK
IsPatterning ===>> OK
IsPatterning ===>> OK
IsPatterning ===>> OK
IsPatterning ===>> OK
IsPatterning ===>> OK
IsPatterning ===>> OK
IsPatterning ===>> OK
IsPatterning ===>> OK
IsPatterning ===>> OK
IsPatterning ===>> OK
IsPatterning ===>> OK
IsPatterning ===>> OK
IsPatterning ===>> OK
IsPatterning ===>> OK
IsPatterning ===>> OK
IsPatterning ===>> OK
IsPatterning ===>> OK
IsPatterning ===>> OK
IsPatterning ===>> OK
IsPatterning ===>> OK
IsPatterning ===>> OK
IsPatterning ===>> OK
IsPatterning ===>> OK
IsPatterning ===>> OK
IsPatterning ===>> False
IsPatterning ===>> False
Block completed
COMPLETE INTERVAL waiting for Interval 1 to complete
Join finished
block finished. duration 30.145939827
Interval 1 finished
end_extract () {}
ending extraction. set laser power to 0
set laser power 0
SetLaserPower 0 ===>> OK
disable () {}
%%%%%%%%%%%%%%%%%%%%%%%%%%%%%%%%%%% disable
set extraction state False (0.75, 'red', 1.5)
disabling laser
Disable ===>> OK
sleep (30.0,) {}
SLEEP 30.0
block started
WaitControl setup for 30.0  
Join finished
block finished. duration 30.1030859947
executed snippet estimated_duration=166.5, duration=78.6386539936
jan_co2.py completed successfully
GetAchievedOutput ===>> No Response
Requested Output= 0.000
Achieved Output=  0.000
GetResponseBlob ===>> No Response
GetOutputBlob ===>> No Response
persistence save...
persistence save - db
AutomatedRunPersister post_extraction_save deprecated
persistence save - dvc
no extraction position for 109
create new session 4992585168
close session 4992585168
Extraction Finished
12:26:05 -- ******* Extraction Finished *******
no overlap. not waiting for min ms pumptime
12:26:05 -- Sending spectrometer configuration
======== Sending configuration ========
SetDeflection CDD,50.0 ===>> OK
SetDeflection H2,0.0 ===>> OK
SetDeflection H1,0.0 ===>> OK
SetDeflection L2,825.0 ===>> OK
SetDeflection L1,400.0 ===>> OK
SetDeflection AX,190.0 ===>> OK
SetZFocus 74.64 ===>> OK
SetZSymmetry -50.72 ===>> OK
SetExtractionLens 26.13 ===>> OK
SetIonRepeller -3.81 ===>> OK
SetElectronEnergy 75.08 ===>> OK
SetYSymmetry -2.81 ===>> OK
SetIonCounterVoltage 1590.0 ===>> OK
send trap current 200.0
GetParameter Trap Current Readback ===>> 198.370811206739
SetParameter Trap Current Set,200.0 ===>> OK
updating mftable name mftable
Using mftable located at /Users/jan/PychronDev/setupfiles/spectrometer/mftables/mftable.csv
============ MFtable ===========
Isotope  H2     H1     AX     L1     L2     CDD    
Ar40     5.8276 5.8811 5.9943 6.1675 6.2326 6.3957
Ar39     5.7268 5.7734 5.8867 6.0536 6.1178 6.2822
Ar36     5.4043 5.4424 5.5501 5.7124 5.7728 5.9333
================================
get initial guess parabolic
get initial guess parabolic
get initial guess parabolic
get initial guess parabolic
get initial guess parabolic
get initial guess parabolic
======== Configuration Finished ========
GetYSymmetry ===>> -2.81
GetZSymmetry ===>> -50.72
GetParameter Trap Current Readback ===>> 197.923274125618
GetHighVoltage ===>> 4499.94659342336
start measurement
do measurement
L#=65475 analysis type=unknown
Measurement Started jan_unknown120_60.py
12:26:05 -- ******* Measurement Started jan_unknown120_60.py *******
state changed from extraction to measurement
setting spec, defl, and gains
GetExtractionLens ===>> 26.13
GetYSymmetry ===>> -2.81
GetZSymmetry ===>> -50.72
GetZFocus ===>> 74.64
GetDeflection H2 ===>> 0
GetDeflection H1 ===>> 0
GetDeflection AX ===>> 190
GetDeflection L1 ===>> 400
GetDeflection L2 ===>> 825
GetDeflection CDD ===>> 50
GetGain H2 ===>> 0.0113
GetGain H1 ===>> 0.1
GetGain AX ===>> 0.097049
GetGain L1 ===>> 0.010355
GetGain L2 ===>> 0.095649
GetGain CDD ===>> 0
pre measurement save
New frame /Users/jan/PychronDev/data/isotopes/38/5e9814-16e2-4eac-80fb-fd11089f6739.h5
flush and close file /Users/jan/PychronDev/data/isotopes/38/5e9814-16e2-4eac-80fb-fd11089f6739.h5
testing...
no interpolation path defined
executed snippet estimated_duration=226.132928, duration=0.000213861465454
unknown measurement script
activate_detectors ('H2', 'H1', 'AX', 'L1', 'L2', 'CDD') {}
activate detectors
*************** Set Analysis View Ar/Ar
create graphs
clearing graphs
clear isotope group
setting isotope det=H2, iso=PM41
setting isotope det=H1, iso=Ar40
setting isotope det=AX, iso=Ar39
setting isotope det=L1, iso=Ar38
setting isotope det=L2, iso=Ar37
setting isotope det=CDD, iso=Ar36
setting previous blanks
 - setting Ar40 blank 0.225+/-0.008
 - setting Ar36 blank 0.00481+/-0.00019
 - setting Ar37 blank 0.055+/-0.005
 - setting Ar38 blank 0.0089+/-0.0022
 - setting PM41 blank 0.04+/-0.07
 - setting Ar39 blank 0.034+/-0.009
load analysis view
position_magnet ('Ar40',) {'detector': 'H1'}
detector Detector(H1)
POSITION Ar40 H1
setting detector H2 to PM41 (40.9624)
setting detector H1 to Ar40 (39.9624)
setting detector AX to Ar39 (38.9624)
setting detector L1 to Ar38 (37.9624)
setting detector L2 to Ar37 (36.9624)
setting detector CDD to Ar36 (35.9624)
Mapping mass to dac mass func: "parabolic"
H1 map mass coeffs = [-0.00063987  0.15840543  0.57269999]
H1 map mass to dac 39.9624 >> 5.88109
GetDeflection H1 ===>> 0
GetHighVoltage ===>> 4499.94659342336
positioning Ar40 (5.88105536681) on H1
setting magnet DAC
current  : 5.881055
requested: 5.881055
Delta Dac: 0.000000
Checking detector protection. dv=0.00000
Checking detector "CDD". Protection Threshold: 0.1 (V)
SetMagnetDAC 5.88105536681 ===>> OK
Magnet settling time: 0.500
equilibrate () {'delay': 3, 'inlet': 'R', 'outlet': 'O', 'eqtime': 12.0}
Equilibration Started
12:26:06 -- ******* Equilibration Started *******
checking ownership. requestor=129.138.12.150
check software interlocks O
interlocks []
actuate state mode=None-script, software_lock=False
doing actuation None-script close_channel True
Close O ===>> OK
update labels <pychron.experiment.plot_panel.PlotPanel object at 0x1fb3bdcb0>
update labels "<pychron.graph.stacked_regression_graph.StackedRegressionGraph object at 0x1a142f1d0>"
setting label 0 H2 PM41
setting label 1 H1 Ar40
setting label 2 AX Ar39
setting label 3 L1 Ar38
setting label 4 L2 Ar37
setting label 5 CDD Ar36
update labels "<pychron.graph.stacked_graph.StackedGraph object at 0x248f92b30>"
setting label 0 H2 PM41
setting label 1 H1 Ar40
setting label 2 AX Ar39
setting label 3 L1 Ar38
setting label 4 L2 Ar37
setting label 5 CDD Ar36
GetIndicatorState O ===>> False
change switch state (True, True)
update switch state O False args=() kw={} ncanvase=8
12:26:07 -- CLOSE  VALVE-O (Jan Ion Pump)
waiting 3s before opening inlet value ('R',)
checking ownership. requestor=129.138.12.150
check software interlocks R
interlocks []
actuate state mode=None-script, software_lock=False
doing actuation None-script open_channel True
Open R ===>> OK
GetIndicatorState R ===>> OK
change switch state (True, True)
update switch state R True args=() kw={} ncanvase=8
12:26:10 -- OPEN   VALVE-R (Jan Inlet)
equilibrating for 12.0sec
set_time_zero () {}
sniff (12.0,) {}
py_sniff
build tables- sniff [Detector(H2), Detector(H1), Detector(AX), Detector(L1), Detector(L2), Detector(CDD)]
add group /sniff/PM41 (Group) '' table H2
add group /sniff/Ar40 (Group) '' table H1
add group /sniff/Ar39 (Group) '' table AX
add group /sniff/Ar38 (Group) '' table L1
add group /sniff/Ar37 (Group) '' table L2
add group /sniff/Ar36 (Group) '' table CDD
flush and close file /Users/jan/PychronDev/data/isotopes/38/5e9814-16e2-4eac-80fb-fd11089f6739.h5
measuring sniff. ncounts=12.0
"sniff" increment series count="1" fit count="0" regressing="False"
starting measurement
check iteration duration=3.19480895996e-05
GetData ===>> H2,-0.203873405702528,H1,0.523213553868396,AX,-0.00492980199830286,L1,-0.0226287025729882,L2,0.00...
check iteration duration=1.8835067749e-05
GetData ===>> H2,0.637257744263853,H1,543.769343924074,AX,50.5452695737132,L1,0.27511550105413,L2,0.47074030489...
check iteration duration=3.71932983398e-05
GetData ===>> H2,0.94030502401867,H1,1284.9644773289,AX,114.40516666667,L1,1.09236266096063,L2,0.61843795119251...
check iteration duration=5.10215759277e-05
GetData ===>> H2,0.440080415392186,H1,1533.15566465585,AX,133.167517822515,L1,1.58517183235401,L2,0.55799181459...
check iteration duration=1.90734863281e-05
GetData ===>> H2,0.330037031788263,H1,1617.53893926012,AX,138.684845363169,L1,1.83822863533547,L2,0.46648031407...
check iteration duration=4.10079956055e-05
GetData ===>> H2,0.232189938764498,H1,1650.12524205418,AX,140.826837082443,L1,1.94613883553092,L2,0.58129211403...
check iteration duration=3.19480895996e-05
GetData ===>> H2,0.216323785289128,H1,1664.57007641967,AX,141.710705659791,L1,2.09617945028861,L2,0.57971419186...
check iteration duration=1.50203704834e-05
GetData ===>> H2,0.183428598308018,H1,1670.43912052974,AX,142.150792842737,L1,2.16627232448106,L2,0.50255345824...
check iteration duration=4.10079956055e-05
GetData ===>> H2,0.234575732420273,H1,1672.43042299647,AX,142.440274606348,L1,2.19794021515417,L2,0.49991433565...
check iteration duration=2.90870666504e-05
GetData ===>> H2,0.116613737675175,H1,1673.47599306741,AX,142.413824173419,L1,2.21037104704433,L2,0.53139431849...
check iteration duration=1.59740447998e-05
GetData ===>> H2,0.131544644497647,H1,1673.40876795121,AX,142.50634852594,L1,2.2009325200047,L2,0.4218497955688...
Equilibration Finished
12:26:22 -- ******* Equilibration Finished *******
checking ownership. requestor=129.138.12.150
check software interlocks R
interlocks []
actuate state mode=None-script, software_lock=False
doing actuation None-script close_channel True
check iteration duration=5.10215759277e-05
GetData ===>> H2,0.141950444384595,H1,1673.78026275011,AX,142.400429827498,L1,2.23902803219732,L2,0.53145146034...
Close R ===>> OK
set states for children of R. state=False
handle state [('R', False)]
update switch state R False args=() kw={'refresh': False} ncanvase=8
refresh_canvas_needed fired
GetIndicatorState R ===>> False
change switch state (True, True)
update switch state R False args=() kw={} ncanvase=8
12:26:23 -- CLOSE  VALVE-R (Jan Inlet)
Post Equilibration Started jan_pump_extraction_line.py
12:26:23 -- ******* Post Equilibration Started jan_pump_extraction_line.py *******
testing...
no interpolation path defined
calculate duration
testing...
no interpolation path defined
executed snippet estimated_duration=4.0, duration=0.000255107879639
executed snippet estimated_duration=4.0, duration=0.0015389919281
Pump after analysis
doing GOSUB
testing...
no interpolation path defined
executed snippet estimated_duration=4.0, duration=0.000157117843628
Pump Microbone
close () {'description': 'Jan Inlet'}
closing name=--- desc=Jan Inlet
checking ownership. requestor=129.138.12.150
check software interlocks R
interlocks []
actuate state mode=None-script, software_lock=False
doing actuation None-script close_channel False
check iteration duration=3.31401824951e-05
waiting for write to finish
Close R ===>> OK
measurement finished
estimated time: 12.583 actual time: :12.736
flush and close file /Users/jan/PychronDev/data/isotopes/38/5e9814-16e2-4eac-80fb-fd11089f6739.h5
set_fits () {}
using default fits file=/Users/jan/PychronDev/scripts/measurement/fits/nominal_linear.yaml
set "Ar40" to "('Linear', 'SEM')"
No fit for "PM41". defaulting to linear. check the measurement script "jan_unknown120_60.py"
set "PM41" to "linear"
set "Ar36" to "('Linear', 'SEM')"
set "Ar37" to "('linear', 'SEM')"
set "Ar38" to "('linear', 'SEM')"
set "Ar39" to "('Linear', 'SEM')"
set_baseline_fits () {}
GetIndicatorState R ===>> False
change switch state (True, True)
update switch state R False args=() kw={} ncanvase=8
using default fits file=/Users/jan/PychronDev/scripts/measurement/fits/nominal_linear.yaml
set "H1" to "('average', 'SEM')"
set "H2" to "('average', 'SEM')"
set "CDD" to "('average', 'SEM')"
set "L2" to "('average', 'SEM')"
set "L1" to "('average', 'SEM')"
set "AX" to "('average', 'SEM')"
multicollect () {'integration_time': 1, 'ncounts': 120}
build tables- signal [Detector(H2), Detector(H1), Detector(AX), Detector(L1), Detector(L2), Detector(CDD)]
add group /signal/PM41 (Group) '' table H2
add group /signal/Ar40 (Group) '' table H1
add group /signal/Ar39 (Group) '' table AX
add group /signal/Ar38 (Group) '' table L1
add group /signal/Ar37 (Group) '' table L2
add group /signal/Ar36 (Group) '' table CDD
12:26:23 -- CLOSE  VALVE-R (Jan Inlet)
flush and close file /Users/jan/PychronDev/data/isotopes/38/5e9814-16e2-4eac-80fb-fd11089f6739.h5
---------------------------------------- close None (Jan Inlet) result=[(True, True)]
measuring signal. ncounts=120
action=close, ok=True, locked=[False]
is_closed ('F',) {}
is F () closed?
is closed True
open () {'description': 'CO2 Laser to Jan'}
opening name=--- desc=CO2 Laser to Jan
checking ownership. requestor=129.138.12.150
check software interlocks A
interlocks []
actuate state mode=None-script, software_lock=False
doing actuation None-script open_channel False
Open A ===>> OK
"signal" increment series count="2" fit count="1" regressing="True"
GetIndicatorState A ===>> OK
change switch state (True, True)
update switch state A True args=() kw={} ncanvase=8
12:26:24 -- OPEN   VALVE-A (CO2 Laser to Jan)
---------------------------------------- open None (CO2 Laser to Jan) result=[(True, True)], time=0.15 sec
starting measurement
check iteration duration=0.00011682510376
GetData ===>> H2,0.189069944420747,H1,1674.00415429595,AX,142.374631469313,L1,2.2222231324573,L2,0.502027912889...
action=open, ok=True, locked=[False]
sleep (1,) {}
SLEEP 1.0
check iteration duration=4.48226928711e-05
GetData ===>> H2,0.29909372296339,H1,1673.77356154387,AX,142.395745944354,L1,2.23431929874676,L2,0.497869351209...
close () {'description': 'CO2 Laser to Roughing'}
closing name=--- desc=CO2 Laser to Roughing
checking ownership. requestor=129.138.12.150
check software interlocks G
interlocks []
actuate state mode=None-script, software_lock=True
VALVE-G(CO2 Laser to Roughing) software locked
change switch state (True, False)
---------------------------------------- close None (CO2 Laser to Roughing) result=[(True, False)]
action=close, ok=True, locked=[True]
open () {'description': 'Microbone to Turbo'}
opening name=--- desc=Microbone to Turbo
checking ownership. requestor=129.138.12.150
check software interlocks U
interlocks []
actuate state mode=None-script, software_lock=False
doing actuation None-script open_channel True
Open U ===>> OK
GetIndicatorState U ===>> OK
change switch state (True, True)
update switch state U True args=() kw={} ncanvase=8
12:26:25 -- OPEN   VALVE-U (Microbone to Turbo)
---------------------------------------- open None (Microbone to Turbo) result=[(True, True)], time=0.19 sec
action=open, ok=True, locked=[False]
open () {'description': 'Microbone to Getter NP-10'}
opening name=--- desc=Microbone to Getter NP-10
checking ownership. requestor=129.138.12.150
check software interlocks M
interlocks []
actuate state mode=None-script, software_lock=False
doing actuation None-script open_channel False
Open M ===>> OK
GetIndicatorState M ===>> OK
change switch state (True, True)
update switch state M True args=() kw={} ncanvase=8
12:26:26 -- OPEN   VALVE-M (Microbone to Getter NP-10)
---------------------------------------- open None (Microbone to Getter NP-10) result=[(True, True)], time=0.16 sec
action=open, ok=True, locked=[False]
open () {'description': 'Microbone to Getter D-50'}
opening name=--- desc=Microbone to Getter D-50
checking ownership. requestor=129.138.12.150
check software interlocks K
interlocks []
actuate state mode=None-script, software_lock=False
doing actuation None-script open_channel False
check iteration duration=8.98838043213e-05
GetData ===>> H2,0.23370299141644,H1,1672.36847749686,AX,142.114464663247,L1,2.17486301643175,L2,0.522914845394...
Open K ===>> OK
GetIndicatorState K ===>> OK
change switch state (True, True)
update switch state K True args=() kw={} ncanvase=8
12:26:26 -- OPEN   VALVE-K (Microbone to Getter D-50)
---------------------------------------- open None (Microbone to Getter D-50) result=[(True, True)], time=0.45 sec
action=open, ok=True, locked=[False]
open () {'description': 'Microbone to CO2 Laser'}
opening name=--- desc=Microbone to CO2 Laser
checking ownership. requestor=129.138.12.150
check software interlocks T
interlocks []
actuate state mode=None-script, software_lock=False
doing actuation None-script open_channel False
Open T ===>> OK
GetIndicatorState T ===>> OK
change switch state (True, True)
update switch state T True args=() kw={} ncanvase=8
check iteration duration=7.70092010498e-05
GetData ===>> H2,0.103745745069946,H1,1671.56406408251,AX,142.121127587757,L1,2.15762921187242,L2,0.48201363336...
12:26:27 -- OPEN   VALVE-T (Microbone to CO2 Laser)
---------------------------------------- open None (Microbone to CO2 Laser) result=[(True, True)], time=0.46 sec
action=open, ok=True, locked=[False]
open () {'description': 'Microbone to Inlet Pipette'}
opening name=--- desc=Microbone to Inlet Pipette
checking ownership. requestor=129.138.12.150
check software interlocks S
interlocks []
actuate state mode=None-script, software_lock=False
doing actuation None-script open_channel False
Open S ===>> OK
GetIndicatorState S ===>> OK
change switch state (True, True)
update switch state S True args=() kw={} ncanvase=8
12:26:28 -- OPEN   VALVE-S (Microbone to Inlet Pipette)
---------------------------------------- open None (Microbone to Inlet Pipette) result=[(True, True)], time=0.46 sec
action=open, ok=True, locked=[False]
sleep (1,) {}
SLEEP 1.0
testing H1>-5.0
evaluate ot="H1.bs>-5.0" t="H1>-5.0", ctx="{'H1': None}"
check iteration duration=0.00086498260498
GetData ===>> H2,-0.0246115315403536,H1,1670.70678790813,AX,142.05130039292,L1,2.16603046637372,L2,0.4261461352...
set_resource () {'name': 'CO2PumpTimeFlag', 'value': 30}
Set CO2PumpTimeFlag 30 ===>> OK
release ('JanCO2Flag',) {}
release JanCO2Flag
Set JanCO2Flag 0 ===>> OK
executed snippet estimated_duration=6.0, duration=6.19048094749
PumpMicrobone.py completed successfully
gosub finished
get_resource_value () {'name': 'JanMiniboneFlag'}
Read JanMiniboneFlag ===>> 0
Get Resource Value JanMiniboneFlag=0.0
get resource value 0.0
get_resource_value () {'name': 'JanMiniboneFlag'}
Read JanMiniboneFlag ===>> 0
Get Resource Value JanMiniboneFlag=0.0
executed snippet estimated_duration=4.0, duration=6.21687197685
jan_pump_extraction_line.py completed successfully
Post Equilibration Finished
12:26:29 -- ******* Post Equilibration Finished *******
check iteration duration=3.50475311279e-05
GetData ===>> H2,-0.0960298150323997,H1,1670.81711522919,AX,142.192891147606,L1,2.19021798718534,L2,0.527611603...
check iteration duration=8.29696655273e-05
GetData ===>> H2,-0.0602605166503995,H1,1669.92267434933,AX,141.974628559921,L1,2.20370334525273,L2,0.527371617...
check iteration duration=7.91549682617e-05
GetData ===>> H2,-0.0751097293537915,H1,1669.12142032714,AX,141.911080926302,L1,2.18766755239859,L2,0.493551035...
check iteration duration=0.000102043151855
GetData ===>> H2,-0.0709054993671318,H1,1668.74408664393,AX,141.902196600285,L1,2.1466500086383,L2,0.4863885443...
testing H1>-5.0
evaluate ot="H1.bs>-5.0" t="H1>-5.0", ctx="{'H1': None}"
check iteration duration=0.000535011291504
GetData ===>> H2,-0.0620435187399876,H1,1667.94910671671,AX,141.809705089331,L1,2.15054894453745,L2,0.446644726...
check iteration duration=3.88622283936e-05
GetData ===>> H2,0.00207345129886665,H1,1667.08073309365,AX,141.901675187144,L1,2.17274597053091,L2,0.448266134...
check iteration duration=7.60555267334e-05
GetData ===>> H2,-0.0364840656241735,H1,1666.24637793107,AX,141.666417370533,L1,2.13561908506042,L2,0.557740321...
check iteration duration=8.51154327393e-05
GetData ===>> H2,0.0349904723428622,H1,1666.12072499932,AX,141.580307058942,L1,2.15137379207763,L2,0.6066110226...
check iteration duration=8.70227813721e-05
GetData ===>> H2,-0.0483445232189984,H1,1665.19112768696,AX,141.654003208996,L1,2.13037229826594,L2,0.376350124...
testing H1>-5.0
evaluate ot="H1.bs>-5.0" t="H1>-5.0", ctx="{'H1': None}"
check iteration duration=0.000640153884888
GetData ===>> H2,-0.112570230769386,H1,1664.67766448771,AX,141.545143914613,L1,2.14305240548104,L2,0.4390477378...
check iteration duration=4.19616699219e-05
GetData ===>> H2,-0.152697017484402,H1,1663.24162839431,AX,141.312051655152,L1,2.1673182218379,L2,0.48120264046...
check iteration duration=8.60691070557e-05
GetData ===>> H2,-0.25188188339645,H1,1663.03279544343,AX,141.252178673407,L1,2.1423051524487,L2,0.441116269691...
check iteration duration=4.38690185547e-05
GetData ===>> H2,-0.13421463741158,H1,1662.31128605069,AX,141.456437205837,L1,2.14942799356015,L2,0.50050841752...
check iteration duration=9.20295715332e-05
GetData ===>> H2,-0.136142886614478,H1,1661.90739947132,AX,141.357696919122,L1,2.14175702178802,L2,0.5013995472...
testing H1>-5.0
evaluate ot="H1.bs>-5.0" t="H1>-5.0", ctx="{'H1': None}"
check iteration duration=0.000603199005127
GetData ===>> H2,-0.138274937726622,H1,1661.881539617,AX,141.192966920979,L1,2.1473311616994,L2,0.4902381741589...
check iteration duration=9.10758972168e-05
GetData ===>> H2,-0.123680711584716,H1,1660.54610797873,AX,141.054265995557,L1,2.13665333743524,L2,0.4192560879...
check iteration duration=9.10758972168e-05
GetData ===>> H2,-0.0224027981412611,H1,1660.16320973925,AX,140.881565173192,L1,2.1330239194995,L2,0.4891415279...
check iteration duration=9.60826873779e-05
GetData ===>> H2,-0.0635917243978322,H1,1659.10229557392,AX,141.092586579478,L1,2.12657115013426,L2,0.440876271...
check iteration duration=3.2901763916e-05
GetData ===>> H2,-0.105581783452293,H1,1658.80229538244,AX,141.044702221716,L1,2.13936573569931,L2,0.4735956325...
testing H1>-5.0
evaluate ot="H1.bs>-5.0" t="H1>-5.0", ctx="{'H1': None}"
check iteration duration=0.00100803375244
12:26:49 -- collecting point 25
GetData ===>> H2,-0.122493334531073,H1,1657.93505096067,AX,140.939976545607,L1,2.10968735874789,L2,0.4149372063...
check iteration duration=6.8187713623e-05
GetData ===>> H2,-0.135337010259772,H1,1657.89363017152,AX,140.940016535302,L1,2.1240311410338,L2,0.55245911080...
check iteration duration=6.5803527832e-05
GetData ===>> H2,-0.220177492212751,H1,1657.09141068881,AX,140.986190995051,L1,2.13729730430544,L2,0.3781888838...
check iteration duration=9.29832458496e-05
GetData ===>> H2,-0.152430787634662,H1,1655.80809845893,AX,140.826657151051,L1,2.10274687958502,L2,0.4348079585...
check iteration duration=6.79492950439e-05
GetData ===>> H2,-0.0130359179269326,H1,1655.30818829527,AX,140.880585229439,L1,2.10927905335326,L2,0.454135404...
testing H1>-5.0
evaluate ot="H1.bs>-5.0" t="H1>-5.0", ctx="{'H1': None}"
check iteration duration=0.000609874725342
GetData ===>> H2,-0.0236955518576798,H1,1655.24342419242,AX,140.711870027722,L1,2.14565557338026,L2,0.533040017...
check iteration duration=8.98838043213e-05
GetData ===>> H2,-0.0488603315973015,H1,1654.49674556654,AX,140.662043073536,L1,2.13358272503647,L2,0.494225045...
check iteration duration=8.79764556885e-05
GetData ===>> H2,0.0122898143084094,H1,1654.19437635785,AX,140.593432829647,L1,2.16533282814016,L2,0.4794093424...
check iteration duration=9.01222229004e-05
GetData ===>> H2,-0.071205175048225,H1,1652.80973129297,AX,140.497848378716,L1,2.17314754007402,L2,0.5024163591...
check iteration duration=8.79764556885e-05
GetData ===>> H2,-0.0393657816791138,H1,1652.31066941748,AX,140.556781612837,L1,2.14767108991114,L2,0.544995038...
testing H1>-5.0
evaluate ot="H1.bs>-5.0" t="H1>-5.0", ctx="{'H1': None}"
check iteration duration=0.000587940216064
GetData ===>> H2,0.0342508124717232,H1,1651.65957764585,AX,140.457004002053,L1,2.14297276689267,L2,0.4769536066...
check iteration duration=4.29153442383e-05
GetData ===>> H2,-0.0908199597202139,H1,1650.96996836242,AX,140.540900538171,L1,2.10079552570705,L2,0.448083439...
check iteration duration=8.82148742676e-05
GetData ===>> H2,-0.0542925467382728,H1,1650.29056202965,AX,140.373249251266,L1,2.08842806890721,L2,0.516035823...
check iteration duration=8.08238983154e-05
GetData ===>> H2,-0.0228441218876044,H1,1649.35929214974,AX,140.390994974298,L1,2.08656488687967,L2,0.510014227...
check iteration duration=7.89165496826e-05
GetData ===>> H2,-0.0726844538173661,H1,1649.49554789458,AX,140.436755273945,L1,2.11879378769688,L2,0.450664041...
testing H1>-5.0
evaluate ot="H1.bs>-5.0" t="H1>-5.0", ctx="{'H1': None}"
check iteration duration=0.000600099563599
GetData ===>> H2,-0.139805116746098,H1,1649.19513996189,AX,140.308017924912,L1,2.09866856333785,L2,0.5395545192...
check iteration duration=8.60691070557e-05
GetData ===>> H2,-0.173253499668041,H1,1648.18952553838,AX,140.132738526965,L1,2.15689427053557,L2,0.4498533138...
check iteration duration=3.60012054443e-05
GetData ===>> H2,-0.190211601680176,H1,1647.56038860091,AX,140.190313758774,L1,2.1313184750322,L2,0.52782873442...
check iteration duration=3.81469726562e-05
GetData ===>> H2,-0.122470343089057,H1,1646.45058850126,AX,140.03293954048,L1,2.09262700130558,L2,0.50161661853...
check iteration duration=6.38961791992e-05
GetData ===>> H2,-0.0791538682635437,H1,1645.44303402726,AX,139.810088384288,L1,2.08705084668002,L2,0.524537543...
testing H1>-5.0
evaluate ot="H1.bs>-5.0" t="H1>-5.0", ctx="{'H1': None}"
check iteration duration=0.00704002380371
GetData ===>> H2,-0.127216412102742,H1,1644.93464408257,AX,139.918762152058,L1,2.08103015233179,L2,0.4308769021...
check iteration duration=0.000103950500488
GetData ===>> H2,-0.109846422975161,H1,1644.53371985419,AX,139.775291782864,L1,2.1006471679314,L2,0.44607381430...
check iteration duration=7.79628753662e-05
GetData ===>> H2,-0.128823676178094,H1,1644.3662981611,AX,139.911324957677,L1,2.0914360388356,L2,0.597507339571...
check iteration duration=6.60419464111e-05
GetData ===>> H2,-0.145279358314532,H1,1643.65079312594,AX,139.944186694004,L1,2.13294162746599,L2,0.4592741653...
check iteration duration=8.79764556885e-05
GetData ===>> H2,-0.0324935249863661,H1,1642.95691162981,AX,139.868682121813,L1,2.14247371136622,L2,0.503741658...
testing H1>-5.0
evaluate ot="H1.bs>-5.0" t="H1>-5.0", ctx="{'H1': None}"
check iteration duration=0.000591993331909
12:27:16 -- collecting point 50
GetData ===>> H2,-0.0683125005363885,H1,1642.29438644794,AX,139.826926999473,L1,2.14530110322817,L2,0.381261175...
check iteration duration=4.19616699219e-05
GetData ===>> H2,-0.0397240788427794,H1,1641.6950662682,AX,139.747128498423,L1,2.10166849234726,L2,0.5997831793...
check iteration duration=3.69548797607e-05
GetData ===>> H2,-0.0188050329748464,H1,1640.5402537598,AX,139.67828495613,L1,2.12886495128527,L2,0.56265599460...
check iteration duration=4.00543212891e-05
GetData ===>> H2,-0.0891478567682252,H1,1640.07521164166,AX,139.507227629081,L1,2.10464557215482,L2,0.365912121...
check iteration duration=4.00543212891e-05
GetData ===>> H2,-0.168563560156153,H1,1639.93855873336,AX,139.58173619342,L1,2.09755647858142,L2,0.47867832619...
testing H1>-5.0
evaluate ot="H1.bs>-5.0" t="H1>-5.0", ctx="{'H1': None}"
check iteration duration=0.00105500221252
GetData ===>> H2,-0.106148746750856,H1,1638.2886351221,AX,139.365913553256,L1,2.12228994482793,L2,0.44560566913...
check iteration duration=4.2200088501e-05
GetData ===>> H2,-0.108090280180481,H1,1638.20502772019,AX,139.422397834497,L1,2.13519293198215,L2,0.5205951201...
check iteration duration=8.39233398438e-05
GetData ===>> H2,-0.0831627058292933,H1,1637.80451490732,AX,139.62892634488,L1,2.15946642076212,L2,0.4311168748...
check iteration duration=8.60691070557e-05
GetData ===>> H2,0.00630252324296519,H1,1637.6767764512,AX,139.404257867331,L1,2.13553411865932,L2,0.4206957584...
check iteration duration=8.70227813721e-05
GetData ===>> H2,-0.0861355674898824,H1,1637.05618386342,AX,139.272697540827,L1,2.10789119219043,L2,0.482561914...
testing H1>-5.0
evaluate ot="H1.bs>-5.0" t="H1>-5.0", ctx="{'H1': None}"
check iteration duration=0.000591993331909
GetData ===>> H2,-0.0565471794317872,H1,1636.33225080161,AX,139.373717082353,L1,2.08975513098873,L2,0.540468870...
check iteration duration=7.70092010498e-05
GetData ===>> H2,-0.0594862135584125,H1,1635.38921681932,AX,139.28791820682,L1,2.0977168558127,L2,0.44397288803...
check iteration duration=7.5101852417e-05
GetData ===>> H2,-0.0715902670495119,H1,1635.14608738814,AX,139.160832760832,L1,2.09887894861487,L2,0.402998453...
check iteration duration=9.20295715332e-05
GetData ===>> H2,-0.0209415551533571,H1,1634.09685217794,AX,139.115442917148,L1,2.10837367634197,L2,0.418422003...
check iteration duration=7.41481781006e-05
GetData ===>> H2,-0.0240489058546795,H1,1633.5468422132,AX,139.143486893603,L1,2.06786626424548,L2,0.4782442879...
testing H1>-5.0
evaluate ot="H1.bs>-5.0" t="H1>-5.0", ctx="{'H1': None}"
check iteration duration=0.00080394744873
GetData ===>> H2,-0.175985708213451,H1,1632.7679142409,AX,139.110013670419,L1,2.05823460328207,L2,0.42188407411...
check iteration duration=7.9870223999e-05
GetData ===>> H2,-0.0121728813419939,H1,1631.99592966545,AX,138.865691018355,L1,2.03050338707039,L2,0.569172508...
check iteration duration=0.000137090682983
GetData ===>> H2,-0.0103378621541834,H1,1631.17513764489,AX,138.928742390615,L1,2.04328583215644,L2,0.510711205...
check iteration duration=3.88622283936e-05
GetData ===>> H2,0.0669375333450185,H1,1630.89982686227,AX,138.914292836639,L1,2.07324845457664,L2,0.5018565400...
check iteration duration=0.000142097473145
GetData ===>> H2,-0.0455397456721346,H1,1630.13803894737,AX,138.832315897831,L1,2.09170362996747,L2,0.371165241...
testing H1>-5.0
evaluate ot="H1.bs>-5.0" t="H1>-5.0", ctx="{'H1': None}"
check iteration duration=0.000773191452026
GetData ===>> H2,-0.0763120079633799,H1,1629.67493994948,AX,138.930074118146,L1,2.06539638536569,L2,0.411098363...
check iteration duration=3.79085540771e-05
GetData ===>> H2,-0.147636616744835,H1,1629.06229612256,AX,138.885178899462,L1,2.00696834182907,L2,0.4258718950...
check iteration duration=8.20159912109e-05
GetData ===>> H2,-0.12520194144791,H1,1628.28979785969,AX,138.787740019232,L1,2.0258308132652,L2,0.496178559015...
check iteration duration=4.29153442383e-05
GetData ===>> H2,-0.182702233606185,H1,1627.54889933404,AX,138.733899188303,L1,2.11640135860034,L2,0.4864228133...
check iteration duration=3.69548797607e-05
GetData ===>> H2,-0.10081763286578,H1,1626.8683610596,AX,139.005542796924,L1,2.09078695839836,L2,0.404106581475...
testing H1>-5.0
evaluate ot="H1.bs>-5.0" t="H1>-5.0", ctx="{'H1': None}"
check iteration duration=0.000580072402954
12:27:42 -- collecting point 75
GetData ===>> H2,-0.0665532104025851,H1,1626.24580662569,AX,138.763737973303,L1,2.10054517310873,L2,0.650320636...
check iteration duration=8.29696655273e-05
GetData ===>> H2,-0.0900489800832143,H1,1625.81264586233,AX,138.690687080661,L1,2.12361736677043,L2,0.516355767...
check iteration duration=9.29832458496e-05
GetData ===>> H2,-0.012908165447676,H1,1625.07846165455,AX,138.570377103711,L1,2.11635227852789,L2,0.3897361857...
check iteration duration=3.91006469727e-05
GetData ===>> H2,0.0775446852958962,H1,1624.20550015538,AX,138.28021368562,L1,2.0872084240385,L2,0.529097244336...
check iteration duration=4.31537628174e-05
GetData ===>> H2,0.0266091009539402,H1,1623.81101958979,AX,138.374624808209,L1,2.08341659407341,L2,0.4754459302...
testing H1>-5.0
evaluate ot="H1.bs>-5.0" t="H1>-5.0", ctx="{'H1': None}"
check iteration duration=0.000602006912231
GetData ===>> H2,0.0704912531511076,H1,1623.74444436497,AX,138.30255870722,L1,2.10399894680236,L2,0.42394080917...
check iteration duration=8.48770141602e-05
GetData ===>> H2,0.0175341634488921,H1,1622.9539261214,AX,138.181978803371,L1,2.07738976533208,L2,0.43977914734...
check iteration duration=8.48770141602e-05
GetData ===>> H2,-0.00990692966589146,H1,1622.01463019106,AX,138.237278386367,L1,2.02815100577799,L2,0.44055627...
check iteration duration=6.60419464111e-05
GetData ===>> H2,-0.0430934209650267,H1,1621.79262682325,AX,138.33645030076,L1,2.1169876832313,L2,0.49285418291...
check iteration duration=7.10487365723e-05
GetData ===>> H2,0.00734983451755154,H1,1621.14837233081,AX,138.329784548363,L1,2.07644035789122,L2,0.517258470...
testing H1>-5.0
evaluate ot="H1.bs>-5.0" t="H1>-5.0", ctx="{'H1': None}"
check iteration duration=0.00136017799377
GetData ===>> H2,-0.129450839440212,H1,1620.48479162096,AX,138.121134901193,L1,2.08961208673837,L2,0.5478411478...
check iteration duration=3.38554382324e-05
GetData ===>> H2,-0.112993905576811,H1,1619.7591965892,AX,138.001531133686,L1,2.13374731918624,L2,0.40804796472...
check iteration duration=7.79628753662e-05
GetData ===>> H2,-0.033789008476072,H1,1618.93251596262,AX,137.900597472256,L1,2.10979474025275,L2,0.4853490565...
check iteration duration=8.10623168945e-05
GetData ===>> H2,-0.138830530124467,H1,1618.47919996519,AX,137.934235554786,L1,2.08267003141701,L2,0.4031698127...
check iteration duration=6.69956207275e-05
GetData ===>> H2,-0.156138522772975,H1,1617.37920216403,AX,138.017190527763,L1,2.08633581783059,L2,0.5448807390...
testing H1>-5.0
evaluate ot="H1.bs>-5.0" t="H1>-5.0", ctx="{'H1': None}"
check iteration duration=0.000593900680542
GetData ===>> H2,-0.0262136395325133,H1,1616.59628258611,AX,137.914412643866,L1,2.07077605506124,L2,0.463339691...
check iteration duration=3.50475311279e-05
GetData ===>> H2,-0.00129644585346236,H1,1616.50008707405,AX,137.741552985469,L1,2.08418571195733,L2,0.47285323...
check iteration duration=3.91006469727e-05
GetData ===>> H2,-0.0910909419008506,H1,1616.15835932181,AX,137.615892374689,L1,2.08523290983559,L2,0.431596821...
check iteration duration=3.91006469727e-05
GetData ===>> H2,-0.0821047484192581,H1,1615.26838569406,AX,137.645392792104,L1,2.05740505746378,L2,0.489689849...
check iteration duration=3.91006469727e-05
GetData ===>> H2,0.0118217102424018,H1,1614.81272872804,AX,137.642323712635,L1,2.05197286662437,L2,0.5159672644...
testing H1>-5.0
evaluate ot="H1.bs>-5.0" t="H1>-5.0", ctx="{'H1': None}"
check iteration duration=0.000603914260864
GetData ===>> H2,-0.123968746751811,H1,1613.69602698292,AX,137.705459156505,L1,2.04196460318154,L2,0.4677594335...
check iteration duration=8.10623168945e-05
GetData ===>> H2,-0.167662048967211,H1,1613.03690836861,AX,137.680899232431,L1,2.02404577093213,L2,0.4401334258...
check iteration duration=3.79085540771e-05
GetData ===>> H2,-0.0845307250465573,H1,1612.54176357276,AX,137.477969959092,L1,2.08731435965303,L2,0.407876596...
check iteration duration=4.10079956055e-05
GetData ===>> H2,-0.0616421981410704,H1,1611.86652063584,AX,137.435977133447,L1,2.10273760553894,L2,0.493882328...
check iteration duration=3.981590271e-05
GetData ===>> H2,-0.0900096844657808,H1,1611.48636884334,AX,137.566541948517,L1,2.07242381904818,L2,0.468798730...
testing H1>-5.0
evaluate ot="H1.bs>-5.0" t="H1>-5.0", ctx="{'H1': None}"
check iteration duration=0.000622034072876
12:28:08 -- collecting point 100
GetData ===>> H2,-0.125995604449533,H1,1610.81424963756,AX,137.620327002261,L1,2.08853666484151,L2,0.5342628813...
check iteration duration=9.08374786377e-05
GetData ===>> H2,-0.0408938949143617,H1,1610.36339195024,AX,137.418130429886,L1,2.08339541429966,L2,0.522697725...
check iteration duration=5.81741333008e-05
GetData ===>> H2,-0.0923739548236739,H1,1609.71537775457,AX,137.325861778378,L1,2.08942401284022,L2,0.442385805...
check iteration duration=8.79764556885e-05
GetData ===>> H2,-0.168297702788006,H1,1609.58495452949,AX,137.241817999657,L1,2.10781829118517,L2,0.4383163339...
check iteration duration=4.10079956055e-05
GetData ===>> H2,-0.0325288336163854,H1,1608.78787807665,AX,137.222578376797,L1,2.07800818173829,L2,0.475206074...
testing H1>-5.0
evaluate ot="H1.bs>-5.0" t="H1>-5.0", ctx="{'H1': None}"
check iteration duration=0.000967979431152
GetData ===>> H2,-0.116436861568668,H1,1607.66294743383,AX,137.017679881869,L1,2.03826013889615,L2,0.4811912180...
check iteration duration=7.31945037842e-05
GetData ===>> H2,-0.150570009864841,H1,1606.97114357754,AX,137.020131379535,L1,2.0468116413103,L2,0.51551020443...
check iteration duration=4.88758087158e-05
GetData ===>> H2,-0.124854442903871,H1,1606.50321125857,AX,137.00994999344,L1,2.03434937055563,L2,0.52818300127...
check iteration duration=3.60012054443e-05
GetData ===>> H2,-0.16324927755643,H1,1606.62855978354,AX,137.12756899321,L1,2.06332380444474,L2,0.527040209692...
check iteration duration=7.60555267334e-05
GetData ===>> H2,-0.140317383212445,H1,1605.50139057173,AX,137.008526626154,L1,2.06842064035292,L2,0.3653068892...
testing H1>-5.0
evaluate ot="H1.bs>-5.0" t="H1>-5.0", ctx="{'H1': None}"
check iteration duration=0.0011260509491
GetData ===>> H2,-0.225108568271699,H1,1605.04070531698,AX,136.93444931694,L1,2.09501328444158,L2,0.47521749654...
check iteration duration=6.19888305664e-05
GetData ===>> H2,-0.129435971746727,H1,1603.80591012667,AX,137.018866085892,L1,2.05938868504755,L2,0.5357143383...
check iteration duration=8.41617584229e-05
GetData ===>> H2,-0.0930987185987075,H1,1603.92967170095,AX,136.904377208407,L1,2.0269439696638,L2,0.4993202574...
check iteration duration=8.51154327393e-05
GetData ===>> H2,-0.140213309839933,H1,1603.43328785272,AX,136.881520522325,L1,2.00477055200545,L2,0.5465266693...
check iteration duration=8.60691070557e-05
GetData ===>> H2,-0.111850082691417,H1,1602.27167576012,AX,136.773729061797,L1,2.06557892857965,L2,0.4097502354...
testing H1>-5.0
evaluate ot="H1.bs>-5.0" t="H1>-5.0", ctx="{'H1': None}"
check iteration duration=0.000569105148315
GetData ===>> H2,0.0317638358672894,H1,1601.57903507933,AX,136.836275533534,L1,2.07599415118284,L2,0.4862514683...
check iteration duration=9.01222229004e-05
GetData ===>> H2,-0.0636662824022468,H1,1601.4105374953,AX,136.800060501772,L1,2.10893174042965,L2,0.4681477410...
check iteration duration=0.000101804733276
GetData ===>> H2,-0.126614812338938,H1,1600.54985153874,AX,136.611366220376,L1,2.08270974093356,L2,0.4569331400...
check iteration duration=3.88622283936e-05
GetData ===>> H2,0.028886646118227,H1,1600.41912374661,AX,136.456895167443,L1,2.0829837404656,L2,0.402861366545...
check iteration duration=7.48634338379e-05
GetData ===>> H2,-0.0595879201216558,H1,1599.39600395187,AX,136.614347534847,L1,2.08503829037485,L2,0.448323226...
testing H1>-5.0
evaluate ot="H1.bs>-5.0" t="H1>-5.0", ctx="{'H1': None}"
check iteration duration=0.000571966171265
GetData ===>> H2,-0.152428084761489,H1,1598.81163305946,AX,136.446119528223,L1,2.03630392148861,L2,0.4772619979...
check iteration duration=4.10079956055e-05
waiting for write to finish
measurement finished
estimated time: 125.829 actual time: :126.406
flush and close file /Users/jan/PychronDev/data/isotopes/38/5e9814-16e2-4eac-80fb-fd11089f6739.h5
baselines () {'settling_time': 15.0, 'detector': 'H1', 'mass': 34.2, 'ncounts': 60}
%%%%%%%%%%%%%%%%%%%%%%%%%%%%%%%% Baseline
build tables- baseline [Detector(H2), Detector(H1), Detector(AX), Detector(L1), Detector(L2), Detector(CDD)]
add group baseline table H2
add group baseline table H1
add group baseline table AX
add group baseline table L1
add group baseline table L2
add group baseline table CDD
flush and close file /Users/jan/PychronDev/data/isotopes/38/5e9814-16e2-4eac-80fb-fd11089f6739.h5
detector Detector(H1)
POSITION 34.2 H1
Mapping mass to dac mass func: "parabolic"
H1 map mass coeffs = [-0.00063987  0.15840543  0.57269999]
H1 map mass to dac 34.2 >> 5.24174599104
GetDeflection H1 ===>> 0
GetHighVoltage ===>> 4499.94659342336
positioning 34.2 (5.24171512289) on H1
setting magnet DAC
current  : 5.881055
requested: 5.241715
Delta Dac: 0.639340
Checking detector protection. dv=0.63934
Checking detector "CDD". Protection Threshold: 0.1 (V)
ProtectDetector CDD,On ===>> OK
GetDeflection CDD ===>> 2000
Protected = 2000
SetMagnetDAC 5.24171512289 ===>> OK
Magnet settling time: 0.500
GetMagnetMoving ===>> True
GetMagnetMoving ===>> True
GetMagnetMoving ===>> True
GetMagnetMoving ===>> True
GetMagnetMoving ===>> True
GetMagnetMoving ===>> True
GetMagnetMoving ===>> True
GetMagnetMoving ===>> True
GetMagnetMoving ===>> False
ProtectDetector CDD,Off ===>> OK
GetDeflection CDD ===>> 50
Delaying 15.0s for detectors to settle
Join finished
measuring baseline. ncounts=60
"baseline" increment series count="2" fit count="1" regressing="True"
starting measurement
check iteration duration=7.89165496826e-05
GetData ===>> H2,-0.315024714045048,H1,-0.178489107056578,AX,-0.148565521417227,L1,-0.0469052083855154,L2,-0.00...
check iteration duration=5.88893890381e-05
GetData ===>> H2,-0.186079907786972,H1,-0.108493866570058,AX,-0.166302880671716,L1,-0.054250288968886,L2,-0.013...
check iteration duration=6.19888305664e-05
GetData ===>> H2,-0.169039928565658,H1,-0.0517473299865621,AX,-0.0955083444400763,L1,-0.0335687291356851,L2,0.0...
check iteration duration=4.60147857666e-05
GetData ===>> H2,-0.114612657989182,H1,-0.0267428969323856,AX,-0.0274199773955359,L1,-0.0543149388843741,L2,0.0...
testing H1>-5.0
evaluate ot="H1.bs>-5.0" t="H1>-5.0", ctx="{'H1': None}"
check iteration duration=0.000844955444336
GetData ===>> H2,-0.152440247685696,H1,-0.0488382178159384,AX,-0.0826664410296429,L1,-0.0685242238607793,L2,0.0...
check iteration duration=3.38554382324e-05
GetData ===>> H2,-0.175383630951703,H1,-0.0987821339627491,AX,-0.134408092112391,L1,-0.0744899271647753,L2,-0.0...
check iteration duration=5.00679016113e-05
GetData ===>> H2,-0.2983721581349,H1,-0.0566354018110225,AX,-0.0733700707272369,L1,-0.0652312118659376,L2,-0.03...
check iteration duration=3.50475311279e-05
GetData ===>> H2,-0.272356676630265,H1,-0.0034260307025356,AX,-0.111036902009803,L1,-0.0474378251583495,L2,-0.1...
check iteration duration=7.9870223999e-05
GetData ===>> H2,-0.0328683340914719,H1,-0.069975046287518,AX,-0.127501418625259,L1,-0.0130708527997402,L2,-0.0...
testing H1>-5.0
evaluate ot="H1.bs>-5.0" t="H1>-5.0", ctx="{'H1': None}"
check iteration duration=0.000595092773438
GetData ===>> H2,-0.103642528013558,H1,-0.000933011068426759,AX,0.0335092252310434,L1,-0.0270387302252546,L2,0....
check iteration duration=4.10079956055e-05
GetData ===>> H2,-0.177168170384483,H1,0.035419643380741,AX,-0.0615106932676814,L1,-0.0245751053288765,L2,-0.09...
check iteration duration=8.60691070557e-05
GetData ===>> H2,-0.184299470319647,H1,0.0774061217523993,AX,-0.176596021491665,L1,-0.000453647193585396,L2,-0....
check iteration duration=8.51154327393e-05
GetData ===>> H2,-0.142791885618876,H1,-0.0236183942315503,AX,-0.0687215524865602,L1,0.00751617443719325,L2,0.0...
check iteration duration=3.81469726562e-05
GetData ===>> H2,-0.111507590233196,H1,0.00290803065705627,AX,-0.0856916268453246,L1,-0.0433449276228137,L2,-0....
testing H1>-5.0
evaluate ot="H1.bs>-5.0" t="H1>-5.0", ctx="{'H1': None}"
check iteration duration=0.000622034072876
GetData ===>> H2,-0.0626997016677548,H1,0.00320625434822048,AX,-0.093005001689382,L1,-0.0126669155562389,L2,-0....
check iteration duration=8.9168548584e-05
GetData ===>> H2,-0.150719900457752,H1,0.0355867027837633,AX,-0.197422389542548,L1,-0.0257662522516583,L2,0.103...
check iteration duration=3.981590271e-05
GetData ===>> H2,-0.196521062705794,H1,0.0677508304406384,AX,-0.198453740939657,L1,-0.0450665658906093,L2,0.004...
check iteration duration=8.89301300049e-05
GetData ===>> H2,-0.139161709728075,H1,0.0208268869874352,AX,-0.136089467136785,L1,-0.024065769072201,L2,0.0363...
check iteration duration=8.79764556885e-05
GetData ===>> H2,-0.155059026790698,H1,-0.0468590193949623,AX,-0.132842228994324,L1,-0.0305677559012155,L2,0.00...
testing H1>-5.0
evaluate ot="H1.bs>-5.0" t="H1>-5.0", ctx="{'H1': None}"
check iteration duration=0.000586032867432
GetData ===>> H2,-0.199575568610487,H1,-0.0308570742277191,AX,-0.129806923712991,L1,-0.000348037313499293,L2,-0...
check iteration duration=4.50611114502e-05
GetData ===>> H2,-0.134397199592585,H1,0.0405389474105846,AX,-0.0456959413669961,L1,-0.0325233999820101,L2,0.03...
check iteration duration=4.10079956055e-05
GetData ===>> H2,-0.194797310040041,H1,0.0473531590927447,AX,-0.0788529501833204,L1,-0.0351840862882899,L2,0.04...
check iteration duration=7.00950622559e-05
GetData ===>> H2,-0.147894602100037,H1,-0.0221872917234521,AX,-0.0785631651333211,L1,-0.0175427869758227,L2,0.0...
check iteration duration=4.91142272949e-05
GetData ===>> H2,-0.225499083273296,H1,0.0603861830823284,AX,-0.0206583926070819,L1,-0.00419608219558798,L2,-0....
testing H1>-5.0
evaluate ot="H1.bs>-5.0" t="H1>-5.0", ctx="{'H1': None}"
check iteration duration=0.000845909118652
12:29:14 -- collecting point 25
GetData ===>> H2,-0.154707729331843,H1,0.0386892852158428,AX,-0.0267125265477436,L1,-0.0464587460557972,L2,-0.0...
check iteration duration=4.98294830322e-05
GetData ===>> H2,-0.129992821150524,H1,0.0417322959937795,AX,-0.126226995377762,L1,-0.0771219536383753,L2,0.041...
check iteration duration=8.17775726318e-05
GetData ===>> H2,-0.209902184662155,H1,0.0126783010095501,AX,-0.0477251038456977,L1,-0.0463486236105343,L2,0.00...
check iteration duration=7.29560852051e-05
GetData ===>> H2,-0.176452768526579,H1,0.0078586589720377,AX,-0.0877431361183659,L1,-0.0358910703176684,L2,-0.0...
check iteration duration=7.5101852417e-05
GetData ===>> H2,-0.190501464832931,H1,-0.0506981517403247,AX,0.0231467133398183,L1,-0.0557048114138649,L2,-0.0...
testing H1>-5.0
evaluate ot="H1.bs>-5.0" t="H1>-5.0", ctx="{'H1': None}"
check iteration duration=0.000591039657593
GetData ===>> H2,-0.212134200499957,H1,0.107095458373707,AX,-0.0229664306147064,L1,-0.0319294417558734,L2,-0.06...
check iteration duration=7.89165496826e-05
GetData ===>> H2,-0.240218482210265,H1,0.00167935842039237,AX,-0.0373585383379534,L1,-0.0130025322093422,L2,0.0...
check iteration duration=9.20295715332e-05
GetData ===>> H2,-0.257125073513538,H1,0.0202780594865228,AX,-0.0477598891192754,L1,-0.024189210580055,L2,-0.02...
check iteration duration=4.50611114502e-05
GetData ===>> H2,-0.24154432269631,H1,-0.0173213901328627,AX,-0.120074771952726,L1,-0.0159104808322843,L2,-0.15...
check iteration duration=5.81741333008e-05
GetData ===>> H2,-0.282204580775999,H1,-0.0339217282720348,AX,0.0168229899295328,L1,-0.0118817685970378,L2,-0.0...
testing H1>-5.0
evaluate ot="H1.bs>-5.0" t="H1>-5.0", ctx="{'H1': None}"
check iteration duration=0.000566959381104
GetData ===>> H2,-0.27795123199014,H1,-0.0701657700432844,AX,-0.0686288117086257,L1,0.000861754868205874,L2,-0....
check iteration duration=8.79764556885e-05
GetData ===>> H2,-0.224327497780755,H1,0.127676800551613,AX,-0.0769867193436258,L1,-0.0162571131726163,L2,0.009...
check iteration duration=8.20159912109e-05
GetData ===>> H2,-0.196191962973126,H1,0.0520434201260801,AX,-0.11315740073189,L1,0.00979860402387983,L2,0.0926...
check iteration duration=8.79764556885e-05
GetData ===>> H2,-0.262057589441892,H1,0.0101968721685221,AX,0.0151870109398659,L1,-0.0179025543306006,L2,-0.00...
check iteration duration=7.70092010498e-05
GetData ===>> H2,-0.237036076273504,H1,-0.0268979269691936,AX,-0.100932032775969,L1,-0.0222738989251399,L2,-0.0...
testing H1>-5.0
evaluate ot="H1.bs>-5.0" t="H1>-5.0", ctx="{'H1': None}"
check iteration duration=0.000585079193115
GetData ===>> H2,-0.214733398052088,H1,0.0275323702667365,AX,-0.185033729751292,L1,-0.0409307850161451,L2,-0.06...
check iteration duration=8.01086425781e-05
GetData ===>> H2,-0.268801046200183,H1,0.00389813673333812,AX,-0.0778676774922258,L1,-0.00175687795295639,L2,-0...
check iteration duration=3.60012054443e-05
GetData ===>> H2,-0.168469093785602,H1,0.0392740134416815,AX,-0.143591524305227,L1,0.0109916252421782,L2,-0.083...
check iteration duration=7.41481781006e-05
GetData ===>> H2,-0.107017404121836,H1,0.00222808396339604,AX,-0.0950563567639274,L1,0.0148320962925214,L2,0.02...
check iteration duration=6.103515625e-05
GetData ===>> H2,-0.247868525362566,H1,0.0298710430242323,AX,-0.115961486538082,L1,0.026553172567868,L2,0.01822...
testing H1>-5.0
evaluate ot="H1.bs>-5.0" t="H1>-5.0", ctx="{'H1': None}"
check iteration duration=0.000616073608398
GetData ===>> H2,-0.205966459580483,H1,0.0321620407375935,AX,-0.0190462129888818,L1,0.0357039245298712,L2,0.024...
check iteration duration=7.79628753662e-05
GetData ===>> H2,-0.152048573665891,H1,-0.0260631470130555,AX,-0.0163669201684221,L1,-0.00552761675464892,L2,-0...
check iteration duration=3.60012054443e-05
GetData ===>> H2,-0.193333643843348,H1,-0.0703088126215999,AX,-0.0157057846209892,L1,-0.0426025447240525,L2,-0....
check iteration duration=8.10623168945e-05
GetData ===>> H2,-0.207221028029694,H1,0.007787081878541,AX,-0.0140703247616712,L1,-0.0145845742605582,L2,0.006...
check iteration duration=4.60147857666e-05
GetData ===>> H2,-0.257872365845922,H1,-0.042936275530958,AX,-0.0750740853805553,L1,0.00313290806013872,L2,-0.0...
testing H1>-5.0
evaluate ot="H1.bs>-5.0" t="H1>-5.0", ctx="{'H1': None}"
check iteration duration=0.000768899917603
12:29:40 -- collecting point 50
GetData ===>> H2,-0.182946420364223,H1,-0.0118469680729259,AX,0.0246551851083164,L1,0.0323855772352411,L2,-0.07...
check iteration duration=8.29696655273e-05
GetData ===>> H2,-0.150497089400418,H1,-0.0281977847534918,AX,-0.0881951577698131,L1,-0.0171098498712053,L2,-0....
check iteration duration=8.48770141602e-05
GetData ===>> H2,-0.209260920612315,H1,0.0754740553580159,AX,-0.0772649175153811,L1,-0.0375301233640038,L2,0.07...
check iteration duration=8.60691070557e-05
GetData ===>> H2,-0.209541141309143,H1,0.0499429198265624,AX,-0.156020243582013,L1,-0.03976422060964,L2,-0.0849...
check iteration duration=4.91142272949e-05
GetData ===>> H2,-0.1160051959443,H1,0.105317906075686,AX,-0.180803376872638,L1,0.0317919713941522,L2,0.0319187...
testing H1>-5.0
evaluate ot="H1.bs>-5.0" t="H1>-5.0", ctx="{'H1': None}"
check iteration duration=0.000684976577759
GetData ===>> H2,-0.0836530445116756,H1,0.0506231906671097,AX,-0.0720717538186411,L1,0.0164460350806539,L2,0.07...
check iteration duration=7.89165496826e-05
GetData ===>> H2,-0.178197999738627,H1,0.0743649229739908,AX,-0.206240670306735,L1,-0.0382549117413884,L2,-0.11...
check iteration duration=8.98838043213e-05
GetData ===>> H2,-0.235188957756518,H1,0.0829520749551228,AX,-0.0899336830120725,L1,-0.013672533408633,L2,0.077...
check iteration duration=8.41617584229e-05
GetData ===>> H2,-0.202406824259584,H1,0.0848007942788388,AX,-0.00112486438175569,L1,-0.0156070178042239,L2,-0....
check iteration duration=5.69820404053e-05
GetData ===>> H2,-0.144257952657254,H1,0.0590732558418462,AX,0.0625721266146421,L1,-0.0272615770315313,L2,-0.01...
testing H1>-5.0
evaluate ot="H1.bs>-5.0" t="H1>-5.0", ctx="{'H1': None}"
check iteration duration=0.000640869140625
GetData ===>> H2,-0.124244604566805,H1,0.0301335505194846,AX,-0.0627627778990644,L1,-0.0300707006110777,L2,-0.0...
check iteration duration=1.69277191162e-05
waiting for write to finish
measurement finished
estimated time: 62.915 actual time: :63.295
flush and close file /Users/jan/PychronDev/data/isotopes/38/5e9814-16e2-4eac-80fb-fd11089f6739.h5
activate_detectors ('H1', 'AX', 'CDD') {'peak_center': True}
peak_center () {'detector': 'H1', 'integration_time': 0.262144, 'isotope': 'Ar40'}
peak center: mean=1601.56067303 threshold=3
peak center started
setup peak center. detector=['H1', 'AX', 'CDD'], isotope=Ar40
VersionedUnpickler [<apptools.sweet_pickle.versioned_unpickler.VersionedUnpickler object at 0x241625050>] using Updater [<apptools.sweet_pickle.updater.Updater object at 0x12e273d10>]
VersionedUnpickler [<apptools.sweet_pickle.versioned_unpickler.VersionedUnpickler object at 0x241625050>] using Updater [<apptools.sweet_pickle.updater.Updater object at 0x12e273d10>]
VersionedUnpickler [<apptools.sweet_pickle.versioned_unpickler.VersionedUnpickler object at 0x249201650>] using Updater [<apptools.sweet_pickle.updater.Updater object at 0x12e273d10>]
setting integration time = 0.524288
SetIntegrationTime 0.524288 ===>> OK
Mapping mass to dac mass func: "parabolic"
H1 map mass coeffs = [-0.00063987  0.15840543  0.57269999]
H1 map mass to dac 39.9624 >> 5.88109
GetDeflection H1 ===>> 0
GetHighVoltage ===>> 4499.94659342336
do peak center. <pychron.spectrometer.jobs.peak_center.PeakCenter object at 0x16275af50>
doing pc
starting peak center. center dac= 5.88105536681 step_width=0.001
width = 0.001
get scan parameters. half-width=0.015,window=0.015, i=0, scalar=1
Scan parameters center=5.88106 width=0.03000 (5.86606 - 5.89606)
GetData ===>> H2,-0.153651069048283,H1,-0.0391087693345725,AX,-0.0133743760610295,L1,-0.0248243710847674,L2,-0....
Moving to starting dac 5.86605536681
setting magnet DAC
current  : 5.241715
requested: 5.866055
Delta Dac: 0.624340
Checking detector protection. dv=0.62434
Checking detector "CDD". Protection Threshold: 0.1 (V)
ProtectDetector CDD,On ===>> OK
GetDeflection CDD ===>> 2000
Protected = 2000
SetMagnetDAC 5.86605536681 ===>> OK
Magnet settling time: 0.500
GetMagnetMoving ===>> True
GetMagnetMoving ===>> True
GetMagnetMoving ===>> True
GetMagnetMoving ===>> True
GetMagnetMoving ===>> True
GetMagnetMoving ===>> True
GetMagnetMoving ===>> True
GetMagnetMoving ===>> True
GetMagnetMoving ===>> False
ProtectDetector CDD,Off ===>> OK
GetDeflection CDD ===>> 50
Wait until signal near baseline. tol= -0.0293315770009. timeout= 10
GetData ===>> H2,7.38020238528347,H1,1.67373583417116,AX,-0.0947897989449452,L1,0.0539292218004578,L2,-0.026664...
GetData ===>> H2,106.210973310978,H1,36.9037039234206,AX,1.96131792207235,L1,0.05053567566614,L2,-0.01054358241...
GetData ===>> H2,108.602606838654,H1,43.5423205697097,AX,3.04127716805607,L1,0.0414285654605402,L2,-0.143639369...
GetData ===>> H2,57.1630921191514,H1,21.4013654610815,AX,1.35643527641955,L1,0.0164136637131404,L2,-0.079378492...
GetData ===>> H2,23.3338569793594,H1,11.2955198318134,AX,0.717466553301697,L1,0.000392463067519234,L2,0.0839118...
GetData ===>> H2,7.68688401703011,H1,6.42166196534084,AX,0.451618722214963,L1,0.0155354743427894,L2,0.142805724...
GetData ===>> H2,2.17599633151028,H1,4.11459730834098,AX,0.175475870710475,L1,-0.00418408558831384,L2,0.0174689...
GetData ===>> H2,0.732495926234632,H1,3.08289479800312,AX,0.181855887116651,L1,-0.0172399281358942,L2,-0.078263...
GetData ===>> H2,0.567095402594242,H1,2.32133821885869,AX,0.0486546335894935,L1,-0.00336348372174469,L2,0.03546...
GetData ===>> H2,0.546283409267434,H1,2.0780806962404,AX,0.074657504464136,L1,-0.00808942567455099,L2,0.0715129...
GetData ===>> H2,0.588568185938266,H1,1.90732637866453,AX,0.147362375793552,L1,-0.0455537910371597,L2,0.0190178...
GetData ===>> H2,0.490805915495746,H1,1.78168326247101,AX,0.0588068896579981,L1,-0.035100203527561,L2,0.0007059...
GetData ===>> H2,0.483268511225949,H1,1.87888654533517,AX,-0.0240914343251221,L1,-0.00990484492679524,L2,-0.055...
GetData ===>> H2,0.473970855026808,H1,1.92172995702651,AX,0.0851796589567245,L1,-0.00865303208633242,L2,0.02498...
GetData ===>> H2,0.406825086278665,H1,1.8473496057694,AX,0.033868973897454,L1,-0.0406780808077116,L2,-0.0646550...
GetData ===>> H2,0.380291268350487,H1,1.81731440850379,AX,0.105184158205484,L1,-0.023223887200087,L2,0.05412531...
GetData ===>> H2,0.371695731866982,H1,1.89338239499721,AX,0.122248021047683,L1,0.000618104477357436,L2,0.068345...
GetData ===>> H2,0.273673189566622,H1,1.9651939957414,AX,-0.0619628367985552,L1,-0.00261480613298394,L2,-0.0168...
GetData ===>> H2,0.212166549881652,H1,1.94300187125303,AX,-0.145052004088064,L1,-0.00223324710105603,L2,0.06752...
GetData ===>> H2,0.246697037879957,H1,1.75176377359254,AX,0.0766969521889078,L1,0.0071341597305695,L2,-0.010680...
GetData ===>> H2,0.25135904681302,H1,1.78334304346024,AX,-0.0219110029405031,L1,0.0273326334321283,L2,-0.104428...
Peak center failed to move to a baseline position
_do_sweep sm= 5.86605536681, em= 5.89605536681, stm= 0.001
calculated step values: start=5.86605536681, end=5.89605536681, width=0.001, nsteps=31.0
setting magnet DAC
current  : 5.866055
requested: 5.866055
Delta Dac: 0.000000
Checking detector protection. dv=0.00000
Checking detector "CDD". Protection Threshold: 0.1 (V)
SetMagnetDAC 5.86605536681 ===>> OK
GetData ===>> H2,0.25135904681302,H1,1.78334304346024,AX,-0.0219110029405031,L1,0.0273326334321283,L2,-0.104428...
setting magnet DAC
current  : 5.866055
requested: 5.867090
Delta Dac: 0.001034
Checking detector protection. dv=0.00103
Checking detector "CDD". Protection Threshold: 0.1 (V)
SetMagnetDAC 5.86708984957 ===>> OK
Magnet settling time: 1.049
GetData ===>> H2,0.157882486702052,H1,3.7194461014223,AX,0.124288465622473,L1,0.00242341778096642,L2,-0.0397088...
setting magnet DAC
current  : 5.867090
requested: 5.868124
Delta Dac: 0.001034
Checking detector protection. dv=0.00103
Checking detector "CDD". Protection Threshold: 0.1 (V)
SetMagnetDAC 5.86812433233 ===>> OK
Magnet settling time: 1.049
GetData ===>> H2,-0.00106946104375634,H1,11.0491859792409,AX,0.809392086381753,L1,-0.0128011635605742,L2,0.0123...
setting magnet DAC
current  : 5.868124
requested: 5.869159
Delta Dac: 0.001034
Checking detector protection. dv=0.00103
Checking detector "CDD". Protection Threshold: 0.1 (V)
SetMagnetDAC 5.86915881509 ===>> OK
Magnet settling time: 1.049
GetData ===>> H2,-0.108851256509211,H1,39.2320637135203,AX,2.21732082908234,L1,0.0157346198680243,L2,0.00029605...
setting magnet DAC
current  : 5.869159
requested: 5.870193
Delta Dac: 0.001034
Checking detector protection. dv=0.00103
Checking detector "CDD". Protection Threshold: 0.1 (V)
SetMagnetDAC 5.87019329785 ===>> OK
Magnet settling time: 1.049
GetData ===>> H2,-0.0671324361854037,H1,129.318311876544,AX,7.12500039537025,L1,0.0264655020029991,L2,-0.019059...
setting magnet DAC
current  : 5.870193
requested: 5.871228
Delta Dac: 0.001034
Checking detector protection. dv=0.00103
Checking detector "CDD". Protection Threshold: 0.1 (V)
SetMagnetDAC 5.87122778061 ===>> OK
Magnet settling time: 1.049
GetData ===>> H2,0.0342451638711902,H1,348.831045989929,AX,20.7657429499419,L1,0.0831121790690507,L2,0.00145751...
setting magnet DAC
current  : 5.871228
requested: 5.872262
Delta Dac: 0.001034
Checking detector protection. dv=0.00103
Checking detector "CDD". Protection Threshold: 0.1 (V)
SetMagnetDAC 5.87226226336 ===>> OK
Magnet settling time: 1.049
GetData ===>> H2,0.0534519310662278,H1,705.751181390142,AX,46.4148789416397,L1,0.311533084790452,L2,-0.02925956...
setting magnet DAC
current  : 5.872262
requested: 5.873297
Delta Dac: 0.001034
Checking detector protection. dv=0.00103
Checking detector "CDD". Protection Threshold: 0.1 (V)
SetMagnetDAC 5.87329674612 ===>> OK
Magnet settling time: 1.049
GetData ===>> H2,-0.0932496718824519,H1,1079.81647697014,AX,78.0684587734517,L1,0.675351953253327,L2,0.01450786...
setting magnet DAC
current  : 5.873297
requested: 5.874331
Delta Dac: 0.001034
Checking detector protection. dv=0.00103
Checking detector "CDD". Protection Threshold: 0.1 (V)
SetMagnetDAC 5.87433122888 ===>> OK
Magnet settling time: 1.049
GetData ===>> H2,-0.0489938139301798,H1,1344.45482685564,AX,104.940138280694,L1,1.06745470622053,L2,0.193315041...
setting magnet DAC
current  : 5.874331
requested: 5.875366
Delta Dac: 0.001034
Checking detector protection. dv=0.00103
Checking detector "CDD". Protection Threshold: 0.1 (V)
SetMagnetDAC 5.87536571164 ===>> OK
Magnet settling time: 1.049
GetData ===>> H2,-0.0298165407186322,H1,1499.55473761693,AX,125.809506334835,L1,1.51303271997755,L2,0.295973532...
setting magnet DAC
current  : 5.875366
requested: 5.876400
Delta Dac: 0.001034
Checking detector protection. dv=0.00103
Checking detector "CDD". Protection Threshold: 0.1 (V)
SetMagnetDAC 5.8764001944 ===>> OK
Magnet settling time: 1.049
GetData ===>> H2,-0.163819025300884,H1,1521.8705848699,AX,129.30410603144,L1,1.70367275650608,L2,0.369031913632...
setting magnet DAC
current  : 5.876400
requested: 5.877435
Delta Dac: 0.001034
Checking detector protection. dv=0.00103
Checking detector "CDD". Protection Threshold: 0.1 (V)
SetMagnetDAC 5.87743467716 ===>> OK
Magnet settling time: 1.049
GetData ===>> H2,0.0256179386229131,H1,1527.58866055258,AX,130.133887860243,L1,1.80817547653891,L2,0.4088576982...
setting magnet DAC
current  : 5.877435
requested: 5.878469
Delta Dac: 0.001034
Checking detector protection. dv=0.00103
Checking detector "CDD". Protection Threshold: 0.1 (V)
SetMagnetDAC 5.87846915992 ===>> OK
Magnet settling time: 1.049
GetData ===>> H2,0.0233554245406246,H1,1528.75411720787,AX,130.423862930671,L1,1.9337748482941,L2,0.43166512533...
setting magnet DAC
current  : 5.878469
requested: 5.879504
Delta Dac: 0.001034
Checking detector protection. dv=0.00103
Checking detector "CDD". Protection Threshold: 0.1 (V)
SetMagnetDAC 5.87950364267 ===>> OK
Magnet settling time: 1.049
GetData ===>> H2,-0.005018624449056,H1,1528.71413903637,AX,130.367111961938,L1,1.9475463631558,L2,0.26608652227...
setting magnet DAC
current  : 5.879504
requested: 5.880538
Delta Dac: 0.001034
Checking detector protection. dv=0.00103
Checking detector "CDD". Protection Threshold: 0.1 (V)
SetMagnetDAC 5.88053812543 ===>> OK
Magnet settling time: 1.049
GetData ===>> H2,-0.105120510338203,H1,1528.38362200869,AX,130.356448643193,L1,1.94113032219695,L2,0.4487685480...
setting magnet DAC
current  : 5.880538
requested: 5.881573
Delta Dac: 0.001034
Checking detector protection. dv=0.00103
Checking detector "CDD". Protection Threshold: 0.1 (V)
SetMagnetDAC 5.88157260819 ===>> OK
Magnet settling time: 1.049
GetData ===>> H2,-0.0292731896318424,H1,1527.77731886724,AX,130.383484866618,L1,1.95194064957226,L2,0.517304177...
setting magnet DAC
current  : 5.881573
requested: 5.882607
Delta Dac: 0.001034
Checking detector protection. dv=0.00103
Checking detector "CDD". Protection Threshold: 0.1 (V)
SetMagnetDAC 5.88260709095 ===>> OK
Magnet settling time: 1.049
GetData ===>> H2,-0.0595174062312486,H1,1527.63664505997,AX,130.262748552973,L1,1.92563867434923,L2,0.537897279...
setting magnet DAC
current  : 5.882607
requested: 5.883642
Delta Dac: 0.001034
Checking detector protection. dv=0.00103
Checking detector "CDD". Protection Threshold: 0.1 (V)
SetMagnetDAC 5.88364157371 ===>> OK
Magnet settling time: 1.049
GetData ===>> H2,-0.0532158047930008,H1,1525.77171432737,AX,130.06077421401,L1,1.97577015734567,L2,0.3644455937...
setting magnet DAC
current  : 5.883642
requested: 5.884676
Delta Dac: 0.001034
Checking detector protection. dv=0.00103
Checking detector "CDD". Protection Threshold: 0.1 (V)
SetMagnetDAC 5.88467605647 ===>> OK
Magnet settling time: 1.049
GetData ===>> H2,-0.185809357390612,H1,1523.47840753323,AX,129.79853468565,L1,1.98130674792257,L2,0.30463817745...
setting magnet DAC
current  : 5.884676
requested: 5.885711
Delta Dac: 0.001034
Checking detector protection. dv=0.00103
Checking detector "CDD". Protection Threshold: 0.1 (V)
SetMagnetDAC 5.88571053923 ===>> OK
Magnet settling time: 1.049
GetData ===>> H2,-0.116854979709162,H1,1515.26923332341,AX,128.101573085718,L1,1.95218526624784,L2,0.5624044889...
setting magnet DAC
current  : 5.885711
requested: 5.886745
Delta Dac: 0.001034
Checking detector protection. dv=0.00103
Checking detector "CDD". Protection Threshold: 0.1 (V)
SetMagnetDAC 5.88674502198 ===>> OK
Magnet settling time: 1.049
GetData ===>> H2,-0.0700484647150925,H1,1484.56058339174,AX,123.236786039775,L1,1.89921336716984,L2,0.376790367...
setting magnet DAC
current  : 5.886745
requested: 5.887780
Delta Dac: 0.001034
Checking detector protection. dv=0.00103
Checking detector "CDD". Protection Threshold: 0.1 (V)
SetMagnetDAC 5.88777950474 ===>> OK
Magnet settling time: 1.049
GetData ===>> H2,-0.122555546434829,H1,1392.27569537609,AX,110.453011155385,L1,1.71925974684825,L2,0.2931006917...
setting magnet DAC
current  : 5.887780
requested: 5.888814
Delta Dac: 0.001034
Checking detector protection. dv=0.00103
Checking detector "CDD". Protection Threshold: 0.1 (V)
SetMagnetDAC 5.8888139875 ===>> OK
Magnet settling time: 1.049
GetData ===>> H2,-0.126879790546477,H1,1184.6597000011,AX,86.2211586011012,L1,1.4153647007865,L2,0.259697507048...
setting magnet DAC
current  : 5.888814
requested: 5.889848
Delta Dac: 0.001034
Checking detector protection. dv=0.00103
Checking detector "CDD". Protection Threshold: 0.1 (V)
SetMagnetDAC 5.88984847026 ===>> OK
Magnet settling time: 1.049
GetData ===>> H2,-0.206320879164876,H1,615.343776114542,AX,35.7185620372188,L1,0.819315573820678,L2,-0.00081984...
setting magnet DAC
current  : 5.889848
requested: 5.890883
Delta Dac: 0.001034
Checking detector protection. dv=0.00103
Checking detector "CDD". Protection Threshold: 0.1 (V)
SetMagnetDAC 5.89088295302 ===>> OK
Magnet settling time: 1.049
GetData ===>> H2,-0.214944809087013,H1,281.001115351357,AX,13.799161278289,L1,0.499283717881472,L2,-0.089344520...
setting magnet DAC
current  : 5.890883
requested: 5.891917
Delta Dac: 0.001034
Checking detector protection. dv=0.00103
Checking detector "CDD". Protection Threshold: 0.1 (V)
SetMagnetDAC 5.89191743578 ===>> OK
Magnet settling time: 1.049
GetData ===>> H2,-0.158792916068759,H1,99.4066590534112,AX,4.05242027946657,L1,0.297462222496816,L2,0.008221612...
setting magnet DAC
current  : 5.891917
requested: 5.892952
Delta Dac: 0.001034
Checking detector protection. dv=0.00103
Checking detector "CDD". Protection Threshold: 0.1 (V)
SetMagnetDAC 5.89295191854 ===>> OK
Magnet settling time: 1.049
GetData ===>> H2,-0.19750425857705,H1,28.7908186969479,AX,0.937394741196674,L1,0.185758798904043,L2,0.041229048...
setting magnet DAC
current  : 5.892952
requested: 5.893986
Delta Dac: 0.001034
Checking detector protection. dv=0.00103
Checking detector "CDD". Protection Threshold: 0.1 (V)
SetMagnetDAC 5.8939864013 ===>> OK
Magnet settling time: 1.049
GetData ===>> H2,-0.112692055815443,H1,7.13623438903943,AX,0.0705092141894962,L1,0.11411263913527,L2,-0.0256851...
setting magnet DAC
current  : 5.893986
requested: 5.895021
Delta Dac: 0.001034
Checking detector protection. dv=0.00103
Checking detector "CDD". Protection Threshold: 0.1 (V)
SetMagnetDAC 5.89502088405 ===>> OK
Magnet settling time: 1.049
GetData ===>> H2,-0.212334885223499,H1,1.45257909932008,AX,-0.197302717351603,L1,0.0556576769229625,L2,0.007196...
setting magnet DAC
current  : 5.895021
requested: 5.896055
Delta Dac: 0.001034
Checking detector protection. dv=0.00103
Checking detector "CDD". Protection Threshold: 0.1 (V)
SetMagnetDAC 5.89605536681 ===>> OK
Magnet settling time: 1.049
GetData ===>> H2,-0.302458379930649,H1,0.165376358242653,AX,-0.274538786512665,L1,0.0567299966726186,L2,0.00644...
result of _do_sweep=True
result of _calculate_peak_center=([5.8734802165118669, 5.8812056674136706, 5.8889311183154742], [1126.751334615235, 1528.7529154592278, 1120.1980773566656], 5.8785002565920275, 1528.7529154592278)
Failed to find a valid peak. No peak greater than 1.0. max = 0.603489692714
new center pos Detector(H1) (Ar40) @ 5.88120566741
GetHighVoltage ===>> 4499.94659342336
GetDeflection H1 ===>> 0
dac uncorrected for HV and deflection 5.88124030149
update mftable H1 Ar40 5.88124030149 message=automated run peakcenter
get initial guess parabolic
get initial guess parabolic
get initial guess parabolic
get initial guess parabolic
get initial guess parabolic
get initial guess parabolic
dump mftable to /Users/jan/PychronDev/setupfiles/spectrometer/mftables/mftable.csv
add to repo msg=modified - automated run peakcenter
locally archiving mftable
setting magnet DAC
current  : 5.896055
requested: 5.881206
Delta Dac: 0.014850
Checking detector protection. dv=0.01485
Checking detector "CDD". Protection Threshold: 0.1 (V)
sweep finished
SetMagnetDAC 5.88120566741 ===>> OK
Magnet settling time: 0.500
setting integration time = 1.048576
SetIntegrationTime 1.048576 ===>> OK
Failed to find a valid peak. No peak greater than 1.0. max = 0.603489692714
flush and close file /Users/jan/PychronDev/data/isotopes/38/5e9814-16e2-4eac-80fb-fd11089f6739.h5
finished measure script
executed snippet estimated_duration=226.132928, duration=273.028223991
jan_unknown120_60.py completed successfully
Measurement Finished
12:30:38 -- ******* Measurement Finished *******
Post Measurement Started jan_pump_ms.py
12:30:38 -- ******* Post Measurement Started jan_pump_ms.py *******
testing...
no interpolation path defined
executed snippet estimated_duration=0, duration=2.88486480713e-05
Pumping spectrometer
open () {'name': 'O'}
opening name=O desc=---
checking ownership. requestor=129.138.12.150
check software interlocks O
interlocks []
actuate state mode=None-script, software_lock=False
doing actuation None-script open_channel True
Open O ===>> OK
GetIndicatorState O ===>> OK
change switch state (True, True)
update switch state O True args=() kw={} ncanvase=8
12:30:38 -- OPEN   VALVE-O (Jan Ion Pump)
---------------------------------------- open O () result=[(True, True)], time=0.11 sec
action=open, ok=True, locked=[False]
executed snippet estimated_duration=0, duration=0.360618829727
jan_pump_ms.py completed successfully
setting _ms_pumptime
Post Measurement Finished
12:30:38 -- ******* Post Measurement Finished *******
$$$$$$$$$$$$$$$$$$$$ state at run end measurement
state changed from measurement to success
post measurement save measured=True aborted=False
Set filtering
setting fod for Ar40= {'filter_outliers': True, 'std_devs': 2, 'iterations': 1}
setting fod for H1= {'filter_outliers': True, 'std_devs': 2, 'iterations': 1}
setting fod for PM41= {'filter_outliers': False, 'std_devs': 2, 'iterations': 1}
setting fod for H2= {'filter_outliers': True, 'std_devs': 2, 'iterations': 1}
setting fod for Ar36= {'filter_outliers': True, 'std_devs': 2, 'iterations': 1}
setting fod for CDD= {'filter_outliers': True, 'std_devs': 10, 'iterations': 1}
setting fod for Ar37= {'filter_outliers': True, 'std_devs': 2, 'iterations': 1}
setting fod for L2= {'filter_outliers': True, 'std_devs': 2, 'iterations': 1}
setting fod for Ar38= {'filter_outliers': True, 'std_devs': 2, 'iterations': 1}
setting fod for L1= {'filter_outliers': True, 'std_devs': 2, 'iterations': 1}
setting fod for Ar39= {'filter_outliers': True, 'std_devs': 2, 'iterations': 1}
setting fod for AX= {'filter_outliers': True, 'std_devs': 2, 'iterations': 1}
persistence save...
persistence save - db
post measurement save
8727783952 connecting to database sqlite:////Users/jan/PychronDev/.appdata/local_lab.db
connected to db sqlite:////Users/jan/PychronDev/.appdata/local_lab.db
create new session 8727783952
close session 8727783952
No database instance. Not saving post measurement to isotopedb database
$$$$$$$$$$$$$$$ auto_save_detector_ic=False
massspec enabled True
create new session 6484677072
MassSpec Database Version: 16.0
close session 6484677072
saving post measurement to secondary database
saving to massspec database 129.138.12.160/massspecdata
setting labnumber to 65475
setting aliquot to 19
setting step to 
setting uuid to 385e9814-16e2-4eac-80fb-fd11089f6739
setting irradpos to 65475
setting extract_device to Fusions CO2
setting tray to 
setting position to 109
setting power_requested to 5.0
setting extract_value to 5.0
setting duration to 30.0
setting duration_at_request to 30.0
setting first_stage_delay to 30.0
setting cleanup to 30.0
setting comment to P:7
setting irradiation to NM-288
setting level to P
setting irradiation_level to P
setting sample to Goat Mtn
setting material to Sanidine
setting project to IR989
setting mass_spectrometer to Jan
no attribute chron_dosages
no attribute production_ratios
no attribute interference_corrections
no attribute production_name
no attribute j
Reference Isotope=Ar40
Reference Detector=H1
%%%%%%%%%%%%%%%%%%%% Comment: P:7 %%%%%%%%%%%%%%%%%%%
adding isotope PM41 H2
add baseline dbdet= PM41. original det= H2
get baseline data PM41 H2
Get data baseline <pychron.processing.isotope.Baseline object at 0x22a068ed0> len t=60
baseline PM41. v=-0.189178947226, e=0.00677266156247
get signal data PM41 H2
Get data signal PM41 0.16+/-0.08 len t=120
adding isotope Ar40 H1
add baseline dbdet= Ar40. original det= H1
get baseline data Ar40 H1
Get data baseline <pychron.processing.isotope.Baseline object at 0x22a068510> len t=60
baseline Ar40. v=0.0101773702974, e=0.00636735137391
get signal data Ar40 H1
Get data signal Ar40 1681.59+/-0.07 len t=120
adding isotope Ar39 AX
add baseline dbdet= Ar39. original det= AX
get baseline data Ar39 AX
Get data baseline <pychron.processing.isotope.Baseline object at 0x22a068c10> len t=60
baseline Ar39. v=-0.0834886868421, e=0.00786153435372
get signal data Ar39 AX
Get data signal Ar39 142.885+/-0.021 len t=120
adding isotope Ar38 L1
add baseline dbdet= Ar38. original det= L1
get baseline data Ar38 L1
Get data baseline <pychron.processing.isotope.Baseline object at 0x22a0684d0> len t=60
baseline Ar38. v=-0.0232533555497, e=0.00290380202607
get signal data Ar38 L1
Get data signal Ar38 2.194+/-0.005 len t=120
adding isotope Ar37 L2
add baseline dbdet= Ar37. original det= L2
get baseline data Ar37 L2
Get data baseline <pychron.processing.isotope.Baseline object at 0x24506ba50> len t=60
baseline Ar37. v=-0.0111724634878, e=0.00688035707718
get signal data Ar37 L2
Get data signal Ar37 0.491+/-0.010 len t=120
adding isotope Ar36 CDD
add baseline dbdet= Ar36. original det= CDD
get baseline data Ar36 CDD
Get data baseline <pychron.processing.isotope.Baseline object at 0x24506b2d0> len t=60
baseline Ar36. v=0.000342390453856, e=3.1904537852e-05
get signal data Ar36 CDD
Get data signal Ar36 0.6659+/-0.0022 len t=120
65475-19 added analysis time 0.548225879669s
analysis added to mass spec database
mass spec save time= 0.559
persistence save - dvc
================= post measurement started
create new session 4992585168
close session 4992585168
---------------- Experiment Queue saving disabled
DVC saving peakcenter
Failed to find a valid peak. No peak greater than 1.0. max = 0.603489692714
Smart pull ahead: 0 behind: 0
Up-to-date with origin
add to repo msg=modified - ad8224ebc6dbfeb9f5997218dfa5fe690569839d.json
add to repo msg=modified - 75-19.json
add to repo msg=modified - 75-19.dat.json
add to repo msg=modified - 75-19.blan.json
add to repo msg=modified - 75-19.inte.json
add to repo msg=modified - 75-19.icfa.json
add to repo msg=modified - 75-19.base.json
not at valid file /Users/jan/PychronDev/data/.dvc/repositories/Load1795/654/tags/75-19.tags.json
add to repo msg=modified - 75-19.peak.json
add to repo msg=modified - 75-19.extr.json
not at valid file /Users/jan/PychronDev/data/.dvc/repositories/Load1795/654/monitor/75-19.moni.json
commit message=<COLLECTION>
add to repo msg=modified - 75-19.inte.json
add to repo msg=modified - 75-19.base.json
commit message=<ISOEVO> default collection fits
add to repo msg=modified - 75-19.blan.json
commit message=<BLANKS> preceding bc-02-J-398
add to repo msg=modified - 75-19.icfa.json
commit message=<ICFactor> default
push repository <pychron.git_archive.repo_manager.GitRepoManager object at 0x247eec110>
pushing to remote=origin, url=https://github.com
no changes to meta repo
create new session 4992585168
add association Load1795
get identifier "65475"
setting analysis irradiation position=<pychron.dvc.dvc_orm.IrradiationPositionTbl object at 0x229d99390>
close session 4992585168
================= post measurement finished
12:30:50 -- ******* Post Run Check *******
loading queue conditionals post_run_actions
loading system conditionals post_run_actions
loading conditionals from /Users/jan/PychronDev/setupfiles/spectrometer/default_conditionals.yaml
loading queue conditionals post_run_terminations
loading system conditionals post_run_terminations
loading conditionals from /Users/jan/PychronDev/setupfiles/spectrometer/default_conditionals.yaml
Checking default post run terminations n=1
GetDeflection CDD ===>> 50
testing CDD==2000
evaluate ot="CDD.deflection==2000" t="CDD==2000", ctx="{'CDD': 50.0}"
12:30:50 -- ******* Post Run Check Passed *******
12:30:50 -- Automated run 65475-19 success duration: 364.706 s
----------------- finish -----------------
----------------- stop -----------------
retroactive repository identifiers disabled
finish run. runs completed=186
update duration runid=65475-19, duration=364.706332207, md5=301e91d8
loading script "jan_unknown120_60.py"
loading script "jan_pump_ms.py"
loading script "jan_co2.py"
loading script "jan_pump_extraction_line.py"
testing...
no interpolation path defined
executed snippet estimated_duration=213.652928, duration=0.000328063964844
script duration name:unknown120_60 seconds:214.0
loading script "jan_unknown120_60.py"
loading script "jan_pump_ms.py"
loading script "jan_co2.py"
loading script "jan_pump_extraction_line.py"
testing...
no interpolation path defined
executed snippet estimated_duration=0, duration=2.40802764893e-05
loading script "jan_unknown120_60.py"
loading script "jan_pump_ms.py"
loading script "jan_co2.py"
loading script "jan_pump_extraction_line.py"
testing...
no interpolation path defined
calculate duration
testing...
no interpolation path defined
executed snippet estimated_duration=0, duration=5.31673431396e-05
calculate duration
testing...
no interpolation path defined
executed snippet estimated_duration=0, duration=9.48905944824e-05
executed snippet estimated_duration=0.0, duration=0.00388288497925
script duration name:co2 seconds:0.0
loading script "jan_unknown120_60.py"
loading script "jan_pump_ms.py"
loading script "jan_co2.py"
loading script "jan_pump_extraction_line.py"
testing...
no interpolation path defined
calculate duration
testing...
no interpolation path defined
executed snippet estimated_duration=4.0, duration=0.000152111053467
executed snippet estimated_duration=4.0, duration=0.00148296356201
Script duration 214.0
Run total estimated duration= 215.000
unknown120_60 in script context. using previous estimated duration
script duration name:unknown120_60 seconds:214.0
pump_ms in script context. using previous estimated duration
co2 in script context. using previous estimated duration
script duration name:co2 seconds:0.0
pump_extraction_line in script context. using previous estimated duration
Script duration 214.0
Run total estimated duration= 215.000
script duration name:unknown120_60 seconds:214.0
script duration name:co2 seconds:0.0
Script duration 214.0
Run total estimated duration= 215.000
script duration name:unknown120_60 seconds:214.0
script duration name:co2 seconds:0.0
Script duration 214.0
Run total estimated duration= 215.000
script duration name:unknown120_60 seconds:214.0
script duration name:co2 seconds:0.0
Script duration 214.0
Run total estimated duration= 215.000
script duration name:unknown120_60 seconds:214.0
script duration name:co2 seconds:0.0
Script duration 214.0
Run total estimated duration= 215.000
script duration name:unknown120_60 seconds:214.0
script duration name:co2 seconds:0.0
Script duration 214.0
Run total estimated duration= 215.000
script duration name:unknown120_60 seconds:214.0
script duration name:co2 seconds:0.0
Script duration 214.0
Run total estimated duration= 215.000
nruns=8 before=0.0, run_dur=1720.0, btw=315.0
write rem/ex queues
/Users/jan/PychronDev/experiments/rem/CurrentExperiment.rem.txt
/Users/jan/PychronDev/experiments/rem/CurrentExperiment.ex.txt
doing event level: 3
