do run
loading script "jan_unknown120_60.py"
loading script "jan_pump_ms.py"
loading script "jan_co2.py"
loading script "jan_pump_extraction_line.py"
testing...
no interpolation path defined
executed snippet estimated_duration=213.652928, duration=0.000195026397705
script duration name:unknown120_60 seconds:214.0
loading script "jan_unknown120_60.py"
loading script "jan_pump_ms.py"
loading script "jan_co2.py"
loading script "jan_pump_extraction_line.py"
testing...
no interpolation path defined
executed snippet estimated_duration=0, duration=2.00271606445e-05
loading script "jan_unknown120_60.py"
loading script "jan_pump_ms.py"
loading script "jan_co2.py"
loading script "jan_pump_extraction_line.py"
testing...
no interpolation path defined
calculate duration
testing...
no interpolation path defined
executed snippet estimated_duration=0, duration=4.57763671875e-05
calculate duration
testing...
no interpolation path defined
executed snippet estimated_duration=0, duration=7.70092010498e-05
executed snippet estimated_duration=0.0, duration=0.00179100036621
script duration name:co2 seconds:0.0
loading script "jan_unknown120_60.py"
loading script "jan_pump_ms.py"
loading script "jan_co2.py"
loading script "jan_pump_extraction_line.py"
testing...
no interpolation path defined
calculate duration
testing...
no interpolation path defined
executed snippet estimated_duration=4.0, duration=0.000121116638184
executed snippet estimated_duration=4.0, duration=0.000915050506592
Script duration 214.0
Run total estimated duration= 215.000
run duration: 0:03:35
doing event level: 2
12:10:47 -- Setting default integration. t=1.048576
setting integration time = 1.048576
SetIntegrationTime 1.048576 ===>> OK
----------------- start -----------------
**************** Experiment Type: Ar/Ar, Ar/Ar
create new session 4419438256
close session 4419438256
$$$$$ Clearing conditionals
adding conditionals 
Add queue conditionals
add default conditionals
adding default conditionals from /Users/jan/PychronDev/setupfiles/spectrometer/default_conditionals.yaml
Start automated run 65475-17
loading script "jan_unknown120_60.py"
loading script "jan_pump_ms.py"
loading script "jan_co2.py"
loading script "jan_pump_extraction_line.py"
%%%%%%%%%%%%%%%%%% setting automated run 65475-17
No value "sensitivity_multiplier" in metadata
$$$$$$$$$$$$$$$ auto_save_detector_ic=False
============================= Pre Extraction Check =============================
loading queue conditionals pre_run_terminations
loading system conditionals pre_run_terminations
loading conditionals from /Users/jan/PychronDev/setupfiles/spectrometer/default_conditionals.yaml
12:10:47 -- ******* Pre Extraction Check *******
Get a measurement from the spectrometer
GetData ===>> H2,-0.213965821572066,H1,-0.038762974960682,AX,-0.127756301271225,L1,-0.0316803520568286,L2,0.020...
Pre Extraction Termination data. keys=H2,H1,AX,L1,L2,CDD, signals=-0.21397,-0.03876,-0.12776,-0.03168,0.02094,0.00000
12:10:47 -- testing system defined conditionals
Checking default pre extraction terminations n=2
testing CDD
evaluate ot="CDD.inactive" t="CDD", ctx="{'CDD': False}"
GetDeflection CDD ===>> 50
testing CDD==2000
evaluate ot="CDD.deflection==2000" t="CDD==2000", ctx="{'CDD': 50.0}"
12:10:47 -- ******* Pre Extraction Check Passed *******
=================================================================================
12:10:47 -- stopping status monitor
stop 6901184944
Alive clients [5025639504, 5288834736, 4992986192]
12:10:47 -- starting status monitor
start 6901184944
Monitor already running
start extraction
do extraction
Analysis started at 12:10:47.327336
Extraction Started jan_co2.py
12:10:47 -- ******* Extraction Started jan_co2.py *******
state changed from not run to extraction
DO EXTRACTION <pychron.extraction_line.pyscript_runner.RemotePyScriptRunner object at 0x12bfe48f0>
testing...
no interpolation path defined
calculate duration
testing...
no interpolation path defined
executed snippet estimated_duration=0, duration=6.19888305664e-05
calculate duration
testing...
no interpolation path defined
executed snippet estimated_duration=0, duration=0.000108957290649
executed snippet estimated_duration=100.0, duration=0.0031750202179
Jan CO2 laser analysis
doing GOSUB
testing...
no interpolation path defined
executed snippet estimated_duration=0, duration=6.60419464111e-05
Waiting for CO2 access
wait ('FelixCO2Flag', 0) {}
waiting for FelixCO2Flag = 0
Read FelixCO2Flag ===>> 0
finished waiting
CO2 free
wait ('CO2PumpTimeFlag', 0) {}
waiting for CO2PumpTimeFlag = 0
Read CO2PumpTimeFlag ===>> 0
finished waiting
acquire ('JanCO2Flag',) {'clear': True}
acquire JanCO2Flag
Set JanCO2Flag 1 ===>> OK
JanCO2Flag acquired
set extraction state False (0.75, 'red', 1.5)
CO2 acquired
executed snippet estimated_duration=0, duration=0.0176599025726
WaitForCO2Access.py completed successfully
gosub finished
doing GOSUB
testing...
no interpolation path defined
executed snippet estimated_duration=0, duration=7.89165496826e-05
Prepare for CO2 analysis
close () {'description': 'Jan Inlet'}
closing name=--- desc=Jan Inlet
checking ownership. requestor=129.138.12.150
check software interlocks R
interlocks []
actuate state mode=None-script, software_lock=False
doing actuation None-script close_channel False
Close R ===>> OK
GetIndicatorState R ===>> False
change switch state (True, True)
update switch state R False args=() kw={} ncanvase=8
12:10:47 -- CLOSE  VALVE-R (Jan Inlet)
---------------------------------------- close None (Jan Inlet) result=[(True, True)]
action=close, ok=True, locked=[False]
open () {'description': 'Jan Ion Pump'}
opening name=--- desc=Jan Ion Pump
checking ownership. requestor=129.138.12.150
check software interlocks O
interlocks []
actuate state mode=None-script, software_lock=False
doing actuation None-script open_channel False
Open O ===>> OK
GetIndicatorState O ===>> OK
change switch state (True, True)
update switch state O True args=() kw={} ncanvase=8
12:10:48 -- OPEN   VALVE-O (Jan Ion Pump)
---------------------------------------- open None (Jan Ion Pump) result=[(True, True)], time=0.10 sec
action=open, ok=True, locked=[False]
close () {'description': 'Microbone to Minibone'}
closing name=--- desc=Microbone to Minibone
checking ownership. requestor=129.138.12.150
check software interlocks L
interlocks []
actuate state mode=None-script, software_lock=False
doing actuation None-script close_channel False
Close L ===>> OK
GetIndicatorState L ===>> False
change switch state (True, True)
update switch state L False args=() kw={} ncanvase=8
12:10:48 -- CLOSE  VALVE-L (Microbone to Minibone)
---------------------------------------- close None (Microbone to Minibone) result=[(True, True)]
action=close, ok=True, locked=[False]
open () {'description': 'Microbone to Turbo'}
opening name=--- desc=Microbone to Turbo
checking ownership. requestor=129.138.12.150
check software interlocks U
interlocks []
actuate state mode=None-script, software_lock=False
doing actuation None-script open_channel False
Open U ===>> OK
GetIndicatorState U ===>> OK
change switch state (True, True)
update switch state U True args=() kw={} ncanvase=8
12:10:49 -- OPEN   VALVE-U (Microbone to Turbo)
---------------------------------------- open None (Microbone to Turbo) result=[(True, True)], time=0.20 sec
action=open, ok=True, locked=[False]
open () {'description': 'Microbone to Inlet Pipette'}
opening name=--- desc=Microbone to Inlet Pipette
checking ownership. requestor=129.138.12.150
check software interlocks S
interlocks []
actuate state mode=None-script, software_lock=False
doing actuation None-script open_channel False
Open S ===>> OK
GetIndicatorState S ===>> OK
change switch state (True, True)
update switch state S True args=() kw={} ncanvase=8
12:10:50 -- OPEN   VALVE-S (Microbone to Inlet Pipette)
---------------------------------------- open None (Microbone to Inlet Pipette) result=[(True, True)], time=0.45 sec
action=open, ok=True, locked=[False]
open () {'description': 'Microbone to Getter D-50'}
opening name=--- desc=Microbone to Getter D-50
checking ownership. requestor=129.138.12.150
check software interlocks K
interlocks []
actuate state mode=None-script, software_lock=False
doing actuation None-script open_channel False
Open K ===>> OK
GetIndicatorState K ===>> OK
change switch state (True, True)
update switch state K True args=() kw={} ncanvase=8
12:10:50 -- OPEN   VALVE-K (Microbone to Getter D-50)
---------------------------------------- open None (Microbone to Getter D-50) result=[(True, True)], time=0.45 sec
action=open, ok=True, locked=[False]
open () {'description': 'Microbone to Getter NP-10'}
opening name=--- desc=Microbone to Getter NP-10
checking ownership. requestor=129.138.12.150
check software interlocks M
interlocks []
actuate state mode=None-script, software_lock=False
doing actuation None-script open_channel False
Open M ===>> OK
GetIndicatorState M ===>> OK
change switch state (True, True)
update switch state M True args=() kw={} ncanvase=8
12:10:51 -- OPEN   VALVE-M (Microbone to Getter NP-10)
---------------------------------------- open None (Microbone to Getter NP-10) result=[(True, True)], time=0.16 sec
action=open, ok=True, locked=[False]
close () {'description': 'CO2 Laser to Felix'}
closing name=--- desc=CO2 Laser to Felix
checking ownership. requestor=129.138.12.150
check software interlocks F
interlocks []
actuate state mode=None-script, software_lock=True
VALVE-F(CO2 Laser to Felix) software locked
change switch state (True, False)
---------------------------------------- close None (CO2 Laser to Felix) result=[(True, False)]
action=close, ok=True, locked=[True]
open () {'description': 'CO2 Laser to Jan'}
opening name=--- desc=CO2 Laser to Jan
checking ownership. requestor=129.138.12.150
check software interlocks A
interlocks []
actuate state mode=None-script, software_lock=False
doing actuation None-script open_channel False
Open A ===>> OK
GetIndicatorState A ===>> OK
change switch state (True, True)
update switch state A True args=() kw={} ncanvase=8
12:10:51 -- OPEN   VALVE-A (CO2 Laser to Jan)
---------------------------------------- open None (CO2 Laser to Jan) result=[(True, True)], time=0.14 sec
action=open, ok=True, locked=[False]
open () {'description': 'Microbone to CO2 Laser'}
opening name=--- desc=Microbone to CO2 Laser
checking ownership. requestor=129.138.12.150
check software interlocks T
interlocks []
actuate state mode=None-script, software_lock=False
doing actuation None-script open_channel False
Open T ===>> OK
GetIndicatorState T ===>> OK
change switch state (True, True)
update switch state T True args=() kw={} ncanvase=8
12:10:52 -- OPEN   VALVE-T (Microbone to CO2 Laser)
---------------------------------------- open None (Microbone to CO2 Laser) result=[(True, True)], time=0.44 sec
action=open, ok=True, locked=[False]
executed snippet estimated_duration=0, duration=5.23544621468
PrepareForCO2Analysis.py completed successfully
gosub finished
set_motor ('beam', '1.25') {}
setting motor "beam" to 1.25
set motor beam to 1.25
SetMotor beam,1.25 ===>> OK
GetMotorMoving beam ===>> False
GetMotorMoving beam ===>> False
Block completed
move_to_position ('107',) {'autocenter': True}
FusionsCO2 move to position 107
sending GoToHole 107,True
GoToHole 107,True ===>> OK
GetDriveMoving ===>> OK
GetDriveMoving ===>> OK
GetDriveMoving ===>> OK
GetDriveMoving ===>> OK
GetDriveMoving ===>> OK
GetDriveMoving ===>> OK
GetDriveMoving ===>> False
GetDriveMoving ===>> OK
GetDriveMoving ===>> OK
GetDriveMoving ===>> OK
GetDriveMoving ===>> False
Block completed
GetAutoCorrecting ===>> False
GetAutoCorrecting ===>> False
Block completed
update position
GetPosition ===>> -7.97560,0.00000,1.00000
got position (-7.9756, 0.0, 1.0)
move to position succeeded
sleep (5,) {}
SLEEP 5.0
block started
WaitControl setup for 5.0  
Join finished
block finished. duration 5.05365896225
close () {'description': 'Microbone to Turbo'}
closing name=--- desc=Microbone to Turbo
checking ownership. requestor=129.138.12.150
check software interlocks U
interlocks []
actuate state mode=None-script, software_lock=False
doing actuation None-script close_channel True
Close U ===>> OK
GetIndicatorState U ===>> False
change switch state (True, True)
update switch state U False args=() kw={} ncanvase=8
12:11:03 -- CLOSE  VALVE-U (Microbone to Turbo)
---------------------------------------- close None (Microbone to Turbo) result=[(True, True)]
action=close, ok=True, locked=[False]
enable laser
enable () {}
set extraction state FusionsCO2 Enabled (False, 'red', 1.5)
enabling laser
Enable ===>> OK
begin interval
BEGIN INTERVAL Interval 1 waiting for 30.0
block started
WaitControl setup for 30.0  
set extract to 5.0
extract (5.0,) {}
GetPosition ===>> -7.97560,0.00000,1.00000
set extraction state FusionsCO2 ON! 5.0(watts) (0.75, 'red', 1.5)
extract sample to 5.0 (watts)
set laser output
SetLaserOutput 5.0,watts ===>> OK
executing pattern triangle.lp
execute_pattern ('triangle.lp',) {}
executing pattern triangle.lp
IsPatterning ===>> OK
IsPatterning ===>> OK
IsPatterning ===>> OK
IsPatterning ===>> OK
IsPatterning ===>> OK
IsPatterning ===>> OK
IsPatterning ===>> OK
IsPatterning ===>> OK
IsPatterning ===>> OK
IsPatterning ===>> OK
IsPatterning ===>> OK
IsPatterning ===>> OK
IsPatterning ===>> OK
IsPatterning ===>> OK
IsPatterning ===>> OK
IsPatterning ===>> OK
IsPatterning ===>> OK
IsPatterning ===>> OK
IsPatterning ===>> OK
IsPatterning ===>> OK
IsPatterning ===>> OK
IsPatterning ===>> OK
IsPatterning ===>> OK
IsPatterning ===>> OK
IsPatterning ===>> OK
IsPatterning ===>> OK
IsPatterning ===>> False
IsPatterning ===>> False
Block completed
COMPLETE INTERVAL waiting for Interval 1 to complete
Join finished
block finished. duration 30.134073019
Interval 1 finished
end_extract () {}
ending extraction. set laser power to 0
set laser power 0
SetLaserPower 0 ===>> OK
disable () {}
%%%%%%%%%%%%%%%%%%%%%%%%%%%%%%%%%%% disable
set extraction state False (0.75, 'red', 1.5)
disabling laser
Disable ===>> OK
sleep (30.0,) {}
SLEEP 30.0
block started
WaitControl setup for 30.0  
Join finished
block finished. duration 30.1087310314
executed snippet estimated_duration=166.5, duration=77.1541409492
jan_co2.py completed successfully
GetAchievedOutput ===>> No Response
Requested Output= 0.000
Achieved Output=  0.000
GetResponseBlob ===>> No Response
GetOutputBlob ===>> No Response
persistence save...
persistence save - db
AutomatedRunPersister post_extraction_save deprecated
persistence save - dvc
no extraction position for 107
create new session 4992585168
close session 4992585168
Extraction Finished
12:12:04 -- ******* Extraction Finished *******
no overlap. not waiting for min ms pumptime
12:12:04 -- Sending spectrometer configuration
======== Sending configuration ========
SetDeflection CDD,50.0 ===>> OK
SetDeflection H2,0.0 ===>> OK
SetDeflection H1,0.0 ===>> OK
SetDeflection L2,825.0 ===>> OK
SetDeflection L1,400.0 ===>> OK
SetDeflection AX,190.0 ===>> OK
SetZFocus 74.64 ===>> OK
SetZSymmetry -50.72 ===>> OK
SetExtractionLens 26.13 ===>> OK
SetIonRepeller -3.81 ===>> OK
SetElectronEnergy 75.08 ===>> OK
SetYSymmetry -2.81 ===>> OK
SetIonCounterVoltage 1590.0 ===>> OK
send trap current 200.0
GetParameter Trap Current Readback ===>> 198.482695477019
SetParameter Trap Current Set,200.0 ===>> OK
updating mftable name mftable
Using mftable located at /Users/jan/PychronDev/setupfiles/spectrometer/mftables/mftable.csv
============ MFtable ===========
Isotope  H2     H1     AX     L1     L2     CDD    
Ar40     5.8273 5.8808 5.9940 6.1672 6.2324 6.3955
Ar39     5.7266 5.7731 5.8864 6.0533 6.1175 6.2820
Ar36     5.4041 5.4421 5.5498 5.7122 5.7725 5.9331
================================
get initial guess parabolic
get initial guess parabolic
get initial guess parabolic
get initial guess parabolic
get initial guess parabolic
get initial guess parabolic
======== Configuration Finished ========
GetYSymmetry ===>> -2.81
GetZSymmetry ===>> -50.72
GetParameter Trap Current Readback ===>> 198.147042666178
GetHighVoltage ===>> 4499.94659342336
start measurement
do measurement
L#=65475 analysis type=unknown
Measurement Started jan_unknown120_60.py
12:12:04 -- ******* Measurement Started jan_unknown120_60.py *******
state changed from extraction to measurement
setting spec, defl, and gains
GetExtractionLens ===>> 26.13
GetYSymmetry ===>> -2.81
GetZSymmetry ===>> -50.72
GetZFocus ===>> 74.64
GetDeflection H2 ===>> 0
GetDeflection H1 ===>> 0
GetDeflection AX ===>> 190
GetDeflection L1 ===>> 400
GetDeflection L2 ===>> 825
GetDeflection CDD ===>> 50
GetGain H2 ===>> 0.0113
GetGain H1 ===>> 0.1
GetGain AX ===>> 0.097049
GetGain L1 ===>> 0.010355
GetGain L2 ===>> 0.095649
GetGain CDD ===>> 0
pre measurement save
New frame /Users/jan/PychronDev/data/isotopes/ca/b32ba8-2c22-4d60-9126-e43145c9f57d.h5
flush and close file /Users/jan/PychronDev/data/isotopes/ca/b32ba8-2c22-4d60-9126-e43145c9f57d.h5
testing...
no interpolation path defined
executed snippet estimated_duration=226.132928, duration=0.000144004821777
unknown measurement script
activate_detectors ('H2', 'H1', 'AX', 'L1', 'L2', 'CDD') {}
activate detectors
*************** Set Analysis View Ar/Ar
create graphs
clearing graphs
clear isotope group
setting isotope det=H2, iso=PM41
setting isotope det=H1, iso=Ar40
setting isotope det=AX, iso=Ar39
setting isotope det=L1, iso=Ar38
setting isotope det=L2, iso=Ar37
setting isotope det=CDD, iso=Ar36
setting previous blanks
 - setting Ar40 blank 0.225+/-0.008
 - setting Ar36 blank 0.00481+/-0.00019
 - setting Ar37 blank 0.055+/-0.005
 - setting Ar38 blank 0.0089+/-0.0022
 - setting PM41 blank 0.04+/-0.07
 - setting Ar39 blank 0.034+/-0.009
load analysis view
position_magnet ('Ar40',) {'detector': 'H1'}
detector Detector(H1)
POSITION Ar40 H1
setting detector H2 to PM41 (40.9624)
setting detector H1 to Ar40 (39.9624)
setting detector AX to Ar39 (38.9624)
setting detector L1 to Ar38 (37.9624)
setting detector L2 to Ar37 (36.9624)
setting detector CDD to Ar36 (35.9624)
Mapping mass to dac mass func: "parabolic"
H1 map mass coeffs = [-0.00063987  0.15840543  0.57242999]
H1 map mass to dac 39.9624 >> 5.88082
GetDeflection H1 ===>> 0
GetHighVoltage ===>> 4499.94659342336
positioning Ar40 (5.8807853684) on H1
setting magnet DAC
current  : 5.304114
requested: 5.880785
Delta Dac: 0.576671
Checking detector protection. dv=0.57667
Checking detector "CDD". Protection Threshold: 0.1 (V)
ProtectDetector CDD,On ===>> OK
GetDeflection CDD ===>> 2000
Protected = 2000
SetMagnetDAC 5.8807853684 ===>> OK
Magnet settling time: 0.500
GetMagnetMoving ===>> True
GetMagnetMoving ===>> True
GetMagnetMoving ===>> True
GetMagnetMoving ===>> True
GetMagnetMoving ===>> True
GetMagnetMoving ===>> True
GetMagnetMoving ===>> True
GetMagnetMoving ===>> True
GetMagnetMoving ===>> False
ProtectDetector CDD,Off ===>> OK
GetDeflection CDD ===>> 50
update labels <pychron.experiment.plot_panel.PlotPanel object at 0x2104697d0>
update labels "<pychron.graph.stacked_regression_graph.StackedRegressionGraph object at 0x2347cba10>"
setting label 0 H2 PM41
setting label 1 H1 Ar40
setting label 2 AX Ar39
setting label 3 L1 Ar38
setting label 4 L2 Ar37
setting label 5 CDD Ar36
update labels "<pychron.graph.stacked_graph.StackedGraph object at 0x239420cb0>"
setting label 0 H2 PM41
setting label 1 H1 Ar40
setting label 2 AX Ar39
setting label 3 L1 Ar38
setting label 4 L2 Ar37
setting label 5 CDD Ar36
equilibrate () {'delay': 3, 'inlet': 'R', 'outlet': 'O', 'eqtime': 12.0}
Equilibration Started
12:12:08 -- ******* Equilibration Started *******
checking ownership. requestor=129.138.12.150
check software interlocks O
interlocks []
actuate state mode=None-script, software_lock=False
doing actuation None-script close_channel True
Close O ===>> OK
GetIndicatorState O ===>> False
change switch state (True, True)
update switch state O False args=() kw={} ncanvase=8
12:12:08 -- CLOSE  VALVE-O (Jan Ion Pump)
waiting 3s before opening inlet value ('R',)
checking ownership. requestor=129.138.12.150
check software interlocks R
interlocks []
actuate state mode=None-script, software_lock=False
doing actuation None-script open_channel True
Open R ===>> OK
GetIndicatorState R ===>> OK
change switch state (True, True)
update switch state R True args=() kw={} ncanvase=8
12:12:11 -- OPEN   VALVE-R (Jan Inlet)
set_time_zero () {}
equilibrating for 12.0sec
sniff (12.0,) {}
py_sniff
build tables- sniff [Detector(H2), Detector(H1), Detector(AX), Detector(L1), Detector(L2), Detector(CDD)]
add group /sniff/PM41 (Group) '' table H2
add group /sniff/Ar40 (Group) '' table H1
add group /sniff/Ar39 (Group) '' table AX
add group /sniff/Ar38 (Group) '' table L1
add group /sniff/Ar37 (Group) '' table L2
add group /sniff/Ar36 (Group) '' table CDD
flush and close file /Users/jan/PychronDev/data/isotopes/ca/b32ba8-2c22-4d60-9126-e43145c9f57d.h5
measuring sniff. ncounts=12.0
"sniff" increment series count="1" fit count="0" regressing="False"
starting measurement
check iteration duration=4.19616699219e-05
GetData ===>> H2,0.284147624432939,H1,501.262661935656,AX,42.9494964157984,L1,0.113534646254173,L2,0.3815467095...
check iteration duration=4.10079956055e-05
GetData ===>> H2,1.22147454071385,H1,2430.8561779725,AX,200.581449146878,L1,1.34430379066905,L2,0.8766715879943...
check iteration duration=4.10079956055e-05
GetData ===>> H2,0.731070653307036,H1,3254.72889193584,AX,260.826778253045,L1,2.57332466470832,L2,0.87290534220...
check iteration duration=3.981590271e-05
GetData ===>> H2,0.434624623009833,H1,3523.97195805181,AX,278.314926668744,L1,3.27839435606311,L2,0.89405088948...
check iteration duration=4.81605529785e-05
GetData ===>> H2,0.370872545954971,H1,3625.27247407859,AX,284.504791484695,L1,3.69017389248828,L2,0.95488029253...
check iteration duration=2.09808349609e-05
GetData ===>> H2,0.284910232493507,H1,3665.4450877491,AX,287.000042512719,L1,3.95991553550936,L2,0.921282492053...
check iteration duration=1.8835067749e-05
GetData ===>> H2,0.278322696833075,H1,3683.63100600257,AX,287.855963407637,L1,4.11180299776866,L2,1.04617913356...
check iteration duration=1.81198120117e-05
GetData ===>> H2,0.214513900073493,H1,3692.21454319787,AX,288.70821974906,L1,4.18654804025099,L2,0.867193293716...
check iteration duration=4.00543212891e-05
GetData ===>> H2,0.270265382259127,H1,3695.69412174359,AX,288.747888453422,L1,4.20495930090942,L2,0.91628907215...
check iteration duration=3.60012054443e-05
GetData ===>> H2,0.300748574536403,H1,3696.60736828654,AX,288.725791864979,L1,4.22094444813432,L2,1.00298406028...
check iteration duration=3.60012054443e-05
GetData ===>> H2,0.230862573800232,H1,3696.08023062878,AX,288.788773908691,L1,4.29785300014393,L2,0.84151044246...
check iteration duration=1.50203704834e-05
Equilibration Finished
GetData ===>> H2,0.189163213050493,H1,3695.17869005518,AX,288.841621390136,L1,4.30523211502424,L2,0.82670357655...
12:12:24 -- ******* Equilibration Finished *******
checking ownership. requestor=129.138.12.150
check software interlocks R
interlocks []
actuate state mode=None-script, software_lock=False
doing actuation None-script close_channel True
Close R ===>> OK
set states for children of R. state=False
handle state [('R', False)]
update switch state R False args=() kw={'refresh': False} ncanvase=8
refresh_canvas_needed fired
GetIndicatorState R ===>> False
change switch state (True, True)
update switch state R False args=() kw={} ncanvase=8
12:12:24 -- CLOSE  VALVE-R (Jan Inlet)
Post Equilibration Started jan_pump_extraction_line.py
12:12:24 -- ******* Post Equilibration Started jan_pump_extraction_line.py *******
testing...
no interpolation path defined
calculate duration
testing...
no interpolation path defined
executed snippet estimated_duration=4.0, duration=0.000150918960571
executed snippet estimated_duration=4.0, duration=0.00134086608887
Pump after analysis
doing GOSUB
testing...
no interpolation path defined
executed snippet estimated_duration=4.0, duration=0.000113964080811
Pump Microbone
close () {'description': 'Jan Inlet'}
closing name=--- desc=Jan Inlet
checking ownership. requestor=129.138.12.150
check software interlocks R
interlocks []
actuate state mode=None-script, software_lock=False
doing actuation None-script close_channel False
check iteration duration=3.69548797607e-05
waiting for write to finish
measurement finished
estimated time: 12.583 actual time: :12.720
flush and close file /Users/jan/PychronDev/data/isotopes/ca/b32ba8-2c22-4d60-9126-e43145c9f57d.h5
set_fits () {}
using default fits file=/Users/jan/PychronDev/scripts/measurement/fits/nominal_linear.yaml
Close R ===>> OK
set "Ar40" to "('Linear', 'SEM')"
No fit for "PM41". defaulting to linear. check the measurement script "jan_unknown120_60.py"
set "PM41" to "linear"
set "Ar36" to "('Linear', 'SEM')"
set "Ar37" to "('linear', 'SEM')"
set "Ar38" to "('linear', 'SEM')"
set "Ar39" to "('Linear', 'SEM')"
set_baseline_fits () {}
using default fits file=/Users/jan/PychronDev/scripts/measurement/fits/nominal_linear.yaml
set "H1" to "('average', 'SEM')"
set "H2" to "('average', 'SEM')"
set "CDD" to "('average', 'SEM')"
set "L2" to "('average', 'SEM')"
set "L1" to "('average', 'SEM')"
set "AX" to "('average', 'SEM')"
multicollect () {'integration_time': 1, 'ncounts': 120}
build tables- signal [Detector(H2), Detector(H1), Detector(AX), Detector(L1), Detector(L2), Detector(CDD)]
add group /signal/PM41 (Group) '' table H2
add group /signal/Ar40 (Group) '' table H1
add group /signal/Ar39 (Group) '' table AX
add group /signal/Ar38 (Group) '' table L1
add group /signal/Ar37 (Group) '' table L2
add group /signal/Ar36 (Group) '' table CDD
flush and close file /Users/jan/PychronDev/data/isotopes/ca/b32ba8-2c22-4d60-9126-e43145c9f57d.h5
measuring signal. ncounts=120
GetIndicatorState R ===>> False
change switch state (True, True)
update switch state R False args=() kw={} ncanvase=8
12:12:25 -- CLOSE  VALVE-R (Jan Inlet)
---------------------------------------- close None (Jan Inlet) result=[(True, True)]
action=close, ok=True, locked=[False]
is_closed ('F',) {}
is F () closed?
is closed True
open () {'description': 'CO2 Laser to Jan'}
opening name=--- desc=CO2 Laser to Jan
checking ownership. requestor=129.138.12.150
check software interlocks A
interlocks []
actuate state mode=None-script, software_lock=False
doing actuation None-script open_channel False
Open A ===>> OK
GetIndicatorState A ===>> OK
change switch state (True, True)
update switch state A True args=() kw={} ncanvase=8
12:12:25 -- OPEN   VALVE-A (CO2 Laser to Jan)
---------------------------------------- open None (CO2 Laser to Jan) result=[(True, True)], time=0.14 sec
"signal" increment series count="2" fit count="1" regressing="True"
starting measurement
check iteration duration=6.31809234619e-05
GetData ===>> H2,0.159238357334971,H1,3694.73233583826,AX,288.743855027117,L1,4.3444529821934,L2,0.926321986174...
action=open, ok=True, locked=[False]
sleep (1,) {}
SLEEP 1.0
check iteration duration=5.79357147217e-05
GetData ===>> H2,0.411037238206454,H1,3694.64992354204,AX,288.859225290219,L1,4.37970886930104,L2,0.89632943676...
close () {'description': 'CO2 Laser to Roughing'}
closing name=--- desc=CO2 Laser to Roughing
checking ownership. requestor=129.138.12.150
check software interlocks G
interlocks []
actuate state mode=None-script, software_lock=True
VALVE-G(CO2 Laser to Roughing) software locked
change switch state (True, False)
---------------------------------------- close None (CO2 Laser to Roughing) result=[(True, False)]
action=close, ok=True, locked=[True]
open () {'description': 'Microbone to Turbo'}
opening name=--- desc=Microbone to Turbo
checking ownership. requestor=129.138.12.150
check software interlocks U
interlocks []
actuate state mode=None-script, software_lock=False
doing actuation None-script open_channel True
Open U ===>> OK
GetIndicatorState U ===>> OK
change switch state (True, True)
update switch state U True args=() kw={} ncanvase=8
12:12:27 -- OPEN   VALVE-U (Microbone to Turbo)
---------------------------------------- open None (Microbone to Turbo) result=[(True, True)], time=0.18 sec
action=open, ok=True, locked=[False]
open () {'description': 'Microbone to Getter NP-10'}
opening name=--- desc=Microbone to Getter NP-10
checking ownership. requestor=129.138.12.150
check software interlocks M
interlocks []
actuate state mode=None-script, software_lock=False
doing actuation None-script open_channel False
Open M ===>> OK
GetIndicatorState M ===>> OK
change switch state (True, True)
update switch state M True args=() kw={} ncanvase=8
12:12:27 -- OPEN   VALVE-M (Microbone to Getter NP-10)
---------------------------------------- open None (Microbone to Getter NP-10) result=[(True, True)], time=0.16 sec
action=open, ok=True, locked=[False]
open () {'description': 'Microbone to Getter D-50'}
opening name=--- desc=Microbone to Getter D-50
checking ownership. requestor=129.138.12.150
check software interlocks K
interlocks []
actuate state mode=None-script, software_lock=False
doing actuation None-script open_channel False
check iteration duration=7.70092010498e-05
GetData ===>> H2,0.145643370566807,H1,3693.13384829935,AX,288.739908096532,L1,4.3545869444546,L2,0.842780689492...
Open K ===>> OK
GetIndicatorState K ===>> OK
change switch state (True, True)
update switch state K True args=() kw={} ncanvase=8
12:12:28 -- OPEN   VALVE-K (Microbone to Getter D-50)
---------------------------------------- open None (Microbone to Getter D-50) result=[(True, True)], time=0.46 sec
action=open, ok=True, locked=[False]
open () {'description': 'Microbone to CO2 Laser'}
opening name=--- desc=Microbone to CO2 Laser
checking ownership. requestor=129.138.12.150
check software interlocks T
interlocks []
actuate state mode=None-script, software_lock=False
doing actuation None-script open_channel False
Open T ===>> OK
GetIndicatorState T ===>> OK
change switch state (True, True)
update switch state T True args=() kw={} ncanvase=8
check iteration duration=3.60012054443e-05
GetData ===>> H2,-0.00834075401745961,H1,3691.04604342343,AX,288.593194026691,L1,4.30973283861077,L2,0.85362997...
12:12:28 -- OPEN   VALVE-T (Microbone to CO2 Laser)
---------------------------------------- open None (Microbone to CO2 Laser) result=[(True, True)], time=0.45 sec
action=open, ok=True, locked=[False]
open () {'description': 'Microbone to Inlet Pipette'}
opening name=--- desc=Microbone to Inlet Pipette
checking ownership. requestor=129.138.12.150
check software interlocks S
interlocks []
actuate state mode=None-script, software_lock=False
doing actuation None-script open_channel False
Open S ===>> OK
GetIndicatorState S ===>> OK
change switch state (True, True)
update switch state S True args=() kw={} ncanvase=8
12:12:29 -- OPEN   VALVE-S (Microbone to Inlet Pipette)
---------------------------------------- open None (Microbone to Inlet Pipette) result=[(True, True)], time=0.45 sec
action=open, ok=True, locked=[False]
sleep (1,) {}
SLEEP 1.0
testing H1>-5.0
evaluate ot="H1.bs>-5.0" t="H1>-5.0", ctx="{'H1': None}"
check iteration duration=0.00167894363403
GetData ===>> H2,-0.0282217317246048,H1,3689.2338033797,AX,288.229746185153,L1,4.26482507794232,L2,0.8197815202...
set_resource () {'name': 'CO2PumpTimeFlag', 'value': 30}
Set CO2PumpTimeFlag 30 ===>> OK
release ('JanCO2Flag',) {}
release JanCO2Flag
Set JanCO2Flag 0 ===>> OK
executed snippet estimated_duration=6.0, duration=6.12347602844
PumpMicrobone.py completed successfully
gosub finished
get_resource_value () {'name': 'JanMiniboneFlag'}
Read JanMiniboneFlag ===>> 0
Get Resource Value JanMiniboneFlag=0.0
get resource value 0.0
get_resource_value () {'name': 'JanMiniboneFlag'}
Read JanMiniboneFlag ===>> 0
Get Resource Value JanMiniboneFlag=0.0
executed snippet estimated_duration=4.0, duration=6.13501405716
jan_pump_extraction_line.py completed successfully
Post Equilibration Finished
12:12:30 -- ******* Post Equilibration Finished *******
check iteration duration=3.60012054443e-05
GetData ===>> H2,0.00875909584133721,H1,3688.19345689636,AX,287.81061430426,L1,4.26205933989083,L2,0.8871926737...
check iteration duration=4.00543212891e-05
GetData ===>> H2,0.00488404571537624,H1,3686.6340327566,AX,288.113294490979,L1,4.24567402565849,L2,0.8886467119...
check iteration duration=3.91006469727e-05
GetData ===>> H2,0.0318809540576714,H1,3686.052816948,AX,288.029059033022,L1,4.24937292968889,L2,0.912841931349...
check iteration duration=3.91006469727e-05
GetData ===>> H2,0.0898248644857312,H1,3684.30802811677,AX,287.97561239171,L1,4.23458694582314,L2,0.90054317406...
testing H1>-5.0
evaluate ot="H1.bs>-5.0" t="H1>-5.0", ctx="{'H1': None}"
check iteration duration=0.00107908248901
GetData ===>> H2,0.0321805641929531,H1,3682.1465881233,AX,288.159010981636,L1,4.24115983123374,L2,0.79086158432...
check iteration duration=6.00814819336e-05
GetData ===>> H2,0.0426950542309361,H1,3680.44873695276,AX,287.831461755435,L1,4.24858945321521,L2,0.9324155456...
check iteration duration=8.29696655273e-05
GetData ===>> H2,0.103902900447158,H1,3679.42038235937,AX,287.734313620756,L1,4.26833186472543,L2,0.84902917612...
check iteration duration=3.69548797607e-05
GetData ===>> H2,0.0289519978073076,H1,3677.50708229649,AX,287.441412161589,L1,4.25944249944684,L2,0.9668307901...
check iteration duration=4.50611114502e-05
GetData ===>> H2,0.00415243589190342,H1,3676.36178532597,AX,287.38725858198,L1,4.24919268203466,L2,0.8602339821...
testing H1>-5.0
evaluate ot="H1.bs>-5.0" t="H1>-5.0", ctx="{'H1': None}"
check iteration duration=0.00116086006165
GetData ===>> H2,-0.0222303377584565,H1,3674.82879551741,AX,287.209813304865,L1,4.25126423707419,L2,0.821062921...
check iteration duration=6.91413879395e-05
GetData ===>> H2,0.133654589267245,H1,3673.16418406491,AX,287.079673274766,L1,4.24122084235169,L2,0.91730835009...
check iteration duration=8.60691070557e-05
GetData ===>> H2,0.0632843450844872,H1,3672.51997306929,AX,287.03994072126,L1,4.25387049974341,L2,0.90155083427...
check iteration duration=8.29696655273e-05
GetData ===>> H2,0.0994350615510209,H1,3671.09152523178,AX,286.862854611706,L1,4.22689958495133,L2,0.8724016609...
check iteration duration=8.60691070557e-05
GetData ===>> H2,0.0458931292754231,H1,3668.28334417243,AX,286.737144689857,L1,4.20836742739378,L2,0.8193582041...
testing H1>-5.0
evaluate ot="H1.bs>-5.0" t="H1>-5.0", ctx="{'H1': None}"
check iteration duration=0.000587940216064
GetData ===>> H2,-0.00643032686141491,H1,3667.12602674439,AX,286.607261940357,L1,4.24642098305007,L2,0.90323410...
check iteration duration=5.79357147217e-05
GetData ===>> H2,0.00262953238343349,H1,3664.95330767492,AX,286.328092538702,L1,4.20332449331478,L2,0.879831227...
check iteration duration=3.50475311279e-05
GetData ===>> H2,-0.135748068438885,H1,3664.24359276812,AX,286.550305786278,L1,4.20954431591043,L2,0.7394948117...
check iteration duration=3.79085540771e-05
GetData ===>> H2,-0.123426477289524,H1,3663.42447008258,AX,286.41737807521,L1,4.23649483776668,L2,0.87244745005...
check iteration duration=3.48091125488e-05
GetData ===>> H2,0.0085319155083744,H1,3661.73759076524,AX,286.31972238817,L1,4.21890538858294,L2,0.81167019158...
testing H1>-5.0
evaluate ot="H1.bs>-5.0" t="H1>-5.0", ctx="{'H1': None}"
check iteration duration=0.000591993331909
12:12:51 -- collecting point 25
GetData ===>> H2,0.104430411637812,H1,3660.47584356772,AX,286.201422827093,L1,4.20782473291576,L2,0.88980308880...
check iteration duration=5.31673431396e-05
GetData ===>> H2,0.0954400751421031,H1,3658.5222893795,AX,286.366220539947,L1,4.1784833384341,L2,0.839851136067...
check iteration duration=9.10758972168e-05
GetData ===>> H2,-0.038965398411917,H1,3657.83580241204,AX,285.986159067861,L1,4.20907122497801,L2,0.8340609534...
check iteration duration=3.79085540771e-05
GetData ===>> H2,-0.0266294170216758,H1,3656.19188753923,AX,285.873317558321,L1,4.18279978857514,L2,0.880712739...
check iteration duration=7.79628753662e-05
GetData ===>> H2,0.00243102600187533,H1,3654.83126508889,AX,285.790908346915,L1,4.20967057334669,L2,0.850322411...
testing H1>-5.0
evaluate ot="H1.bs>-5.0" t="H1>-5.0", ctx="{'H1': None}"
check iteration duration=0.000877857208252
GetData ===>> H2,0.0373718756121385,H1,3654.10234556246,AX,285.739028308235,L1,4.17308377541557,L2,0.9008294400...
check iteration duration=6.50882720947e-05
GetData ===>> H2,0.033987924636051,H1,3652.50209177763,AX,285.682579980554,L1,4.18198970347079,L2,0.87641973716...
check iteration duration=6.50882720947e-05
GetData ===>> H2,0.00765316468621118,H1,3650.67560511907,AX,285.631703964547,L1,4.16800583198399,L2,0.849956184...
check iteration duration=6.48498535156e-05
GetData ===>> H2,0.0151097307777951,H1,3648.39416367838,AX,285.523863477691,L1,4.19218418698201,L2,0.8623171442...
check iteration duration=7.9870223999e-05
GetData ===>> H2,0.00580338401475327,H1,3647.55784578297,AX,285.07871746295,L1,4.18589715884561,L2,0.9259783759...
testing H1>-5.0
evaluate ot="H1.bs>-5.0" t="H1>-5.0", ctx="{'H1': None}"
check iteration duration=0.00104403495789
GetData ===>> H2,-0.000305562834019763,H1,3646.29312911653,AX,284.72964840468,L1,4.19506677713651,L2,0.83067397...
check iteration duration=6.19888305664e-05
GetData ===>> H2,0.00457942923670804,H1,3644.0816554743,AX,284.807092570906,L1,4.16780302546331,L2,0.9256576741...
check iteration duration=4.29153442383e-05
GetData ===>> H2,0.0281255987584874,H1,3643.06259616203,AX,285.251881800714,L1,4.19021044102653,L2,0.8183628463...
check iteration duration=7.89165496826e-05
GetData ===>> H2,-0.046784739445773,H1,3642.08946665882,AX,285.169832956162,L1,4.15980645503526,L2,0.8790069634...
check iteration duration=4.00543212891e-05
GetData ===>> H2,-0.0154316914038903,H1,3640.06632966987,AX,284.812007064986,L1,4.18358963727556,L2,0.903440225...
testing H1>-5.0
evaluate ot="H1.bs>-5.0" t="H1>-5.0", ctx="{'H1': None}"
check iteration duration=0.000534057617188
GetData ===>> H2,-0.041823419486988,H1,3638.47631851086,AX,284.578538814695,L1,4.1930927152787,L2,0.85372153032...
check iteration duration=3.88622283936e-05
GetData ===>> H2,-0.0669683025988201,H1,3636.80935666805,AX,284.412936803461,L1,4.14644392305473,L2,0.842563258...
check iteration duration=8.29696655273e-05
GetData ===>> H2,0.0441155538192071,H1,3636.43636314871,AX,284.547804257931,L1,4.14494323103362,L2,0.8375624846...
check iteration duration=8.79764556885e-05
GetData ===>> H2,0.0177315711353036,H1,3634.39529004461,AX,284.298097112081,L1,4.129074570338,L2,0.791010413907...
check iteration duration=8.29696655273e-05
GetData ===>> H2,0.015156009345608,H1,3632.7890784559,AX,284.196156899048,L1,4.11608179381916,L2,0.844119616700...
testing H1>-5.0
evaluate ot="H1.bs>-5.0" t="H1>-5.0", ctx="{'H1': None}"
check iteration duration=0.000546216964722
GetData ===>> H2,-0.0192818122904685,H1,3631.61452701635,AX,284.192590348159,L1,4.13208333791378,L2,0.856617170...
check iteration duration=3.981590271e-05
GetData ===>> H2,0.0322173350688569,H1,3630.24606682157,AX,283.992214089334,L1,4.15047514706661,L2,0.9003599642...
check iteration duration=8.32080841064e-05
GetData ===>> H2,-0.00625354519009258,H1,3629.69510405107,AX,283.802007671128,L1,4.18872707935195,L2,0.86799456...
check iteration duration=8.48770141602e-05
GetData ===>> H2,0.029025518904246,H1,3627.16540276103,AX,284.02509561995,L1,4.18806013305127,L2,0.814026868116...
check iteration duration=6.50882720947e-05
GetData ===>> H2,-0.0425167818596763,H1,3626.49326211808,AX,283.567708911639,L1,4.15987594257771,L2,0.874061529...
testing H1>-5.0
evaluate ot="H1.bs>-5.0" t="H1>-5.0", ctx="{'H1': None}"
check iteration duration=0.00110101699829
12:13:17 -- collecting point 50
GetData ===>> H2,0.0364821972337943,H1,3624.05971245576,AX,283.693176441871,L1,4.12627766424453,L2,0.9587757853...
check iteration duration=8.79764556885e-05
GetData ===>> H2,-0.0532776806632217,H1,3622.09362532045,AX,283.477204223322,L1,4.10426003377526,L2,0.822241367...
check iteration duration=7.60555267334e-05
GetData ===>> H2,-0.0634914092212227,H1,3619.74949934448,AX,283.552118917682,L1,4.14829218533041,L2,0.919553090...
check iteration duration=6.38961791992e-05
GetData ===>> H2,-0.0153705463253647,H1,3618.98976444173,AX,283.318675121187,L1,4.16661088126083,L2,0.801257312...
check iteration duration=8.29696655273e-05
GetData ===>> H2,0.0355707914940296,H1,3618.40596492677,AX,283.2526911194,L1,4.15067059049631,L2,0.835514187794...
testing H1>-5.0
evaluate ot="H1.bs>-5.0" t="H1>-5.0", ctx="{'H1': None}"
check iteration duration=0.000647068023682
GetData ===>> H2,-0.0783177818493471,H1,3616.64685288227,AX,282.999856102539,L1,4.17076288771529,L2,0.693256176...
check iteration duration=4.60147857666e-05
GetData ===>> H2,0.00149972366108811,H1,3614.84599054917,AX,282.9954152546,L1,4.1256819226589,L2,0.834060953408...
check iteration duration=4.91142272949e-05
GetData ===>> H2,-0.0229738602474471,H1,3613.91733150546,AX,282.836237438071,L1,4.14454384955452,L2,0.854728699...
check iteration duration=8.39233398438e-05
GetData ===>> H2,-0.0231029798042894,H1,3613.77388621364,AX,282.511373557236,L1,4.13356455848555,L2,0.859226755...
check iteration duration=6.69956207275e-05
GetData ===>> H2,0.0423532345549235,H1,3611.86593155609,AX,282.667938265619,L1,4.12088669002509,L2,0.8559876761...
testing H1>-5.0
evaluate ot="H1.bs>-5.0" t="H1>-5.0", ctx="{'H1': None}"
check iteration duration=0.000562191009521
GetData ===>> H2,0.0404678965382077,H1,3610.39212386952,AX,282.729796923646,L1,4.11906710842102,L2,0.8176878395...
check iteration duration=6.48498535156e-05
GetData ===>> H2,0.0927461235429113,H1,3609.22276876569,AX,282.722372612009,L1,4.14596344988076,L2,0.8289805272...
check iteration duration=5.48362731934e-05
GetData ===>> H2,0.090736654184468,H1,3607.26827998829,AX,282.490327327232,L1,4.1332118122133,L2,0.840697950925...
check iteration duration=9.3936920166e-05
GetData ===>> H2,0.0594908415235764,H1,3605.86769061824,AX,282.250202638176,L1,4.10895866251715,L2,0.8713714120...
check iteration duration=6.89029693604e-05
GetData ===>> H2,-0.0203439668974273,H1,3604.76729286669,AX,282.205015930363,L1,4.06200188417581,L2,0.850780198...
testing H1>-5.0
evaluate ot="H1.bs>-5.0" t="H1>-5.0", ctx="{'H1': None}"
check iteration duration=0.000605821609497
GetData ===>> H2,0.0701121007707976,H1,3603.56234972875,AX,282.12534111975,L1,4.08224653005056,L2,0.78843454978...
check iteration duration=4.10079956055e-05
GetData ===>> H2,-0.0273929950024232,H1,3602.3182361547,AX,282.001470159307,L1,4.11061055039422,L2,0.7708518294...
check iteration duration=4.00543212891e-05
GetData ===>> H2,-0.0245734804370263,H1,3599.70309751205,AX,282.174100651541,L1,4.13022446795244,L2,0.774915258...
check iteration duration=8.9168548584e-05
GetData ===>> H2,0.00982023750215617,H1,3598.50098520999,AX,281.771620710699,L1,4.13709113904111,L2,0.801852697...
check iteration duration=3.981590271e-05
GetData ===>> H2,-0.114053700169918,H1,3597.68226388554,AX,281.584134458949,L1,4.10139869254106,L2,0.8211773328...
testing H1>-5.0
evaluate ot="H1.bs>-5.0" t="H1>-5.0", ctx="{'H1': None}"
check iteration duration=0.000825166702271
GetData ===>> H2,-0.00932099849783118,H1,3597.17110487395,AX,281.66483956971,L1,4.08944548820899,L2,0.839061545...
check iteration duration=5.07831573486e-05
GetData ===>> H2,0.0668898124589165,H1,3595.66022219643,AX,281.491867057999,L1,4.10442182589194,L2,0.8902725130...
check iteration duration=3.09944152832e-05
GetData ===>> H2,0.0367723909945882,H1,3593.88184410268,AX,281.39196818636,L1,4.12769628319855,L2,0.81183035223...
check iteration duration=3.38554382324e-05
GetData ===>> H2,0.0334962180244528,H1,3591.59371345207,AX,281.335991167306,L1,4.11703828607015,L2,0.8041197705...
check iteration duration=3.69548797607e-05
GetData ===>> H2,0.0391868707020618,H1,3589.85564575969,AX,280.857949296086,L1,4.11501702637171,L2,0.8202048383...
testing H1>-5.0
evaluate ot="H1.bs>-5.0" t="H1>-5.0", ctx="{'H1': None}"
check iteration duration=0.0010769367218
12:13:43 -- collecting point 75
GetData ===>> H2,-0.0802175198404097,H1,3588.74954087047,AX,280.885292475752,L1,4.12146340549275,L2,0.843421541...
check iteration duration=6.48498535156e-05
GetData ===>> H2,-0.0870374301521248,H1,3587.50228157494,AX,280.8799936036,L1,4.05822186564528,L2,0.91271595844...
check iteration duration=3.40938568115e-05
GetData ===>> H2,-0.0920569408136703,H1,3586.08728457156,AX,280.947045793375,L1,4.00229558107619,L2,0.882830690...
check iteration duration=7.41481781006e-05
GetData ===>> H2,-0.0430432206028763,H1,3585.06340509319,AX,280.669311566034,L1,4.0646984999383,L2,0.9189919002...
check iteration duration=6.00814819336e-05
GetData ===>> H2,-0.0545760960914011,H1,3583.40432562467,AX,280.516561624051,L1,4.10751218088527,L2,0.953986642...
testing H1>-5.0
evaluate ot="H1.bs>-5.0" t="H1>-5.0", ctx="{'H1': None}"
check iteration duration=0.000581026077271
GetData ===>> H2,-0.122684026461263,H1,3581.99997369101,AX,280.425417768513,L1,4.13524168919786,L2,0.8919212408...
check iteration duration=9.48905944824e-05
GetData ===>> H2,-0.0403578572159428,H1,3580.62496816908,AX,280.399567757123,L1,4.13470816300063,L2,0.876797513...
check iteration duration=7.91549682617e-05
GetData ===>> H2,0.055495450236162,H1,3578.94849951745,AX,280.236316581535,L1,4.12511512772222,L2,0.86620888679...
check iteration duration=6.31809234619e-05
GetData ===>> H2,-0.0190807795680225,H1,3577.69918012884,AX,280.159032856741,L1,4.10287188837887,L2,0.830570992...
check iteration duration=8.08238983154e-05
GetData ===>> H2,0.0265383178220319,H1,3575.81330130153,AX,279.789582314029,L1,4.06229026358427,L2,0.7472758901...
testing H1>-5.0
evaluate ot="H1.bs>-5.0" t="H1>-5.0", ctx="{'H1': None}"
check iteration duration=0.000597953796387
GetData ===>> H2,0.0037580931681908,H1,3575.07019453482,AX,279.898398344585,L1,4.08484874764281,L2,0.8723100828...
check iteration duration=7.79628753662e-05
GetData ===>> H2,-0.0546195097230667,H1,3573.10285235269,AX,279.981788709302,L1,4.07134454511164,L2,0.819621346...
check iteration duration=8.20159912109e-05
GetData ===>> H2,-0.0953594137157356,H1,3571.96503675008,AX,279.826734775793,L1,4.10556598891604,L2,0.851901785...
check iteration duration=7.39097595215e-05
GetData ===>> H2,-0.061041546618581,H1,3570.79448213586,AX,279.793823168468,L1,4.09963253786716,L2,0.7618900016...
check iteration duration=8.6784362793e-05
GetData ===>> H2,-0.00733187078154305,H1,3569.93649269258,AX,279.556448591766,L1,4.08408519933579,L2,0.85360707...
testing H1>-5.0
evaluate ot="H1.bs>-5.0" t="H1>-5.0", ctx="{'H1': None}"
check iteration duration=0.00197887420654
GetData ===>> H2,0.00116936751286654,H1,3568.04020981661,AX,279.721900717199,L1,4.06384763115,L2,0.837230634676...
check iteration duration=9.08374786377e-05
GetData ===>> H2,0.0920307557410915,H1,3566.75966301446,AX,279.133259948177,L1,4.09152932169962,L2,0.8397367021...
check iteration duration=8.10623168945e-05
GetData ===>> H2,0.0984023777737307,H1,3566.02950878299,AX,279.459401698298,L1,4.08262751865533,L2,0.8220926307...
check iteration duration=3.38554382324e-05
GetData ===>> H2,0.0178854153530158,H1,3563.5306766795,AX,279.513487582761,L1,4.11484222273907,L2,0.88987178489...
check iteration duration=5.00679016113e-05
GetData ===>> H2,-0.00880029659098904,H1,3561.92767631397,AX,279.385781083958,L1,4.07876334907885,L2,0.89124571...
testing H1>-5.0
evaluate ot="H1.bs>-5.0" t="H1>-5.0", ctx="{'H1': None}"
check iteration duration=0.00111794471741
GetData ===>> H2,-0.0437093749657589,H1,3560.61319622393,AX,279.232933688771,L1,4.07119158879151,L2,0.875263521...
check iteration duration=5.91278076172e-05
GetData ===>> H2,-0.0916450803483561,H1,3559.63915353553,AX,279.16164083922,L1,4.09851492453813,L2,0.8055052307...
check iteration duration=4.79221343994e-05
GetData ===>> H2,-0.131093045799789,H1,3558.67005024733,AX,278.855610159602,L1,4.09880803537644,L2,0.7487635210...
check iteration duration=0.0001060962677
GetData ===>> H2,-0.0858064916784562,H1,3557.17199484744,AX,278.924128370731,L1,4.08452398113831,L2,0.905444166...
check iteration duration=7.5101852417e-05
GetData ===>> H2,0.0456397568080078,H1,3556.15677736487,AX,278.818882596297,L1,4.05266723272504,L2,0.9692829455...
testing H1>-5.0
evaluate ot="H1.bs>-5.0" t="H1>-5.0", ctx="{'H1': None}"
check iteration duration=0.000576972961426
12:14:10 -- collecting point 100
GetData ===>> H2,-0.00682331630282158,H1,3554.90427898167,AX,278.604016045448,L1,4.07326099185293,L2,0.76224479...
check iteration duration=9.20295715332e-05
GetData ===>> H2,0.0647153146058441,H1,3552.54259329943,AX,278.338912965126,L1,4.05855195750403,L2,0.7866257620...
check iteration duration=5.69820404053e-05
GetData ===>> H2,0.100180946587827,H1,3551.38123808856,AX,278.277697765185,L1,4.01139334123033,L2,0.80444037114...
check iteration duration=8.70227813721e-05
GetData ===>> H2,0.0393040649730145,H1,3550.55860952522,AX,278.393687506099,L1,4.04472328876358,L2,0.8078264160...
check iteration duration=4.10079956055e-05
GetData ===>> H2,0.0757229283376781,H1,3548.79911179181,AX,278.558210671338,L1,4.06747794074463,L2,0.8854638852...
testing H1>-5.0
evaluate ot="H1.bs>-5.0" t="H1>-5.0", ctx="{'H1': None}"
check iteration duration=0.000741004943848
GetData ===>> H2,0.0214213147776949,H1,3546.97979875859,AX,278.275387004475,L1,4.0905906136031,L2,0.94990803992...
check iteration duration=8.70227813721e-05
GetData ===>> H2,-0.139196854751178,H1,3545.37243662655,AX,277.990504900124,L1,4.09447562630817,L2,0.7268747856...
check iteration duration=9.10758972168e-05
GetData ===>> H2,0.0236202565419846,H1,3544.46855484771,AX,277.858121628228,L1,4.12260246295521,L2,0.8906274451...
check iteration duration=4.10079956055e-05
GetData ===>> H2,0.0381062871143303,H1,3543.68018210146,AX,277.838239228029,L1,4.11358255535878,L2,0.8255937256...
check iteration duration=7.29560852051e-05
GetData ===>> H2,0.0275565481633151,H1,3541.24838789394,AX,277.753490257417,L1,4.06888593426989,L2,0.7649000753...
testing H1>-5.0
evaluate ot="H1.bs>-5.0" t="H1>-5.0", ctx="{'H1': None}"
check iteration duration=0.00058388710022
GetData ===>> H2,0.142770231676364,H1,3540.03910661023,AX,277.654591233322,L1,4.1085020123128,L2,0.756991680467...
check iteration duration=9.89437103271e-05
GetData ===>> H2,0.0997929710245613,H1,3538.78529672259,AX,277.617126560997,L1,4.1198937629734,L2,0.71457671891...
check iteration duration=9.60826873779e-05
GetData ===>> H2,-0.0110990911262302,H1,3537.17680183564,AX,277.210682906643,L1,4.07063894196745,L2,0.825101734...
check iteration duration=8.70227813721e-05
GetData ===>> H2,-0.0368478834484899,H1,3536.04644463889,AX,277.23585088434,L1,4.00240345361007,L2,0.8090733382...
check iteration duration=6.07967376709e-05
GetData ===>> H2,0.0037580931681908,H1,3534.29179506714,AX,277.315421847698,L1,4.05944137645939,L2,0.8400685607...
testing H1>-5.0
evaluate ot="H1.bs>-5.0" t="H1>-5.0", ctx="{'H1': None}"
check iteration duration=0.00107288360596
GetData ===>> H2,-0.0757576472560667,H1,3534.21700723692,AX,276.9778486599,L1,4.05110426643462,L2,0.82139471527...
check iteration duration=3.81469726562e-05
GetData ===>> H2,0.0153887661624004,H1,3531.24122840594,AX,276.861955192811,L1,4.05559730720832,L2,0.8918639929...
check iteration duration=6.60419464111e-05
GetData ===>> H2,-0.0678377767174326,H1,3530.54501771615,AX,277.097286100231,L1,4.03392774864309,L2,0.817470465...
check iteration duration=6.103515625e-05
GetData ===>> H2,-0.00264388052554667,H1,3529.37149635789,AX,276.880192564438,L1,4.08206325571081,L2,0.79934523...
check iteration duration=8.39233398438e-05
GetData ===>> H2,0.0104297583293097,H1,3527.92149056675,AX,276.605332598209,L1,4.09343295615924,L2,0.7925101710...
testing H1>-5.0
evaluate ot="H1.bs>-5.0" t="H1>-5.0", ctx="{'H1': None}"
check iteration duration=0.00058913230896
GetData ===>> H2,0.0533469702914049,H1,3525.88635349602,AX,276.545265540323,L1,4.07784726862623,L2,0.7675439821...
check iteration duration=4.29153442383e-05
waiting for write to finish
measurement finished
estimated time: 125.829 actual time: :126.387
flush and close file /Users/jan/PychronDev/data/isotopes/ca/b32ba8-2c22-4d60-9126-e43145c9f57d.h5
baselines () {'settling_time': 15.0, 'detector': 'H1', 'mass': 34.2, 'ncounts': 60}
%%%%%%%%%%%%%%%%%%%%%%%%%%%%%%%% Baseline
build tables- baseline [Detector(H2), Detector(H1), Detector(AX), Detector(L1), Detector(L2), Detector(CDD)]
add group baseline table H2
add group baseline table H1
add group baseline table AX
add group baseline table L1
add group baseline table L2
add group baseline table CDD
flush and close file /Users/jan/PychronDev/data/isotopes/ca/b32ba8-2c22-4d60-9126-e43145c9f57d.h5
detector Detector(H1)
POSITION 34.2 H1
Mapping mass to dac mass func: "parabolic"
H1 map mass coeffs = [-0.00063987  0.15840543  0.57242999]
H1 map mass to dac 34.2 >> 5.24147599104
GetDeflection H1 ===>> 0
GetHighVoltage ===>> 4499.94659342336
positioning 34.2 (5.24144512448) on H1
setting magnet DAC
current  : 5.880785
requested: 5.241445
Delta Dac: 0.639340
Checking detector protection. dv=0.63934
Checking detector "CDD". Protection Threshold: 0.1 (V)
ProtectDetector CDD,On ===>> OK
GetDeflection CDD ===>> 2000
Protected = 2000
SetMagnetDAC 5.24144512448 ===>> OK
Magnet settling time: 0.500
GetMagnetMoving ===>> True
GetMagnetMoving ===>> True
GetMagnetMoving ===>> True
GetMagnetMoving ===>> True
GetMagnetMoving ===>> True
GetMagnetMoving ===>> True
GetMagnetMoving ===>> True
GetMagnetMoving ===>> True
GetMagnetMoving ===>> False
ProtectDetector CDD,Off ===>> OK
GetDeflection CDD ===>> 50
Delaying 15.0s for detectors to settle
Join finished
measuring baseline. ncounts=60
"baseline" increment series count="2" fit count="1" regressing="True"
starting measurement
check iteration duration=4.41074371338e-05
GetData ===>> H2,-0.0589668178725841,H1,-0.199940419429345,AX,-0.128497774262215,L1,-0.0455932947432982,L2,0.01...
check iteration duration=8.29696655273e-05
GetData ===>> H2,-0.13060099923105,H1,-0.146899632856523,AX,-0.109287166074278,L1,-0.0750867079194225,L2,-0.009...
check iteration duration=8.48770141602e-05
GetData ===>> H2,-0.19613531369285,H1,-0.171456842179274,AX,-0.0245669474474951,L1,-0.0764212634694584,L2,0.070...
check iteration duration=8.60691070557e-05
GetData ===>> H2,-0.213436567435736,H1,-0.169800016279864,AX,-0.117085415596016,L1,-0.0630544090111447,L2,-0.03...
testing H1>-5.0
evaluate ot="H1.bs>-5.0" t="H1>-5.0", ctx="{'H1': None}"
check iteration duration=0.000585794448853
GetData ===>> H2,-0.206665854861657,H1,-0.0975666114796823,AX,-0.146582909698794,L1,-0.0436167218391516,L2,-0.0...
check iteration duration=8.60691070557e-05
GetData ===>> H2,-0.134322822762333,H1,-0.0912265881668482,AX,-0.223214478514459,L1,-0.0151703988144699,L2,-0.0...
check iteration duration=9.3936920166e-05
GetData ===>> H2,0.0244095839145868,H1,-0.0618808718349627,AX,-0.063446780291294,L1,-0.0212549675261794,L2,-0.0...
check iteration duration=3.91006469727e-05
GetData ===>> H2,-0.0229113386734239,H1,-0.0540364079803844,AX,-0.135776385713544,L1,-0.0383231948946024,L2,0.0...
check iteration duration=9.20295715332e-05
GetData ===>> H2,-0.152651069631866,H1,-0.0340052000266099,AX,-0.0877199554642785,L1,-0.0468106509958153,L2,-0....
testing H1>-5.0
evaluate ot="H1.bs>-5.0" t="H1>-5.0", ctx="{'H1': None}"
check iteration duration=0.00171899795532
GetData ===>> H2,-0.194274401311971,H1,-0.0939795423753996,AX,-0.164424960451139,L1,-0.030358157268876,L2,0.032...
check iteration duration=7.29560852051e-05
GetData ===>> H2,-0.0999579781967284,H1,-0.014458984574328,AX,-0.0151954313024887,L1,-0.0649621271932418,L2,0.0...
check iteration duration=7.70092010498e-05
GetData ===>> H2,-0.0820857828557581,H1,-0.0379759902077613,AX,-0.174509662057884,L1,-0.0426791803360568,L2,-0....
check iteration duration=4.00543212891e-05
GetData ===>> H2,-0.152584850340326,H1,-0.0704280146139656,AX,-0.152553810877392,L1,-0.0192191931530845,L2,-0.0...
check iteration duration=5.69820404053e-05
GetData ===>> H2,-0.296076194055831,H1,-0.0208754297818857,AX,-0.0363728454261625,L1,-0.0360084967479944,L2,-0....
testing H1>-5.0
evaluate ot="H1.bs>-5.0" t="H1>-5.0", ctx="{'H1': None}"
check iteration duration=0.00294208526611
GetData ===>> H2,-0.312052562135859,H1,-0.0669949403874657,AX,0.00635784007229097,L1,-0.0286440753590055,L2,0.0...
check iteration duration=3.19480895996e-05
GetData ===>> H2,-0.185896481713891,H1,-0.0840876224198482,AX,-0.00897818510814255,L1,-0.0288189706161055,L2,0....
check iteration duration=8.89301300049e-05
GetData ===>> H2,-0.165633386469181,H1,0.0742098839419782,AX,-0.043713118873615,L1,-0.0471038956971178,L2,0.052...
check iteration duration=6.98566436768e-05
GetData ===>> H2,-0.28705151479921,H1,-0.0405038586402061,AX,0.0030978624609681,L1,-0.0622732762065063,L2,0.022...
check iteration duration=7.00950622559e-05
GetData ===>> H2,-0.213099878883287,H1,0.0864229245057803,AX,-0.0645829092323724,L1,-0.0576546183935937,L2,-0.0...
testing H1>-5.0
evaluate ot="H1.bs>-5.0" t="H1>-5.0", ctx="{'H1': None}"
check iteration duration=0.000590085983276
GetData ===>> H2,-0.0530782244219365,H1,0.103814765664434,AX,-0.101094275205314,L1,-0.059517892250773,L2,0.0311...
check iteration duration=5.69820404053e-05
GetData ===>> H2,-0.197694414173441,H1,-0.0248109640240245,AX,-0.198430564623942,L1,-0.0582003528995489,L2,-0.0...
check iteration duration=8.41617584229e-05
GetData ===>> H2,-0.239035189555743,H1,0.0377465673082391,AX,-0.116471311637424,L1,-0.0425594369354659,L2,-0.06...
check iteration duration=8.51154327393e-05
GetData ===>> H2,-0.214120687689852,H1,-0.0160929511075601,AX,-0.054450025580272,L1,-0.0596423375311265,L2,-0.0...
check iteration duration=8.70227813721e-05
GetData ===>> H2,-0.231468242850186,H1,0.0258977181756272,AX,-0.0563050946230148,L1,-0.057823368415123,L2,0.003...
testing H1>-5.0
evaluate ot="H1.bs>-5.0" t="H1>-5.0", ctx="{'H1': None}"
check iteration duration=0.000585079193115
12:15:15 -- collecting point 25
GetData ===>> H2,-0.237443666259878,H1,0.0366725956983728,AX,-0.0724542954222319,L1,-0.0391701070252751,L2,0.04...
check iteration duration=8.79764556885e-05
GetData ===>> H2,-0.274772145723519,H1,0.038402888963396,AX,-0.0216094500743014,L1,-0.0252725545483995,L2,-0.04...
check iteration duration=8.60691070557e-05
GetData ===>> H2,-0.301508727197017,H1,0.073542026240392,AX,-0.165503030196008,L1,0.00377761515677607,L2,0.0597...
check iteration duration=7.91549682617e-05
GetData ===>> H2,-0.201743565065113,H1,0.044632192328309,AX,-0.0381007005303302,L1,-0.0241676383869569,L2,0.058...
check iteration duration=5.91278076172e-05
GetData ===>> H2,-0.219939032748291,H1,0.0619139746339982,AX,0.0337297161914634,L1,0.0207727620037807,L2,0.0285...
testing H1>-5.0
evaluate ot="H1.bs>-5.0" t="H1>-5.0", ctx="{'H1': None}"
check iteration duration=0.000961065292358
GetData ===>> H2,-0.156397910743187,H1,0.0480095437248142,AX,-0.0856452645540752,L1,0.0240929401673884,L2,0.002...
check iteration duration=4.48226928711e-05
GetData ===>> H2,-0.279663296147086,H1,0.139299670231208,AX,-0.067179725573027,L1,0.0398122067019706,L2,0.03565...
check iteration duration=4.91142272949e-05
GetData ===>> H2,-0.136357867446037,H1,0.0800657556043528,AX,-0.0758623269620993,L1,-0.0196232635912907,L2,-0.0...
check iteration duration=6.5803527832e-05
GetData ===>> H2,-0.106104094343355,H1,0.00866986960816902,AX,-0.118475825328108,L1,-0.0293220769973702,L2,-0.0...
check iteration duration=4.48226928711e-05
GetData ===>> H2,-0.236315022978069,H1,0.00287224387383063,AX,-0.190260569150104,L1,-0.0219190827622466,L2,-0.1...
testing H1>-5.0
evaluate ot="H1.bs>-5.0" t="H1>-5.0", ctx="{'H1': None}"
check iteration duration=0.00107192993164
GetData ===>> H2,-0.35498079557373,H1,0.0487494733785844,AX,-0.138269413555383,L1,0.0122616159186696,L2,-0.0812...
check iteration duration=7.79628753662e-05
GetData ===>> H2,-0.302085503236141,H1,0.0629404726753659,AX,-0.0350624382148977,L1,0.00152312135977898,L2,0.17...
check iteration duration=3.19480895996e-05
GetData ===>> H2,-0.168805120578266,H1,-0.00531066462132728,AX,-0.00490660160988291,L1,-0.0314156874898367,L2,-...
check iteration duration=4.10079956055e-05
GetData ===>> H2,-0.141218861946828,H1,0.0560297179948545,AX,-0.00921017903915117,L1,-0.0243270318328274,L2,-0....
check iteration duration=3.69548797607e-05
GetData ===>> H2,-0.161402125807,H1,0.0751401217347737,AX,-0.142153771459607,L1,-0.00124808601425861,L2,-0.0416...
testing H1>-5.0
evaluate ot="H1.bs>-5.0" t="H1>-5.0", ctx="{'H1': None}"
check iteration duration=0.000576019287109
GetData ===>> H2,-0.213894447777577,H1,0.125672170897251,AX,-0.0753175136092696,L1,-0.0225412014846057,L2,-0.03...
check iteration duration=3.88622283936e-05
GetData ===>> H2,-0.136968985672591,H1,0.00220422626855417,AX,-0.112983591100192,L1,-0.0166541064772785,L2,-0.0...
check iteration duration=3.81469726562e-05
GetData ===>> H2,-0.214291711285506,H1,0.04260344944107,AX,-0.0754102480124315,L1,-0.00348825790772886,L2,-0.08...
check iteration duration=4.6968460083e-05
GetData ===>> H2,-0.237915806568673,H1,0.021125164065139,AX,-0.103597409826528,L1,0.020078342565087,L2,-0.00070...
check iteration duration=0.000108957290649
GetData ===>> H2,-0.279020127633247,H1,0.108932693232622,AX,-0.134999475606759,L1,0.00324815993083259,L2,0.0644...
testing H1>-5.0
evaluate ot="H1.bs>-5.0" t="H1>-5.0", ctx="{'H1': None}"
check iteration duration=0.000609159469604
GetData ===>> H2,-0.256728558385737,H1,0.0821529616830353,AX,-0.179667524761937,L1,-0.00691414484167632,L2,0.03...
check iteration duration=4.19616699219e-05
GetData ===>> H2,-0.164583144360709,H1,0.0954166820021253,AX,-0.0715153269833045,L1,-0.00858348236361435,L2,0.0...
check iteration duration=8.08238983154e-05
GetData ===>> H2,-0.211994123145907,H1,0.1234170104911,AX,0.00190295139127603,L1,0.00135387461970199,L2,-0.0051...
check iteration duration=8.51154327393e-05
GetData ===>> H2,-0.158217512585757,H1,0.122450528717377,AX,-0.0853091372814306,L1,0.0193407244848395,L2,-0.030...
check iteration duration=6.79492950439e-05
GetData ===>> H2,-0.293386462724318,H1,0.091158263782032,AX,-0.111998663988513,L1,-0.0167524528510176,L2,0.0546...
testing H1>-5.0
evaluate ot="H1.bs>-5.0" t="H1>-5.0", ctx="{'H1': None}"
check iteration duration=0.000656127929688
12:15:41 -- collecting point 50
GetData ===>> H2,-0.246190938517881,H1,0.0159233392297732,AX,0.0446156276570159,L1,-0.0437340580394407,L2,0.014...
check iteration duration=7.70092010498e-05
GetData ===>> H2,-0.168029140025855,H1,0.0995082739979615,AX,-0.0653132708327203,L1,-0.0297113682322236,L2,-0.0...
check iteration duration=8.79764556885e-05
GetData ===>> H2,-0.205655154129696,H1,0.0629882170264608,AX,0.0138875294910129,L1,-0.0161083865722357,L2,0.025...
check iteration duration=3.69548797607e-05
GetData ===>> H2,-0.136278095160003,H1,0.0827731684446721,AX,-0.0786095307993487,L1,-0.000498051016969477,L2,0....
check iteration duration=4.50611114502e-05
GetData ===>> H2,-0.0377166551426498,H1,0.083655776997227,AX,-0.11984304218629,L1,0.0231711596410691,L2,-0.0135...
testing H1>-5.0
evaluate ot="H1.bs>-5.0" t="H1>-5.0", ctx="{'H1': None}"
check iteration duration=0.000992059707642
GetData ===>> H2,-0.158509270115321,H1,0.0847530849640289,AX,-0.19336640716628,L1,0.0422885642178868,L2,0.00870...
check iteration duration=8.01086425781e-05
GetData ===>> H2,-0.32466023859346,H1,0.0644205581440851,AX,-0.0110661105818737,L1,-0.0138043709682974,L2,0.059...
check iteration duration=8.39233398438e-05
GetData ===>> H2,-0.231998502780718,H1,0.105508782662844,AX,-0.160958827287648,L1,-0.0184961423424985,L2,0.1087...
check iteration duration=3.38554382324e-05
GetData ===>> H2,-0.151870346058975,H1,-0.0226762540483925,AX,-0.205997338202784,L1,-0.0185417092677333,L2,-0.0...
check iteration duration=8.58306884766e-05
GetData ===>> H2,-0.27265897444619,H1,0.0414220239938203,AX,-0.115498006856486,L1,-0.00668866711728857,L2,-0.00...
testing H1>-5.0
evaluate ot="H1.bs>-5.0" t="H1>-5.0", ctx="{'H1': None}"
check iteration duration=0.000534057617188
GetData ===>> H2,-0.205969154828353,H1,0.0409208174096733,AX,-0.0409649296715143,L1,0.0147576499954392,L2,-0.04...
check iteration duration=1.78813934326e-05
waiting for write to finish
measurement finished
estimated time: 62.915 actual time: :63.226
flush and close file /Users/jan/PychronDev/data/isotopes/ca/b32ba8-2c22-4d60-9126-e43145c9f57d.h5
activate_detectors ('H1', 'AX', 'CDD') {'peak_center': True}
peak_center () {'detector': 'H1', 'integration_time': 0.262144, 'isotope': 'Ar40'}
peak center: mean=3532.5482932 threshold=3
peak center started
setup peak center. detector=['H1', 'AX', 'CDD'], isotope=Ar40
VersionedUnpickler [<apptools.sweet_pickle.versioned_unpickler.VersionedUnpickler object at 0x24dd6afb0>] using Updater [<apptools.sweet_pickle.updater.Updater object at 0x12e273d10>]
VersionedUnpickler [<apptools.sweet_pickle.versioned_unpickler.VersionedUnpickler object at 0x24dd6afb0>] using Updater [<apptools.sweet_pickle.updater.Updater object at 0x12e273d10>]
VersionedUnpickler [<apptools.sweet_pickle.versioned_unpickler.VersionedUnpickler object at 0x248f494d0>] using Updater [<apptools.sweet_pickle.updater.Updater object at 0x12e273d10>]
setting integration time = 0.524288
SetIntegrationTime 0.524288 ===>> OK
Mapping mass to dac mass func: "parabolic"
H1 map mass coeffs = [-0.00063987  0.15840543  0.57242999]
H1 map mass to dac 39.9624 >> 5.88082
GetDeflection H1 ===>> 0
GetHighVoltage ===>> 4499.94659342336
do peak center. <pychron.spectrometer.jobs.peak_center.PeakCenter object at 0x16275af50>
doing pc
starting peak center. center dac= 5.8807853684 step_width=0.001
width = 0.001
get scan parameters. half-width=0.015,window=0.015, i=0, scalar=1
Scan parameters center=5.88079 width=0.03000 (5.86579 - 5.89579)
GetData ===>> H2,-0.184244164368778,H1,0.00759620987953471,AX,-0.0673188387784406,L1,-0.00416848997748766,L2,-0...
Moving to starting dac 5.8657853684
setting magnet DAC
current  : 5.241445
requested: 5.865785
Delta Dac: 0.624340
Checking detector protection. dv=0.62434
Checking detector "CDD". Protection Threshold: 0.1 (V)
ProtectDetector CDD,On ===>> OK
GetDeflection CDD ===>> 2000
Protected = 2000
SetMagnetDAC 5.8657853684 ===>> OK
Magnet settling time: 0.500
GetMagnetMoving ===>> True
GetMagnetMoving ===>> True
GetMagnetMoving ===>> True
GetMagnetMoving ===>> True
GetMagnetMoving ===>> True
GetMagnetMoving ===>> True
GetMagnetMoving ===>> True
GetMagnetMoving ===>> True
GetMagnetMoving ===>> False
ProtectDetector CDD,Off ===>> OK
GetDeflection CDD ===>> 50
Wait until signal near baseline. tol= 0.00569715740965. timeout= 10
GetData ===>> H2,144.259838318076,H1,73.4205865193511,AX,3.67539135770792,L1,0.106416817304533,L2,0.05401138321...
GetData ===>> H2,144.259838318076,H1,73.4205865193511,AX,3.67539135770792,L1,0.106416817304533,L2,0.05401138321...
GetData ===>> H2,151.722907972793,H1,99.1365500890622,AX,6.49939755993398,L1,0.102004611964031,L2,0.00519251522...
GetData ===>> H2,151.714524286612,H1,47.9985884181856,AX,2.78330008814204,L1,0.0731487727665854,L2,0.0067639898...
GetData ===>> H2,137.500786541795,H1,24.6222856043242,AX,1.26308596432441,L1,0.0556672936344209,L2,-0.075032250...
GetData ===>> H2,81.262350849774,H1,13.6421327608005,AX,0.746226963414878,L1,0.0430884889888868,L2,0.0602778575...
GetData ===>> H2,35.6870280560654,H1,8.28509565016049,AX,0.358760184111302,L1,0.0375228082750753,L2,-0.06929763...
GetData ===>> H2,13.0817160039607,H1,5.72933477674542,AX,0.217730957284337,L1,0.0675701823861508,L2,-0.10681530...
GetData ===>> H2,4.50105949671729,H1,4.52970413078873,AX,0.187145817514786,L1,0.064667740770472,L2,-0.052683531...
GetData ===>> H2,2.01342245418873,H1,3.9051408030357,AX,0.154900264446505,L1,0.0181390727815145,L2,-0.053184272...
GetData ===>> H2,1.53672783187535,H1,3.58916915322387,AX,0.163273803031866,L1,0.0182014714111044,L2,0.104291462...
GetData ===>> H2,1.45275887169028,H1,3.47021158674685,AX,0.197540903381135,L1,5.64107653686814E-05,L2,0.0622832...
GetData ===>> H2,1.36707871888799,H1,3.28860056573832,AX,0.139268492485812,L1,0.00207289280707443,L2,-0.0275520...
GetData ===>> H2,1.27242156386018,H1,3.23259164407295,AX,0.188816381521596,L1,0.023975015612342,L2,-0.082541339...
GetData ===>> H2,1.10907456734038,H1,3.20769792433204,AX,0.285107812570806,L1,0.0201432217979298,L2,-0.09136945...
GetData ===>> H2,1.01114457031348,H1,3.1774849412826,AX,0.128415859189804,L1,0.0108914611204978,L2,0.0361257051...
GetData ===>> H2,0.989120213687818,H1,3.28193698895081,AX,0.089514004745057,L1,0.0415801123693464,L2,0.03981648...
GetData ===>> H2,0.887967383677942,H1,3.17871943055865,AX,0.0965838061961938,L1,0.028927773509438,L2,0.03582953...
GetData ===>> H2,0.705447752986158,H1,3.23007293625264,AX,0.139825070377813,L1,0.0383548194612512,L2,0.01653504...
GetData ===>> H2,0.639259932239946,H1,3.2060514728727,AX,0.0934544865066538,L1,-0.00405212196485351,L2,0.118085...
GetData ===>> H2,0.59803962942675,H1,3.10882247764031,AX,0.151003683025216,L1,-0.0244499437682218,L2,-0.0234994...
Peak center failed to move to a baseline position
_do_sweep sm= 5.8657853684, em= 5.8957853684, stm= 0.001
calculated step values: start=5.8657853684, end=5.8957853684, width=0.001, nsteps=31.0
setting magnet DAC
current  : 5.865785
requested: 5.865785
Delta Dac: 0.000000
Checking detector protection. dv=0.00000
Checking detector "CDD". Protection Threshold: 0.1 (V)
SetMagnetDAC 5.8657853684 ===>> OK
GetData ===>> H2,0.59803962942675,H1,3.10882247764031,AX,0.151003683025216,L1,-0.0244499437682218,L2,-0.0234994...
setting magnet DAC
current  : 5.865785
requested: 5.866820
Delta Dac: 0.001034
Checking detector protection. dv=0.00103
Checking detector "CDD". Protection Threshold: 0.1 (V)
SetMagnetDAC 5.86681985116 ===>> OK
Magnet settling time: 1.049
GetData ===>> H2,0.498553921500374,H1,5.89531170070659,AX,0.40430378264294,L1,0.0193007106106843,L2,-0.02834889...
setting magnet DAC
current  : 5.866820
requested: 5.867854
Delta Dac: 0.001034
Checking detector protection. dv=0.00103
Checking detector "CDD". Protection Threshold: 0.1 (V)
SetMagnetDAC 5.86785433392 ===>> OK
Magnet settling time: 1.049
GetData ===>> H2,0.409250124854487,H1,16.3822965659385,AX,1.04569576910857,L1,0.0170471592916658,L2,0.048679506...
setting magnet DAC
current  : 5.867854
requested: 5.868889
Delta Dac: 0.001034
Checking detector protection. dv=0.00103
Checking detector "CDD". Protection Threshold: 0.1 (V)
SetMagnetDAC 5.86888881668 ===>> OK
Magnet settling time: 1.049
GetData ===>> H2,0.381725398238597,H1,56.3768977141472,AX,3.21807130179976,L1,0.0414550258679164,L2,-0.02625432...
setting magnet DAC
current  : 5.868889
requested: 5.869923
Delta Dac: 0.001034
Checking detector protection. dv=0.00103
Checking detector "CDD". Protection Threshold: 0.1 (V)
SetMagnetDAC 5.86992329944 ===>> OK
Magnet settling time: 1.049
GetData ===>> H2,0.192289521022115,H1,196.70284244487,AX,10.2063858058888,L1,0.0639747437054174,L2,0.0165350419...
setting magnet DAC
current  : 5.869923
requested: 5.870958
Delta Dac: 0.001034
Checking detector protection. dv=0.00103
Checking detector "CDD". Protection Threshold: 0.1 (V)
SetMagnetDAC 5.8709577822 ===>> OK
Magnet settling time: 1.049
GetData ===>> H2,0.310802358729155,H1,577.90557753182,AX,30.8802871196251,L1,0.12000546325013,L2,-0.03440467768...
setting magnet DAC
current  : 5.870958
requested: 5.871992
Delta Dac: 0.001034
Checking detector protection. dv=0.00103
Checking detector "CDD". Protection Threshold: 0.1 (V)
SetMagnetDAC 5.87199226495 ===>> OK
Magnet settling time: 1.049
GetData ===>> H2,0.299042351823403,H1,1274.06590664731,AX,74.7708783673206,L1,0.468405278518479,L2,-0.001525817...
setting magnet DAC
current  : 5.871992
requested: 5.873027
Delta Dac: 0.001034
Checking detector protection. dv=0.00103
Checking detector "CDD". Protection Threshold: 0.1 (V)
SetMagnetDAC 5.87302674771 ===>> OK
Magnet settling time: 1.049
GetData ===>> H2,0.117449557583436,H1,2121.60777356939,AX,136.772969605498,L1,1.05366254582239,L2,0.08938246445...
setting magnet DAC
current  : 5.873027
requested: 5.874061
Delta Dac: 0.001034
Checking detector protection. dv=0.00103
Checking detector "CDD". Protection Threshold: 0.1 (V)
SetMagnetDAC 5.87406123047 ===>> OK
Magnet settling time: 1.049
GetData ===>> H2,0.182061872629351,H1,3024.83012439896,AX,219.201011371275,L1,2.19356961789325,L2,0.26360205720...
setting magnet DAC
current  : 5.874061
requested: 5.875096
Delta Dac: 0.001034
Checking detector protection. dv=0.00103
Checking detector "CDD". Protection Threshold: 0.1 (V)
SetMagnetDAC 5.87509571323 ===>> OK
Magnet settling time: 1.049
GetData ===>> H2,0.0746408615739492,H1,3261.23401653327,AX,248.681813391127,L1,2.8002488023515,L2,0.47090020099...
setting magnet DAC
current  : 5.875096
requested: 5.876130
Delta Dac: 0.001034
Checking detector protection. dv=0.00103
Checking detector "CDD". Protection Threshold: 0.1 (V)
SetMagnetDAC 5.87613019599 ===>> OK
Magnet settling time: 1.049
GetData ===>> H2,0.0643677571601422,H1,3340.40616001389,AX,260.039901653645,L1,3.28176510741286,L2,0.7351782527...
setting magnet DAC
current  : 5.876130
requested: 5.877165
Delta Dac: 0.001034
Checking detector protection. dv=0.00103
Checking detector "CDD". Protection Threshold: 0.1 (V)
SetMagnetDAC 5.87716467875 ===>> OK
Magnet settling time: 1.049
GetData ===>> H2,0.170643655064639,H1,3362.07654417407,AX,263.256805247124,L1,3.51870159693921,L2,0.76236484956...
setting magnet DAC
current  : 5.877165
requested: 5.878199
Delta Dac: 0.001034
Checking detector protection. dv=0.00103
Checking detector "CDD". Protection Threshold: 0.1 (V)
SetMagnetDAC 5.87819916151 ===>> OK
Magnet settling time: 1.049
GetData ===>> H2,0.115341224668684,H1,3366.39866049903,AX,264.183233307586,L1,3.63552003022734,L2,0.77007178639...
setting magnet DAC
current  : 5.878199
requested: 5.879234
Delta Dac: 0.001034
Checking detector protection. dv=0.00103
Checking detector "CDD". Protection Threshold: 0.1 (V)
SetMagnetDAC 5.87923364426 ===>> OK
Magnet settling time: 1.049
GetData ===>> H2,0.062686795068166,H1,3367.13010140995,AX,264.139386576838,L1,3.716119458096,L2,0.7436832403757...
setting magnet DAC
current  : 5.879234
requested: 5.880268
Delta Dac: 0.001034
Checking detector protection. dv=0.00103
Checking detector "CDD". Protection Threshold: 0.1 (V)
SetMagnetDAC 5.88026812702 ===>> OK
Magnet settling time: 1.049
GetData ===>> H2,0.0215201803721541,H1,3366.56710238078,AX,263.867548221738,L1,3.78737116906199,L2,0.9413618656...
setting magnet DAC
current  : 5.880268
requested: 5.881303
Delta Dac: 0.001034
Checking detector protection. dv=0.00103
Checking detector "CDD". Protection Threshold: 0.1 (V)
SetMagnetDAC 5.88130260978 ===>> OK
Magnet settling time: 1.049
GetData ===>> H2,0.00139640136901774,H1,3366.20224988489,AX,263.78794308194,L1,3.862448238423,L2,0.803811207664...
setting magnet DAC
current  : 5.881303
requested: 5.882337
Delta Dac: 0.001034
Checking detector protection. dv=0.00103
Checking detector "CDD". Protection Threshold: 0.1 (V)
SetMagnetDAC 5.88233709254 ===>> OK
Magnet settling time: 1.049
GetData ===>> H2,0.088337219705517,H1,3365.0740986837,AX,263.843778521615,L1,3.89662870147229,L2,0.806487994606...
setting magnet DAC
current  : 5.882337
requested: 5.883372
Delta Dac: 0.001034
Checking detector protection. dv=0.00103
Checking detector "CDD". Protection Threshold: 0.1 (V)
SetMagnetDAC 5.8833715753 ===>> OK
Magnet settling time: 1.049
GetData ===>> H2,0.111196694701932,H1,3363.6715525268,AX,263.664301247333,L1,3.91483505335963,L2,0.720913513412...
setting magnet DAC
current  : 5.883372
requested: 5.884406
Delta Dac: 0.001034
Checking detector protection. dv=0.00103
Checking detector "CDD". Protection Threshold: 0.1 (V)
SetMagnetDAC 5.88440605806 ===>> OK
Magnet settling time: 1.049
GetData ===>> H2,0.0471287410437438,H1,3359.06786783057,AX,262.968159710061,L1,3.90546195786694,L2,0.8091419766...
setting magnet DAC
current  : 5.884406
requested: 5.885441
Delta Dac: 0.001034
Checking detector protection. dv=0.00103
Checking detector "CDD". Protection Threshold: 0.1 (V)
SetMagnetDAC 5.88544054082 ===>> OK
Magnet settling time: 1.049
GetData ===>> H2,0.0187349995005469,H1,3345.54335560549,AX,260.806693070591,L1,3.88831407421198,L2,0.8048178538...
setting magnet DAC
current  : 5.885441
requested: 5.886475
Delta Dac: 0.001034
Checking detector protection. dv=0.00103
Checking detector "CDD". Protection Threshold: 0.1 (V)
SetMagnetDAC 5.88647502357 ===>> OK
Magnet settling time: 1.049
GetData ===>> H2,-0.100073943581083,H1,3302.28885267217,AX,254.303289907953,L1,3.79268707015656,L2,0.6346844212...
setting magnet DAC
current  : 5.886475
requested: 5.887510
Delta Dac: 0.001034
Checking detector protection. dv=0.00103
Checking detector "CDD". Protection Threshold: 0.1 (V)
SetMagnetDAC 5.88750950633 ===>> OK
Magnet settling time: 1.049
GetData ===>> H2,-0.0995085668576705,H1,3151.2411988669,AX,234.260450536577,L1,3.49061806727942,L2,0.6650408383...
setting magnet DAC
current  : 5.887510
requested: 5.888544
Delta Dac: 0.001034
Checking detector protection. dv=0.00103
Checking detector "CDD". Protection Threshold: 0.1 (V)
SetMagnetDAC 5.88854398909 ===>> OK
Magnet settling time: 1.049
GetData ===>> H2,-0.378701410879707,H1,2493.34522466771,AX,161.434170172581,L1,2.62682097194687,L2,0.3873109211...
setting magnet DAC
current  : 5.888544
requested: 5.889578
Delta Dac: 0.001034
Checking detector protection. dv=0.00103
Checking detector "CDD". Protection Threshold: 0.1 (V)
SetMagnetDAC 5.88957847185 ===>> OK
Magnet settling time: 1.049
GetData ===>> H2,-0.33562710380472,H1,1622.60588478519,AX,90.7764634116111,L1,1.84521034805974,L2,0.21013458052...
setting magnet DAC
current  : 5.889578
requested: 5.890613
Delta Dac: 0.001034
Checking detector protection. dv=0.00103
Checking detector "CDD". Protection Threshold: 0.1 (V)
SetMagnetDAC 5.89061295461 ===>> OK
Magnet settling time: 1.049
GetData ===>> H2,-0.369258707825722,H1,809.775558724973,AX,38.7196597395786,L1,1.19657698213011,L2,0.0956512557...
setting magnet DAC
current  : 5.890613
requested: 5.891647
Delta Dac: 0.001034
Checking detector protection. dv=0.00103
Checking detector "CDD". Protection Threshold: 0.1 (V)
SetMagnetDAC 5.89164743737 ===>> OK
Magnet settling time: 1.049
GetData ===>> H2,-0.302560315295378,H1,308.312291826589,AX,12.2807999560992,L1,0.742619801380634,L2,0.067889327...
setting magnet DAC
current  : 5.891647
requested: 5.892682
Delta Dac: 0.001034
Checking detector protection. dv=0.00103
Checking detector "CDD". Protection Threshold: 0.1 (V)
SetMagnetDAC 5.89268192013 ===>> OK
Magnet settling time: 1.049
GetData ===>> H2,-0.218929907960502,H1,93.6551612779126,AX,2.90210772994616,L1,0.484056920005974,L2,0.060391797...
setting magnet DAC
current  : 5.892682
requested: 5.893716
Delta Dac: 0.001034
Checking detector protection. dv=0.00103
Checking detector "CDD". Protection Threshold: 0.1 (V)
SetMagnetDAC 5.89371640289 ===>> OK
Magnet settling time: 1.049
GetData ===>> H2,-0.350666519891401,H1,24.2211611723291,AX,0.438592589267578,L1,0.236292292157148,L2,-0.1254797...
setting magnet DAC
current  : 5.893716
requested: 5.894751
Delta Dac: 0.001034
Checking detector protection. dv=0.00103
Checking detector "CDD". Protection Threshold: 0.1 (V)
SetMagnetDAC 5.89475088564 ===>> OK
Magnet settling time: 1.049
GetData ===>> H2,-0.302415459501048,H1,5.28916261498302,AX,-0.220686007475854,L1,0.171648946872703,L2,0.0461503...
setting magnet DAC
current  : 5.894751
requested: 5.895785
Delta Dac: 0.001034
Checking detector protection. dv=0.00103
Checking detector "CDD". Protection Threshold: 0.1 (V)
SetMagnetDAC 5.8957853684 ===>> OK
Magnet settling time: 1.049
GetData ===>> H2,-0.258502687267559,H1,0.702081797787746,AX,-0.227098065934592,L1,0.0978979264284216,L2,0.16732...
result of _do_sweep=True
result of _calculate_peak_center=([5.8734185658318143, 5.8809937161324157, 5.8885688664330171], [2463.7100266892744, 3367.1199471188424, 2471.9790614524372], 5.879252302270209, 3367.1199471188424)
new center pos Detector(H1) (Ar40) @ 5.88099371613
GetHighVoltage ===>> 4499.94659342336
GetDeflection H1 ===>> 0
dac uncorrected for HV and deflection 5.88102834896
update mftable H1 Ar40 5.88102834896 message=automated run peakcenter
get initial guess parabolic
get initial guess parabolic
get initial guess parabolic
get initial guess parabolic
get initial guess parabolic
get initial guess parabolic
dump mftable to /Users/jan/PychronDev/setupfiles/spectrometer/mftables/mftable.csv
add to repo msg=modified - automated run peakcenter
locally archiving mftable
setting magnet DAC
current  : 5.895785
requested: 5.880994
sweep finished
Delta Dac: 0.014792
Checking detector protection. dv=0.01479
Checking detector "CDD". Protection Threshold: 0.1 (V)
SetMagnetDAC 5.88099371613 ===>> OK
Magnet settling time: 0.500
setting integration time = 1.048576
SetIntegrationTime 1.048576 ===>> OK
flush and close file /Users/jan/PychronDev/data/isotopes/ca/b32ba8-2c22-4d60-9126-e43145c9f57d.h5
finished measure script
executed snippet estimated_duration=226.132928, duration=274.87983489
jan_unknown120_60.py completed successfully
Measurement Finished
12:16:39 -- ******* Measurement Finished *******
Post Measurement Started jan_pump_ms.py
12:16:39 -- ******* Post Measurement Started jan_pump_ms.py *******
testing...
no interpolation path defined
executed snippet estimated_duration=0, duration=2.69412994385e-05
Pumping spectrometer
open () {'name': 'O'}
opening name=O desc=---
checking ownership. requestor=129.138.12.150
check software interlocks O
interlocks []
actuate state mode=None-script, software_lock=False
doing actuation None-script open_channel True
Open O ===>> OK
GetIndicatorState O ===>> OK
change switch state (True, True)
update switch state O True args=() kw={} ncanvase=8
12:16:39 -- OPEN   VALVE-O (Jan Ion Pump)
---------------------------------------- open O () result=[(True, True)], time=0.11 sec
action=open, ok=True, locked=[False]
executed snippet estimated_duration=0, duration=0.360867023468
jan_pump_ms.py completed successfully
setting _ms_pumptime
Post Measurement Finished
12:16:40 -- ******* Post Measurement Finished *******
$$$$$$$$$$$$$$$$$$$$ state at run end measurement
state changed from measurement to success
post measurement save measured=True aborted=False
Set filtering
setting fod for Ar40= {'filter_outliers': True, 'std_devs': 2, 'iterations': 1}
setting fod for H1= {'filter_outliers': True, 'std_devs': 2, 'iterations': 1}
setting fod for PM41= {'filter_outliers': False, 'std_devs': 2, 'iterations': 1}
setting fod for H2= {'filter_outliers': True, 'std_devs': 2, 'iterations': 1}
setting fod for Ar36= {'filter_outliers': True, 'std_devs': 2, 'iterations': 1}
setting fod for CDD= {'filter_outliers': True, 'std_devs': 10, 'iterations': 1}
setting fod for Ar37= {'filter_outliers': True, 'std_devs': 2, 'iterations': 1}
setting fod for L2= {'filter_outliers': True, 'std_devs': 2, 'iterations': 1}
setting fod for Ar38= {'filter_outliers': True, 'std_devs': 2, 'iterations': 1}
setting fod for L1= {'filter_outliers': True, 'std_devs': 2, 'iterations': 1}
setting fod for Ar39= {'filter_outliers': True, 'std_devs': 2, 'iterations': 1}
setting fod for AX= {'filter_outliers': True, 'std_devs': 2, 'iterations': 1}
persistence save...
persistence save - db
post measurement save
9903232592 connecting to database sqlite:////Users/jan/PychronDev/.appdata/local_lab.db
connected to db sqlite:////Users/jan/PychronDev/.appdata/local_lab.db
create new session 9903232592
close session 9903232592
No database instance. Not saving post measurement to isotopedb database
$$$$$$$$$$$$$$$ auto_save_detector_ic=False
massspec enabled True
create new session 6484677072
MassSpec Database Version: 16.0
close session 6484677072
saving post measurement to secondary database
saving to massspec database 129.138.12.160/massspecdata
setting labnumber to 65475
setting aliquot to 17
setting step to 
setting uuid to cab32ba8-2c22-4d60-9126-e43145c9f57d
setting irradpos to 65475
setting extract_device to Fusions CO2
setting tray to 
setting position to 107
setting power_requested to 5.0
setting extract_value to 5.0
setting duration to 30.0
setting duration_at_request to 30.0
setting first_stage_delay to 30.0
setting cleanup to 30.0
setting comment to P:7
setting irradiation to NM-288
setting level to P
setting irradiation_level to P
setting sample to Goat Mtn
setting material to Sanidine
setting project to IR989
setting mass_spectrometer to Jan
no attribute chron_dosages
no attribute production_ratios
no attribute interference_corrections
no attribute production_name
no attribute j
Reference Isotope=Ar40
Reference Detector=H1
%%%%%%%%%%%%%%%%%%%% Comment: P:7 %%%%%%%%%%%%%%%%%%%
adding isotope PM41 H2
add baseline dbdet= PM41. original det= H2
get baseline data PM41 H2
Get data baseline <pychron.processing.isotope.Baseline object at 0x246cbe090> len t=60
baseline PM41. v=-0.197319009212, e=0.00894868916189
get signal data PM41 H2
Get data signal PM41 0.24+/-0.07 len t=120
adding isotope Ar40 H1
add baseline dbdet= Ar40. original det= H1
get baseline data Ar40 H1
Get data baseline <pychron.processing.isotope.Baseline object at 0x246cbe290> len t=60
baseline Ar40. v=0.0315201554187, e=0.00848945618703
get signal data Ar40 H1
Get data signal Ar40 3713.05+/-0.13 len t=120
adding isotope Ar39 AX
add baseline dbdet= Ar39. original det= AX
get baseline data Ar39 AX
Get data baseline <pychron.processing.isotope.Baseline object at 0x246cbe450> len t=60
baseline Ar39. v=-0.0870375789028, e=0.00803103130849
get signal data Ar39 AX
Get data signal Ar39 290.110+/-0.030 len t=120
adding isotope Ar38 L1
add baseline dbdet= Ar38. original det= L1
get baseline data Ar38 L1
Get data baseline <pychron.processing.isotope.Baseline object at 0x246cbe610> len t=60
baseline Ar38. v=-0.0244034646639, e=0.00341437048162
get signal data Ar38 L1
Get data signal Ar38 4.296+/-0.006 len t=120
adding isotope Ar37 L2
add baseline dbdet= Ar37. original det= L2
get baseline data Ar37 L2
Get data baseline <pychron.processing.isotope.Baseline object at 0x246cbe7d0> len t=60
baseline Ar37. v=-0.00479547375413, e=0.00582114926288
get signal data Ar37 L2
Get data signal Ar37 0.894+/-0.009 len t=120
adding isotope Ar36 CDD
add baseline dbdet= Ar36. original det= CDD
get baseline data Ar36 CDD
Get data baseline <pychron.processing.isotope.Baseline object at 0x246cbe990> len t=60
baseline Ar36. v=0.000689743101147, e=3.76081837665e-05
get signal data Ar36 CDD
Get data signal Ar36 2.284+/-0.004 len t=120
65475-17 added analysis time 0.537211894989s
analysis added to mass spec database
mass spec save time= 0.549
persistence save - dvc
================= post measurement started
create new session 4992585168
close session 4992585168
---------------- Experiment Queue saving disabled
DVC saving peakcenter
Smart pull ahead: 0 behind: 0
Up-to-date with origin
add to repo msg=modified - ad8224ebc6dbfeb9f5997218dfa5fe690569839d.json
add to repo msg=modified - 75-17.json
add to repo msg=modified - 75-17.dat.json
add to repo msg=modified - 75-17.blan.json
add to repo msg=modified - 75-17.inte.json
add to repo msg=modified - 75-17.icfa.json
add to repo msg=modified - 75-17.base.json
not at valid file /Users/jan/PychronDev/data/.dvc/repositories/Load1795/654/tags/75-17.tags.json
add to repo msg=modified - 75-17.peak.json
add to repo msg=modified - 75-17.extr.json
not at valid file /Users/jan/PychronDev/data/.dvc/repositories/Load1795/654/monitor/75-17.moni.json
commit message=<COLLECTION>
add to repo msg=modified - 75-17.inte.json
add to repo msg=modified - 75-17.base.json
commit message=<ISOEVO> default collection fits
add to repo msg=modified - 75-17.blan.json
commit message=<BLANKS> preceding bc-02-J-398
add to repo msg=modified - 75-17.icfa.json
commit message=<ICFactor> default
push repository <pychron.git_archive.repo_manager.GitRepoManager object at 0x23879cd10>
pushing to remote=origin, url=https://github.com
no changes to meta repo
create new session 4992585168
add association Load1795
get identifier "65475"
setting analysis irradiation position=<pychron.dvc.dvc_orm.IrradiationPositionTbl object at 0x24e4dba50>
close session 4992585168
================= post measurement finished
12:16:52 -- ******* Post Run Check *******
loading queue conditionals post_run_actions
loading system conditionals post_run_actions
loading conditionals from /Users/jan/PychronDev/setupfiles/spectrometer/default_conditionals.yaml
loading queue conditionals post_run_terminations
loading system conditionals post_run_terminations
loading conditionals from /Users/jan/PychronDev/setupfiles/spectrometer/default_conditionals.yaml
Checking default post run terminations n=1
GetDeflection CDD ===>> 50
testing CDD==2000
evaluate ot="CDD.deflection==2000" t="CDD==2000", ctx="{'CDD': 50.0}"
12:16:52 -- ******* Post Run Check Passed *******
12:16:52 -- Automated run 65475-17 success duration: 365.248 s
----------------- finish -----------------
----------------- stop -----------------
retroactive repository identifiers disabled
finish run. runs completed=184
update duration runid=65475-17, duration=365.24772501, md5=301e91d8
loading script "jan_unknown120_60.py"
loading script "jan_pump_ms.py"
loading script "jan_co2.py"
loading script "jan_pump_extraction_line.py"
testing...
no interpolation path defined
executed snippet estimated_duration=213.652928, duration=0.000316143035889
script duration name:unknown120_60 seconds:214.0
loading script "jan_unknown120_60.py"
loading script "jan_pump_ms.py"
loading script "jan_co2.py"
loading script "jan_pump_extraction_line.py"
testing...
no interpolation path defined
executed snippet estimated_duration=0, duration=2.28881835938e-05
loading script "jan_unknown120_60.py"
loading script "jan_pump_ms.py"
loading script "jan_co2.py"
loading script "jan_pump_extraction_line.py"
testing...
no interpolation path defined
calculate duration
testing...
no interpolation path defined
executed snippet estimated_duration=0, duration=5.10215759277e-05
calculate duration
testing...
no interpolation path defined
executed snippet estimated_duration=0, duration=9.29832458496e-05
executed snippet estimated_duration=0.0, duration=0.00270199775696
script duration name:co2 seconds:0.0
loading script "jan_unknown120_60.py"
loading script "jan_pump_ms.py"
loading script "jan_co2.py"
loading script "jan_pump_extraction_line.py"
testing...
no interpolation path defined
calculate duration
testing...
no interpolation path defined
executed snippet estimated_duration=4.0, duration=0.00014591217041
executed snippet estimated_duration=4.0, duration=0.00141477584839
Script duration 214.0
Run total estimated duration= 215.000
unknown120_60 in script context. using previous estimated duration
script duration name:unknown120_60 seconds:214.0
pump_ms in script context. using previous estimated duration
co2 in script context. using previous estimated duration
script duration name:co2 seconds:0.0
pump_extraction_line in script context. using previous estimated duration
Script duration 214.0
Run total estimated duration= 215.000
script duration name:unknown120_60 seconds:214.0
script duration name:co2 seconds:0.0
Script duration 214.0
Run total estimated duration= 215.000
script duration name:unknown120_60 seconds:214.0
script duration name:co2 seconds:0.0
Script duration 214.0
Run total estimated duration= 215.000
script duration name:unknown120_60 seconds:214.0
script duration name:co2 seconds:0.0
Script duration 214.0
Run total estimated duration= 215.000
script duration name:unknown120_60 seconds:214.0
script duration name:co2 seconds:0.0
Script duration 214.0
Run total estimated duration= 215.000
script duration name:unknown120_60 seconds:214.0
script duration name:co2 seconds:0.0
Script duration 214.0
Run total estimated duration= 215.000
script duration name:unknown120_60 seconds:214.0
script duration name:co2 seconds:0.0
Script duration 214.0
Run total estimated duration= 215.000
script duration name:unknown120_60 seconds:214.0
script duration name:co2 seconds:0.0
Script duration 214.0
Run total estimated duration= 215.000
script duration name:unknown120_60 seconds:214.0
script duration name:co2 seconds:0.0
Script duration 214.0
Run total estimated duration= 215.000
nruns=10 before=0.0, run_dur=2150.0, btw=405.0
write rem/ex queues
/Users/jan/PychronDev/experiments/rem/CurrentExperiment.rem.txt
/Users/jan/PychronDev/experiments/rem/CurrentExperiment.ex.txt
doing event level: 3
