do run
loading script "jan_unknown120_60.py"
loading script "jan_pump_ms.py"
loading script "jan_co2.py"
loading script "jan_pump_extraction_line.py"
testing...
no interpolation path defined
executed snippet estimated_duration=213.652928, duration=0.000237941741943
script duration name:unknown120_60 seconds:214.0
loading script "jan_unknown120_60.py"
loading script "jan_pump_ms.py"
loading script "jan_co2.py"
loading script "jan_pump_extraction_line.py"
testing...
no interpolation path defined
executed snippet estimated_duration=0, duration=2.78949737549e-05
loading script "jan_unknown120_60.py"
loading script "jan_pump_ms.py"
loading script "jan_co2.py"
loading script "jan_pump_extraction_line.py"
testing...
no interpolation path defined
calculate duration
testing...
no interpolation path defined
executed snippet estimated_duration=0, duration=6.8187713623e-05
calculate duration
testing...
no interpolation path defined
executed snippet estimated_duration=0, duration=0.000110864639282
executed snippet estimated_duration=0.0, duration=0.00308108329773
script duration name:co2 seconds:0.0
loading script "jan_unknown120_60.py"
loading script "jan_pump_ms.py"
loading script "jan_co2.py"
loading script "jan_pump_extraction_line.py"
testing...
no interpolation path defined
calculate duration
testing...
no interpolation path defined
executed snippet estimated_duration=4.0, duration=0.000150918960571
executed snippet estimated_duration=4.0, duration=0.00146412849426
Script duration 214.0
Run total estimated duration= 215.000
run duration: 0:03:35
doing event level: 2
11:38:45 -- Setting default integration. t=1.048576
setting integration time = 1.048576
SetIntegrationTime 1.048576 ===>> OK
----------------- start -----------------
**************** Experiment Type: Ar/Ar, Ar/Ar
create new session 4419438256
close session 4419438256
$$$$$ Clearing conditionals
adding conditionals 
Add queue conditionals
add default conditionals
adding default conditionals from /Users/jan/PychronDev/setupfiles/spectrometer/default_conditionals.yaml
Start automated run 65475-16
loading script "jan_unknown120_60.py"
loading script "jan_pump_ms.py"
loading script "jan_co2.py"
loading script "jan_pump_extraction_line.py"
%%%%%%%%%%%%%%%%%% setting automated run 65475-16
No value "sensitivity_multiplier" in metadata
$$$$$$$$$$$$$$$ auto_save_detector_ic=False
============================= Pre Extraction Check =============================
loading queue conditionals pre_run_terminations
loading system conditionals pre_run_terminations
loading conditionals from /Users/jan/PychronDev/setupfiles/spectrometer/default_conditionals.yaml
11:38:46 -- ******* Pre Extraction Check *******
Get a measurement from the spectrometer
GetData ===>> H2,-0.187084652293002,H1,0.0943669710586682,AX,-0.0571398641550774,L1,-0.00399693666396572,L2,0.0...
Pre Extraction Termination data. keys=H2,H1,AX,L1,L2,CDD, signals=-0.18708,0.09437,-0.05714,-0.00400,0.00714,0.00342
11:38:46 -- testing system defined conditionals
Checking default pre extraction terminations n=2
testing CDD
evaluate ot="CDD.inactive" t="CDD", ctx="{'CDD': False}"
GetDeflection CDD ===>> 50
testing CDD==2000
evaluate ot="CDD.deflection==2000" t="CDD==2000", ctx="{'CDD': 50.0}"
11:38:46 -- ******* Pre Extraction Check Passed *******
=================================================================================
11:38:46 -- stopping status monitor
stop 6901184944
Alive clients [5025639504, 5288834736, 4992986192]
11:38:46 -- starting status monitor
start 6901184944
Monitor already running
start extraction
do extraction
Analysis started at 11:38:46.063681
Extraction Started jan_co2.py
11:38:46 -- ******* Extraction Started jan_co2.py *******
state changed from not run to extraction
DO EXTRACTION <pychron.extraction_line.pyscript_runner.RemotePyScriptRunner object at 0x12bfe48f0>
testing...
no interpolation path defined
calculate duration
testing...
no interpolation path defined
executed snippet estimated_duration=0, duration=6.103515625e-05
calculate duration
testing...
no interpolation path defined
executed snippet estimated_duration=0, duration=9.20295715332e-05
executed snippet estimated_duration=100.0, duration=0.00267910957336
Jan CO2 laser analysis
doing GOSUB
testing...
no interpolation path defined
executed snippet estimated_duration=0, duration=5.19752502441e-05
Waiting for CO2 access
wait ('FelixCO2Flag', 0) {}
waiting for FelixCO2Flag = 0
Read FelixCO2Flag ===>> 0
finished waiting
CO2 free
wait ('CO2PumpTimeFlag', 0) {}
waiting for CO2PumpTimeFlag = 0
Read CO2PumpTimeFlag ===>> 0
finished waiting
acquire ('JanCO2Flag',) {'clear': True}
acquire JanCO2Flag
Set JanCO2Flag 1 ===>> OK
JanCO2Flag acquired
set extraction state False (0.75, 'red', 1.5)
CO2 acquired
executed snippet estimated_duration=0, duration=0.0168328285217
WaitForCO2Access.py completed successfully
gosub finished
doing GOSUB
testing...
no interpolation path defined
executed snippet estimated_duration=0, duration=0.0001060962677
Prepare for CO2 analysis
close () {'description': 'Jan Inlet'}
closing name=--- desc=Jan Inlet
checking ownership. requestor=129.138.12.150
check software interlocks R
interlocks []
actuate state mode=None-script, software_lock=False
doing actuation None-script close_channel False
Close R ===>> OK
GetIndicatorState R ===>> False
change switch state (True, True)
update switch state R False args=() kw={} ncanvase=8
11:38:46 -- CLOSE  VALVE-R (Jan Inlet)
---------------------------------------- close None (Jan Inlet) result=[(True, True)]
action=close, ok=True, locked=[False]
open () {'description': 'Jan Ion Pump'}
opening name=--- desc=Jan Ion Pump
checking ownership. requestor=129.138.12.150
check software interlocks O
interlocks []
actuate state mode=None-script, software_lock=False
doing actuation None-script open_channel False
Open O ===>> OK
GetIndicatorState O ===>> OK
change switch state (True, True)
update switch state O True args=() kw={} ncanvase=8
11:38:46 -- OPEN   VALVE-O (Jan Ion Pump)
---------------------------------------- open None (Jan Ion Pump) result=[(True, True)], time=0.11 sec
action=open, ok=True, locked=[False]
close () {'description': 'Microbone to Minibone'}
closing name=--- desc=Microbone to Minibone
checking ownership. requestor=129.138.12.150
check software interlocks L
interlocks []
actuate state mode=None-script, software_lock=False
doing actuation None-script close_channel False
Close L ===>> OK
GetIndicatorState L ===>> False
change switch state (True, True)
update switch state L False args=() kw={} ncanvase=8
11:38:47 -- CLOSE  VALVE-L (Microbone to Minibone)
---------------------------------------- close None (Microbone to Minibone) result=[(True, True)]
action=close, ok=True, locked=[False]
open () {'description': 'Microbone to Turbo'}
opening name=--- desc=Microbone to Turbo
checking ownership. requestor=129.138.12.150
check software interlocks U
interlocks []
actuate state mode=None-script, software_lock=False
doing actuation None-script open_channel False
Open U ===>> OK
GetIndicatorState U ===>> OK
change switch state (True, True)
update switch state U True args=() kw={} ncanvase=8
11:38:48 -- OPEN   VALVE-U (Microbone to Turbo)
---------------------------------------- open None (Microbone to Turbo) result=[(True, True)], time=0.15 sec
action=open, ok=True, locked=[False]
open () {'description': 'Microbone to Inlet Pipette'}
opening name=--- desc=Microbone to Inlet Pipette
checking ownership. requestor=129.138.12.150
check software interlocks S
interlocks []
actuate state mode=None-script, software_lock=False
doing actuation None-script open_channel False
Open S ===>> OK
GetIndicatorState S ===>> OK
change switch state (True, True)
update switch state S True args=() kw={} ncanvase=8
11:38:48 -- OPEN   VALVE-S (Microbone to Inlet Pipette)
---------------------------------------- open None (Microbone to Inlet Pipette) result=[(True, True)], time=0.45 sec
action=open, ok=True, locked=[False]
open () {'description': 'Microbone to Getter D-50'}
opening name=--- desc=Microbone to Getter D-50
checking ownership. requestor=129.138.12.150
check software interlocks K
interlocks []
actuate state mode=None-script, software_lock=False
doing actuation None-script open_channel False
Open K ===>> OK
GetIndicatorState K ===>> OK
change switch state (True, True)
update switch state K True args=() kw={} ncanvase=8
11:38:49 -- OPEN   VALVE-K (Microbone to Getter D-50)
---------------------------------------- open None (Microbone to Getter D-50) result=[(True, True)], time=0.45 sec
action=open, ok=True, locked=[False]
open () {'description': 'Microbone to Getter NP-10'}
opening name=--- desc=Microbone to Getter NP-10
checking ownership. requestor=129.138.12.150
check software interlocks M
interlocks []
actuate state mode=None-script, software_lock=False
doing actuation None-script open_channel False
Open M ===>> OK
GetIndicatorState M ===>> OK
change switch state (True, True)
update switch state M True args=() kw={} ncanvase=8
11:38:49 -- OPEN   VALVE-M (Microbone to Getter NP-10)
---------------------------------------- open None (Microbone to Getter NP-10) result=[(True, True)], time=0.17 sec
action=open, ok=True, locked=[False]
close () {'description': 'CO2 Laser to Felix'}
closing name=--- desc=CO2 Laser to Felix
checking ownership. requestor=129.138.12.150
check software interlocks F
interlocks []
actuate state mode=None-script, software_lock=True
VALVE-F(CO2 Laser to Felix) software locked
change switch state (True, False)
---------------------------------------- close None (CO2 Laser to Felix) result=[(True, False)]
action=close, ok=True, locked=[True]
open () {'description': 'CO2 Laser to Jan'}
opening name=--- desc=CO2 Laser to Jan
checking ownership. requestor=129.138.12.150
check software interlocks A
interlocks []
actuate state mode=None-script, software_lock=False
doing actuation None-script open_channel False
Open A ===>> OK
GetIndicatorState A ===>> OK
change switch state (True, True)
update switch state A True args=() kw={} ncanvase=8
11:38:50 -- OPEN   VALVE-A (CO2 Laser to Jan)
---------------------------------------- open None (CO2 Laser to Jan) result=[(True, True)], time=0.15 sec
action=open, ok=True, locked=[False]
open () {'description': 'Microbone to CO2 Laser'}
opening name=--- desc=Microbone to CO2 Laser
checking ownership. requestor=129.138.12.150
check software interlocks T
interlocks []
actuate state mode=None-script, software_lock=False
doing actuation None-script open_channel False
Open T ===>> OK
GetIndicatorState T ===>> OK
change switch state (True, True)
update switch state T True args=() kw={} ncanvase=8
11:38:51 -- OPEN   VALVE-T (Microbone to CO2 Laser)
---------------------------------------- open None (Microbone to CO2 Laser) result=[(True, True)], time=0.45 sec
action=open, ok=True, locked=[False]
executed snippet estimated_duration=0, duration=5.2247300148
PrepareForCO2Analysis.py completed successfully
gosub finished
set_motor ('beam', '1.25') {}
setting motor "beam" to 1.25
set motor beam to 1.25
SetMotor beam,1.25 ===>> OK
GetMotorMoving beam ===>> False
GetMotorMoving beam ===>> False
Block completed
move_to_position ('106',) {'autocenter': True}
FusionsCO2 move to position 106
sending GoToHole 106,True
GoToHole 106,True ===>> OK
GetDriveMoving ===>> OK
GetDriveMoving ===>> OK
GetDriveMoving ===>> OK
GetDriveMoving ===>> OK
GetDriveMoving ===>> False
GetDriveMoving ===>> OK
GetDriveMoving ===>> OK
GetDriveMoving ===>> OK
GetDriveMoving ===>> OK
GetDriveMoving ===>> OK
GetDriveMoving ===>> False
Block completed
GetAutoCorrecting ===>> False
GetAutoCorrecting ===>> False
Block completed
update position
GetPosition ===>> -9.96950,0.00000,1.00000
got position (-9.9695, 0.0, 1.0)
move to position succeeded
sleep (5,) {}
SLEEP 5.0
block started
WaitControl setup for 5.0  
Join finished
block finished. duration 5.04060697556
close () {'description': 'Microbone to Turbo'}
closing name=--- desc=Microbone to Turbo
checking ownership. requestor=129.138.12.150
check software interlocks U
interlocks []
actuate state mode=None-script, software_lock=False
doing actuation None-script close_channel True
Close U ===>> OK
GetIndicatorState U ===>> False
change switch state (True, True)
update switch state U False args=() kw={} ncanvase=8
11:39:02 -- CLOSE  VALVE-U (Microbone to Turbo)
---------------------------------------- close None (Microbone to Turbo) result=[(True, True)]
action=close, ok=True, locked=[False]
enable laser
enable () {}
set extraction state FusionsCO2 Enabled (False, 'red', 1.5)
enabling laser
Enable ===>> OK
begin interval
BEGIN INTERVAL Interval 1 waiting for 30.0
block started
set extract to 5.0
WaitControl setup for 30.0  
extract (5.0,) {}
GetPosition ===>> -9.96950,0.00000,1.00000
set extraction state FusionsCO2 ON! 5.0(watts) (0.75, 'red', 1.5)
extract sample to 5.0 (watts)
set laser output
SetLaserOutput 5.0,watts ===>> OK
executing pattern triangle.lp
execute_pattern ('triangle.lp',) {}
executing pattern triangle.lp
IsPatterning ===>> OK
IsPatterning ===>> OK
IsPatterning ===>> OK
IsPatterning ===>> OK
IsPatterning ===>> OK
IsPatterning ===>> OK
IsPatterning ===>> OK
IsPatterning ===>> OK
IsPatterning ===>> OK
IsPatterning ===>> OK
IsPatterning ===>> OK
IsPatterning ===>> OK
IsPatterning ===>> OK
IsPatterning ===>> OK
IsPatterning ===>> OK
IsPatterning ===>> OK
IsPatterning ===>> OK
IsPatterning ===>> OK
IsPatterning ===>> OK
IsPatterning ===>> OK
IsPatterning ===>> OK
IsPatterning ===>> OK
IsPatterning ===>> OK
IsPatterning ===>> OK
IsPatterning ===>> OK
IsPatterning ===>> OK
IsPatterning ===>> False
IsPatterning ===>> False
Block completed
COMPLETE INTERVAL waiting for Interval 1 to complete
Join finished
block finished. duration 30.1229991913
Interval 1 finished
end_extract () {}
ending extraction. set laser power to 0
set laser power 0
SetLaserPower 0 ===>> OK
disable () {}
%%%%%%%%%%%%%%%%%%%%%%%%%%%%%%%%%%% disable
set extraction state False (0.75, 'red', 1.5)
disabling laser
Disable ===>> OK
sleep (30.0,) {}
SLEEP 30.0
block started
WaitControl setup for 30.0  
Join finished
block finished. duration 30.151622057
executed snippet estimated_duration=166.0, duration=76.9999139309
jan_co2.py completed successfully
GetAchievedOutput ===>> No Response
Requested Output= 0.000
Achieved Output=  0.000
GetResponseBlob ===>> No Response
GetOutputBlob ===>> No Response
persistence save...
persistence save - db
AutomatedRunPersister post_extraction_save deprecated
persistence save - dvc
no extraction position for 106
create new session 4992585168
close session 4992585168
Extraction Finished
11:40:03 -- ******* Extraction Finished *******
no overlap. not waiting for min ms pumptime
11:40:03 -- Sending spectrometer configuration
======== Sending configuration ========
SetDeflection CDD,50.0 ===>> OK
SetDeflection H2,0.0 ===>> OK
SetDeflection H1,0.0 ===>> OK
SetDeflection L2,825.0 ===>> OK
SetDeflection L1,400.0 ===>> OK
SetDeflection AX,190.0 ===>> OK
SetZFocus 74.64 ===>> OK
SetZSymmetry -50.72 ===>> OK
SetExtractionLens 26.13 ===>> OK
SetIonRepeller -3.81 ===>> OK
SetElectronEnergy 75.08 ===>> OK
SetYSymmetry -2.81 ===>> OK
SetIonCounterVoltage 1590.0 ===>> OK
send trap current 200.0
GetParameter Trap Current Readback ===>> 198.482695477019
SetParameter Trap Current Set,200.0 ===>> OK
updating mftable name mftable
Using mftable located at /Users/jan/PychronDev/setupfiles/spectrometer/mftables/mftable.csv
============ MFtable ===========
Isotope  H2     H1     AX     L1     L2     CDD    
Ar40     5.8270 5.8809 5.9942 6.1670 6.2327 6.3952
Ar39     5.7263 5.7732 5.8866 6.0530 6.1179 6.2817
Ar36     5.4038 5.4422 5.5500 5.7119 5.7728 5.9328
================================
get initial guess parabolic
get initial guess parabolic
get initial guess parabolic
get initial guess parabolic
get initial guess parabolic
get initial guess parabolic
======== Configuration Finished ========
GetYSymmetry ===>> -2.81
GetZSymmetry ===>> -50.72
GetParameter Trap Current Readback ===>> 198.370811206739
GetHighVoltage ===>> 4499.94659342336
start measurement
do measurement
L#=65475 analysis type=unknown
Measurement Started jan_unknown120_60.py
11:40:03 -- ******* Measurement Started jan_unknown120_60.py *******
state changed from extraction to measurement
setting spec, defl, and gains
GetExtractionLens ===>> 26.13
GetYSymmetry ===>> -2.81
GetZSymmetry ===>> -50.72
GetZFocus ===>> 74.64
GetDeflection H2 ===>> 0
GetDeflection H1 ===>> 0
GetDeflection AX ===>> 190
GetDeflection L1 ===>> 400
GetDeflection L2 ===>> 825
GetDeflection CDD ===>> 50
GetGain H2 ===>> 0.0113
GetGain H1 ===>> 0.1
GetGain AX ===>> 0.097049
GetGain L1 ===>> 0.010355
GetGain L2 ===>> 0.095649
GetGain CDD ===>> 0
pre measurement save
New frame /Users/jan/PychronDev/data/isotopes/5c/db57ed-2738-4fc0-9d09-f150c6630e5e.h5
flush and close file /Users/jan/PychronDev/data/isotopes/5c/db57ed-2738-4fc0-9d09-f150c6630e5e.h5
testing...
no interpolation path defined
executed snippet estimated_duration=226.132928, duration=0.000266075134277
unknown measurement script
activate_detectors ('H2', 'H1', 'AX', 'L1', 'L2', 'CDD') {}
activate detectors
*************** Set Analysis View Ar/Ar
create graphs
clearing graphs
clear isotope group
setting isotope det=H2, iso=PM41
setting isotope det=H1, iso=Ar40
setting isotope det=AX, iso=Ar39
setting isotope det=L1, iso=Ar38
setting isotope det=L2, iso=Ar37
setting isotope det=CDD, iso=Ar36
setting previous blanks
 - setting Ar40 blank 0.225+/-0.008
 - setting Ar36 blank 0.00481+/-0.00019
 - setting Ar37 blank 0.055+/-0.005
 - setting Ar38 blank 0.0089+/-0.0022
 - setting PM41 blank 0.04+/-0.07
 - setting Ar39 blank 0.034+/-0.009
load analysis view
position_magnet ('Ar40',) {'detector': 'H1'}
detector Detector(H1)
POSITION Ar40 H1
setting detector H2 to PM41 (40.9624)
setting detector H1 to Ar40 (39.9624)
setting detector AX to Ar39 (38.9624)
setting detector L1 to Ar38 (37.9624)
setting detector L2 to Ar37 (36.9624)
setting detector CDD to Ar36 (35.9624)
Mapping mass to dac mass func: "parabolic"
H1 map mass coeffs = [-0.00063987  0.15840543  0.57254999]
H1 map mass to dac 39.9624 >> 5.88094
GetDeflection H1 ===>> 0
GetHighVoltage ===>> 4499.94659342336
positioning Ar40 (5.8809053677) on H1
setting magnet DAC
current  : 5.880908
requested: 5.880905
Delta Dac: 0.000003
Checking detector protection. dv=0.00000
Checking detector "CDD". Protection Threshold: 0.1 (V)
SetMagnetDAC 5.8809053677 ===>> OK
Magnet settling time: 0.500
equilibrate () {'delay': 3, 'inlet': 'R', 'outlet': 'O', 'eqtime': 12.0}
Equilibration Started
11:40:05 -- ******* Equilibration Started *******
checking ownership. requestor=129.138.12.150
check software interlocks O
interlocks []
actuate state mode=None-script, software_lock=False
doing actuation None-script close_channel True
Close O ===>> OK
GetIndicatorState O ===>> False
change switch state (True, True)
update switch state O False args=() kw={} ncanvase=8
11:40:05 -- CLOSE  VALVE-O (Jan Ion Pump)
waiting 3s before opening inlet value ('R',)
update labels <pychron.experiment.plot_panel.PlotPanel object at 0x23193d710>
update labels "<pychron.graph.stacked_regression_graph.StackedRegressionGraph object at 0x236171c50>"
setting label 0 H2 PM41
setting label 1 H1 Ar40
setting label 2 AX Ar39
setting label 3 L1 Ar38
setting label 4 L2 Ar37
setting label 5 CDD Ar36
update labels "<pychron.graph.stacked_graph.StackedGraph object at 0x1fdd7b3b0>"
setting label 0 H2 PM41
setting label 1 H1 Ar40
setting label 2 AX Ar39
setting label 3 L1 Ar38
setting label 4 L2 Ar37
setting label 5 CDD Ar36
checking ownership. requestor=129.138.12.150
check software interlocks R
interlocks []
actuate state mode=None-script, software_lock=False
doing actuation None-script open_channel True
Open R ===>> OK
set states for children of R. state=True
handle state [('R', True)]
update switch state R True args=() kw={'refresh': False} ncanvase=8
refresh_canvas_needed fired
GetIndicatorState R ===>> OK
change switch state (True, True)
update switch state R True args=() kw={} ncanvase=8
11:40:08 -- OPEN   VALVE-R (Jan Inlet)
equilibrating for 12.0sec
set_time_zero () {}
sniff (12.0,) {}
py_sniff
build tables- sniff [Detector(H2), Detector(H1), Detector(AX), Detector(L1), Detector(L2), Detector(CDD)]
add group /sniff/PM41 (Group) '' table H2
add group /sniff/Ar40 (Group) '' table H1
add group /sniff/Ar39 (Group) '' table AX
add group /sniff/Ar38 (Group) '' table L1
add group /sniff/Ar37 (Group) '' table L2
add group /sniff/Ar36 (Group) '' table CDD
flush and close file /Users/jan/PychronDev/data/isotopes/5c/db57ed-2738-4fc0-9d09-f150c6630e5e.h5
measuring sniff. ncounts=12.0
"sniff" increment series count="1" fit count="0" regressing="False"
starting measurement
check iteration duration=1.71661376953e-05
GetData ===>> H2,0.312038845922107,H1,385.296668229541,AX,29.5632306560743,L1,0.106753236448785,L2,0.4508809981...
check iteration duration=3.60012054443e-05
GetData ===>> H2,1.3407432086967,H1,2355.17522477606,AX,173.653579509593,L1,1.34702234326516,L2,0.7382132828511...
check iteration duration=3.81469726562e-05
GetData ===>> H2,0.768334194432307,H1,3278.77570486689,AX,234.264131032546,L1,2.67206787935845,L2,0.64829725182...
check iteration duration=3.40938568115e-05
GetData ===>> H2,0.532809805214734,H1,3578.36797285281,AX,251.416129554742,L1,3.45042132253873,L2,0.67842380680...
check iteration duration=3.38554382324e-05
GetData ===>> H2,0.476969780920597,H1,3689.06022445357,AX,257.439537230267,L1,3.86739086465226,L2,0.56036960351...
check iteration duration=4.29153442383e-05
GetData ===>> H2,0.354054749457991,H1,3733.36084324614,AX,259.752014703836,L1,4.1054561908104,L2,0.701765524751...
check iteration duration=4.10079956055e-05
GetData ===>> H2,0.551824387453525,H1,3752.52145367988,AX,260.713382210379,L1,4.26670997785266,L2,0.72944899904...
check iteration duration=4.60147857666e-05
GetData ===>> H2,0.443578069080486,H1,3760.81661022839,AX,261.156180133666,L1,4.36486770272602,L2,0.66830434562...
check iteration duration=3.91006469727e-05
GetData ===>> H2,0.381430798100469,H1,3764.73536512111,AX,261.309976134856,L1,4.40479502328067,L2,0.69447992069...
check iteration duration=2.00271606445e-05
GetData ===>> H2,0.435514115331554,H1,3765.57272835098,AX,261.414233630659,L1,4.44928195199252,L2,0.75327232775...
check iteration duration=1.59740447998e-05
GetData ===>> H2,0.358321390052499,H1,3764.71575024898,AX,261.914923507466,L1,4.48457612515265,L2,0.68209451910...
Equilibration Finished
11:40:20 -- ******* Equilibration Finished *******
check iteration duration=1.50203704834e-05
checking ownership. requestor=129.138.12.150
check software interlocks R
GetData ===>> H2,0.345891874636939,H1,3765.38554736511,AX,261.511864338063,L1,4.4952179896117,L2,0.604094842998...
interlocks []
actuate state mode=None-script, software_lock=False
doing actuation None-script close_channel True
Close R ===>> OK
GetIndicatorState R ===>> False
change switch state (True, True)
update switch state R False args=() kw={} ncanvase=8
11:40:21 -- CLOSE  VALVE-R (Jan Inlet)
Post Equilibration Started jan_pump_extraction_line.py
11:40:21 -- ******* Post Equilibration Started jan_pump_extraction_line.py *******
testing...
no interpolation path defined
calculate duration
testing...
no interpolation path defined
executed snippet estimated_duration=4.0, duration=0.000313997268677
executed snippet estimated_duration=4.0, duration=0.00193691253662
Pump after analysis
doing GOSUB
testing...
no interpolation path defined
executed snippet estimated_duration=4.0, duration=0.0001220703125
Pump Microbone
close () {'description': 'Jan Inlet'}
closing name=--- desc=Jan Inlet
checking ownership. requestor=129.138.12.150
check software interlocks R
interlocks []
actuate state mode=None-script, software_lock=False
doing actuation None-script close_channel False
check iteration duration=4.29153442383e-05
waiting for write to finish
Close R ===>> OK
measurement finished
estimated time: 12.583 actual time: :12.753
flush and close file /Users/jan/PychronDev/data/isotopes/5c/db57ed-2738-4fc0-9d09-f150c6630e5e.h5
set_fits () {}
using default fits file=/Users/jan/PychronDev/scripts/measurement/fits/nominal_linear.yaml
set "Ar40" to "('Linear', 'SEM')"
No fit for "PM41". defaulting to linear. check the measurement script "jan_unknown120_60.py"
set "PM41" to "linear"
set "Ar36" to "('Linear', 'SEM')"
set "Ar37" to "('linear', 'SEM')"
set "Ar38" to "('linear', 'SEM')"
set "Ar39" to "('Linear', 'SEM')"
set_baseline_fits () {}
using default fits file=/Users/jan/PychronDev/scripts/measurement/fits/nominal_linear.yaml
GetIndicatorState R ===>> False
change switch state (True, True)
set "H1" to "('average', 'SEM')"
update switch state R False args=() kw={} ncanvase=8
set "H2" to "('average', 'SEM')"
set "CDD" to "('average', 'SEM')"
set "L2" to "('average', 'SEM')"
set "L1" to "('average', 'SEM')"
set "AX" to "('average', 'SEM')"
multicollect () {'integration_time': 1, 'ncounts': 120}
build tables- signal [Detector(H2), Detector(H1), Detector(AX), Detector(L1), Detector(L2), Detector(CDD)]
add group /signal/PM41 (Group) '' table H2
add group /signal/Ar40 (Group) '' table H1
add group /signal/Ar39 (Group) '' table AX
11:40:22 -- CLOSE  VALVE-R (Jan Inlet)
add group /signal/Ar38 (Group) '' table L1
---------------------------------------- close None (Jan Inlet) result=[(True, True)]
add group /signal/Ar37 (Group) '' table L2
add group /signal/Ar36 (Group) '' table CDD
flush and close file /Users/jan/PychronDev/data/isotopes/5c/db57ed-2738-4fc0-9d09-f150c6630e5e.h5
measuring signal. ncounts=120
action=close, ok=True, locked=[False]
is_closed ('F',) {}
is F () closed?
is closed True
open () {'description': 'CO2 Laser to Jan'}
opening name=--- desc=CO2 Laser to Jan
checking ownership. requestor=129.138.12.150
check software interlocks A
interlocks []
actuate state mode=None-script, software_lock=False
doing actuation None-script open_channel False
Open A ===>> OK
GetIndicatorState A ===>> OK
change switch state (True, True)
update switch state A True args=() kw={} ncanvase=8
11:40:22 -- OPEN   VALVE-A (CO2 Laser to Jan)
---------------------------------------- open None (CO2 Laser to Jan) result=[(True, True)], time=0.14 sec
"signal" increment series count="2" fit count="1" regressing="True"
starting measurement
check iteration duration=6.50882720947e-05
GetData ===>> H2,0.430782022158759,H1,3765.22152808961,AX,261.570619815992,L1,4.53505253620875,L2,0.72994096767...
action=open, ok=True, locked=[False]
sleep (1,) {}
SLEEP 1.0
check iteration duration=6.89029693604e-05
GetData ===>> H2,0.466441071058917,H1,3765.85966338727,AX,261.561673650863,L1,4.5711871351925,L2,0.658746150816...
close () {'description': 'CO2 Laser to Roughing'}
closing name=--- desc=CO2 Laser to Roughing
checking ownership. requestor=129.138.12.150
check software interlocks G
interlocks []
actuate state mode=None-script, software_lock=True
VALVE-G(CO2 Laser to Roughing) software locked
change switch state (True, False)
---------------------------------------- close None (CO2 Laser to Roughing) result=[(True, False)]
action=close, ok=True, locked=[True]
open () {'description': 'Microbone to Turbo'}
opening name=--- desc=Microbone to Turbo
checking ownership. requestor=129.138.12.150
check software interlocks U
interlocks []
actuate state mode=None-script, software_lock=False
doing actuation None-script open_channel True
Open U ===>> OK
GetIndicatorState U ===>> OK
change switch state (True, True)
update switch state U True args=() kw={} ncanvase=8
11:40:23 -- OPEN   VALVE-U (Microbone to Turbo)
---------------------------------------- open None (Microbone to Turbo) result=[(True, True)], time=0.17 sec
action=open, ok=True, locked=[False]
open () {'description': 'Microbone to Getter NP-10'}
opening name=--- desc=Microbone to Getter NP-10
checking ownership. requestor=129.138.12.150
check software interlocks M
interlocks []
actuate state mode=None-script, software_lock=False
doing actuation None-script open_channel False
Open M ===>> OK
GetIndicatorState M ===>> OK
change switch state (True, True)
update switch state M True args=() kw={} ncanvase=8
11:40:24 -- OPEN   VALVE-M (Microbone to Getter NP-10)
---------------------------------------- open None (Microbone to Getter NP-10) result=[(True, True)], time=0.18 sec
action=open, ok=True, locked=[False]
open () {'description': 'Microbone to Getter D-50'}
opening name=--- desc=Microbone to Getter D-50
checking ownership. requestor=129.138.12.150
check software interlocks K
interlocks []
actuate state mode=None-script, software_lock=False
doing actuation None-script open_channel False
check iteration duration=5.50746917725e-05
GetData ===>> H2,0.246993677461534,H1,3764.22535703562,AX,261.096668980539,L1,4.51444699631715,L2,0.67351830764...
Open K ===>> OK
GetIndicatorState K ===>> OK
change switch state (True, True)
update switch state K True args=() kw={} ncanvase=8
11:40:24 -- OPEN   VALVE-K (Microbone to Getter D-50)
---------------------------------------- open None (Microbone to Getter D-50) result=[(True, True)], time=0.44 sec
action=open, ok=True, locked=[False]
open () {'description': 'Microbone to CO2 Laser'}
opening name=--- desc=Microbone to CO2 Laser
checking ownership. requestor=129.138.12.150
check software interlocks T
interlocks []
actuate state mode=None-script, software_lock=False
doing actuation None-script open_channel False
Open T ===>> OK
GetIndicatorState T ===>> OK
change switch state (True, True)
update switch state T True args=() kw={} ncanvase=8
11:40:25 -- OPEN   VALVE-T (Microbone to CO2 Laser)
---------------------------------------- open None (Microbone to CO2 Laser) result=[(True, True)], time=0.43 sec
check iteration duration=5.29289245605e-05
GetData ===>> H2,0.183413518202036,H1,3762.40241519959,AX,261.243195940883,L1,4.52587026667389,L2,0.62351688625...
action=open, ok=True, locked=[False]
open () {'description': 'Microbone to Inlet Pipette'}
opening name=--- desc=Microbone to Inlet Pipette
checking ownership. requestor=129.138.12.150
check software interlocks S
interlocks []
actuate state mode=None-script, software_lock=False
doing actuation None-script open_channel False
Open S ===>> OK
GetIndicatorState S ===>> OK
change switch state (True, True)
update switch state S True args=() kw={} ncanvase=8
11:40:26 -- OPEN   VALVE-S (Microbone to Inlet Pipette)
---------------------------------------- open None (Microbone to Inlet Pipette) result=[(True, True)], time=0.47 sec
action=open, ok=True, locked=[False]
sleep (1,) {}
SLEEP 1.0
testing H1>-5.0
evaluate ot="H1.bs>-5.0" t="H1>-5.0", ctx="{'H1': None}"
check iteration duration=0.00116896629333
GetData ===>> H2,0.0396965382563578,H1,3760.15307776,AX,261.172860168492,L1,4.50536785653836,L2,0.6982770582111...
set_resource () {'name': 'CO2PumpTimeFlag', 'value': 30}
Set CO2PumpTimeFlag 30 ===>> OK
release ('JanCO2Flag',) {}
release JanCO2Flag
Set JanCO2Flag 0 ===>> OK
executed snippet estimated_duration=6.0, duration=6.0949010849
PumpMicrobone.py completed successfully
gosub finished
get_resource_value () {'name': 'JanMiniboneFlag'}
Read JanMiniboneFlag ===>> 0
Get Resource Value JanMiniboneFlag=0.0
get resource value 0.0
get_resource_value () {'name': 'JanMiniboneFlag'}
Read JanMiniboneFlag ===>> 0
Get Resource Value JanMiniboneFlag=0.0
executed snippet estimated_duration=4.0, duration=6.10661697388
jan_pump_extraction_line.py completed successfully
Post Equilibration Finished
11:40:27 -- ******* Post Equilibration Finished *******
check iteration duration=6.00814819336e-05
GetData ===>> H2,-0.0591932935789591,H1,3758.70941171969,AX,260.961141095823,L1,4.50851618489098,L2,0.605513045...
check iteration duration=4.79221343994e-05
GetData ===>> H2,-0.00658670836442059,H1,3756.60057217785,AX,260.836931825555,L1,4.502650813418,L2,0.5816580127...
check iteration duration=7.29560852051e-05
GetData ===>> H2,-0.0635429225304667,H1,3754.40755576753,AX,260.718971979695,L1,4.44594134574572,L2,0.655773700...
check iteration duration=3.2901763916e-05
GetData ===>> H2,0.0571752536553587,H1,3753.13535550687,AX,260.311439030871,L1,4.46605755786691,L2,0.6876408771...
testing H1>-5.0
evaluate ot="H1.bs>-5.0" t="H1>-5.0", ctx="{'H1': None}"
check iteration duration=0.00157713890076
GetData ===>> H2,0.0206879747337834,H1,3752.49765857523,AX,260.449897775786,L1,4.48540971186549,L2,0.5856258164...
check iteration duration=8.79764556885e-05
GetData ===>> H2,0.0533047136279891,H1,3751.27767370055,AX,260.626925992546,L1,4.45763831748488,L2,0.6782294116...
check iteration duration=3.50475311279e-05
GetData ===>> H2,0.089359442925691,H1,3750.21831159647,AX,260.252446573799,L1,4.45458020169814,L2,0.62876292019...
check iteration duration=3.50475311279e-05
GetData ===>> H2,0.0628655110950309,H1,3747.42746518846,AX,260.013871849738,L1,4.46915028689725,L2,0.6405813443...
check iteration duration=7.70092010498e-05
GetData ===>> H2,0.0363554952261149,H1,3745.28846871224,AX,260.017177489715,L1,4.47846683560419,L2,0.5902455986...
testing H1>-5.0
evaluate ot="H1.bs>-5.0" t="H1>-5.0", ctx="{'H1': None}"
check iteration duration=0.000621795654297
GetData ===>> H2,-0.0396412914839769,H1,3744.54975708304,AX,260.183563841245,L1,4.46428175188618,L2,0.699043366...
check iteration duration=0.000107049942017
GetData ===>> H2,0.034577728059316,H1,3743.19769964494,AX,260.127844003106,L1,4.37957738740801,L2,0.66556026884...
check iteration duration=8.20159912109e-05
GetData ===>> H2,-0.0325098212907385,H1,3740.90820303464,AX,259.857142962543,L1,4.37961975364178,L2,0.561295585...
check iteration duration=5.69820404053e-05
GetData ===>> H2,-0.12802480381547,H1,3739.13854459498,AX,259.781906171971,L1,4.39565197436869,L2,0.58853030698...
check iteration duration=9.20295715332e-05
GetData ===>> H2,-0.0648198358289317,H1,3738.92879699983,AX,259.781879093377,L1,4.39349916561474,L2,0.639426869...
testing H1>-5.0
evaluate ot="H1.bs>-5.0" t="H1>-5.0", ctx="{'H1': None}"
check iteration duration=0.000614166259766
GetData ===>> H2,0.0255405945571357,H1,3737.5120989101,AX,259.528737311553,L1,4.41172906881829,L2,0.73623381200...
check iteration duration=4.10079956055e-05
GetData ===>> H2,0.137745677679505,H1,3735.92944767625,AX,259.536263029209,L1,4.42685062065432,L2,0.63264889520...
check iteration duration=9.20295715332e-05
GetData ===>> H2,0.0332946380479797,H1,3734.12304915758,AX,259.435173945354,L1,4.39648075298842,L2,0.6084638881...
check iteration duration=8.70227813721e-05
GetData ===>> H2,-0.071037032199094,H1,3733.21794180874,AX,259.172137512999,L1,4.34361842304735,L2,0.6678584278...
check iteration duration=4.29153442383e-05
GetData ===>> H2,-0.0011809152270341,H1,3730.59762967696,AX,259.077941796765,L1,4.4045814664361,L2,0.6187582364...
testing H1>-5.0
evaluate ot="H1.bs>-5.0" t="H1>-5.0", ctx="{'H1': None}"
check iteration duration=0.000852108001709
11:40:47 -- collecting point 25
GetData ===>> H2,0.0435516910592413,H1,3729.85718896008,AX,259.303468333849,L1,4.43511182738748,L2,0.6480686234...
check iteration duration=4.19616699219e-05
GetData ===>> H2,0.0476927802083815,H1,3727.87118973399,AX,259.12618415763,L1,4.39863847104486,L2,0.57456897377...
check iteration duration=6.5803527832e-05
GetData ===>> H2,0.0479734477419628,H1,3726.24402400908,AX,259.067505057164,L1,4.4399703093207,L2,0.62175524319...
check iteration duration=5.50746917725e-05
GetData ===>> H2,-0.064757484578842,H1,3724.48718503185,AX,258.700102383607,L1,4.43187097909264,L2,0.5490756310...
check iteration duration=9.41753387451e-05
GetData ===>> H2,0.0434332016957585,H1,3722.9720874765,AX,258.85375257089,L1,4.42429295959528,L2,0.520995068771...
testing H1>-5.0
evaluate ot="H1.bs>-5.0" t="H1>-5.0", ctx="{'H1': None}"
check iteration duration=0.000871896743774
GetData ===>> H2,0.064981140140953,H1,3721.13442667232,AX,258.782056213746,L1,4.41670948588134,L2,0.56609711591...
check iteration duration=7.82012939453e-05
GetData ===>> H2,0.0709795326280971,H1,3720.32637191154,AX,258.734901446112,L1,4.38314104545701,L2,0.5971871252...
check iteration duration=4.6968460083e-05
GetData ===>> H2,0.0935693978655568,H1,3718.73369889958,AX,258.650209632862,L1,4.40923082467735,L2,0.6513037659...
check iteration duration=8.39233398438e-05
GetData ===>> H2,0.0272842851742718,H1,3718.09868516275,AX,258.543243931213,L1,4.41451522057992,L2,0.6348776871...
check iteration duration=6.31809234619e-05
GetData ===>> H2,0.0115590904920156,H1,3715.24571238525,AX,258.341387598493,L1,4.39638135506698,L2,0.6289572152...
testing H1>-5.0
evaluate ot="H1.bs>-5.0" t="H1>-5.0", ctx="{'H1': None}"
check iteration duration=0.000577926635742
GetData ===>> H2,0.00564154246532958,H1,3714.35040378218,AX,258.314448054897,L1,4.37185457030101,L2,0.646171028...
check iteration duration=7.70092010498e-05
GetData ===>> H2,-0.00696609458148913,H1,3713.08876317666,AX,258.324030391126,L1,4.38299491365134,L2,0.72131472...
check iteration duration=8.39233398438e-05
GetData ===>> H2,-0.033137211290978,H1,3711.35443841589,AX,257.935697147668,L1,4.38037068290687,L2,0.6526527268...
check iteration duration=8.51154327393e-05
GetData ===>> H2,-0.0312549376683829,H1,3709.98061828742,AX,257.942870973222,L1,4.36880829475414,L2,0.486925427...
check iteration duration=8.70227813721e-05
GetData ===>> H2,0.0387753375459968,H1,3708.59517656506,AX,257.988832002558,L1,4.40639974391879,L2,0.5824698554...
testing H1>-5.0
evaluate ot="H1.bs>-5.0" t="H1>-5.0", ctx="{'H1': None}"
check iteration duration=0.000568151473999
GetData ===>> H2,0.0402566536717296,H1,3706.81504455888,AX,257.853790966904,L1,4.38603042885868,L2,0.6560480767...
check iteration duration=4.79221343994e-05
GetData ===>> H2,0.0378623864107526,H1,3706.04091962601,AX,257.659943921173,L1,4.3218586821554,L2,0.61085436611...
check iteration duration=6.29425048828e-05
GetData ===>> H2,0.0356034864074019,H1,3704.86439230457,AX,257.711008199507,L1,4.29642778766552,L2,0.6481943689...
check iteration duration=8.60691070557e-05
GetData ===>> H2,0.0788917436552418,H1,3702.60304757477,AX,257.365483625538,L1,4.32510654161127,L2,0.5536364983...
check iteration duration=8.48770141602e-05
GetData ===>> H2,0.0872837018926156,H1,3700.98346531624,AX,257.145223802626,L1,4.36284239852269,L2,0.6310373394...
testing H1>-5.0
evaluate ot="H1.bs>-5.0" t="H1>-5.0", ctx="{'H1': None}"
check iteration duration=0.000597953796387
GetData ===>> H2,0.0365394179556551,H1,3699.09941020092,AX,257.086093761132,L1,4.37942545453218,L2,0.5454179492...
check iteration duration=7.79628753662e-05
GetData ===>> H2,-0.140693120688171,H1,3698.57694732021,AX,257.132351738007,L1,4.35557041770983,L2,0.5739286992...
check iteration duration=9.10758972168e-05
GetData ===>> H2,-0.0884065784817664,H1,3697.26016712478,AX,257.139218543136,L1,4.36140721979611,L2,0.630591594...
check iteration duration=4.29153442383e-05
GetData ===>> H2,-0.0637801518663671,H1,3695.62747860335,AX,257.044125132705,L1,4.33804059369991,L2,0.592166761...
check iteration duration=8.89301300049e-05
GetData ===>> H2,0.0293795159926441,H1,3693.71229911897,AX,256.992825779756,L1,4.3116658895348,L2,0.51907533057...
testing H1>-5.0
evaluate ot="H1.bs>-5.0" t="H1>-5.0", ctx="{'H1': None}"
check iteration duration=0.00313782691956
11:41:14 -- collecting point 50
GetData ===>> H2,0.0244436078721192,H1,3692.61943729948,AX,256.994063717174,L1,4.33022498217246,L2,0.7139246793...
check iteration duration=4.00543212891e-05
GetData ===>> H2,-0.0916654027607932,H1,3691.5866826941,AX,256.896713622164,L1,4.35432430917165,L2,0.6801047697...
check iteration duration=4.6968460083e-05
GetData ===>> H2,0.0072437388721782,H1,3690.12254372965,AX,256.879114395054,L1,4.39687835272744,L2,0.5073177725...
check iteration duration=7.60555267334e-05
GetData ===>> H2,-0.000289251282670139,H1,3688.31604658953,AX,256.414562485653,L1,4.34942795979423,L2,0.6202224...
check iteration duration=8.39233398438e-05
GetData ===>> H2,0.0211491979508316,H1,3686.17790070792,AX,256.280222259921,L1,4.37810488653572,L2,0.6319974119...
testing H1>-5.0
evaluate ot="H1.bs>-5.0" t="H1>-5.0", ctx="{'H1': None}"
check iteration duration=0.00276899337769
GetData ===>> H2,0.00445432125208851,H1,3684.66847614744,AX,256.260419355921,L1,4.31675830996755,L2,0.622155613...
check iteration duration=4.79221343994e-05
GetData ===>> H2,-0.0135509905366924,H1,3683.16483187207,AX,255.922558767274,L1,4.34736271195807,L2,0.574671875...
check iteration duration=8.9168548584e-05
GetData ===>> H2,0.0106950733173992,H1,3682.73614144307,AX,255.973150263232,L1,4.34499868624292,L2,0.5567000597...
check iteration duration=4.38690185547e-05
GetData ===>> H2,-0.0168583168484695,H1,3681.25526201903,AX,256.100036528943,L1,4.34936811379023,L2,0.643576185...
check iteration duration=3.91006469727e-05
GetData ===>> H2,0.102151081473274,H1,3679.2458390905,AX,255.771567774113,L1,4.34717152995167,L2,0.565674114282...
testing H1>-5.0
evaluate ot="H1.bs>-5.0" t="H1>-5.0", ctx="{'H1': None}"
check iteration duration=0.000593900680542
GetData ===>> H2,-0.00860315781326102,H1,3677.25233691661,AX,255.965738059983,L1,4.3245117164887,L2,0.530777188...
check iteration duration=8.20159912109e-05
GetData ===>> H2,-0.00213647742303482,H1,3673.66618463471,AX,255.350533899173,L1,4.33803038556858,L2,0.61395406...
check iteration duration=8.51154327393e-05
GetData ===>> H2,-0.0160838851786757,H1,3673.9670559307,AX,255.369332090877,L1,4.31636202725032,L2,0.6169394879...
check iteration duration=8.20159912109e-05
GetData ===>> H2,-0.0299645993991201,H1,3672.47812493686,AX,255.530348430114,L1,4.32564307535567,L2,0.592692801...
check iteration duration=8.98838043213e-05
GetData ===>> H2,-0.0697555393351791,H1,3669.74394398595,AX,255.424770424499,L1,4.27969273079189,L2,0.508323221...
testing H1>-5.0
evaluate ot="H1.bs>-5.0" t="H1>-5.0", ctx="{'H1': None}"
check iteration duration=0.00053882598877
GetData ===>> H2,-0.0797636170038526,H1,3668.99231790519,AX,255.19232083761,L1,4.28423425917617,L2,0.6404441783...
check iteration duration=8.29696655273e-05
GetData ===>> H2,-0.0216178786254862,H1,3667.71374938558,AX,255.245995460067,L1,4.32503364482054,L2,0.621034580...
check iteration duration=3.50475311279e-05
GetData ===>> H2,0.0213777756498086,H1,3665.48840349506,AX,255.400683781221,L1,4.32637938958764,L2,0.6192386663...
check iteration duration=8.39233398438e-05
GetData ===>> H2,0.0574738808931843,H1,3665.1820524185,AX,255.043147304667,L1,4.31207221478454,L2,0.66553740187...
check iteration duration=3.88622283936e-05
GetData ===>> H2,0.0311278778096969,H1,3663.17456045526,AX,255.083807417361,L1,4.33188517788165,L2,0.6092988329...
testing H1>-5.0
evaluate ot="H1.bs>-5.0" t="H1>-5.0", ctx="{'H1': None}"
check iteration duration=0.00279903411865
GetData ===>> H2,0.0579102452102894,H1,3661.25140583409,AX,255.011417690281,L1,4.33423355131377,L2,0.5464009375...
check iteration duration=3.69548797607e-05
GetData ===>> H2,-0.0314097684444744,H1,3660.26557925372,AX,254.773892227766,L1,4.29238452482559,L2,0.693267613...
check iteration duration=3.60012054443e-05
GetData ===>> H2,-0.0748603117883516,H1,3658.8600526644,AX,254.586018071126,L1,4.30979841659496,L2,0.6467768832...
check iteration duration=6.50882720947e-05
GetData ===>> H2,-0.0697962238666898,H1,3656.0540210539,AX,254.749657677,L1,4.29307868323196,L2,0.6221212962313...
check iteration duration=4.19616699219e-05
GetData ===>> H2,-0.0986162454372497,H1,3654.98454063942,AX,254.759244324137,L1,4.28394463357321,L2,0.510277022...
testing H1>-5.0
evaluate ot="H1.bs>-5.0" t="H1>-5.0", ctx="{'H1': None}"
check iteration duration=0.00440096855164
11:41:40 -- collecting point 75
GetData ===>> H2,-0.104144627997278,H1,3655.13367707706,AX,254.442138717115,L1,4.30456785590765,L2,0.6794643994...
check iteration duration=8.89301300049e-05
GetData ===>> H2,-0.063728639630859,H1,3652.85392239487,AX,254.186269117258,L1,4.30380895491643,L2,0.6245349934...
check iteration duration=7.00950622559e-05
GetData ===>> H2,-0.0695494021397129,H1,3651.10734069631,AX,253.973252032675,L1,4.26695433804747,L2,0.738796834...
check iteration duration=8.9168548584e-05
GetData ===>> H2,0.0220063879056666,H1,3649.62970141946,AX,254.118619538687,L1,4.27782335168335,L2,0.6638909938...
check iteration duration=3.981590271e-05
GetData ===>> H2,-0.00718773732203595,H1,3647.8478845929,AX,253.811846352073,L1,4.30505876322095,L2,0.541406090...
testing H1>-5.0
evaluate ot="H1.bs>-5.0" t="H1>-5.0", ctx="{'H1': None}"
check iteration duration=0.000581026077271
GetData ===>> H2,0.0668789048557429,H1,3647.05926764794,AX,253.861803962865,L1,4.30723822187361,L2,0.5333600176...
check iteration duration=8.89301300049e-05
GetData ===>> H2,0.0603610127447415,H1,3646.1099624728,AX,254.023185128056,L1,4.30209176943035,L2,0.62175524319...
check iteration duration=7.60555267334e-05
GetData ===>> H2,-0.0312427140964771,H1,3645.87659121078,AX,253.849617271727,L1,4.2999336138471,L2,0.5476354021...
check iteration duration=5.69820404053e-05
GetData ===>> H2,-0.0158094248434794,H1,3643.03762729905,AX,253.458130630668,L1,4.26313676897706,L2,0.495527383...
check iteration duration=7.89165496826e-05
GetData ===>> H2,0.0487405499730036,H1,3640.85830797653,AX,253.546763169275,L1,4.2973551031429,L2,0.70360702870...
testing H1>-5.0
evaluate ot="H1.bs>-5.0" t="H1>-5.0", ctx="{'H1': None}"
check iteration duration=0.000595092773438
GetData ===>> H2,-0.0202122216368589,H1,3640.33053335973,AX,253.510279685264,L1,4.28325188863776,L2,0.622807649...
check iteration duration=8.70227813721e-05
GetData ===>> H2,0.0165975445113498,H1,3639.12665877615,AX,253.374247395722,L1,4.28942976628684,L2,0.5975073395...
check iteration duration=6.60419464111e-05
GetData ===>> H2,-0.0360957994612703,H1,3638.37839471714,AX,253.349043162006,L1,4.2802194091112,L2,0.4578124452...
check iteration duration=8.58306884766e-05
GetData ===>> H2,-0.035636922393593,H1,3636.5099963833,AX,253.187522600205,L1,4.28066463005004,L2,0.55618564893...
check iteration duration=6.50882720947e-05
GetData ===>> H2,-0.0348236599476763,H1,3633.79019843038,AX,253.068812885134,L1,4.28675239934068,L2,0.642021600...
testing H1>-5.0
evaluate ot="H1.bs>-5.0" t="H1>-5.0", ctx="{'H1': None}"
check iteration duration=0.00154781341553
GetData ===>> H2,-0.0681470276252081,H1,3632.19951615789,AX,252.987887187061,L1,4.25784940926419,L2,0.595952022...
check iteration duration=3.50475311279e-05
GetData ===>> H2,-0.00880845398425813,H1,3630.93363491249,AX,252.950862696697,L1,4.29716002622397,L2,0.50254203...
check iteration duration=9.89437103271e-05
GetData ===>> H2,0.0240761544926407,H1,3630.10031091269,AX,252.757469792967,L1,4.31305240259435,L2,0.5334285893...
check iteration duration=8.9168548584e-05
GetData ===>> H2,0.0705799056987875,H1,3628.06976337173,AX,252.950729334243,L1,4.33031541262235,L2,0.5154644985...
check iteration duration=8.70227813721e-05
GetData ===>> H2,0.0897525249965345,H1,3626.60279450157,AX,252.854908394256,L1,4.29504786290122,L2,0.5225263160...
testing H1>-5.0
evaluate ot="H1.bs>-5.0" t="H1>-5.0", ctx="{'H1': None}"
check iteration duration=0.000589847564697
GetData ===>> H2,0.0200462605972531,H1,3625.13623652436,AX,252.662465198121,L1,4.26563805076234,L2,0.5436005905...
check iteration duration=8.10623168945e-05
GetData ===>> H2,-0.048379816115736,H1,3624.54420485355,AX,252.175151168898,L1,4.25597459699133,L2,0.5707731230...
check iteration duration=8.48770141602e-05
GetData ===>> H2,0.0256195381080215,H1,3624.52118014096,AX,252.270246280631,L1,4.25753692054188,L2,0.5692525382...
check iteration duration=9.3936920166e-05
GetData ===>> H2,0.145730985903574,H1,3622.7733874543,AX,252.323923246546,L1,4.28181413171684,L2,0.583967780508...
check iteration duration=4.10079956055e-05
GetData ===>> H2,0.170085755644417,H1,3620.31007724262,AX,252.225449870063,L1,4.31181152427239,L2,0.59841080720...
testing H1>-5.0
evaluate ot="H1.bs>-5.0" t="H1>-5.0", ctx="{'H1': None}"
check iteration duration=0.000597953796387
11:42:06 -- collecting point 100
GetData ===>> H2,0.0831741759943974,H1,3618.14400070473,AX,252.1842568175,L1,4.34155123744979,L2,0.654127459994...
check iteration duration=8.29696655273e-05
GetData ===>> H2,0.0419283574097599,H1,3616.72875230041,AX,252.225955843582,L1,4.32929300405673,L2,0.6320659889...
check iteration duration=9.29832458496e-05
GetData ===>> H2,0.0337863359875723,H1,3614.80255907433,AX,251.840015853366,L1,4.28869448743733,L2,0.6648628285...
check iteration duration=8.98838043213e-05
GetData ===>> H2,-0.0863332792408371,H1,3614.22263591572,AX,251.87189244587,L1,4.30978092909811,L2,0.5531106729...
check iteration duration=3.91006469727e-05
GetData ===>> H2,-0.0144411007706118,H1,3613.1471202308,AX,251.904438937793,L1,4.26272817805752,L2,0.5051012515...
testing H1>-5.0
evaluate ot="H1.bs>-5.0" t="H1>-5.0", ctx="{'H1': None}"
check iteration duration=0.000602006912231
GetData ===>> H2,0.0935407256264451,H1,3611.11528928354,AX,251.799391768259,L1,4.24679157227912,L2,0.6305801653...
check iteration duration=6.69956207275e-05
GetData ===>> H2,0.0134506318901168,H1,3610.11622902093,AX,251.636910623338,L1,4.26749107493757,L2,0.6718260257...
check iteration duration=6.69956207275e-05
GetData ===>> H2,-0.0860868161188027,H1,3609.56993805429,AX,251.602774603154,L1,4.25739884667954,L2,0.517064217...
check iteration duration=7.70092010498e-05
GetData ===>> H2,-0.0764841389208372,H1,3607.29029257339,AX,251.450222240587,L1,4.27004417111712,L2,0.584185038...
check iteration duration=9.10758972168e-05
GetData ===>> H2,0.0773918376194755,H1,3605.89831649767,AX,251.4508070426,L1,4.29348617404422,L2,0.487873546430...
testing H1>-5.0
evaluate ot="H1.bs>-5.0" t="H1>-5.0", ctx="{'H1': None}"
check iteration duration=0.00073504447937
GetData ===>> H2,0.102992795714167,H1,3604.65594048011,AX,251.186992225989,L1,4.31436478300594,L2,0.62376855218...
check iteration duration=3.79085540771e-05
GetData ===>> H2,-0.0137765822972224,H1,3603.69073183687,AX,251.162467103425,L1,4.25527561282594,L2,0.615681254...
check iteration duration=5.00679016113e-05
GetData ===>> H2,-0.0211968787680121,H1,3601.88360962387,AX,251.164645824181,L1,4.22555644882215,L2,0.614697556...
check iteration duration=5.41210174561e-05
GetData ===>> H2,0.0753749852539717,H1,3600.75801193569,AX,251.139007349785,L1,4.27596298537441,L2,0.6647141943...
check iteration duration=3.31401824951e-05
GetData ===>> H2,-0.0764014621718766,H1,3599.62632049174,AX,251.007858116686,L1,4.25226942031276,L2,0.645668058...
testing H1>-5.0
evaluate ot="H1.bs>-5.0" t="H1>-5.0", ctx="{'H1': None}"
check iteration duration=0.00182199478149
GetData ===>> H2,-0.0835216574909451,H1,3597.96615796809,AX,251.021909983256,L1,4.21985739098734,L2,0.623688476...
check iteration duration=7.89165496826e-05
GetData ===>> H2,0.0600895886013918,H1,3595.963853689,AX,250.699820428057,L1,4.22202724768734,L2,0.556620040104...
check iteration duration=9.29832458496e-05
GetData ===>> H2,0.0615872754238022,H1,3594.63460183061,AX,250.743397711669,L1,4.23749681843418,L2,0.5611355384...
check iteration duration=5.50746917725e-05
GetData ===>> H2,0.0132628245616488,H1,3593.04452294057,AX,250.789797517078,L1,4.24588183216726,L2,0.5535907742...
check iteration duration=7.31945037842e-05
GetData ===>> H2,-0.0731399949757166,H1,3591.44093846928,AX,250.482684874566,L1,4.25541656898644,L2,0.607640387...
testing H1>-5.0
evaluate ot="H1.bs>-5.0" t="H1>-5.0", ctx="{'H1': None}"
check iteration duration=0.000679969787598
GetData ===>> H2,-0.130233393265618,H1,3590.15442486461,AX,250.344943034958,L1,4.28000553423647,L2,0.5784450124...
check iteration duration=3.21865081787e-05
waiting for write to finish
measurement finished
estimated time: 125.829 actual time: :126.472
flush and close file /Users/jan/PychronDev/data/isotopes/5c/db57ed-2738-4fc0-9d09-f150c6630e5e.h5
baselines () {'settling_time': 15.0, 'detector': 'H1', 'mass': 34.2, 'ncounts': 60}
%%%%%%%%%%%%%%%%%%%%%%%%%%%%%%%% Baseline
build tables- baseline [Detector(H2), Detector(H1), Detector(AX), Detector(L1), Detector(L2), Detector(CDD)]
add group baseline table H2
add group baseline table H1
add group baseline table AX
add group baseline table L1
add group baseline table L2
add group baseline table CDD
flush and close file /Users/jan/PychronDev/data/isotopes/5c/db57ed-2738-4fc0-9d09-f150c6630e5e.h5
detector Detector(H1)
POSITION 34.2 H1
Mapping mass to dac mass func: "parabolic"
H1 map mass coeffs = [-0.00063987  0.15840543  0.57254999]
H1 map mass to dac 34.2 >> 5.24159599104
GetDeflection H1 ===>> 0
GetHighVoltage ===>> 4499.94659342336
positioning 34.2 (5.24156512378) on H1
setting magnet DAC
current  : 5.880905
requested: 5.241565
Delta Dac: 0.639340
Checking detector protection. dv=0.63934
Checking detector "CDD". Protection Threshold: 0.1 (V)
ProtectDetector CDD,On ===>> OK
GetDeflection CDD ===>> 2000
Protected = 2000
SetMagnetDAC 5.24156512378 ===>> OK
Magnet settling time: 0.500
GetMagnetMoving ===>> True
GetMagnetMoving ===>> True
GetMagnetMoving ===>> True
GetMagnetMoving ===>> True
GetMagnetMoving ===>> True
GetMagnetMoving ===>> True
GetMagnetMoving ===>> True
GetMagnetMoving ===>> True
GetMagnetMoving ===>> False
ProtectDetector CDD,Off ===>> OK
GetDeflection CDD ===>> 50
Delaying 15.0s for detectors to settle
Join finished
measuring baseline. ncounts=60
"baseline" increment series count="2" fit count="1" regressing="True"
starting measurement
check iteration duration=4.88758087158e-05
GetData ===>> H2,-0.13689327369662,H1,-0.268148839400006,AX,-0.178682336167355,L1,-0.0550116948939701,L2,0.0421...
check iteration duration=8.20159912109e-05
GetData ===>> H2,-0.192228356070537,H1,-0.148568760378986,AX,-0.0723383738830245,L1,-0.0537421013494154,L2,-0.0...
check iteration duration=5.10215759277e-05
GetData ===>> H2,-0.186551946514319,H1,-0.110662492818947,AX,-0.199195380127051,L1,-0.0556078498046185,L2,-0.02...
check iteration duration=3.88622283936e-05
GetData ===>> H2,-0.146476285436753,H1,-0.19394643260171,AX,-0.106911646393202,L1,-0.0536165091216194,L2,-0.057...
testing H1>-5.0
evaluate ot="H1.bs>-5.0" t="H1>-5.0", ctx="{'H1': None}"
check iteration duration=0.00117516517639
GetData ===>> H2,-0.219811043955374,H1,-0.160204189811064,AX,-0.118047117779814,L1,-0.0580711026707329,L2,-0.08...
check iteration duration=3.21865081787e-05
GetData ===>> H2,-0.203648308587752,H1,-0.0680201068311124,AX,-0.107618514409164,L1,-0.0586694693816809,L2,0.01...
check iteration duration=3.38554382324e-05
GetData ===>> H2,-0.306312586172198,H1,-0.0513777343593034,AX,-0.134489262608807,L1,-0.056347607295384,L2,-0.02...
check iteration duration=7.89165496826e-05
GetData ===>> H2,-0.262850988357124,H1,-0.0579944817989951,AX,-0.0686635895107054,L1,-0.0412601293049004,L2,-0....
check iteration duration=4.29153442383e-05
GetData ===>> H2,-0.180708069487454,H1,-0.0352811167523058,AX,-0.251049743416535,L1,-0.0367657444543275,L2,0.03...
testing H1>-5.0
evaluate ot="H1.bs>-5.0" t="H1>-5.0", ctx="{'H1': None}"
check iteration duration=0.00218796730042
GetData ===>> H2,-0.0711577156247794,H1,-0.136133091104695,AX,-0.0253671959940726,L1,-0.0408984488131968,L2,0.0...
check iteration duration=7.91549682617e-05
GetData ===>> H2,-0.134942164037906,H1,-0.139614757409512,AX,-0.071608065010181,L1,-0.0285710017821309,L2,-0.04...
check iteration duration=5.69820404053e-05
GetData ===>> H2,-0.177709416098612,H1,0.000748917634907542,AX,-0.144924905127825,L1,-0.0461762556208424,L2,0.0...
check iteration duration=4.19616699219e-05
GetData ===>> H2,-0.0883767637187397,H1,-0.0345060290919406,AX,-0.130200823639499,L1,-0.0374546465283726,L2,-0....
check iteration duration=4.19616699219e-05
GetData ===>> H2,-0.160509497946326,H1,-0.0527964972333315,AX,-0.0864218300193083,L1,-0.0552175997874747,L2,0.0...
testing H1>-5.0
evaluate ot="H1.bs>-5.0" t="H1>-5.0", ctx="{'H1': None}"
check iteration duration=0.000579118728638
GetData ===>> H2,-0.289506427662822,H1,-0.0890932945038834,AX,-0.156426005219531,L1,-0.0592630139293755,L2,0.02...
check iteration duration=4.10079956055e-05
GetData ===>> H2,-0.363251859994722,H1,-0.00894862340945475,AX,-0.134048621956938,L1,-0.0679874194351613,L2,0.0...
check iteration duration=4.00543212891e-05
GetData ===>> H2,-0.280008363084869,H1,0.0203257834975769,AX,0.00814449333229467,L1,-0.0520626239348086,L2,0.01...
check iteration duration=4.29153442383e-05
GetData ===>> H2,-0.225259389458066,H1,-0.0449513212198881,AX,-0.061359978290505,L1,-4.68030477546288E-05,L2,-0...
check iteration duration=3.79085540771e-05
GetData ===>> H2,-0.221389920143984,H1,0.0346440140896355,AX,0.00749479744357893,L1,0.00554376543657063,L2,-0.0...
testing H1>-5.0
evaluate ot="H1.bs>-5.0" t="H1>-5.0", ctx="{'H1': None}"
check iteration duration=0.00116300582886
GetData ===>> H2,-0.198948551884797,H1,0.0102803807928488,AX,-0.048849821394283,L1,-0.0339889854820144,L2,-0.03...
check iteration duration=7.08103179932e-05
GetData ===>> H2,-0.188534294240188,H1,-0.00944957786901386,AX,-0.0909304234735575,L1,-0.0268194729029646,L2,-0...
check iteration duration=8.20159912109e-05
GetData ===>> H2,-0.232552961164506,H1,-0.06548101259487,AX,-0.12183590013867,L1,-0.0259220256234655,L2,-0.1318...
check iteration duration=7.29560852051e-05
GetData ===>> H2,-0.23020574721435,H1,0.0588584148414785,AX,-0.0738105671711242,L1,0.0146135619504731,L2,-0.031...
check iteration duration=9.10758972168e-05
GetData ===>> H2,-0.186032702831604,H1,0.107870910534858,AX,-0.0392835098266672,L1,-0.0274149311051003,L2,0.056...
testing H1>-5.0
evaluate ot="H1.bs>-5.0" t="H1>-5.0", ctx="{'H1': None}"
check iteration duration=0.00100898742676
11:43:12 -- collecting point 25
GetData ===>> H2,-0.219470182521739,H1,0.0778354749024103,AX,-0.0553079994080999,L1,0.00214491749079787,L2,0.08...
check iteration duration=3.88622283936e-05
GetData ===>> H2,-0.209714928541104,H1,0.0549078097328295,AX,-0.0729179801981459,L1,-0.0264911770462233,L2,-0.0...
check iteration duration=6.103515625e-05
GetData ===>> H2,-0.237104681558177,H1,0.0828566581097646,AX,-0.068698367300373,L1,0.0112628952506669,L2,-0.011...
check iteration duration=8.51154327393e-05
GetData ===>> H2,-0.399114924785972,H1,-0.00763658794278295,AX,-0.161990565455826,L1,-0.0225148311443284,L2,-0....
check iteration duration=4.19616699219e-05
GetData ===>> H2,-0.341215674661341,H1,0.0197411659296211,AX,0.00312106476282832,L1,-0.0199649722161174,L2,-0.0...
testing H1>-5.0
evaluate ot="H1.bs>-5.0" t="H1>-5.0", ctx="{'H1': None}"
check iteration duration=0.00056004524231
GetData ===>> H2,-0.248188678004239,H1,0.00641519747832682,AX,-0.103052751756852,L1,-0.0343481650164343,L2,-0.0...
check iteration duration=3.40938568115e-05
GetData ===>> H2,-0.265212028568302,H1,0.0149450445728895,AX,-0.183075041295284,L1,-0.0091470611138789,L2,0.004...
check iteration duration=9.60826873779e-05
GetData ===>> H2,-0.159716742246132,H1,0.162191358999198,AX,-0.0796295698613585,L1,-0.0300311746779676,L2,-0.09...
check iteration duration=6.60419464111e-05
GetData ===>> H2,-0.106587142885299,H1,0.0937824776886532,AX,-0.131324588192684,L1,-0.0506532730617894,L2,-0.05...
check iteration duration=4.29153442383e-05
GetData ===>> H2,-0.155580548323943,H1,0.0520792244904424,AX,-0.119147849574869,L1,-0.00872497956966858,L2,-0.0...
testing H1>-5.0
evaluate ot="H1.bs>-5.0" t="H1>-5.0", ctx="{'H1': None}"
check iteration duration=0.000593900680542
GetData ===>> H2,-0.171121949694323,H1,0.104041428250246,AX,-0.020090073343203,L1,-0.0105366874946918,L2,0.0829...
check iteration duration=8.10623168945e-05
GetData ===>> H2,-0.169070966038892,H1,0.144419411320285,AX,-0.0725006639992557,L1,-0.0152747572739589,L2,0.062...
check iteration duration=7.91549682617e-05
GetData ===>> H2,-0.157451613335738,H1,0.0897984708964962,AX,-0.0318037384791271,L1,-0.0231524945420815,L2,-0.0...
check iteration duration=4.79221343994e-05
GetData ===>> H2,-0.151039930496728,H1,0.0651248000403505,AX,-0.0390631836942772,L1,-0.00797190376584711,L2,-0....
check iteration duration=8.79764556885e-05
GetData ===>> H2,-0.142883773728105,H1,0.0736255082095074,AX,-0.0936192537905392,L1,-0.0039057602867496,L2,-0.0...
testing H1>-5.0
evaluate ot="H1.bs>-5.0" t="H1>-5.0", ctx="{'H1': None}"
check iteration duration=0.000566959381104
GetData ===>> H2,-0.140226825916294,H1,0.0399661451428781,AX,-0.0112749006659009,L1,-0.0129438001029958,L2,-0.0...
check iteration duration=8.29696655273e-05
GetData ===>> H2,-0.211192685687056,H1,0.124120996912702,AX,-0.088044484119361,L1,-0.0068697693057147,L2,0.0136...
check iteration duration=8.9168548584e-05
GetData ===>> H2,-0.131799130841422,H1,0.101572026675245,AX,-0.142258125203988,L1,1.92056642816704E-05,L2,0.016...
check iteration duration=3.79085540771e-05
GetData ===>> H2,-0.124321681287412,H1,0.118823322276263,AX,-0.0296582716143023,L1,0.00180280483050282,L2,0.024...
check iteration duration=4.48226928711e-05
GetData ===>> H2,-0.0868519177009269,H1,0.0734585443409099,AX,-0.0643974196990733,L1,0.0082325280446523,L2,-0.0...
testing H1>-5.0
evaluate ot="H1.bs>-5.0" t="H1>-5.0", ctx="{'H1': None}"
check iteration duration=0.00128817558289
GetData ===>> H2,-0.120468556685339,H1,0.111772122488252,AX,-0.0929006943435897,L1,-0.00586467099456061,L2,-0.0...
check iteration duration=3.50475311279e-05
GetData ===>> H2,-0.0867869199216781,H1,0.122868143154409,AX,-0.167740276588168,L1,-0.039622882255093,L2,-0.022...
check iteration duration=0.000269174575806
GetData ===>> H2,-0.128696617329603,H1,0.0727906916503375,AX,-0.0825737135419232,L1,-0.0320312314432594,L2,0.05...
check iteration duration=3.50475311279e-05
GetData ===>> H2,-0.188505977431219,H1,0.0825704081192093,AX,-0.066391413652372,L1,-0.0349779731088658,L2,-0.03...
check iteration duration=7.48634338379e-05
GetData ===>> H2,-0.265074897381051,H1,0.149264908467672,AX,-0.0988576235845379,L1,-0.0249849524826284,L2,-0.04...
testing H1>-5.0
evaluate ot="H1.bs>-5.0" t="H1>-5.0", ctx="{'H1': None}"
check iteration duration=0.000585079193115
11:43:38 -- collecting point 50
GetData ===>> H2,-0.23102275143675,H1,0.0963113306953868,AX,-0.112740257094178,L1,0.00756536962211319,L2,-0.038...
check iteration duration=8.58306884766e-05
GetData ===>> H2,-0.190242610651123,H1,0.028785223878436,AX,0.0553125407891934,L1,-0.0374234971928966,L2,-0.061...
check iteration duration=7.79628753662e-05
GetData ===>> H2,-0.246816531324087,H1,0.0753190146087547,AX,0.0274285134244335,L1,-0.0511940660478412,L2,-0.02...
check iteration duration=7.00950622559e-05
GetData ===>> H2,-0.244449859072681,H1,0.125600577723062,AX,-0.0588789443477258,L1,-0.0206975084367211,L2,-0.09...
check iteration duration=4.00543212891e-05
GetData ===>> H2,-0.230411686302667,H1,0.0603742473026304,AX,-0.145527819150899,L1,-0.0152111827090792,L2,0.048...
testing H1>-5.0
evaluate ot="H1.bs>-5.0" t="H1>-5.0", ctx="{'H1': None}"
check iteration duration=0.000540018081665
GetData ===>> H2,-0.253522322645127,H1,0.0534039949719791,AX,-0.135324155212096,L1,0.00188803180981205,L2,-0.14...
check iteration duration=3.981590271e-05
GetData ===>> H2,-0.23064857891188,H1,0.0975280657441903,AX,-0.11081673829176,L1,0.0227890119845371,L2,-0.04791...
check iteration duration=4.10079956055e-05
GetData ===>> H2,-0.132004725889244,H1,0.0683357284075427,AX,-0.0646060953992209,L1,-0.00379058894585316,L2,0.0...
check iteration duration=8.41617584229e-05
GetData ===>> H2,-0.162046232646863,H1,0.0438326240470357,AX,-0.0843239299651129,L1,0.010941213036493,L2,-0.170...
check iteration duration=9.48905944824e-05
GetData ===>> H2,-0.17831406899625,H1,0.033784862504649,AX,-0.0371382078475813,L1,-0.03587549323916,L2,-0.04267...
testing H1>-5.0
evaluate ot="H1.bs>-5.0" t="H1>-5.0", ctx="{'H1': None}"
check iteration duration=0.00103998184204
GetData ===>> H2,-0.196206799642528,H1,0.16171389810411,AX,0.00191455239911941,L1,-0.0435137522080884,L2,-0.088...
check iteration duration=1.81198120117e-05
waiting for write to finish
measurement finished
estimated time: 62.915 actual time: :63.242
flush and close file /Users/jan/PychronDev/data/isotopes/5c/db57ed-2738-4fc0-9d09-f150c6630e5e.h5
activate_detectors ('H1', 'AX', 'CDD') {'peak_center': True}
peak_center () {'detector': 'H1', 'integration_time': 0.262144, 'isotope': 'Ar40'}
peak center: mean=3596.91631737 threshold=3
peak center started
setup peak center. detector=['H1', 'AX', 'CDD'], isotope=Ar40
VersionedUnpickler [<apptools.sweet_pickle.versioned_unpickler.VersionedUnpickler object at 0x20f740710>] using Updater [<apptools.sweet_pickle.updater.Updater object at 0x12e273d10>]
VersionedUnpickler [<apptools.sweet_pickle.versioned_unpickler.VersionedUnpickler object at 0x20f740710>] using Updater [<apptools.sweet_pickle.updater.Updater object at 0x12e273d10>]
VersionedUnpickler [<apptools.sweet_pickle.versioned_unpickler.VersionedUnpickler object at 0x1ee0aab30>] using Updater [<apptools.sweet_pickle.updater.Updater object at 0x12e273d10>]
setting integration time = 0.524288
SetIntegrationTime 0.524288 ===>> OK
Mapping mass to dac mass func: "parabolic"
H1 map mass coeffs = [-0.00063987  0.15840543  0.57254999]
H1 map mass to dac 39.9624 >> 5.88094
GetDeflection H1 ===>> 0
GetHighVoltage ===>> 4499.94659342336
do peak center. <pychron.spectrometer.jobs.peak_center.PeakCenter object at 0x16275af50>
doing pc
starting peak center. center dac= 5.8809053677 step_width=0.001
width = 0.001
get scan parameters. half-width=0.015,window=0.015, i=0, scalar=1
Scan parameters center=5.88091 width=0.03000 (5.86591 - 5.89591)
GetData ===>> H2,-0.129871181622973,H1,0.0162693237749647,AX,-0.0828171230087343,L1,-0.0128503074715311,L2,-0.0...
Moving to starting dac 5.8659053677
setting magnet DAC
current  : 5.241565
requested: 5.865905
Delta Dac: 0.624340
Checking detector protection. dv=0.62434
Checking detector "CDD". Protection Threshold: 0.1 (V)
ProtectDetector CDD,On ===>> OK
GetDeflection CDD ===>> 2000
Protected = 2000
SetMagnetDAC 5.8659053677 ===>> OK
Magnet settling time: 0.500
GetMagnetMoving ===>> True
GetMagnetMoving ===>> True
GetMagnetMoving ===>> True
GetMagnetMoving ===>> True
GetMagnetMoving ===>> True
GetMagnetMoving ===>> True
GetMagnetMoving ===>> True
GetMagnetMoving ===>> True
GetMagnetMoving ===>> True
GetMagnetMoving ===>> False
ProtectDetector CDD,Off ===>> OK
GetDeflection CDD ===>> 50
Wait until signal near baseline. tol= 0.0122019928312. timeout= 10
GetData ===>> H2,117.969167127543,H1,31.5675443957069,AX,1.2210611397309,L1,0.14896806880271,L2,0.0887214158563...
GetData ===>> H2,151.712277678758,H1,113.999398650377,AX,7.00642315424601,L1,0.132176560409025,L2,-0.0894810342...
GetData ===>> H2,143.152123409525,H1,54.6040990846554,AX,3.07907281918673,L1,0.0596542093346026,L2,-0.120899449...
GetData ===>> H2,90.6092814948986,H1,28.0728446419178,AX,1.46555657555506,L1,0.0268209928499417,L2,-0.068478381...
GetData ===>> H2,41.2983557303058,H1,15.4823144312809,AX,0.665626053676261,L1,0.012248941953479,L2,0.0001821887...
GetData ===>> H2,15.3280622030915,H1,9.49151280750489,AX,0.298021997393362,L1,0.0358734166939763,L2,-0.04813121...
GetData ===>> H2,5.01830316887818,H1,6.51622739071065,AX,0.193921060129221,L1,0.0204504798676496,L2,-0.05149995...
GetData ===>> H2,1.83460790289474,H1,5.10463956585119,AX,0.164039287061838,L1,0.019106294952039,L2,0.0638328399...
GetData ===>> H2,1.07777601001279,H1,4.46213775462627,AX,0.100060946009286,L1,0.00974278186778464,L2,-0.0438290...
GetData ===>> H2,1.05296023514875,H1,4.00207195099054,AX,0.139801879568834,L1,0.0207841535353028,L2,-0.02393202...
GetData ===>> H2,1.13556702405089,H1,3.8851602551303,AX,0.211348591516265,L1,-0.00690455014777186,L2,-0.0341997...
GetData ===>> H2,1.13556702405089,H1,3.8851602551303,AX,0.211348591516265,L1,-0.00690455014777186,L2,-0.0341997...
GetData ===>> H2,0.950177795311837,H1,3.78835359951271,AX,0.0283916542931024,L1,-0.0157014420482212,L2,-0.02923...
GetData ===>> H2,0.836024611707604,H1,3.78448907664255,AX,0.0124488381208892,L1,-0.010118261084054,L2,-0.037773...
GetData ===>> H2,0.759692575481148,H1,3.76589766439987,AX,0.0790377346092463,L1,0.00858464289658204,L2,-0.04061...
GetData ===>> H2,0.701572386810402,H1,3.70079368860348,AX,0.182551914181199,L1,0.0198311724067642,L2,-0.0216779...
GetData ===>> H2,0.53589073931386,H1,3.66951969674887,AX,0.136346510726485,L1,-0.00863384600392932,L2,0.0327995...
GetData ===>> H2,0.457176714157261,H1,3.71966470461487,AX,0.187401040717651,L1,-0.0211330202603494,L2,-0.020198...
GetData ===>> H2,0.394330703952179,H1,3.7709036459084,AX,0.0704628655757869,L1,-0.00693093553400159,L2,-0.08069...
GetData ===>> H2,0.434182673150857,H1,3.79022515063643,AX,0.115779166850403,L1,-0.00876814781282689,L2,0.004395...
GetData ===>> H2,0.311044958949985,H1,3.69945803476417,AX,0.140451224307578,L1,-0.0247348847312497,L2,-0.122927...
Peak center failed to move to a baseline position
_do_sweep sm= 5.8659053677, em= 5.8959053677, stm= 0.001
calculated step values: start=5.8659053677, end=5.8959053677, width=0.001, nsteps=31.0
setting magnet DAC
current  : 5.865905
requested: 5.865905
Delta Dac: 0.000000
Checking detector protection. dv=0.00000
Checking detector "CDD". Protection Threshold: 0.1 (V)
SetMagnetDAC 5.8659053677 ===>> OK
GetData ===>> H2,0.311044958949985,H1,3.69945803476417,AX,0.140451224307578,L1,-0.0247348847312497,L2,-0.122927...
setting magnet DAC
current  : 5.865905
requested: 5.866940
Delta Dac: 0.001034
Checking detector protection. dv=0.00103
Checking detector "CDD". Protection Threshold: 0.1 (V)
SetMagnetDAC 5.86693985045 ===>> OK
Magnet settling time: 1.049
GetData ===>> H2,0.311965783361834,H1,6.1930190036515,AX,0.171021706917713,L1,-0.00825251502974844,L2,0.0223890...
setting magnet DAC
current  : 5.866940
requested: 5.867974
Delta Dac: 0.001034
Checking detector protection. dv=0.00103
Checking detector "CDD". Protection Threshold: 0.1 (V)
SetMagnetDAC 5.86797433321 ===>> OK
Magnet settling time: 1.049
GetData ===>> H2,0.284108851703257,H1,17.0751621969806,AX,0.926983465672342,L1,-0.0205341810588197,L2,-0.026709...
setting magnet DAC
current  : 5.867974
requested: 5.869009
Delta Dac: 0.001034
Checking detector protection. dv=0.00103
Checking detector "CDD". Protection Threshold: 0.1 (V)
SetMagnetDAC 5.86900881597 ===>> OK
Magnet settling time: 1.049
GetData ===>> H2,0.204122513594735,H1,57.5329106888505,AX,2.86642689679843,L1,-0.0109766758739747,L2,0.04717569...
setting magnet DAC
current  : 5.869009
requested: 5.870043
Delta Dac: 0.001034
Checking detector protection. dv=0.00103
Checking detector "CDD". Protection Threshold: 0.1 (V)
SetMagnetDAC 5.87004329873 ===>> OK
Magnet settling time: 1.049
GetData ===>> H2,0.167858639755334,H1,297.471633253189,AX,13.5477395049438,L1,0.0550446304684934,L2,-0.05835085...
setting magnet DAC
current  : 5.870043
requested: 5.871078
Delta Dac: 0.001034
Checking detector protection. dv=0.00103
Checking detector "CDD". Protection Threshold: 0.1 (V)
SetMagnetDAC 5.87107778149 ===>> OK
Magnet settling time: 1.049
GetData ===>> H2,0.191578859546619,H1,825.429656487726,AX,39.6600908746602,L1,0.276740841354296,L2,0.0075611245...
setting magnet DAC
current  : 5.871078
requested: 5.872112
Delta Dac: 0.001034
Checking detector protection. dv=0.00103
Checking detector "CDD". Protection Threshold: 0.1 (V)
SetMagnetDAC 5.87211226425 ===>> OK
Magnet settling time: 1.049
GetData ===>> H2,0.0468889647044888,H1,1653.43947784864,AX,89.0928700442344,L1,0.76567547764777,L2,0.0119113194...
setting magnet DAC
current  : 5.872112
requested: 5.873147
Delta Dac: 0.001034
Checking detector protection. dv=0.00103
Checking detector "CDD". Protection Threshold: 0.1 (V)
SetMagnetDAC 5.87314674701 ===>> OK
Magnet settling time: 1.049
GetData ===>> H2,0.0881024897326731,H1,2482.16497371861,AX,147.85400646738,L1,1.46752108263825,L2,0.14077587125...
setting magnet DAC
current  : 5.873147
requested: 5.874181
Delta Dac: 0.001034
Checking detector protection. dv=0.00103
Checking detector "CDD". Protection Threshold: 0.1 (V)
SetMagnetDAC 5.87418122976 ===>> OK
Magnet settling time: 1.049
GetData ===>> H2,0.119397105681349,H1,3033.61507120696,AX,194.702546378015,L1,2.18767481487434,L2,0.24855445756...
setting magnet DAC
current  : 5.874181
requested: 5.875216
Delta Dac: 0.001034
Checking detector protection. dv=0.00103
Checking detector "CDD". Protection Threshold: 0.1 (V)
SetMagnetDAC 5.87521571252 ===>> OK
Magnet settling time: 1.049
GetData ===>> H2,0.0670673008186477,H1,3300.52013765227,AX,222.533638374148,L1,2.86065777520877,L2,0.3658146214...
setting magnet DAC
current  : 5.875216
requested: 5.876250
Delta Dac: 0.001034
Checking detector protection. dv=0.00103
Checking detector "CDD". Protection Threshold: 0.1 (V)
SetMagnetDAC 5.87625019528 ===>> OK
Magnet settling time: 1.049
GetData ===>> H2,0.148053035879315,H1,3395.76464829546,AX,234.685244877482,L1,3.34989951905956,L2,0.52736018996...
setting magnet DAC
current  : 5.876250
requested: 5.877285
Delta Dac: 0.001034
Checking detector protection. dv=0.00103
Checking detector "CDD". Protection Threshold: 0.1 (V)
SetMagnetDAC 5.87728467804 ===>> OK
Magnet settling time: 1.049
GetData ===>> H2,0.0825249738519087,H1,3425.7629109786,AX,238.649181976419,L1,3.71748449993295,L2,0.63838423813...
setting magnet DAC
current  : 5.877285
requested: 5.878319
Delta Dac: 0.001034
Checking detector protection. dv=0.00103
Checking detector "CDD". Protection Threshold: 0.1 (V)
SetMagnetDAC 5.8783191608 ===>> OK
Magnet settling time: 1.049
GetData ===>> H2,0.0702797972923582,H1,3428.70507001964,AX,239.215823861316,L1,3.84069115478597,L2,0.4756515211...
setting magnet DAC
current  : 5.878319
requested: 5.879354
Delta Dac: 0.001034
Checking detector protection. dv=0.00103
Checking detector "CDD". Protection Threshold: 0.1 (V)
SetMagnetDAC 5.87935364356 ===>> OK
Magnet settling time: 1.049
GetData ===>> H2,0.00655278109709439,H1,3428.82697095782,AX,239.289843945281,L1,3.9772086364806,L2,0.4984976937...
setting magnet DAC
current  : 5.879354
requested: 5.880388
Delta Dac: 0.001034
Checking detector protection. dv=0.00103
Checking detector "CDD". Protection Threshold: 0.1 (V)
SetMagnetDAC 5.88038812632 ===>> OK
Magnet settling time: 1.049
GetData ===>> H2,0.0456683630957867,H1,3426.91674090649,AX,239.240270439712,L1,4.04587655758735,L2,0.6712320765...
setting magnet DAC
current  : 5.880388
requested: 5.881423
Delta Dac: 0.001034
Checking detector protection. dv=0.00103
Checking detector "CDD". Protection Threshold: 0.1 (V)
SetMagnetDAC 5.88142260908 ===>> OK
Magnet settling time: 1.049
GetData ===>> H2,0.171040786928923,H1,3426.894258702,AX,239.36207921962,L1,4.05566071651581,L2,0.52073224520034...
setting magnet DAC
current  : 5.881423
requested: 5.882457
Delta Dac: 0.001034
Checking detector protection. dv=0.00103
Checking detector "CDD". Protection Threshold: 0.1 (V)
SetMagnetDAC 5.88245709183 ===>> OK
Magnet settling time: 1.049
GetData ===>> H2,-0.00175176105234136,H1,3424.26091531751,AX,239.425647532766,L1,4.06497107903188,L2,0.42529493...
setting magnet DAC
current  : 5.882457
requested: 5.883492
Delta Dac: 0.001034
Checking detector protection. dv=0.00103
Checking detector "CDD". Protection Threshold: 0.1 (V)
SetMagnetDAC 5.88349157459 ===>> OK
Magnet settling time: 1.049
GetData ===>> H2,0.0547660669464917,H1,3422.62157315296,AX,238.73015973173,L1,4.11060765975519,L2,0.60976777782...
setting magnet DAC
current  : 5.883492
requested: 5.884526
Delta Dac: 0.001034
Checking detector protection. dv=0.00103
Checking detector "CDD". Protection Threshold: 0.1 (V)
SetMagnetDAC 5.88452605735 ===>> OK
Magnet settling time: 1.049
GetData ===>> H2,0.0928580744538412,H1,3415.49249258184,AX,237.945887469693,L1,4.09159927729882,L2,0.5359086294...
setting magnet DAC
current  : 5.884526
requested: 5.885561
Delta Dac: 0.001034
Checking detector protection. dv=0.00103
Checking detector "CDD". Protection Threshold: 0.1 (V)
SetMagnetDAC 5.88556054011 ===>> OK
Magnet settling time: 1.049
GetData ===>> H2,-0.00965368222647293,H1,3397.40668176001,AX,235.059433908281,L1,4.02791498103639,L2,0.51453895...
setting magnet DAC
current  : 5.885561
requested: 5.886595
Delta Dac: 0.001034
Checking detector protection. dv=0.00103
Checking detector "CDD". Protection Threshold: 0.1 (V)
SetMagnetDAC 5.88659502287 ===>> OK
Magnet settling time: 1.049
GetData ===>> H2,-0.0600755734850138,H1,3333.24961458392,AX,226.555309452139,L1,3.86786864531118,L2,0.546172334...
setting magnet DAC
current  : 5.886595
requested: 5.887630
Delta Dac: 0.001034
Checking detector protection. dv=0.00103
Checking detector "CDD". Protection Threshold: 0.1 (V)
SetMagnetDAC 5.88762950563 ===>> OK
Magnet settling time: 1.049
GetData ===>> H2,-0.235289085178546,H1,3116.87765973133,AX,201.686987755166,L1,3.51769484590724,L2,0.5017879909...
setting magnet DAC
current  : 5.887630
requested: 5.888664
Delta Dac: 0.001034
Checking detector protection. dv=0.00103
Checking detector "CDD". Protection Threshold: 0.1 (V)
SetMagnetDAC 5.88866398839 ===>> OK
Magnet settling time: 1.049
GetData ===>> H2,-0.229801003474056,H1,2612.55222097499,AX,154.044488966187,L1,2.8981714797098,L2,0.17147915377...
setting magnet DAC
current  : 5.888664
requested: 5.889698
Delta Dac: 0.001034
Checking detector protection. dv=0.00103
Checking detector "CDD". Protection Threshold: 0.1 (V)
SetMagnetDAC 5.88969847114 ===>> OK
Magnet settling time: 1.049
GetData ===>> H2,-0.221403732092191,H1,1812.54029900274,AX,93.2674968602543,L1,2.06163072617181,L2,0.0336196988...
setting magnet DAC
current  : 5.889698
requested: 5.890733
Delta Dac: 0.001034
Checking detector protection. dv=0.00103
Checking detector "CDD". Protection Threshold: 0.1 (V)
SetMagnetDAC 5.8907329539 ===>> OK
Magnet settling time: 1.049
GetData ===>> H2,-0.276770730072569,H1,632.969984193364,AX,25.3232897544245,L1,1.07594628629545,L2,0.1103560319...
setting magnet DAC
current  : 5.890733
requested: 5.891767
Delta Dac: 0.001034
Checking detector protection. dv=0.00103
Checking detector "CDD". Protection Threshold: 0.1 (V)
SetMagnetDAC 5.89176743666 ===>> OK
Magnet settling time: 1.049
GetData ===>> H2,-0.292099083639217,H1,221.319504447798,AX,7.25350481648349,L1,0.618951972156381,L2,-0.08636392...
setting magnet DAC
current  : 5.891767
requested: 5.892802
Delta Dac: 0.001034
Checking detector protection. dv=0.00103
Checking detector "CDD". Protection Threshold: 0.1 (V)
SetMagnetDAC 5.89280191942 ===>> OK
Magnet settling time: 1.049
GetData ===>> H2,-0.0748454007823973,H1,63.6693150992137,AX,1.45078503781379,L1,0.36638629955226,L2,0.023117968...
setting magnet DAC
current  : 5.892802
requested: 5.893836
Delta Dac: 0.001034
Checking detector protection. dv=0.00103
Checking detector "CDD". Protection Threshold: 0.1 (V)
SetMagnetDAC 5.89383640218 ===>> OK
Magnet settling time: 1.049
GetData ===>> H2,-0.129594108942827,H1,15.8514408192427,AX,0.0736609716788225,L1,0.176171062353922,L2,-0.161043...
setting magnet DAC
current  : 5.893836
requested: 5.894871
Delta Dac: 0.001034
Checking detector protection. dv=0.00103
Checking detector "CDD". Protection Threshold: 0.1 (V)
SetMagnetDAC 5.89487088494 ===>> OK
Magnet settling time: 1.049
GetData ===>> H2,-0.0667526193277785,H1,3.30396480219817,AX,-0.148665988891575,L1,0.142417691198485,L2,-0.03042...
setting magnet DAC
current  : 5.894871
requested: 5.895905
Delta Dac: 0.001034
Checking detector protection. dv=0.00103
Checking detector "CDD". Protection Threshold: 0.1 (V)
SetMagnetDAC 5.8959053677 ===>> OK
Magnet settling time: 1.049
GetData ===>> H2,-0.0934039532671863,H1,0.332306526592707,AX,-0.200266455398334,L1,0.128912292669612,L2,-0.0228...
result of _do_sweep=True
result of _calculate_peak_center=([5.8732700971547231, 5.8810256081767669, 5.8887811191988106], [2547.9190434592833, 3428.8220851486744, 2521.9697087681052], 5.8793121813230602, 3428.8220851486744)
new center pos Detector(H1) (Ar40) @ 5.88102560818
GetHighVoltage ===>> 4499.94659342336
GetDeflection H1 ===>> 0
dac uncorrected for HV and deflection 5.88106024119
update mftable H1 Ar40 5.88106024119 message=automated run peakcenter
get initial guess parabolic
get initial guess parabolic
get initial guess parabolic
get initial guess parabolic
get initial guess parabolic
get initial guess parabolic
dump mftable to /Users/jan/PychronDev/setupfiles/spectrometer/mftables/mftable.csv
add to repo msg=modified - automated run peakcenter
sweep finished
locally archiving mftable
setting magnet DAC
current  : 5.895905
requested: 5.881026
Delta Dac: 0.014880
Checking detector protection. dv=0.01488
Checking detector "CDD". Protection Threshold: 0.1 (V)
SetMagnetDAC 5.88102560818 ===>> OK
Magnet settling time: 0.500
setting integration time = 1.048576
SetIntegrationTime 1.048576 ===>> OK
flush and close file /Users/jan/PychronDev/data/isotopes/5c/db57ed-2738-4fc0-9d09-f150c6630e5e.h5
finished measure script
executed snippet estimated_duration=226.132928, duration=273.67901206
jan_unknown120_60.py completed successfully
Measurement Finished
11:44:37 -- ******* Measurement Finished *******
Post Measurement Started jan_pump_ms.py
11:44:37 -- ******* Post Measurement Started jan_pump_ms.py *******
testing...
no interpolation path defined
executed snippet estimated_duration=0, duration=2.59876251221e-05
Pumping spectrometer
open () {'name': 'O'}
opening name=O desc=---
checking ownership. requestor=129.138.12.150
check software interlocks O
interlocks []
actuate state mode=None-script, software_lock=False
doing actuation None-script open_channel True
Open O ===>> OK
GetIndicatorState O ===>> OK
change switch state (True, True)
update switch state O True args=() kw={} ncanvase=8
11:44:37 -- OPEN   VALVE-O (Jan Ion Pump)
---------------------------------------- open O () result=[(True, True)], time=0.11 sec
action=open, ok=True, locked=[False]
executed snippet estimated_duration=0, duration=0.367897033691
jan_pump_ms.py completed successfully
setting _ms_pumptime
Post Measurement Finished
11:44:37 -- ******* Post Measurement Finished *******
$$$$$$$$$$$$$$$$$$$$ state at run end measurement
state changed from measurement to success
post measurement save measured=True aborted=False
Set filtering
setting fod for Ar40= {'filter_outliers': True, 'std_devs': 2, 'iterations': 1}
setting fod for H1= {'filter_outliers': True, 'std_devs': 2, 'iterations': 1}
setting fod for PM41= {'filter_outliers': False, 'std_devs': 2, 'iterations': 1}
setting fod for H2= {'filter_outliers': True, 'std_devs': 2, 'iterations': 1}
setting fod for Ar36= {'filter_outliers': True, 'std_devs': 2, 'iterations': 1}
setting fod for CDD= {'filter_outliers': True, 'std_devs': 10, 'iterations': 1}
setting fod for Ar37= {'filter_outliers': True, 'std_devs': 2, 'iterations': 1}
setting fod for L2= {'filter_outliers': True, 'std_devs': 2, 'iterations': 1}
setting fod for Ar38= {'filter_outliers': True, 'std_devs': 2, 'iterations': 1}
setting fod for L1= {'filter_outliers': True, 'std_devs': 2, 'iterations': 1}
setting fod for Ar39= {'filter_outliers': True, 'std_devs': 2, 'iterations': 1}
setting fod for AX= {'filter_outliers': True, 'std_devs': 2, 'iterations': 1}
persistence save...
persistence save - db
post measurement save
9450362736 connecting to database sqlite:////Users/jan/PychronDev/.appdata/local_lab.db
connected to db sqlite:////Users/jan/PychronDev/.appdata/local_lab.db
create new session 9450362736
close session 9450362736
No database instance. Not saving post measurement to isotopedb database
$$$$$$$$$$$$$$$ auto_save_detector_ic=False
massspec enabled True
create new session 6484677072
MassSpec Database Version: 16.0
close session 6484677072
saving post measurement to secondary database
saving to massspec database 129.138.12.160/massspecdata
setting labnumber to 65475
setting aliquot to 16
setting step to 
setting uuid to 5cdb57ed-2738-4fc0-9d09-f150c6630e5e
setting irradpos to 65475
setting extract_device to Fusions CO2
setting tray to 
setting position to 106
setting power_requested to 5.0
setting extract_value to 5.0
setting duration to 30.0
setting duration_at_request to 30.0
setting first_stage_delay to 30.0
setting cleanup to 30.0
setting comment to P:7
setting irradiation to NM-288
setting level to P
setting irradiation_level to P
setting sample to Goat Mtn
setting material to Sanidine
setting project to IR989
setting mass_spectrometer to Jan
no attribute chron_dosages
no attribute production_ratios
no attribute interference_corrections
no attribute production_name
no attribute j
Reference Isotope=Ar40
Reference Detector=H1
%%%%%%%%%%%%%%%%%%%% Comment: P:7 %%%%%%%%%%%%%%%%%%%
adding isotope PM41 H2
add baseline dbdet= PM41. original det= H2
get baseline data PM41 H2
Get data baseline <pychron.processing.isotope.Baseline object at 0x232ec8e90> len t=60
baseline PM41. v=-0.187602970474, e=0.00728703916325
get signal data PM41 H2
Get data signal PM41 0.25+/-0.09 len t=120
adding isotope Ar40 H1
add baseline dbdet= Ar40. original det= H1
get baseline data Ar40 H1
Get data baseline <pychron.processing.isotope.Baseline object at 0x2330c9510> len t=60
baseline Ar40. v=0.0326891319672, e=0.0106823716705
get signal data Ar40 H1
Get data signal Ar40 3784.39+/-0.19 len t=120
adding isotope Ar39 AX
add baseline dbdet= Ar39. original det= AX
get baseline data Ar39 AX
Get data baseline <pychron.processing.isotope.Baseline object at 0x2330c9e50> len t=60
baseline Ar39. v=-0.0853204335078, e=0.00684476331608
get signal data Ar39 AX
Get data signal Ar39 262.710+/-0.029 len t=120
adding isotope Ar38 L1
add baseline dbdet= Ar38. original det= L1
get baseline data Ar38 L1
Get data baseline <pychron.processing.isotope.Baseline object at 0x2330c9b10> len t=60
baseline Ar38. v=-0.0260105042172, e=0.0029007836118
get signal data Ar38 L1
Get data signal Ar38 4.510+/-0.006 len t=120
adding isotope Ar37 L2
add baseline dbdet= Ar37. original det= L2
get baseline data Ar37 L2
Get data baseline <pychron.processing.isotope.Baseline object at 0x2330c9990> len t=60
baseline Ar37. v=-0.0188944375071, e=0.00644488232924
get signal data Ar37 L2
Get data signal Ar37 0.665+/-0.011 len t=120
adding isotope Ar36 CDD
add baseline dbdet= Ar36. original det= CDD
get baseline data Ar36 CDD
Get data baseline <pychron.processing.isotope.Baseline object at 0x2330c9290> len t=60
baseline Ar36. v=0.000776581267098, e=4.43489953116e-05
get signal data Ar36 CDD
Get data signal Ar36 3.527+/-0.004 len t=120
65475-16 added analysis time 0.512811899185s
analysis added to mass spec database
mass spec save time= 0.522
persistence save - dvc
================= post measurement started
create new session 4992585168
close session 4992585168
---------------- Experiment Queue saving disabled
DVC saving peakcenter
Smart pull ahead: 0 behind: 0
Up-to-date with origin
add to repo msg=modified - ad8224ebc6dbfeb9f5997218dfa5fe690569839d.json
add to repo msg=modified - 75-16.json
add to repo msg=modified - 75-16.dat.json
add to repo msg=modified - 75-16.blan.json
add to repo msg=modified - 75-16.inte.json
add to repo msg=modified - 75-16.icfa.json
add to repo msg=modified - 75-16.base.json
not at valid file /Users/jan/PychronDev/data/.dvc/repositories/Load1795/654/tags/75-16.tags.json
add to repo msg=modified - 75-16.peak.json
add to repo msg=modified - 75-16.extr.json
not at valid file /Users/jan/PychronDev/data/.dvc/repositories/Load1795/654/monitor/75-16.moni.json
commit message=<COLLECTION>
add to repo msg=modified - 75-16.inte.json
add to repo msg=modified - 75-16.base.json
commit message=<ISOEVO> default collection fits
add to repo msg=modified - 75-16.blan.json
commit message=<BLANKS> preceding bc-02-J-398
add to repo msg=modified - 75-16.icfa.json
commit message=<ICFactor> default
push repository <pychron.git_archive.repo_manager.GitRepoManager object at 0x21aa8f590>
pushing to remote=origin, url=https://github.com
no changes to meta repo
create new session 4992585168
add association Load1795
get identifier "65475"
setting analysis irradiation position=<pychron.dvc.dvc_orm.IrradiationPositionTbl object at 0x224d4dfd0>
close session 4992585168
================= post measurement finished
11:44:50 -- ******* Post Run Check *******
loading queue conditionals post_run_actions
loading system conditionals post_run_actions
loading conditionals from /Users/jan/PychronDev/setupfiles/spectrometer/default_conditionals.yaml
loading queue conditionals post_run_terminations
loading system conditionals post_run_terminations
loading conditionals from /Users/jan/PychronDev/setupfiles/spectrometer/default_conditionals.yaml
Checking default post run terminations n=1
GetDeflection CDD ===>> 50
testing CDD==2000
evaluate ot="CDD.deflection==2000" t="CDD==2000", ctx="{'CDD': 50.0}"
11:44:50 -- ******* Post Run Check Passed *******
11:44:50 -- Automated run 65475-16 success duration: 364.255 s
----------------- finish -----------------
----------------- stop -----------------
retroactive repository identifiers disabled
finish run. runs completed=181
update duration runid=65475-16, duration=364.255285025, md5=301e91d8
loading script "jan_unknown400_120.py"
loading script "jan_pump_ms.py"
loading script "jan_cocktail_x1.py"
loading script "jan_pump_extraction_line.py"
testing...
no interpolation path defined
executed snippet estimated_duration=556.052928, duration=0.000209093093872
script duration name:unknown400_120 seconds:556.0
loading script "jan_unknown400_120.py"
loading script "jan_pump_ms.py"
loading script "jan_cocktail_x1.py"
loading script "jan_pump_extraction_line.py"
testing...
no interpolation path defined
executed snippet estimated_duration=0, duration=2.8133392334e-05
loading script "jan_unknown400_120.py"
loading script "jan_pump_ms.py"
loading script "jan_cocktail_x1.py"
loading script "jan_pump_extraction_line.py"
testing...
no interpolation path defined
calculate duration
testing...
no interpolation path defined
executed snippet estimated_duration=0, duration=5.10215759277e-05
calculate duration
testing...
no interpolation path defined
executed snippet estimated_duration=0, duration=0.000100135803223
calculate duration
testing...
no interpolation path defined
executed snippet estimated_duration=32.0, duration=9.60826873779e-05
calculate duration
testing...
no interpolation path defined
executed snippet estimated_duration=34.0, duration=0.00010085105896
calculate duration
testing...
no interpolation path defined
executed snippet estimated_duration=4.0, duration=6.50882720947e-05
calculate duration
testing...
no interpolation path defined
executed snippet estimated_duration=38.0, duration=0.000101089477539
executed snippet estimated_duration=108.0, duration=0.00880694389343
script duration name:cocktail_x1 seconds:108.0
loading script "jan_unknown400_120.py"
loading script "jan_pump_ms.py"
loading script "jan_cocktail_x1.py"
loading script "jan_pump_extraction_line.py"
testing...
no interpolation path defined
calculate duration
testing...
no interpolation path defined
executed snippet estimated_duration=4.0, duration=0.000160932540894
executed snippet estimated_duration=4.0, duration=0.00188183784485
Script duration 664.0
Run total estimated duration= 665.000
loading script "jan_ic_peak_hop3.py"
loading script "jan_pump_ms.py"
loading script "jan_air_x1.py"
loading script "jan_pump_extraction_line.py"
testing...
no interpolation path defined
executed snippet estimated_duration=133.8, duration=0.0163009166718
script duration name:ic_peak_hop3 seconds:134.0
pump_ms in script context. using previous estimated duration
loading script "jan_ic_peak_hop3.py"
loading script "jan_pump_ms.py"
loading script "jan_air_x1.py"
loading script "jan_pump_extraction_line.py"
testing...
no interpolation path defined
calculate duration
testing...
no interpolation path defined
executed snippet estimated_duration=0, duration=4.91142272949e-05
calculate duration
testing...
no interpolation path defined
executed snippet estimated_duration=0, duration=0.000144004821777
calculate duration
testing...
no interpolation path defined
executed snippet estimated_duration=32.0, duration=0.000160932540894
calculate duration
testing...
no interpolation path defined
executed snippet estimated_duration=34.0, duration=0.000102996826172
calculate duration
testing...
no interpolation path defined
executed snippet estimated_duration=4.0, duration=6.8187713623e-05
calculate duration
testing...
no interpolation path defined
executed snippet estimated_duration=36.0, duration=0.00010085105896
executed snippet estimated_duration=106.0, duration=0.0142569541931
script duration name:air_x1 seconds:106.0
pump_extraction_line in script context. using previous estimated duration
Script duration 240.0
Run total estimated duration= 241.000
loading script "jan_unknown120_60.py"
loading script "jan_pump_ms.py"
loading script "jan_co2.py"
loading script "jan_pump_extraction_line.py"
testing...
no interpolation path defined
executed snippet estimated_duration=213.652928, duration=0.000149011611938
script duration name:unknown120_60 seconds:214.0
loading script "jan_unknown120_60.py"
loading script "jan_pump_ms.py"
loading script "jan_co2.py"
loading script "jan_pump_extraction_line.py"
testing...
no interpolation path defined
calculate duration
testing...
no interpolation path defined
executed snippet estimated_duration=0, duration=4.6968460083e-05
calculate duration
testing...
no interpolation path defined
executed snippet estimated_duration=0, duration=8.9168548584e-05
executed snippet estimated_duration=0.0, duration=0.00261187553406
script duration name:co2 seconds:0.0
Script duration 214.0
Run total estimated duration= 215.000
unknown120_60 in script context. using previous estimated duration
script duration name:unknown120_60 seconds:214.0
co2 in script context. using previous estimated duration
script duration name:co2 seconds:0.0
Script duration 214.0
Run total estimated duration= 215.000
script duration name:unknown120_60 seconds:214.0
script duration name:co2 seconds:0.0
Script duration 214.0
Run total estimated duration= 215.000
script duration name:unknown120_60 seconds:214.0
script duration name:co2 seconds:0.0
Script duration 214.0
Run total estimated duration= 215.000
script duration name:unknown120_60 seconds:214.0
script duration name:co2 seconds:0.0
Script duration 214.0
Run total estimated duration= 215.000
script duration name:unknown120_60 seconds:214.0
script duration name:co2 seconds:0.0
Script duration 214.0
Run total estimated duration= 215.000
script duration name:unknown120_60 seconds:214.0
script duration name:co2 seconds:0.0
Script duration 214.0
Run total estimated duration= 215.000
script duration name:unknown120_60 seconds:214.0
script duration name:co2 seconds:0.0
Script duration 214.0
Run total estimated duration= 215.000
script duration name:unknown120_60 seconds:214.0
script duration name:co2 seconds:0.0
Script duration 214.0
Run total estimated duration= 215.000
script duration name:unknown120_60 seconds:214.0
script duration name:co2 seconds:0.0
Script duration 214.0
Run total estimated duration= 215.000
script duration name:unknown120_60 seconds:214.0
script duration name:co2 seconds:0.0
Script duration 214.0
Run total estimated duration= 215.000
nruns=13 before=0.0, run_dur=3271.0, btw=540.0
write rem/ex queues
/Users/jan/PychronDev/experiments/rem/CurrentExperiment.rem.txt
/Users/jan/PychronDev/experiments/rem/CurrentExperiment.ex.txt
doing event level: 3
