do run
loading script "jan_unknown120_60.py"
loading script "jan_pump_ms.py"
loading script "jan_co2.py"
loading script "jan_pump_extraction_line.py"
testing...
no interpolation path defined
executed snippet estimated_duration=213.652928, duration=0.00028395652771
script duration name:unknown120_60 seconds:214.0
loading script "jan_unknown120_60.py"
loading script "jan_pump_ms.py"
loading script "jan_co2.py"
loading script "jan_pump_extraction_line.py"
testing...
no interpolation path defined
executed snippet estimated_duration=0, duration=4.00543212891e-05
loading script "jan_unknown120_60.py"
loading script "jan_pump_ms.py"
loading script "jan_co2.py"
loading script "jan_pump_extraction_line.py"
testing...
no interpolation path defined
calculate duration
testing...
no interpolation path defined
executed snippet estimated_duration=0, duration=7.91549682617e-05
calculate duration
testing...
no interpolation path defined
executed snippet estimated_duration=0, duration=0.000164985656738
executed snippet estimated_duration=0.0, duration=0.00294208526611
script duration name:co2 seconds:0.0
loading script "jan_unknown120_60.py"
loading script "jan_pump_ms.py"
loading script "jan_co2.py"
loading script "jan_pump_extraction_line.py"
testing...
no interpolation path defined
calculate duration
testing...
no interpolation path defined
executed snippet estimated_duration=4.0, duration=0.000130891799927
executed snippet estimated_duration=4.0, duration=0.000993967056274
Script duration 214.0
Run total estimated duration= 215.000
run duration: 0:03:35
doing event level: 2
11:03:32 -- Setting default integration. t=1.048576
setting integration time = 1.048576
SetIntegrationTime 1.048576 ===>> OK
----------------- start -----------------
**************** Experiment Type: Ar/Ar, Ar/Ar
create new session 4419438256
close session 4419438256
$$$$$ Clearing conditionals
adding conditionals 
Add queue conditionals
add default conditionals
adding default conditionals from /Users/jan/PychronDev/setupfiles/spectrometer/default_conditionals.yaml
Start automated run 65475-11
loading script "jan_unknown120_60.py"
loading script "jan_pump_ms.py"
loading script "jan_co2.py"
loading script "jan_pump_extraction_line.py"
%%%%%%%%%%%%%%%%%% setting automated run 65475-11
No value "sensitivity_multiplier" in metadata
$$$$$$$$$$$$$$$ auto_save_detector_ic=False
============================= Pre Extraction Check =============================
loading queue conditionals pre_run_terminations
loading system conditionals pre_run_terminations
loading conditionals from /Users/jan/PychronDev/setupfiles/spectrometer/default_conditionals.yaml
11:03:32 -- ******* Pre Extraction Check *******
Get a measurement from the spectrometer
GetData ===>> H2,-0.163774472599818,H1,0.01681812929919,AX,-0.00259813531168589,L1,-0.0429737430291663,L2,0.050...
Pre Extraction Termination data. keys=H2,H1,AX,L1,L2,CDD, signals=-0.16377,0.01682,-0.00260,-0.04297,0.05054,0.00417
11:03:32 -- testing system defined conditionals
Checking default pre extraction terminations n=2
testing CDD
evaluate ot="CDD.inactive" t="CDD", ctx="{'CDD': False}"
GetDeflection CDD ===>> 50
testing CDD==2000
evaluate ot="CDD.deflection==2000" t="CDD==2000", ctx="{'CDD': 50.0}"
11:03:32 -- ******* Pre Extraction Check Passed *******
=================================================================================
11:03:32 -- stopping status monitor
stop 6901184944
Alive clients [5025639504, 5288834736, 4992986192]
11:03:32 -- starting status monitor
start 6901184944
Monitor already running
start extraction
do extraction
Analysis started at 11:03:32.406725
Extraction Started jan_co2.py
11:03:32 -- ******* Extraction Started jan_co2.py *******
state changed from not run to extraction
DO EXTRACTION <pychron.extraction_line.pyscript_runner.RemotePyScriptRunner object at 0x12bfe48f0>
testing...
no interpolation path defined
calculate duration
testing...
no interpolation path defined
executed snippet estimated_duration=0, duration=4.6968460083e-05
calculate duration
testing...
no interpolation path defined
executed snippet estimated_duration=0, duration=0.000174045562744
executed snippet estimated_duration=100.0, duration=0.00346708297729
Jan CO2 laser analysis
doing GOSUB
testing...
no interpolation path defined
executed snippet estimated_duration=0, duration=4.98294830322e-05
Waiting for CO2 access
wait ('FelixCO2Flag', 0) {}
waiting for FelixCO2Flag = 0
Read FelixCO2Flag ===>> 0
finished waiting
CO2 free
wait ('CO2PumpTimeFlag', 0) {}
waiting for CO2PumpTimeFlag = 0
Read CO2PumpTimeFlag ===>> 0
finished waiting
acquire ('JanCO2Flag',) {'clear': True}
acquire JanCO2Flag
Set JanCO2Flag 1 ===>> OK
JanCO2Flag acquired
set extraction state False (0.75, 'red', 1.5)
CO2 acquired
executed snippet estimated_duration=0, duration=0.0202031135559
WaitForCO2Access.py completed successfully
gosub finished
doing GOSUB
testing...
no interpolation path defined
executed snippet estimated_duration=0, duration=0.000150918960571
Prepare for CO2 analysis
close () {'description': 'Jan Inlet'}
closing name=--- desc=Jan Inlet
checking ownership. requestor=129.138.12.150
check software interlocks R
interlocks []
actuate state mode=None-script, software_lock=False
doing actuation None-script close_channel False
Close R ===>> OK
GetIndicatorState R ===>> False
change switch state (True, True)
update switch state R False args=() kw={} ncanvase=8
11:03:32 -- CLOSE  VALVE-R (Jan Inlet)
---------------------------------------- close None (Jan Inlet) result=[(True, True)]
action=close, ok=True, locked=[False]
open () {'description': 'Jan Ion Pump'}
opening name=--- desc=Jan Ion Pump
checking ownership. requestor=129.138.12.150
check software interlocks O
interlocks []
actuate state mode=None-script, software_lock=False
doing actuation None-script open_channel False
Open O ===>> OK
GetIndicatorState O ===>> OK
change switch state (True, True)
update switch state O True args=() kw={} ncanvase=8
11:03:33 -- OPEN   VALVE-O (Jan Ion Pump)
---------------------------------------- open None (Jan Ion Pump) result=[(True, True)], time=0.11 sec
action=open, ok=True, locked=[False]
close () {'description': 'Microbone to Minibone'}
closing name=--- desc=Microbone to Minibone
checking ownership. requestor=129.138.12.150
check software interlocks L
interlocks []
actuate state mode=None-script, software_lock=False
doing actuation None-script close_channel False
Close L ===>> OK
GetIndicatorState L ===>> False
change switch state (True, True)
update switch state L False args=() kw={} ncanvase=8
11:03:34 -- CLOSE  VALVE-L (Microbone to Minibone)
---------------------------------------- close None (Microbone to Minibone) result=[(True, True)]
action=close, ok=True, locked=[False]
open () {'description': 'Microbone to Turbo'}
opening name=--- desc=Microbone to Turbo
checking ownership. requestor=129.138.12.150
check software interlocks U
interlocks []
actuate state mode=None-script, software_lock=False
doing actuation None-script open_channel False
Open U ===>> OK
GetIndicatorState U ===>> OK
change switch state (True, True)
update switch state U True args=() kw={} ncanvase=8
11:03:34 -- OPEN   VALVE-U (Microbone to Turbo)
---------------------------------------- open None (Microbone to Turbo) result=[(True, True)], time=0.20 sec
action=open, ok=True, locked=[False]
open () {'description': 'Microbone to Inlet Pipette'}
opening name=--- desc=Microbone to Inlet Pipette
checking ownership. requestor=129.138.12.150
check software interlocks S
interlocks []
actuate state mode=None-script, software_lock=False
doing actuation None-script open_channel False
Open S ===>> OK
GetIndicatorState S ===>> OK
change switch state (True, True)
update switch state S True args=() kw={} ncanvase=8
11:03:35 -- OPEN   VALVE-S (Microbone to Inlet Pipette)
---------------------------------------- open None (Microbone to Inlet Pipette) result=[(True, True)], time=0.43 sec
action=open, ok=True, locked=[False]
open () {'description': 'Microbone to Getter D-50'}
opening name=--- desc=Microbone to Getter D-50
checking ownership. requestor=129.138.12.150
check software interlocks K
interlocks []
actuate state mode=None-script, software_lock=False
doing actuation None-script open_channel False
Open K ===>> OK
GetIndicatorState K ===>> OK
change switch state (True, True)
update switch state K True args=() kw={} ncanvase=8
11:03:35 -- OPEN   VALVE-K (Microbone to Getter D-50)
---------------------------------------- open None (Microbone to Getter D-50) result=[(True, True)], time=0.44 sec
action=open, ok=True, locked=[False]
open () {'description': 'Microbone to Getter NP-10'}
opening name=--- desc=Microbone to Getter NP-10
checking ownership. requestor=129.138.12.150
check software interlocks M
interlocks []
actuate state mode=None-script, software_lock=False
doing actuation None-script open_channel False
Open M ===>> OK
GetIndicatorState M ===>> OK
change switch state (True, True)
update switch state M True args=() kw={} ncanvase=8
11:03:36 -- OPEN   VALVE-M (Microbone to Getter NP-10)
---------------------------------------- open None (Microbone to Getter NP-10) result=[(True, True)], time=0.18 sec
action=open, ok=True, locked=[False]
close () {'description': 'CO2 Laser to Felix'}
closing name=--- desc=CO2 Laser to Felix
checking ownership. requestor=129.138.12.150
check software interlocks F
interlocks []
actuate state mode=None-script, software_lock=True
VALVE-F(CO2 Laser to Felix) software locked
change switch state (True, False)
---------------------------------------- close None (CO2 Laser to Felix) result=[(True, False)]
action=close, ok=True, locked=[True]
open () {'description': 'CO2 Laser to Jan'}
opening name=--- desc=CO2 Laser to Jan
checking ownership. requestor=129.138.12.150
check software interlocks A
interlocks []
actuate state mode=None-script, software_lock=False
doing actuation None-script open_channel False
Open A ===>> OK
GetIndicatorState A ===>> OK
change switch state (True, True)
update switch state A True args=() kw={} ncanvase=8
11:03:36 -- OPEN   VALVE-A (CO2 Laser to Jan)
---------------------------------------- open None (CO2 Laser to Jan) result=[(True, True)], time=0.15 sec
action=open, ok=True, locked=[False]
open () {'description': 'Microbone to CO2 Laser'}
opening name=--- desc=Microbone to CO2 Laser
checking ownership. requestor=129.138.12.150
check software interlocks T
interlocks []
actuate state mode=None-script, software_lock=False
doing actuation None-script open_channel False
Open T ===>> OK
GetIndicatorState T ===>> OK
change switch state (True, True)
update switch state T True args=() kw={} ncanvase=8
11:03:37 -- OPEN   VALVE-T (Microbone to CO2 Laser)
---------------------------------------- open None (Microbone to CO2 Laser) result=[(True, True)], time=0.45 sec
action=open, ok=True, locked=[False]
executed snippet estimated_duration=0, duration=5.23265194893
PrepareForCO2Analysis.py completed successfully
gosub finished
set_motor ('beam', '1.25') {}
setting motor "beam" to 1.25
set motor beam to 1.25
SetMotor beam,1.25 ===>> OK
GetMotorMoving beam ===>> False
GetMotorMoving beam ===>> False
Block completed
move_to_position ('101',) {'autocenter': True}
FusionsCO2 move to position 101
sending GoToHole 101,True
GoToHole 101,True ===>> OK
GetDriveMoving ===>> OK
GetDriveMoving ===>> OK
GetDriveMoving ===>> OK
GetDriveMoving ===>> OK
GetDriveMoving ===>> OK
GetDriveMoving ===>> OK
GetDriveMoving ===>> False
GetDriveMoving ===>> OK
GetDriveMoving ===>> OK
GetDriveMoving ===>> OK
GetDriveMoving ===>> OK
GetDriveMoving ===>> OK
GetDriveMoving ===>> OK
GetDriveMoving ===>> OK
GetDriveMoving ===>> OK
GetDriveMoving ===>> OK
GetDriveMoving ===>> OK
GetDriveMoving ===>> OK
GetDriveMoving ===>> OK
GetDriveMoving ===>> OK
GetDriveMoving ===>> OK
GetDriveMoving ===>> OK
GetDriveMoving ===>> OK
GetDriveMoving ===>> OK
GetDriveMoving ===>> OK
GetDriveMoving ===>> OK
GetDriveMoving ===>> OK
GetDriveMoving ===>> OK
GetDriveMoving ===>> OK
GetDriveMoving ===>> OK
GetDriveMoving ===>> OK
GetDriveMoving ===>> OK
GetDriveMoving ===>> OK
GetDriveMoving ===>> OK
GetDriveMoving ===>> OK
GetDriveMoving ===>> OK
GetDriveMoving ===>> OK
GetDriveMoving ===>> OK
GetDriveMoving ===>> OK
GetDriveMoving ===>> OK
GetDriveMoving ===>> False
Block completed
GetAutoCorrecting ===>> False
GetAutoCorrecting ===>> False
Block completed
update position
GetPosition ===>> 13.95730,1.99390,1.00000
got position (13.9573, 1.9939, 1.0)
move to position succeeded
sleep (5,) {}
SLEEP 5.0
block started
WaitControl setup for 5.0  
Join finished
block finished. duration 5.03953504562
close () {'description': 'Microbone to Turbo'}
closing name=--- desc=Microbone to Turbo
checking ownership. requestor=129.138.12.150
check software interlocks U
interlocks []
actuate state mode=None-script, software_lock=False
doing actuation None-script close_channel True
Close U ===>> OK
set states for children of U. state=False
handle state [('U', False)]
update switch state U False args=() kw={'refresh': False} ncanvase=8
refresh_canvas_needed fired
GetIndicatorState U ===>> False
change switch state (True, True)
update switch state U False args=() kw={} ncanvase=8
11:03:56 -- CLOSE  VALVE-U (Microbone to Turbo)
---------------------------------------- close None (Microbone to Turbo) result=[(True, True)]
action=close, ok=True, locked=[False]
enable laser
enable () {}
set extraction state FusionsCO2 Enabled (False, 'red', 1.5)
enabling laser
Enable ===>> OK
begin interval
BEGIN INTERVAL Interval 1 waiting for 30.0
block started
WaitControl setup for 30.0  
set extract to 5.0
extract (5.0,) {}
GetPosition ===>> 13.95730,1.99390,1.00000
set extraction state FusionsCO2 ON! 5.0(watts) (0.75, 'red', 1.5)
extract sample to 5.0 (watts)
set laser output
SetLaserOutput 5.0,watts ===>> OK
executing pattern triangle.lp
execute_pattern ('triangle.lp',) {}
executing pattern triangle.lp
IsPatterning ===>> OK
IsPatterning ===>> OK
IsPatterning ===>> OK
IsPatterning ===>> OK
IsPatterning ===>> OK
IsPatterning ===>> OK
IsPatterning ===>> OK
IsPatterning ===>> OK
IsPatterning ===>> OK
IsPatterning ===>> OK
IsPatterning ===>> OK
IsPatterning ===>> OK
IsPatterning ===>> OK
IsPatterning ===>> OK
IsPatterning ===>> OK
IsPatterning ===>> OK
IsPatterning ===>> OK
IsPatterning ===>> OK
IsPatterning ===>> OK
IsPatterning ===>> OK
IsPatterning ===>> OK
IsPatterning ===>> OK
IsPatterning ===>> OK
IsPatterning ===>> OK
IsPatterning ===>> OK
IsPatterning ===>> OK
IsPatterning ===>> OK
IsPatterning ===>> False
IsPatterning ===>> False
Block completed
COMPLETE INTERVAL waiting for Interval 1 to complete
Join finished
block finished. duration 30.1977140903
Interval 1 finished
end_extract () {}
ending extraction. set laser power to 0
set laser power 0
SetLaserPower 0 ===>> OK
disable () {}
%%%%%%%%%%%%%%%%%%%%%%%%%%%%%%%%%%% disable
set extraction state False (0.75, 'red', 1.5)
disabling laser
Disable ===>> OK
sleep (30.0,) {}
SLEEP 30.0
block started
WaitControl setup for 30.0  
Join finished
block finished. duration 30.1488859653
executed snippet estimated_duration=165.5, duration=85.4213671684
jan_co2.py completed successfully
GetAchievedOutput ===>> No Response
Requested Output= 0.000
Achieved Output=  0.000
GetResponseBlob ===>> No Response
GetOutputBlob ===>> No Response
persistence save...
persistence save - db
AutomatedRunPersister post_extraction_save deprecated
persistence save - dvc
no extraction position for 101
create new session 4992585168
close session 4992585168
Extraction Finished
11:04:57 -- ******* Extraction Finished *******
no overlap. not waiting for min ms pumptime
11:04:57 -- Sending spectrometer configuration
======== Sending configuration ========
SetDeflection CDD,50.0 ===>> OK
SetDeflection H2,0.0 ===>> OK
SetDeflection H1,0.0 ===>> OK
SetDeflection L2,825.0 ===>> OK
SetDeflection L1,400.0 ===>> OK
SetDeflection AX,190.0 ===>> OK
SetZFocus 74.64 ===>> OK
SetZSymmetry -50.72 ===>> OK
SetExtractionLens 26.13 ===>> OK
SetIonRepeller -3.81 ===>> OK
SetElectronEnergy 75.08 ===>> OK
SetYSymmetry -2.81 ===>> OK
SetIonCounterVoltage 1590.0 ===>> OK
send trap current 200.0
GetParameter Trap Current Readback ===>> 198.147042666178
SetParameter Trap Current Set,200.0 ===>> OK
updating mftable name mftable
Using mftable located at /Users/jan/PychronDev/setupfiles/spectrometer/mftables/mftable.csv
============ MFtable ===========
Isotope  H2     H1     AX     L1     L2     CDD    
Ar40     5.8272 5.8811 5.9943 6.1671 6.2329 6.3953
Ar39     5.7264 5.7733 5.8867 6.0531 6.1180 6.2818
Ar36     5.4039 5.4423 5.5501 5.7120 5.7729 5.9329
================================
get initial guess parabolic
get initial guess parabolic
get initial guess parabolic
get initial guess parabolic
get initial guess parabolic
get initial guess parabolic
======== Configuration Finished ========
GetYSymmetry ===>> -2.81
GetZSymmetry ===>> -50.72
GetParameter Trap Current Readback ===>> 198.035158395898
GetHighVoltage ===>> 4499.94659342336
start measurement
do measurement
L#=65475 analysis type=unknown
Measurement Started jan_unknown120_60.py
11:04:58 -- ******* Measurement Started jan_unknown120_60.py *******
state changed from extraction to measurement
setting spec, defl, and gains
GetExtractionLens ===>> 26.13
GetYSymmetry ===>> -2.81
GetZSymmetry ===>> -50.72
GetZFocus ===>> 74.64
GetDeflection H2 ===>> 0
GetDeflection H1 ===>> 0
GetDeflection AX ===>> 190
GetDeflection L1 ===>> 400
GetDeflection L2 ===>> 825
GetDeflection CDD ===>> 50
GetGain H2 ===>> 0.0113
GetGain H1 ===>> 0.1
GetGain AX ===>> 0.097049
GetGain L1 ===>> 0.010355
GetGain L2 ===>> 0.095649
GetGain CDD ===>> 0
pre measurement save
New frame /Users/jan/PychronDev/data/isotopes/b2/d9a4ee-d675-4d05-bf3b-dd3194e50ea7.h5
flush and close file /Users/jan/PychronDev/data/isotopes/b2/d9a4ee-d675-4d05-bf3b-dd3194e50ea7.h5
testing...
no interpolation path defined
executed snippet estimated_duration=226.132928, duration=0.000152111053467
unknown measurement script
activate_detectors ('H2', 'H1', 'AX', 'L1', 'L2', 'CDD') {}
activate detectors
*************** Set Analysis View Ar/Ar
create graphs
clearing graphs
clear isotope group
setting isotope det=H2, iso=PM41
setting isotope det=H1, iso=Ar40
setting isotope det=AX, iso=Ar39
setting isotope det=L1, iso=Ar38
setting isotope det=L2, iso=Ar37
setting isotope det=CDD, iso=Ar36
setting previous blanks
 - setting Ar40 blank 0.225+/-0.008
 - setting Ar36 blank 0.00481+/-0.00019
 - setting Ar37 blank 0.055+/-0.005
 - setting Ar38 blank 0.0089+/-0.0022
 - setting PM41 blank 0.04+/-0.07
 - setting Ar39 blank 0.034+/-0.009
load analysis view
position_magnet ('Ar40',) {'detector': 'H1'}
detector Detector(H1)
POSITION Ar40 H1
setting detector H2 to PM41 (40.9624)
setting detector H1 to Ar40 (39.9624)
setting detector AX to Ar39 (38.9624)
setting detector L1 to Ar38 (37.9624)
setting detector L2 to Ar37 (36.9624)
setting detector CDD to Ar36 (35.9624)
Mapping mass to dac mass func: "parabolic"
H1 map mass coeffs = [-0.00063987  0.15840543  0.57265999]
H1 map mass to dac 39.9624 >> 5.88105
GetDeflection H1 ===>> 0
GetHighVoltage ===>> 4499.94659342336
positioning Ar40 (5.88101536705) on H1
setting magnet DAC
current  : 5.881013
requested: 5.881015
Delta Dac: 0.000003
Checking detector protection. dv=0.00000
Checking detector "CDD". Protection Threshold: 0.1 (V)
SetMagnetDAC 5.88101536705 ===>> OK
Magnet settling time: 0.500
equilibrate () {'delay': 3, 'inlet': 'R', 'outlet': 'O', 'eqtime': 12.0}
Equilibration Started
11:04:59 -- ******* Equilibration Started *******
checking ownership. requestor=129.138.12.150
check software interlocks O
interlocks []
actuate state mode=None-script, software_lock=False
doing actuation None-script close_channel True
update labels <pychron.experiment.plot_panel.PlotPanel object at 0x2188c6bf0>
update labels "<pychron.graph.stacked_regression_graph.StackedRegressionGraph object at 0x2072fda10>"
setting label 0 H2 PM41
setting label 1 H1 Ar40
setting label 2 AX Ar39
setting label 3 L1 Ar38
setting label 4 L2 Ar37
setting label 5 CDD Ar36
update labels "<pychron.graph.stacked_graph.StackedGraph object at 0x2358847d0>"
setting label 0 H2 PM41
setting label 1 H1 Ar40
setting label 2 AX Ar39
setting label 3 L1 Ar38
setting label 4 L2 Ar37
setting label 5 CDD Ar36
Close O ===>> OK
GetIndicatorState O ===>> False
change switch state (True, True)
update switch state O False args=() kw={} ncanvase=8
11:05:00 -- CLOSE  VALVE-O (Jan Ion Pump)
waiting 3s before opening inlet value ('R',)
checking ownership. requestor=129.138.12.150
check software interlocks R
interlocks []
actuate state mode=None-script, software_lock=False
doing actuation None-script open_channel True
Open R ===>> OK
GetIndicatorState R ===>> OK
change switch state (True, True)
update switch state R True args=() kw={} ncanvase=8
11:05:03 -- OPEN   VALVE-R (Jan Inlet)
equilibrating for 12.0sec
set_time_zero () {}
sniff (12.0,) {}
py_sniff
build tables- sniff [Detector(H2), Detector(H1), Detector(AX), Detector(L1), Detector(L2), Detector(CDD)]
add group /sniff/PM41 (Group) '' table H2
add group /sniff/Ar40 (Group) '' table H1
add group /sniff/Ar39 (Group) '' table AX
add group /sniff/Ar38 (Group) '' table L1
add group /sniff/Ar37 (Group) '' table L2
add group /sniff/Ar36 (Group) '' table CDD
flush and close file /Users/jan/PychronDev/data/isotopes/b2/d9a4ee-d675-4d05-bf3b-dd3194e50ea7.h5
measuring sniff. ncounts=12.0
"sniff" increment series count="1" fit count="0" regressing="False"
starting measurement
check iteration duration=4.19616699219e-05
GetData ===>> H2,0.0874010578904885,H1,139.837455612048,AX,13.5240599222057,L1,0.0535893567352789,L2,0.16456663...
check iteration duration=4.41074371338e-05
GetData ===>> H2,1.18152893363211,H1,1261.01604250134,AX,115.608532650186,L1,0.77746735419161,L2,0.595986331002...
check iteration duration=2.8133392334e-05
GetData ===>> H2,0.699000263628193,H1,1872.64681886354,AX,165.953517558641,L1,1.65883519774296,L2,0.61950175992...
check iteration duration=5.10215759277e-05
GetData ===>> H2,0.485194767011805,H1,2069.10267114047,AX,179.82014269189,L1,2.18862007229242,L2,0.513979069151...
check iteration duration=2.28881835938e-05
GetData ===>> H2,0.301470248926238,H1,2141.35770829599,AX,184.300915746823,L1,2.4819017454382,L2,0.475754316718...
check iteration duration=3.60012054443e-05
GetData ===>> H2,0.288210400146023,H1,2170.44121360179,AX,186.671700544774,L1,2.6224189489637,L2,0.590428564864...
check iteration duration=4.6968460083e-05
GetData ===>> H2,0.28911787049863,H1,2182.35340367241,AX,187.279504443401,L1,2.69641790061379,L2,0.569344001356...
check iteration duration=4.19616699219e-05
GetData ===>> H2,0.238371014715093,H1,2187.63126286438,AX,187.567073846926,L1,2.74745522787078,L2,0.46659452047...
check iteration duration=1.81198120117e-05
GetData ===>> H2,0.232772598565,H1,2190.24014672988,AX,187.734504927921,L1,2.77253928900196,L2,0.49781222936532...
check iteration duration=3.38554382324e-05
GetData ===>> H2,0.181273714487898,H1,2191.87047329135,AX,187.77633552587,L1,2.80579255466376,L2,0.622498789890...
check iteration duration=2.90870666504e-05
GetData ===>> H2,0.10541443519779,H1,2191.89713436366,AX,187.640393756175,L1,2.81030179259394,L2,0.607434514023...
Equilibration Finished
11:05:15 -- ******* Equilibration Finished *******
checking ownership. requestor=129.138.12.150
check software interlocks R
interlocks []
check iteration duration=1.62124633789e-05
actuate state mode=None-script, software_lock=False
GetData ===>> H2,0.258697902579987,H1,2190.55264125956,AX,187.91714125618,L1,2.83567074231607,L2,0.577404526501...
doing actuation None-script close_channel True
Close R ===>> OK
GetIndicatorState R ===>> False
change switch state (True, True)
update switch state R False args=() kw={} ncanvase=8
11:05:16 -- CLOSE  VALVE-R (Jan Inlet)
Post Equilibration Started jan_pump_extraction_line.py
11:05:16 -- ******* Post Equilibration Started jan_pump_extraction_line.py *******
testing...
no interpolation path defined
calculate duration
testing...
no interpolation path defined
executed snippet estimated_duration=4.0, duration=0.000144004821777
executed snippet estimated_duration=4.0, duration=0.00146389007568
Pump after analysis
doing GOSUB
testing...
no interpolation path defined
executed snippet estimated_duration=4.0, duration=0.000123023986816
Pump Microbone
close () {'description': 'Jan Inlet'}
closing name=--- desc=Jan Inlet
checking ownership. requestor=129.138.12.150
check software interlocks R
interlocks []
actuate state mode=None-script, software_lock=False
doing actuation None-script close_channel False
check iteration duration=3.19480895996e-05
waiting for write to finish
measurement finished
estimated time: 12.583 actual time: :12.726
flush and close file /Users/jan/PychronDev/data/isotopes/b2/d9a4ee-d675-4d05-bf3b-dd3194e50ea7.h5
set_fits () {}
using default fits file=/Users/jan/PychronDev/scripts/measurement/fits/nominal_linear.yaml
set "Ar40" to "('Linear', 'SEM')"
No fit for "PM41". defaulting to linear. check the measurement script "jan_unknown120_60.py"
set "PM41" to "linear"
set "Ar36" to "('Linear', 'SEM')"
set "Ar37" to "('linear', 'SEM')"
set "Ar38" to "('linear', 'SEM')"
set "Ar39" to "('Linear', 'SEM')"
set_baseline_fits () {}
using default fits file=/Users/jan/PychronDev/scripts/measurement/fits/nominal_linear.yaml
set "H1" to "('average', 'SEM')"
set "H2" to "('average', 'SEM')"
set "CDD" to "('average', 'SEM')"
set "L2" to "('average', 'SEM')"
set "L1" to "('average', 'SEM')"
set "AX" to "('average', 'SEM')"
multicollect () {'integration_time': 1, 'ncounts': 120}
build tables- signal [Detector(H2), Detector(H1), Detector(AX), Detector(L1), Detector(L2), Detector(CDD)]
add group /signal/PM41 (Group) '' table H2
add group /signal/Ar40 (Group) '' table H1
add group /signal/Ar39 (Group) '' table AX
add group /signal/Ar38 (Group) '' table L1
add group /signal/Ar37 (Group) '' table L2
add group /signal/Ar36 (Group) '' table CDD
flush and close file /Users/jan/PychronDev/data/isotopes/b2/d9a4ee-d675-4d05-bf3b-dd3194e50ea7.h5
measuring signal. ncounts=120
Close R ===>> OK
GetIndicatorState R ===>> False
change switch state (True, True)
update switch state R False args=() kw={} ncanvase=8
11:05:17 -- CLOSE  VALVE-R (Jan Inlet)
---------------------------------------- close None (Jan Inlet) result=[(True, True)]
action=close, ok=True, locked=[False]
is_closed ('F',) {}
is F () closed?
is closed True
open () {'description': 'CO2 Laser to Jan'}
opening name=--- desc=CO2 Laser to Jan
checking ownership. requestor=129.138.12.150
check software interlocks A
interlocks []
actuate state mode=None-script, software_lock=False
doing actuation None-script open_channel False
Open A ===>> OK
GetIndicatorState A ===>> OK
change switch state (True, True)
update switch state A True args=() kw={} ncanvase=8
starting measurement
check iteration duration=5.69820404053e-05
"signal" increment series count="2" fit count="1" regressing="True"
GetData ===>> H2,0.158197720697825,H1,2189.74743023971,AX,187.680607510939,L1,2.89961857672322,L2,0.47079741061...
11:05:17 -- OPEN   VALVE-A (CO2 Laser to Jan)
---------------------------------------- open None (CO2 Laser to Jan) result=[(True, True)], time=0.16 sec
action=open, ok=True, locked=[False]
sleep (1,) {}
SLEEP 1.0
check iteration duration=6.07967376709e-05
GetData ===>> H2,0.238522113464099,H1,2190.29765737929,AX,187.679103614881,L1,2.91458948837161,L2,0.44619941461...
close () {'description': 'CO2 Laser to Roughing'}
closing name=--- desc=CO2 Laser to Roughing
checking ownership. requestor=129.138.12.150
check software interlocks G
interlocks []
actuate state mode=None-script, software_lock=True
VALVE-G(CO2 Laser to Roughing) software locked
change switch state (True, False)
---------------------------------------- close None (CO2 Laser to Roughing) result=[(True, False)]
action=close, ok=True, locked=[True]
open () {'description': 'Microbone to Turbo'}
opening name=--- desc=Microbone to Turbo
checking ownership. requestor=129.138.12.150
check software interlocks U
interlocks []
actuate state mode=None-script, software_lock=False
doing actuation None-script open_channel True
Open U ===>> OK
GetIndicatorState U ===>> OK
change switch state (True, True)
update switch state U True args=() kw={} ncanvase=8
11:05:18 -- OPEN   VALVE-U (Microbone to Turbo)
---------------------------------------- open None (Microbone to Turbo) result=[(True, True)], time=0.19 sec
action=open, ok=True, locked=[False]
open () {'description': 'Microbone to Getter NP-10'}
opening name=--- desc=Microbone to Getter NP-10
checking ownership. requestor=129.138.12.150
check software interlocks M
interlocks []
actuate state mode=None-script, software_lock=False
doing actuation None-script open_channel False
Open M ===>> OK
GetIndicatorState M ===>> OK
change switch state (True, True)
update switch state M True args=() kw={} ncanvase=8
11:05:19 -- OPEN   VALVE-M (Microbone to Getter NP-10)
---------------------------------------- open None (Microbone to Getter NP-10) result=[(True, True)], time=0.17 sec
check iteration duration=6.31809234619e-05
GetData ===>> H2,0.196257327166041,H1,2189.66524524043,AX,187.530748428062,L1,2.89555864084215,L2,0.50728349604...
action=open, ok=True, locked=[False]
open () {'description': 'Microbone to Getter D-50'}
opening name=--- desc=Microbone to Getter D-50
checking ownership. requestor=129.138.12.150
check software interlocks K
interlocks []
actuate state mode=None-script, software_lock=False
doing actuation None-script open_channel False
Open K ===>> OK
GetIndicatorState K ===>> OK
change switch state (True, True)
update switch state K True args=() kw={} ncanvase=8
11:05:20 -- OPEN   VALVE-K (Microbone to Getter D-50)
---------------------------------------- open None (Microbone to Getter D-50) result=[(True, True)], time=0.43 sec
action=open, ok=True, locked=[False]
open () {'description': 'Microbone to CO2 Laser'}
opening name=--- desc=Microbone to CO2 Laser
checking ownership. requestor=129.138.12.150
check software interlocks T
interlocks []
actuate state mode=None-script, software_lock=False
doing actuation None-script open_channel False
check iteration duration=0.000117063522339
GetData ===>> H2,0.118152867599077,H1,2188.52925668826,AX,187.308571999631,L1,2.83591710700135,L2,0.46839899964...
Open T ===>> OK
GetIndicatorState T ===>> OK
change switch state (True, True)
update switch state T True args=() kw={} ncanvase=8
11:05:20 -- OPEN   VALVE-T (Microbone to CO2 Laser)
---------------------------------------- open None (Microbone to CO2 Laser) result=[(True, True)], time=0.43 sec
action=open, ok=True, locked=[False]
open () {'description': 'Microbone to Inlet Pipette'}
opening name=--- desc=Microbone to Inlet Pipette
checking ownership. requestor=129.138.12.150
check software interlocks S
interlocks []
actuate state mode=None-script, software_lock=False
doing actuation None-script open_channel False
Open S ===>> OK
GetIndicatorState S ===>> OK
change switch state (True, True)
update switch state S True args=() kw={} ncanvase=8
11:05:21 -- OPEN   VALVE-S (Microbone to Inlet Pipette)
---------------------------------------- open None (Microbone to Inlet Pipette) result=[(True, True)], time=0.45 sec
testing H1>-5.0
evaluate ot="H1.bs>-5.0" t="H1>-5.0", ctx="{'H1': None}"
check iteration duration=0.00274801254272
GetData ===>> H2,0.0534151265290524,H1,2187.44281838978,AX,187.145958486319,L1,2.76488940452683,L2,0.4033183242...
action=open, ok=True, locked=[False]
sleep (1,) {}
SLEEP 1.0
check iteration duration=3.91006469727e-05
GetData ===>> H2,0.00954950096386831,H1,2186.92130319448,AX,187.099087380023,L1,2.7627657412097,L2,0.4596966979...
set_resource () {'name': 'CO2PumpTimeFlag', 'value': 30}
Set CO2PumpTimeFlag 30 ===>> OK
release ('JanCO2Flag',) {}
release JanCO2Flag
Set JanCO2Flag 0 ===>> OK
executed snippet estimated_duration=6.0, duration=6.14304304123
PumpMicrobone.py completed successfully
gosub finished
get_resource_value () {'name': 'JanMiniboneFlag'}
Read JanMiniboneFlag ===>> 0
Get Resource Value JanMiniboneFlag=0.0
get resource value 0.0
get_resource_value () {'name': 'JanMiniboneFlag'}
Read JanMiniboneFlag ===>> 0
Get Resource Value JanMiniboneFlag=0.0
executed snippet estimated_duration=4.0, duration=6.15890192986
jan_pump_extraction_line.py completed successfully
Post Equilibration Finished
11:05:22 -- ******* Post Equilibration Finished *******
check iteration duration=8.39233398438e-05
GetData ===>> H2,-0.0539954228539566,H1,2185.56560577674,AX,187.252443953157,L1,2.74528932527005,L2,0.590234163...
check iteration duration=4.00543212891e-05
GetData ===>> H2,0.0688383498405979,H1,2185.25666775621,AX,187.226547764461,L1,2.71765094225798,L2,0.4597537970...
check iteration duration=4.91142272949e-05
GetData ===>> H2,-0.0439454366134431,H1,2184.22996982629,AX,187.196650909304,L1,2.76993400085842,L2,0.499845787...
testing H1>-5.0
evaluate ot="H1.bs>-5.0" t="H1>-5.0", ctx="{'H1': None}"
check iteration duration=0.00102519989014
GetData ===>> H2,0.0065106177047886,H1,2183.40747724047,AX,187.045540988259,L1,2.77467521880272,L2,0.4943050132...
check iteration duration=3.31401824951e-05
GetData ===>> H2,0.0332374335671228,H1,2182.09622621515,AX,186.738762866493,L1,2.81528907746252,L2,0.3949449197...
check iteration duration=4.79221343994e-05
GetData ===>> H2,-0.0752330805851657,H1,2181.33135498587,AX,186.877306905678,L1,2.80682777636864,L2,0.414251687...
check iteration duration=6.00814819336e-05
GetData ===>> H2,-0.0899866490406807,H1,2180.99830800936,AX,186.733103358938,L1,2.76316696875783,L2,0.454934749...
check iteration duration=5.00679016113e-05
GetData ===>> H2,-0.180976587012974,H1,2179.09063523842,AX,186.662316882372,L1,2.77400368869098,L2,0.6105912962...
testing H1>-5.0
evaluate ot="H1.bs>-5.0" t="H1>-5.0", ctx="{'H1': None}"
check iteration duration=0.00124001502991
GetData ===>> H2,-0.0787907134815458,H1,2178.79383537953,AX,186.544996928846,L1,2.75824676104054,L2,0.450287223...
check iteration duration=9.10758972168e-05
GetData ===>> H2,0.043355571399201,H1,2177.74904279112,AX,186.282501032729,L1,2.74977161509511,L2,0.36595779953...
check iteration duration=3.60012054443e-05
GetData ===>> H2,-0.034334859935376,H1,2176.51129060051,AX,186.307900627038,L1,2.72715255448819,L2,0.4972067399...
check iteration duration=9.48905944824e-05
GetData ===>> H2,-0.0147590775102647,H1,2175.85426322029,AX,186.410009836933,L1,2.72700128418219,L2,0.488079163...
check iteration duration=6.89029693604e-05
GetData ===>> H2,-0.0922466083778344,H1,2174.95117527057,AX,186.300591370793,L1,2.75559787427447,L2,0.359620176...
testing H1>-5.0
evaluate ot="H1.bs>-5.0" t="H1>-5.0", ctx="{'H1': None}"
check iteration duration=0.000579833984375
GetData ===>> H2,-0.117603223904231,H1,2173.84557084613,AX,186.328785761795,L1,2.79738296066146,L2,0.4900782458...
check iteration duration=6.91413879395e-05
GetData ===>> H2,-0.081589957616196,H1,2173.31499607444,AX,186.305585242226,L1,2.78327209623906,L2,0.5242861379...
check iteration duration=3.91006469727e-05
GetData ===>> H2,-0.215192572402165,H1,2173.06948603281,AX,186.046419798247,L1,2.74300929649087,L2,0.4816138472...
check iteration duration=4.19616699219e-05
GetData ===>> H2,-0.188582837176457,H1,2172.08359116874,AX,186.111430183787,L1,2.75142118956357,L2,0.4919060142...
check iteration duration=3.60012054443e-05
GetData ===>> H2,-0.190378779474381,H1,2170.83591390142,AX,186.146553830653,L1,2.75074090110324,L2,0.4133262448...
testing H1>-5.0
evaluate ot="H1.bs>-5.0" t="H1>-5.0", ctx="{'H1': None}"
check iteration duration=0.00222897529602
11:05:42 -- collecting point 25
GetData ===>> H2,-0.102684281016733,H1,2170.55253333349,AX,185.927715437517,L1,2.74992578471243,L2,0.5847339038...
check iteration duration=7.39097595215e-05
GetData ===>> H2,-0.139930820158147,H1,2169.39615875188,AX,185.724983709859,L1,2.7511785168965,L2,0.50091970712...
check iteration duration=8.70227813721e-05
GetData ===>> H2,-0.0446435917719604,H1,2168.86351325577,AX,185.785550493184,L1,2.75694952106805,L2,0.464367520...
check iteration duration=4.00543212891e-05
GetData ===>> H2,-0.0189897703458776,H1,2167.64828224313,AX,185.566829543301,L1,2.7423602804639,L2,0.4099787304...
check iteration duration=5.19752502441e-05
GetData ===>> H2,-0.0715550126900028,H1,2166.24987996878,AX,185.573694368365,L1,2.75267417131679,L2,0.384013758...
testing H1>-5.0
evaluate ot="H1.bs>-5.0" t="H1>-5.0", ctx="{'H1': None}"
check iteration duration=0.00194621086121
GetData ===>> H2,-0.199036201473419,H1,2166.09117425555,AX,185.576662405785,L1,2.74465381703612,L2,0.5667030404...
check iteration duration=3.48091125488e-05
GetData ===>> H2,-0.179339745609308,H1,2164.74188220885,AX,185.394951504567,L1,2.72462891896974,L2,0.5481840582...
check iteration duration=3.91006469727e-05
GetData ===>> H2,-0.0851198707380428,H1,2163.84801740088,AX,185.511661184955,L1,2.68631210894785,L2,0.543966345...
check iteration duration=7.39097595215e-05
GetData ===>> H2,-0.0261986930005363,H1,2162.66113083069,AX,185.396083824064,L1,2.69993214388568,L2,0.406585635...
check iteration duration=7.58171081543e-05
GetData ===>> H2,-0.140328195975616,H1,2162.08009330587,AX,185.165617890858,L1,2.72227884150273,L2,0.4370363906...
testing H1>-5.0
evaluate ot="H1.bs>-5.0" t="H1>-5.0", ctx="{'H1': None}"
check iteration duration=0.00117015838623
GetData ===>> H2,-0.0497330804618054,H1,2162.23342706924,AX,185.108958911894,L1,2.69097749835955,L2,0.427448786...
check iteration duration=9.70363616943e-05
GetData ===>> H2,-0.105964723578996,H1,2161.17194308061,AX,185.281224572863,L1,2.68727931646532,L2,0.5359886318...
check iteration duration=7.20024108887e-05
GetData ===>> H2,-0.0734599475031549,H1,2159.72364055367,AX,185.27667322435,L1,2.67255154884122,L2,0.3238518690...
check iteration duration=5.19752502441e-05
GetData ===>> H2,-0.0593628083748029,H1,2158.30487603265,AX,185.099498012904,L1,2.68748065829452,L2,0.408139361...
check iteration duration=7.91549682617e-05
GetData ===>> H2,-0.0415140387068385,H1,2156.92273776402,AX,184.987836179784,L1,2.69296865406072,L2,0.526445963...
testing H1>-5.0
evaluate ot="H1.bs>-5.0" t="H1>-5.0", ctx="{'H1': None}"
check iteration duration=0.00219821929932
GetData ===>> H2,-0.0771875446591486,H1,2156.10212531981,AX,184.975983743853,L1,2.74085923107925,L2,0.495047572...
check iteration duration=9.60826873779e-05
GetData ===>> H2,-0.154269943415315,H1,2155.43459484279,AX,184.914714229549,L1,2.71639010326292,L2,0.4717453705...
check iteration duration=8.60691070557e-05
GetData ===>> H2,-0.0622360391401347,H1,2154.30203748107,AX,184.645993435775,L1,2.69429600100051,L2,0.513007839...
check iteration duration=7.89165496826e-05
GetData ===>> H2,-0.0181543532537499,H1,2153.63215058203,AX,184.46165651827,L1,2.6891568308296,L2,0.54261763098...
check iteration duration=4.31537628174e-05
GetData ===>> H2,-0.0954041083671596,H1,2152.9910850811,AX,184.450384327969,L1,2.71787153529872,L2,0.5324343054...
testing H1>-5.0
evaluate ot="H1.bs>-5.0" t="H1>-5.0", ctx="{'H1': None}"
check iteration duration=0.000585079193115
GetData ===>> H2,-0.0151789562898988,H1,2152.09479214679,AX,184.644298355385,L1,2.73049463965226,L2,0.303524798...
check iteration duration=8.70227813721e-05
GetData ===>> H2,0.0158570164683602,H1,2151.26501071703,AX,184.4459569576,L1,2.71178908498307,L2,0.433562344774...
check iteration duration=6.69956207275e-05
GetData ===>> H2,0.0643050011561882,H1,2150.79330051071,AX,184.363117062362,L1,2.7217843649853,L2,0.44856301480...
check iteration duration=9.60826873779e-05
GetData ===>> H2,-0.0575454782382039,H1,2149.52424534092,AX,184.109727095009,L1,2.72287006188773,L2,0.484709377...
check iteration duration=3.50475311279e-05
GetData ===>> H2,-0.0874734402000543,H1,2148.6479004758,AX,183.949046306383,L1,2.7023000719915,L2,0.41970169794...
testing H1>-5.0
evaluate ot="H1.bs>-5.0" t="H1>-5.0", ctx="{'H1': None}"
check iteration duration=0.000586032867432
11:06:08 -- collecting point 50
GetData ===>> H2,-0.112457879846357,H1,2148.1802168802,AX,184.144578912078,L1,2.6882370823071,L2,0.398223368871...
check iteration duration=9.29832458496e-05
GetData ===>> H2,-0.094270435171681,H1,2147.31922227459,AX,183.830706169561,L1,2.69527665046623,L2,0.4694268827...
check iteration duration=6.50882720947e-05
GetData ===>> H2,-0.0583158446464988,H1,2146.01794604722,AX,183.9811776362,L1,2.72332916424477,L2,0.39950279409...
check iteration duration=4.2200088501e-05
GetData ===>> H2,-0.130638840345588,H1,2145.24690203588,AX,183.912724614537,L1,2.71336928505411,L2,0.4177593106...
check iteration duration=5.19752502441e-05
GetData ===>> H2,-0.0997197001942953,H1,2144.40347409898,AX,184.001352760626,L1,2.68562246250669,L2,0.496841163...
testing H1>-5.0
evaluate ot="H1.bs>-5.0" t="H1>-5.0", ctx="{'H1': None}"
check iteration duration=0.00207805633545
GetData ===>> H2,-0.0259989511015455,H1,2143.45780269207,AX,184.047781633402,L1,2.71596259332535,L2,0.417496520...
check iteration duration=6.19888305664e-05
GetData ===>> H2,-0.0113546351780947,H1,2142.24544595918,AX,183.900679083002,L1,2.69927356609482,L2,0.402427258...
check iteration duration=8.98838043213e-05
GetData ===>> H2,-0.0588678180946334,H1,2141.61543266717,AX,183.781691493164,L1,2.6670754323694,L2,0.4531076851...
check iteration duration=3.88622283936e-05
GetData ===>> H2,-0.187625424162447,H1,2140.99467325761,AX,183.816765130807,L1,2.67472152079299,L2,0.4267860320...
check iteration duration=8.20159912109e-05
GetData ===>> H2,-0.0721407632612354,H1,2140.64893324114,AX,183.849070205335,L1,2.67712432569177,L2,0.503947309...
testing H1>-5.0
evaluate ot="H1.bs>-5.0" t="H1>-5.0", ctx="{'H1': None}"
check iteration duration=0.000585079193115
GetData ===>> H2,-0.067371171721643,H1,2139.41822425656,AX,183.808576941154,L1,2.70064655323444,L2,0.3250618138...
check iteration duration=8.89301300049e-05
GetData ===>> H2,-0.123792951509569,H1,2138.34593668167,AX,183.368775525678,L1,2.6855898175543,L2,0.42022729185...
check iteration duration=6.69956207275e-05
GetData ===>> H2,-0.0101883290656116,H1,2136.71813437768,AX,183.46115530169,L1,2.69148509130556,L2,0.5380230001...
check iteration duration=8.58306884766e-05
GetData ===>> H2,-0.0463530121981957,H1,2136.25709302181,AX,183.296744155323,L1,2.66415086387862,L2,0.464241896...
check iteration duration=4.10079956055e-05
GetData ===>> H2,-0.0520089708543115,H1,2136.25946046144,AX,183.257300706846,L1,2.6860182899844,L2,0.5334400179...
testing H1>-5.0
evaluate ot="H1.bs>-5.0" t="H1>-5.0", ctx="{'H1': None}"
check iteration duration=0.00257587432861
GetData ===>> H2,-0.0471078453581414,H1,2135.107694944,AX,183.288183484168,L1,2.70474472426887,L2,0.54289194427...
check iteration duration=0.000110149383545
GetData ===>> H2,0.0101385992322487,H1,2134.11828379257,AX,183.19266819584,L1,2.696447827659,L2,0.3848247003975...
check iteration duration=8.98838043213e-05
GetData ===>> H2,-0.0541012486880615,H1,2133.34647090434,AX,183.061457792384,L1,2.69234583338495,L2,0.514356137...
check iteration duration=9.29832458496e-05
GetData ===>> H2,-0.120759378652257,H1,2133.00590153468,AX,183.082304663731,L1,2.67748995518697,L2,0.4665374172...
check iteration duration=4.6968460083e-05
GetData ===>> H2,-0.0767904442615141,H1,2131.76658657306,AX,182.855929100726,L1,2.70535733048293,L2,0.398657457...
testing H1>-5.0
evaluate ot="H1.bs>-5.0" t="H1>-5.0", ctx="{'H1': None}"
check iteration duration=0.00117778778076
GetData ===>> H2,-0.0412914964590637,H1,2131.05413266315,AX,182.707812217989,L1,2.67519579004257,L2,0.403352596...
check iteration duration=6.89029693604e-05
GetData ===>> H2,-0.0012733398217432,H1,2130.03299945978,AX,182.94893343363,L1,2.6766989053775,L2,0.50612952810...
check iteration duration=0.000102996826172
GetData ===>> H2,-0.0483051579359199,H1,2129.22475279634,AX,182.674550242169,L1,2.69248589708211,L2,0.417805013...
check iteration duration=5.22136688232e-05
GetData ===>> H2,-0.0679245848382671,H1,2128.05801092676,AX,182.552223984136,L1,2.69245190088119,L2,0.378051832...
check iteration duration=5.60283660889e-05
GetData ===>> H2,-0.112579706097617,H1,2128.32469572543,AX,182.600535841649,L1,2.70996381999887,L2,0.3632057352...
testing H1>-5.0
evaluate ot="H1.bs>-5.0" t="H1>-5.0", ctx="{'H1': None}"
check iteration duration=0.00118589401245
11:06:35 -- collecting point 75
GetData ===>> H2,-0.0744726192811965,H1,2126.48376100877,AX,182.48629002249,L1,2.68374824937765,L2,0.3919635702...
check iteration duration=6.29425048828e-05
GetData ===>> H2,-0.0583768749678343,H1,2125.73623940264,AX,182.487706022883,L1,2.68377952907402,L2,0.439207733...
check iteration duration=9.79900360107e-05
GetData ===>> H2,-0.127470561522477,H1,2124.9404801181,AX,182.5726643117,L1,2.70780808392134,L2,0.5620272316248...
check iteration duration=3.91006469727e-05
GetData ===>> H2,-0.0133770372168586,H1,2124.57482409431,AX,182.515870906151,L1,2.70544718215705,L2,0.385521430...
check iteration duration=6.79492950439e-05
GetData ===>> H2,0.0337563704109283,H1,2123.70290853238,AX,182.47464775568,L1,2.71155091701588,L2,0.42781444668...
testing H1>-5.0
evaluate ot="H1.bs>-5.0" t="H1>-5.0", ctx="{'H1': None}"
check iteration duration=0.000571966171265
GetData ===>> H2,0.0153492924500922,H1,2121.99211597895,AX,182.130078013846,L1,2.67294420572347,L2,0.4353336353...
check iteration duration=9.10758972168e-05
GetData ===>> H2,-0.0496353576311816,H1,2121.82021957514,AX,182.175488940808,L1,2.66858421588183,L2,0.536880091...
check iteration duration=8.79764556885e-05
GetData ===>> H2,-0.0290748600326616,H1,2120.76235350046,AX,182.072959335474,L1,2.64818556425424,L2,0.456750428...
check iteration duration=5.10215759277e-05
GetData ===>> H2,-0.0415981693998362,H1,2119.75783108546,AX,182.085508692624,L1,2.69127433496843,L2,0.506266632...
check iteration duration=3.40938568115e-05
GetData ===>> H2,-0.140233583948429,H1,2118.9645286074,AX,181.910779122596,L1,2.62490514550468,L2,0.50750058067...
testing H1>-5.0
evaluate ot="H1.bs>-5.0" t="H1>-5.0", ctx="{'H1': None}"
check iteration duration=0.00207114219666
GetData ===>> H2,-0.172315936911329,H1,2118.2259649976,AX,181.810255717986,L1,2.63961103294339,L2,0.43966486424...
check iteration duration=8.01086425781e-05
GetData ===>> H2,-0.146442513830121,H1,2117.48365618316,AX,181.791160540481,L1,2.69150412755341,L2,0.4687187843...
check iteration duration=4.10079956055e-05
GetData ===>> H2,-0.0783787626770348,H1,2117.06712672286,AX,181.846856687398,L1,2.68223332671734,L2,0.428225815...
check iteration duration=8.6784362793e-05
GetData ===>> H2,0.0400276980692822,H1,2115.73414616557,AX,181.737879308628,L1,2.69614039902119,L2,0.3933914080...
check iteration duration=8.60691070557e-05
GetData ===>> H2,-0.0740008637248226,H1,2115.10580283769,AX,181.849144866158,L1,2.69423479820908,L2,0.388171336...
testing H1>-5.0
evaluate ot="H1.bs>-5.0" t="H1>-5.0", ctx="{'H1': None}"
check iteration duration=0.000583171844482
GetData ===>> H2,-0.0288873946363054,H1,2114.15006952801,AX,181.714911337667,L1,2.66803369066013,L2,0.435985021...
check iteration duration=8.48770141602e-05
GetData ===>> H2,-0.123672597812195,H1,2113.43197164366,AX,181.43817545249,L1,2.63166253043075,L2,0.46669730634...
check iteration duration=8.89301300049e-05
GetData ===>> H2,-0.11759645880691,H1,2112.18788761917,AX,181.470911448361,L1,2.66663370920807,L2,0.52459468146...
check iteration duration=8.60691070557e-05
GetData ===>> H2,-0.0265818615409559,H1,2111.61777007262,AX,181.409371343825,L1,2.67730645936597,L2,0.392214868...
check iteration duration=5.22136688232e-05
GetData ===>> H2,-0.0526806583620175,H1,2111.27488903749,AX,181.577053874325,L1,2.62697671248079,L2,0.488296205...
testing H1>-5.0
evaluate ot="H1.bs>-5.0" t="H1>-5.0", ctx="{'H1': None}"
check iteration duration=0.00102996826172
GetData ===>> H2,-0.157443508305032,H1,2110.78130343985,AX,181.435418136742,L1,2.61284545246497,L2,0.4708659375...
check iteration duration=3.50475311279e-05
GetData ===>> H2,-0.113626004421065,H1,2109.47887286336,AX,181.424232368024,L1,2.60873658074916,L2,0.4417448379...
check iteration duration=6.48498535156e-05
GetData ===>> H2,-0.0802852649787691,H1,2109.02134649305,AX,181.222495623514,L1,2.6311454080662,L2,0.5395888073...
check iteration duration=7.89165496826e-05
GetData ===>> H2,-0.13461221350517,H1,2107.74254031741,AX,181.132704700499,L1,2.66331521653188,L2,0.47923801005...
check iteration duration=9.17911529541e-05
GetData ===>> H2,-0.167181573579753,H1,2106.93330712133,AX,180.956238400341,L1,2.66539018050663,L2,0.3918264989...
testing H1>-5.0
evaluate ot="H1.bs>-5.0" t="H1>-5.0", ctx="{'H1': None}"
check iteration duration=0.00056004524231
11:07:01 -- collecting point 100
GetData ===>> H2,-0.121987512049689,H1,2105.86664462988,AX,181.057006731425,L1,2.64599923323244,L2,0.3892336036...
check iteration duration=3.79085540771e-05
GetData ===>> H2,-0.126916292161695,H1,2104.96948346888,AX,180.852106588794,L1,2.64903440829255,L2,0.4357907478...
check iteration duration=5.48362731934e-05
GetData ===>> H2,-0.0673399736122007,H1,2104.3324589537,AX,180.657360679259,L1,2.64387441289057,L2,0.4504470856...
check iteration duration=8.51154327393e-05
GetData ===>> H2,-0.00407074579703416,H1,2103.5845249106,AX,180.533324065754,L1,2.62065466212009,L2,0.563296193...
check iteration duration=3.81469726562e-05
GetData ===>> H2,-0.0252203319221424,H1,2102.83356129034,AX,180.703982253524,L1,2.62815171761535,L2,0.365832184...
testing H1>-5.0
evaluate ot="H1.bs>-5.0" t="H1>-5.0", ctx="{'H1': None}"
check iteration duration=0.00109004974365
GetData ===>> H2,-0.1185584151816,H1,2102.16696727055,AX,180.859537095213,L1,2.61857068791476,L2,0.485668897740...
check iteration duration=4.10079956055e-05
GetData ===>> H2,0.00803403909087115,H1,2101.10878473633,AX,180.596886221048,L1,2.64965376480349,L2,0.452456802...
check iteration duration=4.2200088501e-05
GetData ===>> H2,-0.11606744341054,H1,2100.01994899606,AX,180.505486600892,L1,2.65938645681707,L2,0.48083712478...
check iteration duration=7.89165496826e-05
GetData ===>> H2,-0.131367639647919,H1,2099.54020521696,AX,180.417023616354,L1,2.59201145943296,L2,0.4436988575...
check iteration duration=8.70227813721e-05
GetData ===>> H2,-0.118719409763607,H1,2098.7889593363,AX,180.223863975641,L1,2.65196734873627,L2,0.41226371053...
testing H1>-5.0
evaluate ot="H1.bs>-5.0" t="H1>-5.0", ctx="{'H1': None}"
check iteration duration=0.00161194801331
GetData ===>> H2,-0.037965057371135,H1,2097.45156222295,AX,180.272635941411,L1,2.65493088239603,L2,0.4221240242...
check iteration duration=8.79764556885e-05
GetData ===>> H2,-0.216837906218183,H1,2096.89568259875,AX,180.136325971353,L1,2.65023376293576,L2,0.3616184809...
check iteration duration=7.20024108887e-05
GetData ===>> H2,-0.135873816814756,H1,2096.35539935068,AX,180.206864912208,L1,2.6485508989771,L2,0.44693018333...
check iteration duration=7.79628753662e-05
GetData ===>> H2,-0.135723729882563,H1,2094.78019571129,AX,179.856761495414,L1,2.65236642380637,L2,0.4206500542...
check iteration duration=4.2200088501e-05
GetData ===>> H2,-0.135139588866527,H1,2093.79923139201,AX,179.719543905742,L1,2.6425209799771,L2,0.50961432510...
testing H1>-5.0
evaluate ot="H1.bs>-5.0" t="H1>-5.0", ctx="{'H1': None}"
check iteration duration=0.00903797149658
GetData ===>> H2,-0.0787663220731696,H1,2093.18724751569,AX,179.779549919934,L1,2.64536649769085,L2,0.464196214...
check iteration duration=3.50475311279e-05
GetData ===>> H2,-0.122854429305623,H1,2092.54630623128,AX,179.888208949301,L1,2.63034466124675,L2,0.4219412050...
check iteration duration=4.19616699219e-05
GetData ===>> H2,-0.00294586308363469,H1,2092.34300678721,AX,179.542077023537,L1,2.59037481573424,L2,0.50381020...
check iteration duration=6.29425048828e-05
GetData ===>> H2,0.126921371117349,H1,2092.21677034282,AX,179.76249902569,L1,2.61152299162259,L2,0.491471916121...
check iteration duration=5.79357147217e-05
GetData ===>> H2,-0.0489132685037672,H1,2090.6999205297,AX,179.79622495117,L1,2.65635115377569,L2,0.40784232333...
testing H1>-5.0
evaluate ot="H1.bs>-5.0" t="H1>-5.0", ctx="{'H1': None}"
check iteration duration=0.000590085983276
GetData ===>> H2,-0.0367949405320878,H1,2089.73096626311,AX,179.632079821673,L1,2.66325135657072,L2,0.408482098...
check iteration duration=1.69277191162e-05
waiting for write to finish
measurement finished
estimated time: 125.829 actual time: :126.869
flush and close file /Users/jan/PychronDev/data/isotopes/b2/d9a4ee-d675-4d05-bf3b-dd3194e50ea7.h5
baselines () {'settling_time': 15.0, 'detector': 'H1', 'mass': 34.2, 'ncounts': 60}
%%%%%%%%%%%%%%%%%%%%%%%%%%%%%%%% Baseline
build tables- baseline [Detector(H2), Detector(H1), Detector(AX), Detector(L1), Detector(L2), Detector(CDD)]
add group baseline table H2
add group baseline table H1
add group baseline table AX
add group baseline table L1
add group baseline table L2
add group baseline table CDD
flush and close file /Users/jan/PychronDev/data/isotopes/b2/d9a4ee-d675-4d05-bf3b-dd3194e50ea7.h5
detector Detector(H1)
POSITION 34.2 H1
Mapping mass to dac mass func: "parabolic"
H1 map mass coeffs = [-0.00063987  0.15840543  0.57265999]
H1 map mass to dac 34.2 >> 5.24170599104
GetDeflection H1 ===>> 0
GetHighVoltage ===>> 4499.94659342336
positioning 34.2 (5.24167512313) on H1
setting magnet DAC
current  : 5.881015
requested: 5.241675
Delta Dac: 0.639340
Checking detector protection. dv=0.63934
Checking detector "CDD". Protection Threshold: 0.1 (V)
ProtectDetector CDD,On ===>> OK
GetDeflection CDD ===>> 2000
Protected = 2000
SetMagnetDAC 5.24167512313 ===>> OK
Magnet settling time: 0.500
GetMagnetMoving ===>> True
GetMagnetMoving ===>> True
GetMagnetMoving ===>> True
GetMagnetMoving ===>> True
GetMagnetMoving ===>> True
GetMagnetMoving ===>> True
GetMagnetMoving ===>> False
ProtectDetector CDD,Off ===>> OK
GetDeflection CDD ===>> 50
Delaying 15.0s for detectors to settle
Join finished
measuring baseline. ncounts=60
"baseline" increment series count="2" fit count="1" regressing="True"
starting measurement
check iteration duration=3.09944152832e-05
GetData ===>> H2,-0.031185670587581,H1,-0.0795227078968839,AX,-0.0759666525752405,L1,-0.00249122098568126,L2,-0...
check iteration duration=3.69548797607e-05
GetData ===>> H2,-0.109694780284587,H1,-0.113033629259562,AX,-0.108649837219224,L1,-0.0430156516537885,L2,0.035...
check iteration duration=3.79085540771e-05
GetData ===>> H2,-0.178612334538715,H1,-0.0357461664672652,AX,-0.120561402665577,L1,-0.0554582158544477,L2,0.01...
check iteration duration=3.981590271e-05
GetData ===>> H2,-0.181099374312422,H1,-0.00706405798582817,AX,-0.119947320649508,L1,-0.064220612102046,L2,-0.0...
testing H1>-5.0
evaluate ot="H1.bs>-5.0" t="H1>-5.0", ctx="{'H1': None}"
check iteration duration=0.000549793243408
GetData ===>> H2,-0.101784159025669,H1,-0.0419943171806157,AX,-0.0497658188656199,L1,-0.0615997545649991,L2,-0....
check iteration duration=3.91006469727e-05
GetData ===>> H2,-0.137638203487657,H1,-0.0438782250155033,AX,-0.0329518337532615,L1,-0.0367369892543063,L2,0.0...
check iteration duration=7.89165496826e-05
GetData ===>> H2,-0.153667284528227,H1,-0.0206488337050502,AX,-0.073346886648679,L1,-0.0247141196854272,L2,-0.0...
check iteration duration=8.32080841064e-05
GetData ===>> H2,-0.0933533909713904,H1,-0.0679128224627899,AX,-0.0775662979705161,L1,-0.0395462233331185,L2,0....
check iteration duration=8.70227813721e-05
GetData ===>> H2,-0.0283249799478187,H1,-0.0370578335078029,AX,-0.0781690560803806,L1,-0.0280978075713916,L2,-0...
testing H1>-5.0
evaluate ot="H1.bs>-5.0" t="H1>-5.0", ctx="{'H1': None}"
check iteration duration=0.000556945800781
GetData ===>> H2,-0.0629518610777714,H1,-0.0655048541549295,AX,-0.208407457902828,L1,-0.042819278303433,L2,0.03...
check iteration duration=5.98430633545e-05
GetData ===>> H2,-0.188279440409151,H1,-0.0555624308876233,AX,-0.0840109796710367,L1,-0.051511110344191,L2,-0.0...
check iteration duration=5.79357147217e-05
GetData ===>> H2,-0.262474467014877,H1,-0.00857886970015969,AX,-0.175054438005514,L1,-0.0551254219559148,L2,0.0...
check iteration duration=7.5101852417e-05
GetData ===>> H2,-0.178571846464384,H1,0.0774538275670313,AX,-0.120399192698431,L1,-0.0474856994402235,L2,0.001...
check iteration duration=7.5101852417e-05
GetData ===>> H2,-0.250308451271007,H1,-0.0287940441440647,AX,0.00232058854435487,L1,-0.0366207694827984,L2,-0....
testing H1>-5.0
evaluate ot="H1.bs>-5.0" t="H1>-5.0", ctx="{'H1': None}"
check iteration duration=0.0128400325775
GetData ===>> H2,-0.237866037723153,H1,-0.0561942929351076,AX,-0.0288696556902372,L1,-0.0155890256376994,L2,0.0...
check iteration duration=6.38961791992e-05
GetData ===>> H2,-0.171465992817072,H1,-0.0343629353289686,AX,-0.0982665827018287,L1,-0.0342176646031764,L2,0.0...
check iteration duration=6.19888305664e-05
GetData ===>> H2,-0.270644846357716,H1,-0.0719895475999042,AX,-0.155742006052226,L1,-0.0382968400483343,L2,-0.0...
check iteration duration=8.29696655273e-05
GetData ===>> H2,-0.292112508580523,H1,-0.0587336228154321,AX,-0.085146868527359,L1,-0.0311953279652711,L2,-0.0...
check iteration duration=6.69956207275e-05
GetData ===>> H2,-0.160462231273527,H1,-0.0620239262567822,AX,-0.172203023699216,L1,-0.0539011825834108,L2,-0.1...
testing H1>-5.0
evaluate ot="H1.bs>-5.0" t="H1>-5.0", ctx="{'H1': None}"
check iteration duration=0.0021800994873
GetData ===>> H2,-0.130392870845452,H1,0.0393456130509453,AX,-0.0582644728969763,L1,-0.0761749341384675,L2,0.08...
check iteration duration=8.79764556885e-05
GetData ===>> H2,-0.174921926704364,H1,-0.0530230205359803,AX,-0.0532674006074463,L1,-0.058677846262537,L2,0.01...
check iteration duration=7.58171081543e-05
GetData ===>> H2,-0.114228292855131,H1,0.00880109547585231,AX,-0.173095548547986,L1,-0.060333938002222,L2,-0.09...
check iteration duration=7.00950622559e-05
GetData ===>> H2,-0.119587929390154,H1,0.110185372687011,AX,-0.136008297975644,L1,-0.0754012293831355,L2,0.0154...
check iteration duration=4.50611114502e-05
GetData ===>> H2,-0.186419777654814,H1,0.0988163895554674,AX,-0.0827707593477311,L1,0.00835612519301364,L2,-0.0...
testing H1>-5.0
evaluate ot="H1.bs>-5.0" t="H1>-5.0", ctx="{'H1': None}"
check iteration duration=0.000594854354858
11:08:07 -- collecting point 25
GetData ===>> H2,-0.261810145145722,H1,0.036159479996223,AX,-0.0739728548319526,L1,0.0012110373855777,L2,-0.044...
check iteration duration=8.79764556885e-05
GetData ===>> H2,-0.280581661064578,H1,0.0208626801898372,AX,-0.128509359732821,L1,-0.050276375777965,L2,-0.172...
check iteration duration=8.58306884766e-05
GetData ===>> H2,-0.277559099134887,H1,0.0179396108132891,AX,-0.0481773114328818,L1,-0.0360192807391543,L2,-0.0...
check iteration duration=4.29153442383e-05
GetData ===>> H2,-0.281299920663804,H1,0.0384386884501488,AX,-0.158489566780457,L1,-0.0220377557772401,L2,0.064...
check iteration duration=4.10079956055e-05
GetData ===>> H2,-0.278892563755341,H1,0.0488449485709143,AX,-0.078331336471972,L1,-0.0345357741804365,L2,-0.02...
testing H1>-5.0
evaluate ot="H1.bs>-5.0" t="H1>-5.0", ctx="{'H1': None}"
check iteration duration=0.000630140304565
GetData ===>> H2,-0.229093880497057,H1,0.00971968136627162,AX,-0.127652031178624,L1,-0.056488849293721,L2,0.063...
check iteration duration=3.60012054443e-05
GetData ===>> H2,-0.26000525139886,H1,-0.0171186390995224,AX,-0.15061765589577,L1,-0.0338369289462194,L2,0.0266...
check iteration duration=0.000105142593384
GetData ===>> H2,-0.197149562647757,H1,-0.0120735840770657,AX,-0.11498817665636,L1,0.0141128720121049,L2,0.0150...
check iteration duration=8.6784362793e-05
GetData ===>> H2,-0.221451885189242,H1,-0.139722067117076,AX,-0.0533485616041095,L1,0.0141200760074875,L2,-0.07...
check iteration duration=4.6968460083e-05
GetData ===>> H2,-0.122133580749213,H1,-0.0716557868718713,AX,-0.0808350567845095,L1,0.0153076049708372,L2,-0.0...
testing H1>-5.0
evaluate ot="H1.bs>-5.0" t="H1>-5.0", ctx="{'H1': None}"
check iteration duration=0.000953912734985
GetData ===>> H2,-0.259663784237896,H1,0.00833584090302888,AX,-0.0499049569677372,L1,-0.033427442429572,L2,-0.0...
check iteration duration=3.40938568115e-05
GetData ===>> H2,-0.214846510180345,H1,0.00610503491540477,AX,-0.107711218030318,L1,-0.0519573481909873,L2,0.02...
check iteration duration=7.89165496826e-05
GetData ===>> H2,-0.130588835988869,H1,0.0887130354412015,AX,-0.138988321342718,L1,-0.0422480974160594,L2,-0.01...
check iteration duration=8.79764556885e-05
GetData ===>> H2,-0.163715068725896,H1,0.118644351674768,AX,-0.187884767886274,L1,-0.0149017007886539,L2,-0.048...
check iteration duration=9.10758972168e-05
GetData ===>> H2,-0.320531045733139,H1,0.119944878660294,AX,-0.193853133983939,L1,-0.00699090206368819,L2,0.000...
testing H1>-5.0
evaluate ot="H1.bs>-5.0" t="H1>-5.0", ctx="{'H1': None}"
check iteration duration=0.00236296653748
GetData ===>> H2,-0.299389156883962,H1,0.0172357007352854,AX,-0.115625463989066,L1,-0.0157653474824291,L2,-0.07...
check iteration duration=4.19616699219e-05
GetData ===>> H2,-0.177002147187947,H1,-0.00520331300937187,AX,-0.125647706564,L1,-0.0321617602402194,L2,-0.038...
check iteration duration=5.98430633545e-05
GetData ===>> H2,-0.218400376723394,H1,0.0105309070836281,AX,0.0396483443630236,L1,-0.0490343094049111,L2,0.077...
check iteration duration=8.29696655273e-05
GetData ===>> H2,-0.318270919979716,H1,-0.0218414388805986,AX,-0.0689418114798533,L1,-0.0410397692301811,L2,0.0...
check iteration duration=8.89301300049e-05
GetData ===>> H2,-0.192589608340137,H1,0.0678582604233259,AX,-0.0749929425022928,L1,0.0216306403003551,L2,-0.03...
testing H1>-5.0
evaluate ot="H1.bs>-5.0" t="H1>-5.0", ctx="{'H1': None}"
check iteration duration=0.000588178634644
GetData ===>> H2,-0.299751390196314,H1,0.060696513854608,AX,0.000151215074900034,L1,-0.0104395757517745,L2,-0.0...
check iteration duration=8.01086425781e-05
GetData ===>> H2,-0.223367245767722,H1,0.0274369153962397,AX,-0.119066743446624,L1,-0.00924418532791807,L2,0.02...
check iteration duration=0.000112056732178
GetData ===>> H2,-0.193909159490893,H1,-0.050125868060724,AX,-0.0985678981102949,L1,-0.0259220256234655,L2,0.05...
check iteration duration=3.981590271e-05
GetData ===>> H2,-0.158218863332367,H1,0.0616155760147176,AX,-0.0428434471398664,L1,-0.053301923600263,L2,-0.01...
check iteration duration=4.41074371338e-05
GetData ===>> H2,-0.171072028843698,H1,0.0508141447162604,AX,-0.0107529246159741,L1,-0.0349995432907471,L2,-0.0...
testing H1>-5.0
evaluate ot="H1.bs>-5.0" t="H1>-5.0", ctx="{'H1': None}"
check iteration duration=0.000592947006226
11:08:34 -- collecting point 50
GetData ===>> H2,-0.170510741434553,H1,0.0106263458355073,AX,0.0105924935769719,L1,-0.00415049501189859,L2,-0.0...
check iteration duration=7.79628753662e-05
GetData ===>> H2,-0.101778744542292,H1,0.0112109101762627,AX,-0.0550065500062343,L1,0.00786054577673659,L2,0.00...
check iteration duration=3.79085540771e-05
GetData ===>> H2,-0.124095858538634,H1,0.0435700806308283,AX,-0.0555514770893994,L1,-0.0137420479735274,L2,0.00...
check iteration duration=5.69820404053e-05
GetData ===>> H2,-0.111492699022457,H1,-0.0407542572262941,AX,-0.177117604356616,L1,-0.0490869627343403,L2,-0.0...
check iteration duration=7.70092010498e-05
GetData ===>> H2,-0.12607131727061,H1,-0.00774393694518134,AX,-0.127188607192462,L1,-0.0327425329665237,L2,0.01...
testing H1>-5.0
evaluate ot="H1.bs>-5.0" t="H1>-5.0", ctx="{'H1': None}"
check iteration duration=0.00176501274109
GetData ===>> H2,-0.155391398209344,H1,-0.0310001730032149,AX,-0.124848282335914,L1,-0.0537648273942602,L2,-0.0...
check iteration duration=8.08238983154e-05
GetData ===>> H2,-0.156677556749107,H1,0.0615797682401499,AX,-0.125960522951865,L1,-0.0236259214805224,L2,-0.03...
check iteration duration=6.00814819336e-05
GetData ===>> H2,-0.204281804000993,H1,0.0891066535324338,AX,-0.155846345219215,L1,-0.00828729109458089,L2,-0.0...
check iteration duration=8.79764556885e-05
GetData ===>> H2,-0.136983857608494,H1,0.0280215779064676,AX,-0.14746407545172,L1,-0.0145845742605582,L2,-0.047...
check iteration duration=6.69956207275e-05
GetData ===>> H2,-0.183441523205514,H1,0.028248284696475,AX,-0.108823654593767,L1,0.00835492521341009,L2,-0.059...
testing H1>-5.0
evaluate ot="H1.bs>-5.0" t="H1>-5.0", ctx="{'H1': None}"
check iteration duration=0.000870943069458
GetData ===>> H2,-0.294245528555924,H1,0.0368157912473912,AX,-0.00329416106595598,L1,0.00394690263165051,L2,0.0...
check iteration duration=2.8133392334e-05
waiting for write to finish
measurement finished
estimated time: 62.915 actual time: :63.327
flush and close file /Users/jan/PychronDev/data/isotopes/b2/d9a4ee-d675-4d05-bf3b-dd3194e50ea7.h5
activate_detectors ('H1', 'AX', 'CDD') {'peak_center': True}
peak_center () {'detector': 'H1', 'integration_time': 0.262144, 'isotope': 'Ar40'}
peak center: mean=2093.25547267 threshold=3
peak center started
setup peak center. detector=['H1', 'AX', 'CDD'], isotope=Ar40
VersionedUnpickler [<apptools.sweet_pickle.versioned_unpickler.VersionedUnpickler object at 0x23ad21470>] using Updater [<apptools.sweet_pickle.updater.Updater object at 0x12e273d10>]
VersionedUnpickler [<apptools.sweet_pickle.versioned_unpickler.VersionedUnpickler object at 0x23ad21470>] using Updater [<apptools.sweet_pickle.updater.Updater object at 0x12e273d10>]
VersionedUnpickler [<apptools.sweet_pickle.versioned_unpickler.VersionedUnpickler object at 0x233a830b0>] using Updater [<apptools.sweet_pickle.updater.Updater object at 0x12e273d10>]
setting integration time = 0.524288
SetIntegrationTime 0.524288 ===>> OK
Mapping mass to dac mass func: "parabolic"
H1 map mass coeffs = [-0.00063987  0.15840543  0.57265999]
H1 map mass to dac 39.9624 >> 5.88105
GetDeflection H1 ===>> 0
GetHighVoltage ===>> 4499.94659342336
do peak center. <pychron.spectrometer.jobs.peak_center.PeakCenter object at 0x16275af50>
doing pc
starting peak center. center dac= 5.88101536705 step_width=0.001
width = 0.001
get scan parameters. half-width=0.015,window=0.015, i=0, scalar=1
Scan parameters center=5.88102 width=0.03000 (5.86602 - 5.89602)
GetData ===>> H2,-0.229814048784541,H1,0.108169162964722,AX,-0.077948817973182,L1,-0.00924898156112132,L2,-0.02...
Moving to starting dac 5.86601536705
setting magnet DAC
current  : 5.241675
requested: 5.866015
Delta Dac: 0.624340
Checking detector protection. dv=0.62434
Checking detector "CDD". Protection Threshold: 0.1 (V)
ProtectDetector CDD,On ===>> OK
GetDeflection CDD ===>> 2000
Protected = 2000
SetMagnetDAC 5.86601536705 ===>> OK
Magnet settling time: 0.500
GetMagnetMoving ===>> True
GetMagnetMoving ===>> True
GetMagnetMoving ===>> True
GetMagnetMoving ===>> True
GetMagnetMoving ===>> True
GetMagnetMoving ===>> True
GetMagnetMoving ===>> True
GetMagnetMoving ===>> True
GetMagnetMoving ===>> False
ProtectDetector CDD,Off ===>> OK
GetDeflection CDD ===>> 50
Wait until signal near baseline. tol= 0.0811268722235. timeout= 10
GetData ===>> H2,3.93008811887878,H1,1.29423304888701,AX,0.0336600874131792,L1,0.00497589551113036,L2,0.0572015...
GetData ===>> H2,102.472483062488,H1,30.4938941069745,AX,1.49099127121012,L1,0.0167951960538302,L2,-0.057212868...
GetData ===>> H2,143.130920770519,H1,66.1939526857758,AX,4.81454570286628,L1,0.0147173394419676,L2,-0.203015628...
GetData ===>> H2,90.7463452704264,H1,32.0179808069837,AX,2.18635135345595,L1,0.0352363332535013,L2,-0.051431666...
GetData ===>> H2,41.4116920042335,H1,16.4565446642545,AX,0.984061116925499,L1,0.0717135023439451,L2,-0.03174109...
GetData ===>> H2,15.1460874947986,H1,9.06091517583551,AX,0.388678467198847,L1,0.0393865124274978,L2,-0.02142753...
GetData ===>> H2,4.60407503700882,H1,5.49716877131294,AX,0.226666971670492,L1,0.00391448566088202,L2,0.11514412...
GetData ===>> H2,1.3390878844827,H1,3.82773633133342,AX,0.186820988950729,L1,0.00731875508082473,L2,0.049568131...
GetData ===>> H2,0.661605220590795,H1,3.08449388406398,AX,0.0642986965289395,L1,-0.0105234995352064,L2,-0.04289...
GetData ===>> H2,0.639178906629258,H1,2.71695506803098,AX,0.179976638878491,L1,-0.02304906617979,L2,0.082407492...
GetData ===>> H2,0.623159141160051,H1,2.46483303246301,AX,0.0661525409254292,L1,-0.0157589597795286,L2,0.051846...
GetData ===>> H2,0.633986052955439,H1,2.28371443218405,AX,-0.0148126645575254,L1,-0.0145653994822792,L2,-0.0490...
GetData ===>> H2,0.618732234075472,H1,2.25973324690985,AX,-0.000382420187536518,L1,-0.0210683473436353,L2,0.049...
GetData ===>> H2,0.611184636409239,H1,2.257851663879,AX,0.107734273782962,L1,-0.0122641607980988,L2,-0.05250144...
GetData ===>> H2,0.522503703957858,H1,2.29587607710002,AX,0.115709611613054,L1,-0.0188811998764316,L2,0.0533505...
GetData ===>> H2,0.408318405734332,H1,2.1840150930452,AX,0.0262565114845987,L1,-0.0320519884294811,L2,-0.021313...
GetData ===>> H2,0.379542496397471,H1,2.25445042945915,AX,0.0394626564435024,L1,-0.0209030702230571,L2,0.105021...
GetData ===>> H2,0.320226153078504,H1,2.29828927557529,AX,-0.0277099147819208,L1,0.00331178913281563,L2,-0.1489...
GetData ===>> H2,0.301791160592788,H1,2.25430569861447,AX,0.0537092870638737,L1,0.0134458832995777,L2,0.0155556...
GetData ===>> H2,0.203544042264955,H1,2.16675735377836,AX,0.132172403113133,L1,0.0152115713517445,L2,0.02177401...
GetData ===>> H2,0.270581897117769,H1,2.33304571225192,AX,0.185753702722044,L1,0.00404175288608062,L2,-0.071163...
Peak center failed to move to a baseline position
_do_sweep sm= 5.86601536705, em= 5.89601536705, stm= 0.001
calculated step values: start=5.86601536705, end=5.89601536705, width=0.001, nsteps=31.0
setting magnet DAC
current  : 5.866015
requested: 5.866015
Delta Dac: 0.000000
Checking detector protection. dv=0.00000
Checking detector "CDD". Protection Threshold: 0.1 (V)
SetMagnetDAC 5.86601536705 ===>> OK
GetData ===>> H2,0.270581897117769,H1,2.33304571225192,AX,0.185753702722044,L1,0.00404175288608062,L2,-0.071163...
setting magnet DAC
current  : 5.866015
requested: 5.867050
Delta Dac: 0.001034
Checking detector protection. dv=0.00103
Checking detector "CDD". Protection Threshold: 0.1 (V)
SetMagnetDAC 5.86704984981 ===>> OK
Magnet settling time: 1.049
GetData ===>> H2,0.00471405783873047,H1,4.52365523221199,AX,0.333521591769822,L1,-0.0255274091597168,L2,-0.0373...
setting magnet DAC
current  : 5.867050
requested: 5.868084
Delta Dac: 0.001034
Checking detector protection. dv=0.00103
Checking detector "CDD". Protection Threshold: 0.1 (V)
SetMagnetDAC 5.86808433257 ===>> OK
Magnet settling time: 1.049
GetData ===>> H2,0.108131579767806,H1,13.4119952671592,AX,0.988372414643654,L1,-0.0267555789209495,L2,-0.091096...
setting magnet DAC
current  : 5.868084
requested: 5.869119
Delta Dac: 0.001034
Checking detector protection. dv=0.00103
Checking detector "CDD". Protection Threshold: 0.1 (V)
SetMagnetDAC 5.86911881532 ===>> OK
Magnet settling time: 1.049
GetData ===>> H2,0.0072437388721782,H1,48.2526487167249,AX,2.93349209512496,L1,0.0238261342742125,L2,-0.1433659...
setting magnet DAC
current  : 5.869119
requested: 5.870153
Delta Dac: 0.001034
Checking detector protection. dv=0.00103
Checking detector "CDD". Protection Threshold: 0.1 (V)
SetMagnetDAC 5.87015329808 ===>> OK
Magnet settling time: 1.049
GetData ===>> H2,0.0947231736752564,H1,161.278946496683,AX,9.13757098457405,L1,0.015861787141653,L2,-0.12764451...
setting magnet DAC
current  : 5.870153
requested: 5.871188
Delta Dac: 0.001034
Checking detector protection. dv=0.00103
Checking detector "CDD". Protection Threshold: 0.1 (V)
SetMagnetDAC 5.87118778084 ===>> OK
Magnet settling time: 1.049
GetData ===>> H2,0.215571804517772,H1,447.709838903215,AX,26.7380338578903,L1,0.113893022087919,L2,0.0566090718...
setting magnet DAC
current  : 5.871188
requested: 5.872222
Delta Dac: 0.001034
Checking detector protection. dv=0.00103
Checking detector "CDD". Protection Threshold: 0.1 (V)
SetMagnetDAC 5.8722222636 ===>> OK
Magnet settling time: 1.049
GetData ===>> H2,-0.0276592841908523,H1,916.71393399484,AX,60.7138506662486,L1,0.388717590688954,L2,0.018835597...
setting magnet DAC
current  : 5.872222
requested: 5.873257
Delta Dac: 0.001034
Checking detector protection. dv=0.00103
Checking detector "CDD". Protection Threshold: 0.1 (V)
SetMagnetDAC 5.87325674636 ===>> OK
Magnet settling time: 1.049
GetData ===>> H2,0.0553004890275931,H1,1410.51950421649,AX,102.8137426597,L1,0.897731380757788,L2,0.05891059176...
setting magnet DAC
current  : 5.873257
requested: 5.874291
Delta Dac: 0.001034
Checking detector protection. dv=0.00103
Checking detector "CDD". Protection Threshold: 0.1 (V)
SetMagnetDAC 5.87429122912 ===>> OK
Magnet settling time: 1.049
GetData ===>> H2,0.00739880207102773,H1,1755.03131536008,AX,137.932112361737,L1,1.36263720920714,L2,0.177091665...
setting magnet DAC
current  : 5.874291
requested: 5.875326
Delta Dac: 0.001034
Checking detector protection. dv=0.00103
Checking detector "CDD". Protection Threshold: 0.1 (V)
SetMagnetDAC 5.87532571188 ===>> OK
Magnet settling time: 1.049
GetData ===>> H2,-0.0253874745531008,H1,1957.36782483113,AX,165.098330401131,L1,1.97029931011369,L2,0.259400646...
setting magnet DAC
current  : 5.875326
requested: 5.876360
Delta Dac: 0.001034
Checking detector protection. dv=0.00103
Checking detector "CDD". Protection Threshold: 0.1 (V)
SetMagnetDAC 5.87636019463 ===>> OK
Magnet settling time: 1.049
GetData ===>> H2,0.0222678368520113,H1,1986.79806005949,AX,170.079865736904,L1,2.19714204783389,L2,0.4327839475...
setting magnet DAC
current  : 5.876360
requested: 5.877395
Delta Dac: 0.001034
Checking detector protection. dv=0.00103
Checking detector "CDD". Protection Threshold: 0.1 (V)
SetMagnetDAC 5.87739467739 ===>> OK
Magnet settling time: 1.049
GetData ===>> H2,-0.0582031665079856,H1,1994.50549707407,AX,171.393023718975,L1,2.34118587609526,L2,0.364810665...
setting magnet DAC
current  : 5.877395
requested: 5.878429
Delta Dac: 0.001034
Checking detector protection. dv=0.00103
Checking detector "CDD". Protection Threshold: 0.1 (V)
SetMagnetDAC 5.87842916015 ===>> OK
Magnet settling time: 1.049
GetData ===>> H2,-0.157342194932131,H1,1996.34322871163,AX,171.475442266029,L1,2.40301443483335,L2,0.5103798548...
setting magnet DAC
current  : 5.878429
requested: 5.879464
Delta Dac: 0.001034
Checking detector protection. dv=0.00103
Checking detector "CDD". Protection Threshold: 0.1 (V)
SetMagnetDAC 5.87946364291 ===>> OK
Magnet settling time: 1.049
GetData ===>> H2,-0.0708024416528307,H1,1996.02438114677,AX,171.55709263006,L1,2.45817083763548,L2,0.4656009293...
setting magnet DAC
current  : 5.879464
requested: 5.880498
Delta Dac: 0.001034
Checking detector protection. dv=0.00103
Checking detector "CDD". Protection Threshold: 0.1 (V)
SetMagnetDAC 5.88049812567 ===>> OK
Magnet settling time: 1.049
GetData ===>> H2,-0.0218951945008724,H1,1995.63092016095,AX,171.488742860789,L1,2.50658602981389,L2,0.377771628...
setting magnet DAC
current  : 5.880498
requested: 5.881533
Delta Dac: 0.001034
Checking detector protection. dv=0.00103
Checking detector "CDD". Protection Threshold: 0.1 (V)
SetMagnetDAC 5.88153260843 ===>> OK
Magnet settling time: 1.049
GetData ===>> H2,-0.219535627687822,H1,1995.37904177527,AX,171.610848211415,L1,2.55046908246922,L2,0.4414838067...
setting magnet DAC
current  : 5.881533
requested: 5.882567
Delta Dac: 0.001034
Checking detector protection. dv=0.00103
Checking detector "CDD". Protection Threshold: 0.1 (V)
SetMagnetDAC 5.88256709119 ===>> OK
Magnet settling time: 1.049
GetData ===>> H2,-0.16026235859207,H1,1994.93663283253,AX,171.665318008605,L1,2.55139601700985,L2,0.45591681028...
setting magnet DAC
current  : 5.882567
requested: 5.883602
Delta Dac: 0.001034
Checking detector protection. dv=0.00103
Checking detector "CDD". Protection Threshold: 0.1 (V)
SetMagnetDAC 5.88360157394 ===>> OK
Magnet settling time: 1.049
GetData ===>> H2,0.00579658390347257,H1,1993.30919993268,AX,171.46436644253,L1,2.56579078148157,L2,0.5464466581...
setting magnet DAC
current  : 5.883602
requested: 5.884636
Delta Dac: 0.001034
Checking detector protection. dv=0.00103
Checking detector "CDD". Protection Threshold: 0.1 (V)
SetMagnetDAC 5.8846360567 ===>> OK
Magnet settling time: 1.049
GetData ===>> H2,-0.0833983961222737,H1,1989.54073947375,AX,170.346282658036,L1,2.51301647846883,L2,0.475857112...
setting magnet DAC
current  : 5.884636
requested: 5.885671
Delta Dac: 0.001034
Checking detector protection. dv=0.00103
Checking detector "CDD". Protection Threshold: 0.1 (V)
SetMagnetDAC 5.88567053946 ===>> OK
Magnet settling time: 1.049
GetData ===>> H2,-0.0733487785772904,H1,1979.08848643661,AX,168.54693200066,L1,2.47821639884873,L2,0.4790781000...
setting magnet DAC
current  : 5.885671
requested: 5.886705
Delta Dac: 0.001034
Checking detector protection. dv=0.00103
Checking detector "CDD". Protection Threshold: 0.1 (V)
SetMagnetDAC 5.88670502222 ===>> OK
Magnet settling time: 1.049
GetData ===>> H2,-0.12061870291015,H1,1916.21800828961,AX,158.91273523703,L1,2.33871354827144,L2,0.471379890898...
setting magnet DAC
current  : 5.886705
requested: 5.887740
Delta Dac: 0.001034
Checking detector protection. dv=0.00103
Checking detector "CDD". Protection Threshold: 0.1 (V)
SetMagnetDAC 5.88773950498 ===>> OK
Magnet settling time: 1.049
GetData ===>> H2,-0.211408203864873,H1,1736.92727153107,AX,134.231485184197,L1,2.04247061528313,L2,0.2889283858...
setting magnet DAC
current  : 5.887740
requested: 5.888774
Delta Dac: 0.001034
Checking detector protection. dv=0.00103
Checking detector "CDD". Protection Threshold: 0.1 (V)
SetMagnetDAC 5.88877398774 ===>> OK
Magnet settling time: 1.049
GetData ===>> H2,-0.256680169145067,H1,1343.33915325369,AX,91.8669866575259,L1,1.59434286461154,L2,0.1572440152...
setting magnet DAC
current  : 5.888774
requested: 5.889808
Delta Dac: 0.001034
Checking detector protection. dv=0.00103
Checking detector "CDD". Protection Threshold: 0.1 (V)
SetMagnetDAC 5.8898084705 ===>> OK
Magnet settling time: 1.049
GetData ===>> H2,-0.322963668856602,H1,816.456884855671,AX,48.3439809351245,L1,1.0950221450217,L2,0.05519628507...
setting magnet DAC
current  : 5.889808
requested: 5.890843
Delta Dac: 0.001034
Checking detector protection. dv=0.00103
Checking detector "CDD". Protection Threshold: 0.1 (V)
SetMagnetDAC 5.89084295325 ===>> OK
Magnet settling time: 1.049
GetData ===>> H2,-0.334330029681037,H1,386.484563470375,AX,19.3444899813842,L1,0.671940745556258,L2,0.141961847...
setting magnet DAC
current  : 5.890843
requested: 5.891877
Delta Dac: 0.001034
Checking detector protection. dv=0.00103
Checking detector "CDD". Protection Threshold: 0.1 (V)
SetMagnetDAC 5.89187743601 ===>> OK
Magnet settling time: 1.049
GetData ===>> H2,-0.288715488424537,H1,142.37969848509,AX,5.81931255704898,L1,0.437118455164573,L2,-0.014710595...
setting magnet DAC
current  : 5.891877
requested: 5.892912
Delta Dac: 0.001034
Checking detector protection. dv=0.00103
Checking detector "CDD". Protection Threshold: 0.1 (V)
SetMagnetDAC 5.89291191877 ===>> OK
Magnet settling time: 1.049
GetData ===>> H2,-0.262364485099869,H1,41.9787698844026,AX,1.41940290615526,L1,0.25223494430943,L2,-0.080857534...
setting magnet DAC
current  : 5.892912
requested: 5.893946
Delta Dac: 0.001034
Checking detector protection. dv=0.00103
Checking detector "CDD". Protection Threshold: 0.1 (V)
SetMagnetDAC 5.89394640153 ===>> OK
Magnet settling time: 1.049
GetData ===>> H2,-0.261200978816559,H1,10.3644866256863,AX,0.0638584136713952,L1,0.150036440043535,L2,0.1876787...
setting magnet DAC
current  : 5.893946
requested: 5.894981
Delta Dac: 0.001034
Checking detector protection. dv=0.00103
Checking detector "CDD". Protection Threshold: 0.1 (V)
SetMagnetDAC 5.89498088429 ===>> OK
Magnet settling time: 1.049
GetData ===>> H2,-0.303552795619859,H1,2.28593430599353,AX,-0.140094139814003,L1,0.0882402906612972,L2,0.010977...
setting magnet DAC
current  : 5.894981
requested: 5.896015
Delta Dac: 0.001034
Checking detector protection. dv=0.00103
Checking detector "CDD". Protection Threshold: 0.1 (V)
SetMagnetDAC 5.89601536705 ===>> OK
Magnet settling time: 1.049
GetData ===>> H2,-0.33995942593618,H1,0.404100561386378,AX,-0.163120585426947,L1,0.0274191104613653,L2,0.040112...
result of _do_sweep=True
result of _calculate_peak_center=([5.873440216747424, 5.8809251866873034, 5.8884101566271827], [1471.6202963733122, 1996.333644115492, 1481.7654353332971], 5.8784602568275846, 1996.333644115492)
Failed to find a valid peak. No peak greater than 1.0. max = 0.752061323045
new center pos Detector(H1) (Ar40) @ 5.88092518669
GetHighVoltage ===>> 4499.94659342336
GetDeflection H1 ===>> 0
dac uncorrected for HV and deflection 5.88095981911
update mftable H1 Ar40 5.88095981911 message=automated run peakcenter
get initial guess parabolic
get initial guess parabolic
get initial guess parabolic
get initial guess parabolic
get initial guess parabolic
get initial guess parabolic
dump mftable to /Users/jan/PychronDev/setupfiles/spectrometer/mftables/mftable.csv
add to repo msg=modified - automated run peakcenter
locally archiving mftable
setting magnet DAC
current  : 5.896015
requested: 5.880925
Delta Dac: 0.015090
Checking detector protection. dv=0.01509
Checking detector "CDD". Protection Threshold: 0.1 (V)
SetMagnetDAC 5.88092518669 ===>> OK
Magnet settling time: 0.500
sweep finished
setting integration time = 1.048576
SetIntegrationTime 1.048576 ===>> OK
Failed to find a valid peak. No peak greater than 1.0. max = 0.752061323045
flush and close file /Users/jan/PychronDev/data/isotopes/b2/d9a4ee-d675-4d05-bf3b-dd3194e50ea7.h5
finished measure script
executed snippet estimated_duration=226.132928, duration=273.719964027
jan_unknown120_60.py completed successfully
Measurement Finished
11:09:32 -- ******* Measurement Finished *******
Post Measurement Started jan_pump_ms.py
11:09:32 -- ******* Post Measurement Started jan_pump_ms.py *******
testing...
no interpolation path defined
executed snippet estimated_duration=0, duration=2.8133392334e-05
Pumping spectrometer
open () {'name': 'O'}
opening name=O desc=---
checking ownership. requestor=129.138.12.150
check software interlocks O
interlocks []
actuate state mode=None-script, software_lock=False
doing actuation None-script open_channel True
Open O ===>> OK
GetIndicatorState O ===>> OK
change switch state (True, True)
update switch state O True args=() kw={} ncanvase=8
11:09:32 -- OPEN   VALVE-O (Jan Ion Pump)
---------------------------------------- open O () result=[(True, True)], time=0.12 sec
action=open, ok=True, locked=[False]
executed snippet estimated_duration=0, duration=0.367368936539
jan_pump_ms.py completed successfully
setting _ms_pumptime
Post Measurement Finished
11:09:32 -- ******* Post Measurement Finished *******
$$$$$$$$$$$$$$$$$$$$ state at run end measurement
state changed from measurement to success
post measurement save measured=True aborted=False
Set filtering
setting fod for Ar40= {'filter_outliers': True, 'std_devs': 2, 'iterations': 1}
setting fod for H1= {'filter_outliers': True, 'std_devs': 2, 'iterations': 1}
setting fod for PM41= {'filter_outliers': False, 'std_devs': 2, 'iterations': 1}
setting fod for H2= {'filter_outliers': True, 'std_devs': 2, 'iterations': 1}
setting fod for Ar36= {'filter_outliers': True, 'std_devs': 2, 'iterations': 1}
setting fod for CDD= {'filter_outliers': True, 'std_devs': 10, 'iterations': 1}
setting fod for Ar37= {'filter_outliers': True, 'std_devs': 2, 'iterations': 1}
setting fod for L2= {'filter_outliers': True, 'std_devs': 2, 'iterations': 1}
setting fod for Ar38= {'filter_outliers': True, 'std_devs': 2, 'iterations': 1}
setting fod for L1= {'filter_outliers': True, 'std_devs': 2, 'iterations': 1}
setting fod for Ar39= {'filter_outliers': True, 'std_devs': 2, 'iterations': 1}
setting fod for AX= {'filter_outliers': True, 'std_devs': 2, 'iterations': 1}
persistence save...
persistence save - db
post measurement save
9663909424 connecting to database sqlite:////Users/jan/PychronDev/.appdata/local_lab.db
connected to db sqlite:////Users/jan/PychronDev/.appdata/local_lab.db
create new session 9663909424
close session 9663909424
No database instance. Not saving post measurement to isotopedb database
$$$$$$$$$$$$$$$ auto_save_detector_ic=False
massspec enabled True
create new session 6484677072
MassSpec Database Version: 16.0
close session 6484677072
saving post measurement to secondary database
saving to massspec database 129.138.12.160/massspecdata
setting labnumber to 65475
setting aliquot to 11
setting step to 
setting uuid to b2d9a4ee-d675-4d05-bf3b-dd3194e50ea7
setting irradpos to 65475
setting extract_device to Fusions CO2
setting tray to 
setting position to 101
setting power_requested to 5.0
setting extract_value to 5.0
setting duration to 30.0
setting duration_at_request to 30.0
setting first_stage_delay to 30.0
setting cleanup to 30.0
setting comment to P:7
setting irradiation to NM-288
setting level to P
setting irradiation_level to P
setting sample to Goat Mtn
setting material to Sanidine
setting project to IR989
setting mass_spectrometer to Jan
no attribute chron_dosages
no attribute production_ratios
no attribute interference_corrections
no attribute production_name
no attribute j
Reference Isotope=Ar40
Reference Detector=H1
%%%%%%%%%%%%%%%%%%%% Comment: P:7 %%%%%%%%%%%%%%%%%%%
adding isotope PM41 H2
add baseline dbdet= PM41. original det= H2
get baseline data PM41 H2
Get data baseline <pychron.processing.isotope.Baseline object at 0x2255f5e50> len t=60
baseline PM41. v=-0.194358667734, e=0.00862330555124
get signal data PM41 H2
Get data signal PM41 0.17+/-0.08 len t=120
adding isotope Ar40 H1
add baseline dbdet= Ar40. original det= H1
get baseline data Ar40 H1
Get data baseline <pychron.processing.isotope.Baseline object at 0x2255d7090> len t=60
baseline Ar40. v=0.00230320042353, e=0.00656639524151
get signal data Ar40 H1
Get data signal Ar40 2201.49+/-0.13 len t=120
adding isotope Ar39 AX
add baseline dbdet= Ar39. original det= AX
get baseline data Ar39 AX
Get data baseline <pychron.processing.isotope.Baseline object at 0x2255d7250> len t=60
baseline Ar39. v=-0.0961683545404, e=0.00670173801783
get signal data Ar39 AX
Get data signal Ar39 188.499+/-0.026 len t=120
adding isotope Ar38 L1
add baseline dbdet= Ar38. original det= L1
get baseline data Ar38 L1
Get data baseline <pychron.processing.isotope.Baseline object at 0x2255d7410> len t=60
baseline Ar38. v=-0.0307554969905, e=0.00306247026187
get signal data Ar38 L1
Get data signal Ar38 2.818+/-0.005 len t=120
adding isotope Ar37 L2
add baseline dbdet= Ar37. original det= L2
get baseline data Ar37 L2
Get data baseline <pychron.processing.isotope.Baseline object at 0x2255d75d0> len t=60
baseline Ar37. v=-0.0083337537753, e=0.00594903559892
get signal data Ar37 L2
Get data signal Ar37 0.477+/-0.012 len t=120
adding isotope Ar36 CDD
add baseline dbdet= Ar36. original det= CDD
get baseline data Ar36 CDD
Get data baseline <pychron.processing.isotope.Baseline object at 0x2255d7790> len t=60
baseline Ar36. v=0.000411860981544, e=3.09213969567e-05
get signal data Ar36 CDD
Get data signal Ar36 0.8091+/-0.0019 len t=120
65475-11 added analysis time 0.496969938278s
analysis added to mass spec database
mass spec save time= 0.512
persistence save - dvc
================= post measurement started
create new session 4992585168
close session 4992585168
---------------- Experiment Queue saving disabled
DVC saving peakcenter
Failed to find a valid peak. No peak greater than 1.0. max = 0.752061323045
Smart pull ahead: 0 behind: 0
Up-to-date with origin
add to repo msg=modified - ad8224ebc6dbfeb9f5997218dfa5fe690569839d.json
add to repo msg=modified - 75-11.json
add to repo msg=modified - 75-11.dat.json
add to repo msg=modified - 75-11.blan.json
add to repo msg=modified - 75-11.inte.json
add to repo msg=modified - 75-11.icfa.json
add to repo msg=modified - 75-11.base.json
not at valid file /Users/jan/PychronDev/data/.dvc/repositories/Load1795/654/tags/75-11.tags.json
add to repo msg=modified - 75-11.peak.json
add to repo msg=modified - 75-11.extr.json
not at valid file /Users/jan/PychronDev/data/.dvc/repositories/Load1795/654/monitor/75-11.moni.json
commit message=<COLLECTION>
add to repo msg=modified - 75-11.inte.json
add to repo msg=modified - 75-11.base.json
commit message=<ISOEVO> default collection fits
add to repo msg=modified - 75-11.blan.json
commit message=<BLANKS> preceding bc-02-J-398
add to repo msg=modified - 75-11.icfa.json
commit message=<ICFactor> default
push repository <pychron.git_archive.repo_manager.GitRepoManager object at 0x2414a2a10>
pushing to remote=origin, url=https://github.com
no changes to meta repo
create new session 4992585168
add association Load1795
get identifier "65475"
setting analysis irradiation position=<pychron.dvc.dvc_orm.IrradiationPositionTbl object at 0x23c856150>
close session 4992585168
================= post measurement finished
11:09:45 -- ******* Post Run Check *******
loading queue conditionals post_run_actions
loading system conditionals post_run_actions
loading conditionals from /Users/jan/PychronDev/setupfiles/spectrometer/default_conditionals.yaml
loading queue conditionals post_run_terminations
loading system conditionals post_run_terminations
loading conditionals from /Users/jan/PychronDev/setupfiles/spectrometer/default_conditionals.yaml
Checking default post run terminations n=1
GetDeflection CDD ===>> 50
testing CDD==2000
evaluate ot="CDD.deflection==2000" t="CDD==2000", ctx="{'CDD': 50.0}"
11:09:45 -- ******* Post Run Check Passed *******
11:09:45 -- Automated run 65475-11 success duration: 373.203 s
----------------- finish -----------------
----------------- stop -----------------
retroactive repository identifiers disabled
finish run. runs completed=176
update duration runid=65475-11, duration=373.202740192, md5=301e91d8
loading script "jan_unknown120_60.py"
loading script "jan_pump_ms.py"
loading script "jan_co2.py"
loading script "jan_pump_extraction_line.py"
testing...
no interpolation path defined
executed snippet estimated_duration=213.652928, duration=0.000355958938599
script duration name:unknown120_60 seconds:214.0
loading script "jan_unknown120_60.py"
loading script "jan_pump_ms.py"
loading script "jan_co2.py"
loading script "jan_pump_extraction_line.py"
testing...
no interpolation path defined
executed snippet estimated_duration=0, duration=2.59876251221e-05
loading script "jan_unknown120_60.py"
loading script "jan_pump_ms.py"
loading script "jan_co2.py"
loading script "jan_pump_extraction_line.py"
testing...
no interpolation path defined
calculate duration
testing...
no interpolation path defined
executed snippet estimated_duration=0, duration=5.29289245605e-05
calculate duration
testing...
no interpolation path defined
executed snippet estimated_duration=0, duration=0.000126123428345
executed snippet estimated_duration=0.0, duration=0.00289487838745
script duration name:co2 seconds:0.0
loading script "jan_unknown120_60.py"
loading script "jan_pump_ms.py"
loading script "jan_co2.py"
loading script "jan_pump_extraction_line.py"
testing...
no interpolation path defined
calculate duration
testing...
no interpolation path defined
executed snippet estimated_duration=4.0, duration=0.000159025192261
executed snippet estimated_duration=4.0, duration=0.00137901306152
Script duration 214.0
Run total estimated duration= 215.000
unknown120_60 in script context. using previous estimated duration
script duration name:unknown120_60 seconds:214.0
pump_ms in script context. using previous estimated duration
co2 in script context. using previous estimated duration
script duration name:co2 seconds:0.0
pump_extraction_line in script context. using previous estimated duration
Script duration 214.0
Run total estimated duration= 215.000
script duration name:unknown120_60 seconds:214.0
script duration name:co2 seconds:0.0
Script duration 214.0
Run total estimated duration= 215.000
script duration name:unknown120_60 seconds:214.0
script duration name:co2 seconds:0.0
Script duration 214.0
Run total estimated duration= 215.000
script duration name:unknown120_60 seconds:214.0
script duration name:co2 seconds:0.0
Script duration 214.0
Run total estimated duration= 215.000
loading script "jan_unknown400_120.py"
loading script "jan_pump_ms.py"
loading script "jan_cocktail_x1.py"
loading script "jan_pump_extraction_line.py"
testing...
no interpolation path defined
executed snippet estimated_duration=556.052928, duration=0.000209093093872
script duration name:unknown400_120 seconds:556.0
loading script "jan_unknown400_120.py"
loading script "jan_pump_ms.py"
loading script "jan_cocktail_x1.py"
loading script "jan_pump_extraction_line.py"
testing...
no interpolation path defined
calculate duration
testing...
no interpolation path defined
executed snippet estimated_duration=0, duration=5.29289245605e-05
calculate duration
testing...
no interpolation path defined
executed snippet estimated_duration=0, duration=0.000110149383545
calculate duration
testing...
no interpolation path defined
executed snippet estimated_duration=32.0, duration=0.000101089477539
calculate duration
testing...
no interpolation path defined
executed snippet estimated_duration=34.0, duration=0.000114917755127
calculate duration
testing...
no interpolation path defined
executed snippet estimated_duration=4.0, duration=9.98973846436e-05
calculate duration
testing...
no interpolation path defined
executed snippet estimated_duration=38.0, duration=0.000154972076416
executed snippet estimated_duration=108.0, duration=0.0109939575195
script duration name:cocktail_x1 seconds:108.0
Script duration 664.0
Run total estimated duration= 665.000
loading script "jan_ic_peak_hop3.py"
loading script "jan_pump_ms.py"
loading script "jan_air_x1.py"
loading script "jan_pump_extraction_line.py"
testing...
no interpolation path defined
executed snippet estimated_duration=133.8, duration=0.0079619884491
script duration name:ic_peak_hop3 seconds:134.0
loading script "jan_ic_peak_hop3.py"
loading script "jan_pump_ms.py"
loading script "jan_air_x1.py"
loading script "jan_pump_extraction_line.py"
testing...
no interpolation path defined
calculate duration
testing...
no interpolation path defined
executed snippet estimated_duration=0, duration=6.103515625e-05
calculate duration
testing...
no interpolation path defined
executed snippet estimated_duration=0, duration=0.0001540184021
calculate duration
testing...
no interpolation path defined
executed snippet estimated_duration=32.0, duration=9.29832458496e-05
calculate duration
testing...
no interpolation path defined
executed snippet estimated_duration=34.0, duration=0.000125885009766
calculate duration
testing...
no interpolation path defined
executed snippet estimated_duration=4.0, duration=6.8187713623e-05
calculate duration
testing...
no interpolation path defined
executed snippet estimated_duration=36.0, duration=0.000128030776978
executed snippet estimated_duration=106.0, duration=0.00871801376343
script duration name:air_x1 seconds:106.0
Script duration 240.0
Run total estimated duration= 241.000
script duration name:unknown120_60 seconds:214.0
script duration name:co2 seconds:0.0
Script duration 214.0
Run total estimated duration= 215.000
script duration name:unknown120_60 seconds:214.0
script duration name:co2 seconds:0.0
Script duration 214.0
Run total estimated duration= 215.000
script duration name:unknown120_60 seconds:214.0
script duration name:co2 seconds:0.0
Script duration 214.0
Run total estimated duration= 215.000
script duration name:unknown120_60 seconds:214.0
script duration name:co2 seconds:0.0
Script duration 214.0
Run total estimated duration= 215.000
script duration name:unknown120_60 seconds:214.0
script duration name:co2 seconds:0.0
Script duration 214.0
Run total estimated duration= 215.000
script duration name:unknown120_60 seconds:214.0
script duration name:co2 seconds:0.0
Script duration 214.0
Run total estimated duration= 215.000
script duration name:unknown120_60 seconds:214.0
script duration name:co2 seconds:0.0
Script duration 214.0
Run total estimated duration= 215.000
script duration name:unknown120_60 seconds:214.0
script duration name:co2 seconds:0.0
Script duration 214.0
Run total estimated duration= 215.000
script duration name:unknown120_60 seconds:214.0
script duration name:co2 seconds:0.0
Script duration 214.0
Run total estimated duration= 215.000
script duration name:unknown120_60 seconds:214.0
script duration name:co2 seconds:0.0
Script duration 214.0
Run total estimated duration= 215.000
script duration name:unknown120_60 seconds:214.0
script duration name:co2 seconds:0.0
Script duration 214.0
Run total estimated duration= 215.000
nruns=18 before=0.0, run_dur=4346.0, btw=765.0
write rem/ex queues
/Users/jan/PychronDev/experiments/rem/CurrentExperiment.rem.txt
/Users/jan/PychronDev/experiments/rem/CurrentExperiment.ex.txt
doing event level: 3
