do run
loading script "jan_unknown120_60.py"
loading script "jan_pump_ms.py"
loading script "jan_co2.py"
loading script "jan_pump_extraction_line.py"
testing...
no interpolation path defined
executed snippet estimated_duration=213.652928, duration=0.000226974487305
script duration name:unknown120_60 seconds:214.0
loading script "jan_unknown120_60.py"
loading script "jan_pump_ms.py"
loading script "jan_co2.py"
loading script "jan_pump_extraction_line.py"
testing...
no interpolation path defined
executed snippet estimated_duration=0, duration=2.78949737549e-05
loading script "jan_unknown120_60.py"
loading script "jan_pump_ms.py"
loading script "jan_co2.py"
loading script "jan_pump_extraction_line.py"
testing...
no interpolation path defined
calculate duration
testing...
no interpolation path defined
executed snippet estimated_duration=0, duration=5.29289245605e-05
calculate duration
testing...
no interpolation path defined
executed snippet estimated_duration=0, duration=9.89437103271e-05
executed snippet estimated_duration=0.0, duration=0.00259900093079
script duration name:co2 seconds:0.0
loading script "jan_unknown120_60.py"
loading script "jan_pump_ms.py"
loading script "jan_co2.py"
loading script "jan_pump_extraction_line.py"
testing...
no interpolation path defined
calculate duration
testing...
no interpolation path defined
executed snippet estimated_duration=4.0, duration=0.000185012817383
executed snippet estimated_duration=4.0, duration=0.0013370513916
Script duration 214.0
Run total estimated duration= 215.000
run duration: 0:03:35
doing event level: 2
12:17:43 -- Setting default integration. t=1.048576
setting integration time = 1.048576
SetIntegrationTime 1.048576 ===>> OK
----------------- start -----------------
**************** Experiment Type: Ar/Ar, Ar/Ar
create new session 4419438256
close session 4419438256
$$$$$ Clearing conditionals
adding conditionals 
Add queue conditionals
add default conditionals
adding default conditionals from /Users/jan/PychronDev/setupfiles/spectrometer/default_conditionals.yaml
Start automated run 65475-18
loading script "jan_unknown120_60.py"
loading script "jan_pump_ms.py"
loading script "jan_co2.py"
loading script "jan_pump_extraction_line.py"
%%%%%%%%%%%%%%%%%% setting automated run 65475-18
No value "sensitivity_multiplier" in metadata
$$$$$$$$$$$$$$$ auto_save_detector_ic=False
============================= Pre Extraction Check =============================
loading queue conditionals pre_run_terminations
loading system conditionals pre_run_terminations
loading conditionals from /Users/jan/PychronDev/setupfiles/spectrometer/default_conditionals.yaml
12:17:43 -- ******* Pre Extraction Check *******
Get a measurement from the spectrometer
GetData ===>> H2,-0.0607161239779384,H1,0.0499667889006574,AX,0.0350178575722498,L1,-0.00365022209286276,L2,0.0...
Pre Extraction Termination data. keys=H2,H1,AX,L1,L2,CDD, signals=-0.06072,0.04997,0.03502,-0.00365,0.08260,0.00432
12:17:43 -- testing system defined conditionals
Checking default pre extraction terminations n=2
testing CDD
evaluate ot="CDD.inactive" t="CDD", ctx="{'CDD': False}"
GetDeflection CDD ===>> 50
testing CDD==2000
evaluate ot="CDD.deflection==2000" t="CDD==2000", ctx="{'CDD': 50.0}"
12:17:43 -- ******* Pre Extraction Check Passed *******
=================================================================================
12:17:43 -- stopping status monitor
stop 6901184944
Alive clients [5025639504, 5288834736, 4992986192]
12:17:43 -- starting status monitor
start 6901184944
Monitor already running
start extraction
do extraction
Analysis started at 12:17:43.791816
Extraction Started jan_co2.py
12:17:43 -- ******* Extraction Started jan_co2.py *******
state changed from not run to extraction
DO EXTRACTION <pychron.extraction_line.pyscript_runner.RemotePyScriptRunner object at 0x12bfe48f0>
testing...
no interpolation path defined
calculate duration
testing...
no interpolation path defined
executed snippet estimated_duration=0, duration=5.00679016113e-05
calculate duration
testing...
no interpolation path defined
executed snippet estimated_duration=0, duration=0.000101089477539
executed snippet estimated_duration=100.0, duration=0.00275707244873
Jan CO2 laser analysis
doing GOSUB
testing...
no interpolation path defined
executed snippet estimated_duration=0, duration=4.6968460083e-05
Waiting for CO2 access
wait ('FelixCO2Flag', 0) {}
waiting for FelixCO2Flag = 0
Read FelixCO2Flag ===>> 0
finished waiting
CO2 free
wait ('CO2PumpTimeFlag', 0) {}
waiting for CO2PumpTimeFlag = 0
Read CO2PumpTimeFlag ===>> 0
finished waiting
acquire ('JanCO2Flag',) {'clear': True}
acquire JanCO2Flag
Set JanCO2Flag 1 ===>> OK
JanCO2Flag acquired
set extraction state False (0.75, 'red', 1.5)
CO2 acquired
executed snippet estimated_duration=0, duration=0.0229051113129
WaitForCO2Access.py completed successfully
gosub finished
doing GOSUB
testing...
no interpolation path defined
executed snippet estimated_duration=0, duration=9.79900360107e-05
Prepare for CO2 analysis
close () {'description': 'Jan Inlet'}
closing name=--- desc=Jan Inlet
checking ownership. requestor=129.138.12.150
check software interlocks R
interlocks []
actuate state mode=None-script, software_lock=False
doing actuation None-script close_channel False
Close R ===>> OK
GetIndicatorState R ===>> False
change switch state (True, True)
update switch state R False args=() kw={} ncanvase=8
12:17:44 -- CLOSE  VALVE-R (Jan Inlet)
---------------------------------------- close None (Jan Inlet) result=[(True, True)]
action=close, ok=True, locked=[False]
open () {'description': 'Jan Ion Pump'}
opening name=--- desc=Jan Ion Pump
checking ownership. requestor=129.138.12.150
check software interlocks O
interlocks []
actuate state mode=None-script, software_lock=False
doing actuation None-script open_channel False
Open O ===>> OK
GetIndicatorState O ===>> OK
change switch state (True, True)
update switch state O True args=() kw={} ncanvase=8
12:17:44 -- OPEN   VALVE-O (Jan Ion Pump)
---------------------------------------- open None (Jan Ion Pump) result=[(True, True)], time=0.10 sec
action=open, ok=True, locked=[False]
close () {'description': 'Microbone to Minibone'}
closing name=--- desc=Microbone to Minibone
checking ownership. requestor=129.138.12.150
check software interlocks L
interlocks []
actuate state mode=None-script, software_lock=False
doing actuation None-script close_channel False
Close L ===>> OK
GetIndicatorState L ===>> False
change switch state (True, True)
update switch state L False args=() kw={} ncanvase=8
12:17:45 -- CLOSE  VALVE-L (Microbone to Minibone)
---------------------------------------- close None (Microbone to Minibone) result=[(True, True)]
action=close, ok=True, locked=[False]
open () {'description': 'Microbone to Turbo'}
opening name=--- desc=Microbone to Turbo
checking ownership. requestor=129.138.12.150
check software interlocks U
interlocks []
actuate state mode=None-script, software_lock=False
doing actuation None-script open_channel False
Open U ===>> OK
GetIndicatorState U ===>> OK
change switch state (True, True)
update switch state U True args=() kw={} ncanvase=8
12:17:45 -- OPEN   VALVE-U (Microbone to Turbo)
---------------------------------------- open None (Microbone to Turbo) result=[(True, True)], time=0.18 sec
action=open, ok=True, locked=[False]
open () {'description': 'Microbone to Inlet Pipette'}
opening name=--- desc=Microbone to Inlet Pipette
checking ownership. requestor=129.138.12.150
check software interlocks S
interlocks []
actuate state mode=None-script, software_lock=False
doing actuation None-script open_channel False
Open S ===>> OK
GetIndicatorState S ===>> OK
change switch state (True, True)
update switch state S True args=() kw={} ncanvase=8
12:17:46 -- OPEN   VALVE-S (Microbone to Inlet Pipette)
---------------------------------------- open None (Microbone to Inlet Pipette) result=[(True, True)], time=0.44 sec
action=open, ok=True, locked=[False]
open () {'description': 'Microbone to Getter D-50'}
opening name=--- desc=Microbone to Getter D-50
checking ownership. requestor=129.138.12.150
check software interlocks K
interlocks []
actuate state mode=None-script, software_lock=False
doing actuation None-script open_channel False
Open K ===>> OK
GetIndicatorState K ===>> OK
change switch state (True, True)
update switch state K True args=() kw={} ncanvase=8
12:17:47 -- OPEN   VALVE-K (Microbone to Getter D-50)
---------------------------------------- open None (Microbone to Getter D-50) result=[(True, True)], time=0.44 sec
action=open, ok=True, locked=[False]
open () {'description': 'Microbone to Getter NP-10'}
opening name=--- desc=Microbone to Getter NP-10
checking ownership. requestor=129.138.12.150
check software interlocks M
interlocks []
actuate state mode=None-script, software_lock=False
doing actuation None-script open_channel False
Open M ===>> OK
GetIndicatorState M ===>> OK
change switch state (True, True)
update switch state M True args=() kw={} ncanvase=8
12:17:47 -- OPEN   VALVE-M (Microbone to Getter NP-10)
---------------------------------------- open None (Microbone to Getter NP-10) result=[(True, True)], time=0.16 sec
action=open, ok=True, locked=[False]
close () {'description': 'CO2 Laser to Felix'}
closing name=--- desc=CO2 Laser to Felix
checking ownership. requestor=129.138.12.150
check software interlocks F
interlocks []
actuate state mode=None-script, software_lock=True
VALVE-F(CO2 Laser to Felix) software locked
change switch state (True, False)
---------------------------------------- close None (CO2 Laser to Felix) result=[(True, False)]
action=close, ok=True, locked=[True]
open () {'description': 'CO2 Laser to Jan'}
opening name=--- desc=CO2 Laser to Jan
checking ownership. requestor=129.138.12.150
check software interlocks A
interlocks []
actuate state mode=None-script, software_lock=False
doing actuation None-script open_channel False
Open A ===>> OK
GetIndicatorState A ===>> OK
change switch state (True, True)
update switch state A True args=() kw={} ncanvase=8
12:17:48 -- OPEN   VALVE-A (CO2 Laser to Jan)
---------------------------------------- open None (CO2 Laser to Jan) result=[(True, True)], time=0.15 sec
action=open, ok=True, locked=[False]
open () {'description': 'Microbone to CO2 Laser'}
opening name=--- desc=Microbone to CO2 Laser
checking ownership. requestor=129.138.12.150
check software interlocks T
interlocks []
actuate state mode=None-script, software_lock=False
doing actuation None-script open_channel False
Open T ===>> OK
GetIndicatorState T ===>> OK
change switch state (True, True)
update switch state T True args=() kw={} ncanvase=8
12:17:48 -- OPEN   VALVE-T (Microbone to CO2 Laser)
---------------------------------------- open None (Microbone to CO2 Laser) result=[(True, True)], time=0.45 sec
action=open, ok=True, locked=[False]
executed snippet estimated_duration=0, duration=5.17778897285
PrepareForCO2Analysis.py completed successfully
gosub finished
set_motor ('beam', '1.25') {}
setting motor "beam" to 1.25
set motor beam to 1.25
SetMotor beam,1.25 ===>> OK
GetMotorMoving beam ===>> False
GetMotorMoving beam ===>> False
Block completed
move_to_position ('108',) {'autocenter': True}
FusionsCO2 move to position 108
sending GoToHole 108,True
GoToHole 108,True ===>> OK
GetDriveMoving ===>> OK
GetDriveMoving ===>> OK
GetDriveMoving ===>> OK
GetDriveMoving ===>> OK
GetDriveMoving ===>> OK
GetDriveMoving ===>> OK
GetDriveMoving ===>> False
GetDriveMoving ===>> OK
GetDriveMoving ===>> OK
GetDriveMoving ===>> OK
GetDriveMoving ===>> OK
GetDriveMoving ===>> OK
GetDriveMoving ===>> False
Block completed
GetAutoCorrecting ===>> False
GetAutoCorrecting ===>> False
Block completed
update position
GetPosition ===>> -5.98170,0.00000,1.00000
got position (-5.9817, 0.0, 1.0)
move to position succeeded
sleep (5,) {}
SLEEP 5.0
block started
WaitControl setup for 5.0  
Join finished
block finished. duration 5.04767608643
close () {'description': 'Microbone to Turbo'}
closing name=--- desc=Microbone to Turbo
checking ownership. requestor=129.138.12.150
check software interlocks U
interlocks []
actuate state mode=None-script, software_lock=False
doing actuation None-script close_channel True
Close U ===>> OK
GetIndicatorState U ===>> False
change switch state (True, True)
update switch state U False args=() kw={} ncanvase=8
12:18:00 -- CLOSE  VALVE-U (Microbone to Turbo)
---------------------------------------- close None (Microbone to Turbo) result=[(True, True)]
action=close, ok=True, locked=[False]
enable laser
enable () {}
set extraction state FusionsCO2 Enabled (False, 'red', 1.5)
enabling laser
Enable ===>> OK
begin interval
BEGIN INTERVAL Interval 1 waiting for 30.0
block started
set extract to 5.0
WaitControl setup for 30.0  
extract (5.0,) {}
GetPosition ===>> -5.98170,0.00000,1.00000
set extraction state FusionsCO2 ON! 5.0(watts) (0.75, 'red', 1.5)
extract sample to 5.0 (watts)
set laser output
SetLaserOutput 5.0,watts ===>> OK
executing pattern triangle.lp
execute_pattern ('triangle.lp',) {}
executing pattern triangle.lp
IsPatterning ===>> OK
IsPatterning ===>> OK
IsPatterning ===>> OK
IsPatterning ===>> OK
IsPatterning ===>> OK
IsPatterning ===>> OK
IsPatterning ===>> OK
IsPatterning ===>> OK
IsPatterning ===>> OK
IsPatterning ===>> OK
IsPatterning ===>> OK
IsPatterning ===>> OK
IsPatterning ===>> OK
IsPatterning ===>> OK
IsPatterning ===>> OK
IsPatterning ===>> OK
IsPatterning ===>> OK
IsPatterning ===>> OK
IsPatterning ===>> OK
IsPatterning ===>> OK
IsPatterning ===>> OK
IsPatterning ===>> OK
IsPatterning ===>> OK
IsPatterning ===>> OK
IsPatterning ===>> OK
IsPatterning ===>> OK
IsPatterning ===>> False
IsPatterning ===>> False
Block completed
COMPLETE INTERVAL waiting for Interval 1 to complete
Join finished
block finished. duration 30.1560511589
Interval 1 finished
end_extract () {}
ending extraction. set laser power to 0
set laser power 0
SetLaserPower 0 ===>> OK
disable () {}
%%%%%%%%%%%%%%%%%%%%%%%%%%%%%%%%%%% disable
set extraction state False (0.75, 'red', 1.5)
disabling laser
Disable ===>> OK
sleep (30.0,) {}
SLEEP 30.0
block started
WaitControl setup for 30.0  
Join finished
block finished. duration 30.1270740032
executed snippet estimated_duration=166.5, duration=77.9040999413
jan_co2.py completed successfully
GetAchievedOutput ===>> No Response
Requested Output= 0.000
Achieved Output=  0.000
GetResponseBlob ===>> No Response
GetOutputBlob ===>> No Response
persistence save...
persistence save - db
AutomatedRunPersister post_extraction_save deprecated
persistence save - dvc
no extraction position for 108
create new session 4992585168
close session 4992585168
Extraction Finished
12:19:01 -- ******* Extraction Finished *******
no overlap. not waiting for min ms pumptime
12:19:01 -- Sending spectrometer configuration
======== Sending configuration ========
SetDeflection CDD,50.0 ===>> OK
SetDeflection H2,0.0 ===>> OK
SetDeflection H1,0.0 ===>> OK
SetDeflection L2,825.0 ===>> OK
SetDeflection L1,400.0 ===>> OK
SetDeflection AX,190.0 ===>> OK
SetZFocus 74.64 ===>> OK
SetZSymmetry -50.72 ===>> OK
SetExtractionLens 26.13 ===>> OK
SetIonRepeller -3.81 ===>> OK
SetElectronEnergy 75.08 ===>> OK
SetYSymmetry -2.81 ===>> OK
SetIonCounterVoltage 1590.0 ===>> OK
send trap current 200.0
GetParameter Trap Current Readback ===>> 198.035158395898
SetParameter Trap Current Set,200.0 ===>> OK
updating mftable name mftable
Using mftable located at /Users/jan/PychronDev/setupfiles/spectrometer/mftables/mftable.csv
============ MFtable ===========
Isotope  H2     H1     AX     L1     L2     CDD    
Ar40     5.8275 5.8810 5.9942 6.1674 6.2326 6.3957
Ar39     5.7268 5.7733 5.8866 6.0535 6.1177 6.2822
Ar36     5.4043 5.4423 5.5500 5.7124 5.7727 5.9333
================================
get initial guess parabolic
get initial guess parabolic
get initial guess parabolic
get initial guess parabolic
get initial guess parabolic
get initial guess parabolic
======== Configuration Finished ========
GetYSymmetry ===>> -2.81
GetZSymmetry ===>> -50.72
GetParameter Trap Current Readback ===>> 198.147042666178
GetHighVoltage ===>> 4499.94659342336
start measurement
do measurement
L#=65475 analysis type=unknown
Measurement Started jan_unknown120_60.py
12:19:01 -- ******* Measurement Started jan_unknown120_60.py *******
state changed from extraction to measurement
setting spec, defl, and gains
GetExtractionLens ===>> 26.13
GetYSymmetry ===>> -2.81
GetZSymmetry ===>> -50.72
GetZFocus ===>> 74.64
GetDeflection H2 ===>> 0
GetDeflection H1 ===>> 0
GetDeflection AX ===>> 190
GetDeflection L1 ===>> 400
GetDeflection L2 ===>> 825
GetDeflection CDD ===>> 50
GetGain H2 ===>> 0.0113
GetGain H1 ===>> 0.1
GetGain AX ===>> 0.097049
GetGain L1 ===>> 0.010355
GetGain L2 ===>> 0.095649
GetGain CDD ===>> 0
pre measurement save
New frame /Users/jan/PychronDev/data/isotopes/b8/16ffdd-f118-4c23-bf08-26432f069a56.h5
flush and close file /Users/jan/PychronDev/data/isotopes/b8/16ffdd-f118-4c23-bf08-26432f069a56.h5
testing...
no interpolation path defined
executed snippet estimated_duration=226.132928, duration=0.000202178955078
unknown measurement script
activate_detectors ('H2', 'H1', 'AX', 'L1', 'L2', 'CDD') {}
activate detectors
*************** Set Analysis View Ar/Ar
create graphs
clearing graphs
clear isotope group
setting isotope det=H2, iso=PM41
setting isotope det=H1, iso=Ar40
setting isotope det=AX, iso=Ar39
setting isotope det=L1, iso=Ar38
setting isotope det=L2, iso=Ar37
setting isotope det=CDD, iso=Ar36
setting previous blanks
 - setting Ar40 blank 0.225+/-0.008
 - setting Ar36 blank 0.00481+/-0.00019
 - setting Ar37 blank 0.055+/-0.005
 - setting Ar38 blank 0.0089+/-0.0022
 - setting PM41 blank 0.04+/-0.07
 - setting Ar39 blank 0.034+/-0.009
load analysis view
position_magnet ('Ar40',) {'detector': 'H1'}
detector Detector(H1)
POSITION Ar40 H1
setting detector H2 to PM41 (40.9624)
setting detector H1 to Ar40 (39.9624)
setting detector AX to Ar39 (38.9624)
setting detector L1 to Ar38 (37.9624)
setting detector L2 to Ar37 (36.9624)
setting detector CDD to Ar36 (35.9624)
Mapping mass to dac mass func: "parabolic"
H1 map mass coeffs = [-0.00063987  0.15840543  0.57263999]
H1 map mass to dac 39.9624 >> 5.88103
GetDeflection H1 ===>> 0
GetHighVoltage ===>> 4499.94659342336
positioning Ar40 (5.88099536717) on H1
setting magnet DAC
current  : 5.880994
requested: 5.880995
Delta Dac: 0.000002
Checking detector protection. dv=0.00000
Checking detector "CDD". Protection Threshold: 0.1 (V)
SetMagnetDAC 5.88099536717 ===>> OK
Magnet settling time: 0.500
equilibrate () {'delay': 3, 'inlet': 'R', 'outlet': 'O', 'eqtime': 12.0}
Equilibration Started
12:19:03 -- ******* Equilibration Started *******
checking ownership. requestor=129.138.12.150
check software interlocks O
interlocks []
actuate state mode=None-script, software_lock=False
doing actuation None-script close_channel True
Close O ===>> OK
update labels <pychron.experiment.plot_panel.PlotPanel object at 0x249a339b0>
update labels "<pychron.graph.stacked_regression_graph.StackedRegressionGraph object at 0x24e25d8f0>"
setting label 0 H2 PM41
setting label 1 H1 Ar40
setting label 2 AX Ar39
setting label 3 L1 Ar38
setting label 4 L2 Ar37
setting label 5 CDD Ar36
update labels "<pychron.graph.stacked_graph.StackedGraph object at 0x24e211cb0>"
setting label 0 H2 PM41
setting label 1 H1 Ar40
setting label 2 AX Ar39
setting label 3 L1 Ar38
setting label 4 L2 Ar37
setting label 5 CDD Ar36
GetIndicatorState O ===>> False
change switch state (True, True)
update switch state O False args=() kw={} ncanvase=8
12:19:03 -- CLOSE  VALVE-O (Jan Ion Pump)
waiting 3s before opening inlet value ('R',)
checking ownership. requestor=129.138.12.150
check software interlocks R
interlocks []
actuate state mode=None-script, software_lock=False
doing actuation None-script open_channel True
Open R ===>> OK
GetIndicatorState R ===>> OK
change switch state (True, True)
update switch state R True args=() kw={} ncanvase=8
12:19:07 -- OPEN   VALVE-R (Jan Inlet)
set_time_zero () {}
equilibrating for 12.0sec
sniff (12.0,) {}
py_sniff
build tables- sniff [Detector(H2), Detector(H1), Detector(AX), Detector(L1), Detector(L2), Detector(CDD)]
add group /sniff/PM41 (Group) '' table H2
add group /sniff/Ar40 (Group) '' table H1
add group /sniff/Ar39 (Group) '' table AX
add group /sniff/Ar38 (Group) '' table L1
add group /sniff/Ar37 (Group) '' table L2
add group /sniff/Ar36 (Group) '' table CDD
flush and close file /Users/jan/PychronDev/data/isotopes/b8/16ffdd-f118-4c23-bf08-26432f069a56.h5
measuring sniff. ncounts=12.0
"sniff" increment series count="1" fit count="0" regressing="False"
starting measurement
check iteration duration=1.69277191162e-05
GetData ===>> H2,-0.188019186924396,H1,0.13210383316824,AX,0.00858536086916885,L1,-0.0448953730679423,L2,0.0142...
check iteration duration=4.6968460083e-05
GetData ===>> H2,0.515830530974716,H1,387.584904243281,AX,36.0945376299931,L1,0.162672053213811,L2,0.4142631127...
check iteration duration=1.78813934326e-05
GetData ===>> H2,0.981585933142044,H1,1190.89754311033,AX,105.51688996147,L1,0.916704507062498,L2,0.58323596688...
check iteration duration=1.90734863281e-05
GetData ===>> H2,0.439884977064934,H1,1479.07203414281,AX,127.442682072208,L1,1.4294878945149,L2,0.596535263644...
check iteration duration=3.69548797607e-05
GetData ===>> H2,0.166513121434937,H1,1575.3307346082,AX,133.746513916919,L1,1.67869146713838,L2,0.542263310824...
check iteration duration=4.07695770264e-05
GetData ===>> H2,0.231340737356731,H1,1612.72687913245,AX,136.096224893418,L1,1.86285456433733,L2,0.50875739607...
check iteration duration=3.09944152832e-05
GetData ===>> H2,0.221545092621571,H1,1627.89363663444,AX,137.162767001069,L1,1.94856246032911,L2,0.49463630834...
check iteration duration=4.6968460083e-05
GetData ===>> H2,0.178690305118235,H1,1634.48107457099,AX,137.699536713693,L1,2.00887494140745,L2,0.39174654077...
check iteration duration=1.50203704834e-05
GetData ===>> H2,0.272420607163959,H1,1637.43007705506,AX,137.95497284823,L1,2.0207339059982,L2,0.3910840327662...
check iteration duration=4.00543212891e-05
GetData ===>> H2,0.190021868596401,H1,1638.97461722554,AX,137.792078299093,L1,2.05359417722064,L2,0.47606270413...
check iteration duration=2.88486480713e-05
GetData ===>> H2,0.12111278743329,H1,1638.18092214905,AX,137.887615824709,L1,2.0751070872254,L2,0.5169842309065...
check iteration duration=1.50203704834e-05
GetData ===>> H2,0.0688219856544029,H1,1638.06579706026,AX,137.676284748534,L1,2.09168773328462,L2,0.4409448427...
Equilibration Finished
12:19:19 -- ******* Equilibration Finished *******
checking ownership. requestor=129.138.12.150
check software interlocks R
interlocks []
actuate state mode=None-script, software_lock=False
doing actuation None-script close_channel True
Close R ===>> OK
set states for children of R. state=False
handle state [('R', False)]
update switch state R False args=() kw={'refresh': False} ncanvase=8
refresh_canvas_needed fired
GetIndicatorState R ===>> False
change switch state (True, True)
update switch state R False args=() kw={} ncanvase=8
12:19:20 -- CLOSE  VALVE-R (Jan Inlet)
Post Equilibration Started jan_pump_extraction_line.py
12:19:20 -- ******* Post Equilibration Started jan_pump_extraction_line.py *******
testing...
no interpolation path defined
calculate duration
testing...
no interpolation path defined
executed snippet estimated_duration=4.0, duration=0.000146865844727
executed snippet estimated_duration=4.0, duration=0.00132083892822
Pump after analysis
doing GOSUB
testing...
no interpolation path defined
executed snippet estimated_duration=4.0, duration=0.000154972076416
Pump Microbone
close () {'description': 'Jan Inlet'}
closing name=--- desc=Jan Inlet
checking ownership. requestor=129.138.12.150
check software interlocks R
interlocks []
actuate state mode=None-script, software_lock=False
doing actuation None-script close_channel False
check iteration duration=1.71661376953e-05
waiting for write to finish
measurement finished
estimated time: 12.583 actual time: :12.727
flush and close file /Users/jan/PychronDev/data/isotopes/b8/16ffdd-f118-4c23-bf08-26432f069a56.h5
set_fits () {}
using default fits file=/Users/jan/PychronDev/scripts/measurement/fits/nominal_linear.yaml
set "Ar40" to "('Linear', 'SEM')"
No fit for "PM41". defaulting to linear. check the measurement script "jan_unknown120_60.py"
set "PM41" to "linear"
set "Ar36" to "('Linear', 'SEM')"
set "Ar37" to "('linear', 'SEM')"
set "Ar38" to "('linear', 'SEM')"
set "Ar39" to "('Linear', 'SEM')"
set_baseline_fits () {}
using default fits file=/Users/jan/PychronDev/scripts/measurement/fits/nominal_linear.yaml
Close R ===>> OK
set "H1" to "('average', 'SEM')"
set "H2" to "('average', 'SEM')"
set "CDD" to "('average', 'SEM')"
set "L2" to "('average', 'SEM')"
set "L1" to "('average', 'SEM')"
set "AX" to "('average', 'SEM')"
multicollect () {'integration_time': 1, 'ncounts': 120}
build tables- signal [Detector(H2), Detector(H1), Detector(AX), Detector(L1), Detector(L2), Detector(CDD)]
add group /signal/PM41 (Group) '' table H2
add group /signal/Ar40 (Group) '' table H1
add group /signal/Ar39 (Group) '' table AX
add group /signal/Ar38 (Group) '' table L1
add group /signal/Ar37 (Group) '' table L2
add group /signal/Ar36 (Group) '' table CDD
flush and close file /Users/jan/PychronDev/data/isotopes/b8/16ffdd-f118-4c23-bf08-26432f069a56.h5
measuring signal. ncounts=120
GetIndicatorState R ===>> False
change switch state (True, True)
update switch state R False args=() kw={} ncanvase=8
12:19:20 -- CLOSE  VALVE-R (Jan Inlet)
---------------------------------------- close None (Jan Inlet) result=[(True, True)]
action=close, ok=True, locked=[False]
is_closed ('F',) {}
is F () closed?
is closed True
open () {'description': 'CO2 Laser to Jan'}
opening name=--- desc=CO2 Laser to Jan
checking ownership. requestor=129.138.12.150
check software interlocks A
interlocks []
actuate state mode=None-script, software_lock=False
doing actuation None-script open_channel False
Open A ===>> OK
GetIndicatorState A ===>> OK
"signal" increment series count="2" fit count="1" regressing="True"
change switch state (True, True)
update switch state A True args=() kw={} ncanvase=8
12:19:20 -- OPEN   VALVE-A (CO2 Laser to Jan)
---------------------------------------- open None (CO2 Laser to Jan) result=[(True, True)], time=0.14 sec
starting measurement
check iteration duration=0.000102043151855
GetData ===>> H2,0.15510375260686,H1,1638.10915703219,AX,137.776213528503,L1,2.13234303758575,L2,0.448734292449...
action=open, ok=True, locked=[False]
sleep (1,) {}
SLEEP 1.0
check iteration duration=3.50475311279e-05
GetData ===>> H2,0.200259081751508,H1,1638.58395844093,AX,137.860605354565,L1,2.17259438843468,L2,0.45636216694...
close () {'description': 'CO2 Laser to Roughing'}
closing name=--- desc=CO2 Laser to Roughing
checking ownership. requestor=129.138.12.150
check software interlocks G
interlocks []
actuate state mode=None-script, software_lock=True
VALVE-G(CO2 Laser to Roughing) software locked
change switch state (True, False)
---------------------------------------- close None (CO2 Laser to Roughing) result=[(True, False)]
action=close, ok=True, locked=[True]
open () {'description': 'Microbone to Turbo'}
opening name=--- desc=Microbone to Turbo
checking ownership. requestor=129.138.12.150
check software interlocks U
interlocks []
actuate state mode=None-script, software_lock=False
doing actuation None-script open_channel True
Open U ===>> OK
GetIndicatorState U ===>> OK
change switch state (True, True)
update switch state U True args=() kw={} ncanvase=8
12:19:22 -- OPEN   VALVE-U (Microbone to Turbo)
---------------------------------------- open None (Microbone to Turbo) result=[(True, True)], time=0.25 sec
action=open, ok=True, locked=[False]
open () {'description': 'Microbone to Getter NP-10'}
opening name=--- desc=Microbone to Getter NP-10
checking ownership. requestor=129.138.12.150
check software interlocks M
interlocks []
actuate state mode=None-script, software_lock=False
doing actuation None-script open_channel False
Open M ===>> OK
GetIndicatorState M ===>> OK
change switch state (True, True)
update switch state M True args=() kw={} ncanvase=8
12:19:22 -- OPEN   VALVE-M (Microbone to Getter NP-10)
---------------------------------------- open None (Microbone to Getter NP-10) result=[(True, True)], time=0.16 sec
check iteration duration=4.10079956055e-05
GetData ===>> H2,0.0547606137886181,H1,1637.84680110217,AX,137.749616728601,L1,2.10323311540388,L2,0.4992517102...
action=open, ok=True, locked=[False]
open () {'description': 'Microbone to Getter D-50'}
opening name=--- desc=Microbone to Getter D-50
checking ownership. requestor=129.138.12.150
check software interlocks K
interlocks []
actuate state mode=None-script, software_lock=False
doing actuation None-script open_channel False
Open K ===>> OK
GetIndicatorState K ===>> OK
change switch state (True, True)
update switch state K True args=() kw={} ncanvase=8
12:19:23 -- OPEN   VALVE-K (Microbone to Getter D-50)
---------------------------------------- open None (Microbone to Getter D-50) result=[(True, True)], time=0.43 sec
action=open, ok=True, locked=[False]
open () {'description': 'Microbone to CO2 Laser'}
opening name=--- desc=Microbone to CO2 Laser
checking ownership. requestor=129.138.12.150
check software interlocks T
interlocks []
actuate state mode=None-script, software_lock=False
doing actuation None-script open_channel False
Open T ===>> OK
check iteration duration=3.50475311279e-05
GetData ===>> H2,0.0163688469030436,H1,1636.80075107336,AX,137.640363491544,L1,2.06782789556283,L2,0.5100827828...
GetIndicatorState T ===>> OK
change switch state (True, True)
update switch state T True args=() kw={} ncanvase=8
12:19:24 -- OPEN   VALVE-T (Microbone to CO2 Laser)
---------------------------------------- open None (Microbone to CO2 Laser) result=[(True, True)], time=0.46 sec
action=open, ok=True, locked=[False]
open () {'description': 'Microbone to Inlet Pipette'}
opening name=--- desc=Microbone to Inlet Pipette
checking ownership. requestor=129.138.12.150
check software interlocks S
interlocks []
actuate state mode=None-script, software_lock=False
doing actuation None-script open_channel False
Open S ===>> OK
GetIndicatorState S ===>> OK
change switch state (True, True)
update switch state S True args=() kw={} ncanvase=8
12:19:24 -- OPEN   VALVE-S (Microbone to Inlet Pipette)
---------------------------------------- open None (Microbone to Inlet Pipette) result=[(True, True)], time=0.42 sec
action=open, ok=True, locked=[False]
sleep (1,) {}
SLEEP 1.0
testing H1>-5.0
evaluate ot="H1.bs>-5.0" t="H1>-5.0", ctx="{'H1': None}"
check iteration duration=0.0190050601959
GetData ===>> H2,0.0286034597842327,H1,1635.77647738583,AX,137.63769050005,L1,2.07116249663799,L2,0.44494341890...
set_resource () {'name': 'CO2PumpTimeFlag', 'value': 30}
Set CO2PumpTimeFlag 30 ===>> OK
release ('JanCO2Flag',) {}
release JanCO2Flag
Set JanCO2Flag 0 ===>> OK
executed snippet estimated_duration=6.0, duration=6.15656495094
PumpMicrobone.py completed successfully
gosub finished
get_resource_value () {'name': 'JanMiniboneFlag'}
Read JanMiniboneFlag ===>> 0
Get Resource Value JanMiniboneFlag=0.0
get resource value 0.0
get_resource_value () {'name': 'JanMiniboneFlag'}
Read JanMiniboneFlag ===>> 0
Get Resource Value JanMiniboneFlag=0.0
executed snippet estimated_duration=4.0, duration=6.1682369709
jan_pump_extraction_line.py completed successfully
Post Equilibration Finished
12:19:26 -- ******* Post Equilibration Finished *******
check iteration duration=6.103515625e-05
GetData ===>> H2,0.0674870195961699,H1,1634.77218384529,AX,137.530762998343,L1,2.10508551089121,L2,0.4832472695...
check iteration duration=8.51154327393e-05
GetData ===>> H2,0.0283992432255018,H1,1634.62520166746,AX,137.618386838134,L1,2.10836174653645,L2,0.4639678076...
check iteration duration=3.91006469727e-05
GetData ===>> H2,-0.0554484069987558,H1,1634.02272767558,AX,137.546641802632,L1,2.04423457163668,L2,0.408390701...
check iteration duration=5.88893890381e-05
GetData ===>> H2,-0.0573216824499867,H1,1633.64597338849,AX,137.17146878336,L1,2.01622996938052,L2,0.4930826586...
testing H1>-5.0
evaluate ot="H1.bs>-5.0" t="H1>-5.0", ctx="{'H1': None}"
check iteration duration=0.000596046447754
GetData ===>> H2,-0.0604666269859923,H1,1632.46239378413,AX,137.181456618708,L1,2.00784705213464,L2,0.503787358...
check iteration duration=8.51154327393e-05
GetData ===>> H2,-0.0613683158251749,H1,1632.09306866772,AX,137.22188634559,L1,2.0477593605589,L2,0.37397463652...
check iteration duration=8.6784362793e-05
GetData ===>> H2,-0.029505475391054,H1,1631.65888440533,AX,137.19546037843,L1,2.10303305395084,L2,0.35393380139...
check iteration duration=8.70227813721e-05
GetData ===>> H2,-0.0977929848597371,H1,1630.92514615589,AX,137.300044792939,L1,2.09190234042126,L2,0.415554177...
check iteration duration=8.20159912109e-05
GetData ===>> H2,-0.166962923539197,H1,1630.19683928973,AX,137.189289084429,L1,2.05520249744595,L2,0.4534845142...
testing H1>-5.0
evaluate ot="H1.bs>-5.0" t="H1>-5.0", ctx="{'H1': None}"
check iteration duration=0.000585079193115
GetData ===>> H2,-0.131577300427672,H1,1629.86283509777,AX,137.109458770822,L1,2.07889415302111,L2,0.4895184986...
check iteration duration=8.20159912109e-05
GetData ===>> H2,-0.191557043243312,H1,1629.30841676748,AX,136.969685276263,L1,2.04501423724348,L2,0.4341451528...
check iteration duration=5.60283660889e-05
GetData ===>> H2,-0.0835040488057988,H1,1628.52052504191,AX,136.959783669829,L1,2.02704433089488,L2,0.475879955...
check iteration duration=9.82284545898e-05
GetData ===>> H2,0.0455008129995157,H1,1627.9842932791,AX,136.807172485902,L1,2.0374895066535,L2,0.485052062104...
check iteration duration=7.60555267334e-05
GetData ===>> H2,0.0295333719920701,H1,1627.36372637898,AX,136.946305786502,L1,2.07752218564884,L2,0.4412991254...
testing H1>-5.0
evaluate ot="H1.bs>-5.0" t="H1>-5.0", ctx="{'H1': None}"
check iteration duration=0.000586986541748
GetData ===>> H2,-0.0964686017544062,H1,1626.54833123021,AX,136.878142662268,L1,2.06614774189778,L2,0.470260618...
check iteration duration=7.5101852417e-05
GetData ===>> H2,-0.169744323327538,H1,1625.74952438702,AX,136.808733212142,L1,2.01365277778771,L2,0.4570815936...
check iteration duration=3.60012054443e-05
GetData ===>> H2,-0.166784761126883,H1,1624.9187354153,AX,136.550389382625,L1,1.98774845341285,L2,0.46293998314...
check iteration duration=7.20024108887e-05
GetData ===>> H2,-0.0253806801849886,H1,1624.59226461061,AX,136.604080982308,L1,2.02295006635466,L2,0.493002692...
check iteration duration=3.79085540771e-05
GetData ===>> H2,-0.0151164510430571,H1,1624.50790541659,AX,136.411310717041,L1,1.9996425375771,L2,0.5147789128...
testing H1>-5.0
evaluate ot="H1.bs>-5.0" t="H1>-5.0", ctx="{'H1': None}"
check iteration duration=0.00140810012817
12:19:46 -- collecting point 25
GetData ===>> H2,-0.0546371464636543,H1,1623.35657306639,AX,136.33966391604,L1,2.02236133490523,L2,0.4546492680...
check iteration duration=6.22272491455e-05
GetData ===>> H2,0.012511626133302,H1,1623.4737146004,AX,136.43552219347,L1,2.00087865857145,L2,0.4266831912315...
check iteration duration=6.79492950439e-05
GetData ===>> H2,-0.0434353202499925,H1,1622.79970758669,AX,136.428773406456,L1,1.97854878179836,L2,0.378451566...
check iteration duration=6.29425048828e-05
GetData ===>> H2,-0.0178935275765355,H1,1621.48012250231,AX,136.345422920061,L1,2.0063561884703,L2,0.4313568480...
check iteration duration=6.103515625e-05
GetData ===>> H2,-0.0592651681606448,H1,1620.41273912782,AX,136.083351292922,L1,1.97386585835342,L2,0.469952249...
testing H1>-5.0
evaluate ot="H1.bs>-5.0" t="H1>-5.0", ctx="{'H1': None}"
check iteration duration=0.000648021697998
GetData ===>> H2,-0.0507292625825325,H1,1620.53905178066,AX,136.247854242312,L1,1.97904842827247,L2,0.461957849...
check iteration duration=8.48770141602e-05
GetData ===>> H2,0.014308052409909,H1,1619.78414642556,AX,136.106603855563,L1,1.98905092995145,L2,0.49552738348...
check iteration duration=7.10487365723e-05
GetData ===>> H2,-0.0404379252086043,H1,1618.90790427703,AX,136.036853019419,L1,1.9904471757757,L2,0.3622008517...
check iteration duration=7.5101852417e-05
GetData ===>> H2,-0.0472666797780583,H1,1618.29433532339,AX,135.855133226056,L1,1.99231702354574,L2,0.523463360...
check iteration duration=8.48770141602e-05
GetData ===>> H2,-0.0618170997363027,H1,1617.30200404558,AX,135.929930983425,L1,1.99454727627708,L2,0.494967604...
testing H1>-5.0
evaluate ot="H1.bs>-5.0" t="H1>-5.0", ctx="{'H1': None}"
check iteration duration=0.000586986541748
GetData ===>> H2,-0.0912453988534406,H1,1616.91674574551,AX,135.784709580778,L1,2.01623261025317,L2,0.475742894...
check iteration duration=6.69956207275e-05
GetData ===>> H2,-0.114505740824919,H1,1616.52315118021,AX,135.917862318359,L1,2.02227553584791,L2,0.4012277604...
check iteration duration=4.10079956055e-05
GetData ===>> H2,-0.071248566347851,H1,1615.89888841545,AX,135.894198202849,L1,1.99676874346715,L2,0.4872452735...
check iteration duration=4.10079956055e-05
GetData ===>> H2,-0.0742882573695876,H1,1615.66898269748,AX,135.952818736499,L1,1.98454037474622,L2,0.415268542...
check iteration duration=8.51154327393e-05
GetData ===>> H2,0.00511659323067895,H1,1614.78579181402,AX,135.820941712558,L1,1.97789756143946,L2,0.325586888...
testing H1>-5.0
evaluate ot="H1.bs>-5.0" t="H1>-5.0", ctx="{'H1': None}"
check iteration duration=0.000534057617188
GetData ===>> H2,0.0503839296910457,H1,1614.26839004848,AX,135.69650419247,L1,1.96421630384569,L2,0.34484543649...
check iteration duration=7.89165496826e-05
GetData ===>> H2,-0.0422359141244732,H1,1613.96513084311,AX,135.606802443227,L1,1.99642441323783,L2,0.459411202...
check iteration duration=4.10079956055e-05
GetData ===>> H2,-0.0848598377822747,H1,1613.44841238711,AX,135.711390300962,L1,2.03026561670405,L2,0.455037522...
check iteration duration=9.82284545898e-05
GetData ===>> H2,-0.00821294894685051,H1,1612.56847937952,AX,135.642819016978,L1,2.02267681715112,L2,0.47300171...
check iteration duration=8.01086425781e-05
GetData ===>> H2,-0.0306817738592458,H1,1611.82558906834,AX,135.701269176463,L1,1.97796215445827,L2,0.459856575...
testing H1>-5.0
evaluate ot="H1.bs>-5.0" t="H1>-5.0", ctx="{'H1': None}"
check iteration duration=0.00124597549438
GetData ===>> H2,-0.064112264629502,H1,1611.0477061705,AX,135.84233027557,L1,2.00049099488106,L2,0.505786768030...
check iteration duration=3.60012054443e-05
GetData ===>> H2,-0.0737310866688062,H1,1610.19964162021,AX,135.550097181527,L1,1.97618796092198,L2,0.549509989...
check iteration duration=3.79085540771e-05
GetData ===>> H2,-0.1775609472805,H1,1609.58614105339,AX,135.476985014565,L1,1.97045607176857,L2,0.394213852250...
check iteration duration=7.10487365723e-05
GetData ===>> H2,-0.172653198638762,H1,1609.31614681578,AX,135.526749571953,L1,1.99317425261343,L2,0.3687213627...
check iteration duration=7.29560852051e-05
GetData ===>> H2,-0.147220586111238,H1,1608.37797922093,AX,135.25401226881,L1,1.94665062078966,L2,0.41046999656...
testing H1>-5.0
evaluate ot="H1.bs>-5.0" t="H1>-5.0", ctx="{'H1': None}"
check iteration duration=0.00224089622498
12:20:12 -- collecting point 50
GetData ===>> H2,-0.0452165952726792,H1,1608.30593344486,AX,135.225646696112,L1,1.94617304151809,L2,0.437310662...
check iteration duration=4.81605529785e-05
GetData ===>> H2,-0.105970136067776,H1,1607.18040287574,AX,135.175337206896,L1,1.99126865672213,L2,0.3328583337...
check iteration duration=4.57763671875e-05
GetData ===>> H2,-0.0293030746147299,H1,1606.69414797736,AX,135.339885692382,L1,1.99983124713154,L2,0.488810251...
check iteration duration=9.20295715332e-05
GetData ===>> H2,-0.116109392597493,H1,1606.55069950378,AX,135.173646395028,L1,1.96494308584288,L2,0.3831228723...
check iteration duration=4.31537628174e-05
GetData ===>> H2,-0.131847824742036,H1,1605.44583797991,AX,135.03276045412,L1,1.95979939393819,L2,0.36246349071...
testing H1>-5.0
evaluate ot="H1.bs>-5.0" t="H1>-5.0", ctx="{'H1': None}"
check iteration duration=0.000562906265259
GetData ===>> H2,-0.206726494033456,H1,1604.76272967237,AX,135.070185971795,L1,1.92816119329089,L2,0.4763825143...
check iteration duration=3.79085540771e-05
GetData ===>> H2,-0.0564196730081391,H1,1604.05319074536,AX,134.990901126913,L1,1.90905228901332,L2,0.422878157...
check iteration duration=8.51154327393e-05
GetData ===>> H2,-0.05655124876222,H1,1603.92257457485,AX,134.878209042642,L1,1.97859096743557,L2,0.47882681343...
check iteration duration=8.79764556885e-05
GetData ===>> H2,-0.0390848362489472,H1,1603.27793166486,AX,134.912890431473,L1,2.01586817577857,L2,0.400450950...
check iteration duration=3.88622283936e-05
GetData ===>> H2,-0.0420120290857745,H1,1602.37792627605,AX,134.889225385881,L1,1.9807904482939,L2,0.4267174715...
testing H1>-5.0
evaluate ot="H1.bs>-5.0" t="H1>-5.0", ctx="{'H1': None}"
check iteration duration=0.000581026077271
GetData ===>> H2,-0.0900489800832143,H1,1601.8388210574,AX,134.769586766188,L1,2.02685285301736,L2,0.4670056646...
check iteration duration=8.79764556885e-05
GetData ===>> H2,-0.0720295814438955,H1,1601.17514585065,AX,134.849483611858,L1,1.98388938276581,L2,0.368047594...
check iteration duration=3.91006469727e-05
GetData ===>> H2,-0.152067476429548,H1,1600.20490038173,AX,134.679155908436,L1,1.98588728544259,L2,0.4475581921...
check iteration duration=8.98838043213e-05
GetData ===>> H2,-0.0666074716806621,H1,1600.19803291257,AX,134.699722750507,L1,2.01406202533984,L2,0.420204439...
check iteration duration=7.60555267334e-05
GetData ===>> H2,-0.0971213333709873,H1,1599.67757799932,AX,134.646701632773,L1,1.9812317826244,L2,0.3941681607...
testing H1>-5.0
evaluate ot="H1.bs>-5.0" t="H1>-5.0", ctx="{'H1': None}"
check iteration duration=0.000967979431152
GetData ===>> H2,-0.150619973615997,H1,1599.27617792023,AX,134.576516045326,L1,1.93921633530286,L2,0.4105956696...
check iteration duration=7.91549682617e-05
GetData ===>> H2,-0.0457800658652093,H1,1598.32545468405,AX,134.52525064819,L1,1.93152720255013,L2,0.3275844836...
check iteration duration=4.29153442383e-05
GetData ===>> H2,-0.00892129732606011,H1,1597.77900208184,AX,134.359492480783,L1,1.93996777649616,L2,0.61453742...
check iteration duration=9.98973846436e-05
GetData ===>> H2,0.00848294309472351,H1,1597.07308440864,AX,134.432841182789,L1,1.96809829504915,L2,0.482995971...
check iteration duration=8.29696655273e-05
GetData ===>> H2,-0.0194814831755524,H1,1596.8618934475,AX,134.360217962899,L1,1.97540376846272,L2,0.3714850056...
testing H1>-5.0
evaluate ot="H1.bs>-5.0" t="H1>-5.0", ctx="{'H1': None}"
check iteration duration=0.00193381309509
GetData ===>> H2,-0.155410313362841,H1,1596.35900305279,AX,134.462784559479,L1,2.00671635218906,L2,0.4767251693...
check iteration duration=4.00543212891e-05
GetData ===>> H2,-0.0700932165396185,H1,1595.28200682639,AX,134.260308024995,L1,1.98935679687441,L2,0.522572025...
check iteration duration=7.29560852051e-05
GetData ===>> H2,0.0242340219039827,H1,1594.39266665999,AX,134.315694974162,L1,1.9757727932809,L2,0.41581696277...
check iteration duration=8.29696655273e-05
GetData ===>> H2,0.0684947068429131,H1,1594.05039583873,AX,134.280061739738,L1,1.96531702853381,L2,0.3390457747...
check iteration duration=8.70227813721e-05
GetData ===>> H2,0.013407082089606,H1,1592.90727902717,AX,134.093066382227,L1,1.97913939536288,L2,0.37379190912...
testing H1>-5.0
evaluate ot="H1.bs>-5.0" t="H1>-5.0", ctx="{'H1': None}"
check iteration duration=0.000539064407349
12:20:38 -- collecting point 75
GetData ===>> H2,-0.0398530087774012,H1,1592.17860040511,AX,134.113594690887,L1,1.96854478511448,L2,0.403489683...
check iteration duration=8.9168548584e-05
GetData ===>> H2,-0.0645284085748997,H1,1591.58220167384,AX,134.06981842603,L1,1.9624100889179,L2,0.39788066858...
check iteration duration=8.6784362793e-05
GetData ===>> H2,-0.0259486753783851,H1,1590.54569602776,AX,133.951886565206,L1,1.93120896554353,L2,0.363731019...
check iteration duration=9.20295715332e-05
GetData ===>> H2,-0.0495905677202279,H1,1590.52552372738,AX,134.058344094827,L1,1.9240931113264,L2,0.4324881587...
check iteration duration=8.29696655273e-05
GetData ===>> H2,-0.115595166063771,H1,1589.65072954382,AX,133.846045371413,L1,1.88402737753502,L2,0.4576868297...
testing H1>-5.0
evaluate ot="H1.bs>-5.0" t="H1>-5.0", ctx="{'H1': None}"
check iteration duration=0.000569820404053
GetData ===>> H2,-0.114615364739769,H1,1588.92539176901,AX,133.875417206017,L1,1.90551153746031,L2,0.3956417235...
check iteration duration=6.89029693604e-05
GetData ===>> H2,-0.0677550371108493,H1,1588.92539176901,AX,133.81057119802,L1,1.92656269851209,L2,0.4749091118...
check iteration duration=9.10758972168e-05
GetData ===>> H2,-0.0412412881557947,H1,1588.718467788,AX,133.674815151265,L1,1.96807195401573,L2,0.41254933687...
check iteration duration=4.19616699219e-05
GetData ===>> H2,-0.0788964089800659,H1,1587.83969519645,AX,133.892370926627,L1,2.00372853521357,L2,0.331853768...
check iteration duration=7.00950622559e-05
GetData ===>> H2,-0.111808117767575,H1,1586.55957606659,AX,133.743911445326,L1,1.98324897054772,L2,0.4486201073...
testing H1>-5.0
evaluate ot="H1.bs>-5.0" t="H1>-5.0", ctx="{'H1': None}"
check iteration duration=0.000998020172119
GetData ===>> H2,-0.0988531926092412,H1,1586.69130275026,AX,133.681077700586,L1,1.9398506483219,L2,0.4530734280...
check iteration duration=4.2200088501e-05
GetData ===>> H2,-0.187679365076525,H1,1586.46373434868,AX,133.777179225754,L1,1.96137020111154,L2,0.3944308873...
check iteration duration=7.79628753662e-05
GetData ===>> H2,-0.134028015256993,H1,1585.30717727588,AX,133.601463261073,L1,1.93869785754047,L2,0.3675451256...
check iteration duration=5.79357147217e-05
GetData ===>> H2,-0.0380790762528121,H1,1584.29974528178,AX,133.639475366538,L1,1.94962970808994,L2,0.513499166...
check iteration duration=7.89165496826e-05
GetData ===>> H2,-0.0923617621406202,H1,1584.0816799999,AX,133.574822863419,L1,1.97083415314035,L2,0.4006794234...
testing H1>-5.0
evaluate ot="H1.bs>-5.0" t="H1>-5.0", ctx="{'H1': None}"
check iteration duration=0.000584125518799
GetData ===>> H2,-0.129964438710716,H1,1584.03680188666,AX,133.455203966708,L1,1.98127921064511,L2,0.4695525136...
check iteration duration=6.8187713623e-05
GetData ===>> H2,-0.00177869706205659,H1,1583.19407369767,AX,133.33199541313,L1,1.9419178407164,L2,0.4642647368...
check iteration duration=5.00679016113e-05
GetData ===>> H2,-0.00427068311296603,H1,1582.59526041486,AX,133.323317989588,L1,1.93057514892846,L2,0.47632540...
check iteration duration=4.38690185547e-05
GetData ===>> H2,-0.115156701889377,H1,1581.83189759372,AX,133.454050228869,L1,1.91032387494368,L2,0.3263060182...
check iteration duration=4.10079956055e-05
GetData ===>> H2,-0.0420011739417538,H1,1581.22741520711,AX,133.342078499883,L1,1.88670890159305,L2,0.487336658...
testing H1>-5.0
evaluate ot="H1.bs>-5.0" t="H1>-5.0", ctx="{'H1': None}"
check iteration duration=0.000650882720947
GetData ===>> H2,-0.134375562746801,H1,1580.68855242783,AX,133.314051429124,L1,1.93401292301361,L2,0.4986005138...
check iteration duration=8.29696655273e-05
GetData ===>> H2,-0.0905110321545331,H1,1580.16159601741,AX,133.206898438916,L1,1.9255729572284,L2,0.4156455810...
check iteration duration=8.48770141602e-05
GetData ===>> H2,-0.0360347074268702,H1,1579.48993942813,AX,133.180897576041,L1,1.97660314415048,L2,0.419998772...
check iteration duration=4.41074371338e-05
GetData ===>> H2,-0.138499340851681,H1,1579.17321673798,AX,133.00717810913,L1,1.96881874664822,L2,0.45115504915...
check iteration duration=8.20159912109e-05
GetData ===>> H2,-0.140229529129631,H1,1578.11297123419,AX,133.099062440591,L1,1.94404852455549,L2,0.3558063856...
testing H1>-5.0
evaluate ot="H1.bs>-5.0" t="H1>-5.0", ctx="{'H1': None}"
check iteration duration=0.000592947006226
12:21:05 -- collecting point 100
GetData ===>> H2,-0.14077421347436,H1,1577.98297470385,AX,133.179823248939,L1,1.95334021632395,L2,0.40803654019...
check iteration duration=7.20024108887e-05
GetData ===>> H2,-0.0645595848701664,H1,1576.67836079347,AX,132.947037597385,L1,1.96975395495157,L2,0.336499971...
check iteration duration=8.70227813721e-05
GetData ===>> H2,-0.0873759487214686,H1,1576.40344152547,AX,132.843594214234,L1,1.94172583631923,L2,0.449624941...
check iteration duration=8.79764556885e-05
GetData ===>> H2,-0.0928413311478622,H1,1575.7223618089,AX,132.782815836412,L1,1.96294060102226,L2,0.3789997765...
check iteration duration=9.20295715332e-05
GetData ===>> H2,-0.0975126835204354,H1,1575.44939316383,AX,132.788414698583,L1,1.97465653092275,L2,0.444098485...
testing H1>-5.0
evaluate ot="H1.bs>-5.0" t="H1>-5.0", ctx="{'H1': None}"
check iteration duration=0.00105714797974
GetData ===>> H2,-0.0963670322608267,H1,1574.76922181483,AX,132.837388517561,L1,1.96887801806569,L2,0.397058192...
check iteration duration=7.79628753662e-05
GetData ===>> H2,-0.0897224158260441,H1,1573.83636183323,AX,132.854581606167,L1,1.94422346933233,L2,0.407762351...
check iteration duration=5.22136688232e-05
GetData ===>> H2,-0.0412100774773671,H1,1573.10499408354,AX,132.680027907457,L1,1.93263058290477,L2,0.493813784...
check iteration duration=4.88758087158e-05
GetData ===>> H2,0.00908423005017858,H1,1571.65517015096,AX,132.549863473403,L1,1.93527046363564,L2,0.387394632...
check iteration duration=6.48498535156e-05
GetData ===>> H2,-0.0207799377828946,H1,1570.3144872305,AX,132.470372367638,L1,1.93932687685821,L2,0.5250060743...
testing H1>-5.0
evaluate ot="H1.bs>-5.0" t="H1>-5.0", ctx="{'H1': None}"
check iteration duration=0.00126194953918
GetData ===>> H2,-0.110593775229726,H1,1570.08514307218,AX,132.489125433585,L1,1.92583057058236,L2,0.4322367551...
check iteration duration=5.98430633545e-05
GetData ===>> H2,-0.187506753246644,H1,1569.93778181934,AX,132.376473655324,L1,1.87915088978256,L2,0.3726841317...
check iteration duration=3.21865081787e-05
GetData ===>> H2,-0.133787295190999,H1,1568.03209214414,AX,132.344801326771,L1,1.90367988132709,L2,0.4790781000...
check iteration duration=3.60012054443e-05
GetData ===>> H2,-0.154063205299755,H1,1567.49520561193,AX,132.200850398952,L1,1.97021631954922,L2,0.4439843059...
check iteration duration=7.48634338379e-05
GetData ===>> H2,-0.0486933751266574,H1,1567.48530175894,AX,132.169564260034,L1,1.97389748417068,L2,0.415634155...
testing H1>-5.0
evaluate ot="H1.bs>-5.0" t="H1>-5.0", ctx="{'H1': None}"
check iteration duration=0.00148010253906
GetData ===>> H2,0.0357819477911996,H1,1566.49384907837,AX,132.235739541259,L1,1.95599717410115,L2,0.3599056460...
check iteration duration=9.29832458496e-05
GetData ===>> H2,-0.125458840146425,H1,1565.68895070777,AX,132.150125454671,L1,1.91377155637312,L2,0.3533400627...
check iteration duration=8.41617584229e-05
GetData ===>> H2,-0.107469296175641,H1,1565.81125703431,AX,132.063243956302,L1,1.95304138146952,L2,0.5308686150...
check iteration duration=6.103515625e-05
GetData ===>> H2,-0.0965539194275087,H1,1565.56821431254,AX,131.987502615826,L1,1.93549541540146,L2,0.505455434...
check iteration duration=4.38690185547e-05
GetData ===>> H2,-0.0227572164082842,H1,1565.10247773033,AX,131.881298920048,L1,1.93953611926129,L2,0.459753797...
testing H1>-5.0
evaluate ot="H1.bs>-5.0" t="H1>-5.0", ctx="{'H1': None}"
check iteration duration=0.000634908676147
GetData ===>> H2,-0.00532063654499925,H1,1564.20524365084,AX,131.903868967021,L1,1.89992139338734,L2,0.38010762...
check iteration duration=4.10079956055e-05
waiting for write to finish
measurement finished
estimated time: 125.829 actual time: :129.469
flush and close file /Users/jan/PychronDev/data/isotopes/b8/16ffdd-f118-4c23-bf08-26432f069a56.h5
baselines () {'settling_time': 15.0, 'detector': 'H1', 'mass': 34.2, 'ncounts': 60}
%%%%%%%%%%%%%%%%%%%%%%%%%%%%%%%% Baseline
build tables- baseline [Detector(H2), Detector(H1), Detector(AX), Detector(L1), Detector(L2), Detector(CDD)]
add group baseline table H2
add group baseline table H1
add group baseline table AX
add group baseline table L1
add group baseline table L2
add group baseline table CDD
flush and close file /Users/jan/PychronDev/data/isotopes/b8/16ffdd-f118-4c23-bf08-26432f069a56.h5
detector Detector(H1)
POSITION 34.2 H1
Mapping mass to dac mass func: "parabolic"
H1 map mass coeffs = [-0.00063987  0.15840543  0.57263999]
H1 map mass to dac 34.2 >> 5.24168599104
GetDeflection H1 ===>> 0
GetHighVoltage ===>> 4499.94659342336
positioning 34.2 (5.24165512325) on H1
setting magnet DAC
current  : 5.880995
requested: 5.241655
Delta Dac: 0.639340
Checking detector protection. dv=0.63934
Checking detector "CDD". Protection Threshold: 0.1 (V)
ProtectDetector CDD,On ===>> OK
GetDeflection CDD ===>> 2000
Protected = 2000
SetMagnetDAC 5.24165512325 ===>> OK
Magnet settling time: 0.500
GetMagnetMoving ===>> True
GetMagnetMoving ===>> True
GetMagnetMoving ===>> True
GetMagnetMoving ===>> True
GetMagnetMoving ===>> True
GetMagnetMoving ===>> True
GetMagnetMoving ===>> True
GetMagnetMoving ===>> True
GetMagnetMoving ===>> False
ProtectDetector CDD,Off ===>> OK
GetDeflection CDD ===>> 50
Delaying 15.0s for detectors to settle
Join finished
measuring baseline. ncounts=60
"baseline" increment series count="2" fit count="1" regressing="True"
starting measurement
check iteration duration=5.88893890381e-05
GetData ===>> H2,-0.151368053182643,H1,-0.0728954639643174,AX,-0.0837096191773199,L1,-0.0707739469802465,L2,0.0...
check iteration duration=8.01086425781e-05
GetData ===>> H2,-0.251976013407759,H1,-0.0493985861623301,AX,-0.0808930125102628,L1,-0.0384322073882664,L2,-0....
check iteration duration=3.60012054443e-05
GetData ===>> H2,-0.281707410375473,H1,-0.0622265863375436,AX,-0.0436551409998456,L1,-0.0289399580208358,L2,0.1...
check iteration duration=5.60283660889e-05
GetData ===>> H2,-0.153325403248662,H1,-0.119784332028705,AX,-0.00241252760326904,L1,-0.0449181191354857,L2,-0....
testing H1>-5.0
evaluate ot="H1.bs>-5.0" t="H1>-5.0", ctx="{'H1': None}"
check iteration duration=0.00117301940918
GetData ===>> H2,-0.166778012495582,H1,-0.0357700151123684,AX,-0.129204485446152,L1,-0.0441435266984779,L2,0.06...
check iteration duration=7.08103179932e-05
GetData ===>> H2,-0.0984727207475335,H1,0.00711903147425659,AX,-0.131567875716326,L1,-0.0203234540524524,L2,0.0...
check iteration duration=0.000605821609497
GetData ===>> H2,-0.0503574009760788,H1,-0.058757465983139,AX,-0.220491916997448,L1,-0.0489230185050418,L2,-0.0...
check iteration duration=5.88893890381e-05
GetData ===>> H2,-0.0886586456259857,H1,0.0141457133525648,AX,-0.107966152532942,L1,-0.0702061845279704,L2,-0.0...
check iteration duration=5.29289245605e-05
GetData ===>> H2,-0.0444718093380412,H1,0.00179864632603457,AX,-0.0978957316873409,L1,-0.0719978140366874,L2,-0...
testing H1>-5.0
evaluate ot="H1.bs>-5.0" t="H1>-5.0", ctx="{'H1': None}"
check iteration duration=0.00103402137756
GetData ===>> H2,-0.15930751274767,H1,-0.0272199116630343,AX,-0.0192549859553828,L1,-0.0377086298152044,L2,-0.0...
check iteration duration=6.103515625e-05
GetData ===>> H2,-0.180816016996803,H1,-0.0741947244335737,AX,-0.0813566570739345,L1,-0.0190309411461684,L2,-0....
check iteration duration=6.29425048828e-05
GetData ===>> H2,-0.181135805452809,H1,-0.0107258076624593,AX,0.0043043894915412,L1,-0.00740106354905757,L2,-0....
check iteration duration=8.20159912109e-05
GetData ===>> H2,-0.149343803397128,H1,-0.0245008972449721,AX,-0.102311084801409,L1,-0.0217356762579916,L2,0.06...
check iteration duration=8.10623168945e-05
GetData ===>> H2,-0.0968545575514957,H1,0.00495982762356313,AX,-0.172284162660307,L1,-0.00872138220771631,L2,0....
testing H1>-5.0
evaluate ot="H1.bs>-5.0" t="H1>-5.0", ctx="{'H1': None}"
check iteration duration=0.000546932220459
GetData ===>> H2,-0.231155996933492,H1,-0.073896730404077,AX,-0.0481425263084677,L1,-0.00443841060184493,L2,-0....
check iteration duration=4.00543212891e-05
GetData ===>> H2,-0.192093557493266,H1,0.0155534950038174,AX,-0.147614800373079,L1,-0.00794432189460366,L2,0.01...
check iteration duration=4.50611114502e-05
GetData ===>> H2,-0.199196665883795,H1,-0.00115965178271156,AX,-0.0589485069089606,L1,-0.0478998024572001,L2,-0...
check iteration duration=8.89301300049e-05
GetData ===>> H2,-0.214245925694586,H1,0.0668794581732303,AX,-0.111349765383645,L1,-0.0686724676849255,L2,0.023...
check iteration duration=8.58306884766e-05
GetData ===>> H2,-0.22984770038562,H1,-0.00297275902367815,AX,-0.032603927524638,L1,-0.0584121760658362,L2,0.02...
testing H1>-5.0
evaluate ot="H1.bs>-5.0" t="H1>-5.0", ctx="{'H1': None}"
check iteration duration=0.000595092773438
GetData ===>> H2,-0.170503995022504,H1,0.0200394397724014,AX,-0.162268785110718,L1,-0.0282763062309093,L2,0.045...
check iteration duration=8.32080841064e-05
GetData ===>> H2,-0.221212105519252,H1,-0.0200883043635301,AX,0.0232279381473465,L1,0.00176439290660428,L2,0.03...
check iteration duration=9.67979431152e-05
GetData ===>> H2,-0.270490311999793,H1,0.0383432231805926,AX,-0.000138804452363843,L1,0.0163823852777005,L2,-0....
check iteration duration=7.89165496826e-05
GetData ===>> H2,-0.224378673017295,H1,0.0116045982885506,AX,-0.0653712358043331,L1,-0.01525676451333,L2,-0.000...
check iteration duration=5.81741333008e-05
GetData ===>> H2,-0.216471698787341,H1,0.00754849193664882,AX,-0.129389851464095,L1,-0.0314851476432277,L2,-0.0...
testing H1>-5.0
evaluate ot="H1.bs>-5.0" t="H1>-5.0", ctx="{'H1': None}"
check iteration duration=0.000761032104492
12:22:13 -- collecting point 25
GetData ===>> H2,-0.145432020834215,H1,0.0253130680685445,AX,-0.118070291209056,L1,0.00287479667557841,L2,0.095...
check iteration duration=8.29696655273e-05
GetData ===>> H2,-0.210554188974068,H1,0.0078586589720377,AX,-0.0782849706734168,L1,0.0222013980958421,L2,-0.00...
check iteration duration=4.60147857666e-05
GetData ===>> H2,-0.223336268537839,H1,0.00413671797494537,AX,-0.0781922390100641,L1,-0.0326419479273001,L2,-0....
check iteration duration=4.98294830322e-05
GetData ===>> H2,-0.184624555935057,H1,0.0273295287757104,AX,0.0742164264696913,L1,-0.0508435110822008,L2,-0.09...
check iteration duration=4.10079956055e-05
GetData ===>> H2,-0.190388216856874,H1,0.0427705208314812,AX,0.0019377544189437,L1,-0.017890562292697,L2,-0.034...
testing H1>-5.0
evaluate ot="H1.bs>-5.0" t="H1>-5.0", ctx="{'H1': None}"
check iteration duration=0.00112986564636
GetData ===>> H2,-0.255915322754756,H1,-0.0316798893926993,AX,-0.102056135479697,L1,-0.0054688410164271,L2,0.01...
check iteration duration=4.48226928711e-05
GetData ===>> H2,-0.135953591943525,H1,0.043892293101311,AX,0.00980355786521959,L1,-0.0152447693217038,L2,-0.06...
check iteration duration=3.19480895996e-05
GetData ===>> H2,-0.110756236604089,H1,0.024800010583337,AX,-0.146977116417136,L1,-0.0253156941489415,L2,-0.096...
check iteration duration=4.10079956055e-05
GetData ===>> H2,-0.150607820291382,H1,0.0318995279235291,AX,-0.0877547264433623,L1,-0.0186664176920193,L2,0.01...
check iteration duration=8.48770141602e-05
GetData ===>> H2,-0.268884373118725,H1,0.0428659903225938,AX,-0.0755261658920666,L1,-0.0434155708795019,L2,-0.0...
testing H1>-5.0
evaluate ot="H1.bs>-5.0" t="H1>-5.0", ctx="{'H1': None}"
check iteration duration=0.000563859939575
GetData ===>> H2,-0.186444053683471,H1,0.0768455801326563,AX,-0.045788704003153,L1,-0.0220101854036528,L2,-0.01...
check iteration duration=9.20295715332e-05
GetData ===>> H2,-0.193337687380909,H1,0.00683272552290966,AX,-0.0652784918332371,L1,-0.0162451191734337,L2,-0....
check iteration duration=6.103515625e-05
GetData ===>> H2,-0.128101854869293,H1,0.0635850233354553,AX,-0.0311890960490404,L1,0.0015399261558633,L2,-0.04...
check iteration duration=0.000100135803223
GetData ===>> H2,-0.190163065729001,H1,0.0895599126448989,AX,-0.0672840604957703,L1,-0.020702303915455,L2,0.023...
check iteration duration=4.2200088501e-05
GetData ===>> H2,-0.270234989725554,H1,0.0148376713512867,AX,-0.127686787888556,L1,-0.0225675717557577,L2,0.050...
testing H1>-5.0
evaluate ot="H1.bs>-5.0" t="H1>-5.0", ctx="{'H1': None}"
check iteration duration=0.000545978546143
GetData ===>> H2,-0.274899756229402,H1,0.0438564916644737,AX,-0.14868146237227,L1,-0.043910059770875,L2,0.02894...
check iteration duration=4.29153442383e-05
GetData ===>> H2,-0.205975892945233,H1,0.0938659765326701,AX,-0.083593711046546,L1,-0.0570980822665267,L2,-0.03...
check iteration duration=8.70227813721e-05
GetData ===>> H2,-0.131761257663138,H1,0.036493601550114,AX,-0.107479458811805,L1,-0.01641063509948,L2,0.023105...
check iteration duration=6.07967376709e-05
GetData ===>> H2,-0.139936226725271,H1,0.071121079410852,AX,-0.11163945279561,L1,0.0354118276956854,L2,-0.00533...
check iteration duration=5.88893890381e-05
GetData ===>> H2,-0.162896883688674,H1,0.0487256045947461,AX,-0.100155583118243,L1,0.0441459304644575,L2,-0.009...
testing H1>-5.0
evaluate ot="H1.bs>-5.0" t="H1>-5.0", ctx="{'H1': None}"
check iteration duration=0.00100088119507
GetData ===>> H2,-0.204361325386841,H1,0.12037441421835,AX,-0.0369642623712351,L1,-0.00946121259226845,L2,-0.03...
check iteration duration=5.31673431396e-05
GetData ===>> H2,-0.124748974315231,H1,-0.0679128224627899,AX,-0.040095233378695,L1,-0.0155494427581063,L2,-0.1...
check iteration duration=6.19888305664e-05
GetData ===>> H2,-0.219470182521739,H1,-0.0116322787537147,AX,-0.0530818895036928,L1,-0.0089695971664243,L2,-0....
check iteration duration=7.60555267334e-05
GetData ===>> H2,-0.275736576705101,H1,0.0212444751450438,AX,-0.126748352360652,L1,0.0176494522808376,L2,0.0105...
check iteration duration=3.81469726562e-05
GetData ===>> H2,-0.242224007967557,H1,0.0904545090186339,AX,-0.00750501074210455,L1,-0.00934130860481082,L2,0....
testing H1>-5.0
evaluate ot="H1.bs>-5.0" t="H1>-5.0", ctx="{'H1': None}"
check iteration duration=0.000882863998413
12:22:40 -- collecting point 50
GetData ===>> H2,-0.266188031802464,H1,-0.00659887498459784,AX,-0.128856923210406,L1,-0.0453431019812591,L2,-0....
check iteration duration=8.48770141602e-05
GetData ===>> H2,-0.26971626456771,H1,0.0466490421803691,AX,-0.0921589499931355,L1,-0.0386490309215479,L2,0.040...
check iteration duration=3.19480895996e-05
GetData ===>> H2,-0.374637928264745,H1,0.0290357964822131,AX,-0.0746799621952139,L1,-0.0347718557033801,L2,-0.0...
check iteration duration=9.41753387451e-05
GetData ===>> H2,-0.131947917103739,H1,-0.0319541596111027,AX,-0.0983361171097144,L1,-0.0181399937378356,L2,0.0...
check iteration duration=8.20159912109e-05
GetData ===>> H2,-0.157698813988249,H1,0.0343218313812567,AX,-0.0776126641115313,L1,-0.000980479937563754,L2,-0...
testing H1>-5.0
evaluate ot="H1.bs>-5.0" t="H1>-5.0", ctx="{'H1': None}"
check iteration duration=0.000587940216064
GetData ===>> H2,-0.076480072865267,H1,-0.0133497804142955,AX,-0.0644901645099418,L1,-0.0194733877257395,L2,-0....
check iteration duration=8.58306884766e-05
GetData ===>> H2,-0.203959669277783,H1,-0.0750648619209258,AX,-0.037776005267555,L1,-0.038634656025442,L2,0.017...
check iteration duration=8.48770141602e-05
GetData ===>> H2,-0.18557278139313,H1,0.0394649458468567,AX,-0.0365351955336617,L1,-0.044092044713973,L2,0.0191...
check iteration duration=8.39233398438e-05
GetData ===>> H2,-0.247462268183888,H1,-0.0434370599050159,AX,-0.133816705022624,L1,-0.0291423990364818,L2,0.02...
check iteration duration=4.2200088501e-05
GetData ===>> H2,-0.240981700771843,H1,0.0440593666423574,AX,-0.0806611893999892,L1,-0.0117942598749209,L2,0.04...
testing H1>-5.0
evaluate ot="H1.bs>-5.0" t="H1>-5.0", ctx="{'H1': None}"
check iteration duration=0.000581026077271
GetData ===>> H2,0.00767764908721687,H1,0.0160307136158223,AX,-0.145945218977649,L1,-0.0438956923981523,L2,-0.0...
check iteration duration=4.10079956055e-05
waiting for write to finish
measurement finished
estimated time: 62.915 actual time: :63.306
flush and close file /Users/jan/PychronDev/data/isotopes/b8/16ffdd-f118-4c23-bf08-26432f069a56.h5
activate_detectors ('H1', 'AX', 'CDD') {'peak_center': True}
peak_center () {'detector': 'H1', 'integration_time': 0.262144, 'isotope': 'Ar40'}
peak center: mean=1566.58203738 threshold=3
peak center started
setup peak center. detector=['H1', 'AX', 'CDD'], isotope=Ar40
VersionedUnpickler [<apptools.sweet_pickle.versioned_unpickler.VersionedUnpickler object at 0x249201650>] using Updater [<apptools.sweet_pickle.updater.Updater object at 0x12e273d10>]
VersionedUnpickler [<apptools.sweet_pickle.versioned_unpickler.VersionedUnpickler object at 0x249201650>] using Updater [<apptools.sweet_pickle.updater.Updater object at 0x12e273d10>]
VersionedUnpickler [<apptools.sweet_pickle.versioned_unpickler.VersionedUnpickler object at 0x24dd6afb0>] using Updater [<apptools.sweet_pickle.updater.Updater object at 0x12e273d10>]
setting integration time = 0.524288
SetIntegrationTime 0.524288 ===>> OK
Mapping mass to dac mass func: "parabolic"
H1 map mass coeffs = [-0.00063987  0.15840543  0.57263999]
H1 map mass to dac 39.9624 >> 5.88103
GetDeflection H1 ===>> 0
GetHighVoltage ===>> 4499.94659342336
do peak center. <pychron.spectrometer.jobs.peak_center.PeakCenter object at 0x16275af50>
doing pc
starting peak center. center dac= 5.88099536717 step_width=0.001
width = 0.001
get scan parameters. half-width=0.015,window=0.015, i=0, scalar=1
Scan parameters center=5.88100 width=0.03000 (5.86600 - 5.89600)
GetData ===>> H2,-0.115645236512765,H1,0.0117716179554474,AX,-0.122600590607678,L1,-0.0270267490742815,L2,-0.12...
Moving to starting dac 5.86599536717
setting magnet DAC
current  : 5.241655
requested: 5.865995
Delta Dac: 0.624340
Checking detector protection. dv=0.62434
Checking detector "CDD". Protection Threshold: 0.1 (V)
ProtectDetector CDD,On ===>> OK
GetDeflection CDD ===>> 2000
Protected = 2000
SetMagnetDAC 5.86599536717 ===>> OK
Magnet settling time: 0.500
GetMagnetMoving ===>> True
GetMagnetMoving ===>> True
GetMagnetMoving ===>> True
GetMagnetMoving ===>> True
GetMagnetMoving ===>> True
GetMagnetMoving ===>> True
GetMagnetMoving ===>> True
GetMagnetMoving ===>> True
GetMagnetMoving ===>> False
ProtectDetector CDD,Off ===>> OK
GetDeflection CDD ===>> 50
Wait until signal near baseline. tol= 0.00882871346659. timeout= 10
GetData ===>> H2,77.604411964375,H1,31.2191531755559,AX,1.80447794012583,L1,0.0496009685044169,L2,-0.0762155398...
GetData ===>> H2,77.604411964375,H1,31.2191531755559,AX,1.80447794012583,L1,0.0496009685044169,L2,-0.0762155398...
GetData ===>> H2,79.8834446277398,H1,41.1375360886353,AX,2.84875600624141,L1,0.0029228168974465,L2,-0.080857534...
GetData ===>> H2,41.9947284160987,H1,20.0720292870337,AX,1.28599498577169,L1,0.0222077918948666,L2,-0.001320858...
GetData ===>> H2,17.1320587435075,H1,10.3217994465222,AX,0.602439744063791,L1,-0.00933411432014542,L2,0.0649722...
GetData ===>> H2,5.82623196173252,H1,5.81339682081057,AX,0.279092616270042,L1,-0.0271721170594499,L2,0.00562523...
GetData ===>> H2,1.70070732714439,H1,3.69462554251816,AX,0.0776008119994011,L1,-0.0448666411195518,L2,-0.141133...
GetData ===>> H2,0.581694548473147,H1,2.63530973847781,AX,0.128925998628806,L1,-0.0345417661658298,L2,-0.130606...
GetData ===>> H2,0.360910593456848,H1,2.16914337422678,AX,0.0448013254045269,L1,-0.0181480517188394,L2,-0.09926...
GetData ===>> H2,0.450802672521787,H1,1.94259229042932,AX,0.0246551851083164,L1,-0.0171608528101202,L2,-0.16571...
GetData ===>> H2,0.496430574942604,H1,1.76357177339972,AX,0.118862832288915,L1,-0.0232286767743162,L2,-0.059056...
GetData ===>> H2,0.4625373367233,H1,1.72743066275178,AX,0.180115841208666,L1,-0.0137192760137729,L2,-0.05957987...
GetData ===>> H2,0.33602348624762,H1,1.68899533560236,AX,0.186820988950729,L1,-0.0201772559398784,L2,-0.0502480...
GetData ===>> H2,0.264181726340672,H1,1.54621070370433,AX,0.106018734135033,L1,-0.0285006148189657,L2,-0.106085...
GetData ===>> H2,0.243209318114438,H1,1.50659411838443,AX,0.0656195570464701,L1,-0.0327697687050398,L2,0.036011...
GetData ===>> H2,0.196769044457978,H1,1.55871431261636,AX,-0.0664377851186271,L1,-0.0188069291290406,L2,0.02997...
GetData ===>> H2,0.109024008657423,H1,1.57740047819621,AX,-0.0539862527940787,L1,-0.00413130034648814,L2,0.0604...
GetData ===>> H2,0.0615927318361494,H1,1.4742969634961,AX,-0.110758800388364,L1,0.0216075825761486,L2,0.0897699...
GetData ===>> H2,0.067358813346688,H1,1.57867520761343,AX,0.0513706111025982,L1,0.0168215919071779,L2,0.1015784...
GetData ===>> H2,0.00883255631737366,H1,1.51265098659035,AX,0.0732901713853062,L1,0.0107139948121624,L2,-0.0329...
GetData ===>> H2,-0.0526139210403763,H1,1.50113844135589,AX,0.0766506006299392,L1,-0.0101470359500718,L2,0.0780...
Peak center failed to move to a baseline position
_do_sweep sm= 5.86599536717, em= 5.89599536717, stm= 0.001
calculated step values: start=5.86599536717, end=5.89599536717, width=0.001, nsteps=31.0
setting magnet DAC
current  : 5.865995
requested: 5.865995
Delta Dac: 0.000000
Checking detector protection. dv=0.00000
Checking detector "CDD". Protection Threshold: 0.1 (V)
SetMagnetDAC 5.86599536717 ===>> OK
GetData ===>> H2,-0.0526139210403763,H1,1.50113844135589,AX,0.0766506006299392,L1,-0.0101470359500718,L2,0.0780...
setting magnet DAC
current  : 5.865995
requested: 5.867030
Delta Dac: 0.001034
Checking detector protection. dv=0.00103
Checking detector "CDD". Protection Threshold: 0.1 (V)
SetMagnetDAC 5.86702984992 ===>> OK
Magnet settling time: 1.049
GetData ===>> H2,-0.00505938638714387,H1,2.84633792191553,AX,0.0361667548047722,L1,-0.0478136321375153,L2,-0.00...
setting magnet DAC
current  : 5.867030
requested: 5.868064
Delta Dac: 0.001034
Checking detector protection. dv=0.00103
Checking detector "CDD". Protection Threshold: 0.1 (V)
SetMagnetDAC 5.86806433268 ===>> OK
Magnet settling time: 1.049
GetData ===>> H2,0.0888121531963014,H1,8.62348282940102,AX,0.489406668121916,L1,-0.0545853227787937,L2,0.023619...
setting magnet DAC
current  : 5.868064
requested: 5.869099
Delta Dac: 0.001034
Checking detector protection. dv=0.00103
Checking detector "CDD". Protection Threshold: 0.1 (V)
SetMagnetDAC 5.86909881544 ===>> OK
Magnet settling time: 1.049
GetData ===>> H2,-0.0219603171061802,H1,30.3695986123903,AX,1.96604573176597,L1,-0.00826210843894161,L2,-0.2205...
setting magnet DAC
current  : 5.869099
requested: 5.870133
Delta Dac: 0.001034
Checking detector protection. dv=0.00103
Checking detector "CDD". Protection Threshold: 0.1 (V)
SetMagnetDAC 5.8701332982 ===>> OK
Magnet settling time: 1.049
GetData ===>> H2,0.0101875787478382,H1,104.419208118731,AX,5.79772475697802,L1,-0.0163389118658069,L2,0.0674791...
setting magnet DAC
current  : 5.870133
requested: 5.871168
Delta Dac: 0.001034
Checking detector protection. dv=0.00103
Checking detector "CDD". Protection Threshold: 0.1 (V)
SetMagnetDAC 5.87116778096 ===>> OK
Magnet settling time: 1.049
GetData ===>> H2,-0.0101236034579555,H1,296.359101903071,AX,17.2411854258809,L1,0.0759259735922757,L2,0.0230268...
setting magnet DAC
current  : 5.871168
requested: 5.872202
Delta Dac: 0.001034
Checking detector protection. dv=0.00103
Checking detector "CDD". Protection Threshold: 0.1 (V)
SetMagnetDAC 5.87220226372 ===>> OK
Magnet settling time: 1.049
GetData ===>> H2,-0.168143853542375,H1,630.058676396241,AX,40.3856514134779,L1,0.255791852270785,L2,-0.04530867...
setting magnet DAC
current  : 5.872202
requested: 5.873237
Delta Dac: 0.001034
Checking detector protection. dv=0.00103
Checking detector "CDD". Protection Threshold: 0.1 (V)
SetMagnetDAC 5.87323674648 ===>> OK
Magnet settling time: 1.049
GetData ===>> H2,-0.0377953843039944,H1,1004.68002154023,AX,70.8390611986319,L1,0.601661016101945,L2,0.14419699...
setting magnet DAC
current  : 5.873237
requested: 5.874271
Delta Dac: 0.001034
Checking detector protection. dv=0.00103
Checking detector "CDD". Protection Threshold: 0.1 (V)
SetMagnetDAC 5.87427122923 ===>> OK
Magnet settling time: 1.049
GetData ===>> H2,0.00644397266035111,H1,1287.2755275711,AX,98.3922844254359,L1,0.926324185741089,L2,0.244490307...
setting magnet DAC
current  : 5.874271
requested: 5.875306
Delta Dac: 0.001034
Checking detector protection. dv=0.00103
Checking detector "CDD". Protection Threshold: 0.1 (V)
SetMagnetDAC 5.87530571199 ===>> OK
Magnet settling time: 1.049
GetData ===>> H2,-0.0832900333758586,H1,1461.82615225997,AX,120.562336094252,L1,1.37657988415075,L2,0.327580468...
setting magnet DAC
current  : 5.875306
requested: 5.876340
Delta Dac: 0.001034
Checking detector protection. dv=0.00103
Checking detector "CDD". Protection Threshold: 0.1 (V)
SetMagnetDAC 5.87634019475 ===>> OK
Magnet settling time: 1.049
GetData ===>> H2,-0.128915590203016,H1,1486.85618017707,AX,124.735881911316,L1,1.6209322282976,L2,0.25748249438...
setting magnet DAC
current  : 5.876340
requested: 5.877375
Delta Dac: 0.001034
Checking detector protection. dv=0.00103
Checking detector "CDD". Protection Threshold: 0.1 (V)
SetMagnetDAC 5.87737467751 ===>> OK
Magnet settling time: 1.049
GetData ===>> H2,-0.14271856895847,H1,1493.97144666061,AX,125.89710393971,L1,1.71237688836672,L2,0.424769815348...
setting magnet DAC
current  : 5.877375
requested: 5.878409
Delta Dac: 0.001034
Checking detector protection. dv=0.00103
Checking detector "CDD". Protection Threshold: 0.1 (V)
SetMagnetDAC 5.87840916027 ===>> OK
Magnet settling time: 1.049
GetData ===>> H2,-0.112302211067927,H1,1495.56697125759,AX,126.130308500593,L1,1.77748080768956,L2,0.3912136327...
setting magnet DAC
current  : 5.878409
requested: 5.879444
Delta Dac: 0.001034
Checking detector protection. dv=0.00103
Checking detector "CDD". Protection Threshold: 0.1 (V)
SetMagnetDAC 5.87944364303 ===>> OK
Magnet settling time: 1.049
GetData ===>> H2,-0.132705043921675,H1,1494.84636859129,AX,126.035273321293,L1,1.83656079064987,L2,0.6197419764...
setting magnet DAC
current  : 5.879444
requested: 5.880478
Delta Dac: 0.001034
Checking detector protection. dv=0.00103
Checking detector "CDD". Protection Threshold: 0.1 (V)
SetMagnetDAC 5.88047812579 ===>> OK
Magnet settling time: 1.049
GetData ===>> H2,-0.0816590493147408,H1,1495.59061982439,AX,126.106649526705,L1,1.83657125815428,L2,0.389319314...
setting magnet DAC
current  : 5.880478
requested: 5.881513
Delta Dac: 0.001034
Checking detector protection. dv=0.00103
Checking detector "CDD". Protection Threshold: 0.1 (V)
SetMagnetDAC 5.88151260855 ===>> OK
Magnet settling time: 1.049
GetData ===>> H2,-0.0176668560934441,H1,1495.5445360475,AX,126.098241685042,L1,1.83656079064987,L2,0.4624717556...
setting magnet DAC
current  : 5.881513
requested: 5.882547
Delta Dac: 0.001034
Checking detector protection. dv=0.00103
Checking detector "CDD". Protection Threshold: 0.1 (V)
SetMagnetDAC 5.8825470913 ===>> OK
Magnet settling time: 1.049
GetData ===>> H2,0.0078068731846092,H1,1493.84546214748,AX,125.977752243599,L1,1.85889493968657,L2,0.4200438463...
setting magnet DAC
current  : 5.882547
requested: 5.883582
Delta Dac: 0.001034
Checking detector protection. dv=0.00103
Checking detector "CDD". Protection Threshold: 0.1 (V)
SetMagnetDAC 5.88358157406 ===>> OK
Magnet settling time: 1.049
GetData ===>> H2,-0.0389762564488393,H1,1493.04803518477,AX,125.993524562758,L1,1.88408115902755,L2,0.381628309...
setting magnet DAC
current  : 5.883582
requested: 5.884616
Delta Dac: 0.001034
Checking detector protection. dv=0.00103
Checking detector "CDD". Protection Threshold: 0.1 (V)
SetMagnetDAC 5.88461605682 ===>> OK
Magnet settling time: 1.049
GetData ===>> H2,-0.0489314349585101,H1,1491.07507178693,AX,125.498832636076,L1,1.90318097422408,L2,0.475582990...
setting magnet DAC
current  : 5.884616
requested: 5.885651
Delta Dac: 0.001034
Checking detector protection. dv=0.00103
Checking detector "CDD". Protection Threshold: 0.1 (V)
SetMagnetDAC 5.88565053958 ===>> OK
Magnet settling time: 1.049
GetData ===>> H2,-0.0232755899804895,H1,1482.27021986469,AX,123.912291673108,L1,1.82967010346771,L2,0.355250797...
setting magnet DAC
current  : 5.885651
requested: 5.886685
Delta Dac: 0.001034
Checking detector protection. dv=0.00103
Checking detector "CDD". Protection Threshold: 0.1 (V)
SetMagnetDAC 5.88668502234 ===>> OK
Magnet settling time: 1.049
GetData ===>> H2,-0.196222985077863,H1,1454.02221554736,AX,119.472463494234,L1,1.78614949218348,L2,0.2743609394...
setting magnet DAC
current  : 5.886685
requested: 5.887720
Delta Dac: 0.001034
Checking detector protection. dv=0.00103
Checking detector "CDD". Protection Threshold: 0.1 (V)
SetMagnetDAC 5.8877195051 ===>> OK
Magnet settling time: 1.049
GetData ===>> H2,-0.119206438297387,H1,1368.9676109826,AX,107.628868213992,L1,1.63581618754788,L2,0.34852067477...
setting magnet DAC
current  : 5.887720
requested: 5.888754
Delta Dac: 0.001034
Checking detector protection. dv=0.00103
Checking detector "CDD". Protection Threshold: 0.1 (V)
SetMagnetDAC 5.88875398786 ===>> OK
Magnet settling time: 1.049
GetData ===>> H2,-0.139594174205955,H1,1006.54047892751,AX,67.5444224007895,L1,1.13961374098724,L2,0.1492148709...
setting magnet DAC
current  : 5.888754
requested: 5.889788
Delta Dac: 0.001034
Checking detector protection. dv=0.00103
Checking detector "CDD". Protection Threshold: 0.1 (V)
SetMagnetDAC 5.88978847061 ===>> OK
Magnet settling time: 1.049
GetData ===>> H2,-0.165933052098296,H1,613.789345236116,AX,35.4388701310826,L1,0.797170138224248,L2,0.132292005...
setting magnet DAC
current  : 5.889788
requested: 5.890823
Delta Dac: 0.001034
Checking detector protection. dv=0.00103
Checking detector "CDD". Protection Threshold: 0.1 (V)
SetMagnetDAC 5.89082295337 ===>> OK
Magnet settling time: 1.049
GetData ===>> H2,-0.257196310348207,H1,287.843587439693,AX,14.048398437522,L1,0.46993516248475,L2,0.06877813133...
setting magnet DAC
current  : 5.890823
requested: 5.891857
Delta Dac: 0.001034
Checking detector protection. dv=0.00103
Checking detector "CDD". Protection Threshold: 0.1 (V)
SetMagnetDAC 5.89185743613 ===>> OK
Magnet settling time: 1.049
GetData ===>> H2,-0.239160390206803,H1,104.523221856931,AX,4.1938979821875,L1,0.273217976070623,L2,-0.047653211...
setting magnet DAC
current  : 5.891857
requested: 5.892892
Delta Dac: 0.001034
Checking detector protection. dv=0.00103
Checking detector "CDD". Protection Threshold: 0.1 (V)
SetMagnetDAC 5.89289191889 ===>> OK
Magnet settling time: 1.049
GetData ===>> H2,-0.217607980200268,H1,30.6511517201102,AX,1.00645863082291,L1,0.163982879979223,L2,-0.01370870...
setting magnet DAC
current  : 5.892892
requested: 5.893926
Delta Dac: 0.001034
Checking detector protection. dv=0.00103
Checking detector "CDD". Protection Threshold: 0.1 (V)
SetMagnetDAC 5.89392640165 ===>> OK
Magnet settling time: 1.049
GetData ===>> H2,-0.184720557061257,H1,7.6377473629692,AX,0.014351628017129,L1,0.115423200299833,L2,0.205159158...
setting magnet DAC
current  : 5.893926
requested: 5.894961
Delta Dac: 0.001034
Checking detector protection. dv=0.00103
Checking detector "CDD". Protection Threshold: 0.1 (V)
SetMagnetDAC 5.89496088441 ===>> OK
Magnet settling time: 1.049
GetData ===>> H2,-0.169811791791617,H1,1.59867345928617,AX,-0.0821100747777464,L1,0.0538763391040348,L2,-0.1690...
setting magnet DAC
current  : 5.894961
requested: 5.895995
Delta Dac: 0.001034
Checking detector protection. dv=0.00103
Checking detector "CDD". Protection Threshold: 0.1 (V)
SetMagnetDAC 5.89599536717 ===>> OK
Magnet settling time: 1.049
GetData ===>> H2,-0.210842459886809,H1,0.100975063052178,AX,-0.169652246451057,L1,-0.00215165398499664,L2,-0.07...
result of _do_sweep=True
result of _calculate_peak_center=([5.8736005775866449, 5.8810554874062841, 5.8885103972259234], [1104.0698237615707, 1495.5903427676151, 1091.8815370768987], 5.8804843451217153, 1495.5903427676151)
Failed to find a valid peak. No peak greater than 1.0. max = 0.633408939262
new center pos Detector(H1) (Ar40) @ 5.88105548741
GetHighVoltage ===>> 4499.94659342336
GetDeflection H1 ===>> 0
dac uncorrected for HV and deflection 5.88109012059
update mftable H1 Ar40 5.88109012059 message=automated run peakcenter
get initial guess parabolic
get initial guess parabolic
get initial guess parabolic
get initial guess parabolic
get initial guess parabolic
get initial guess parabolic
dump mftable to /Users/jan/PychronDev/setupfiles/spectrometer/mftables/mftable.csv
add to repo msg=modified - automated run peakcenter
sweep finished
locally archiving mftable
setting magnet DAC
current  : 5.895995
requested: 5.881055
Delta Dac: 0.014940
Checking detector protection. dv=0.01494
Checking detector "CDD". Protection Threshold: 0.1 (V)
SetMagnetDAC 5.88105548741 ===>> OK
Magnet settling time: 0.500
setting integration time = 1.048576
SetIntegrationTime 1.048576 ===>> OK
Failed to find a valid peak. No peak greater than 1.0. max = 0.633408939262
flush and close file /Users/jan/PychronDev/data/isotopes/b8/16ffdd-f118-4c23-bf08-26432f069a56.h5
finished measure script
executed snippet estimated_duration=226.132928, duration=277.417233944
jan_unknown120_60.py completed successfully
Measurement Finished
12:23:39 -- ******* Measurement Finished *******
Post Measurement Started jan_pump_ms.py
12:23:39 -- ******* Post Measurement Started jan_pump_ms.py *******
testing...
no interpolation path defined
executed snippet estimated_duration=0, duration=3.19480895996e-05
Pumping spectrometer
open () {'name': 'O'}
opening name=O desc=---
checking ownership. requestor=129.138.12.150
check software interlocks O
interlocks []
actuate state mode=None-script, software_lock=False
doing actuation None-script open_channel True
Open O ===>> OK
GetIndicatorState O ===>> OK
change switch state (True, True)
update switch state O True args=() kw={} ncanvase=8
12:23:39 -- OPEN   VALVE-O (Jan Ion Pump)
---------------------------------------- open O () result=[(True, True)], time=0.11 sec
action=open, ok=True, locked=[False]
executed snippet estimated_duration=0, duration=0.374950170517
jan_pump_ms.py completed successfully
setting _ms_pumptime
Post Measurement Finished
12:23:39 -- ******* Post Measurement Finished *******
$$$$$$$$$$$$$$$$$$$$ state at run end measurement
state changed from measurement to success
post measurement save measured=True aborted=False
Set filtering
setting fod for Ar40= {'filter_outliers': True, 'std_devs': 2, 'iterations': 1}
setting fod for H1= {'filter_outliers': True, 'std_devs': 2, 'iterations': 1}
setting fod for PM41= {'filter_outliers': False, 'std_devs': 2, 'iterations': 1}
setting fod for H2= {'filter_outliers': True, 'std_devs': 2, 'iterations': 1}
setting fod for Ar36= {'filter_outliers': True, 'std_devs': 2, 'iterations': 1}
setting fod for CDD= {'filter_outliers': True, 'std_devs': 10, 'iterations': 1}
setting fod for Ar37= {'filter_outliers': True, 'std_devs': 2, 'iterations': 1}
setting fod for L2= {'filter_outliers': True, 'std_devs': 2, 'iterations': 1}
setting fod for Ar38= {'filter_outliers': True, 'std_devs': 2, 'iterations': 1}
setting fod for L1= {'filter_outliers': True, 'std_devs': 2, 'iterations': 1}
setting fod for Ar39= {'filter_outliers': True, 'std_devs': 2, 'iterations': 1}
setting fod for AX= {'filter_outliers': True, 'std_devs': 2, 'iterations': 1}
persistence save...
persistence save - db
post measurement save
9796764880 connecting to database sqlite:////Users/jan/PychronDev/.appdata/local_lab.db
connected to db sqlite:////Users/jan/PychronDev/.appdata/local_lab.db
create new session 9796764880
close session 9796764880
No database instance. Not saving post measurement to isotopedb database
$$$$$$$$$$$$$$$ auto_save_detector_ic=False
massspec enabled True
create new session 6484677072
MassSpec Database Version: 16.0
close session 6484677072
saving post measurement to secondary database
saving to massspec database 129.138.12.160/massspecdata
setting labnumber to 65475
setting aliquot to 18
setting step to 
setting uuid to b816ffdd-f118-4c23-bf08-26432f069a56
setting irradpos to 65475
setting extract_device to Fusions CO2
setting tray to 
setting position to 108
setting power_requested to 5.0
setting extract_value to 5.0
setting duration to 30.0
setting duration_at_request to 30.0
setting first_stage_delay to 30.0
setting cleanup to 30.0
setting comment to P:7
setting irradiation to NM-288
setting level to P
setting irradiation_level to P
setting sample to Goat Mtn
setting material to Sanidine
setting project to IR989
setting mass_spectrometer to Jan
no attribute chron_dosages
no attribute production_ratios
no attribute interference_corrections
no attribute production_name
no attribute j
Reference Isotope=Ar40
Reference Detector=H1
%%%%%%%%%%%%%%%%%%%% Comment: P:7 %%%%%%%%%%%%%%%%%%%
adding isotope PM41 H2
add baseline dbdet= PM41. original det= H2
get baseline data PM41 H2
Get data baseline <pychron.processing.isotope.Baseline object at 0x24ee41cd0> len t=60
baseline PM41. v=-0.191715954238, e=0.00719536745312
get signal data PM41 H2
Get data signal PM41 0.17+/-0.07 len t=120
adding isotope Ar40 H1
add baseline dbdet= Ar40. original det= H1
get baseline data Ar40 H1
Get data baseline <pychron.processing.isotope.Baseline object at 0x24ee51550> len t=60
baseline Ar40. v=0.00880010270957, e=0.00574954863276
get signal data Ar40 H1
Get data signal Ar40 1646.19+/-0.07 len t=120
adding isotope Ar39 AX
add baseline dbdet= Ar39. original det= AX
get baseline data Ar39 AX
Get data baseline <pychron.processing.isotope.Baseline object at 0x24ee51710> len t=60
baseline Ar39. v=-0.0789649706345, e=0.00624807133227
get signal data Ar39 AX
Get data signal Ar39 138.345+/-0.021 len t=120
adding isotope Ar38 L1
add baseline dbdet= Ar38. original det= L1
get baseline data Ar38 L1
Get data baseline <pychron.processing.isotope.Baseline object at 0x24ee518d0> len t=60
baseline Ar38. v=-0.0260327362577, e=0.00288280839371
get signal data Ar38 L1
Get data signal Ar38 2.088+/-0.006 len t=120
adding isotope Ar37 L2
add baseline dbdet= Ar37. original det= L2
get baseline data Ar37 L2
Get data baseline <pychron.processing.isotope.Baseline object at 0x24ee51a90> len t=60
baseline Ar37. v=-0.00998425920211, e=0.00556788090118
get signal data Ar37 L2
Get data signal Ar37 0.471+/-0.011 len t=120
adding isotope Ar36 CDD
add baseline dbdet= Ar36. original det= CDD
get baseline data Ar36 CDD
Get data baseline <pychron.processing.isotope.Baseline object at 0x24ee51c50> len t=60
baseline Ar36. v=0.000359758085447, e=3.04984127915e-05
get signal data Ar36 CDD
Get data signal Ar36 0.6905+/-0.0019 len t=120
65475-18 added analysis time 0.483892917633s
analysis added to mass spec database
mass spec save time= 0.493
persistence save - dvc
================= post measurement started
create new session 4992585168
close session 4992585168
---------------- Experiment Queue saving disabled
DVC saving peakcenter
Failed to find a valid peak. No peak greater than 1.0. max = 0.633408939262
Smart pull ahead: 0 behind: 0
Up-to-date with origin
add to repo msg=modified - ad8224ebc6dbfeb9f5997218dfa5fe690569839d.json
add to repo msg=modified - 75-18.json
add to repo msg=modified - 75-18.dat.json
add to repo msg=modified - 75-18.blan.json
add to repo msg=modified - 75-18.inte.json
add to repo msg=modified - 75-18.icfa.json
add to repo msg=modified - 75-18.base.json
not at valid file /Users/jan/PychronDev/data/.dvc/repositories/Load1795/654/tags/75-18.tags.json
add to repo msg=modified - 75-18.peak.json
add to repo msg=modified - 75-18.extr.json
not at valid file /Users/jan/PychronDev/data/.dvc/repositories/Load1795/654/monitor/75-18.moni.json
commit message=<COLLECTION>
add to repo msg=modified - 75-18.inte.json
add to repo msg=modified - 75-18.base.json
commit message=<ISOEVO> default collection fits
add to repo msg=modified - 75-18.blan.json
commit message=<BLANKS> preceding bc-02-J-398
add to repo msg=modified - 75-18.icfa.json
commit message=<ICFactor> default
push repository <pychron.git_archive.repo_manager.GitRepoManager object at 0x239420710>
pushing to remote=origin, url=https://github.com
no changes to meta repo
create new session 4992585168
add association Load1795
get identifier "65475"
setting analysis irradiation position=<pychron.dvc.dvc_orm.IrradiationPositionTbl object at 0x2489bca10>
close session 4992585168
================= post measurement finished
12:23:54 -- ******* Post Run Check *******
loading queue conditionals post_run_actions
loading system conditionals post_run_actions
loading conditionals from /Users/jan/PychronDev/setupfiles/spectrometer/default_conditionals.yaml
loading queue conditionals post_run_terminations
loading system conditionals post_run_terminations
loading conditionals from /Users/jan/PychronDev/setupfiles/spectrometer/default_conditionals.yaml
Checking default post run terminations n=1
GetDeflection CDD ===>> 50
testing CDD==2000
evaluate ot="CDD.deflection==2000" t="CDD==2000", ctx="{'CDD': 50.0}"
12:23:54 -- ******* Post Run Check Passed *******
12:23:54 -- Automated run 65475-18 success duration: 370.608 s
----------------- finish -----------------
----------------- stop -----------------
retroactive repository identifiers disabled
finish run. runs completed=185
update duration runid=65475-18, duration=370.608007908, md5=301e91d8
loading script "jan_unknown120_60.py"
loading script "jan_pump_ms.py"
loading script "jan_co2.py"
loading script "jan_pump_extraction_line.py"
testing...
no interpolation path defined
executed snippet estimated_duration=213.652928, duration=0.000336170196533
script duration name:unknown120_60 seconds:214.0
loading script "jan_unknown120_60.py"
loading script "jan_pump_ms.py"
loading script "jan_co2.py"
loading script "jan_pump_extraction_line.py"
testing...
no interpolation path defined
executed snippet estimated_duration=0, duration=2.69412994385e-05
loading script "jan_unknown120_60.py"
loading script "jan_pump_ms.py"
loading script "jan_co2.py"
loading script "jan_pump_extraction_line.py"
testing...
no interpolation path defined
calculate duration
testing...
no interpolation path defined
executed snippet estimated_duration=0, duration=5.50746917725e-05
calculate duration
testing...
no interpolation path defined
executed snippet estimated_duration=0, duration=0.000110864639282
executed snippet estimated_duration=0.0, duration=0.00364899635315
script duration name:co2 seconds:0.0
loading script "jan_unknown120_60.py"
loading script "jan_pump_ms.py"
loading script "jan_co2.py"
loading script "jan_pump_extraction_line.py"
testing...
no interpolation path defined
calculate duration
testing...
no interpolation path defined
executed snippet estimated_duration=4.0, duration=0.000153064727783
executed snippet estimated_duration=4.0, duration=0.00170278549194
Script duration 214.0
Run total estimated duration= 215.000
unknown120_60 in script context. using previous estimated duration
script duration name:unknown120_60 seconds:214.0
pump_ms in script context. using previous estimated duration
co2 in script context. using previous estimated duration
script duration name:co2 seconds:0.0
pump_extraction_line in script context. using previous estimated duration
Script duration 214.0
Run total estimated duration= 215.000
script duration name:unknown120_60 seconds:214.0
script duration name:co2 seconds:0.0
Script duration 214.0
Run total estimated duration= 215.000
script duration name:unknown120_60 seconds:214.0
script duration name:co2 seconds:0.0
Script duration 214.0
Run total estimated duration= 215.000
script duration name:unknown120_60 seconds:214.0
script duration name:co2 seconds:0.0
Script duration 214.0
Run total estimated duration= 215.000
script duration name:unknown120_60 seconds:214.0
script duration name:co2 seconds:0.0
Script duration 214.0
Run total estimated duration= 215.000
script duration name:unknown120_60 seconds:214.0
script duration name:co2 seconds:0.0
Script duration 214.0
Run total estimated duration= 215.000
script duration name:unknown120_60 seconds:214.0
script duration name:co2 seconds:0.0
Script duration 214.0
Run total estimated duration= 215.000
script duration name:unknown120_60 seconds:214.0
script duration name:co2 seconds:0.0
Script duration 214.0
Run total estimated duration= 215.000
nruns=9 before=0.0, run_dur=1935.0, btw=360.0
write rem/ex queues
/Users/jan/PychronDev/experiments/rem/CurrentExperiment.rem.txt
/Users/jan/PychronDev/experiments/rem/CurrentExperiment.ex.txt
doing event level: 3
