do run
loading script "jan_unknown120_60.py"
loading script "jan_pump_ms.py"
loading script "jan_co2.py"
loading script "jan_pump_extraction_line.py"
testing...
no interpolation path defined
executed snippet estimated_duration=213.652928, duration=0.000180006027222
script duration name:unknown120_60 seconds:214.0
loading script "jan_unknown120_60.py"
loading script "jan_pump_ms.py"
loading script "jan_co2.py"
loading script "jan_pump_extraction_line.py"
testing...
no interpolation path defined
executed snippet estimated_duration=0, duration=1.78813934326e-05
loading script "jan_unknown120_60.py"
loading script "jan_pump_ms.py"
loading script "jan_co2.py"
loading script "jan_pump_extraction_line.py"
testing...
no interpolation path defined
calculate duration
testing...
no interpolation path defined
executed snippet estimated_duration=0, duration=4.6968460083e-05
calculate duration
testing...
no interpolation path defined
executed snippet estimated_duration=0, duration=7.39097595215e-05
executed snippet estimated_duration=0.0, duration=0.00168991088867
script duration name:co2 seconds:0.0
loading script "jan_unknown120_60.py"
loading script "jan_pump_ms.py"
loading script "jan_co2.py"
loading script "jan_pump_extraction_line.py"
testing...
no interpolation path defined
calculate duration
testing...
no interpolation path defined
executed snippet estimated_duration=4.0, duration=0.0001220703125
executed snippet estimated_duration=4.0, duration=0.00089693069458
Script duration 214.0
Run total estimated duration= 215.000
run duration: 0:03:35
doing event level: 2
11:24:47 -- Setting default integration. t=1.048576
setting integration time = 1.048576
SetIntegrationTime 1.048576 ===>> OK
----------------- start -----------------
**************** Experiment Type: Ar/Ar, Ar/Ar
create new session 4419438256
close session 4419438256
$$$$$ Clearing conditionals
adding conditionals 
Add queue conditionals
add default conditionals
adding default conditionals from /Users/jan/PychronDev/setupfiles/spectrometer/default_conditionals.yaml
Start automated run 65475-14
loading script "jan_unknown120_60.py"
loading script "jan_pump_ms.py"
loading script "jan_co2.py"
loading script "jan_pump_extraction_line.py"
%%%%%%%%%%%%%%%%%% setting automated run 65475-14
No value "sensitivity_multiplier" in metadata
$$$$$$$$$$$$$$$ auto_save_detector_ic=False
============================= Pre Extraction Check =============================
loading queue conditionals pre_run_terminations
loading system conditionals pre_run_terminations
loading conditionals from /Users/jan/PychronDev/setupfiles/spectrometer/default_conditionals.yaml
11:24:47 -- ******* Pre Extraction Check *******
Get a measurement from the spectrometer
GetData ===>> H2,-0.157700164796679,H1,0.0619975264067431,AX,-0.0140819238644785,L1,-0.0251659030750766,L2,0.06...
Pre Extraction Termination data. keys=H2,H1,AX,L1,L2,CDD, signals=-0.15770,0.06200,-0.01408,-0.02517,0.06635,0.00298
11:24:47 -- testing system defined conditionals
Checking default pre extraction terminations n=2
testing CDD
evaluate ot="CDD.inactive" t="CDD", ctx="{'CDD': False}"
GetDeflection CDD ===>> 50
testing CDD==2000
evaluate ot="CDD.deflection==2000" t="CDD==2000", ctx="{'CDD': 50.0}"
11:24:47 -- ******* Pre Extraction Check Passed *******
=================================================================================
11:24:47 -- stopping status monitor
stop 6901184944
Alive clients [5025639504, 5288834736, 4992986192]
11:24:47 -- starting status monitor
start 6901184944
Monitor already running
start extraction
do extraction
Analysis started at 11:24:47.546604
Extraction Started jan_co2.py
11:24:47 -- ******* Extraction Started jan_co2.py *******
state changed from not run to extraction
DO EXTRACTION <pychron.extraction_line.pyscript_runner.RemotePyScriptRunner object at 0x12bfe48f0>
testing...
no interpolation path defined
calculate duration
testing...
no interpolation path defined
executed snippet estimated_duration=0, duration=4.29153442383e-05
calculate duration
testing...
no interpolation path defined
executed snippet estimated_duration=0, duration=7.82012939453e-05
executed snippet estimated_duration=100.0, duration=0.00193786621094
Jan CO2 laser analysis
doing GOSUB
testing...
no interpolation path defined
executed snippet estimated_duration=0, duration=4.72068786621e-05
Waiting for CO2 access
wait ('FelixCO2Flag', 0) {}
waiting for FelixCO2Flag = 0
Read FelixCO2Flag ===>> 0
finished waiting
CO2 free
wait ('CO2PumpTimeFlag', 0) {}
waiting for CO2PumpTimeFlag = 0
Read CO2PumpTimeFlag ===>> 0
finished waiting
acquire ('JanCO2Flag',) {'clear': True}
acquire JanCO2Flag
Set JanCO2Flag 1 ===>> OK
JanCO2Flag acquired
set extraction state False (0.75, 'red', 1.5)
CO2 acquired
executed snippet estimated_duration=0, duration=0.0180552005768
WaitForCO2Access.py completed successfully
gosub finished
doing GOSUB
testing...
no interpolation path defined
executed snippet estimated_duration=0, duration=9.3936920166e-05
Prepare for CO2 analysis
close () {'description': 'Jan Inlet'}
closing name=--- desc=Jan Inlet
checking ownership. requestor=129.138.12.150
check software interlocks R
interlocks []
actuate state mode=None-script, software_lock=False
doing actuation None-script close_channel False
Close R ===>> OK
GetIndicatorState R ===>> False
change switch state (True, True)
update switch state R False args=() kw={} ncanvase=8
11:24:48 -- CLOSE  VALVE-R (Jan Inlet)
---------------------------------------- close None (Jan Inlet) result=[(True, True)]
action=close, ok=True, locked=[False]
open () {'description': 'Jan Ion Pump'}
opening name=--- desc=Jan Ion Pump
checking ownership. requestor=129.138.12.150
check software interlocks O
interlocks []
actuate state mode=None-script, software_lock=False
doing actuation None-script open_channel False
Open O ===>> OK
GetIndicatorState O ===>> OK
change switch state (True, True)
update switch state O True args=() kw={} ncanvase=8
11:24:48 -- OPEN   VALVE-O (Jan Ion Pump)
---------------------------------------- open None (Jan Ion Pump) result=[(True, True)], time=0.11 sec
action=open, ok=True, locked=[False]
close () {'description': 'Microbone to Minibone'}
closing name=--- desc=Microbone to Minibone
checking ownership. requestor=129.138.12.150
check software interlocks L
interlocks []
actuate state mode=None-script, software_lock=False
doing actuation None-script close_channel False
Close L ===>> OK
GetIndicatorState L ===>> False
change switch state (True, True)
update switch state L False args=() kw={} ncanvase=8
11:24:49 -- CLOSE  VALVE-L (Microbone to Minibone)
---------------------------------------- close None (Microbone to Minibone) result=[(True, True)]
action=close, ok=True, locked=[False]
open () {'description': 'Microbone to Turbo'}
opening name=--- desc=Microbone to Turbo
checking ownership. requestor=129.138.12.150
check software interlocks U
interlocks []
actuate state mode=None-script, software_lock=False
doing actuation None-script open_channel False
Open U ===>> OK
GetIndicatorState U ===>> OK
change switch state (True, True)
update switch state U True args=() kw={} ncanvase=8
11:24:49 -- OPEN   VALVE-U (Microbone to Turbo)
---------------------------------------- open None (Microbone to Turbo) result=[(True, True)], time=0.15 sec
action=open, ok=True, locked=[False]
open () {'description': 'Microbone to Inlet Pipette'}
opening name=--- desc=Microbone to Inlet Pipette
checking ownership. requestor=129.138.12.150
check software interlocks S
interlocks []
actuate state mode=None-script, software_lock=False
doing actuation None-script open_channel False
Open S ===>> OK
GetIndicatorState S ===>> OK
change switch state (True, True)
update switch state S True args=() kw={} ncanvase=8
11:24:50 -- OPEN   VALVE-S (Microbone to Inlet Pipette)
---------------------------------------- open None (Microbone to Inlet Pipette) result=[(True, True)], time=0.46 sec
action=open, ok=True, locked=[False]
open () {'description': 'Microbone to Getter D-50'}
opening name=--- desc=Microbone to Getter D-50
checking ownership. requestor=129.138.12.150
check software interlocks K
interlocks []
actuate state mode=None-script, software_lock=False
doing actuation None-script open_channel False
Open K ===>> OK
GetIndicatorState K ===>> OK
change switch state (True, True)
update switch state K True args=() kw={} ncanvase=8
11:24:51 -- OPEN   VALVE-K (Microbone to Getter D-50)
---------------------------------------- open None (Microbone to Getter D-50) result=[(True, True)], time=0.46 sec
action=open, ok=True, locked=[False]
open () {'description': 'Microbone to Getter NP-10'}
opening name=--- desc=Microbone to Getter NP-10
checking ownership. requestor=129.138.12.150
check software interlocks M
interlocks []
actuate state mode=None-script, software_lock=False
doing actuation None-script open_channel False
Open M ===>> OK
GetIndicatorState M ===>> OK
change switch state (True, True)
update switch state M True args=() kw={} ncanvase=8
11:24:51 -- OPEN   VALVE-M (Microbone to Getter NP-10)
---------------------------------------- open None (Microbone to Getter NP-10) result=[(True, True)], time=0.16 sec
action=open, ok=True, locked=[False]
close () {'description': 'CO2 Laser to Felix'}
closing name=--- desc=CO2 Laser to Felix
checking ownership. requestor=129.138.12.150
check software interlocks F
interlocks []
actuate state mode=None-script, software_lock=True
VALVE-F(CO2 Laser to Felix) software locked
change switch state (True, False)
---------------------------------------- close None (CO2 Laser to Felix) result=[(True, False)]
action=close, ok=True, locked=[True]
open () {'description': 'CO2 Laser to Jan'}
opening name=--- desc=CO2 Laser to Jan
checking ownership. requestor=129.138.12.150
check software interlocks A
interlocks []
actuate state mode=None-script, software_lock=False
doing actuation None-script open_channel False
Open A ===>> OK
GetIndicatorState A ===>> OK
change switch state (True, True)
update switch state A True args=() kw={} ncanvase=8
11:24:51 -- OPEN   VALVE-A (CO2 Laser to Jan)
---------------------------------------- open None (CO2 Laser to Jan) result=[(True, True)], time=0.16 sec
action=open, ok=True, locked=[False]
open () {'description': 'Microbone to CO2 Laser'}
opening name=--- desc=Microbone to CO2 Laser
checking ownership. requestor=129.138.12.150
check software interlocks T
interlocks []
actuate state mode=None-script, software_lock=False
doing actuation None-script open_channel False
Open T ===>> OK
GetIndicatorState T ===>> OK
change switch state (True, True)
update switch state T True args=() kw={} ncanvase=8
11:24:52 -- OPEN   VALVE-T (Microbone to CO2 Laser)
---------------------------------------- open None (Microbone to CO2 Laser) result=[(True, True)], time=0.46 sec
action=open, ok=True, locked=[False]
executed snippet estimated_duration=0, duration=5.25786995888
PrepareForCO2Analysis.py completed successfully
gosub finished
set_motor ('beam', '1.25') {}
setting motor "beam" to 1.25
set motor beam to 1.25
SetMotor beam,1.25 ===>> OK
GetMotorMoving beam ===>> False
GetMotorMoving beam ===>> False
Block completed
move_to_position ('104',) {'autocenter': True}
FusionsCO2 move to position 104
sending GoToHole 104,True
GoToHole 104,True ===>> OK
GetDriveMoving ===>> OK
GetDriveMoving ===>> OK
GetDriveMoving ===>> OK
GetDriveMoving ===>> OK
GetDriveMoving ===>> False
GetDriveMoving ===>> OK
GetDriveMoving ===>> OK
GetDriveMoving ===>> OK
GetDriveMoving ===>> OK
GetDriveMoving ===>> OK
GetDriveMoving ===>> OK
GetDriveMoving ===>> OK
GetDriveMoving ===>> OK
GetDriveMoving ===>> OK
GetDriveMoving ===>> OK
GetDriveMoving ===>> OK
GetDriveMoving ===>> OK
GetDriveMoving ===>> OK
GetDriveMoving ===>> OK
GetDriveMoving ===>> OK
GetDriveMoving ===>> OK
GetDriveMoving ===>> OK
GetDriveMoving ===>> OK
GetDriveMoving ===>> OK
GetDriveMoving ===>> OK
GetDriveMoving ===>> OK
GetDriveMoving ===>> OK
GetDriveMoving ===>> OK
GetDriveMoving ===>> OK
GetDriveMoving ===>> OK
GetDriveMoving ===>> OK
GetDriveMoving ===>> OK
GetDriveMoving ===>> OK
GetDriveMoving ===>> OK
GetDriveMoving ===>> OK
GetDriveMoving ===>> False
Block completed
GetAutoCorrecting ===>> False
GetAutoCorrecting ===>> False
Block completed
update position
GetPosition ===>> -13.95730,0.00000,1.00000
got position (-13.9573, 0.0, 1.0)
move to position succeeded
sleep (5,) {}
SLEEP 5.0
block started
WaitControl setup for 5.0  
Join finished
block finished. duration 5.02903103828
close () {'description': 'Microbone to Turbo'}
closing name=--- desc=Microbone to Turbo
checking ownership. requestor=129.138.12.150
check software interlocks U
interlocks []
actuate state mode=None-script, software_lock=False
doing actuation None-script close_channel True
Close U ===>> OK
GetIndicatorState U ===>> False
change switch state (True, True)
update switch state U False args=() kw={} ncanvase=8
11:25:10 -- CLOSE  VALVE-U (Microbone to Turbo)
---------------------------------------- close None (Microbone to Turbo) result=[(True, True)]
action=close, ok=True, locked=[False]
enable laser
enable () {}
set extraction state FusionsCO2 Enabled (False, 'red', 1.5)
enabling laser
Enable ===>> OK
begin interval
BEGIN INTERVAL Interval 1 waiting for 30.0
set extract to 5.0
block started
WaitControl setup for 30.0  
extract (5.0,) {}
GetPosition ===>> -13.95730,0.00000,1.00000
set extraction state FusionsCO2 ON! 5.0(watts) (0.75, 'red', 1.5)
extract sample to 5.0 (watts)
set laser output
SetLaserOutput 5.0,watts ===>> OK
executing pattern triangle.lp
execute_pattern ('triangle.lp',) {}
executing pattern triangle.lp
IsPatterning ===>> OK
IsPatterning ===>> OK
IsPatterning ===>> OK
IsPatterning ===>> OK
IsPatterning ===>> OK
IsPatterning ===>> OK
IsPatterning ===>> OK
IsPatterning ===>> OK
IsPatterning ===>> OK
IsPatterning ===>> OK
IsPatterning ===>> OK
IsPatterning ===>> OK
IsPatterning ===>> OK
IsPatterning ===>> OK
IsPatterning ===>> OK
IsPatterning ===>> OK
IsPatterning ===>> OK
IsPatterning ===>> OK
IsPatterning ===>> OK
IsPatterning ===>> OK
IsPatterning ===>> OK
IsPatterning ===>> OK
IsPatterning ===>> OK
IsPatterning ===>> OK
IsPatterning ===>> OK
IsPatterning ===>> OK
IsPatterning ===>> False
IsPatterning ===>> False
Block completed
COMPLETE INTERVAL waiting for Interval 1 to complete
Join finished
block finished. duration 30.1144161224
Interval 1 finished
end_extract () {}
ending extraction. set laser power to 0
set laser power 0
SetLaserPower 0 ===>> OK
disable () {}
%%%%%%%%%%%%%%%%%%%%%%%%%%%%%%%%%%% disable
set extraction state False (0.75, 'red', 1.5)
disabling laser
Disable ===>> OK
sleep (30.0,) {}
SLEEP 30.0
block started
WaitControl setup for 30.0  
Join finished
block finished. duration 30.1114850044
executed snippet estimated_duration=166.5, duration=83.7337288857
jan_co2.py completed successfully
GetAchievedOutput ===>> No Response
Requested Output= 0.000
Achieved Output=  0.000
GetResponseBlob ===>> No Response
GetOutputBlob ===>> No Response
persistence save...
persistence save - db
AutomatedRunPersister post_extraction_save deprecated
persistence save - dvc
no extraction position for 104
create new session 4992585168
close session 4992585168
Extraction Finished
11:26:11 -- ******* Extraction Finished *******
no overlap. not waiting for min ms pumptime
11:26:11 -- Sending spectrometer configuration
======== Sending configuration ========
SetDeflection CDD,50.0 ===>> OK
SetDeflection H2,0.0 ===>> OK
SetDeflection H1,0.0 ===>> OK
SetDeflection L2,825.0 ===>> OK
SetDeflection L1,400.0 ===>> OK
SetDeflection AX,190.0 ===>> OK
SetZFocus 74.64 ===>> OK
SetZSymmetry -50.72 ===>> OK
SetExtractionLens 26.13 ===>> OK
SetIonRepeller -3.81 ===>> OK
SetElectronEnergy 75.08 ===>> OK
SetYSymmetry -2.81 ===>> OK
SetIonCounterVoltage 1590.0 ===>> OK
send trap current 200.0
GetParameter Trap Current Readback ===>> 197.811389855338
SetParameter Trap Current Set,200.0 ===>> OK
updating mftable name mftable
Using mftable located at /Users/jan/PychronDev/setupfiles/spectrometer/mftables/mftable.csv
============ MFtable ===========
Isotope  H2     H1     AX     L1     L2     CDD    
Ar40     5.8270 5.8809 5.9942 6.1670 6.2327 6.3952
Ar39     5.7263 5.7732 5.8866 6.0530 6.1178 6.2817
Ar36     5.4038 5.4422 5.5500 5.7119 5.7728 5.9328
================================
get initial guess parabolic
get initial guess parabolic
get initial guess parabolic
get initial guess parabolic
get initial guess parabolic
get initial guess parabolic
======== Configuration Finished ========
GetYSymmetry ===>> -2.81
GetZSymmetry ===>> -50.72
GetParameter Trap Current Readback ===>> 198.258926936459
GetHighVoltage ===>> 4499.94659342336
start measurement
do measurement
L#=65475 analysis type=unknown
Measurement Started jan_unknown120_60.py
11:26:11 -- ******* Measurement Started jan_unknown120_60.py *******
state changed from extraction to measurement
setting spec, defl, and gains
GetExtractionLens ===>> 26.13
GetYSymmetry ===>> -2.81
GetZSymmetry ===>> -50.72
GetZFocus ===>> 74.64
GetDeflection H2 ===>> 0
GetDeflection H1 ===>> 0
GetDeflection AX ===>> 190
GetDeflection L1 ===>> 400
GetDeflection L2 ===>> 825
GetDeflection CDD ===>> 50
GetGain H2 ===>> 0.0113
GetGain H1 ===>> 0.1
GetGain AX ===>> 0.097049
GetGain L1 ===>> 0.010355
GetGain L2 ===>> 0.095649
GetGain CDD ===>> 0
pre measurement save
New frame /Users/jan/PychronDev/data/isotopes/c9/07c5ef-b4cd-4f62-a2e1-8681b493e9b5.h5
flush and close file /Users/jan/PychronDev/data/isotopes/c9/07c5ef-b4cd-4f62-a2e1-8681b493e9b5.h5
testing...
no interpolation path defined
executed snippet estimated_duration=226.132928, duration=0.000159025192261
unknown measurement script
activate_detectors ('H2', 'H1', 'AX', 'L1', 'L2', 'CDD') {}
activate detectors
*************** Set Analysis View Ar/Ar
create graphs
clearing graphs
clear isotope group
setting isotope det=H2, iso=PM41
setting isotope det=H1, iso=Ar40
setting isotope det=AX, iso=Ar39
setting isotope det=L1, iso=Ar38
setting isotope det=L2, iso=Ar37
setting isotope det=CDD, iso=Ar36
setting previous blanks
 - setting Ar40 blank 0.225+/-0.008
 - setting Ar36 blank 0.00481+/-0.00019
 - setting Ar37 blank 0.055+/-0.005
 - setting Ar38 blank 0.0089+/-0.0022
 - setting PM41 blank 0.04+/-0.07
 - setting Ar39 blank 0.034+/-0.009
load analysis view
position_magnet ('Ar40',) {'detector': 'H1'}
detector Detector(H1)
POSITION Ar40 H1
setting detector H2 to PM41 (40.9624)
setting detector H1 to Ar40 (39.9624)
setting detector AX to Ar39 (38.9624)
setting detector L1 to Ar38 (37.9624)
setting detector L2 to Ar37 (36.9624)
setting detector CDD to Ar36 (35.9624)
Mapping mass to dac mass func: "parabolic"
H1 map mass coeffs = [-0.00063987  0.15840543  0.57253999]
H1 map mass to dac 39.9624 >> 5.88093
GetDeflection H1 ===>> 0
GetHighVoltage ===>> 4499.94659342336
positioning Ar40 (5.88089536775) on H1
setting magnet DAC
current  : 5.880895
requested: 5.880895
Delta Dac: 0.000000
Checking detector protection. dv=0.00000
Checking detector "CDD". Protection Threshold: 0.1 (V)
SetMagnetDAC 5.88089536775 ===>> OK
Magnet settling time: 0.500
equilibrate () {'delay': 3, 'inlet': 'R', 'outlet': 'O', 'eqtime': 12.0}
Equilibration Started
11:26:13 -- ******* Equilibration Started *******
checking ownership. requestor=129.138.12.150
check software interlocks O
interlocks []
actuate state mode=None-script, software_lock=False
doing actuation None-script close_channel True
Close O ===>> OK
GetIndicatorState O ===>> False
change switch state (True, True)
update switch state O False args=() kw={} ncanvase=8
11:26:13 -- CLOSE  VALVE-O (Jan Ion Pump)
waiting 3s before opening inlet value ('R',)
update labels <pychron.experiment.plot_panel.PlotPanel object at 0x2336848f0>
update labels "<pychron.graph.stacked_regression_graph.StackedRegressionGraph object at 0x21f09f230>"
setting label 0 H2 PM41
setting label 1 H1 Ar40
setting label 2 AX Ar39
setting label 3 L1 Ar38
setting label 4 L2 Ar37
setting label 5 CDD Ar36
update labels "<pychron.graph.stacked_graph.StackedGraph object at 0x236ddbf50>"
setting label 0 H2 PM41
setting label 1 H1 Ar40
setting label 2 AX Ar39
setting label 3 L1 Ar38
setting label 4 L2 Ar37
setting label 5 CDD Ar36
checking ownership. requestor=129.138.12.150
check software interlocks R
interlocks []
actuate state mode=None-script, software_lock=False
doing actuation None-script open_channel True
Open R ===>> OK
GetIndicatorState R ===>> OK
change switch state (True, True)
update switch state R True args=() kw={} ncanvase=8
11:26:16 -- OPEN   VALVE-R (Jan Inlet)
equilibrating for 12.0sec
set_time_zero () {}
sniff (12.0,) {}
py_sniff
build tables- sniff [Detector(H2), Detector(H1), Detector(AX), Detector(L1), Detector(L2), Detector(CDD)]
add group /sniff/PM41 (Group) '' table H2
add group /sniff/Ar40 (Group) '' table H1
add group /sniff/Ar39 (Group) '' table AX
add group /sniff/Ar38 (Group) '' table L1
add group /sniff/Ar37 (Group) '' table L2
add group /sniff/Ar36 (Group) '' table CDD
flush and close file /Users/jan/PychronDev/data/isotopes/c9/07c5ef-b4cd-4f62-a2e1-8681b493e9b5.h5
measuring sniff. ncounts=12.0
"sniff" increment series count="1" fit count="0" regressing="False"
starting measurement
check iteration duration=1.81198120117e-05
GetData ===>> H2,-0.0185184124536136,H1,10.4578201502903,AX,1.00423263385298,L1,0.0564445196490248,L2,0.0894622...
check iteration duration=2.90870666504e-05
GetData ===>> H2,1.16109041033841,H1,122.112544829783,AX,9.36689087812688,L1,0.254789104745637,L2,0.36188111830...
check iteration duration=4.19616699219e-05
GetData ===>> H2,0.763932955360119,H1,188.490151261714,AX,13.0243730814146,L1,0.417812588917403,L2,0.1053401954...
check iteration duration=3.40938568115e-05
GetData ===>> H2,0.431196141952463,H1,209.766329131695,AX,13.9411971989725,L1,0.42007378448914,L2,0.07002993564...
check iteration duration=4.19616699219e-05
GetData ===>> H2,0.331855229447277,H1,217.422899751017,AX,14.1076275960113,L1,0.412533137589767,L2,0.1168428102...
check iteration duration=2.00271606445e-05
GetData ===>> H2,0.227847027900727,H1,220.431914362031,AX,14.2736936892949,L1,0.454994787169279,L2,0.1597190435...
check iteration duration=3.91006469727e-05
GetData ===>> H2,0.113981566001147,H1,221.744875347333,AX,14.4870691875194,L1,0.42071903127283,L2,0.15905750902...
check iteration duration=4.10079956055e-05
GetData ===>> H2,0.242581916382275,H1,222.339407496213,AX,14.5252204908459,L1,0.346306905914819,L2,0.1131604550...
check iteration duration=1.8835067749e-05
GetData ===>> H2,0.183986576125528,H1,222.670013346954,AX,14.4703271000587,L1,0.362851371506656,L2,0.1560578492...
check iteration duration=4.29153442383e-05
GetData ===>> H2,0.108777766634425,H1,222.781451891462,AX,14.3603671926277,L1,0.370823034130862,L2,0.2112529449...
check iteration duration=3.88622283936e-05
GetData ===>> H2,0.111538532847841,H1,222.817274894059,AX,14.3725834012498,L1,0.38322432619449,L2,0.18483792753...
Equilibration Finished
check iteration duration=2.90870666504e-05
11:26:28 -- ******* Equilibration Finished *******
GetData ===>> H2,0.117088030123706,H1,222.752061897261,AX,14.4788037713922,L1,0.391251865327149,L2,0.0704861762...
checking ownership. requestor=129.138.12.150
check software interlocks R
interlocks []
actuate state mode=None-script, software_lock=False
doing actuation None-script close_channel True
Close R ===>> OK
GetIndicatorState R ===>> False
change switch state (True, True)
update switch state R False args=() kw={} ncanvase=8
11:26:29 -- CLOSE  VALVE-R (Jan Inlet)
Post Equilibration Started jan_pump_extraction_line.py
11:26:29 -- ******* Post Equilibration Started jan_pump_extraction_line.py *******
testing...
no interpolation path defined
calculate duration
testing...
no interpolation path defined
executed snippet estimated_duration=4.0, duration=0.000132083892822
executed snippet estimated_duration=4.0, duration=0.00126695632935
Pump after analysis
doing GOSUB
testing...
no interpolation path defined
executed snippet estimated_duration=4.0, duration=0.000111818313599
Pump Microbone
close () {'description': 'Jan Inlet'}
closing name=--- desc=Jan Inlet
checking ownership. requestor=129.138.12.150
check software interlocks R
interlocks []
actuate state mode=None-script, software_lock=False
doing actuation None-script close_channel False
check iteration duration=2.00271606445e-05
waiting for write to finish
measurement finished
estimated time: 12.583 actual time: :12.735
flush and close file /Users/jan/PychronDev/data/isotopes/c9/07c5ef-b4cd-4f62-a2e1-8681b493e9b5.h5
set_fits () {}
using default fits file=/Users/jan/PychronDev/scripts/measurement/fits/nominal_linear.yaml
Close R ===>> OK
set "Ar40" to "('Linear', 'SEM')"
No fit for "PM41". defaulting to linear. check the measurement script "jan_unknown120_60.py"
set "PM41" to "linear"
set "Ar36" to "('Linear', 'SEM')"
set "Ar37" to "('linear', 'SEM')"
set "Ar38" to "('linear', 'SEM')"
set "Ar39" to "('Linear', 'SEM')"
set_baseline_fits () {}
using default fits file=/Users/jan/PychronDev/scripts/measurement/fits/nominal_linear.yaml
set "H1" to "('average', 'SEM')"
set "H2" to "('average', 'SEM')"
set "CDD" to "('average', 'SEM')"
set "L2" to "('average', 'SEM')"
set "L1" to "('average', 'SEM')"
set "AX" to "('average', 'SEM')"
multicollect () {'integration_time': 1, 'ncounts': 120}
build tables- signal [Detector(H2), Detector(H1), Detector(AX), Detector(L1), Detector(L2), Detector(CDD)]
add group /signal/PM41 (Group) '' table H2
add group /signal/Ar40 (Group) '' table H1
add group /signal/Ar39 (Group) '' table AX
add group /signal/Ar38 (Group) '' table L1
add group /signal/Ar37 (Group) '' table L2
add group /signal/Ar36 (Group) '' table CDD
flush and close file /Users/jan/PychronDev/data/isotopes/c9/07c5ef-b4cd-4f62-a2e1-8681b493e9b5.h5
measuring signal. ncounts=120
GetIndicatorState R ===>> False
change switch state (True, True)
update switch state R False args=() kw={} ncanvase=8
11:26:29 -- CLOSE  VALVE-R (Jan Inlet)
---------------------------------------- close None (Jan Inlet) result=[(True, True)]
action=close, ok=True, locked=[False]
is_closed ('F',) {}
is F () closed?
is closed True
open () {'description': 'CO2 Laser to Jan'}
opening name=--- desc=CO2 Laser to Jan
checking ownership. requestor=129.138.12.150
check software interlocks A
interlocks []
actuate state mode=None-script, software_lock=False
doing actuation None-script open_channel False
Open A ===>> OK
GetIndicatorState A ===>> OK
change switch state (True, True)
update switch state A True args=() kw={} ncanvase=8
11:26:30 -- OPEN   VALVE-A (CO2 Laser to Jan)
---------------------------------------- open None (CO2 Laser to Jan) result=[(True, True)], time=0.16 sec
"signal" increment series count="2" fit count="1" regressing="True"
starting measurement
check iteration duration=5.19752502441e-05
GetData ===>> H2,0.109595955110549,H1,222.770335641526,AX,14.3439317335849,L1,0.406279701613321,L2,0.1004842042...
action=open, ok=True, locked=[False]
sleep (1,) {}
SLEEP 1.0
check iteration duration=4.10079956055e-05
GetData ===>> H2,0.260529220984968,H1,222.957327663267,AX,14.4195064153763,L1,0.415688233019176,L2,-0.003555997...
close () {'description': 'CO2 Laser to Roughing'}
closing name=--- desc=CO2 Laser to Roughing
checking ownership. requestor=129.138.12.150
check software interlocks G
interlocks []
actuate state mode=None-script, software_lock=True
VALVE-G(CO2 Laser to Roughing) software locked
change switch state (True, False)
---------------------------------------- close None (CO2 Laser to Roughing) result=[(True, False)]
action=close, ok=True, locked=[True]
open () {'description': 'Microbone to Turbo'}
opening name=--- desc=Microbone to Turbo
checking ownership. requestor=129.138.12.150
check software interlocks U
interlocks []
actuate state mode=None-script, software_lock=False
doing actuation None-script open_channel True
Open U ===>> OK
GetIndicatorState U ===>> OK
change switch state (True, True)
update switch state U True args=() kw={} ncanvase=8
11:26:31 -- OPEN   VALVE-U (Microbone to Turbo)
---------------------------------------- open None (Microbone to Turbo) result=[(True, True)], time=0.19 sec
action=open, ok=True, locked=[False]
open () {'description': 'Microbone to Getter NP-10'}
opening name=--- desc=Microbone to Getter NP-10
checking ownership. requestor=129.138.12.150
check software interlocks M
interlocks []
actuate state mode=None-script, software_lock=False
doing actuation None-script open_channel False
Open M ===>> OK
GetIndicatorState M ===>> OK
change switch state (True, True)
update switch state M True args=() kw={} ncanvase=8
11:26:32 -- OPEN   VALVE-M (Microbone to Getter NP-10)
---------------------------------------- open None (Microbone to Getter NP-10) result=[(True, True)], time=0.17 sec
action=open, ok=True, locked=[False]
open () {'description': 'Microbone to Getter D-50'}
opening name=--- desc=Microbone to Getter D-50
checking ownership. requestor=129.138.12.150
check software interlocks K
interlocks []
actuate state mode=None-script, software_lock=False
doing actuation None-script open_channel False
check iteration duration=5.00679016113e-05
GetData ===>> H2,0.127874018850178,H1,222.926968361534,AX,14.2783386797753,L1,0.4159883604769,L2,0.105408591445...
Open K ===>> OK
GetIndicatorState K ===>> OK
change switch state (True, True)
update switch state K True args=() kw={} ncanvase=8
11:26:32 -- OPEN   VALVE-K (Microbone to Getter D-50)
---------------------------------------- open None (Microbone to Getter D-50) result=[(True, True)], time=0.46 sec
action=open, ok=True, locked=[False]
open () {'description': 'Microbone to CO2 Laser'}
opening name=--- desc=Microbone to CO2 Laser
checking ownership. requestor=129.138.12.150
check software interlocks T
interlocks []
actuate state mode=None-script, software_lock=False
doing actuation None-script open_channel False
Open T ===>> OK
GetIndicatorState T ===>> OK
change switch state (True, True)
update switch state T True args=() kw={} ncanvase=8
check iteration duration=6.103515625e-05
GetData ===>> H2,-0.153737551339964,H1,222.800913037363,AX,14.262748268374,L1,0.402663799120116,L2,0.1242421505...
11:26:33 -- OPEN   VALVE-T (Microbone to CO2 Laser)
---------------------------------------- open None (Microbone to CO2 Laser) result=[(True, True)], time=0.45 sec
action=open, ok=True, locked=[False]
open () {'description': 'Microbone to Inlet Pipette'}
opening name=--- desc=Microbone to Inlet Pipette
checking ownership. requestor=129.138.12.150
check software interlocks S
interlocks []
actuate state mode=None-script, software_lock=False
doing actuation None-script open_channel False
Open S ===>> OK
GetIndicatorState S ===>> OK
change switch state (True, True)
update switch state S True args=() kw={} ncanvase=8
11:26:34 -- OPEN   VALVE-S (Microbone to Inlet Pipette)
---------------------------------------- open None (Microbone to Inlet Pipette) result=[(True, True)], time=0.44 sec
action=open, ok=True, locked=[False]
sleep (1,) {}
SLEEP 1.0
testing H1>-5.0
evaluate ot="H1.bs>-5.0" t="H1>-5.0", ctx="{'H1': None}"
check iteration duration=0.00986099243164
GetData ===>> H2,-0.202281455075493,H1,222.687725680187,AX,14.2024631678695,L1,0.36104315771893,L2,0.0952067278...
set_resource () {'name': 'CO2PumpTimeFlag', 'value': 30}
Set CO2PumpTimeFlag 30 ===>> OK
release ('JanCO2Flag',) {}
release JanCO2Flag
Set JanCO2Flag 0 ===>> OK
executed snippet estimated_duration=6.0, duration=6.12654995918
PumpMicrobone.py completed successfully
gosub finished
get_resource_value () {'name': 'JanMiniboneFlag'}
Read JanMiniboneFlag ===>> 0
Get Resource Value JanMiniboneFlag=0.0
get resource value 0.0
get_resource_value () {'name': 'JanMiniboneFlag'}
Read JanMiniboneFlag ===>> 0
Get Resource Value JanMiniboneFlag=0.0
executed snippet estimated_duration=4.0, duration=6.13808298111
jan_pump_extraction_line.py completed successfully
Post Equilibration Finished
11:26:35 -- ******* Post Equilibration Finished *******
check iteration duration=8.51154327393e-05
GetData ===>> H2,-0.149035880501122,H1,222.65589014759,AX,14.1865356885148,L1,0.332756373216794,L2,0.0606204590...
check iteration duration=8.51154327393e-05
GetData ===>> H2,-0.0450373650482042,H1,222.510387256912,AX,14.1280354970464,L1,0.350009824128219,L2,0.08008261...
check iteration duration=5.88893890381e-05
GetData ===>> H2,-0.0597072546639011,H1,222.629830840055,AX,14.1620270476919,L1,0.359688398527251,L2,0.04718647...
check iteration duration=3.60012054443e-05
GetData ===>> H2,-0.101533736469504,H1,222.697250137086,AX,14.0511967905534,L1,0.327236979139897,L2,0.107460494...
testing H1>-5.0
evaluate ot="H1.bs>-5.0" t="H1>-5.0", ctx="{'H1': None}"
check iteration duration=0.00156092643738
GetData ===>> H2,-0.152407813192151,H1,222.366701801105,AX,14.1393026005547,L1,0.32552054956436,L2,0.1660266631...
check iteration duration=9.29832458496e-05
GetData ===>> H2,-0.152407813192151,H1,222.366701801105,AX,14.1393026005547,L1,0.32552054956436,L2,0.1660266631...
check iteration duration=3.38554382324e-05
GetData ===>> H2,-0.085373126285912,H1,222.316043955206,AX,14.1005223040532,L1,0.314474875717139,L2,0.015821233...
check iteration duration=3.91006469727e-05
GetData ===>> H2,-0.14514966110795,H1,222.097951461712,AX,14.032331124894,L1,0.321692534748794,L2,0.14652343347...
check iteration duration=6.38961791992e-05
GetData ===>> H2,-0.146008877464187,H1,221.858769013534,AX,14.041433973513,L1,0.327928264695967,L2,0.0181239655...
testing H1>-5.0
evaluate ot="H1.bs>-5.0" t="H1>-5.0", ctx="{'H1': None}"
check iteration duration=0.00112509727478
GetData ===>> H2,-0.123100562231629,H1,221.944546492237,AX,14.0884655684719,L1,0.306851606246341,L2,0.060871366...
check iteration duration=6.00814819336e-05
GetData ===>> H2,-0.22236785057751,H1,222.223764817238,AX,14.1051637097007,L1,0.289098265188215,L2,0.1067423232...
check iteration duration=8.10623168945e-05
GetData ===>> H2,-0.165254068609179,H1,222.029028138411,AX,13.9898492309126,L1,0.336138258800328,L2,0.077928733...
check iteration duration=6.89029693604e-05
GetData ===>> H2,-0.0839347765105087,H1,221.737559485414,AX,13.9051644866099,L1,0.321838755423592,L2,-0.0245929...
check iteration duration=9.08374786377e-05
GetData ===>> H2,-0.0828674087977666,H1,221.745906124901,AX,14.0905931265051,L1,0.314857590093057,L2,0.09877440...
testing H1>-5.0
evaluate ot="H1.bs>-5.0" t="H1>-5.0", ctx="{'H1': None}"
check iteration duration=0.000596046447754
GetData ===>> H2,-0.102425757037502,H1,221.669811109795,AX,14.1551731221334,L1,0.324512525195578,L2,0.019845350...
check iteration duration=7.39097595215e-05
GetData ===>> H2,-0.108325677007991,H1,221.6585220827,AX,14.0028145072359,L1,0.338962232597782,L2,0.06935698477...
check iteration duration=7.5101852417e-05
GetData ===>> H2,-0.128135649026111,H1,221.635292221834,AX,14.0151846090871,L1,0.337647779706214,L2,0.050060136...
check iteration duration=8.79764556885e-05
GetData ===>> H2,-0.115197301135287,H1,221.676474182148,AX,14.0441077752665,L1,0.339295449414979,L2,0.047574182...
check iteration duration=7.48634338379e-05
GetData ===>> H2,-0.0851510201203585,H1,221.66890595394,AX,14.1127173230795,L1,0.306477716405165,L2,0.093417239...
testing H1>-5.0
evaluate ot="H1.bs>-5.0" t="H1>-5.0", ctx="{'H1': None}"
check iteration duration=0.000566005706787
11:26:55 -- collecting point 25
GetData ===>> H2,-0.0968450780924417,H1,221.598466570934,AX,14.1576857613036,L1,0.32643602411534,L2,0.113730469...
check iteration duration=8.79764556885e-05
GetData ===>> H2,-0.188861955019927,H1,221.456173336731,AX,14.1359696000298,L1,0.339383332580388,L2,-0.00642805...
check iteration duration=8.70227813721e-05
GetData ===>> H2,-0.130525316623414,H1,221.460872544551,AX,14.0925963055744,L1,0.316740899695041,L2,0.116021963...
check iteration duration=9.01222229004e-05
GetData ===>> H2,-0.170157224032238,H1,221.330263527909,AX,14.0867361819038,L1,0.355922132961644,L2,0.109649239...
check iteration duration=6.29425048828e-05
GetData ===>> H2,-0.188384618876108,H1,221.204638430411,AX,14.0591445223185,L1,0.325909402916637,L2,-0.04250375...
testing H1>-5.0
evaluate ot="H1.bs>-5.0" t="H1>-5.0", ctx="{'H1': None}"
check iteration duration=0.00100302696228
GetData ===>> H2,-0.147982396824691,H1,221.21917794538,AX,13.9054503980474,L1,0.338090793723073,L2,0.1151327206...
check iteration duration=5.60283660889e-05
GetData ===>> H2,-0.232994355179367,H1,221.300632846963,AX,13.999433186881,L1,0.341153851712424,L2,0.1606885421...
check iteration duration=7.70092010498e-05
GetData ===>> H2,-0.124231082281155,H1,221.161879488477,AX,13.9517458663237,L1,0.314906344545127,L2,0.020871356...
check iteration duration=5.19752502441e-05
GetData ===>> H2,-0.0953973364615755,H1,221.17423173831,AX,13.8980169554033,L1,0.268981443563002,L2,0.036878475...
check iteration duration=6.69956207275e-05
GetData ===>> H2,-0.110382571968828,H1,221.039961971127,AX,14.0357135114583,L1,0.297329481974671,L2,0.095263718...
testing H1>-5.0
evaluate ot="H1.bs>-5.0" t="H1>-5.0", ctx="{'H1': None}"
check iteration duration=0.000793933868408
GetData ===>> H2,-0.219510601410722,H1,221.012250860116,AX,14.018802674844,L1,0.319025716105555,L2,0.0824986649...
check iteration duration=8.29696655273e-05
GetData ===>> H2,-0.103370491530654,H1,221.107849516904,AX,14.0197973540815,L1,0.298498777070838,L2,0.104200269...
check iteration duration=7.79628753662e-05
GetData ===>> H2,-0.118994042311224,H1,220.88854033784,AX,14.0705012518899,L1,0.313601024281376,L2,0.0536181279...
check iteration duration=8.79764556885e-05
GetData ===>> H2,-0.149646315993588,H1,220.845631213583,AX,14.0157067963985,L1,0.306858913675885,L2,0.131185965...
check iteration duration=8.39233398438e-05
GetData ===>> H2,-0.233757334037414,H1,220.91539435553,AX,14.0198346547373,L1,0.322368822888244,L2,0.1206507197...
testing H1>-5.0
evaluate ot="H1.bs>-5.0" t="H1>-5.0", ctx="{'H1': None}"
check iteration duration=0.000588178634644
GetData ===>> H2,-0.189491630382226,H1,220.605389721955,AX,14.0943133468017,L1,0.321223424191062,L2,0.108383864...
check iteration duration=3.91006469727e-05
GetData ===>> H2,-0.131800483452593,H1,220.627355017486,AX,14.0516694086938,L1,0.314066581583147,L2,0.007078196...
check iteration duration=4.19616699219e-05
GetData ===>> H2,-0.161041572034011,H1,220.636482823819,AX,13.9979041699052,L1,0.338588749712962,L2,0.067053019...
check iteration duration=7.89165496826e-05
GetData ===>> H2,-0.17981746326521,H1,220.54859419176,AX,13.8957547084552,L1,0.334678982107467,L2,0.10990003593...
check iteration duration=8.89301300049e-05
GetData ===>> H2,-0.0900462700449938,H1,220.625825396371,AX,13.9485898516567,L1,0.29179419881781,L2,0.098170285...
testing H1>-5.0
evaluate ot="H1.bs>-5.0" t="H1>-5.0", ctx="{'H1': None}"
check iteration duration=0.000546932220459
GetData ===>> H2,-0.0886085036823811,H1,220.390988966755,AX,13.85093007864,L1,0.336710557024576,L2,0.0026214932...
check iteration duration=8.58306884766e-05
GetData ===>> H2,-0.170897978751906,H1,220.27501162176,AX,14.0333383682541,L1,0.32962192875559,L2,0.04472339751...
check iteration duration=9.60826873779e-05
GetData ===>> H2,-0.195233947268583,H1,220.41141307667,AX,14.0546544148158,L1,0.338544811445627,L2,0.1003132230...
check iteration duration=6.50882720947e-05
GetData ===>> H2,-0.148422710882103,H1,220.264588342464,AX,14.0512465397305,L1,0.328383051204744,L2,0.069448232...
check iteration duration=9.98973846436e-05
GetData ===>> H2,-0.0758484612516513,H1,220.257547910172,AX,14.0277551293268,L1,0.280688478503216,L2,0.11076643...
testing H1>-5.0
evaluate ot="H1.bs>-5.0" t="H1>-5.0", ctx="{'H1': None}"
check iteration duration=0.00105500221252
11:27:22 -- collecting point 50
GetData ===>> H2,-0.121955052083439,H1,220.235501106563,AX,13.9265478523609,L1,0.309218268564159,L2,0.102011649...
check iteration duration=7.70092010498e-05
GetData ===>> H2,-0.102236259285163,H1,220.189961735934,AX,13.9791972804619,L1,0.303993583946629,L2,0.093599606...
check iteration duration=4.81605529785e-05
GetData ===>> H2,-0.169135739622168,H1,219.93573955446,AX,14.0265987274265,L1,0.305441370117892,L2,0.0294332359...
check iteration duration=6.19888305664e-05
GetData ===>> H2,-0.113826319625332,H1,220.004966697827,AX,14.0205931042981,L1,0.271645487105754,L2,0.061498637...
check iteration duration=8.60691070557e-05
GetData ===>> H2,-0.148148529597268,H1,219.816012753005,AX,14.025417469899,L1,0.280448704844292,L2,0.0489539931...
testing H1>-5.0
evaluate ot="H1.bs>-5.0" t="H1>-5.0", ctx="{'H1': None}"
check iteration duration=0.001060962677
GetData ===>> H2,-0.224446008501776,H1,219.909825919255,AX,13.8910439231272,L1,0.311196794742255,L2,0.005402634...
check iteration duration=5.60283660889e-05
GetData ===>> H2,-0.208308387769267,H1,220.066738999327,AX,13.9786628471888,L1,0.319674433626614,L2,0.029877881...
check iteration duration=6.41345977783e-05
GetData ===>> H2,-0.230839704555657,H1,219.737220386765,AX,14.0897844005064,L1,0.299710843927936,L2,0.095480283...
check iteration duration=3.91006469727e-05
GetData ===>> H2,-0.076805352718038,H1,219.710268493715,AX,13.9133940770339,L1,0.320487827439576,L2,0.064121816...
check iteration duration=9.29832458496e-05
GetData ===>> H2,-0.0398543659268487,H1,219.706690183126,AX,13.89709713479,L1,0.339545674299971,L2,0.0342104363...
testing H1>-5.0
evaluate ot="H1.bs>-5.0" t="H1>-5.0", ctx="{'H1': None}"
check iteration duration=0.000595092773438
GetData ===>> H2,-0.141617544083737,H1,219.483359297388,AX,13.9845666224705,L1,0.343978926849745,L2,0.137012773...
check iteration duration=8.70227813721e-05
GetData ===>> H2,-0.182847936835858,H1,219.310653931896,AX,13.919448586089,L1,0.32359966015476,L2,0.09039684100...
check iteration duration=7.5101852417e-05
GetData ===>> H2,-0.107591060420894,H1,219.354530825398,AX,14.0287498939027,L1,0.334089717785305,L2,0.112237038...
check iteration duration=4.00543212891e-05
GetData ===>> H2,-0.0604747628437219,H1,219.547914058712,AX,13.9584806735873,L1,0.317107850213736,L2,0.06782860...
check iteration duration=8.70227813721e-05
GetData ===>> H2,-0.0224503261347112,H1,219.604581539494,AX,13.8752848477378,L1,0.332786868635927,L2,0.01857995...
testing H1>-5.0
evaluate ot="H1.bs>-5.0" t="H1>-5.0", ctx="{'H1': None}"
check iteration duration=0.000557899475098
GetData ===>> H2,-0.146412794733084,H1,219.410971754042,AX,13.9740643484271,L1,0.333212594173545,L2,0.136682084...
check iteration duration=8.79764556885e-05
GetData ===>> H2,-0.100963835377634,H1,219.224664373246,AX,13.9952564130168,L1,0.34007665955373,L2,0.1209129466...
check iteration duration=8.39233398438e-05
GetData ===>> H2,-0.146011579299735,H1,219.234197566376,AX,13.9256775135198,L1,0.365193610641841,L2,0.190713640...
check iteration duration=3.91006469727e-05
GetData ===>> H2,-0.175687373481303,H1,219.171197087001,AX,13.8566330578526,L1,0.358864906003283,L2,0.167954391...
check iteration duration=3.50475311279e-05
GetData ===>> H2,-0.185470274361863,H1,218.965648440665,AX,13.8880236634843,L1,0.33041703547689,L2,0.0810968923...
testing H1>-5.0
evaluate ot="H1.bs>-5.0" t="H1>-5.0", ctx="{'H1': None}"
check iteration duration=0.00109219551086
GetData ===>> H2,-0.0875785121297014,H1,219.022985549991,AX,13.8869174997388,L1,0.308024515546185,L2,0.04092628...
check iteration duration=4.60147857666e-05
GetData ===>> H2,-0.101493126886261,H1,218.923810994802,AX,13.8997198879519,L1,0.282211347598272,L2,0.010623190...
check iteration duration=7.48634338379e-05
GetData ===>> H2,-0.140364688975198,H1,219.118767893583,AX,13.933374047401,L1,0.299029876109966,L2,0.0652053247...
check iteration duration=4.6968460083e-05
GetData ===>> H2,-0.100479193907869,H1,218.822366177056,AX,13.9792221378901,L1,0.340649177949944,L2,0.079854688...
check iteration duration=7.79628753662e-05
GetData ===>> H2,-0.171437660248858,H1,218.863654646649,AX,13.9895757716759,L1,0.343884989115558,L2,0.098101894...
testing H1>-5.0
evaluate ot="H1.bs>-5.0" t="H1>-5.0", ctx="{'H1': None}"
check iteration duration=0.00114893913269
11:27:48 -- collecting point 75
GetData ===>> H2,-0.192782361362892,H1,218.887550306475,AX,13.8677541432418,L1,0.319570782389185,L2,0.113935675...
check iteration duration=5.00679016113e-05
GetData ===>> H2,-0.141005324734322,H1,218.648092644392,AX,13.9165393941348,L1,0.303804863261304,L2,0.034894541...
check iteration duration=5.3882598877e-05
GetData ===>> H2,-0.117112067361895,H1,218.477027779178,AX,13.8626594205876,L1,0.277246988178656,L2,0.102695587...
check iteration duration=4.6968460083e-05
GetData ===>> H2,-0.108866800643409,H1,218.66563578756,AX,13.9806390210858,L1,0.273419875420432,L2,0.0147268853...
check iteration duration=8.29696655273e-05
GetData ===>> H2,-0.155681877444122,H1,218.740241604525,AX,13.9002916817589,L1,0.291483795499719,L2,0.148621835...
testing H1>-5.0
evaluate ot="H1.bs>-5.0" t="H1>-5.0", ctx="{'H1': None}"
check iteration duration=0.000680923461914
GetData ===>> H2,-0.246068506622486,H1,218.558737175916,AX,13.937159416641,L1,0.279050340204008,L2,0.0543707969...
check iteration duration=7.20024108887e-05
GetData ===>> H2,-0.228065373672351,H1,218.385431534524,AX,13.8712584628267,L1,0.291504488760846,L2,0.091981113...
check iteration duration=9.01222229004e-05
GetData ===>> H2,-0.15042686925067,H1,218.398528075512,AX,13.8655546836582,L1,0.25950528508788,L2,0.08656734090...
check iteration duration=9.20295715332e-05
GetData ===>> H2,-0.179033401930239,H1,218.055279000755,AX,13.8694690083243,L1,0.288418004294175,L2,0.072904287...
check iteration duration=9.10758972168e-05
GetData ===>> H2,-0.243852394361898,H1,218.458233739085,AX,13.9037473719254,L1,0.29645016276478,L2,0.0664029005...
testing H1>-5.0
evaluate ot="H1.bs>-5.0" t="H1>-5.0", ctx="{'H1': None}"
check iteration duration=0.000592947006226
GetData ===>> H2,-0.106913222864871,H1,218.057622282661,AX,13.8795848008222,L1,0.312149645269899,L2,0.100894560...
check iteration duration=4.29153442383e-05
GetData ===>> H2,-0.1301766295184,H1,217.990450304993,AX,13.9258391473269,L1,0.306878400180203,L2,0.10400648316...
check iteration duration=8.10623168945e-05
GetData ===>> H2,-0.156850474498731,H1,218.208445976871,AX,13.9135929875586,L1,0.333716412597532,L2,0.028555351...
check iteration duration=7.82012939453e-05
GetData ===>> H2,-0.0284662654746389,H1,218.002911008344,AX,13.8141477667611,L1,0.33867052421248,L2,-0.01854216...
check iteration duration=4.60147857666e-05
GetData ===>> H2,-0.114891449910575,H1,217.964285244818,AX,13.840108942923,L1,0.324358953416076,L2,0.0690376199...
testing H1>-5.0
evaluate ot="H1.bs>-5.0" t="H1>-5.0", ctx="{'H1': None}"
check iteration duration=0.00102114677429
GetData ===>> H2,-0.130448282022268,H1,218.047850472102,AX,13.9438063106838,L1,0.296634058447288,L2,0.118951963...
check iteration duration=7.10487365723e-05
GetData ===>> H2,-0.191981673454736,H1,217.875320550836,AX,13.7819226695435,L1,0.312785740690428,L2,0.015980827...
check iteration duration=7.39097595215e-05
GetData ===>> H2,-0.159217021061579,H1,217.715456008297,AX,13.9138913540572,L1,0.343022510190783,L2,0.150058811...
check iteration duration=3.19480895996e-05
GetData ===>> H2,-0.183610150020392,H1,217.845022085274,AX,13.8297112747448,L1,0.343600741219764,L2,0.088607442...
check iteration duration=9.29832458496e-05
GetData ===>> H2,-0.135515497877517,H1,217.755547653213,AX,13.9382651322621,L1,0.302798005972393,L2,0.094807794...
testing H1>-5.0
evaluate ot="H1.bs>-5.0" t="H1>-5.0", ctx="{'H1': None}"
check iteration duration=0.00171804428101
GetData ===>> H2,-0.163712368542408,H1,217.699861270264,AX,13.8475631066411,L1,0.307372882656436,L2,0.103801298...
check iteration duration=0.000108957290649
GetData ===>> H2,-0.236090357042019,H1,217.456948097006,AX,13.886432779997,L1,0.327997761594219,L2,0.0720488166...
check iteration duration=8.70227813721e-05
GetData ===>> H2,-0.166448674403572,H1,217.387786987326,AX,13.6369786659672,L1,0.331642742747662,L2,0.029957690...
check iteration duration=8.20159912109e-05
GetData ===>> H2,-0.212806278282125,H1,217.398685994272,AX,13.7470140117391,L1,0.316325200891882,L2,0.105750572...
check iteration duration=8.20159912109e-05
GetData ===>> H2,-0.247782432346845,H1,217.211707752454,AX,13.8245190401505,L1,0.295630588476187,L2,0.065844029...
testing H1>-5.0
evaluate ot="H1.bs>-5.0" t="H1>-5.0", ctx="{'H1': None}"
check iteration duration=0.000656127929688
11:28:14 -- collecting point 100
GetData ===>> H2,-0.183349789163397,H1,217.065479619005,AX,13.7200966416451,L1,0.298430564515486,L2,0.110048234...
check iteration duration=4.29153442383e-05
GetData ===>> H2,-0.0124977169482955,H1,217.136230919057,AX,13.8804298991551,L1,0.330306058283944,L2,0.14034253...
check iteration duration=8.20159912109e-05
GetData ===>> H2,0.0206784511467755,H1,217.04163329695,AX,13.9434584253516,L1,0.284459030622371,L2,0.1543926795...
check iteration duration=7.70092010498e-05
GetData ===>> H2,-0.0140578862538718,H1,217.220687209078,AX,13.9019573598468,L1,0.297707052223333,L2,0.06859279...
check iteration duration=3.91006469727e-05
GetData ===>> H2,-0.123763201276142,H1,217.284400209767,AX,13.9217610786051,L1,0.296159102852837,L2,-0.00919745...
testing H1>-5.0
evaluate ot="H1.bs>-5.0" t="H1>-5.0", ctx="{'H1': None}"
check iteration duration=0.000589847564697
GetData ===>> H2,-0.111568508619265,H1,217.343848360086,AX,13.9707212427878,L1,0.336339596745617,L2,0.113730469...
check iteration duration=3.88622283936e-05
GetData ===>> H2,-0.0633273784464515,H1,216.935679065879,AX,13.8078882399808,L1,0.32517681062959,L2,0.087558893...
check iteration duration=4.10079956055e-05
GetData ===>> H2,-0.120191254383122,H1,216.76739868325,AX,13.8378603748313,L1,0.320001246756871,L2,0.1467971355...
check iteration duration=7.89165496826e-05
GetData ===>> H2,-0.124588065221385,H1,216.946846878998,AX,13.866946426705,L1,0.355665642346329,L2,0.0973268021...
check iteration duration=6.103515625e-05
GetData ===>> H2,-0.212259460510287,H1,217.024030044707,AX,13.8764033155822,L1,0.318653819537646,L2,0.066220411...
testing H1>-5.0
evaluate ot="H1.bs>-5.0" t="H1>-5.0", ctx="{'H1': None}"
check iteration duration=0.00103807449341
GetData ===>> H2,-0.164502144781924,H1,216.954178673493,AX,13.9401038763254,L1,0.310431654246796,L2,0.175494575...
check iteration duration=3.69548797607e-05
GetData ===>> H2,-0.227122942294218,H1,216.87663747456,AX,13.8322453778728,L1,0.273568261826105,L2,0.1403653443...
check iteration duration=7.10487365723e-05
GetData ===>> H2,-0.10035464583395,H1,216.676588868217,AX,13.9192372318033,L1,0.277246988178656,L2,-0.007681701...
check iteration duration=3.19480895996e-05
GetData ===>> H2,-0.0700823676286237,H1,216.641438110112,AX,13.9034366037356,L1,0.318808673187093,L2,0.15689044...
check iteration duration=7.39097595215e-05
GetData ===>> H2,-0.109797680902559,H1,216.387474134577,AX,13.9081479488878,L1,0.265402919779479,L2,0.129920306...
testing H1>-5.0
evaluate ot="H1.bs>-5.0" t="H1>-5.0", ctx="{'H1': None}"
check iteration duration=0.000732898712158
GetData ===>> H2,-0.197215647523066,H1,216.42500615225,AX,13.9293329854563,L1,0.288038343493655,L2,0.0314854646...
check iteration duration=3.69548797607e-05
GetData ===>> H2,-0.156354679827027,H1,216.27197678369,AX,13.7938180964925,L1,0.310744770108509,L2,0.0742388374...
check iteration duration=4.50611114502e-05
GetData ===>> H2,-0.202513319571824,H1,216.490132304481,AX,13.7941285381274,L1,0.28553439593478,L2,0.1105726307...
check iteration duration=6.19888305664e-05
GetData ===>> H2,-0.262875192870673,H1,216.398494740027,AX,13.7601220500261,L1,0.307186535466845,L2,0.157973970...
check iteration duration=8.98838043213e-05
GetData ===>> H2,-0.158002741827327,H1,216.221453212439,AX,13.9293454192529,L1,0.315253726743375,L2,0.094180902...
testing H1>-5.0
evaluate ot="H1.bs>-5.0" t="H1>-5.0", ctx="{'H1': None}"
check iteration duration=0.000621795654297
GetData ===>> H2,-0.142982417487367,H1,216.309281765835,AX,13.818631508047,L1,0.303582055582346,L2,0.1123624401...
check iteration duration=1.8835067749e-05
waiting for write to finish
measurement finished
estimated time: 125.829 actual time: :126.486
flush and close file /Users/jan/PychronDev/data/isotopes/c9/07c5ef-b4cd-4f62-a2e1-8681b493e9b5.h5
baselines () {'settling_time': 15.0, 'detector': 'H1', 'mass': 34.2, 'ncounts': 60}
%%%%%%%%%%%%%%%%%%%%%%%%%%%%%%%% Baseline
build tables- baseline [Detector(H2), Detector(H1), Detector(AX), Detector(L1), Detector(L2), Detector(CDD)]
add group baseline table H2
add group baseline table H1
add group baseline table AX
add group baseline table L1
add group baseline table L2
add group baseline table CDD
flush and close file /Users/jan/PychronDev/data/isotopes/c9/07c5ef-b4cd-4f62-a2e1-8681b493e9b5.h5
detector Detector(H1)
POSITION 34.2 H1
Mapping mass to dac mass func: "parabolic"
H1 map mass coeffs = [-0.00063987  0.15840543  0.57253999]
H1 map mass to dac 34.2 >> 5.24158599104
GetDeflection H1 ===>> 0
GetHighVoltage ===>> 4499.94659342336
positioning 34.2 (5.24155512384) on H1
setting magnet DAC
current  : 5.880895
requested: 5.241555
Delta Dac: 0.639340
Checking detector protection. dv=0.63934
Checking detector "CDD". Protection Threshold: 0.1 (V)
ProtectDetector CDD,On ===>> OK
GetDeflection CDD ===>> 2000
Protected = 2000
SetMagnetDAC 5.24155512384 ===>> OK
Magnet settling time: 0.500
GetMagnetMoving ===>> True
GetMagnetMoving ===>> True
GetMagnetMoving ===>> True
GetMagnetMoving ===>> True
GetMagnetMoving ===>> True
GetMagnetMoving ===>> True
GetMagnetMoving ===>> True
GetMagnetMoving ===>> True
GetMagnetMoving ===>> False
ProtectDetector CDD,Off ===>> OK
GetDeflection CDD ===>> 50
Delaying 15.0s for detectors to settle
Join finished
measuring baseline. ncounts=60
"baseline" increment series count="2" fit count="1" regressing="True"
starting measurement
check iteration duration=4.6968460083e-05
GetData ===>> H2,-0.151266781761896,H1,-0.0198259278485267,AX,-0.105185012759624,L1,-0.0801632903890395,L2,0.02...
check iteration duration=4.60147857666e-05
GetData ===>> H2,-0.139652378467572,H1,-0.0436159108599064,AX,-0.175912164163868,L1,-0.0649872420679049,L2,0.04...
check iteration duration=9.20295715332e-05
GetData ===>> H2,-0.155257640151715,H1,0.0100656444711468,AX,-0.0796643437317855,L1,-0.0655361657749006,L2,-0.1...
check iteration duration=7.79628753662e-05
GetData ===>> H2,-0.132952849584647,H1,0.0448828045964913,AX,-0.0435159939617893,L1,-0.0526631531005341,L2,-7.9...
testing H1>-5.0
evaluate ot="H1.bs>-5.0" t="H1>-5.0", ctx="{'H1': None}"
check iteration duration=0.00060510635376
GetData ===>> H2,-0.175530778350023,H1,0.037961363012662,AX,-0.0636902376096274,L1,-0.0478339779740938,L2,0.040...
check iteration duration=6.29425048828e-05
GetData ===>> H2,-0.306505844745335,H1,-0.0326815682895053,AX,-0.196251966279507,L1,-0.0318072927707067,L2,-0.0...
check iteration duration=5.91278076172e-05
GetData ===>> H2,-0.304110009376572,H1,-0.134726081984326,AX,-0.155162341975447,L1,0.00505034248094268,L2,-0.00...
check iteration duration=3.81469726562e-05
GetData ===>> H2,-0.345109421573984,H1,0.0367799923409297,AX,-0.100167171964705,L1,-0.0131967053047595,L2,0.021...
check iteration duration=7.70092010498e-05
GetData ===>> H2,-0.237868727936621,H1,-0.0495416584288087,AX,-0.138918749853604,L1,-0.0269464749945791,L2,0.06...
testing H1>-5.0
evaluate ot="H1.bs>-5.0" t="H1>-5.0", ctx="{'H1': None}"
check iteration duration=0.00211000442505
GetData ===>> H2,-0.219265391262885,H1,-0.0793558402351067,AX,-0.0931440779764359,L1,-0.0141962778789286,L2,0.0...
check iteration duration=6.50882720947e-05
GetData ===>> H2,-0.324905672289143,H1,0.0387608844069522,AX,0.00138090746975176,L1,0.00525705443038874,L2,0.07...
check iteration duration=7.82012939453e-05
GetData ===>> H2,-0.247462268183888,H1,-0.00260298323915258,AX,-0.0284405531648501,L1,-0.0359162332396413,L2,-0...
check iteration duration=8.89301300049e-05
GetData ===>> H2,-0.212573277883746,H1,-0.0751721386214708,AX,0.00795886549308277,L1,-0.022937946896222,L2,-0.0...
check iteration duration=9.10758972168e-05
GetData ===>> H2,-0.162290632579077,H1,-0.0341959923469968,AX,-0.19095591463746,L1,-0.0663768338688505,L2,-0.04...
testing H1>-5.0
evaluate ot="H1.bs>-5.0" t="H1>-5.0", ctx="{'H1': None}"
check iteration duration=0.000818967819214
GetData ===>> H2,-0.214109914463356,H1,0.0232250598435126,AX,-0.090895653629298,L1,-0.0619586527153672,L2,-0.00...
check iteration duration=7.5101852417e-05
GetData ===>> H2,-0.113521784978202,H1,-0.00110000953921203,AX,-0.128984362841022,L1,-0.0228648318485231,L2,0.0...
check iteration duration=8.70227813721e-05
GetData ===>> H2,-0.211366447538762,H1,-0.0291994985006426,AX,-0.173767834583907,L1,-0.0194649946112512,L2,-0.0...
check iteration duration=8.48770141602e-05
GetData ===>> H2,-0.225466765302613,H1,-0.0782592743919118,AX,-0.109785438452852,L1,-0.0137887902557873,L2,-0.1...
check iteration duration=8.48770141602e-05
GetData ===>> H2,-0.128109965476107,H1,-0.0621669804740098,AX,-0.14220015091536,L1,-0.0080078800060707,L2,0.053...
testing H1>-5.0
evaluate ot="H1.bs>-5.0" t="H1>-5.0", ctx="{'H1': None}"
check iteration duration=0.000587940216064
GetData ===>> H2,-0.139698335334059,H1,-0.036676259414503,AX,-0.00534740804458449,L1,-0.0361570751633533,L2,-0....
check iteration duration=8.79764556885e-05
GetData ===>> H2,-0.277193812424307,H1,-0.0351141753019089,AX,-0.0195101523062683,L1,-0.0360001091913201,L2,-0....
check iteration duration=8.39233398438e-05
GetData ===>> H2,-0.246664508733835,H1,-0.00650345256325553,AX,0.0318961749732973,L1,-0.0161383719508444,L2,-0....
check iteration duration=3.79085540771e-05
GetData ===>> H2,-0.227941515749183,H1,0.0276636208622396,AX,-0.0274083798820687,L1,-0.0127220533461612,L2,-0.0...
check iteration duration=8.48770141602e-05
GetData ===>> H2,-0.202382559364649,H1,-0.0351737972804188,AX,-0.0866304584910506,L1,-0.0102237685239558,L2,-0....
testing H1>-5.0
evaluate ot="H1.bs>-5.0" t="H1>-5.0", ctx="{'H1': None}"
check iteration duration=0.00105595588684
11:29:20 -- collecting point 25
GetData ===>> H2,-0.222846008898522,H1,-0.0315010171061612,AX,-0.148832185407169,L1,-0.0225352082315228,L2,0.04...
check iteration duration=8.89301300049e-05
GetData ===>> H2,-0.221703783071255,H1,-0.0523911384646024,AX,-0.180177500819981,L1,-0.0382824646485107,L2,-0.0...
check iteration duration=3.40938568115e-05
GetData ===>> H2,-0.214165127140651,H1,-0.00665851395169599,AX,-0.111025314458104,L1,-0.0201627982204422,L2,-0....
check iteration duration=7.5101852417e-05
GetData ===>> H2,-0.21822116761457,H1,-0.060867563826039,AX,-0.0510528387195297,L1,-0.00331909253266206,L2,-0.1...
check iteration duration=9.20295715332e-05
GetData ===>> H2,-0.236306951225423,H1,-0.0183351391387586,AX,0.016672153836634,L1,0.0128294423595304,L2,0.0175...
testing H1>-5.0
evaluate ot="H1.bs>-5.0" t="H1>-5.0", ctx="{'H1': None}"
check iteration duration=0.00298190116882
GetData ===>> H2,-0.232135774138551,H1,0.0509096218774598,AX,-0.103411994655792,L1,0.00546099029141982,L2,0.056...
check iteration duration=6.07967376709e-05
GetData ===>> H2,-0.219726166377679,H1,-0.0207561687527445,AX,-0.0274547699274898,L1,-0.0285698038502221,L2,0.0...
check iteration duration=6.60419464111e-05
GetData ===>> H2,-0.314871833680062,H1,0.088891952563608,AX,0.0246551851083164,L1,-0.0301940684333287,L2,-0.034...
check iteration duration=9.10758972168e-05
GetData ===>> H2,-0.347293151699957,H1,0.05194794188379,AX,-0.0914635595287918,L1,-0.0213916302009,L2,0.0011967...
check iteration duration=9.70363616943e-05
GetData ===>> H2,-0.316066659121099,H1,-0.0726332258601523,AX,-0.103666940424514,L1,0.0113769268592821,L2,0.070...
testing H1>-5.0
evaluate ot="H1.bs>-5.0" t="H1>-5.0", ctx="{'H1': None}"
check iteration duration=0.000842094421387
GetData ===>> H2,-0.197626983476601,H1,-0.0583640529896233,AX,-0.121870658926721,L1,0.0129771064861219,L2,-0.06...
check iteration duration=7.5101852417e-05
GetData ===>> H2,-0.192198700521296,H1,-0.00923488340764931,AX,-0.0744944919085457,L1,-0.0239986546069349,L2,-0...
check iteration duration=7.89165496826e-05
GetData ===>> H2,-0.333472377851661,H1,0.000319486343225606,AX,-0.0711443739920223,L1,-0.0657478342173727,L2,-0...
check iteration duration=4.10079956055e-05
GetData ===>> H2,-0.164666843317143,H1,-0.0586144068917214,AX,-0.127860571252072,L1,-0.0139805511926633,L2,0.03...
check iteration duration=4.41074371338e-05
GetData ===>> H2,-0.159241332331812,H1,0.0121056581251946,AX,-0.0993791272639122,L1,-0.0324838836896251,L2,-0.0...
testing H1>-5.0
evaluate ot="H1.bs>-5.0" t="H1>-5.0", ctx="{'H1': None}"
check iteration duration=0.000594139099121
GetData ===>> H2,-0.177564996455902,H1,0.011568808396212,AX,-0.0468554679642266,L1,-0.0132458472842245,L2,-0.00...
check iteration duration=7.60555267334e-05
GetData ===>> H2,-0.219934991019097,H1,-0.0184186238934235,AX,-0.185729112613334,L1,-0.0169623351900022,L2,0.00...
check iteration duration=8.39233398438e-05
GetData ===>> H2,-0.287281181948887,H1,-0.117299150315442,AX,-0.0315602013767517,L1,-0.0286967838389036,L2,-0.0...
check iteration duration=7.00950622559e-05
GetData ===>> H2,-0.331416427326918,H1,-0.0948018386808912,AX,-0.015879768095138,L1,-0.00168608061445555,L2,0.0...
check iteration duration=4.2200088501e-05
GetData ===>> H2,-0.252025767525177,H1,-0.00442799239348519,AX,-0.0896671111580489,L1,-0.0100487214848852,L2,0....
testing H1>-5.0
evaluate ot="H1.bs>-5.0" t="H1>-5.0", ctx="{'H1': None}"
check iteration duration=0.000588893890381
GetData ===>> H2,-0.193158422494482,H1,-0.00455920091988455,AX,-0.137944743780751,L1,-0.0343481650164343,L2,-0....
check iteration duration=0.000115871429443
GetData ===>> H2,-0.148976455821724,H1,-0.0557889479294136,AX,-0.0546471283451159,L1,-0.0159512617274062,L2,-0....
check iteration duration=3.79085540771e-05
GetData ===>> H2,-0.216159336015771,H1,-0.0204103109646912,AX,-0.0856336739777719,L1,-0.0335160461892911,L2,-0....
check iteration duration=4.72068786621e-05
GetData ===>> H2,-0.305880426527746,H1,-0.00212585117609336,AX,-0.155614480251805,L1,-0.0408804842110426,L2,-0....
check iteration duration=3.79085540771e-05
GetData ===>> H2,-0.261078538961815,H1,-0.0166177230212615,AX,-0.0288928503674709,L1,-0.0459560033305742,L2,-0....
testing H1>-5.0
evaluate ot="H1.bs>-5.0" t="H1>-5.0", ctx="{'H1': None}"
check iteration duration=0.00100898742676
11:29:46 -- collecting point 50
GetData ===>> H2,-0.160352841931853,H1,-0.0485639938646141,AX,-0.0867579534480054,L1,-0.0445865003169939,L2,-0....
check iteration duration=4.50611114502e-05
GetData ===>> H2,-0.0365655183850997,H1,0.0151836521442352,AX,-0.0238594758613065,L1,-0.0396504314123606,L2,0.0...
check iteration duration=5.98430633545e-05
GetData ===>> H2,-0.147589341305181,H1,-0.0529872537327723,AX,-0.0820637107797999,L1,-0.0181543838248514,L2,0.0...
check iteration duration=8.9168548584e-05
GetData ===>> H2,-0.262846954266483,H1,0.00901582908492422,AX,-0.0874533775449721,L1,-0.052584201116763,L2,-0.0...
check iteration duration=3.91006469727e-05
GetData ===>> H2,-0.175079880275573,H1,0.0280096459843505,AX,-0.204873367725119,L1,-0.0292969222761209,L2,-0.04...
testing H1>-5.0
evaluate ot="H1.bs>-5.0" t="H1>-5.0", ctx="{'H1': None}"
check iteration duration=0.00302886962891
GetData ===>> H2,-0.116220354215843,H1,0.000975562670535579,AX,-0.0255179667227537,L1,-0.03021922091036,L2,-0.0...
check iteration duration=3.2901763916e-05
GetData ===>> H2,-0.193236598508416,H1,-0.0873770922861226,AX,-0.149562609114012,L1,-0.0473049728312169,L2,0.03...
check iteration duration=5.88893890381e-05
GetData ===>> H2,-0.192638133885861,H1,-0.106777997106122,AX,-0.122218246124552,L1,-0.0265271223705107,L2,-0.10...
check iteration duration=7.10487365723e-05
GetData ===>> H2,-0.0941065375764336,H1,-0.073396098436551,AX,-0.0178747563708192,L1,-0.0111325254550542,L2,-0....
check iteration duration=5.79357147217e-05
GetData ===>> H2,-0.200132438198836,H1,0.00554435887514266,AX,0.00703073160648924,L1,-0.0248447434936587,L2,-0....
testing H1>-5.0
evaluate ot="H1.bs>-5.0" t="H1>-5.0", ctx="{'H1': None}"
check iteration duration=0.000706911087036
GetData ===>> H2,-0.287839884828432,H1,-0.0237495776042927,AX,-0.0992632377989751,L1,-0.0327592970418867,L2,0.0...
check iteration duration=4.6968460083e-05
waiting for write to finish
measurement finished
estimated time: 62.915 actual time: :63.286
flush and close file /Users/jan/PychronDev/data/isotopes/c9/07c5ef-b4cd-4f62-a2e1-8681b493e9b5.h5
activate_detectors ('H1', 'AX', 'CDD') {'peak_center': True}
peak_center () {'detector': 'H1', 'integration_time': 0.262144, 'isotope': 'Ar40'}
peak center: mean=216.469848355 threshold=3
peak center started
setup peak center. detector=['H1', 'AX', 'CDD'], isotope=Ar40
VersionedUnpickler [<apptools.sweet_pickle.versioned_unpickler.VersionedUnpickler object at 0x23eac0770>] using Updater [<apptools.sweet_pickle.updater.Updater object at 0x12e273d10>]
VersionedUnpickler [<apptools.sweet_pickle.versioned_unpickler.VersionedUnpickler object at 0x23eac0770>] using Updater [<apptools.sweet_pickle.updater.Updater object at 0x12e273d10>]
VersionedUnpickler [<apptools.sweet_pickle.versioned_unpickler.VersionedUnpickler object at 0x21d8c4710>] using Updater [<apptools.sweet_pickle.updater.Updater object at 0x12e273d10>]
setting integration time = 0.524288
SetIntegrationTime 0.524288 ===>> OK
Mapping mass to dac mass func: "parabolic"
H1 map mass coeffs = [-0.00063987  0.15840543  0.57253999]
H1 map mass to dac 39.9624 >> 5.88093
GetDeflection H1 ===>> 0
GetHighVoltage ===>> 4499.94659342336
do peak center. <pychron.spectrometer.jobs.peak_center.PeakCenter object at 0x16275af50>
doing pc
starting peak center. center dac= 5.88089536775 step_width=0.001
width = 0.001
get scan parameters. half-width=0.015,window=0.015, i=0, scalar=1
Scan parameters center=5.88090 width=0.03000 (5.86590 - 5.89590)
GetData ===>> H2,-0.237332017660348,H1,-0.0240834981408476,AX,-0.0534065337031226,L1,-0.0414565331250413,L2,0.0...
Moving to starting dac 5.86589536775
setting magnet DAC
current  : 5.241555
requested: 5.865895
Delta Dac: 0.624340
Checking detector protection. dv=0.62434
Checking detector "CDD". Protection Threshold: 0.1 (V)
ProtectDetector CDD,On ===>> OK
GetDeflection CDD ===>> 2000
Protected = 2000
SetMagnetDAC 5.86589536775 ===>> OK
Magnet settling time: 0.500
GetMagnetMoving ===>> True
GetMagnetMoving ===>> True
GetMagnetMoving ===>> True
GetMagnetMoving ===>> True
GetMagnetMoving ===>> True
GetMagnetMoving ===>> True
GetMagnetMoving ===>> True
GetMagnetMoving ===>> True
GetMagnetMoving ===>> False
ProtectDetector CDD,Off ===>> OK
GetDeflection CDD ===>> 50
Wait until signal near baseline. tol= -0.0180626236056. timeout= 10
GetData ===>> H2,11.2640000333718,H1,3.59855750619136,AX,0.113622977589324,L1,0.0215499643614635,L2,-0.00136640...
GetData ===>> H2,11.2640000333718,H1,3.59855750619136,AX,0.113622977589324,L1,0.0215499643614635,L2,-0.00136640...
GetData ===>> H2,13.5509297692197,H1,5.91474538364045,AX,0.224392272083693,L1,-0.0218755313654255,L2,-0.0729614...
GetData ===>> H2,7.28466418165151,H1,2.89183987799249,AX,0.0821202368980712,L1,-0.0175418463907128,L2,0.0489529...
GetData ===>> H2,2.98944513974768,H1,1.41251903218371,AX,-0.0322096322954285,L1,-0.0168229785085529,L2,0.048474...
GetData ===>> H2,1.03334773114166,H1,0.782147698758018,AX,-0.0161349432947743,L1,-0.0405104062621287,L2,0.00430...
GetData ===>> H2,0.301028149156014,H1,0.49362114651943,AX,0.0178556433040339,L1,-0.0220024713265197,L2,-0.03501...
GetData ===>> H2,0.0539290376348851,H1,0.334934562848877,AX,-0.147878336980631,L1,-0.0358407442847502,L2,0.0339...
GetData ===>> H2,-0.00202086418095881,H1,0.218220626264132,AX,-0.238462805628022,L1,-0.00780641140473955,L2,-0....
GetData ===>> H2,-0.0921263320033691,H1,0.191735364807744,AX,-0.167104487594916,L1,-0.0220647431746005,L2,-0.08...
GetData ===>> H2,-0.0839781192754013,H1,0.10800688177961,AX,-0.0365467919595835,L1,-0.0400121568197815,L2,0.008...
GetData ===>> H2,-0.116237945592346,H1,0.0651606090826597,AX,-0.0534992889897934,L1,-0.0402301439902558,L2,-0.0...
GetData ===>> H2,-0.13956986698375,H1,0.220559301004753,AX,0.00815609508401658,L1,-0.0179060531813159,L2,0.0452...
GetData ===>> H2,-0.10683734645138,H1,0.226525555215562,AX,-0.0380079305658052,L1,-0.0320950566911192,L2,0.1359...
GetData ===>> H2,-0.128585777597902,H1,0.209510736232344,AX,-0.15244199623167,L1,-0.032652534761375,L2,-0.09803...
GetData ===>> H2,-0.115601932353559,H1,0.159127547416005,AX,-0.0476787234615187,L1,-0.0415834750153694,L2,0.112...
GetData ===>> H2,-0.2010263385966,H1,0.123526303412081,AX,-0.0537311768195326,L1,-0.039717507305584,L2,0.006376...
GetData ===>> H2,-0.242388203026333,H1,0.202614949330271,AX,-0.0684781077559805,L1,-0.0213557793465712,L2,-0.03...
GetData ===>> H2,-0.248886794505425,H1,0.292774839300258,AX,-0.0873722449897708,L1,-0.00447679872509272,L2,-0.0...
GetData ===>> H2,-0.274336521077796,H1,0.201899150887441,AX,-0.0819709827176645,L1,-0.00474551148953573,L2,-0.0...
GetData ===>> H2,-0.173006638152561,H1,0.202137749800246,AX,-0.0503919387584561,L1,-0.044986357029156,L2,-0.079...
Peak center failed to move to a baseline position
_do_sweep sm= 5.86589536775, em= 5.89589536775, stm= 0.001
calculated step values: start=5.86589536775, end=5.89589536775, width=0.001, nsteps=31.0
setting magnet DAC
current  : 5.865895
requested: 5.865895
Delta Dac: 0.000000
Checking detector protection. dv=0.00000
Checking detector "CDD". Protection Threshold: 0.1 (V)
SetMagnetDAC 5.86589536775 ===>> OK
GetData ===>> H2,-0.173006638152561,H1,0.202137749800246,AX,-0.0503919387584561,L1,-0.044986357029156,L2,-0.079...
setting magnet DAC
current  : 5.865895
requested: 5.866930
Delta Dac: 0.001034
Checking detector protection. dv=0.00103
Checking detector "CDD". Protection Threshold: 0.1 (V)
SetMagnetDAC 5.86692985051 ===>> OK
Magnet settling time: 1.049
GetData ===>> H2,-0.192054460480058,H1,0.388752776983981,AX,-0.0281738128036141,L1,-0.0278830647169122,L2,0.003...
setting magnet DAC
current  : 5.866930
requested: 5.867964
Delta Dac: 0.001034
Checking detector protection. dv=0.00103
Checking detector "CDD". Protection Threshold: 0.1 (V)
SetMagnetDAC 5.86796433327 ===>> OK
Magnet settling time: 1.049
GetData ===>> H2,-0.270878880071876,H1,1.02329855196877,AX,0.0875206452898807,L1,-0.0167534852241625,L2,-0.0723...
setting magnet DAC
current  : 5.867964
requested: 5.868999
Delta Dac: 0.001034
Checking detector protection. dv=0.00103
Checking detector "CDD". Protection Threshold: 0.1 (V)
SetMagnetDAC 5.86899881603 ===>> OK
Magnet settling time: 1.049
GetData ===>> H2,-0.284796230244078,H1,3.90973135270414,AX,0.0652487873730839,L1,-0.0317337561118293,L2,0.00721...
setting magnet DAC
current  : 5.868999
requested: 5.870033
Delta Dac: 0.001034
Checking detector protection. dv=0.00103
Checking detector "CDD". Protection Threshold: 0.1 (V)
SetMagnetDAC 5.87003329879 ===>> OK
Magnet settling time: 1.049
GetData ===>> H2,-0.168173543910362,H1,13.2107455406741,AX,0.54652279926534,L1,-0.00817576742703951,L2,-0.02206...
setting magnet DAC
current  : 5.870033
requested: 5.871068
Delta Dac: 0.001034
Checking detector protection. dv=0.00103
Checking detector "CDD". Protection Threshold: 0.1 (V)
SetMagnetDAC 5.87106778155 ===>> OK
Magnet settling time: 1.049
GetData ===>> H2,-0.108613390427597,H1,38.1216720553183,AX,1.4890740882059,L1,0.0111864458191223,L2,-0.01609955...
setting magnet DAC
current  : 5.871068
requested: 5.872102
Delta Dac: 0.001034
Checking detector protection. dv=0.00103
Checking detector "CDD". Protection Threshold: 0.1 (V)
SetMagnetDAC 5.87210226431 ===>> OK
Magnet settling time: 1.049
GetData ===>> H2,-0.107291521108521,H1,81.6017868578457,AX,3.83565629322255,L1,0.052777883903298,L2,-0.00769715...
setting magnet DAC
current  : 5.872102
requested: 5.873137
Delta Dac: 0.001034
Checking detector protection. dv=0.00103
Checking detector "CDD". Protection Threshold: 0.1 (V)
SetMagnetDAC 5.87313674707 ===>> OK
Magnet settling time: 1.049
GetData ===>> H2,-0.048562578403473,H1,133.356935607667,AX,6.93996839284118,L1,0.0377993361724559,L2,-0.0437152...
setting magnet DAC
current  : 5.873137
requested: 5.874171
Delta Dac: 0.001034
Checking detector protection. dv=0.00103
Checking detector "CDD". Protection Threshold: 0.1 (V)
SetMagnetDAC 5.87417122982 ===>> OK
Magnet settling time: 1.049
GetData ===>> H2,-0.188177944876773,H1,189.227714566363,AX,11.1869996541439,L1,0.10740801974038,L2,0.0114102398...
setting magnet DAC
current  : 5.874171
requested: 5.875206
Delta Dac: 0.001034
Checking detector protection. dv=0.00103
Checking detector "CDD". Protection Threshold: 0.1 (V)
SetMagnetDAC 5.87520571258 ===>> OK
Magnet settling time: 1.049
GetData ===>> H2,-0.276368195944009,H1,202.960105839063,AX,12.5905302680851,L1,0.179947482800915,L2,0.099367133...
setting magnet DAC
current  : 5.875206
requested: 5.876240
Delta Dac: 0.001034
Checking detector protection. dv=0.00103
Checking detector "CDD". Protection Threshold: 0.1 (V)
SetMagnetDAC 5.87624019534 ===>> OK
Magnet settling time: 1.049
GetData ===>> H2,-0.217535283150659,H1,207.283409952873,AX,13.1082983079387,L1,0.250858644635439,L2,0.134754985...
setting magnet DAC
current  : 5.876240
requested: 5.877275
Delta Dac: 0.001034
Checking detector protection. dv=0.00103
Checking detector "CDD". Protection Threshold: 0.1 (V)
SetMagnetDAC 5.8772746781 ===>> OK
Magnet settling time: 1.049
GetData ===>> H2,-0.212149016272466,H1,208.798393475847,AX,13.2772482458443,L1,0.271131105950881,L2,0.104291462...
setting magnet DAC
current  : 5.877275
requested: 5.878309
Delta Dac: 0.001034
Checking detector protection. dv=0.00103
Checking detector "CDD". Protection Threshold: 0.1 (V)
SetMagnetDAC 5.87830916086 ===>> OK
Magnet settling time: 1.049
GetData ===>> H2,-0.224547049453178,H1,209.056715619504,AX,13.313604407532,L1,0.272850675447022,L2,0.0108408343...
setting magnet DAC
current  : 5.878309
requested: 5.879344
Delta Dac: 0.001034
Checking detector protection. dv=0.00103
Checking detector "CDD". Protection Threshold: 0.1 (V)
SetMagnetDAC 5.87934364362 ===>> OK
Magnet settling time: 1.049
GetData ===>> H2,-0.291760769837542,H1,209.100427181096,AX,13.4057646066462,L1,0.314555317677493,L2,0.109284444...
setting magnet DAC
current  : 5.879344
requested: 5.880378
Delta Dac: 0.001034
Checking detector protection. dv=0.00103
Checking detector "CDD". Protection Threshold: 0.1 (V)
SetMagnetDAC 5.88037812638 ===>> OK
Magnet settling time: 1.049
GetData ===>> H2,-0.297188674601598,H1,209.059935125816,AX,13.1525641666003,L1,0.286091600840989,L2,0.079603970...
setting magnet DAC
current  : 5.880378
requested: 5.881413
Delta Dac: 0.001034
Checking detector protection. dv=0.00103
Checking detector "CDD". Protection Threshold: 0.1 (V)
SetMagnetDAC 5.88141260913 ===>> OK
Magnet settling time: 1.049
GetData ===>> H2,-0.256935554461844,H1,209.023157721108,AX,13.2850537120501,L1,0.304967681594485,L2,0.193588877...
setting magnet DAC
current  : 5.881413
requested: 5.882447
Delta Dac: 0.001034
Checking detector protection. dv=0.00103
Checking detector "CDD". Protection Threshold: 0.1 (V)
SetMagnetDAC 5.88244709189 ===>> OK
Magnet settling time: 1.049
GetData ===>> H2,-0.100339038768703,H1,209.022962633138,AX,13.4070771544799,L1,0.280062887984347,L2,0.150629046...
setting magnet DAC
current  : 5.882447
requested: 5.883482
Delta Dac: 0.001034
Checking detector protection. dv=0.00103
Checking detector "CDD". Protection Threshold: 0.1 (V)
SetMagnetDAC 5.88348157465 ===>> OK
Magnet settling time: 1.049
GetData ===>> H2,0.0148715352336488,H1,209.170301332895,AX,13.3623718529302,L1,0.261257097064796,L2,0.051641623...
setting magnet DAC
current  : 5.883482
requested: 5.884516
Delta Dac: 0.001034
Checking detector protection. dv=0.00103
Checking detector "CDD". Protection Threshold: 0.1 (V)
SetMagnetDAC 5.88451605741 ===>> OK
Magnet settling time: 1.049
GetData ===>> H2,-0.0820221125183908,H1,208.713269834004,AX,13.3013851382483,L1,0.308755368196868,L2,-0.0009337...
setting magnet DAC
current  : 5.884516
requested: 5.885551
Delta Dac: 0.001034
Checking detector protection. dv=0.00103
Checking detector "CDD". Protection Threshold: 0.1 (V)
SetMagnetDAC 5.88555054017 ===>> OK
Magnet settling time: 1.049
GetData ===>> H2,-0.122991020214823,H1,207.755222148537,AX,13.1437540298544,L1,0.292812723514501,L2,0.125838385...
setting magnet DAC
current  : 5.885551
requested: 5.886585
Delta Dac: 0.001034
Checking detector protection. dv=0.00103
Checking detector "CDD". Protection Threshold: 0.1 (V)
SetMagnetDAC 5.88658502293 ===>> OK
Magnet settling time: 1.049
GetData ===>> H2,-0.19937600576678,H1,203.784776252936,AX,12.6238103664173,L1,0.286767403772874,L2,0.0571331754...
setting magnet DAC
current  : 5.886585
requested: 5.887620
Delta Dac: 0.001034
Checking detector protection. dv=0.00103
Checking detector "CDD". Protection Threshold: 0.1 (V)
SetMagnetDAC 5.88761950569 ===>> OK
Magnet settling time: 1.049
GetData ===>> H2,-0.16424564229567,H1,190.514247085307,AX,11.2280219967589,L1,0.327298367067057,L2,0.0509808356...
setting magnet DAC
current  : 5.887620
requested: 5.888654
Delta Dac: 0.001034
Checking detector protection. dv=0.00103
Checking detector "CDD". Protection Threshold: 0.1 (V)
SetMagnetDAC 5.88865398844 ===>> OK
Magnet settling time: 1.049
GetData ===>> H2,-0.193174873634455,H1,159.521749695364,AX,8.64531530578275,L1,0.234594979744305,L2,0.046606079...
setting magnet DAC
current  : 5.888654
requested: 5.889688
Delta Dac: 0.001034
Checking detector protection. dv=0.00103
Checking detector "CDD". Protection Threshold: 0.1 (V)
SetMagnetDAC 5.8896884712 ===>> OK
Magnet settling time: 1.049
GetData ===>> H2,-0.278053376300297,H1,112.171163879367,AX,5.30100518928478,L1,0.146838913290306,L2,0.114596898...
setting magnet DAC
current  : 5.889688
requested: 5.890723
Delta Dac: 0.001034
Checking detector protection. dv=0.00103
Checking detector "CDD". Protection Threshold: 0.1 (V)
SetMagnetDAC 5.89072295396 ===>> OK
Magnet settling time: 1.049
GetData ===>> H2,-0.0781551647104137,H1,61.9939666090934,AX,2.41525473063017,L1,0.102539760609002,L2,0.01555561...
setting magnet DAC
current  : 5.890723
requested: 5.891757
Delta Dac: 0.001034
Checking detector protection. dv=0.00103
Checking detector "CDD". Protection Threshold: 0.1 (V)
SetMagnetDAC 5.89175743672 ===>> OK
Magnet settling time: 1.049
GetData ===>> H2,-0.213571240049441,H1,14.6070467851605,AX,0.436920912032836,L1,0.0461920632854913,L2,-0.047516...
setting magnet DAC
current  : 5.891757
requested: 5.892792
Delta Dac: 0.001034
Checking detector protection. dv=0.00103
Checking detector "CDD". Protection Threshold: 0.1 (V)
SetMagnetDAC 5.89279191948 ===>> OK
Magnet settling time: 1.049
GetData ===>> H2,-0.141603391127024,H1,4.37793122709971,AX,0.0995045952964798,L1,-0.0225652990265534,L2,0.11765...
setting magnet DAC
current  : 5.892792
requested: 5.893826
Delta Dac: 0.001034
Checking detector protection. dv=0.00103
Checking detector "CDD". Protection Threshold: 0.1 (V)
SetMagnetDAC 5.89382640224 ===>> OK
Magnet settling time: 1.049
GetData ===>> H2,-0.183782595590541,H1,0.983189582292465,AX,0.0419462616753559,L1,-0.0573812015522337,L2,-0.049...
setting magnet DAC
current  : 5.893826
requested: 5.894861
Delta Dac: 0.001034
Checking detector protection. dv=0.00103
Checking detector "CDD". Protection Threshold: 0.1 (V)
SetMagnetDAC 5.894860885 ===>> OK
Magnet settling time: 1.049
GetData ===>> H2,-0.299644063021975,H1,0.250513481761838,AX,-0.134139735179177,L1,-0.0434850163087763,L2,-0.058...
setting magnet DAC
current  : 5.894861
requested: 5.895895
Delta Dac: 0.001034
Checking detector protection. dv=0.00103
Checking detector "CDD". Protection Threshold: 0.1 (V)
SetMagnetDAC 5.89589536775 ===>> OK
Magnet settling time: 1.049
GetData ===>> H2,-0.282692323940604,H1,-0.0287105680431886,AX,-0.122623762952262,L1,-0.0336118988950545,L2,-0.1...
result of _do_sweep=True
result of _calculate_peak_center=([5.8735005781755358, 5.8811358487166174, 5.8887711192576999], [153.00687890878396, 209.16587231386427, 154.16041082042972], 5.8834504779751349, 209.16587231386427)
Failed to find a valid peak. No peak greater than 1.0. max = 0.243821483434
new center pos Detector(H1) (Ar40) @ 5.88113584872
GetHighVoltage ===>> 4499.94659342336
GetDeflection H1 ===>> 0
dac uncorrected for HV and deflection 5.88117048238
update mftable H1 Ar40 5.88117048238 message=automated run peakcenter
get initial guess parabolic
get initial guess parabolic
get initial guess parabolic
get initial guess parabolic
get initial guess parabolic
get initial guess parabolic
dump mftable to /Users/jan/PychronDev/setupfiles/spectrometer/mftables/mftable.csv
add to repo msg=modified - automated run peakcenter
sweep finished
locally archiving mftable
setting magnet DAC
current  : 5.895895
requested: 5.881136
Delta Dac: 0.014760
Checking detector protection. dv=0.01476
Checking detector "CDD". Protection Threshold: 0.1 (V)
SetMagnetDAC 5.88113584872 ===>> OK
Magnet settling time: 0.500
setting integration time = 1.048576
SetIntegrationTime 1.048576 ===>> OK
Failed to find a valid peak. No peak greater than 1.0. max = 0.243821483434
flush and close file /Users/jan/PychronDev/data/isotopes/c9/07c5ef-b4cd-4f62-a2e1-8681b493e9b5.h5
finished measure script
executed snippet estimated_duration=226.132928, duration=273.522249937
jan_unknown120_60.py completed successfully
Measurement Finished
11:30:45 -- ******* Measurement Finished *******
Post Measurement Started jan_pump_ms.py
11:30:45 -- ******* Post Measurement Started jan_pump_ms.py *******
testing...
no interpolation path defined
executed snippet estimated_duration=0, duration=4.10079956055e-05
Pumping spectrometer
open () {'name': 'O'}
opening name=O desc=---
checking ownership. requestor=129.138.12.150
check software interlocks O
interlocks []
actuate state mode=None-script, software_lock=False
doing actuation None-script open_channel True
Open O ===>> OK
GetIndicatorState O ===>> OK
change switch state (True, True)
update switch state O True args=() kw={} ncanvase=8
11:30:45 -- OPEN   VALVE-O (Jan Ion Pump)
---------------------------------------- open O () result=[(True, True)], time=0.11 sec
action=open, ok=True, locked=[False]
executed snippet estimated_duration=0, duration=0.360471010208
jan_pump_ms.py completed successfully
setting _ms_pumptime
Post Measurement Finished
11:30:45 -- ******* Post Measurement Finished *******
$$$$$$$$$$$$$$$$$$$$ state at run end measurement
state changed from measurement to success
post measurement save measured=True aborted=False
Set filtering
setting fod for Ar40= {'filter_outliers': True, 'std_devs': 2, 'iterations': 1}
setting fod for H1= {'filter_outliers': True, 'std_devs': 2, 'iterations': 1}
setting fod for PM41= {'filter_outliers': False, 'std_devs': 2, 'iterations': 1}
setting fod for H2= {'filter_outliers': True, 'std_devs': 2, 'iterations': 1}
setting fod for Ar36= {'filter_outliers': True, 'std_devs': 2, 'iterations': 1}
setting fod for CDD= {'filter_outliers': True, 'std_devs': 10, 'iterations': 1}
setting fod for Ar37= {'filter_outliers': True, 'std_devs': 2, 'iterations': 1}
setting fod for L2= {'filter_outliers': True, 'std_devs': 2, 'iterations': 1}
setting fod for Ar38= {'filter_outliers': True, 'std_devs': 2, 'iterations': 1}
setting fod for L1= {'filter_outliers': True, 'std_devs': 2, 'iterations': 1}
setting fod for Ar39= {'filter_outliers': True, 'std_devs': 2, 'iterations': 1}
setting fod for AX= {'filter_outliers': True, 'std_devs': 2, 'iterations': 1}
persistence save...
persistence save - db
post measurement save
9507722736 connecting to database sqlite:////Users/jan/PychronDev/.appdata/local_lab.db
connected to db sqlite:////Users/jan/PychronDev/.appdata/local_lab.db
create new session 9507722736
close session 9507722736
No database instance. Not saving post measurement to isotopedb database
$$$$$$$$$$$$$$$ auto_save_detector_ic=False
massspec enabled True
create new session 6484677072
MassSpec Database Version: 16.0
close session 6484677072
saving post measurement to secondary database
saving to massspec database 129.138.12.160/massspecdata
setting labnumber to 65475
setting aliquot to 14
setting step to 
setting uuid to c907c5ef-b4cd-4f62-a2e1-8681b493e9b5
setting irradpos to 65475
setting extract_device to Fusions CO2
setting tray to 
setting position to 104
setting power_requested to 5.0
setting extract_value to 5.0
setting duration to 30.0
setting duration_at_request to 30.0
setting first_stage_delay to 30.0
setting cleanup to 30.0
setting comment to P:7
setting irradiation to NM-288
setting level to P
setting irradiation_level to P
setting sample to Goat Mtn
setting material to Sanidine
setting project to IR989
setting mass_spectrometer to Jan
no attribute chron_dosages
no attribute production_ratios
no attribute interference_corrections
no attribute production_name
no attribute j
Reference Isotope=Ar40
Reference Detector=H1
%%%%%%%%%%%%%%%%%%%% Comment: P:7 %%%%%%%%%%%%%%%%%%%
adding isotope PM41 H2
add baseline dbdet= PM41. original det= H2
get baseline data PM41 H2
Get data baseline <pychron.processing.isotope.Baseline object at 0x21d5df410> len t=60
baseline PM41. v=-0.218902875476, e=0.00832909386529
get signal data PM41 H2
Get data signal PM41 0.12+/-0.07 len t=120
adding isotope Ar40 H1
add baseline dbdet= Ar40. original det= H1
get baseline data Ar40 H1
Get data baseline <pychron.processing.isotope.Baseline object at 0x21d5df050> len t=60
baseline Ar40. v=-0.0213267393827, e=0.00518817562339
get signal data Ar40 H1
Get data signal Ar40 223.659+/-0.024 len t=120
adding isotope Ar39 AX
add baseline dbdet= Ar39. original det= AX
get baseline data Ar39 AX
Get data baseline <pychron.processing.isotope.Baseline object at 0x21d5df0d0> len t=60
baseline Ar39. v=-0.0851607985907, e=0.00788049808106
get signal data Ar39 AX
Get data signal Ar39 14.247+/-0.014 len t=120
adding isotope Ar38 L1
add baseline dbdet= Ar38. original det= L1
get baseline data Ar38 L1
Get data baseline <pychron.processing.isotope.Baseline object at 0x21d5dfbd0> len t=60
baseline Ar38. v=-0.0258608645481, e=0.00257934431396
get signal data Ar38 L1
Get data signal Ar38 0.360+/-0.005 len t=120
adding isotope Ar37 L2
add baseline dbdet= Ar37. original det= L2
get baseline data Ar37 L2
Get data baseline <pychron.processing.isotope.Baseline object at 0x21d5df150> len t=60
baseline Ar37. v=-0.0129335134073, e=0.00593586086694
get signal data Ar37 L2
Get data signal Ar37 0.082+/-0.009 len t=120
adding isotope Ar36 CDD
add baseline dbdet= Ar36. original det= CDD
get baseline data Ar36 CDD
Get data baseline <pychron.processing.isotope.Baseline object at 0x21d5dfed0> len t=60
baseline Ar36. v=5.70650744359e-05, e=1.12405773567e-05
get signal data Ar36 CDD
Get data signal Ar36 0.2605+/-0.0011 len t=120
65475-14 added analysis time 0.498862028122s
analysis added to mass spec database
mass spec save time= 0.508
persistence save - dvc
================= post measurement started
create new session 4992585168
close session 4992585168
---------------- Experiment Queue saving disabled
DVC saving peakcenter
Failed to find a valid peak. No peak greater than 1.0. max = 0.243821483434
Smart pull ahead: 0 behind: 0
Up-to-date with origin
add to repo msg=modified - ad8224ebc6dbfeb9f5997218dfa5fe690569839d.json
add to repo msg=modified - 75-14.json
add to repo msg=modified - 75-14.dat.json
add to repo msg=modified - 75-14.blan.json
add to repo msg=modified - 75-14.inte.json
add to repo msg=modified - 75-14.icfa.json
add to repo msg=modified - 75-14.base.json
not at valid file /Users/jan/PychronDev/data/.dvc/repositories/Load1795/654/tags/75-14.tags.json
add to repo msg=modified - 75-14.peak.json
add to repo msg=modified - 75-14.extr.json
not at valid file /Users/jan/PychronDev/data/.dvc/repositories/Load1795/654/monitor/75-14.moni.json
commit message=<COLLECTION>
add to repo msg=modified - 75-14.inte.json
add to repo msg=modified - 75-14.base.json
commit message=<ISOEVO> default collection fits
add to repo msg=modified - 75-14.blan.json
commit message=<BLANKS> preceding bc-02-J-398
add to repo msg=modified - 75-14.icfa.json
commit message=<ICFactor> default
push repository <pychron.git_archive.repo_manager.GitRepoManager object at 0x209fe8530>
pushing to remote=origin, url=https://github.com
no changes to meta repo
create new session 4992585168
add association Load1795
get identifier "65475"
setting analysis irradiation position=<pychron.dvc.dvc_orm.IrradiationPositionTbl object at 0x1abab9ed0>
close session 4992585168
================= post measurement finished
11:30:58 -- ******* Post Run Check *******
loading queue conditionals post_run_actions
loading system conditionals post_run_actions
loading conditionals from /Users/jan/PychronDev/setupfiles/spectrometer/default_conditionals.yaml
loading queue conditionals post_run_terminations
loading system conditionals post_run_terminations
loading conditionals from /Users/jan/PychronDev/setupfiles/spectrometer/default_conditionals.yaml
Checking default post run terminations n=1
GetDeflection CDD ===>> 50
testing CDD==2000
evaluate ot="CDD.deflection==2000" t="CDD==2000", ctx="{'CDD': 50.0}"
11:30:58 -- ******* Post Run Check Passed *******
11:30:58 -- Automated run 65475-14 success duration: 371.278 s
----------------- finish -----------------
----------------- stop -----------------
retroactive repository identifiers disabled
finish run. runs completed=179
update duration runid=65475-14, duration=371.277892113, md5=301e91d8
loading script "jan_unknown120_60.py"
loading script "jan_pump_ms.py"
loading script "jan_co2.py"
loading script "jan_pump_extraction_line.py"
testing...
no interpolation path defined
executed snippet estimated_duration=213.652928, duration=0.000270128250122
script duration name:unknown120_60 seconds:214.0
loading script "jan_unknown120_60.py"
loading script "jan_pump_ms.py"
loading script "jan_co2.py"
loading script "jan_pump_extraction_line.py"
testing...
no interpolation path defined
executed snippet estimated_duration=0, duration=3.09944152832e-05
loading script "jan_unknown120_60.py"
loading script "jan_pump_ms.py"
loading script "jan_co2.py"
loading script "jan_pump_extraction_line.py"
testing...
no interpolation path defined
calculate duration
testing...
no interpolation path defined
executed snippet estimated_duration=0, duration=5.10215759277e-05
calculate duration
testing...
no interpolation path defined
executed snippet estimated_duration=0, duration=9.48905944824e-05
executed snippet estimated_duration=0.0, duration=0.00448489189148
script duration name:co2 seconds:0.0
loading script "jan_unknown120_60.py"
loading script "jan_pump_ms.py"
loading script "jan_co2.py"
loading script "jan_pump_extraction_line.py"
testing...
no interpolation path defined
calculate duration
testing...
no interpolation path defined
executed snippet estimated_duration=4.0, duration=0.000149965286255
executed snippet estimated_duration=4.0, duration=0.00141501426697
Script duration 214.0
Run total estimated duration= 215.000
unknown120_60 in script context. using previous estimated duration
script duration name:unknown120_60 seconds:214.0
pump_ms in script context. using previous estimated duration
co2 in script context. using previous estimated duration
script duration name:co2 seconds:0.0
pump_extraction_line in script context. using previous estimated duration
Script duration 214.0
Run total estimated duration= 215.000
loading script "jan_unknown400_120.py"
loading script "jan_pump_ms.py"
loading script "jan_cocktail_x1.py"
loading script "jan_pump_extraction_line.py"
testing...
no interpolation path defined
executed snippet estimated_duration=556.052928, duration=0.000149965286255
script duration name:unknown400_120 seconds:556.0
loading script "jan_unknown400_120.py"
loading script "jan_pump_ms.py"
loading script "jan_cocktail_x1.py"
loading script "jan_pump_extraction_line.py"
testing...
no interpolation path defined
calculate duration
testing...
no interpolation path defined
executed snippet estimated_duration=0, duration=4.88758087158e-05
calculate duration
testing...
no interpolation path defined
executed snippet estimated_duration=0, duration=0.000102996826172
calculate duration
testing...
no interpolation path defined
executed snippet estimated_duration=32.0, duration=9.58442687988e-05
calculate duration
testing...
no interpolation path defined
executed snippet estimated_duration=34.0, duration=0.000102996826172
calculate duration
testing...
no interpolation path defined
executed snippet estimated_duration=4.0, duration=7.31945037842e-05
calculate duration
testing...
no interpolation path defined
executed snippet estimated_duration=38.0, duration=9.58442687988e-05
executed snippet estimated_duration=108.0, duration=0.0168991088867
script duration name:cocktail_x1 seconds:108.0
Script duration 664.0
Run total estimated duration= 665.000
loading script "jan_ic_peak_hop3.py"
loading script "jan_pump_ms.py"
loading script "jan_air_x1.py"
loading script "jan_pump_extraction_line.py"
testing...
no interpolation path defined
executed snippet estimated_duration=133.8, duration=0.00987100601196
script duration name:ic_peak_hop3 seconds:134.0
loading script "jan_ic_peak_hop3.py"
loading script "jan_pump_ms.py"
loading script "jan_air_x1.py"
loading script "jan_pump_extraction_line.py"
testing...
no interpolation path defined
calculate duration
testing...
no interpolation path defined
executed snippet estimated_duration=0, duration=4.72068786621e-05
calculate duration
testing...
no interpolation path defined
executed snippet estimated_duration=0, duration=9.91821289062e-05
calculate duration
testing...
no interpolation path defined
executed snippet estimated_duration=32.0, duration=9.08374786377e-05
calculate duration
testing...
no interpolation path defined
executed snippet estimated_duration=34.0, duration=0.000103950500488
calculate duration
testing...
no interpolation path defined
executed snippet estimated_duration=4.0, duration=6.38961791992e-05
calculate duration
testing...
no interpolation path defined
executed snippet estimated_duration=36.0, duration=8.89301300049e-05
executed snippet estimated_duration=106.0, duration=0.00822305679321
script duration name:air_x1 seconds:106.0
Script duration 240.0
Run total estimated duration= 241.000
script duration name:unknown120_60 seconds:214.0
script duration name:co2 seconds:0.0
Script duration 214.0
Run total estimated duration= 215.000
script duration name:unknown120_60 seconds:214.0
script duration name:co2 seconds:0.0
Script duration 214.0
Run total estimated duration= 215.000
script duration name:unknown120_60 seconds:214.0
script duration name:co2 seconds:0.0
Script duration 214.0
Run total estimated duration= 215.000
script duration name:unknown120_60 seconds:214.0
script duration name:co2 seconds:0.0
Script duration 214.0
Run total estimated duration= 215.000
script duration name:unknown120_60 seconds:214.0
script duration name:co2 seconds:0.0
Script duration 214.0
Run total estimated duration= 215.000
script duration name:unknown120_60 seconds:214.0
script duration name:co2 seconds:0.0
Script duration 214.0
Run total estimated duration= 215.000
script duration name:unknown120_60 seconds:214.0
script duration name:co2 seconds:0.0
Script duration 214.0
Run total estimated duration= 215.000
script duration name:unknown120_60 seconds:214.0
script duration name:co2 seconds:0.0
Script duration 214.0
Run total estimated duration= 215.000
script duration name:unknown120_60 seconds:214.0
script duration name:co2 seconds:0.0
Script duration 214.0
Run total estimated duration= 215.000
script duration name:unknown120_60 seconds:214.0
script duration name:co2 seconds:0.0
Script duration 214.0
Run total estimated duration= 215.000
script duration name:unknown120_60 seconds:214.0
script duration name:co2 seconds:0.0
Script duration 214.0
Run total estimated duration= 215.000
nruns=15 before=0.0, run_dur=3701.0, btw=630.0
write rem/ex queues
/Users/jan/PychronDev/experiments/rem/CurrentExperiment.rem.txt
/Users/jan/PychronDev/experiments/rem/CurrentExperiment.ex.txt
doing event level: 3
