do run
loading script "jan_unknown120_60.py"
loading script "jan_pump_ms.py"
loading script "jan_co2.py"
loading script "jan_pump_extraction_line.py"
testing...
no interpolation path defined
executed snippet estimated_duration=213.652928, duration=0.000360012054443
script duration name:unknown120_60 seconds:214.0
loading script "jan_unknown120_60.py"
loading script "jan_pump_ms.py"
loading script "jan_co2.py"
loading script "jan_pump_extraction_line.py"
testing...
no interpolation path defined
executed snippet estimated_duration=0, duration=4.10079956055e-05
loading script "jan_unknown120_60.py"
loading script "jan_pump_ms.py"
loading script "jan_co2.py"
loading script "jan_pump_extraction_line.py"
testing...
no interpolation path defined
calculate duration
testing...
no interpolation path defined
executed snippet estimated_duration=0, duration=7.79628753662e-05
calculate duration
testing...
no interpolation path defined
executed snippet estimated_duration=0, duration=0.000171184539795
executed snippet estimated_duration=0.0, duration=0.00320386886597
script duration name:co2 seconds:0.0
loading script "jan_unknown120_60.py"
loading script "jan_pump_ms.py"
loading script "jan_co2.py"
loading script "jan_pump_extraction_line.py"
testing...
no interpolation path defined
calculate duration
testing...
no interpolation path defined
executed snippet estimated_duration=4.0, duration=0.000185012817383
executed snippet estimated_duration=4.0, duration=0.00139498710632
Script duration 214.0
Run total estimated duration= 215.000
run duration: 0:03:35
doing event level: 2
12:45:21 -- Setting default integration. t=1.048576
setting integration time = 1.048576
SetIntegrationTime 1.048576 ===>> OK
----------------- start -----------------
**************** Experiment Type: Ar/Ar, Ar/Ar
create new session 4419438256
close session 4419438256
$$$$$ Clearing conditionals
adding conditionals 
Add queue conditionals
add default conditionals
adding default conditionals from /Users/jan/PychronDev/setupfiles/spectrometer/default_conditionals.yaml
Start automated run 65475-21
loading script "jan_unknown120_60.py"
loading script "jan_pump_ms.py"
loading script "jan_co2.py"
loading script "jan_pump_extraction_line.py"
%%%%%%%%%%%%%%%%%% setting automated run 65475-21
No value "sensitivity_multiplier" in metadata
$$$$$$$$$$$$$$$ auto_save_detector_ic=False
============================= Pre Extraction Check =============================
loading queue conditionals pre_run_terminations
loading system conditionals pre_run_terminations
loading conditionals from /Users/jan/PychronDev/setupfiles/spectrometer/default_conditionals.yaml
12:45:21 -- ******* Pre Extraction Check *******
Get a measurement from the spectrometer
GetData ===>> H2,-0.228352126479686,H1,0.0729338025662109,AX,-0.0572905856684731,L1,-0.0411487522623523,L2,0.03...
Pre Extraction Termination data. keys=H2,H1,AX,L1,L2,CDD, signals=-0.22835,0.07293,-0.05729,-0.04115,0.03736,0.00328
12:45:21 -- testing system defined conditionals
Checking default pre extraction terminations n=2
testing CDD
evaluate ot="CDD.inactive" t="CDD", ctx="{'CDD': False}"
GetDeflection CDD ===>> 50
testing CDD==2000
evaluate ot="CDD.deflection==2000" t="CDD==2000", ctx="{'CDD': 50.0}"
12:45:21 -- ******* Pre Extraction Check Passed *******
=================================================================================
12:45:21 -- stopping status monitor
stop 6901184944
Alive clients [5025639504, 5288834736, 4992986192]
12:45:21 -- starting status monitor
start 6901184944
Monitor already running
start extraction
do extraction
Analysis started at 12:45:21.907530
Extraction Started jan_co2.py
12:45:21 -- ******* Extraction Started jan_co2.py *******
state changed from not run to extraction
DO EXTRACTION <pychron.extraction_line.pyscript_runner.RemotePyScriptRunner object at 0x12bfe48f0>
testing...
no interpolation path defined
calculate duration
testing...
no interpolation path defined
executed snippet estimated_duration=0, duration=0.000105142593384
calculate duration
testing...
no interpolation path defined
executed snippet estimated_duration=0, duration=0.000105142593384
executed snippet estimated_duration=100.0, duration=0.00372099876404
Jan CO2 laser analysis
doing GOSUB
testing...
no interpolation path defined
executed snippet estimated_duration=0, duration=4.50611114502e-05
Waiting for CO2 access
wait ('FelixCO2Flag', 0) {}
waiting for FelixCO2Flag = 0
Read FelixCO2Flag ===>> 0
finished waiting
CO2 free
wait ('CO2PumpTimeFlag', 0) {}
waiting for CO2PumpTimeFlag = 0
Read CO2PumpTimeFlag ===>> 0
finished waiting
acquire ('JanCO2Flag',) {'clear': True}
acquire JanCO2Flag
Set JanCO2Flag 1 ===>> OK
JanCO2Flag acquired
set extraction state False (0.75, 'red', 1.5)
CO2 acquired
executed snippet estimated_duration=0, duration=0.0149149894714
WaitForCO2Access.py completed successfully
gosub finished
doing GOSUB
testing...
no interpolation path defined
executed snippet estimated_duration=0, duration=9.48905944824e-05
Prepare for CO2 analysis
close () {'description': 'Jan Inlet'}
closing name=--- desc=Jan Inlet
checking ownership. requestor=129.138.12.150
check software interlocks R
interlocks []
actuate state mode=None-script, software_lock=False
doing actuation None-script close_channel False
Close R ===>> OK
GetIndicatorState R ===>> False
change switch state (True, True)
update switch state R False args=() kw={} ncanvase=8
12:45:22 -- CLOSE  VALVE-R (Jan Inlet)
---------------------------------------- close None (Jan Inlet) result=[(True, True)]
action=close, ok=True, locked=[False]
open () {'description': 'Jan Ion Pump'}
opening name=--- desc=Jan Ion Pump
checking ownership. requestor=129.138.12.150
check software interlocks O
interlocks []
actuate state mode=None-script, software_lock=False
doing actuation None-script open_channel False
Open O ===>> OK
GetIndicatorState O ===>> OK
change switch state (True, True)
update switch state O True args=() kw={} ncanvase=8
12:45:22 -- OPEN   VALVE-O (Jan Ion Pump)
---------------------------------------- open None (Jan Ion Pump) result=[(True, True)], time=0.11 sec
action=open, ok=True, locked=[False]
close () {'description': 'Microbone to Minibone'}
closing name=--- desc=Microbone to Minibone
checking ownership. requestor=129.138.12.150
check software interlocks L
interlocks []
actuate state mode=None-script, software_lock=False
doing actuation None-script close_channel False
Close L ===>> OK
GetIndicatorState L ===>> False
change switch state (True, True)
update switch state L False args=() kw={} ncanvase=8
12:45:23 -- CLOSE  VALVE-L (Microbone to Minibone)
---------------------------------------- close None (Microbone to Minibone) result=[(True, True)]
action=close, ok=True, locked=[False]
open () {'description': 'Microbone to Turbo'}
opening name=--- desc=Microbone to Turbo
checking ownership. requestor=129.138.12.150
check software interlocks U
interlocks []
actuate state mode=None-script, software_lock=False
doing actuation None-script open_channel False
Open U ===>> OK
GetIndicatorState U ===>> OK
change switch state (True, True)
update switch state U True args=() kw={} ncanvase=8
12:45:23 -- OPEN   VALVE-U (Microbone to Turbo)
---------------------------------------- open None (Microbone to Turbo) result=[(True, True)], time=0.18 sec
action=open, ok=True, locked=[False]
open () {'description': 'Microbone to Inlet Pipette'}
opening name=--- desc=Microbone to Inlet Pipette
checking ownership. requestor=129.138.12.150
check software interlocks S
interlocks []
actuate state mode=None-script, software_lock=False
doing actuation None-script open_channel False
Open S ===>> OK
GetIndicatorState S ===>> OK
change switch state (True, True)
update switch state S True args=() kw={} ncanvase=8
12:45:24 -- OPEN   VALVE-S (Microbone to Inlet Pipette)
---------------------------------------- open None (Microbone to Inlet Pipette) result=[(True, True)], time=0.44 sec
action=open, ok=True, locked=[False]
open () {'description': 'Microbone to Getter D-50'}
opening name=--- desc=Microbone to Getter D-50
checking ownership. requestor=129.138.12.150
check software interlocks K
interlocks []
actuate state mode=None-script, software_lock=False
doing actuation None-script open_channel False
Open K ===>> OK
GetIndicatorState K ===>> OK
change switch state (True, True)
update switch state K True args=() kw={} ncanvase=8
12:45:25 -- OPEN   VALVE-K (Microbone to Getter D-50)
---------------------------------------- open None (Microbone to Getter D-50) result=[(True, True)], time=0.43 sec
action=open, ok=True, locked=[False]
open () {'description': 'Microbone to Getter NP-10'}
opening name=--- desc=Microbone to Getter NP-10
checking ownership. requestor=129.138.12.150
check software interlocks M
interlocks []
actuate state mode=None-script, software_lock=False
doing actuation None-script open_channel False
Open M ===>> OK
GetIndicatorState M ===>> OK
change switch state (True, True)
update switch state M True args=() kw={} ncanvase=8
12:45:25 -- OPEN   VALVE-M (Microbone to Getter NP-10)
---------------------------------------- open None (Microbone to Getter NP-10) result=[(True, True)], time=0.17 sec
action=open, ok=True, locked=[False]
close () {'description': 'CO2 Laser to Felix'}
closing name=--- desc=CO2 Laser to Felix
checking ownership. requestor=129.138.12.150
check software interlocks F
interlocks []
actuate state mode=None-script, software_lock=True
VALVE-F(CO2 Laser to Felix) software locked
change switch state (True, False)
---------------------------------------- close None (CO2 Laser to Felix) result=[(True, False)]
action=close, ok=True, locked=[True]
open () {'description': 'CO2 Laser to Jan'}
opening name=--- desc=CO2 Laser to Jan
checking ownership. requestor=129.138.12.150
check software interlocks A
interlocks []
actuate state mode=None-script, software_lock=False
doing actuation None-script open_channel False
Open A ===>> OK
GetIndicatorState A ===>> OK
change switch state (True, True)
update switch state A True args=() kw={} ncanvase=8
12:45:26 -- OPEN   VALVE-A (CO2 Laser to Jan)
---------------------------------------- open None (CO2 Laser to Jan) result=[(True, True)], time=0.15 sec
action=open, ok=True, locked=[False]
open () {'description': 'Microbone to CO2 Laser'}
opening name=--- desc=Microbone to CO2 Laser
checking ownership. requestor=129.138.12.150
check software interlocks T
interlocks []
actuate state mode=None-script, software_lock=False
doing actuation None-script open_channel False
Open T ===>> OK
GetIndicatorState T ===>> OK
change switch state (True, True)
update switch state T True args=() kw={} ncanvase=8
12:45:26 -- OPEN   VALVE-T (Microbone to CO2 Laser)
---------------------------------------- open None (Microbone to CO2 Laser) result=[(True, True)], time=0.44 sec
action=open, ok=True, locked=[False]
executed snippet estimated_duration=0, duration=5.17723608017
PrepareForCO2Analysis.py completed successfully
gosub finished
set_motor ('beam', '1.25') {}
setting motor "beam" to 1.25
set motor beam to 1.25
SetMotor beam,1.25 ===>> OK
GetMotorMoving beam ===>> False
GetMotorMoving beam ===>> False
Block completed
move_to_position ('111',) {'autocenter': True}
FusionsCO2 move to position 111
sending GoToHole 111,True
GoToHole 111,True ===>> OK
GetDriveMoving ===>> OK
GetDriveMoving ===>> OK
GetDriveMoving ===>> OK
GetDriveMoving ===>> OK
GetDriveMoving ===>> False
GetDriveMoving ===>> OK
GetDriveMoving ===>> OK
GetDriveMoving ===>> OK
GetDriveMoving ===>> OK
GetDriveMoving ===>> False
Block completed
GetAutoCorrecting ===>> False
GetAutoCorrecting ===>> False
Block completed
update position
GetPosition ===>> 0.00000,0.00000,1.00000
got position (0.0, 0.0, 1.0)
move to position succeeded
sleep (5,) {}
SLEEP 5.0
block started
WaitControl setup for 5.0  
Join finished
block finished. duration 5.03943800926
close () {'description': 'Microbone to Turbo'}
closing name=--- desc=Microbone to Turbo
checking ownership. requestor=129.138.12.150
check software interlocks U
interlocks []
actuate state mode=None-script, software_lock=False
doing actuation None-script close_channel True
Close U ===>> OK
GetIndicatorState U ===>> False
change switch state (True, True)
update switch state U False args=() kw={} ncanvase=8
12:45:37 -- CLOSE  VALVE-U (Microbone to Turbo)
---------------------------------------- close None (Microbone to Turbo) result=[(True, True)]
action=close, ok=True, locked=[False]
enable laser
enable () {}
set extraction state FusionsCO2 Enabled (False, 'red', 1.5)
enabling laser
Enable ===>> OK
begin interval
BEGIN INTERVAL Interval 1 waiting for 30.0
block started
set extract to 5.0
WaitControl setup for 30.0  
extract (5.0,) {}
GetPosition ===>> 0.00000,0.00000,1.00000
set extraction state FusionsCO2 ON! 5.0(watts) (0.75, 'red', 1.5)
extract sample to 5.0 (watts)
set laser output
SetLaserOutput 5.0,watts ===>> OK
executing pattern triangle.lp
execute_pattern ('triangle.lp',) {}
executing pattern triangle.lp
IsPatterning ===>> OK
IsPatterning ===>> OK
IsPatterning ===>> OK
IsPatterning ===>> OK
IsPatterning ===>> OK
IsPatterning ===>> OK
IsPatterning ===>> OK
IsPatterning ===>> OK
IsPatterning ===>> OK
IsPatterning ===>> OK
IsPatterning ===>> OK
IsPatterning ===>> OK
IsPatterning ===>> OK
IsPatterning ===>> OK
IsPatterning ===>> OK
IsPatterning ===>> OK
IsPatterning ===>> OK
IsPatterning ===>> OK
IsPatterning ===>> OK
IsPatterning ===>> OK
IsPatterning ===>> OK
IsPatterning ===>> OK
IsPatterning ===>> OK
IsPatterning ===>> OK
IsPatterning ===>> OK
IsPatterning ===>> OK
IsPatterning ===>> False
IsPatterning ===>> False
Block completed
COMPLETE INTERVAL waiting for Interval 1 to complete
Join finished
block finished. duration 30.1146759987
Interval 1 finished
end_extract () {}
ending extraction. set laser power to 0
set laser power 0
SetLaserPower 0 ===>> OK
disable () {}
%%%%%%%%%%%%%%%%%%%%%%%%%%%%%%%%%%% disable
set extraction state False (0.75, 'red', 1.5)
disabling laser
Disable ===>> OK
sleep (30.0,) {}
SLEEP 30.0
block started
WaitControl setup for 30.0  
Join finished
block finished. duration 30.1031990051
executed snippet estimated_duration=166.5, duration=76.8991620541
jan_co2.py completed successfully
GetAchievedOutput ===>> No Response
Requested Output= 0.000
Achieved Output=  0.000
GetResponseBlob ===>> No Response
GetOutputBlob ===>> No Response
persistence save...
persistence save - db
AutomatedRunPersister post_extraction_save deprecated
persistence save - dvc
no extraction position for 111
create new session 4992585168
close session 4992585168
Extraction Finished
12:46:38 -- ******* Extraction Finished *******
no overlap. not waiting for min ms pumptime
12:46:38 -- Sending spectrometer configuration
======== Sending configuration ========
SetDeflection CDD,50.0 ===>> OK
SetDeflection H2,0.0 ===>> OK
SetDeflection H1,0.0 ===>> OK
SetDeflection L2,825.0 ===>> OK
SetDeflection L1,400.0 ===>> OK
SetDeflection AX,190.0 ===>> OK
SetZFocus 74.64 ===>> OK
SetZSymmetry -50.72 ===>> OK
SetExtractionLens 26.13 ===>> OK
SetIonRepeller -3.81 ===>> OK
SetElectronEnergy 75.08 ===>> OK
SetYSymmetry -2.81 ===>> OK
SetIonCounterVoltage 1590.0 ===>> OK
send trap current 200.0
GetParameter Trap Current Readback ===>> 198.258926936459
SetParameter Trap Current Set,200.0 ===>> OK
updating mftable name mftable
Using mftable located at /Users/jan/PychronDev/setupfiles/spectrometer/mftables/mftable.csv
============ MFtable ===========
Isotope  H2     H1     AX     L1     L2     CDD    
Ar40     5.8276 5.8811 5.9943 6.1675 6.2327 6.3958
Ar39     5.7269 5.7734 5.8867 6.0536 6.1178 6.2823
Ar36     5.4044 5.4424 5.5501 5.7125 5.7728 5.9334
================================
get initial guess parabolic
get initial guess parabolic
get initial guess parabolic
get initial guess parabolic
get initial guess parabolic
get initial guess parabolic
======== Configuration Finished ========
GetYSymmetry ===>> -2.81
GetZSymmetry ===>> -50.72
GetParameter Trap Current Readback ===>> 198.147042666178
GetHighVoltage ===>> 4499.94659342336
start measurement
do measurement
L#=65475 analysis type=unknown
Measurement Started jan_unknown120_60.py
12:46:39 -- ******* Measurement Started jan_unknown120_60.py *******
state changed from extraction to measurement
setting spec, defl, and gains
GetExtractionLens ===>> 26.13
GetYSymmetry ===>> -2.81
GetZSymmetry ===>> -50.72
GetZFocus ===>> 74.64
GetDeflection H2 ===>> 0
GetDeflection H1 ===>> 0
GetDeflection AX ===>> 190
GetDeflection L1 ===>> 400
GetDeflection L2 ===>> 825
GetDeflection CDD ===>> 50
GetGain H2 ===>> 0.0113
GetGain H1 ===>> 0.1
GetGain AX ===>> 0.097049
GetGain L1 ===>> 0.010355
GetGain L2 ===>> 0.095649
GetGain CDD ===>> 0
pre measurement save
New frame /Users/jan/PychronDev/data/isotopes/12/771068-a447-4198-8414-029e16556a20.h5
flush and close file /Users/jan/PychronDev/data/isotopes/12/771068-a447-4198-8414-029e16556a20.h5
testing...
no interpolation path defined
executed snippet estimated_duration=226.132928, duration=0.000211000442505
unknown measurement script
activate_detectors ('H2', 'H1', 'AX', 'L1', 'L2', 'CDD') {}
activate detectors
*************** Set Analysis View Ar/Ar
create graphs
clearing graphs
clear isotope group
setting isotope det=H2, iso=PM41
setting isotope det=H1, iso=Ar40
setting isotope det=AX, iso=Ar39
setting isotope det=L1, iso=Ar38
setting isotope det=L2, iso=Ar37
setting isotope det=CDD, iso=Ar36
setting previous blanks
 - setting Ar40 blank 0.634+/-0.011
 - setting Ar36 blank 0.00634+/-0.00025
 - setting Ar37 blank 0.056+/-0.010
 - setting Ar38 blank 0.013+/-0.005
 - setting PM41 blank 0.06+/-0.07
 - setting Ar39 blank 0.016+/-0.012
load analysis view
position_magnet ('Ar40',) {'detector': 'H1'}
detector Detector(H1)
POSITION Ar40 H1
setting detector H2 to PM41 (40.9624)
setting detector H1 to Ar40 (39.9624)
setting detector AX to Ar39 (38.9624)
setting detector L1 to Ar38 (37.9624)
setting detector L2 to Ar37 (36.9624)
setting detector CDD to Ar36 (35.9624)
Mapping mass to dac mass func: "parabolic"
H1 map mass coeffs = [-0.00063987  0.15840543  0.57272999]
H1 map mass to dac 39.9624 >> 5.88112
GetDeflection H1 ===>> 0
GetHighVoltage ===>> 4499.94659342336
positioning Ar40 (5.88108536664) on H1
setting magnet DAC
current  : 5.881085
requested: 5.881085
Delta Dac: 0.000000
Checking detector protection. dv=0.00000
Checking detector "CDD". Protection Threshold: 0.1 (V)
SetMagnetDAC 5.88108536664 ===>> OK
equilibrate () {'delay': 3, 'inlet': 'R', 'outlet': 'O', 'eqtime': 12.0}
Equilibration Started
12:46:40 -- ******* Equilibration Started *******
checking ownership. requestor=129.138.12.150
check software interlocks O
interlocks []
actuate state mode=None-script, software_lock=False
doing actuation None-script close_channel True
Close O ===>> OK
GetIndicatorState O ===>> False
change switch state (True, True)
update switch state O False args=() kw={} ncanvase=8
12:46:40 -- CLOSE  VALVE-O (Jan Ion Pump)
waiting 3s before opening inlet value ('R',)
update labels <pychron.experiment.plot_panel.PlotPanel object at 0x22d538ad0>
update labels "<pychron.graph.stacked_regression_graph.StackedRegressionGraph object at 0x230792dd0>"
setting label 0 H2 PM41
setting label 1 H1 Ar40
setting label 2 AX Ar39
setting label 3 L1 Ar38
setting label 4 L2 Ar37
setting label 5 CDD Ar36
update labels "<pychron.graph.stacked_graph.StackedGraph object at 0x230792e90>"
setting label 0 H2 PM41
setting label 1 H1 Ar40
setting label 2 AX Ar39
setting label 3 L1 Ar38
setting label 4 L2 Ar37
setting label 5 CDD Ar36
checking ownership. requestor=129.138.12.150
check software interlocks R
interlocks []
actuate state mode=None-script, software_lock=False
doing actuation None-script open_channel True
Open R ===>> OK
GetIndicatorState R ===>> OK
change switch state (True, True)
update switch state R True args=() kw={} ncanvase=8
12:46:43 -- OPEN   VALVE-R (Jan Inlet)
equilibrating for 12.0sec
set_time_zero () {}
sniff (12.0,) {}
py_sniff
build tables- sniff [Detector(H2), Detector(H1), Detector(AX), Detector(L1), Detector(L2), Detector(CDD)]
add group /sniff/PM41 (Group) '' table H2
add group /sniff/Ar40 (Group) '' table H1
add group /sniff/Ar39 (Group) '' table AX
add group /sniff/Ar38 (Group) '' table L1
add group /sniff/Ar37 (Group) '' table L2
add group /sniff/Ar36 (Group) '' table CDD
flush and close file /Users/jan/PychronDev/data/isotopes/12/771068-a447-4198-8414-029e16556a20.h5
measuring sniff. ncounts=12.0
"sniff" increment series count="1" fit count="0" regressing="False"
starting measurement
check iteration duration=3.2901763916e-05
GetData ===>> H2,-0.170529631366912,H1,0.112810085206827,AX,0.0201762526520573,L1,0.00153392443975609,L2,0.0379...
check iteration duration=4.81605529785e-05
GetData ===>> H2,0.467873530388023,H1,734.76145751565,AX,38.4734852270766,L1,0.219167833943292,L2,0.42451213229...
check iteration duration=3.981590271e-05
GetData ===>> H2,1.09719373110475,H1,2371.17753500386,AX,118.510175001235,L1,1.29208829869149,L2,0.442568490162...
check iteration duration=4.29153442383e-05
GetData ===>> H2,0.59063773787169,H1,2969.1031334525,AX,144.191391438028,L1,2.13284871783641,L2,0.4005080687427...
check iteration duration=3.91006469727e-05
GetData ===>> H2,0.303941360747275,H1,3169.61337987139,AX,152.05756549532,L1,2.61713639780482,L2,0.297773283465...
check iteration duration=3.50475311279e-05
GetData ===>> H2,0.220485266849057,H1,3245.87714407406,AX,154.783819086117,L1,2.91640935648921,L2,0.37639580746...
check iteration duration=3.50475311279e-05
GetData ===>> H2,0.216493948331861,H1,3277.35641725194,AX,156.134878399494,L1,3.07718255567141,L2,0.45013878064...
check iteration duration=3.40938568115e-05
GetData ===>> H2,0.172618494498454,H1,3289.38626070775,AX,156.446494790882,L1,3.13034806938066,L2,0.46827337025...
check iteration duration=1.59740447998e-05
GetData ===>> H2,0.131618479179041,H1,3295.53335830331,AX,156.790082382801,L1,3.1838531017879,L2,0.499445927545...
check iteration duration=2.121925354e-05
GetData ===>> H2,0.12743029224104,H1,3298.05832735649,AX,156.617604167042,L1,3.23860123714675,L2,0.406402845923...
check iteration duration=4.50611114502e-05
GetData ===>> H2,0.214821244919667,H1,3298.4458435282,AX,156.833970777881,L1,3.26351983929295,L2,0.327447504402...
Equilibration Finished
12:46:55 -- ******* Equilibration Finished *******
checking ownership. requestor=129.138.12.150
check software interlocks R
interlocks []
actuate state mode=None-script, software_lock=False
doing actuation None-script close_channel True
check iteration duration=1.50203704834e-05
GetData ===>> H2,0.20944314056403,H1,3298.29278530034,AX,156.726605010777,L1,3.27083707206572,L2,0.403923796619...
Close R ===>> OK
set states for children of R. state=False
handle state [('R', False)]
update switch state R False args=() kw={'refresh': False} ncanvase=8
refresh_canvas_needed fired
GetIndicatorState R ===>> False
change switch state (True, True)
update switch state R False args=() kw={} ncanvase=8
12:46:56 -- CLOSE  VALVE-R (Jan Inlet)
Post Equilibration Started jan_pump_extraction_line.py
12:46:56 -- ******* Post Equilibration Started jan_pump_extraction_line.py *******
testing...
no interpolation path defined
calculate duration
testing...
no interpolation path defined
executed snippet estimated_duration=4.0, duration=0.000192880630493
executed snippet estimated_duration=4.0, duration=0.00169014930725
Pump after analysis
doing GOSUB
testing...
no interpolation path defined
executed snippet estimated_duration=4.0, duration=0.000150918960571
Pump Microbone
close () {'description': 'Jan Inlet'}
closing name=--- desc=Jan Inlet
checking ownership. requestor=129.138.12.150
check software interlocks R
interlocks []
actuate state mode=None-script, software_lock=False
doing actuation None-script close_channel False
check iteration duration=4.31537628174e-05
waiting for write to finish
Close R ===>> OK
measurement finished
estimated time: 12.583 actual time: :12.732
flush and close file /Users/jan/PychronDev/data/isotopes/12/771068-a447-4198-8414-029e16556a20.h5
set_fits () {}
using default fits file=/Users/jan/PychronDev/scripts/measurement/fits/nominal_linear.yaml
set "Ar40" to "('Linear', 'SEM')"
No fit for "PM41". defaulting to linear. check the measurement script "jan_unknown120_60.py"
set "PM41" to "linear"
set "Ar36" to "('Linear', 'SEM')"
set "Ar37" to "('linear', 'SEM')"
set "Ar38" to "('linear', 'SEM')"
set "Ar39" to "('Linear', 'SEM')"
set_baseline_fits () {}
using default fits file=/Users/jan/PychronDev/scripts/measurement/fits/nominal_linear.yaml
set "H1" to "('average', 'SEM')"
set "H2" to "('average', 'SEM')"
set "CDD" to "('average', 'SEM')"
set "L2" to "('average', 'SEM')"
set "L1" to "('average', 'SEM')"
set "AX" to "('average', 'SEM')"
multicollect () {'integration_time': 1, 'ncounts': 120}
build tables- signal [Detector(H2), Detector(H1), Detector(AX), Detector(L1), Detector(L2), Detector(CDD)]
add group /signal/PM41 (Group) '' table H2
add group /signal/Ar40 (Group) '' table H1
add group /signal/Ar39 (Group) '' table AX
add group /signal/Ar38 (Group) '' table L1
add group /signal/Ar37 (Group) '' table L2
add group /signal/Ar36 (Group) '' table CDD
flush and close file /Users/jan/PychronDev/data/isotopes/12/771068-a447-4198-8414-029e16556a20.h5
GetIndicatorState R ===>> False
measuring signal. ncounts=120
change switch state (True, True)
update switch state R False args=() kw={} ncanvase=8
12:46:57 -- CLOSE  VALVE-R (Jan Inlet)
---------------------------------------- close None (Jan Inlet) result=[(True, True)]
action=close, ok=True, locked=[False]
is_closed ('F',) {}
is F () closed?
is closed True
open () {'description': 'CO2 Laser to Jan'}
opening name=--- desc=CO2 Laser to Jan
checking ownership. requestor=129.138.12.150
check software interlocks A
interlocks []
actuate state mode=None-script, software_lock=False
doing actuation None-script open_channel False
Open A ===>> OK
"signal" increment series count="2" fit count="1" regressing="True"
GetIndicatorState A ===>> OK
change switch state (True, True)
update switch state A True args=() kw={} ncanvase=8
12:46:57 -- OPEN   VALVE-A (CO2 Laser to Jan)
---------------------------------------- open None (CO2 Laser to Jan) result=[(True, True)], time=0.12 sec
starting measurement
check iteration duration=0.000128984451294
GetData ===>> H2,0.301482644490491,H1,3298.05936991611,AX,157.189415707486,L1,3.32294946734056,L2,0.38991894358...
action=open, ok=True, locked=[False]
sleep (1,) {}
SLEEP 1.0
check iteration duration=3.50475311279e-05
GetData ===>> H2,0.259976495178531,H1,3297.61952512937,AX,157.030435644518,L1,3.28327004590838,L2,0.46379650282...
close () {'description': 'CO2 Laser to Roughing'}
closing name=--- desc=CO2 Laser to Roughing
checking ownership. requestor=129.138.12.150
check software interlocks G
interlocks []
actuate state mode=None-script, software_lock=True
VALVE-G(CO2 Laser to Roughing) software locked
change switch state (True, False)
---------------------------------------- close None (CO2 Laser to Roughing) result=[(True, False)]
action=close, ok=True, locked=[True]
open () {'description': 'Microbone to Turbo'}
opening name=--- desc=Microbone to Turbo
checking ownership. requestor=129.138.12.150
check software interlocks U
interlocks []
actuate state mode=None-script, software_lock=False
doing actuation None-script open_channel True
Open U ===>> OK
GetIndicatorState U ===>> OK
change switch state (True, True)
update switch state U True args=() kw={} ncanvase=8
12:46:58 -- OPEN   VALVE-U (Microbone to Turbo)
---------------------------------------- open None (Microbone to Turbo) result=[(True, True)], time=0.18 sec
action=open, ok=True, locked=[False]
open () {'description': 'Microbone to Getter NP-10'}
opening name=--- desc=Microbone to Getter NP-10
checking ownership. requestor=129.138.12.150
check software interlocks M
interlocks []
actuate state mode=None-script, software_lock=False
doing actuation None-script open_channel False
Open M ===>> OK
GetIndicatorState M ===>> OK
change switch state (True, True)
update switch state M True args=() kw={} ncanvase=8
12:46:59 -- OPEN   VALVE-M (Microbone to Getter NP-10)
---------------------------------------- open None (Microbone to Getter NP-10) result=[(True, True)], time=0.16 sec
action=open, ok=True, locked=[False]
open () {'description': 'Microbone to Getter D-50'}
opening name=--- desc=Microbone to Getter D-50
checking ownership. requestor=129.138.12.150
check software interlocks K
interlocks []
actuate state mode=None-script, software_lock=False
doing actuation None-script open_channel False
check iteration duration=3.60012054443e-05
GetData ===>> H2,0.121882628430684,H1,3295.70950431323,AX,156.51412227405,L1,3.29726892323336,L2,0.361629899922...
Open K ===>> OK
GetIndicatorState K ===>> OK
change switch state (True, True)
update switch state K True args=() kw={} ncanvase=8
12:47:00 -- OPEN   VALVE-K (Microbone to Getter D-50)
---------------------------------------- open None (Microbone to Getter D-50) result=[(True, True)], time=0.47 sec
action=open, ok=True, locked=[False]
open () {'description': 'Microbone to CO2 Laser'}
opening name=--- desc=Microbone to CO2 Laser
checking ownership. requestor=129.138.12.150
check software interlocks T
interlocks []
actuate state mode=None-script, software_lock=False
doing actuation None-script open_channel False
Open T ===>> OK
GetIndicatorState T ===>> OK
change switch state (True, True)
update switch state T True args=() kw={} ncanvase=8
12:47:00 -- OPEN   VALVE-T (Microbone to CO2 Laser)
---------------------------------------- open None (Microbone to CO2 Laser) result=[(True, True)], time=0.47 sec
check iteration duration=3.2901763916e-05
GetData ===>> H2,0.0987056165357203,H1,3294.61490241107,AX,156.399183848712,L1,3.29869776099124,L2,0.3829972351...
action=open, ok=True, locked=[False]
open () {'description': 'Microbone to Inlet Pipette'}
opening name=--- desc=Microbone to Inlet Pipette
checking ownership. requestor=129.138.12.150
check software interlocks S
interlocks []
actuate state mode=None-script, software_lock=False
doing actuation None-script open_channel False
Open S ===>> OK
GetIndicatorState S ===>> OK
change switch state (True, True)
update switch state S True args=() kw={} ncanvase=8
12:47:01 -- OPEN   VALVE-S (Microbone to Inlet Pipette)
---------------------------------------- open None (Microbone to Inlet Pipette) result=[(True, True)], time=0.44 sec
action=open, ok=True, locked=[False]
sleep (1,) {}
SLEEP 1.0
testing H1>-5.0
evaluate ot="H1.bs>-5.0" t="H1>-5.0", ctx="{'H1': None}"
check iteration duration=0.00108599662781
GetData ===>> H2,0.125164945764359,H1,3294.24863961228,AX,156.36422672283,L1,3.25238081305571,L2,0.360716384088...
set_resource () {'name': 'CO2PumpTimeFlag', 'value': 30}
Set CO2PumpTimeFlag 30 ===>> OK
release ('JanCO2Flag',) {}
release JanCO2Flag
Set JanCO2Flag 0 ===>> OK
executed snippet estimated_duration=6.0, duration=6.12267518044
PumpMicrobone.py completed successfully
gosub finished
get_resource_value () {'name': 'JanMiniboneFlag'}
Read JanMiniboneFlag ===>> 0
Get Resource Value JanMiniboneFlag=0.0
get resource value 0.0
get_resource_value () {'name': 'JanMiniboneFlag'}
Read JanMiniboneFlag ===>> 0
Get Resource Value JanMiniboneFlag=0.0
executed snippet estimated_duration=4.0, duration=6.13256597519
jan_pump_extraction_line.py completed successfully
Post Equilibration Finished
12:47:02 -- ******* Post Equilibration Finished *******
check iteration duration=8.70227813721e-05
GetData ===>> H2,-0.0405926312614047,H1,3292.81855827037,AX,156.271857560083,L1,3.25662937433975,L2,0.310851634...
check iteration duration=8.60691070557e-05
GetData ===>> H2,0.00823536355216776,H1,3291.49510680257,AX,156.13602798551,L1,3.24931522482783,L2,0.4575269556...
check iteration duration=3.81469726562e-05
GetData ===>> H2,0.028896176549604,H1,3289.7385981418,AX,156.264850229961,L1,3.27419727778855,L2,0.424877780886...
check iteration duration=4.41074371338e-05
GetData ===>> H2,0.0573320660732715,H1,3287.98109017341,AX,156.179236981001,L1,3.22866800527246,L2,0.3253129363...
testing H1>-5.0
evaluate ot="H1.bs>-5.0" t="H1>-5.0", ctx="{'H1': None}"
check iteration duration=0.000808954238892
GetData ===>> H2,0.0663117238134532,H1,3286.51742164866,AX,156.233498469464,L1,3.19586941032712,L2,0.3955960313...
check iteration duration=8.60691070557e-05
GetData ===>> H2,0.0076844503190334,H1,3285.53323583986,AX,156.12070775801,L1,3.2608055632018,L2,0.329330986293...
check iteration duration=7.20024108887e-05
GetData ===>> H2,-0.0235718753714003,H1,3284.03939793495,AX,155.96098427501,L1,3.2505148888858,L2,0.47056898793...
check iteration duration=8.70227813721e-05
GetData ===>> H2,-0.0225290863733819,H1,3281.63255398998,AX,156.049692395252,L1,3.2794592132394,L2,0.2899796180...
check iteration duration=0.000110149383545
GetData ===>> H2,0.0182176170151118,H1,3280.44251413433,AX,155.780647536713,L1,3.25794412043374,L2,0.3164099033...
testing H1>-5.0
evaluate ot="H1.bs>-5.0" t="H1>-5.0", ctx="{'H1': None}"
check iteration duration=0.000611782073975
GetData ===>> H2,0.0306539963142936,H1,3280.35891064457,AX,155.923842592273,L1,3.25748122372612,L2,0.3513533488...
check iteration duration=4.10079956055e-05
GetData ===>> H2,0.0680201691859676,H1,3278.58414214969,AX,155.556461757944,L1,3.21263625096541,L2,0.4720880089...
check iteration duration=8.29696655273e-05
GetData ===>> H2,-0.078519694894517,H1,3277.062213902,AX,155.735695792208,L1,3.17448155376609,L2,0.350188742595...
check iteration duration=8.9168548584e-05
GetData ===>> H2,0.0910123893096887,H1,3275.40024160218,AX,155.878023361784,L1,3.21479845111495,L2,0.3468891017...
check iteration duration=8.29696655273e-05
GetData ===>> H2,0.0202069446875811,H1,3273.1477575363,AX,155.87415821071,L1,3.21606618190037,L2,0.387531697259...
testing H1>-5.0
evaluate ot="H1.bs>-5.0" t="H1>-5.0", ctx="{'H1': None}"
check iteration duration=0.00129699707031
GetData ===>> H2,-0.0253059418685145,H1,3272.39415939206,AX,155.825965889737,L1,3.2202488603182,L2,0.3947164605...
check iteration duration=4.91142272949e-05
GetData ===>> H2,-0.0419713222423672,H1,3272.37077127769,AX,155.528112418401,L1,3.22816272653487,L2,0.432271037...
check iteration duration=5.19752502441e-05
GetData ===>> H2,0.0476478195445227,H1,3270.58782587362,AX,155.299478716302,L1,3.24229231690344,L2,0.2840349496...
check iteration duration=7.60555267334e-05
GetData ===>> H2,-0.0668150186817986,H1,3269.09346284218,AX,155.516402892859,L1,3.21575862973591,L2,0.375322261...
check iteration duration=4.60147857666e-05
GetData ===>> H2,-0.0631497887440685,H1,3267.72805508402,AX,155.279081689773,L1,3.23036634739106,L2,0.377423681...
testing H1>-5.0
evaluate ot="H1.bs>-5.0" t="H1>-5.0", ctx="{'H1': None}"
check iteration duration=0.00125217437744
12:47:22 -- collecting point 25
GetData ===>> H2,-0.00652823553156392,H1,3266.71383789539,AX,155.146445457992,L1,3.24055461927021,L2,0.40898478...
check iteration duration=8.70227813721e-05
GetData ===>> H2,-0.00184943779493422,H1,3265.18303429269,AX,155.089576284435,L1,3.20380866592507,L2,0.46988372...
check iteration duration=3.31401824951e-05
GetData ===>> H2,-0.00427068311296603,H1,3262.90004745026,AX,155.232019097456,L1,3.1877854900556,L2,0.334022729...
check iteration duration=8.10623168945e-05
GetData ===>> H2,-0.0739154576102339,H1,3261.63199099924,AX,155.025912257854,L1,3.18621411264992,L2,0.399582758...
check iteration duration=8.48770141602e-05
GetData ===>> H2,-0.0214236773968192,H1,3261.18223193757,AX,155.157913257282,L1,3.15235571556306,L2,0.264674546...
testing H1>-5.0
evaluate ot="H1.bs>-5.0" t="H1>-5.0", ctx="{'H1': None}"
check iteration duration=0.000582933425903
GetData ===>> H2,-0.00678252218074224,H1,3259.50009193315,AX,155.033329851571,L1,3.16327148123708,L2,0.43171109...
check iteration duration=8.48770141602e-05
GetData ===>> H2,0.128135093478116,H1,3258.59594301927,AX,154.890014352556,L1,3.18181250892533,L2,0.36165273792...
check iteration duration=9.79900360107e-05
GetData ===>> H2,0.0903230639374822,H1,3256.59892413714,AX,154.765969803152,L1,3.20558336114371,L2,0.4303055411...
check iteration duration=8.58306884766e-05
GetData ===>> H2,-0.02241501964422,H1,3255.51447917283,AX,154.758534875519,L1,3.19099976203139,L2,0.43929915925...
check iteration duration=8.60691070557e-05
GetData ===>> H2,0.0343134705683652,H1,3254.39361249208,AX,154.464332806164,L1,3.18436052533548,L2,0.3580101445...
testing H1>-5.0
evaluate ot="H1.bs>-5.0" t="H1>-5.0", ctx="{'H1': None}"
check iteration duration=0.000593185424805
GetData ===>> H2,0.0392400167923452,H1,3253.88237585938,AX,154.75745194327,L1,3.1718884777093,L2,0.321021114583...
check iteration duration=8.60691070557e-05
GetData ===>> H2,-0.00788799130879878,H1,3252.67832640109,AX,154.803048550354,L1,3.18376830164955,L2,0.33817813...
check iteration duration=8.01086425781e-05
GetData ===>> H2,-0.00811913367532823,H1,3251.49775448078,AX,154.62515564321,L1,3.1953160336301,L2,0.4403162797...
check iteration duration=8.08238983154e-05
GetData ===>> H2,0.00622363875220809,H1,3249.89970962678,AX,154.663637183091,L1,3.17936510253346,L2,0.365934960...
check iteration duration=5.10215759277e-05
GetData ===>> H2,0.0442599289485142,H1,3247.6294547954,AX,154.475815694543,L1,3.16425347135911,L2,0.49584725863...
testing H1>-5.0
evaluate ot="H1.bs>-5.0" t="H1>-5.0", ctx="{'H1': None}"
check iteration duration=0.000643014907837
GetData ===>> H2,-0.0165240948939073,H1,3246.27729359506,AX,154.576302380959,L1,3.14225840113418,L2,0.419930216...
check iteration duration=3.69548797607e-05
GetData ===>> H2,-0.0565091989442925,H1,3244.95697351695,AX,154.531847212831,L1,3.15978448781176,L2,0.310577723...
check iteration duration=9.98973846436e-05
GetData ===>> H2,-0.0417189365666328,H1,3243.93147487461,AX,154.168583112797,L1,3.14116227460583,L2,0.363205735...
check iteration duration=8.79764556885e-05
GetData ===>> H2,-0.0646951329871579,H1,3243.53709176727,AX,154.205694456597,L1,3.14716588254192,L2,0.326602803...
check iteration duration=4.79221343994e-05
GetData ===>> H2,-0.0492783907209991,H1,3241.73117973426,AX,154.227278801878,L1,3.1734967558237,L2,0.2569801275...
testing H1>-5.0
evaluate ot="H1.bs>-5.0" t="H1>-5.0", ctx="{'H1': None}"
check iteration duration=0.000741958618164
GetData ===>> H2,-0.0288072454462722,H1,3240.89093282338,AX,154.130960063186,L1,3.18708800021507,L2,0.429254245...
check iteration duration=9.67979431152e-05
GetData ===>> H2,0.0633535667699567,H1,3240.15345254515,AX,154.134368668146,L1,3.16876838444672,L2,0.3805873187...
check iteration duration=3.60012054443e-05
GetData ===>> H2,0.00921483049785168,H1,3238.83229415303,AX,154.179351866079,L1,3.19983279939019,L2,0.394430887...
check iteration duration=3.91006469727e-05
GetData ===>> H2,0.0216362916540532,H1,3236.65068205579,AX,154.168437593657,L1,3.20650523815418,L2,0.2897057672...
check iteration duration=9.60826873779e-05
GetData ===>> H2,0.0115373191776061,H1,3235.72718180303,AX,153.998664799211,L1,3.20413286031698,L2,0.4384306154...
testing H1>-5.0
evaluate ot="H1.bs>-5.0" t="H1>-5.0", ctx="{'H1': None}"
check iteration duration=0.000574111938477
12:47:49 -- collecting point 50
GetData ===>> H2,-0.145079407835053,H1,3234.6239754633,AX,154.109761698608,L1,3.16477852973401,L2,0.35538390919...
check iteration duration=9.98973846436e-05
GetData ===>> H2,-0.0181054488936747,H1,3232.80345065818,AX,153.846844110695,L1,3.16976805637252,L2,0.247698231...
check iteration duration=7.79628753662e-05
GetData ===>> H2,-0.0972824791823092,H1,3232.54192418817,AX,153.905411763473,L1,3.14608825216984,L2,0.411361136...
check iteration duration=8.51154327393e-05
GetData ===>> H2,0.00266080425145139,H1,3231.09687500931,AX,153.685858041895,L1,3.14067806929865,L2,0.319309005...
check iteration duration=8.70227813721e-05
GetData ===>> H2,0.0441441562943773,H1,3229.05238829107,AX,153.813653346512,L1,3.14853490819061,L2,0.3343880329...
testing H1>-5.0
evaluate ot="H1.bs>-5.0" t="H1>-5.0", ctx="{'H1': None}"
check iteration duration=0.000585079193115
GetData ===>> H2,0.000375464266705073,H1,3227.97137352214,AX,153.759290648049,L1,3.16300064986547,L2,0.43103688...
check iteration duration=8.79764556885e-05
GetData ===>> H2,-0.00618419163252326,H1,3226.41020497007,AX,153.676431436194,L1,3.17407178993181,L2,0.38025610...
check iteration duration=3.79085540771e-05
GetData ===>> H2,-0.0813596489226916,H1,3225.24746516768,AX,153.572274421833,L1,3.1642687505014,L2,0.3478139030...
check iteration duration=9.3936920166e-05
GetData ===>> H2,-0.0330951147745447,H1,3224.30975320118,AX,153.761096928225,L1,3.1706442282463,L2,0.3877944056...
check iteration duration=6.41345977783e-05
GetData ===>> H2,-0.0418858373977595,H1,3222.99832921677,AX,153.463775938085,L1,3.14884701863409,L2,0.226546177...
testing H1>-5.0
evaluate ot="H1.bs>-5.0" t="H1>-5.0", ctx="{'H1': None}"
check iteration duration=0.000699996948242
GetData ===>> H2,-0.0272951729219362,H1,3221.70442733084,AX,153.316230366686,L1,3.14686352573065,L2,0.375710564...
check iteration duration=8.51154327393e-05
GetData ===>> H2,-0.0985675014062828,H1,3219.82728669085,AX,153.442987112617,L1,3.16272426946857,L2,0.413223418...
check iteration duration=4.10079956055e-05
GetData ===>> H2,-0.0378116730280776,H1,3218.98202216332,AX,153.252024939815,L1,3.15314528338278,L2,0.304198114...
check iteration duration=5.98430633545e-05
GetData ===>> H2,0.0028633936457221,H1,3217.98294953099,AX,153.126171198595,L1,3.1582544840372,L2,0.39737804372...
check iteration duration=3.31401824951e-05
GetData ===>> H2,-0.0566706151411013,H1,3216.58564612432,AX,153.171925814024,L1,3.16063010242647,L2,0.409441768...
testing H1>-5.0
evaluate ot="H1.bs>-5.0" t="H1>-5.0", ctx="{'H1': None}"
check iteration duration=0.00117301940918
GetData ===>> H2,-0.0951061407043065,H1,3214.85602453767,AX,153.263304797754,L1,3.19341556528461,L2,0.398006325...
check iteration duration=6.50882720947e-05
GetData ===>> H2,7.09680850325796E-05,H1,3214.01556312546,AX,153.281615388992,L1,3.17750174912611,L2,0.42628325...
check iteration duration=4.19616699219e-05
GetData ===>> H2,-0.00268877033038046,H1,3212.92103764983,AX,153.188672270854,L1,3.17451905829414,L2,0.20841141...
check iteration duration=6.00814819336e-05
GetData ===>> H2,-0.0949409007240529,H1,3211.41674862167,AX,152.990916559492,L1,3.13793415726549,L2,0.422798173...
check iteration duration=7.70092010498e-05
GetData ===>> H2,0.00086213128173081,H1,3210.75814887717,AX,153.075596401538,L1,3.15568919363939,L2,0.280931545...
testing H1>-5.0
evaluate ot="H1.bs>-5.0" t="H1>-5.0", ctx="{'H1': None}"
check iteration duration=0.000581026077271
GetData ===>> H2,0.00965425755645619,H1,3208.70911999535,AX,152.906616424502,L1,3.14524760473789,L2,0.407351070...
check iteration duration=8.60691070557e-05
GetData ===>> H2,-0.0432643718902289,H1,3207.92101318599,AX,152.665640471602,L1,3.17031652392384,L2,0.402461530...
check iteration duration=5.48362731934e-05
GetData ===>> H2,0.0264933979849842,H1,3207.07724008922,AX,152.593731344925,L1,3.14408458287349,L2,0.3241372320...
check iteration duration=6.29425048828e-05
GetData ===>> H2,-0.0390373327137264,H1,3205.05745268113,AX,152.742217620234,L1,3.11806661724834,L2,0.477558968...
check iteration duration=8.39233398438e-05
GetData ===>> H2,0.0170576761937425,H1,3204.16083001441,AX,152.37635161617,L1,3.13467226835931,L2,0.38212920143...
testing H1>-5.0
evaluate ot="H1.bs>-5.0" t="H1>-5.0", ctx="{'H1': None}"
check iteration duration=0.000623941421509
12:48:15 -- collecting point 75
GetData ===>> H2,-0.0413172790152972,H1,3202.62991006144,AX,152.514577996879,L1,3.1298573833365,L2,0.3640279204...
check iteration duration=5.22136688232e-05
GetData ===>> H2,-0.0636378148582008,H1,3201.21471311172,AX,152.744971631288,L1,3.14692732513817,L2,0.233029419...
check iteration duration=7.58171081543e-05
GetData ===>> H2,-0.0751612388218532,H1,3199.62705227604,AX,152.565774047181,L1,3.18314830625826,L2,0.360762059...
check iteration duration=0.000103950500488
GetData ===>> H2,0.0489258612470401,H1,3199.23444086231,AX,152.482014073808,L1,3.18547087348142,L2,0.4166853016...
check iteration duration=4.10079956055e-05
GetData ===>> H2,0.0166302159720814,H1,3198.22021047251,AX,152.402698697016,L1,3.18658922329801,L2,0.3174371341...
testing H1>-5.0
evaluate ot="H1.bs>-5.0" t="H1>-5.0", ctx="{'H1': None}"
check iteration duration=0.000587940216064
GetData ===>> H2,0.0888490023073737,H1,3196.12441149297,AX,152.484992984449,L1,3.13712553410442,L2,0.3740088979...
check iteration duration=4.00543212891e-05
GetData ===>> H2,-0.0428003562673877,H1,3194.65543218711,AX,152.638446008663,L1,3.08642448829569,L2,0.406551362...
check iteration duration=4.10079956055e-05
GetData ===>> H2,0.0755182546550835,H1,3193.76768495035,AX,152.290012650905,L1,3.10386535239478,L2,0.3559205688...
check iteration duration=3.69548797607e-05
GetData ===>> H2,0.124359323446405,H1,3191.41418528996,AX,152.18596224824,L1,3.11194965132272,L2,0.367693582002...
check iteration duration=5.19752502441e-05
GetData ===>> H2,0.0626690600421444,H1,3190.454255296,AX,152.194914093794,L1,3.11094270406668,L2,0.298127037348...
testing H1>-5.0
evaluate ot="H1.bs>-5.0" t="H1>-5.0", ctx="{'H1': None}"
check iteration duration=0.00108504295349
GetData ===>> H2,-0.00178685947669021,H1,3190.44859660643,AX,152.364706274456,L1,3.125705217701,L2,0.3709482588...
check iteration duration=7.00950622559e-05
GetData ===>> H2,-0.0716363687394158,H1,3188.36912240058,AX,152.248667884072,L1,3.13034806938066,L2,0.337926982...
check iteration duration=3.88622283936e-05
GetData ===>> H2,-0.111621304289545,H1,3187.66324408337,AX,152.103515359294,L1,3.06752117074581,L2,0.3468091810...
check iteration duration=8.20159912109e-05
GetData ===>> H2,-0.0725990378194267,H1,3186.51888899332,AX,151.967708145897,L1,3.07088314485143,L2,0.441847694...
check iteration duration=4.19616699219e-05
GetData ===>> H2,-0.0853609376454415,H1,3185.05885844905,AX,151.668323884745,L1,3.11546426201125,L2,0.360944762...
testing H1>-5.0
evaluate ot="H1.bs>-5.0" t="H1>-5.0", ctx="{'H1': None}"
check iteration duration=0.000555038452148
GetData ===>> H2,-0.0999877625957172,H1,3184.01645853949,AX,151.739318839379,L1,3.1340080756434,L2,0.3573821251...
check iteration duration=8.89301300049e-05
GetData ===>> H2,-0.00882476875330289,H1,3182.46525913015,AX,151.945935464627,L1,3.13347009346581,L2,0.44474931...
check iteration duration=9.17911529541e-05
GetData ===>> H2,0.00635012621661855,H1,3181.08618643958,AX,151.797003025436,L1,3.14581643323339,L2,0.254388412...
check iteration duration=8.20159912109e-05
GetData ===>> H2,-0.0553385239229109,H1,3180.052140909,AX,151.687865232436,L1,3.11796267815842,L2,0.29906277972...
check iteration duration=8.10623168945e-05
GetData ===>> H2,-0.154994172694634,H1,3178.69892782279,AX,151.446452469037,L1,3.0991685970881,L2,0.29018500666...
testing H1>-5.0
evaluate ot="H1.bs>-5.0" t="H1>-5.0", ctx="{'H1': None}"
check iteration duration=0.000595092773438
GetData ===>> H2,-0.12295180121108,H1,3177.12471065224,AX,151.433312007634,L1,3.11821906292732,L2,0.39287738398...
check iteration duration=3.81469726562e-05
GetData ===>> H2,-0.0808502437161585,H1,3175.9605864937,AX,151.378821716351,L1,3.12053371100291,L2,0.4357221808...
check iteration duration=8.39233398438e-05
GetData ===>> H2,0.0309018284384768,H1,3174.67698989391,AX,151.202090152654,L1,3.0959078857424,L2,0.33233321881...
check iteration duration=3.91006469727e-05
GetData ===>> H2,0.0238761015101692,H1,3173.01173324,AX,151.405280982727,L1,3.07499154954855,L2,0.3970924625857...
check iteration duration=8.70227813721e-05
GetData ===>> H2,-0.0499882416772709,H1,3171.35245463984,AX,151.512224201044,L1,3.07414651818084,L2,0.493139777...
testing H1>-5.0
evaluate ot="H1.bs>-5.0" t="H1>-5.0", ctx="{'H1': None}"
check iteration duration=0.000554084777832
12:48:41 -- collecting point 100
GetData ===>> H2,0.0217655518500006,H1,3171.14162924934,AX,151.419326866937,L1,3.06456413408255,L2,0.3457588010...
check iteration duration=3.60012054443e-05
GetData ===>> H2,0.0610934808777757,H1,3170.31743722329,AX,151.193660313918,L1,3.08745921791611,L2,0.3743515128...
check iteration duration=3.91006469727e-05
GetData ===>> H2,0.0220608148362925,H1,3167.20554563342,AX,151.165179155253,L1,3.06981721620058,L2,0.3936427096...
check iteration duration=4.60147857666e-05
GetData ===>> H2,0.00311629551941464,H1,3167.14954794155,AX,151.36607816657,L1,3.08513534230355,L2,0.3036845681...
check iteration duration=7.60555267334e-05
GetData ===>> H2,0.0179439583872361,H1,3166.80220302088,AX,151.3268636156,L1,3.12985183897966,L2,0.387280411630...
testing H1>-5.0
evaluate ot="H1.bs>-5.0" t="H1>-5.0", ctx="{'H1': None}"
check iteration duration=0.000771045684814
GetData ===>> H2,-4.59345408147396E-05,H1,3165.06153987919,AX,150.958120451082,L1,3.14563892225118,L2,0.3658207...
check iteration duration=6.19888305664e-05
GetData ===>> H2,0.0175913432553304,H1,3163.21617339885,AX,151.008643217056,L1,3.11172803233703,L2,0.3009342918...
check iteration duration=4.91142272949e-05
GetData ===>> H2,-0.145128044762646,H1,3163.09549172927,AX,150.917988755964,L1,3.0587223697868,L2,0.36684852608...
check iteration duration=9.01222229004e-05
GetData ===>> H2,-0.103558616957335,H1,3161.25012126643,AX,150.968499789477,L1,3.10389998606866,L2,0.3763158621...
check iteration duration=9.01222229004e-05
GetData ===>> H2,0.0266785232976883,H1,3159.15648096299,AX,151.064373381733,L1,3.10100635223327,L2,0.4033411722...
testing H1>-5.0
evaluate ot="H1.bs>-5.0" t="H1>-5.0", ctx="{'H1': None}"
check iteration duration=0.000972032546997
GetData ===>> H2,0.0910192145207014,H1,3158.21683490361,AX,150.773500826107,L1,3.10204515175399,L2,0.4025871929...
check iteration duration=8.58306884766e-05
GetData ===>> H2,0.0395316433259885,H1,3157.05463086972,AX,150.81761439558,L1,3.07787978071405,L2,0.33652280318...
check iteration duration=7.79628753662e-05
GetData ===>> H2,-0.00846855765637391,H1,3155.87303597679,AX,150.707433038441,L1,3.0931241978314,L2,0.358603912...
check iteration duration=8.48770141602e-05
GetData ===>> H2,0.0146251782114722,H1,3155.4085756693,AX,150.730653726387,L1,3.06311205996616,L2,0.30957339209...
check iteration duration=8.89301300049e-05
GetData ===>> H2,-0.0249390375718588,H1,3153.69985028084,AX,150.730139296493,L1,3.07689205759547,L2,0.312483700...
testing H1>-5.0
evaluate ot="H1.bs>-5.0" t="H1>-5.0", ctx="{'H1': None}"
check iteration duration=0.000667810440063
GetData ===>> H2,-0.0272122952246445,H1,3152.09821120602,AX,150.630378174168,L1,3.08870571919021,L2,0.423666575...
check iteration duration=6.69956207275e-05
GetData ===>> H2,-0.0532817511623749,H1,3150.77687155534,AX,150.540361956189,L1,3.08443629723811,L2,0.333531855...
check iteration duration=8.10623168945e-05
GetData ===>> H2,0.0497148303469352,H1,3149.89014155156,AX,150.575242490506,L1,3.11610024713778,L2,0.3763272829...
check iteration duration=8.39233398438e-05
GetData ===>> H2,0.0973670554292305,H1,3148.61015247548,AX,150.328606127519,L1,3.09405986335491,L2,0.4934710687...
check iteration duration=8.20159912109e-05
GetData ===>> H2,-0.0261755937762172,H1,3147.99446277202,AX,150.259160346779,L1,3.1220017415209,L2,0.4143659403...
testing H1>-5.0
evaluate ot="H1.bs>-5.0" t="H1>-5.0", ctx="{'H1': None}"
check iteration duration=0.000641107559204
GetData ===>> H2,-0.122702960236954,H1,3146.68950256848,AX,150.257659902873,L1,3.10882105945175,L2,0.4064942406...
check iteration duration=1.81198120117e-05
waiting for write to finish
measurement finished
estimated time: 125.829 actual time: :126.472
flush and close file /Users/jan/PychronDev/data/isotopes/12/771068-a447-4198-8414-029e16556a20.h5
baselines () {'settling_time': 15.0, 'detector': 'H1', 'mass': 34.2, 'ncounts': 60}
%%%%%%%%%%%%%%%%%%%%%%%%%%%%%%%% Baseline
build tables- baseline [Detector(H2), Detector(H1), Detector(AX), Detector(L1), Detector(L2), Detector(CDD)]
add group baseline table H2
add group baseline table H1
add group baseline table AX
add group baseline table L1
add group baseline table L2
add group baseline table CDD
flush and close file /Users/jan/PychronDev/data/isotopes/12/771068-a447-4198-8414-029e16556a20.h5
detector Detector(H1)
POSITION 34.2 H1
Mapping mass to dac mass func: "parabolic"
H1 map mass coeffs = [-0.00063987  0.15840543  0.57272999]
H1 map mass to dac 34.2 >> 5.24177599104
GetDeflection H1 ===>> 0
GetHighVoltage ===>> 4499.94659342336
positioning 34.2 (5.24174512272) on H1
setting magnet DAC
current  : 5.881085
requested: 5.241745
Delta Dac: 0.639340
Checking detector protection. dv=0.63934
Checking detector "CDD". Protection Threshold: 0.1 (V)
ProtectDetector CDD,On ===>> OK
GetDeflection CDD ===>> 2000
Protected = 2000
SetMagnetDAC 5.24174512272 ===>> OK
Magnet settling time: 0.500
GetMagnetMoving ===>> True
GetMagnetMoving ===>> True
GetMagnetMoving ===>> True
GetMagnetMoving ===>> True
GetMagnetMoving ===>> True
GetMagnetMoving ===>> True
GetMagnetMoving ===>> True
GetMagnetMoving ===>> True
GetMagnetMoving ===>> False
ProtectDetector CDD,Off ===>> OK
GetDeflection CDD ===>> 50
Delaying 15.0s for detectors to settle
Join finished
measuring baseline. ncounts=60
"baseline" increment series count="2" fit count="1" regressing="True"
starting measurement
check iteration duration=8.70227813721e-05
GetData ===>> H2,-0.199086094012895,H1,-0.186760324756974,AX,-0.0903741044751066,L1,-0.0625364517813671,L2,0.11...
check iteration duration=6.69956207275e-05
GetData ===>> H2,-0.135442480555115,H1,-0.108052986253182,AX,-0.0900843537369614,L1,-0.059242671249334,L2,0.107...
check iteration duration=0.000102996826172
GetData ===>> H2,-0.223061510260685,H1,-0.199547186772686,AX,-0.109576859628155,L1,-0.0538437700978273,L2,-0.09...
check iteration duration=8.79764556885e-05
GetData ===>> H2,-0.283972717272697,H1,-0.114832795793007,AX,-0.0941755542338731,L1,-0.03343103448907,L2,-0.085...
testing H1>-5.0
evaluate ot="H1.bs>-5.0" t="H1>-5.0", ctx="{'H1': None}"
check iteration duration=0.00174903869629
GetData ===>> H2,-0.225707801274595,H1,-0.116810650142329,AX,-0.045835085288132,L1,-0.0288489181290793,L2,0.031...
check iteration duration=7.79628753662e-05
GetData ===>> H2,-0.241079959731084,H1,-0.00538223229866726,AX,-0.0499745259441711,L1,-0.0265546803654573,L2,0....
check iteration duration=8.20159912109e-05
GetData ===>> H2,-0.311532086566587,H1,-0.0675194454614612,AX,-0.117514127382479,L1,-0.0640364208284367,L2,0.03...
check iteration duration=8.39233398438e-05
GetData ===>> H2,-0.249432882521027,H1,-0.0368670466429631,AX,-0.0999585725180203,L1,-0.100220550503339,L2,-0.0...
check iteration duration=9.10758972168e-05
GetData ===>> H2,-0.29358378520258,H1,-0.0791412956895997,AX,-0.10063072468932,L1,-0.0573542124013933,L2,0.0979...
testing H1>-5.0
evaluate ot="H1.bs>-5.0" t="H1>-5.0", ctx="{'H1': None}"
check iteration duration=0.000574827194214
GetData ===>> H2,-0.242351864981349,H1,-0.0808457202225775,AX,-0.160738567159918,L1,-0.0433449276228137,L2,-0.0...
check iteration duration=8.51154327393e-05
GetData ===>> H2,-0.142318920338066,H1,-0.0280308314875686,AX,-0.154176905116245,L1,-0.0315414339672831,L2,0.03...
check iteration duration=8.10623168945e-05
GetData ===>> H2,-0.191535474299444,H1,-0.138625118013125,AX,-0.0133163801113111,L1,-0.0251455313167001,L2,0.02...
check iteration duration=7.79628753662e-05
GetData ===>> H2,-0.0831505148191947,H1,-0.0517354075682651,AX,-0.0807539187104271,L1,-0.0202251425792807,L2,-0...
check iteration duration=4.10079956055e-05
GetData ===>> H2,-0.134184886259274,H1,0.00594995399436655,AX,-0.106378594984286,L1,-0.017801820767976,L2,0.029...
testing H1>-5.0
evaluate ot="H1.bs>-5.0" t="H1>-5.0", ctx="{'H1': None}"
check iteration duration=0.000594854354858
GetData ===>> H2,-0.136639094081655,H1,0.0528311190992393,AX,-0.090884063678525,L1,-0.0392922864776752,L2,-0.00...
check iteration duration=4.2200088501e-05
GetData ===>> H2,-0.194956334191289,H1,0.0396558786161851,AX,-0.0651045966491195,L1,-0.0580818735866762,L2,0.09...
check iteration duration=6.50882720947e-05
GetData ===>> H2,-0.118918282271955,H1,0.0136446433048,AX,-0.0539282810404132,L1,-0.0480039239407149,L2,-0.0373...
check iteration duration=8.41617584229e-05
GetData ===>> H2,-0.166900836955985,H1,0.016674962350627,AX,-0.24377604470878,L1,-0.072171103459757,L2,-0.04534...
check iteration duration=6.19888305664e-05
GetData ===>> H2,-0.255494567928641,H1,-0.00323517971947391,AX,-0.0836864375621811,L1,-0.0631094329202091,L2,-0...
testing H1>-5.0
evaluate ot="H1.bs>-5.0" t="H1>-5.0", ctx="{'H1': None}"
check iteration duration=0.000702142715454
GetData ===>> H2,-0.20939429575227,H1,0.0346320813781944,AX,-0.0723035973943257,L1,-0.0203390399294789,L2,0.062...
check iteration duration=7.60555267334e-05
GetData ===>> H2,-0.144374148943423,H1,0.0689325665894415,AX,-0.0644901645099418,L1,-0.0297700600648388,L2,0.00...
check iteration duration=8.79764556885e-05
GetData ===>> H2,-0.229068303582945,H1,0.0563400352654011,AX,-0.0336824327851408,L1,-0.0378955190785112,L2,0.04...
check iteration duration=4.19616699219e-05
GetData ===>> H2,-0.2426654450014,H1,0.0438445578550663,AX,-0.0743901647169251,L1,-0.0243054599353146,L2,-0.081...
check iteration duration=8.98838043213e-05
GetData ===>> H2,-0.236733400925145,H1,0.056244552925855,AX,-0.130027044456744,L1,-0.0252354064107662,L2,-0.040...
testing H1>-5.0
evaluate ot="H1.bs>-5.0" t="H1>-5.0", ctx="{'H1': None}"
check iteration duration=0.0012059211731
12:49:47 -- collecting point 25
GetData ===>> H2,-0.166050486467015,H1,0.121006789364509,AX,-0.135509685928559,L1,-0.032583272856361,L2,0.01973...
check iteration duration=7.20024108887e-05
GetData ===>> H2,-0.153092972143372,H1,0.0652680362864146,AX,-0.0483860219182334,L1,-0.026102959357335,L2,-0.07...
check iteration duration=3.69548797607e-05
GetData ===>> H2,-0.24519260895379,H1,0.00330168611697452,AX,-0.0456147739878026,L1,-0.0509464056170323,L2,0.02...
check iteration duration=3.88622283936e-05
GetData ===>> H2,-0.358011549351304,H1,0.0039816401032013,AX,-0.136043084767277,L1,-0.0631895759003906,L2,-0.00...
check iteration duration=7.20024108887e-05
GetData ===>> H2,-0.242351864981349,H1,0.041087885992286,AX,0.0154306656426849,L1,-0.0537421013494154,L2,-0.014...
testing H1>-5.0
evaluate ot="H1.bs>-5.0" t="H1>-5.0", ctx="{'H1': None}"
check iteration duration=0.000792980194092
GetData ===>> H2,-0.217990751728418,H1,0.00175093114671583,AX,-0.0907102142503556,L1,-0.023220813222879,L2,0.02...
check iteration duration=4.00543212891e-05
GetData ===>> H2,-0.184983353287021,H1,0.0220557942594237,AX,-0.131984938626917,L1,-0.0255829158848068,L2,-0.05...
check iteration duration=4.41074371338e-05
GetData ===>> H2,-0.165051580567004,H1,0.0347394758319688,AX,-0.0487338717324984,L1,-0.028161300746229,L2,0.015...
check iteration duration=7.10487365723e-05
GetData ===>> H2,-0.294903206559814,H1,0.113466274084373,AX,-0.135231389721144,L1,-0.0378835391017648,L2,-0.089...
check iteration duration=7.89165496826e-05
GetData ===>> H2,-0.23030804422417,H1,0.0940568312947089,AX,-0.0234883411695255,L1,-0.0428408316635169,L2,-0.02...
testing H1>-5.0
evaluate ot="H1.bs>-5.0" t="H1>-5.0", ctx="{'H1': None}"
check iteration duration=0.000572919845581
GetData ===>> H2,-0.223344349562523,H1,0.0930548478518702,AX,-0.153307393713854,L1,-0.0312516159117827,L2,0.071...
check iteration duration=7.58171081543e-05
GetData ===>> H2,-0.27267375324275,H1,0.168183686722157,AX,-0.0695446230173989,L1,-0.00647997578705929,L2,-0.01...
check iteration duration=9.29832458496e-05
GetData ===>> H2,-0.181562176011435,H1,0.0142292252710564,AX,-0.0699619518942477,L1,0.0217868444853188,L2,0.027...
check iteration duration=9.10758972168e-05
GetData ===>> H2,-0.0884784046352352,H1,-0.000587084778324964,AX,-0.114675324983393,L1,-0.00918303315427543,L2,...
check iteration duration=6.8187713623e-05
GetData ===>> H2,-0.183476597789887,H1,0.0452169552631833,AX,-0.0757464094829347,L1,-0.0265151406100237,L2,-0.0...
testing H1>-5.0
evaluate ot="H1.bs>-5.0" t="H1>-5.0", ctx="{'H1': None}"
check iteration duration=0.00066614151001
GetData ===>> H2,-0.221020816966175,H1,0.101894119079904,AX,-0.0533485616041095,L1,-0.0256476232194276,L2,-0.08...
check iteration duration=7.70092010498e-05
GetData ===>> H2,-0.273995705414903,H1,0.131519119532508,AX,-0.0157405813406867,L1,-0.0257111318652606,L2,0.009...
check iteration duration=7.70092010498e-05
GetData ===>> H2,-0.200791747138273,H1,0.0837273401937512,AX,-0.111987076551369,L1,-0.00819495438257504,L2,0.08...
check iteration duration=5.07831573486e-05
GetData ===>> H2,-0.193356557203759,H1,0.0842044294776968,AX,0.104516687541796,L1,-0.04282526535254,L2,0.040367...
check iteration duration=4.00543212891e-05
GetData ===>> H2,-0.180137279924183,H1,0.083178690327146,AX,-0.120399192698431,L1,-0.0455609735407329,L2,-0.107...
testing H1>-5.0
evaluate ot="H1.bs>-5.0" t="H1>-5.0", ctx="{'H1': None}"
check iteration duration=0.000750064849854
GetData ===>> H2,-0.263493735040824,H1,0.112786223874095,AX,-0.0454524390262926,L1,-0.0319330343506166,L2,0.000...
check iteration duration=5.19752502441e-05
GetData ===>> H2,-0.253550557626884,H1,0.0626062628554137,AX,-0.0916837670469342,L1,0.0374049856475747,L2,-0.09...
check iteration duration=7.31945037842e-05
GetData ===>> H2,-0.223942329354101,H1,0.103611962733008,AX,-0.194896111818335,L1,0.0740712101729331,L2,-0.0056...
check iteration duration=3.60012054443e-05
GetData ===>> H2,-0.229266186620068,H1,0.0684312222775986,AX,-0.137330187311872,L1,0.0270900212812102,L2,0.0151...
check iteration duration=6.19888305664e-05
GetData ===>> H2,-0.325884671460281,H1,0.0266136209159608,AX,-0.0461481583832511,L1,-0.0379182809949931,L2,-0.0...
testing H1>-5.0
evaluate ot="H1.bs>-5.0" t="H1>-5.0", ctx="{'H1': None}"
check iteration duration=0.000577926635742
12:50:13 -- collecting point 50
GetData ===>> H2,-0.190651112206093,H1,0.123607921574087,AX,-0.110515460817526,L1,-0.0621560412292544,L2,-0.073...
check iteration duration=4.19616699219e-05
GetData ===>> H2,-0.313381811912108,H1,0.0454198329977508,AX,-0.0376948312826245,L1,-0.064948971757624,L2,-0.01...
check iteration duration=8.41617584229e-05
GetData ===>> H2,-0.259807569182641,H1,0.0793501521062058,AX,0.00805167936846975,L1,-0.0330191366356758,L2,0.12...
check iteration duration=3.81469726562e-05
GetData ===>> H2,-0.280527957573479,H1,0.0313625720386181,AX,-0.0383790098933639,L1,0.00378241759911941,L2,-0.0...
check iteration duration=7.9870223999e-05
GetData ===>> H2,-0.294923338954282,H1,-0.00652730817709539,AX,-0.0524789759742683,L1,-0.0151991874631189,L2,-0...
testing H1>-5.0
evaluate ot="H1.bs>-5.0" t="H1>-5.0", ctx="{'H1': None}"
check iteration duration=0.000586032867432
GetData ===>> H2,-0.0775371983777643,H1,0.0496922948924673,AX,-0.108846830220252,L1,-0.00326510298487456,L2,-0....
check iteration duration=4.31537628174e-05
GetData ===>> H2,-0.0322096939480761,H1,0.054991355659584,AX,-0.0388892416584774,L1,-0.00498782667192591,L2,0.0...
check iteration duration=7.82012939453e-05
GetData ===>> H2,-0.116434155252237,H1,0.054645237274076,AX,-0.0721528991329552,L1,0.00104419645882179,L2,-0.06...
check iteration duration=4.19616699219e-05
GetData ===>> H2,-0.270819534821206,H1,-0.0105826798975748,AX,-0.033137383233308,L1,-0.0153479275023987,L2,-0.0...
check iteration duration=4.38690185547e-05
GetData ===>> H2,-0.23963964008853,H1,0.0323768244611113,AX,-0.0279302666179031,L1,-0.0274017523312498,L2,0.002...
testing H1>-5.0
evaluate ot="H1.bs>-5.0" t="H1>-5.0", ctx="{'H1': None}"
check iteration duration=0.00111889839172
GetData ===>> H2,-0.226951949891055,H1,0.0311835873836099,AX,-0.0286261112458745,L1,0.0115989921165234,L2,0.021...
check iteration duration=1.59740447998e-05
waiting for write to finish
measurement finished
estimated time: 62.915 actual time: :63.283
flush and close file /Users/jan/PychronDev/data/isotopes/12/771068-a447-4198-8414-029e16556a20.h5
activate_detectors ('H1', 'AX', 'CDD') {'peak_center': True}
peak_center () {'detector': 'H1', 'integration_time': 0.262144, 'isotope': 'Ar40'}
peak center: mean=3151.80954349 threshold=3
peak center started
setup peak center. detector=['H1', 'AX', 'CDD'], isotope=Ar40
VersionedUnpickler [<apptools.sweet_pickle.versioned_unpickler.VersionedUnpickler object at 0x23aab8590>] using Updater [<apptools.sweet_pickle.updater.Updater object at 0x12e273d10>]
VersionedUnpickler [<apptools.sweet_pickle.versioned_unpickler.VersionedUnpickler object at 0x23aab8590>] using Updater [<apptools.sweet_pickle.updater.Updater object at 0x12e273d10>]
VersionedUnpickler [<apptools.sweet_pickle.versioned_unpickler.VersionedUnpickler object at 0x23ad39110>] using Updater [<apptools.sweet_pickle.updater.Updater object at 0x12e273d10>]
setting integration time = 0.524288
SetIntegrationTime 0.524288 ===>> OK
Mapping mass to dac mass func: "parabolic"
H1 map mass coeffs = [-0.00063987  0.15840543  0.57272999]
H1 map mass to dac 39.9624 >> 5.88112
GetDeflection H1 ===>> 0
GetHighVoltage ===>> 4499.94659342336
do peak center. <pychron.spectrometer.jobs.peak_center.PeakCenter object at 0x16275af50>
doing pc
starting peak center. center dac= 5.88108536664 step_width=0.001
width = 0.001
get scan parameters. half-width=0.015,window=0.015, i=0, scalar=1
Scan parameters center=5.88109 width=0.03000 (5.86609 - 5.89609)
GetData ===>> H2,-0.193826944761806,H1,-0.0165819432054402,AX,-0.045835085288132,L1,0.00349067338255279,L2,-0.0...
Moving to starting dac 5.86608536664
setting magnet DAC
current  : 5.241745
requested: 5.866085
Delta Dac: 0.624340
Checking detector protection. dv=0.62434
Checking detector "CDD". Protection Threshold: 0.1 (V)
ProtectDetector CDD,On ===>> OK
GetDeflection CDD ===>> 2000
Protected = 2000
SetMagnetDAC 5.86608536664 ===>> OK
Magnet settling time: 0.500
GetMagnetMoving ===>> True
GetMagnetMoving ===>> True
GetMagnetMoving ===>> True
GetMagnetMoving ===>> True
GetMagnetMoving ===>> True
GetMagnetMoving ===>> True
GetMagnetMoving ===>> True
GetMagnetMoving ===>> True
GetMagnetMoving ===>> False
ProtectDetector CDD,Off ===>> OK
GetDeflection CDD ===>> 50
Wait until signal near baseline. tol= -0.0124364574041. timeout= 10
GetData ===>> H2,5.73395139558986,H1,1.30317943639107,AX,0.0196657138491465,L1,0.0775883234993693,L2,0.06624848...
GetData ===>> H2,124.981097903578,H1,47.14483631329,AX,1.79841464661316,L1,0.161590250909888,L2,0.2154298093176...
GetData ===>> H2,150.218441220988,H1,83.9441712245148,AX,3.64878021062896,L1,0.136694709271226,L2,-0.0608999098...
GetData ===>> H2,112.665109363682,H1,41.0055131463911,AX,1.74592076926725,L1,0.125405522489521,L2,-0.0492237921...
GetData ===>> H2,56.3980271746797,H1,21.4205958389875,AX,0.721122265315233,L1,0.0964426702524335,L2,-0.03697713...
GetData ===>> H2,22.1401030435079,H1,12.1072451753226,AX,0.380332040178383,L1,0.072789936051495,L2,0.0026417707...
GetData ===>> H2,7.34192948389505,H1,7.7006284496161,AX,0.225459981604267,L1,0.0612104472431786,L2,-0.122745276...
GetData ===>> H2,2.43258733921925,H1,5.58839403475659,AX,0.0396483443630236,L1,0.0299008367595894,L2,-0.0278480...
GetData ===>> H2,1.069311559557,H1,4.41695584410391,AX,0.108823888980656,L1,0.00928718336484385,L2,-0.043601449...
GetData ===>> H2,0.838690142883337,H1,3.93113235414184,AX,0.0514634663740547,L1,0.00673860965572206,L2,0.007424...
GetData ===>> H2,0.819914465944286,H1,3.66507704301806,AX,0.139709116388086,L1,0.000678116341732584,L2,-0.06388...
GetData ===>> H2,0.831394502864781,H1,3.59195888354382,AX,-0.0571862400302141,L1,0.0260043433628413,L2,-0.18739...
GetData ===>> H2,0.790928567410397,H1,3.47395004457753,AX,-0.0652321198145035,L1,0.0525519582638246,L2,-0.07446...
GetData ===>> H2,0.839442421090895,H1,3.33152445802647,AX,0.0879610351464776,L1,0.0319361639326124,L2,-0.057895...
GetData ===>> H2,0.798623930251823,H1,3.40063820602674,AX,0.0830009697597121,L1,0.0111408785130707,L2,-0.121788...
GetData ===>> H2,0.650997790990243,H1,3.40010451662669,AX,-0.0337636101167925,L1,-0.0207425811451195,L2,-0.1188...
GetData ===>> H2,0.512894545367938,H1,3.503595532969,AX,-0.109785438452852,L1,-0.000138014374188495,L2,-0.10365...
GetData ===>> H2,0.448258501319125,H1,3.51889315431933,AX,-0.00885058821033728,L1,0.00539864938140616,L2,0.0125...
GetData ===>> H2,0.412247615438803,H1,3.47310038301936,AX,0.0891663228326439,L1,-0.0115976621627071,L2,-0.08984...
GetData ===>> H2,0.397902713898271,H1,3.40854684051084,AX,0.0966765283134202,L1,-0.0269758196263753,L2,0.129281...
GetData ===>> H2,0.249592371554262,H1,3.49320284793804,AX,0.165686257942312,L1,-0.030269279084298,L2,0.01040808...
Peak center failed to move to a baseline position
_do_sweep sm= 5.86608536664, em= 5.89608536664, stm= 0.001
calculated step values: start=5.86608536664, end=5.89608536664, width=0.001, nsteps=31.0
setting magnet DAC
current  : 5.866085
requested: 5.866085
Delta Dac: 0.000000
Checking detector protection. dv=0.00000
Checking detector "CDD". Protection Threshold: 0.1 (V)
SetMagnetDAC 5.86608536664 ===>> OK
GetData ===>> H2,0.249592371554262,H1,3.49320284793804,AX,0.165686257942312,L1,-0.030269279084298,L2,0.01040808...
setting magnet DAC
current  : 5.866085
requested: 5.867120
Delta Dac: 0.001034
Checking detector protection. dv=0.00103
Checking detector "CDD". Protection Threshold: 0.1 (V)
SetMagnetDAC 5.86711984939 ===>> OK
Magnet settling time: 1.049
GetData ===>> H2,0.285739974357747,H1,6.98195879306993,AX,0.131986891370704,L1,-0.0278878520728637,L2,-0.156214...
setting magnet DAC
current  : 5.867120
requested: 5.868154
Delta Dac: 0.001034
Checking detector protection. dv=0.00103
Checking detector "CDD". Protection Threshold: 0.1 (V)
SetMagnetDAC 5.86815433215 ===>> OK
Magnet settling time: 1.049
GetData ===>> H2,0.208189082383042,H1,20.7713739680959,AX,0.769800510342521,L1,-0.00327470114786062,L2,0.134777...
setting magnet DAC
current  : 5.868154
requested: 5.869189
Delta Dac: 0.001034
Checking detector protection. dv=0.00103
Checking detector "CDD". Protection Threshold: 0.1 (V)
SetMagnetDAC 5.86918881491 ===>> OK
Magnet settling time: 1.049
GetData ===>> H2,0.264503576260786,H1,74.4100483678401,AX,2.36021299904426,L1,-0.0076529088115379,L2,0.04120626...
setting magnet DAC
current  : 5.869189
requested: 5.870223
Delta Dac: 0.001034
Checking detector protection. dv=0.00103
Checking detector "CDD". Protection Threshold: 0.1 (V)
SetMagnetDAC 5.87022329767 ===>> OK
Magnet settling time: 1.049
GetData ===>> H2,0.267612503161979,H1,254.453108284177,AX,8.07791905078775,L1,0.0415416240499183,L2,-0.10026500...
setting magnet DAC
current  : 5.870223
requested: 5.871258
Delta Dac: 0.001034
Checking detector protection. dv=0.00103
Checking detector "CDD". Protection Threshold: 0.1 (V)
SetMagnetDAC 5.87125778043 ===>> OK
Magnet settling time: 1.049
GetData ===>> H2,0.0468944141109207,H1,691.206870665307,AX,23.2357906908666,L1,0.176434713007805,L2,0.099823078...
setting magnet DAC
current  : 5.871258
requested: 5.872292
Delta Dac: 0.001034
Checking detector protection. dv=0.00103
Checking detector "CDD". Protection Threshold: 0.1 (V)
SetMagnetDAC 5.87229226319 ===>> OK
Magnet settling time: 1.049
GetData ===>> H2,0.133364671086536,H1,1389.24679041268,AX,51.2868623056573,L1,0.47211373594257,L2,-0.0179894295...
setting magnet DAC
current  : 5.872292
requested: 5.873327
Delta Dac: 0.001034
Checking detector protection. dv=0.00103
Checking detector "CDD". Protection Threshold: 0.1 (V)
SetMagnetDAC 5.87332674595 ===>> OK
Magnet settling time: 1.049
GetData ===>> H2,-0.00165118552679646,H1,2126.27542334908,AX,86.3698300607328,L1,0.984625827605619,L2,0.0561533...
setting magnet DAC
current  : 5.873327
requested: 5.874361
Delta Dac: 0.001034
Checking detector protection. dv=0.00103
Checking detector "CDD". Protection Threshold: 0.1 (V)
SetMagnetDAC 5.8743612287 ===>> OK
Magnet settling time: 1.049
GetData ===>> H2,0.0457991356083351,H1,2646.20867750306,AX,115.908009056722,L1,1.60637566788602,L2,0.1588864232...
setting magnet DAC
current  : 5.874361
requested: 5.875396
Delta Dac: 0.001034
Checking detector protection. dv=0.00103
Checking detector "CDD". Protection Threshold: 0.1 (V)
SetMagnetDAC 5.87539571146 ===>> OK
Magnet settling time: 1.049
GetData ===>> H2,-0.0623079688344914,H1,2946.91624016884,AX,138.73876600244,L1,2.28091239396412,L2,0.2797180369...
setting magnet DAC
current  : 5.875396
requested: 5.876430
Delta Dac: 0.001034
Checking detector protection. dv=0.00103
Checking detector "CDD". Protection Threshold: 0.1 (V)
SetMagnetDAC 5.87643019422 ===>> OK
Magnet settling time: 1.049
GetData ===>> H2,0.0189038346462273,H1,2990.8698866619,AX,142.300377423732,L1,2.60074858640155,L2,0.30096700853...
setting magnet DAC
current  : 5.876430
requested: 5.877465
Delta Dac: 0.001034
Checking detector protection. dv=0.00103
Checking detector "CDD". Protection Threshold: 0.1 (V)
SetMagnetDAC 5.87746467698 ===>> OK
Magnet settling time: 1.049
GetData ===>> H2,0.0487936903989495,H1,3001.41358578194,AX,143.547781146618,L1,2.74968987357866,L2,0.3723634079...
setting magnet DAC
current  : 5.877465
requested: 5.878499
Delta Dac: 0.001034
Checking detector protection. dv=0.00103
Checking detector "CDD". Protection Threshold: 0.1 (V)
SetMagnetDAC 5.87849915974 ===>> OK
Magnet settling time: 1.049
GetData ===>> H2,0.0394992348776715,H1,3004.19789402668,AX,144.022282962127,L1,2.82239676399902,L2,0.3994760378...
setting magnet DAC
current  : 5.878499
requested: 5.879534
Delta Dac: 0.001034
Checking detector protection. dv=0.00103
Checking detector "CDD". Protection Threshold: 0.1 (V)
SetMagnetDAC 5.8795336425 ===>> OK
Magnet settling time: 1.049
GetData ===>> H2,-0.0332607840377991,H1,3003.55226944571,AX,143.78808846093,L1,2.86444589333214,L2,0.3433194121...
setting magnet DAC
current  : 5.879534
requested: 5.880568
Delta Dac: 0.001034
Checking detector protection. dv=0.00103
Checking detector "CDD". Protection Threshold: 0.1 (V)
SetMagnetDAC 5.88056812526 ===>> OK
Magnet settling time: 1.049
GetData ===>> H2,-0.0451853582665843,H1,3003.53050176298,AX,143.846112681334,L1,2.91596157361051,L2,0.392217864...
setting magnet DAC
current  : 5.880568
requested: 5.881603
Delta Dac: 0.001034
Checking detector protection. dv=0.00103
Checking detector "CDD". Protection Threshold: 0.1 (V)
SetMagnetDAC 5.88160260802 ===>> OK
Magnet settling time: 1.049
GetData ===>> H2,-0.0149547921191621,H1,3002.60760647733,AX,143.877572623966,L1,2.8988873840497,L2,0.4494764990...
setting magnet DAC
current  : 5.881603
requested: 5.882637
Delta Dac: 0.001034
Checking detector protection. dv=0.00103
Checking detector "CDD". Protection Threshold: 0.1 (V)
SetMagnetDAC 5.88263709077 ===>> OK
Magnet settling time: 1.049
GetData ===>> H2,-0.00340705248702837,H1,3001.69008403221,AX,143.794135922167,L1,2.94896863838335,L2,0.25638642...
setting magnet DAC
current  : 5.882637
requested: 5.883672
Delta Dac: 0.001034
Checking detector protection. dv=0.00103
Checking detector "CDD". Protection Threshold: 0.1 (V)
SetMagnetDAC 5.88367157353 ===>> OK
Magnet settling time: 1.049
GetData ===>> H2,0.0127783503520656,H1,2998.01854954361,AX,143.330770560896,L1,2.9382339345026,L2,0.43600348844...
setting magnet DAC
current  : 5.883672
requested: 5.884706
Delta Dac: 0.001034
Checking detector protection. dv=0.00103
Checking detector "CDD". Protection Threshold: 0.1 (V)
SetMagnetDAC 5.88470605629 ===>> OK
Magnet settling time: 1.049
GetData ===>> H2,-0.0830814321817774,H1,2993.2635461864,AX,142.910414584833,L1,2.96927099589831,L2,0.2265461774...
setting magnet DAC
current  : 5.884706
requested: 5.885741
Delta Dac: 0.001034
Checking detector protection. dv=0.00103
Checking detector "CDD". Protection Threshold: 0.1 (V)
SetMagnetDAC 5.88574053905 ===>> OK
Magnet settling time: 1.049
GetData ===>> H2,-0.0809437267002186,H1,2975.98528542149,AX,141.135993184773,L1,2.93837406733022,L2,0.460005033...
setting magnet DAC
current  : 5.885741
requested: 5.886775
Delta Dac: 0.001034
Checking detector protection. dv=0.00103
Checking detector "CDD". Protection Threshold: 0.1 (V)
SetMagnetDAC 5.88677502181 ===>> OK
Magnet settling time: 1.049
GetData ===>> H2,-0.132210486603079,H1,2911.518434872,AX,135.706837391821,L1,2.78166978325185,L2,0.417875001309...
setting magnet DAC
current  : 5.886775
requested: 5.887810
Delta Dac: 0.001034
Checking detector protection. dv=0.00103
Checking detector "CDD". Protection Threshold: 0.1 (V)
SetMagnetDAC 5.88780950457 ===>> OK
Magnet settling time: 1.049
GetData ===>> H2,-0.24463285995644,H1,2581.00095450008,AX,110.013444139333,L1,2.33662426661959,L2,0.28742366435...
setting magnet DAC
current  : 5.887810
requested: 5.888844
Delta Dac: 0.001034
Checking detector protection. dv=0.00103
Checking detector "CDD". Protection Threshold: 0.1 (V)
SetMagnetDAC 5.88884398733 ===>> OK
Magnet settling time: 1.049
GetData ===>> H2,-0.282474656045094,H1,1964.62913079665,AX,73.7524243641746,L1,1.79159962536786,L2,0.0529632130...
setting magnet DAC
current  : 5.888844
requested: 5.889878
Delta Dac: 0.001034
Checking detector protection. dv=0.00103
Checking detector "CDD". Protection Threshold: 0.1 (V)
SetMagnetDAC 5.88987847008 ===>> OK
Magnet settling time: 1.049
GetData ===>> H2,-0.410489653236691,H1,1169.29454243697,AX,37.8082849777661,L1,1.23367902038694,L2,-0.012410791...
setting magnet DAC
current  : 5.889878
requested: 5.890913
Delta Dac: 0.001034
Checking detector protection. dv=0.00103
Checking detector "CDD". Protection Threshold: 0.1 (V)
SetMagnetDAC 5.89091295284 ===>> OK
Magnet settling time: 1.049
GetData ===>> H2,-0.364239869995508,H1,530.32518650959,AX,14.4271316815716,L1,0.729139082944867,L2,0.0553557922...
setting magnet DAC
current  : 5.890913
requested: 5.891947
Delta Dac: 0.001034
Checking detector protection. dv=0.00103
Checking detector "CDD". Protection Threshold: 0.1 (V)
SetMagnetDAC 5.8919474356 ===>> OK
Magnet settling time: 1.049
GetData ===>> H2,-0.24589225617794,H1,186.538290165753,AX,4.12316776902229,L1,0.43897289305655,L2,0.00378048756...
setting magnet DAC
current  : 5.891947
requested: 5.892982
Delta Dac: 0.001034
Checking detector protection. dv=0.00103
Checking detector "CDD". Protection Threshold: 0.1 (V)
SetMagnetDAC 5.89298191836 ===>> OK
Magnet settling time: 1.049
GetData ===>> H2,-0.256196265325836,H1,53.4543447768593,AX,0.850528329078008,L1,0.285957904120487,L2,-0.0242507...
setting magnet DAC
current  : 5.892982
requested: 5.894016
Delta Dac: 0.001034
Checking detector protection. dv=0.00103
Checking detector "CDD". Protection Threshold: 0.1 (V)
SetMagnetDAC 5.89401640112 ===>> OK
Magnet settling time: 1.049
GetData ===>> H2,-0.259626157968569,H1,13.0142029170344,AX,0.0665001406790777,L1,0.219971934479167,L2,0.0819060...
setting magnet DAC
current  : 5.894016
requested: 5.895051
Delta Dac: 0.001034
Checking detector protection. dv=0.00103
Checking detector "CDD". Protection Threshold: 0.1 (V)
SetMagnetDAC 5.89505088388 ===>> OK
Magnet settling time: 1.049
GetData ===>> H2,-0.145736829577155,H1,2.5541405958952,AX,-0.242582485014719,L1,0.107531022431655,L2,0.00437262...
setting magnet DAC
current  : 5.895051
requested: 5.896085
Delta Dac: 0.001034
Checking detector protection. dv=0.00103
Checking detector "CDD". Protection Threshold: 0.1 (V)
SetMagnetDAC 5.89608536664 ===>> OK
Magnet settling time: 1.049
GetData ===>> H2,-0.101429110095707,H1,0.350704227030252,AX,-0.189846664370984,L1,0.0586633450729623,L2,0.03803...
result of _do_sweep=True
result of _calculate_peak_center=([5.8735102163352, 5.8809651261548392, 5.8884200359744785], [2218.4880345568899, 3004.1784864741458, 2217.2304092482073], 5.8785302564153605, 3004.1784864741458)
new center pos Detector(H1) (Ar40) @ 5.88096512615
GetHighVoltage ===>> 4499.94659342336
GetDeflection H1 ===>> 0
dac uncorrected for HV and deflection 5.88099975881
update mftable H1 Ar40 5.88099975881 message=automated run peakcenter
get initial guess parabolic
get initial guess parabolic
get initial guess parabolic
get initial guess parabolic
get initial guess parabolic
get initial guess parabolic
dump mftable to /Users/jan/PychronDev/setupfiles/spectrometer/mftables/mftable.csv
add to repo msg=modified - automated run peakcenter
sweep finished
locally archiving mftable
setting magnet DAC
current  : 5.896085
requested: 5.880965
Delta Dac: 0.015120
Checking detector protection. dv=0.01512
Checking detector "CDD". Protection Threshold: 0.1 (V)
SetMagnetDAC 5.88096512615 ===>> OK
Magnet settling time: 0.500
setting integration time = 1.048576
SetIntegrationTime 1.048576 ===>> OK
flush and close file /Users/jan/PychronDev/data/isotopes/12/771068-a447-4198-8414-029e16556a20.h5
finished measure script
executed snippet estimated_duration=226.132928, duration=272.592468023
jan_unknown120_60.py completed successfully
Measurement Finished
12:51:11 -- ******* Measurement Finished *******
Post Measurement Started jan_pump_ms.py
12:51:11 -- ******* Post Measurement Started jan_pump_ms.py *******
testing...
no interpolation path defined
executed snippet estimated_duration=0, duration=2.69412994385e-05
Pumping spectrometer
open () {'name': 'O'}
opening name=O desc=---
checking ownership. requestor=129.138.12.150
check software interlocks O
interlocks []
actuate state mode=None-script, software_lock=False
doing actuation None-script open_channel True
Open O ===>> OK
GetIndicatorState O ===>> OK
change switch state (True, True)
update switch state O True args=() kw={} ncanvase=8
12:51:12 -- OPEN   VALVE-O (Jan Ion Pump)
---------------------------------------- open O () result=[(True, True)], time=0.49 sec
action=open, ok=True, locked=[False]
executed snippet estimated_duration=0, duration=0.748529911041
jan_pump_ms.py completed successfully
setting _ms_pumptime
Post Measurement Finished
12:51:12 -- ******* Post Measurement Finished *******
$$$$$$$$$$$$$$$$$$$$ state at run end measurement
state changed from measurement to success
post measurement save measured=True aborted=False
Set filtering
setting fod for Ar40= {'filter_outliers': True, 'std_devs': 2, 'iterations': 1}
setting fod for H1= {'filter_outliers': True, 'std_devs': 2, 'iterations': 1}
setting fod for PM41= {'filter_outliers': False, 'std_devs': 2, 'iterations': 1}
setting fod for H2= {'filter_outliers': True, 'std_devs': 2, 'iterations': 1}
setting fod for Ar36= {'filter_outliers': True, 'std_devs': 2, 'iterations': 1}
setting fod for CDD= {'filter_outliers': True, 'std_devs': 10, 'iterations': 1}
setting fod for Ar37= {'filter_outliers': True, 'std_devs': 2, 'iterations': 1}
setting fod for L2= {'filter_outliers': True, 'std_devs': 2, 'iterations': 1}
setting fod for Ar38= {'filter_outliers': True, 'std_devs': 2, 'iterations': 1}
setting fod for L1= {'filter_outliers': True, 'std_devs': 2, 'iterations': 1}
setting fod for Ar39= {'filter_outliers': True, 'std_devs': 2, 'iterations': 1}
setting fod for AX= {'filter_outliers': True, 'std_devs': 2, 'iterations': 1}
persistence save...
persistence save - db
post measurement save
9826699312 connecting to database sqlite:////Users/jan/PychronDev/.appdata/local_lab.db
connected to db sqlite:////Users/jan/PychronDev/.appdata/local_lab.db
create new session 9826699312
close session 9826699312
No database instance. Not saving post measurement to isotopedb database
$$$$$$$$$$$$$$$ auto_save_detector_ic=False
massspec enabled True
create new session 6484677072
MassSpec Database Version: 16.0
close session 6484677072
saving post measurement to secondary database
saving to massspec database 129.138.12.160/massspecdata
setting labnumber to 65475
setting aliquot to 21
setting step to 
setting uuid to 12771068-a447-4198-8414-029e16556a20
setting irradpos to 65475
setting extract_device to Fusions CO2
setting tray to 
setting position to 111
setting power_requested to 5.0
setting extract_value to 5.0
setting duration to 30.0
setting duration_at_request to 30.0
setting first_stage_delay to 30.0
setting cleanup to 30.0
setting comment to P:7
setting irradiation to NM-288
setting level to P
setting irradiation_level to P
setting sample to Goat Mtn
setting material to Sanidine
setting project to IR989
setting mass_spectrometer to Jan
no attribute chron_dosages
no attribute production_ratios
no attribute interference_corrections
no attribute production_name
no attribute j
Reference Isotope=Ar40
Reference Detector=H1
%%%%%%%%%%%%%%%%%%%% Comment: P:7 %%%%%%%%%%%%%%%%%%%
adding isotope PM41 H2
add baseline dbdet= PM41. original det= H2
get baseline data PM41 H2
Get data baseline <pychron.processing.isotope.Baseline object at 0x248edb1d0> len t=60
baseline PM41. v=-0.215782850781, e=0.00757816087871
get signal data PM41 H2
Get data signal PM41 0.25+/-0.07 len t=120
adding isotope Ar40 H1
add baseline dbdet= Ar40. original det= H1
get baseline data Ar40 H1
Get data baseline <pychron.processing.isotope.Baseline object at 0x23cfc3fd0> len t=60
baseline Ar40. v=0.0326526757279, e=0.00828300228343
get signal data Ar40 H1
Get data signal Ar40 3313.86+/-0.14 len t=120
adding isotope Ar39 AX
add baseline dbdet= Ar39. original det= AX
get baseline data Ar39 AX
Get data baseline <pychron.processing.isotope.Baseline object at 0x22cf5a910> len t=60
baseline Ar39. v=-0.0773365212455, e=0.00557090716419
get signal data Ar39 AX
Get data signal Ar39 157.335+/-0.026 len t=120
adding isotope Ar38 L1
add baseline dbdet= Ar38. original det= L1
get baseline data Ar38 L1
Get data baseline <pychron.processing.isotope.Baseline object at 0x23d2fa190> len t=60
baseline Ar38. v=-0.0312036726474, e=0.00292417873248
get signal data Ar38 L1
Get data signal Ar38 3.299+/-0.005 len t=120
adding isotope Ar37 L2
add baseline dbdet= Ar37. original det= L2
get baseline data Ar37 L2
Get data baseline <pychron.processing.isotope.Baseline object at 0x23d2fab10> len t=60
baseline Ar37. v=-0.0097546842745, e=0.00751964197783
get signal data Ar37 L2
Get data signal Ar37 0.393+/-0.011 len t=120
adding isotope Ar36 CDD
add baseline dbdet= Ar36. original det= CDD
get baseline data Ar36 CDD
Get data baseline <pychron.processing.isotope.Baseline object at 0x23d2fa090> len t=60
baseline Ar36. v=0.000657488926874, e=3.97644112068e-05
get signal data Ar36 CDD
Get data signal Ar36 5.631+/-0.006 len t=120
65475-21 added analysis time 0.479873895645s
analysis added to mass spec database
mass spec save time= 0.489
persistence save - dvc
================= post measurement started
create new session 4992585168
close session 4992585168
---------------- Experiment Queue saving disabled
DVC saving peakcenter
Smart pull ahead: 0 behind: 0
Up-to-date with origin
add to repo msg=modified - ad8224ebc6dbfeb9f5997218dfa5fe690569839d.json
add to repo msg=modified - 75-21.json
add to repo msg=modified - 75-21.dat.json
add to repo msg=modified - 75-21.blan.json
add to repo msg=modified - 75-21.inte.json
add to repo msg=modified - 75-21.icfa.json
add to repo msg=modified - 75-21.base.json
not at valid file /Users/jan/PychronDev/data/.dvc/repositories/Load1795/654/tags/75-21.tags.json
add to repo msg=modified - 75-21.peak.json
add to repo msg=modified - 75-21.extr.json
not at valid file /Users/jan/PychronDev/data/.dvc/repositories/Load1795/654/monitor/75-21.moni.json
commit message=<COLLECTION>
add to repo msg=modified - 75-21.inte.json
add to repo msg=modified - 75-21.base.json
commit message=<ISOEVO> default collection fits
add to repo msg=modified - 75-21.blan.json
commit message=<BLANKS> preceding bu-FC-J-7823
add to repo msg=modified - 75-21.icfa.json
commit message=<ICFactor> default
push repository <pychron.git_archive.repo_manager.GitRepoManager object at 0x208376170>
pushing to remote=origin, url=https://github.com
no changes to meta repo
create new session 4992585168
add association Load1795
get identifier "65475"
setting analysis irradiation position=<pychron.dvc.dvc_orm.IrradiationPositionTbl object at 0x236ae4810>
close session 4992585168
================= post measurement finished
12:51:24 -- ******* Post Run Check *******
loading queue conditionals post_run_actions
loading system conditionals post_run_actions
loading conditionals from /Users/jan/PychronDev/setupfiles/spectrometer/default_conditionals.yaml
loading queue conditionals post_run_terminations
loading system conditionals post_run_terminations
loading conditionals from /Users/jan/PychronDev/setupfiles/spectrometer/default_conditionals.yaml
Checking default post run terminations n=1
GetDeflection CDD ===>> 50
testing CDD==2000
evaluate ot="CDD.deflection==2000" t="CDD==2000", ctx="{'CDD': 50.0}"
12:51:24 -- ******* Post Run Check Passed *******
12:51:24 -- Automated run 65475-21 success duration: 363.184 s
----------------- finish -----------------
----------------- stop -----------------
retroactive repository identifiers disabled
finish run. runs completed=189
update duration runid=65475-21, duration=363.184402943, md5=301e91d8
loading script "jan_unknown120_60.py"
loading script "jan_pump_ms.py"
loading script "jan_co2.py"
loading script "jan_pump_extraction_line.py"
testing...
no interpolation path defined
executed snippet estimated_duration=213.652928, duration=0.000202894210815
script duration name:unknown120_60 seconds:214.0
loading script "jan_unknown120_60.py"
loading script "jan_pump_ms.py"
loading script "jan_co2.py"
loading script "jan_pump_extraction_line.py"
testing...
no interpolation path defined
executed snippet estimated_duration=0, duration=2.59876251221e-05
loading script "jan_unknown120_60.py"
loading script "jan_pump_ms.py"
loading script "jan_co2.py"
loading script "jan_pump_extraction_line.py"
testing...
no interpolation path defined
calculate duration
testing...
no interpolation path defined
executed snippet estimated_duration=0, duration=5.10215759277e-05
calculate duration
testing...
no interpolation path defined
executed snippet estimated_duration=0, duration=9.60826873779e-05
executed snippet estimated_duration=0.0, duration=0.00273299217224
script duration name:co2 seconds:0.0
loading script "jan_unknown120_60.py"
loading script "jan_pump_ms.py"
loading script "jan_co2.py"
loading script "jan_pump_extraction_line.py"
testing...
no interpolation path defined
calculate duration
testing...
no interpolation path defined
executed snippet estimated_duration=4.0, duration=0.000149011611938
executed snippet estimated_duration=4.0, duration=0.00139307975769
Script duration 214.0
Run total estimated duration= 215.000
unknown120_60 in script context. using previous estimated duration
script duration name:unknown120_60 seconds:214.0
pump_ms in script context. using previous estimated duration
co2 in script context. using previous estimated duration
script duration name:co2 seconds:0.0
pump_extraction_line in script context. using previous estimated duration
Script duration 214.0
Run total estimated duration= 215.000
script duration name:unknown120_60 seconds:214.0
script duration name:co2 seconds:0.0
Script duration 214.0
Run total estimated duration= 215.000
script duration name:unknown120_60 seconds:214.0
script duration name:co2 seconds:0.0
Script duration 214.0
Run total estimated duration= 215.000
script duration name:unknown120_60 seconds:214.0
script duration name:co2 seconds:0.0
Script duration 214.0
Run total estimated duration= 215.000
nruns=5 before=0.0, run_dur=1075.0, btw=180.0
write rem/ex queues
/Users/jan/PychronDev/experiments/rem/CurrentExperiment.rem.txt
/Users/jan/PychronDev/experiments/rem/CurrentExperiment.ex.txt
doing event level: 3
