do run
loading script "jan_unknown120_60.py"
loading script "jan_pump_ms.py"
loading script "jan_co2.py"
loading script "jan_pump_extraction_line.py"
testing...
no interpolation path defined
executed snippet estimated_duration=213.652928, duration=0.000325202941895
script duration name:unknown120_60 seconds:214.0
loading script "jan_unknown120_60.py"
loading script "jan_pump_ms.py"
loading script "jan_co2.py"
loading script "jan_pump_extraction_line.py"
testing...
no interpolation path defined
executed snippet estimated_duration=0, duration=2.8133392334e-05
loading script "jan_unknown120_60.py"
loading script "jan_pump_ms.py"
loading script "jan_co2.py"
loading script "jan_pump_extraction_line.py"
testing...
no interpolation path defined
calculate duration
testing...
no interpolation path defined
executed snippet estimated_duration=0, duration=5.50746917725e-05
calculate duration
testing...
no interpolation path defined
executed snippet estimated_duration=0, duration=9.70363616943e-05
executed snippet estimated_duration=0.0, duration=0.00271415710449
script duration name:co2 seconds:0.0
loading script "jan_unknown120_60.py"
loading script "jan_pump_ms.py"
loading script "jan_co2.py"
loading script "jan_pump_extraction_line.py"
testing...
no interpolation path defined
calculate duration
testing...
no interpolation path defined
executed snippet estimated_duration=4.0, duration=0.000208854675293
executed snippet estimated_duration=4.0, duration=0.00131297111511
Script duration 214.0
Run total estimated duration= 215.000
run duration: 0:03:35
doing event level: 2
13:13:05 -- Setting default integration. t=1.048576
setting integration time = 1.048576
SetIntegrationTime 1.048576 ===>> OK
----------------- start -----------------
**************** Experiment Type: Ar/Ar, Ar/Ar
create new session 4419438256
close session 4419438256
$$$$$ Clearing conditionals
adding conditionals 
Add queue conditionals
add default conditionals
adding default conditionals from /Users/jan/PychronDev/setupfiles/spectrometer/default_conditionals.yaml
Start automated run 65475-25
loading script "jan_unknown120_60.py"
loading script "jan_pump_ms.py"
loading script "jan_co2.py"
loading script "jan_pump_extraction_line.py"
%%%%%%%%%%%%%%%%%% setting automated run 65475-25
No value "sensitivity_multiplier" in metadata
$$$$$$$$$$$$$$$ auto_save_detector_ic=False
============================= Pre Extraction Check =============================
loading queue conditionals pre_run_terminations
loading system conditionals pre_run_terminations
loading conditionals from /Users/jan/PychronDev/setupfiles/spectrometer/default_conditionals.yaml
13:13:05 -- ******* Pre Extraction Check *******
Get a measurement from the spectrometer
GetData ===>> H2,-0.114086182733199,H1,0.0550152259371163,AX,-0.0254135870124404,L1,-0.0414206058838213,L2,-0.0...
Pre Extraction Termination data. keys=H2,H1,AX,L1,L2,CDD, signals=-0.11409,0.05502,-0.02541,-0.04142,-0.01119,0.00298
13:13:05 -- testing system defined conditionals
Checking default pre extraction terminations n=2
testing CDD
evaluate ot="CDD.inactive" t="CDD", ctx="{'CDD': False}"
GetDeflection CDD ===>> 50
testing CDD==2000
evaluate ot="CDD.deflection==2000" t="CDD==2000", ctx="{'CDD': 50.0}"
13:13:05 -- ******* Pre Extraction Check Passed *******
=================================================================================
13:13:05 -- stopping status monitor
stop 6901184944
Alive clients [5025639504, 5288834736, 4992986192]
13:13:05 -- starting status monitor
start 6901184944
Monitor already running
start extraction
do extraction
Analysis started at 13:13:05.747694
Extraction Started jan_co2.py
13:13:05 -- ******* Extraction Started jan_co2.py *******
state changed from not run to extraction
DO EXTRACTION <pychron.extraction_line.pyscript_runner.RemotePyScriptRunner object at 0x12bfe48f0>
testing...
no interpolation path defined
calculate duration
testing...
no interpolation path defined
executed snippet estimated_duration=0, duration=4.10079956055e-05
calculate duration
testing...
no interpolation path defined
executed snippet estimated_duration=0, duration=0.000101089477539
executed snippet estimated_duration=100.0, duration=0.00192093849182
Jan CO2 laser analysis
doing GOSUB
testing...
no interpolation path defined
executed snippet estimated_duration=0, duration=3.91006469727e-05
Waiting for CO2 access
wait ('FelixCO2Flag', 0) {}
waiting for FelixCO2Flag = 0
Read FelixCO2Flag ===>> 0
finished waiting
CO2 free
wait ('CO2PumpTimeFlag', 0) {}
waiting for CO2PumpTimeFlag = 0
Read CO2PumpTimeFlag ===>> 0
finished waiting
acquire ('JanCO2Flag',) {'clear': True}
acquire JanCO2Flag
Set JanCO2Flag 1 ===>> OK
JanCO2Flag acquired
set extraction state False (0.75, 'red', 1.5)
CO2 acquired
executed snippet estimated_duration=0, duration=0.0248038768768
WaitForCO2Access.py completed successfully
gosub finished
doing GOSUB
testing...
no interpolation path defined
executed snippet estimated_duration=0, duration=9.79900360107e-05
Prepare for CO2 analysis
close () {'description': 'Jan Inlet'}
closing name=--- desc=Jan Inlet
checking ownership. requestor=129.138.12.150
check software interlocks R
interlocks []
actuate state mode=None-script, software_lock=False
doing actuation None-script close_channel False
Close R ===>> OK
GetIndicatorState R ===>> False
change switch state (True, True)
update switch state R False args=() kw={} ncanvase=8
13:13:06 -- CLOSE  VALVE-R (Jan Inlet)
---------------------------------------- close None (Jan Inlet) result=[(True, True)]
action=close, ok=True, locked=[False]
open () {'description': 'Jan Ion Pump'}
opening name=--- desc=Jan Ion Pump
checking ownership. requestor=129.138.12.150
check software interlocks O
interlocks []
actuate state mode=None-script, software_lock=False
doing actuation None-script open_channel False
Open O ===>> OK
GetIndicatorState O ===>> OK
change switch state (True, True)
update switch state O True args=() kw={} ncanvase=8
13:13:06 -- OPEN   VALVE-O (Jan Ion Pump)
---------------------------------------- open None (Jan Ion Pump) result=[(True, True)], time=0.09 sec
action=open, ok=True, locked=[False]
close () {'description': 'Microbone to Minibone'}
closing name=--- desc=Microbone to Minibone
checking ownership. requestor=129.138.12.150
check software interlocks L
interlocks []
actuate state mode=None-script, software_lock=False
doing actuation None-script close_channel False
Close L ===>> OK
GetIndicatorState L ===>> False
change switch state (True, True)
update switch state L False args=() kw={} ncanvase=8
13:13:07 -- CLOSE  VALVE-L (Microbone to Minibone)
---------------------------------------- close None (Microbone to Minibone) result=[(True, True)]
action=close, ok=True, locked=[False]
open () {'description': 'Microbone to Turbo'}
opening name=--- desc=Microbone to Turbo
checking ownership. requestor=129.138.12.150
check software interlocks U
interlocks []
actuate state mode=None-script, software_lock=False
doing actuation None-script open_channel False
Open U ===>> OK
GetIndicatorState U ===>> OK
change switch state (True, True)
update switch state U True args=() kw={} ncanvase=8
13:13:07 -- OPEN   VALVE-U (Microbone to Turbo)
---------------------------------------- open None (Microbone to Turbo) result=[(True, True)], time=0.14 sec
action=open, ok=True, locked=[False]
open () {'description': 'Microbone to Inlet Pipette'}
opening name=--- desc=Microbone to Inlet Pipette
checking ownership. requestor=129.138.12.150
check software interlocks S
interlocks []
actuate state mode=None-script, software_lock=False
doing actuation None-script open_channel False
Open S ===>> OK
GetIndicatorState S ===>> OK
change switch state (True, True)
update switch state S True args=() kw={} ncanvase=8
13:13:08 -- OPEN   VALVE-S (Microbone to Inlet Pipette)
---------------------------------------- open None (Microbone to Inlet Pipette) result=[(True, True)], time=0.47 sec
action=open, ok=True, locked=[False]
open () {'description': 'Microbone to Getter D-50'}
opening name=--- desc=Microbone to Getter D-50
checking ownership. requestor=129.138.12.150
check software interlocks K
interlocks []
actuate state mode=None-script, software_lock=False
doing actuation None-script open_channel False
Open K ===>> OK
GetIndicatorState K ===>> OK
change switch state (True, True)
update switch state K True args=() kw={} ncanvase=8
13:13:09 -- OPEN   VALVE-K (Microbone to Getter D-50)
---------------------------------------- open None (Microbone to Getter D-50) result=[(True, True)], time=0.46 sec
action=open, ok=True, locked=[False]
open () {'description': 'Microbone to Getter NP-10'}
opening name=--- desc=Microbone to Getter NP-10
checking ownership. requestor=129.138.12.150
check software interlocks M
interlocks []
actuate state mode=None-script, software_lock=False
doing actuation None-script open_channel False
Open M ===>> OK
GetIndicatorState M ===>> OK
change switch state (True, True)
update switch state M True args=() kw={} ncanvase=8
13:13:09 -- OPEN   VALVE-M (Microbone to Getter NP-10)
---------------------------------------- open None (Microbone to Getter NP-10) result=[(True, True)], time=0.17 sec
action=open, ok=True, locked=[False]
close () {'description': 'CO2 Laser to Felix'}
closing name=--- desc=CO2 Laser to Felix
checking ownership. requestor=129.138.12.150
check software interlocks F
interlocks []
actuate state mode=None-script, software_lock=True
VALVE-F(CO2 Laser to Felix) software locked
change switch state (True, False)
---------------------------------------- close None (CO2 Laser to Felix) result=[(True, False)]
action=close, ok=True, locked=[True]
open () {'description': 'CO2 Laser to Jan'}
opening name=--- desc=CO2 Laser to Jan
checking ownership. requestor=129.138.12.150
check software interlocks A
interlocks []
actuate state mode=None-script, software_lock=False
doing actuation None-script open_channel False
Open A ===>> OK
GetIndicatorState A ===>> OK
change switch state (True, True)
update switch state A True args=() kw={} ncanvase=8
13:13:10 -- OPEN   VALVE-A (CO2 Laser to Jan)
---------------------------------------- open None (CO2 Laser to Jan) result=[(True, True)], time=0.15 sec
action=open, ok=True, locked=[False]
open () {'description': 'Microbone to CO2 Laser'}
opening name=--- desc=Microbone to CO2 Laser
checking ownership. requestor=129.138.12.150
check software interlocks T
interlocks []
actuate state mode=None-script, software_lock=False
doing actuation None-script open_channel False
Open T ===>> OK
GetIndicatorState T ===>> OK
change switch state (True, True)
update switch state T True args=() kw={} ncanvase=8
13:13:10 -- OPEN   VALVE-T (Microbone to CO2 Laser)
---------------------------------------- open None (Microbone to CO2 Laser) result=[(True, True)], time=0.46 sec
action=open, ok=True, locked=[False]
executed snippet estimated_duration=0, duration=5.21461105347
PrepareForCO2Analysis.py completed successfully
gosub finished
set_motor ('beam', '1.25') {}
setting motor "beam" to 1.25
set motor beam to 1.25
SetMotor beam,1.25 ===>> OK
GetMotorMoving beam ===>> False
GetMotorMoving beam ===>> False
Block completed
move_to_position ('115',) {'autocenter': True}
FusionsCO2 move to position 115
sending GoToHole 115,True
GoToHole 115,True ===>> OK
GetDriveMoving ===>> OK
GetDriveMoving ===>> OK
GetDriveMoving ===>> OK
GetDriveMoving ===>> OK
GetDriveMoving ===>> False
GetDriveMoving ===>> OK
GetDriveMoving ===>> OK
GetDriveMoving ===>> OK
GetDriveMoving ===>> OK
GetDriveMoving ===>> OK
GetDriveMoving ===>> OK
GetDriveMoving ===>> OK
GetDriveMoving ===>> OK
GetDriveMoving ===>> OK
GetDriveMoving ===>> OK
GetDriveMoving ===>> OK
GetDriveMoving ===>> OK
GetDriveMoving ===>> OK
GetDriveMoving ===>> OK
GetDriveMoving ===>> OK
GetDriveMoving ===>> OK
GetDriveMoving ===>> OK
GetDriveMoving ===>> OK
GetDriveMoving ===>> OK
GetDriveMoving ===>> OK
GetDriveMoving ===>> OK
GetDriveMoving ===>> OK
GetDriveMoving ===>> OK
GetDriveMoving ===>> OK
GetDriveMoving ===>> OK
GetDriveMoving ===>> OK
GetDriveMoving ===>> OK
GetDriveMoving ===>> OK
GetDriveMoving ===>> OK
GetDriveMoving ===>> OK
GetDriveMoving ===>> OK
GetDriveMoving ===>> False
Block completed
GetAutoCorrecting ===>> False
GetAutoCorrecting ===>> False
Block completed
update position
GetPosition ===>> 7.97560,0.00000,1.00000
got position (7.9756, 0.0, 1.0)
move to position succeeded
sleep (5,) {}
SLEEP 5.0
block started
WaitControl setup for 5.0  
Join finished
block finished. duration 5.0526599884
close () {'description': 'Microbone to Turbo'}
closing name=--- desc=Microbone to Turbo
checking ownership. requestor=129.138.12.150
check software interlocks U
interlocks []
actuate state mode=None-script, software_lock=False
doing actuation None-script close_channel True
Close U ===>> OK
GetIndicatorState U ===>> False
change switch state (True, True)
update switch state U False args=() kw={} ncanvase=8
13:13:28 -- CLOSE  VALVE-U (Microbone to Turbo)
---------------------------------------- close None (Microbone to Turbo) result=[(True, True)]
action=close, ok=True, locked=[False]
enable laser
enable () {}
set extraction state FusionsCO2 Enabled (False, 'red', 1.5)
enabling laser
Enable ===>> OK
begin interval
BEGIN INTERVAL Interval 1 waiting for 30.0
block started
set extract to 5.0
WaitControl setup for 30.0  
extract (5.0,) {}
GetPosition ===>> 7.97560,0.00000,1.00000
set extraction state FusionsCO2 ON! 5.0(watts) (0.75, 'red', 1.5)
extract sample to 5.0 (watts)
set laser output
SetLaserOutput 5.0,watts ===>> OK
executing pattern triangle.lp
execute_pattern ('triangle.lp',) {}
executing pattern triangle.lp
IsPatterning ===>> OK
IsPatterning ===>> OK
IsPatterning ===>> OK
IsPatterning ===>> OK
IsPatterning ===>> OK
IsPatterning ===>> OK
IsPatterning ===>> OK
IsPatterning ===>> OK
IsPatterning ===>> OK
IsPatterning ===>> OK
IsPatterning ===>> OK
IsPatterning ===>> OK
IsPatterning ===>> OK
IsPatterning ===>> OK
IsPatterning ===>> OK
IsPatterning ===>> OK
IsPatterning ===>> OK
IsPatterning ===>> OK
IsPatterning ===>> OK
IsPatterning ===>> OK
IsPatterning ===>> OK
IsPatterning ===>> OK
IsPatterning ===>> OK
IsPatterning ===>> OK
IsPatterning ===>> OK
IsPatterning ===>> OK
IsPatterning ===>> False
IsPatterning ===>> False
Block completed
COMPLETE INTERVAL waiting for Interval 1 to complete
Join finished
block finished. duration 30.1060070992
Interval 1 finished
end_extract () {}
ending extraction. set laser power to 0
set laser power 0
SetLaserPower 0 ===>> OK
disable () {}
%%%%%%%%%%%%%%%%%%%%%%%%%%%%%%%%%%% disable
set extraction state False (0.75, 'red', 1.5)
disabling laser
Disable ===>> OK
sleep (30.0,) {}
SLEEP 30.0
block started
WaitControl setup for 30.0  
Join finished
block finished. duration 30.1122629642
executed snippet estimated_duration=166.5, duration=84.0037381649
jan_co2.py completed successfully
GetAchievedOutput ===>> No Response
Requested Output= 0.000
Achieved Output=  0.000
GetResponseBlob ===>> No Response
GetOutputBlob ===>> No Response
persistence save...
persistence save - db
AutomatedRunPersister post_extraction_save deprecated
persistence save - dvc
no extraction position for 115
create new session 4992585168
close session 4992585168
Extraction Finished
13:14:29 -- ******* Extraction Finished *******
no overlap. not waiting for min ms pumptime
13:14:29 -- Sending spectrometer configuration
======== Sending configuration ========
SetDeflection CDD,50.0 ===>> OK
SetDeflection H2,0.0 ===>> OK
SetDeflection H1,0.0 ===>> OK
SetDeflection L2,825.0 ===>> OK
SetDeflection L1,400.0 ===>> OK
SetDeflection AX,190.0 ===>> OK
SetZFocus 74.64 ===>> OK
SetZSymmetry -50.72 ===>> OK
SetExtractionLens 26.13 ===>> OK
SetIonRepeller -3.81 ===>> OK
SetElectronEnergy 75.08 ===>> OK
SetYSymmetry -2.81 ===>> OK
SetIonCounterVoltage 1590.0 ===>> OK
send trap current 200.0
GetParameter Trap Current Readback ===>> 198.594579747299
SetParameter Trap Current Set,200.0 ===>> OK
updating mftable name mftable
Using mftable located at /Users/jan/PychronDev/setupfiles/spectrometer/mftables/mftable.csv
============ MFtable ===========
Isotope  H2     H1     AX     L1     L2     CDD    
Ar40     5.8274 5.8809 5.9941 6.1674 6.2325 6.3956
Ar39     5.7267 5.7732 5.8865 6.0534 6.1176 6.2821
Ar36     5.4042 5.4422 5.5499 5.7123 5.7726 5.9332
================================
get initial guess parabolic
get initial guess parabolic
get initial guess parabolic
get initial guess parabolic
get initial guess parabolic
get initial guess parabolic
======== Configuration Finished ========
GetYSymmetry ===>> -2.81
GetZSymmetry ===>> -50.72
GetParameter Trap Current Readback ===>> 198.035158395898
GetHighVoltage ===>> 4499.94659342336
start measurement
do measurement
L#=65475 analysis type=unknown
Measurement Started jan_unknown120_60.py
13:14:30 -- ******* Measurement Started jan_unknown120_60.py *******
state changed from extraction to measurement
setting spec, defl, and gains
GetExtractionLens ===>> 26.13
GetYSymmetry ===>> -2.81
GetZSymmetry ===>> -50.72
GetZFocus ===>> 74.64
GetDeflection H2 ===>> 0
GetDeflection H1 ===>> 0
GetDeflection AX ===>> 190
GetDeflection L1 ===>> 400
GetDeflection L2 ===>> 825
GetDeflection CDD ===>> 50
GetGain H2 ===>> 0.0113
GetGain H1 ===>> 0.1
GetGain AX ===>> 0.097049
GetGain L1 ===>> 0.010355
GetGain L2 ===>> 0.095649
GetGain CDD ===>> 0
pre measurement save
New frame /Users/jan/PychronDev/data/isotopes/f1/f1b8af-1ffc-4a15-af20-7a1467608dbc.h5
flush and close file /Users/jan/PychronDev/data/isotopes/f1/f1b8af-1ffc-4a15-af20-7a1467608dbc.h5
testing...
no interpolation path defined
executed snippet estimated_duration=226.132928, duration=0.000301837921143
unknown measurement script
activate_detectors ('H2', 'H1', 'AX', 'L1', 'L2', 'CDD') {}
activate detectors
*************** Set Analysis View Ar/Ar
create graphs
clearing graphs
clear isotope group
setting isotope det=H2, iso=PM41
setting isotope det=H1, iso=Ar40
setting isotope det=AX, iso=Ar39
setting isotope det=L1, iso=Ar38
setting isotope det=L2, iso=Ar37
setting isotope det=CDD, iso=Ar36
setting previous blanks
 - setting Ar40 blank 0.634+/-0.011
 - setting Ar36 blank 0.00634+/-0.00025
 - setting Ar37 blank 0.056+/-0.010
 - setting Ar38 blank 0.013+/-0.005
 - setting PM41 blank 0.06+/-0.07
 - setting Ar39 blank 0.016+/-0.012
load analysis view
position_magnet ('Ar40',) {'detector': 'H1'}
detector Detector(H1)
POSITION Ar40 H1
setting detector H2 to PM41 (40.9624)
setting detector H1 to Ar40 (39.9624)
setting detector AX to Ar39 (38.9624)
setting detector L1 to Ar38 (37.9624)
setting detector L2 to Ar37 (36.9624)
setting detector CDD to Ar36 (35.9624)
Mapping mass to dac mass func: "parabolic"
H1 map mass coeffs = [-0.00063987  0.15840543  0.57254999]
H1 map mass to dac 39.9624 >> 5.88094
GetDeflection H1 ===>> 0
GetHighVoltage ===>> 4499.94659342336
positioning Ar40 (5.8809053677) on H1
setting magnet DAC
current  : 5.880905
requested: 5.880905
Delta Dac: 0.000000
Checking detector protection. dv=0.00000
Checking detector "CDD". Protection Threshold: 0.1 (V)
SetMagnetDAC 5.8809053677 ===>> OK
Magnet settling time: 0.500
equilibrate () {'delay': 3, 'inlet': 'R', 'outlet': 'O', 'eqtime': 12.0}
Equilibration Started
13:14:31 -- ******* Equilibration Started *******
checking ownership. requestor=129.138.12.150
check software interlocks O
interlocks []
actuate state mode=None-script, software_lock=False
doing actuation None-script close_channel True
update labels <pychron.experiment.plot_panel.PlotPanel object at 0x2445cad10>
update labels "<pychron.graph.stacked_regression_graph.StackedRegressionGraph object at 0x222660e90>"
setting label 0 H2 PM41
setting label 1 H1 Ar40
setting label 2 AX Ar39
setting label 3 L1 Ar38
setting label 4 L2 Ar37
setting label 5 CDD Ar36
update labels "<pychron.graph.stacked_graph.StackedGraph object at 0x248a19c50>"
setting label 0 H2 PM41
setting label 1 H1 Ar40
setting label 2 AX Ar39
setting label 3 L1 Ar38
setting label 4 L2 Ar37
setting label 5 CDD Ar36
Close O ===>> OK
GetIndicatorState O ===>> False
change switch state (True, True)
update switch state O False args=() kw={} ncanvase=8
13:14:31 -- CLOSE  VALVE-O (Jan Ion Pump)
waiting 3s before opening inlet value ('R',)
checking ownership. requestor=129.138.12.150
check software interlocks R
interlocks []
actuate state mode=None-script, software_lock=False
doing actuation None-script open_channel True
Open R ===>> OK
GetIndicatorState R ===>> OK
change switch state (True, True)
update switch state R True args=() kw={} ncanvase=8
13:14:35 -- OPEN   VALVE-R (Jan Inlet)
equilibrating for 12.0sec
set_time_zero () {}
sniff (12.0,) {}
py_sniff
build tables- sniff [Detector(H2), Detector(H1), Detector(AX), Detector(L1), Detector(L2), Detector(CDD)]
add group /sniff/PM41 (Group) '' table H2
add group /sniff/Ar40 (Group) '' table H1
add group /sniff/Ar39 (Group) '' table AX
add group /sniff/Ar38 (Group) '' table L1
add group /sniff/Ar37 (Group) '' table L2
add group /sniff/Ar36 (Group) '' table CDD
flush and close file /Users/jan/PychronDev/data/isotopes/f1/f1b8af-1ffc-4a15-af20-7a1467608dbc.h5
measuring sniff. ncounts=12.0
"sniff" increment series count="1" fit count="0" regressing="False"
starting measurement
check iteration duration=2.78949737549e-05
GetData ===>> H2,-0.217160676618208,H1,0.176946022268587,AX,-0.120839476265634,L1,-0.0214947253760524,L2,-0.010...
check iteration duration=2.8133392334e-05
GetData ===>> H2,0.708599181543002,H1,641.669715106659,AX,53.8732732793353,L1,0.297087113586228,L2,0.4196788460...
check iteration duration=5.19752502441e-05
GetData ===>> H2,0.994457906219387,H1,1606.11670869776,AX,129.114938854294,L1,1.1402996070109,L2,0.440796272901...
check iteration duration=3.91006469727e-05
GetData ===>> H2,0.456912484535726,H1,1933.21750535721,AX,151.56914141343,L1,1.72087720688404,L2,0.365797926418...
check iteration duration=4.6968460083e-05
GetData ===>> H2,0.412817098333201,H1,2044.05808252731,AX,158.43896190549,L1,2.05279936159468,L2,0.325244448325...
check iteration duration=6.60419464111e-05
GetData ===>> H2,0.283215769191828,H1,2086.7343545802,AX,160.985176409742,L1,2.21324945349216,L2,0.393825474935...
check iteration duration=4.2200088501e-05
GetData ===>> H2,0.180681603372732,H1,2104.93403592224,AX,162.331217764178,L1,2.33338078202782,L2,0.38348836304...
check iteration duration=3.79085540771e-05
GetData ===>> H2,0.259328932193839,H1,2113.17889464944,AX,162.729911425057,L1,2.36311946510457,L2,0.32014222799...
check iteration duration=4.29153442383e-05
GetData ===>> H2,0.222124468640747,H1,2116.26828708185,AX,162.625841211748,L1,2.39476998173222,L2,0.34444584224...
check iteration duration=5.60283660889e-05
GetData ===>> H2,0.159501269921971,H1,2117.00954013135,AX,162.967338898543,L1,2.4702933141066,L2,0.440704845443...
check iteration duration=4.2200088501e-05
GetData ===>> H2,0.127125210470998,H1,2117.21339472095,AX,162.98453508829,L1,2.51703601408043,L2,0.380461684950...
check iteration duration=1.50203704834e-05
Equilibration Finished
GetData ===>> H2,0.0841368174215879,H1,2117.71016167009,AX,162.80985564644,L1,2.54590426336426,L2,0.46838757878...
13:14:47 -- ******* Equilibration Finished *******
checking ownership. requestor=129.138.12.150
check software interlocks R
interlocks []
actuate state mode=None-script, software_lock=False
doing actuation None-script close_channel True
Close R ===>> OK
set states for children of R. state=False
handle state [('R', False)]
update switch state R False args=() kw={'refresh': False} ncanvase=8
refresh_canvas_needed fired
GetIndicatorState R ===>> False
change switch state (True, True)
update switch state R False args=() kw={} ncanvase=8
13:14:48 -- CLOSE  VALVE-R (Jan Inlet)
Post Equilibration Started jan_pump_extraction_line.py
13:14:48 -- ******* Post Equilibration Started jan_pump_extraction_line.py *******
testing...
no interpolation path defined
calculate duration
testing...
no interpolation path defined
executed snippet estimated_duration=4.0, duration=0.000179052352905
executed snippet estimated_duration=4.0, duration=0.00156307220459
Pump after analysis
doing GOSUB
testing...
no interpolation path defined
executed snippet estimated_duration=4.0, duration=0.00019383430481
Pump Microbone
close () {'description': 'Jan Inlet'}
closing name=--- desc=Jan Inlet
checking ownership. requestor=129.138.12.150
check software interlocks R
interlocks []
actuate state mode=None-script, software_lock=False
doing actuation None-script close_channel False
check iteration duration=1.81198120117e-05
waiting for write to finish
measurement finished
estimated time: 12.583 actual time: :12.733
flush and close file /Users/jan/PychronDev/data/isotopes/f1/f1b8af-1ffc-4a15-af20-7a1467608dbc.h5
set_fits () {}
Close R ===>> OK
using default fits file=/Users/jan/PychronDev/scripts/measurement/fits/nominal_linear.yaml
set "Ar40" to "('Linear', 'SEM')"
No fit for "PM41". defaulting to linear. check the measurement script "jan_unknown120_60.py"
set "PM41" to "linear"
set "Ar36" to "('Linear', 'SEM')"
set "Ar37" to "('linear', 'SEM')"
set "Ar38" to "('linear', 'SEM')"
set "Ar39" to "('Linear', 'SEM')"
set_baseline_fits () {}
using default fits file=/Users/jan/PychronDev/scripts/measurement/fits/nominal_linear.yaml
set "H1" to "('average', 'SEM')"
set "H2" to "('average', 'SEM')"
set "CDD" to "('average', 'SEM')"
set "L2" to "('average', 'SEM')"
set "L1" to "('average', 'SEM')"
set "AX" to "('average', 'SEM')"
multicollect () {'integration_time': 1, 'ncounts': 120}
build tables- signal [Detector(H2), Detector(H1), Detector(AX), Detector(L1), Detector(L2), Detector(CDD)]
add group /signal/PM41 (Group) '' table H2
add group /signal/Ar40 (Group) '' table H1
add group /signal/Ar39 (Group) '' table AX
add group /signal/Ar38 (Group) '' table L1
add group /signal/Ar37 (Group) '' table L2
add group /signal/Ar36 (Group) '' table CDD
flush and close file /Users/jan/PychronDev/data/isotopes/f1/f1b8af-1ffc-4a15-af20-7a1467608dbc.h5
measuring signal. ncounts=120
GetIndicatorState R ===>> False
change switch state (True, True)
update switch state R False args=() kw={} ncanvase=8
13:14:48 -- CLOSE  VALVE-R (Jan Inlet)
---------------------------------------- close None (Jan Inlet) result=[(True, True)]
action=close, ok=True, locked=[False]
is_closed ('F',) {}
is F () closed?
is closed True
open () {'description': 'CO2 Laser to Jan'}
opening name=--- desc=CO2 Laser to Jan
checking ownership. requestor=129.138.12.150
check software interlocks A
interlocks []
actuate state mode=None-script, software_lock=False
doing actuation None-script open_channel False
Open A ===>> OK
GetIndicatorState A ===>> OK
change switch state (True, True)
update switch state A True args=() kw={} ncanvase=8
13:14:49 -- OPEN   VALVE-A (CO2 Laser to Jan)
---------------------------------------- open None (CO2 Laser to Jan) result=[(True, True)], time=0.13 sec
"signal" increment series count="2" fit count="1" regressing="True"
starting measurement
check iteration duration=6.79492950439e-05
GetData ===>> H2,0.262828404351836,H1,2117.43862433834,AX,163.013987670657,L1,2.5106479880489,L2,0.407122581924...
action=open, ok=True, locked=[False]
sleep (1,) {}
SLEEP 1.0
check iteration duration=6.19888305664e-05
GetData ===>> H2,0.297019590901543,H1,2116.5187113431,AX,162.901618377148,L1,2.53905544351271,L2,0.367602224246...
close () {'description': 'CO2 Laser to Roughing'}
closing name=--- desc=CO2 Laser to Roughing
checking ownership. requestor=129.138.12.150
check software interlocks G
interlocks []
actuate state mode=None-script, software_lock=True
VALVE-G(CO2 Laser to Roughing) software locked
change switch state (True, False)
---------------------------------------- close None (CO2 Laser to Roughing) result=[(True, False)]
action=close, ok=True, locked=[True]
open () {'description': 'Microbone to Turbo'}
opening name=--- desc=Microbone to Turbo
checking ownership. requestor=129.138.12.150
check software interlocks U
interlocks []
actuate state mode=None-script, software_lock=False
doing actuation None-script open_channel True
Open U ===>> OK
GetIndicatorState U ===>> OK
change switch state (True, True)
update switch state U True args=() kw={} ncanvase=8
13:14:50 -- OPEN   VALVE-U (Microbone to Turbo)
---------------------------------------- open None (Microbone to Turbo) result=[(True, True)], time=0.17 sec
action=open, ok=True, locked=[False]
open () {'description': 'Microbone to Getter NP-10'}
opening name=--- desc=Microbone to Getter NP-10
checking ownership. requestor=129.138.12.150
check software interlocks M
interlocks []
actuate state mode=None-script, software_lock=False
doing actuation None-script open_channel False
Open M ===>> OK
GetIndicatorState M ===>> OK
change switch state (True, True)
update switch state M True args=() kw={} ncanvase=8
13:14:50 -- OPEN   VALVE-M (Microbone to Getter NP-10)
---------------------------------------- open None (Microbone to Getter NP-10) result=[(True, True)], time=0.16 sec
action=open, ok=True, locked=[False]
open () {'description': 'Microbone to Getter D-50'}
opening name=--- desc=Microbone to Getter D-50
checking ownership. requestor=129.138.12.150
check software interlocks K
interlocks []
actuate state mode=None-script, software_lock=False
doing actuation None-script open_channel False
check iteration duration=6.00814819336e-05
GetData ===>> H2,0.191500662025649,H1,2116.03061314357,AX,162.596656217645,L1,2.50335658471703,L2,0.35546383703...
Open K ===>> OK
GetIndicatorState K ===>> OK
change switch state (True, True)
update switch state K True args=() kw={} ncanvase=8
13:14:51 -- OPEN   VALVE-K (Microbone to Getter D-50)
---------------------------------------- open None (Microbone to Getter D-50) result=[(True, True)], time=0.44 sec
action=open, ok=True, locked=[False]
open () {'description': 'Microbone to CO2 Laser'}
opening name=--- desc=Microbone to CO2 Laser
checking ownership. requestor=129.138.12.150
check software interlocks T
interlocks []
actuate state mode=None-script, software_lock=False
doing actuation None-script open_channel False
Open T ===>> OK
GetIndicatorState T ===>> OK
change switch state (True, True)
update switch state T True args=() kw={} ncanvase=8
13:14:52 -- OPEN   VALVE-T (Microbone to CO2 Laser)
---------------------------------------- open None (Microbone to CO2 Laser) result=[(True, True)], time=0.44 sec
check iteration duration=5.50746917725e-05
GetData ===>> H2,0.0722467013767576,H1,2114.83572839861,AX,162.65850170096,L1,2.45261942846556,L2,0.36252058624...
action=open, ok=True, locked=[False]
open () {'description': 'Microbone to Inlet Pipette'}
opening name=--- desc=Microbone to Inlet Pipette
checking ownership. requestor=129.138.12.150
check software interlocks S
interlocks []
actuate state mode=None-script, software_lock=False
doing actuation None-script open_channel False
Open S ===>> OK
GetIndicatorState S ===>> OK
change switch state (True, True)
update switch state S True args=() kw={} ncanvase=8
13:14:52 -- OPEN   VALVE-S (Microbone to Inlet Pipette)
---------------------------------------- open None (Microbone to Inlet Pipette) result=[(True, True)], time=0.43 sec
action=open, ok=True, locked=[False]
sleep (1,) {}
SLEEP 1.0
testing H1>-5.0
evaluate ot="H1.bs>-5.0" t="H1>-5.0", ctx="{'H1': None}"
check iteration duration=0.000616788864136
GetData ===>> H2,-0.100697149752303,H1,2113.81299915827,AX,162.633356427789,L1,2.41353369002527,L2,0.3670312402...
set_resource () {'name': 'CO2PumpTimeFlag', 'value': 30}
Set CO2PumpTimeFlag 30 ===>> OK
release ('JanCO2Flag',) {}
release JanCO2Flag
Set JanCO2Flag 0 ===>> OK
executed snippet estimated_duration=6.0, duration=6.04225301743
PumpMicrobone.py completed successfully
gosub finished
get_resource_value () {'name': 'JanMiniboneFlag'}
Read JanMiniboneFlag ===>> 0
Get Resource Value JanMiniboneFlag=0.0
get resource value 0.0
get_resource_value () {'name': 'JanMiniboneFlag'}
Read JanMiniboneFlag ===>> 0
Get Resource Value JanMiniboneFlag=0.0
executed snippet estimated_duration=4.0, duration=6.05537676811
jan_pump_extraction_line.py completed successfully
Post Equilibration Finished
13:14:54 -- ******* Post Equilibration Finished *******
check iteration duration=6.41345977783e-05
GetData ===>> H2,-0.125863105797342,H1,2113.02566580429,AX,162.440953319913,L1,2.45500292906191,L2,0.2986976108...
check iteration duration=7.70092010498e-05
GetData ===>> H2,-0.0968938295119221,H1,2112.88269454203,AX,162.371540448181,L1,2.46690892961312,L2,0.343475405...
check iteration duration=7.00950622559e-05
GetData ===>> H2,-0.0469802331938287,H1,2111.81731771922,AX,162.454231353543,L1,2.48222789243917,L2,0.258133291...
check iteration duration=6.79492950439e-05
GetData ===>> H2,-0.0657631956675112,H1,2110.67528502099,AX,162.12685547352,L1,2.45792205714177,L2,0.2505637641...
testing H1>-5.0
evaluate ot="H1.bs>-5.0" t="H1>-5.0", ctx="{'H1': None}"
check iteration duration=0.000590085983276
GetData ===>> H2,-0.099098258486692,H1,2109.76542132825,AX,162.156413116465,L1,2.44117409323926,L2,0.3167637260...
check iteration duration=8.01086425781e-05
GetData ===>> H2,-0.0359749726765359,H1,2108.91068925068,AX,162.168769237217,L1,2.42843267814666,L2,0.374168784...
check iteration duration=6.50882720947e-05
GetData ===>> H2,-0.041507253946457,H1,2108.75904743519,AX,162.17872281045,L1,2.44608377655155,L2,0.41460587165...
check iteration duration=3.91006469727e-05
GetData ===>> H2,-0.076019243816896,H1,2107.33551287904,AX,161.775671263367,L1,2.44476633490084,L2,0.2067795655...
check iteration duration=3.981590271e-05
GetData ===>> H2,-0.030863776864913,H1,2107.09639928988,AX,161.807857210495,L1,2.4435970491517,L2,0.36498714541...
testing H1>-5.0
evaluate ot="H1.bs>-5.0" t="H1>-5.0", ctx="{'H1': None}"
check iteration duration=0.000720977783203
GetData ===>> H2,-0.112164137844065,H1,2106.16239257919,AX,161.940216905643,L1,2.42512348056685,L2,0.3133739299...
check iteration duration=9.98973846436e-05
GetData ===>> H2,0.0166642488430603,H1,2104.85380209134,AX,161.769872037425,L1,2.42552816983234,L2,0.2161716212...
check iteration duration=5.50746917725e-05
GetData ===>> H2,-0.0361338121173707,H1,2104.15615481785,AX,161.957558984452,L1,2.38616473666929,L2,0.402712855...
check iteration duration=3.71932983398e-05
GetData ===>> H2,-0.0905503260389837,H1,2103.18151812644,AX,161.611849878361,L1,2.39788131393675,L2,0.264982548...
check iteration duration=6.103515625e-05
GetData ===>> H2,0.000364589263186167,H1,2102.49328021321,AX,161.532875288206,L1,2.4426041259416,L2,0.283236269...
testing H1>-5.0
evaluate ot="H1.bs>-5.0" t="H1>-5.0", ctx="{'H1': None}"
check iteration duration=0.00117802619934
GetData ===>> H2,0.0490907363016321,H1,2101.48049807122,AX,161.723378838553,L1,2.4501204917239,L2,0.37301532156...
check iteration duration=4.81605529785e-05
GetData ===>> H2,0.099661827324857,H1,2100.83782718329,AX,161.511120968454,L1,2.43117785668618,L2,0.28313358300...
check iteration duration=8.51154327393e-05
GetData ===>> H2,-0.00269829238749228,H1,2099.32618283982,AX,161.380374731879,L1,2.43205898400393,L2,0.35571503...
check iteration duration=3.91006469727e-05
GetData ===>> H2,-0.0345018689642324,H1,2099.39484827433,AX,161.500340300098,L1,2.4574698053588,L2,0.2927638122...
check iteration duration=8.70227813721e-05
GetData ===>> H2,0.00496156102744896,H1,2099.31508162771,AX,161.547075394525,L1,2.4296041057792,L2,0.3602710482...
testing H1>-5.0
evaluate ot="H1.bs>-5.0" t="H1>-5.0", ctx="{'H1': None}"
check iteration duration=0.000640869140625
13:15:14 -- collecting point 25
GetData ===>> H2,0.0285803150575427,H1,2097.73336436694,AX,161.456414615103,L1,2.3989834689734,L2,0.30657187266...
check iteration duration=4.41074371338e-05
GetData ===>> H2,0.0416495657110247,H1,2096.83489584885,AX,161.350523683964,L1,2.39488415382647,L2,0.4587488571...
check iteration duration=8.10623168945e-05
GetData ===>> H2,-0.0786674008251621,H1,2096.88062251858,AX,161.27334911435,L1,2.40858926415432,L2,0.3058414791...
check iteration duration=3.60012054443e-05
GetData ===>> H2,-0.138026196545235,H1,2095.61438129971,AX,161.045649838,L1,2.40706162104822,L2,0.2966093282970...
check iteration duration=8.70227813721e-05
GetData ===>> H2,-0.14755692374693,H1,2094.68193359824,AX,161.098825818303,L1,2.45620467330848,L2,0.26889539717...
testing H1>-5.0
evaluate ot="H1.bs>-5.0" t="H1>-5.0", ctx="{'H1': None}"
check iteration duration=0.000587940216064
GetData ===>> H2,-0.127238042062159,H1,2094.0882695536,AX,161.120933941706,L1,2.41276749133885,L2,0.24790372527...
check iteration duration=8.79764556885e-05
GetData ===>> H2,-0.126455281659146,H1,2092.76450465866,AX,160.975978958798,L1,2.4070629645308,L2,0.33570085393...
check iteration duration=8.70227813721e-05
GetData ===>> H2,-0.120444208461765,H1,2091.93231614161,AX,160.819678618535,L1,2.44750500952557,L2,0.2765048053...
check iteration duration=5.91278076172e-05
GetData ===>> H2,-0.0874057378730667,H1,2090.88082183608,AX,160.842389462023,L1,2.41244489693959,L2,0.345073776...
check iteration duration=9.29832458496e-05
GetData ===>> H2,-0.0293044330211883,H1,2090.07257006769,AX,160.91040263146,L1,2.34992311538303,L2,0.3766356437...
testing H1>-5.0
evaluate ot="H1.bs>-5.0" t="H1>-5.0", ctx="{'H1': None}"
check iteration duration=0.000598907470703
GetData ===>> H2,-0.0326116726650996,H1,2088.92014686073,AX,160.734475269191,L1,2.42793374876893,L2,0.239421777...
check iteration duration=6.69956207275e-05
GetData ===>> H2,-0.096616214466788,H1,2088.06981004969,AX,160.793581680114,L1,2.40293251211562,L2,0.3212379839...
check iteration duration=6.29425048828e-05
GetData ===>> H2,-0.075513665767032,H1,2087.37264217894,AX,160.501582929611,L1,2.40428767098037,L2,0.2992567762...
check iteration duration=7.60555267334e-05
GetData ===>> H2,-0.00269693209410235,H1,2086.63849584581,AX,160.61340458126,L1,2.43643731071051,L2,0.403066997...
check iteration duration=5.41210174561e-05
GetData ===>> H2,-0.0118956084857935,H1,2085.83238812104,AX,160.394715278172,L1,2.39918350623116,L2,0.455597068...
testing H1>-5.0
evaluate ot="H1.bs>-5.0" t="H1>-5.0", ctx="{'H1': None}"
check iteration duration=0.000570058822632
GetData ===>> H2,-0.0925812284346011,H1,2085.16469908328,AX,160.044329111626,L1,2.37396074622268,L2,0.404495000...
check iteration duration=7.29560852051e-05
GetData ===>> H2,-0.104549269248609,H1,2084.77465255255,AX,160.157166972864,L1,2.37215873101142,L2,0.3419227284...
check iteration duration=8.01086425781e-05
GetData ===>> H2,-0.0449273814687318,H1,2083.93058151958,AX,160.18684939512,L1,2.38561848726172,L2,0.3142071010...
check iteration duration=8.60691070557e-05
GetData ===>> H2,-0.033803945057961,H1,2082.97518413059,AX,160.149024683472,L1,2.39723295883461,L2,0.2893178133...
check iteration duration=7.91549682617e-05
GetData ===>> H2,-0.0900422049864463,H1,2082.0229167814,AX,160.098149125191,L1,2.4065390184655,L2,0.34248214613...
testing H1>-5.0
evaluate ot="H1.bs>-5.0" t="H1>-5.0", ctx="{'H1': None}"
check iteration duration=0.000692129135132
GetData ===>> H2,-0.0708227820651184,H1,2081.97843763587,AX,160.141305715207,L1,2.39175894247596,L2,0.317836615...
check iteration duration=7.60555267334e-05
GetData ===>> H2,-0.048560351146075,H1,2080.38454403061,AX,160.103202195926,L1,2.38056794197505,L2,0.3474942176...
check iteration duration=8.60691070557e-05
GetData ===>> H2,-0.0848462942362334,H1,2079.13336746485,AX,160.013536865696,L1,2.43450793071254,L2,0.275797458...
check iteration duration=8.20159912109e-05
GetData ===>> H2,-0.228073451315838,H1,2079.07563857269,AX,160.00819050705,L1,2.4626448624155,L2,0.339924834798...
check iteration duration=8.01086425781e-05
GetData ===>> H2,-0.0154289738518065,H1,2078.22728009465,AX,159.612086313478,L1,2.43966892051187,L2,0.350919474...
testing H1>-5.0
evaluate ot="H1.bs>-5.0" t="H1>-5.0", ctx="{'H1': None}"
check iteration duration=0.000547885894775
13:15:40 -- collecting point 50
GetData ===>> H2,-0.122767875799583,H1,2077.29454857882,AX,159.868899627626,L1,2.42457898801363,L2,0.3029998447...
check iteration duration=3.91006469727e-05
GetData ===>> H2,-0.190447537366607,H1,2076.48970232764,AX,160.011064418937,L1,2.36384475247479,L2,0.3679676557...
check iteration duration=5.48362731934e-05
GetData ===>> H2,-0.152349701159151,H1,2075.73860205983,AX,159.879420667975,L1,2.41109547708446,L2,0.3590949149...
check iteration duration=8.51154327393e-05
GetData ===>> H2,0.00229506471886178,H1,2075.3818337056,AX,159.772727002033,L1,2.41004992214409,L2,0.2755236482...
check iteration duration=3.69548797607e-05
GetData ===>> H2,0.0461928243869728,H1,2074.06272929528,AX,159.629933739521,L1,2.41714693994326,L2,0.3960529544...
testing H1>-5.0
evaluate ot="H1.bs>-5.0" t="H1>-5.0", ctx="{'H1': None}"
check iteration duration=0.000624179840088
GetData ===>> H2,0.0265097324507515,H1,2072.43313125435,AX,159.641797118758,L1,2.42712824627862,L2,0.4048491485...
check iteration duration=3.50475311279e-05
GetData ===>> H2,-0.0353681041671448,H1,2071.64214406891,AX,159.507607071932,L1,2.37499136559452,L2,0.356069007...
check iteration duration=3.79085540771e-05
GetData ===>> H2,-0.0714655203637043,H1,2071.75392961117,AX,159.424363405273,L1,2.35779586602974,L2,0.191249888...
check iteration duration=3.50475311279e-05
GetData ===>> H2,-0.213971208255243,H1,2070.56489729043,AX,159.329960046288,L1,2.36735923740947,L2,0.3113994575...
check iteration duration=8.10623168945e-05
GetData ===>> H2,-0.126897365412906,H1,2069.20196292351,AX,159.279044492805,L1,2.36076561970287,L2,0.2244803071...
testing H1>-5.0
evaluate ot="H1.bs>-5.0" t="H1>-5.0", ctx="{'H1': None}"
check iteration duration=0.00115489959717
GetData ===>> H2,-0.115848222557658,H1,2068.97104541942,AX,159.332217205621,L1,2.37205273909978,L2,0.3542649264...
check iteration duration=7.91549682617e-05
GetData ===>> H2,0.0313580170036539,H1,2068.16889699656,AX,159.17107193864,L1,2.39080959785766,L2,0.45315336135...
check iteration duration=7.79628753662e-05
GetData ===>> H2,0.108596106661975,H1,2067.72971368067,AX,159.144356848304,L1,2.38888161371903,L2,0.41094984032...
check iteration duration=3.50475311279e-05
GetData ===>> H2,-0.0914540478955336,H1,2066.56616946855,AX,159.03252380788,L1,2.35905818357485,L2,0.2909609231...
check iteration duration=8.20159912109e-05
GetData ===>> H2,-0.15159894863946,H1,2065.94010346345,AX,159.280225466468,L1,2.36817599943072,L2,0.37864572397...
testing H1>-5.0
evaluate ot="H1.bs>-5.0" t="H1>-5.0", ctx="{'H1': None}"
check iteration duration=0.000584125518799
GetData ===>> H2,-0.0998483167821394,H1,2065.13353177492,AX,159.189819189525,L1,2.3701517625236,L2,0.1733613617...
check iteration duration=4.00543212891e-05
GetData ===>> H2,-0.0755475523978881,H1,2064.42270830681,AX,158.747480030636,L1,2.34760346382354,L2,0.325175960...
check iteration duration=8.10623168945e-05
GetData ===>> H2,-0.060356792337431,H1,2063.48799097691,AX,158.758683495062,L1,2.34754450722381,L2,0.3503371720...
check iteration duration=8.89301300049e-05
GetData ===>> H2,-0.0240747274481506,H1,2062.50848437009,AX,158.821200070798,L1,2.35559987829205,L2,0.361298749...
check iteration duration=7.9870223999e-05
GetData ===>> H2,-0.0420608771058505,H1,2061.44112861528,AX,158.835758148377,L1,2.37445054704953,L2,0.291485811...
testing H1>-5.0
evaluate ot="H1.bs>-5.0" t="H1>-5.0", ctx="{'H1': None}"
check iteration duration=0.000670909881592
GetData ===>> H2,0.00521178948652616,H1,2060.96196614384,AX,158.73033926242,L1,2.36659885708574,L2,0.3044720062...
check iteration duration=8.39233398438e-05
GetData ===>> H2,-0.0453075671106292,H1,2060.26982063827,AX,158.580940989451,L1,2.38307414627103,L2,0.321055357...
check iteration duration=4.19616699219e-05
GetData ===>> H2,0.00416739398752284,H1,2058.99332064583,AX,158.22183794589,L1,2.38926288802806,L2,0.3612759115...
check iteration duration=3.81469726562e-05
GetData ===>> H2,0.0616459319928826,H1,2058.487602709,AX,158.185608848164,L1,2.3832995709985,L2,0.3574049621913...
check iteration duration=8.48770141602e-05
GetData ===>> H2,-0.0278956785641585,H1,2057.94572668808,AX,158.316872160823,L1,2.3845032543938,L2,0.2374127044...
testing H1>-5.0
evaluate ot="H1.bs>-5.0" t="H1>-5.0", ctx="{'H1': None}"
check iteration duration=0.000547170639038
13:16:07 -- collecting point 75
GetData ===>> H2,-0.183685694018803,H1,2057.00314935626,AX,158.415646956331,L1,2.38454888149014,L2,0.3393540156...
check iteration duration=3.69548797607e-05
GetData ===>> H2,-0.145064546510016,H1,2056.12148194356,AX,158.565491217972,L1,2.38625466233002,L2,0.2961528791...
check iteration duration=4.50611114502e-05
GetData ===>> H2,-0.111655147538845,H1,2054.96702819543,AX,158.365744796896,L1,2.33803242616922,L2,0.3144696084...
check iteration duration=9.17911529541e-05
GetData ===>> H2,-0.104527616570027,H1,2054.54754038134,AX,158.294213276266,L1,2.36285671079171,L2,0.3489556455...
check iteration duration=7.29560852051e-05
GetData ===>> H2,-0.107769645619591,H1,2054.55345339287,AX,158.259799217186,L1,2.36840802966683,L2,0.2294567334...
testing H1>-5.0
evaluate ot="H1.bs>-5.0" t="H1>-5.0", ctx="{'H1': None}"
check iteration duration=0.000683784484863
GetData ===>> H2,-0.0284173591443048,H1,2052.96869728076,AX,158.111579264117,L1,2.36973994893598,L2,0.313488062...
check iteration duration=8.79764556885e-05
GetData ===>> H2,-0.0482481459054,H1,2052.47830082379,AX,158.156723418381,L1,2.40244098831264,L2,0.286933072039...
check iteration duration=4.50611114502e-05
GetData ===>> H2,-0.0662968223642191,H1,2051.81873869166,AX,158.16103280753,L1,2.4101318965994,L2,0.31310001225...
check iteration duration=3.38554382324e-05
GetData ===>> H2,-0.0902739110034306,H1,2050.63435042438,AX,158.346793246267,L1,2.37126521020431,L2,0.416822408...
check iteration duration=6.38961791992e-05
GetData ===>> H2,-0.141883774859586,H1,2049.93259616284,AX,158.112483418879,L1,2.34114553451258,L2,0.4135547483...
testing H1>-5.0
evaluate ot="H1.bs>-5.0" t="H1>-5.0", ctx="{'H1': None}"
check iteration duration=0.000593185424805
GetData ===>> H2,-0.112729956674348,H1,2049.08100682647,AX,157.953444526858,L1,2.37503699415402,L2,0.2771094768...
check iteration duration=8.48770141602e-05
GetData ===>> H2,-0.03130926449602,H1,2048.90998260108,AX,157.858048767258,L1,2.36410618914498,L2,0.27331037745...
check iteration duration=8.60691070557e-05
GetData ===>> H2,-0.000690236828901746,H1,2048.20350584734,AX,157.703856953156,L1,2.33804179767455,L2,0.3511706...
check iteration duration=4.38690185547e-05
GetData ===>> H2,-0.00849574973526083,H1,2047.82300280431,AX,157.626739865081,L1,2.33044652261408,L2,0.34120348...
check iteration duration=9.41753387451e-05
GetData ===>> H2,-0.084977665952167,H1,2046.59455085566,AX,157.819756049812,L1,2.30726004216469,L2,0.2879257561...
testing H1>-5.0
evaluate ot="H1.bs>-5.0" t="H1>-5.0", ctx="{'H1': None}"
check iteration duration=0.000584840774536
GetData ===>> H2,-0.120805368420624,H1,2045.59753348491,AX,157.591142602238,L1,2.32517722582251,L2,0.4062543296...
check iteration duration=8.29696655273e-05
GetData ===>> H2,-0.0642437514944022,H1,2044.23315600228,AX,157.760398733841,L1,2.32550514600207,L2,0.264024324...
check iteration duration=4.29153442383e-05
GetData ===>> H2,-0.0173895193932571,H1,2044.08884800436,AX,157.652602765593,L1,2.3254663304609,L2,0.4356878973...
check iteration duration=7.29560852051e-05
GetData ===>> H2,-0.0441896331700994,H1,2043.01213634795,AX,157.605792019745,L1,2.35035600917954,L2,0.296757674...
check iteration duration=7.5101852417e-05
GetData ===>> H2,-0.0552435623858124,H1,2041.97614676756,AX,157.725047493385,L1,2.38583188375425,L2,0.347893824...
testing H1>-5.0
evaluate ot="H1.bs>-5.0" t="H1>-5.0", ctx="{'H1': None}"
check iteration duration=0.000596046447754
GetData ===>> H2,-0.0551621661521849,H1,2041.8340617997,AX,157.648194048184,L1,2.37343473728694,L2,0.3290341927...
check iteration duration=0.000107049942017
GetData ===>> H2,-0.0472191654402011,H1,2040.74270655606,AX,157.271327409357,L1,2.36594043873522,L2,0.296403925...
check iteration duration=7.20024108887e-05
GetData ===>> H2,-0.0910110028293015,H1,2040.25894410123,AX,157.262477966772,L1,2.36054849020973,L2,0.407590984...
check iteration duration=8.60691070557e-05
GetData ===>> H2,-0.0568211777658984,H1,2038.89103203155,AX,157.161504141087,L1,2.34642840991861,L2,0.333885740...
check iteration duration=3.60012054443e-05
GetData ===>> H2,-0.0701827196606094,H1,2037.72988624695,AX,156.986691221841,L1,2.33676734467857,L2,0.274839126...
testing H1>-5.0
evaluate ot="H1.bs>-5.0" t="H1>-5.0", ctx="{'H1': None}"
check iteration duration=0.00112295150757
13:16:33 -- collecting point 100
GetData ===>> H2,-0.0219709632946463,H1,2037.11234509923,AX,157.043531813296,L1,2.33455282500542,L2,0.338863113...
check iteration duration=3.69548797607e-05
GetData ===>> H2,-0.00739713816427139,H1,2036.13268142726,AX,157.02570030997,L1,2.35326875888209,L2,0.320473236...
check iteration duration=3.69548797607e-05
GetData ===>> H2,0.0505011283091316,H1,2035.18714891997,AX,157.002201494287,L1,2.36485969701715,L2,0.4035696519...
check iteration duration=4.91142272949e-05
GetData ===>> H2,0.0214988692602889,H1,2035.37121916629,AX,156.862197506465,L1,2.37548747936706,L2,0.2259869043...
check iteration duration=8.79764556885e-05
GetData ===>> H2,-0.0573827181012613,H1,2034.40876793315,AX,156.729222396969,L1,2.34313034005751,L2,0.304688838...
testing H1>-5.0
evaluate ot="H1.bs>-5.0" t="H1>-5.0", ctx="{'H1': None}"
check iteration duration=0.000667095184326
GetData ===>> H2,-0.10694975406375,H1,2033.92397168509,AX,156.876398157189,L1,2.33975557572873,L2,0.33263002258...
check iteration duration=7.29560852051e-05
GetData ===>> H2,-0.105361214905707,H1,2032.54393504073,AX,156.774415099979,L1,2.3109560841419,L2,0.30165323616...
check iteration duration=8.60691070557e-05
GetData ===>> H2,-0.121427564622822,H1,2031.4800921586,AX,156.639023994341,L1,2.29532377114333,L2,0.34901273298...
check iteration duration=7.89165496826e-05
GetData ===>> H2,-0.00983487942808485,H1,2031.17883641171,AX,156.647127777161,L1,2.3061178996913,L2,0.461752288...
check iteration duration=8.39233398438e-05
GetData ===>> H2,-0.057001579009385,H1,2030.18090539132,AX,156.575839875651,L1,2.31854324856341,L2,0.3957673772...
testing H1>-5.0
evaluate ot="H1.bs>-5.0" t="H1>-5.0", ctx="{'H1': None}"
check iteration duration=0.000595092773438
GetData ===>> H2,-0.176919809577843,H1,2029.17118820487,AX,156.392656316363,L1,2.33612883381254,L2,0.3665516163...
check iteration duration=7.82012939453e-05
GetData ===>> H2,-0.105859179532339,H1,2028.49582968882,AX,156.468972710406,L1,2.34432648184881,L2,0.3323332188...
check iteration duration=5.98430633545e-05
GetData ===>> H2,-0.0485847842385829,H1,2028.58095065537,AX,156.458298357584,L1,2.33510205291989,L2,0.276710165...
check iteration duration=4.60147857666e-05
GetData ===>> H2,0.0535691611220273,H1,2027.76371262038,AX,156.349563956922,L1,2.31225125755655,L2,0.3602025352...
check iteration duration=9.10758972168e-05
GetData ===>> H2,-0.0167890277358674,H1,2026.22019103526,AX,156.312985591434,L1,2.34405321987639,L2,0.300603351...
testing H1>-5.0
evaluate ot="H1.bs>-5.0" t="H1>-5.0", ctx="{'H1': None}"
check iteration duration=0.000555038452148
GetData ===>> H2,-0.0776659441325077,H1,2026.23266521757,AX,156.194959585232,L1,2.32759736826582,L2,0.275478013...
check iteration duration=9.89437103271e-05
GetData ===>> H2,0.0119632280525792,H1,2025.08083632565,AX,156.135087414573,L1,2.33521458097652,L2,0.3029541966...
check iteration duration=3.88622283936e-05
GetData ===>> H2,0.0154595469537212,H1,2023.93352239708,AX,156.205706963242,L1,2.34839270807395,L2,0.2793228354...
check iteration duration=4.29153442383e-05
GetData ===>> H2,0.0243973353146794,H1,2023.64973947009,AX,156.218316107863,L1,2.35813488220092,L2,0.4726933398...
check iteration duration=8.89301300049e-05
GetData ===>> H2,-0.0751097293537915,H1,2022.24618436941,AX,156.091815730095,L1,2.34520659128634,L2,0.314617982...
testing H1>-5.0
evaluate ot="H1.bs>-5.0" t="H1>-5.0", ctx="{'H1': None}"
check iteration duration=0.00237894058228
GetData ===>> H2,-0.060183224312366,H1,2021.26935597273,AX,155.874471598162,L1,2.37899178763399,L2,0.2823120916...
check iteration duration=4.50611114502e-05
waiting for write to finish
measurement finished
estimated time: 125.829 actual time: :126.432
flush and close file /Users/jan/PychronDev/data/isotopes/f1/f1b8af-1ffc-4a15-af20-7a1467608dbc.h5
baselines () {'settling_time': 15.0, 'detector': 'H1', 'mass': 34.2, 'ncounts': 60}
%%%%%%%%%%%%%%%%%%%%%%%%%%%%%%%% Baseline
build tables- baseline [Detector(H2), Detector(H1), Detector(AX), Detector(L1), Detector(L2), Detector(CDD)]
add group baseline table H2
add group baseline table H1
add group baseline table AX
add group baseline table L1
add group baseline table L2
add group baseline table CDD
flush and close file /Users/jan/PychronDev/data/isotopes/f1/f1b8af-1ffc-4a15-af20-7a1467608dbc.h5
detector Detector(H1)
POSITION 34.2 H1
Mapping mass to dac mass func: "parabolic"
H1 map mass coeffs = [-0.00063987  0.15840543  0.57254999]
H1 map mass to dac 34.2 >> 5.24159599104
GetDeflection H1 ===>> 0
GetHighVoltage ===>> 4499.94659342336
positioning 34.2 (5.24156512378) on H1
setting magnet DAC
current  : 5.880905
requested: 5.241565
Delta Dac: 0.639340
Checking detector protection. dv=0.63934
Checking detector "CDD". Protection Threshold: 0.1 (V)
ProtectDetector CDD,On ===>> OK
GetDeflection CDD ===>> 2000
Protected = 2000
SetMagnetDAC 5.24156512378 ===>> OK
Magnet settling time: 0.500
GetMagnetMoving ===>> True
GetMagnetMoving ===>> True
GetMagnetMoving ===>> True
GetMagnetMoving ===>> True
GetMagnetMoving ===>> True
GetMagnetMoving ===>> True
GetMagnetMoving ===>> True
GetMagnetMoving ===>> True
GetMagnetMoving ===>> False
ProtectDetector CDD,Off ===>> OK
GetDeflection CDD ===>> 50
Delaying 15.0s for detectors to settle
Join finished
measuring baseline. ncounts=60
"baseline" increment series count="2" fit count="1" regressing="True"
starting measurement
check iteration duration=5.88893890381e-05
GetData ===>> H2,-0.0399819372529891,H1,-0.100486223952445,AX,-0.12536964670807,L1,0.00533742865912717,L2,0.005...
check iteration duration=9.48905944824e-05
GetData ===>> H2,-0.236783174761905,H1,-0.043830531583766,AX,-0.0738105671711242,L1,-0.00520374617802157,L2,0.0...
check iteration duration=3.60012054443e-05
GetData ===>> H2,-0.23555625301499,H1,-0.0958982232422965,AX,-0.0806727805686372,L1,-0.0994646573183774,L2,-0.0...
check iteration duration=8.20159912109e-05
GetData ===>> H2,-0.125299293217876,H1,-0.111472736717366,AX,-0.145736519288192,L1,-0.0695654708463461,L2,0.002...
testing H1>-5.0
evaluate ot="H1.bs>-5.0" t="H1>-5.0", ctx="{'H1': None}"
check iteration duration=0.000579118728638
GetData ===>> H2,-0.207361164521525,H1,-0.00929452080418154,AX,-0.193922666187599,L1,-0.0434203602348587,L2,-0....
check iteration duration=8.20159912109e-05
GetData ===>> H2,-0.187006433774253,H1,-0.0649088134490714,AX,-0.118869771139256,L1,-0.0516833868221354,L2,-0.0...
check iteration duration=8.20159912109e-05
GetData ===>> H2,-0.212244644882498,H1,-0.0877108005783665,AX,-0.0765114622934517,L1,-0.0524693607597559,L2,-0....
check iteration duration=8.08238983154e-05
GetData ===>> H2,-0.22852713635397,H1,-0.0571003523050838,AX,-0.0369990514913894,L1,-0.0586359617883631,L2,-0.0...
check iteration duration=7.00950622559e-05
GetData ===>> H2,-0.285469236130418,H1,-0.0336116897170278,AX,-0.134187771852074,L1,-0.0591888227796868,L2,0.05...
testing H1>-5.0
evaluate ot="H1.bs>-5.0" t="H1>-5.0", ctx="{'H1': None}"
check iteration duration=0.000591039657593
GetData ===>> H2,-0.182760245301921,H1,-0.0370101368256879,AX,-0.0868390865154312,L1,-0.0439519644906531,L2,-0....
check iteration duration=3.88622283936e-05
GetData ===>> H2,-0.17647706593484,H1,-0.00848344916637418,AX,-0.074042406603715,L1,-0.0503290225974817,L2,-0.1...
check iteration duration=4.38690185547e-05
GetData ===>> H2,-0.273975554868146,H1,-0.0289609961368729,AX,-0.0358857934786823,L1,-0.0504881578970874,L2,0.0...
check iteration duration=8.01086425781e-05
GetData ===>> H2,-0.320155730064709,H1,0.100665401764455,AX,-0.0549137961562925,L1,-0.0421103864748816,L2,0.041...
check iteration duration=5.69820404053e-05
GetData ===>> H2,-0.321016256722811,H1,0.00630783340545023,AX,-0.15131328487613,L1,-0.0335639397883298,L2,0.040...
testing H1>-5.0
evaluate ot="H1.bs>-5.0" t="H1>-5.0", ctx="{'H1': None}"
check iteration duration=0.000858068466187
GetData ===>> H2,-0.219820474757993,H1,-0.0131112402793175,AX,-0.0677825480267973,L1,-0.0130217099657531,L2,0.0...
check iteration duration=6.79492950439e-05
GetData ===>> H2,-0.104025533512658,H1,-0.038369483357825,AX,-0.0973394525150568,L1,-0.00601820085768775,L2,0.0...
check iteration duration=8.98838043213e-05
GetData ===>> H2,-0.1618801457069,H1,0.0457778535321253,AX,0.0254674488189697,L1,0.025473556662011,L2,-0.044349...
check iteration duration=7.10487365723e-05
GetData ===>> H2,-0.139764566961177,H1,0.0281051014009438,AX,-0.122310935834228,L1,0.00536501996014212,L2,0.056...
check iteration duration=5.41210174561e-05
GetData ===>> H2,-0.155346812365507,H1,-0.000360442767699376,AX,-0.0167032856531969,L1,-0.00784718513759945,L2,...
testing H1>-5.0
evaluate ot="H1.bs>-5.0" t="H1>-5.0", ctx="{'H1': None}"
check iteration duration=0.00123190879822
GetData ===>> H2,-0.17924258022972,H1,0.0268164609565027,AX,-0.192589956961807,L1,0.0359046708791725,L2,-0.0580...
check iteration duration=9.20295715332e-05
GetData ===>> H2,-0.232648508282743,H1,0.0597177816086926,AX,-0.0454292482953653,L1,-0.0198234942635796,L2,0.00...
check iteration duration=7.41481781006e-05
GetData ===>> H2,-0.17618009403652,H1,0.0940091175700932,AX,-0.148855373545641,L1,-0.0708815194040608,L2,0.0791...
check iteration duration=8.10623168945e-05
GetData ===>> H2,-0.134037481672068,H1,0.00190600556264648,AX,-0.0251700339195621,L1,-0.0397378695417376,L2,-0....
check iteration duration=7.70092010498e-05
GetData ===>> H2,-0.258533597646949,H1,-0.0165580899878169,AX,-0.169734048656955,L1,0.00319533599305666,L2,-0.0...
testing H1>-5.0
evaluate ot="H1.bs>-5.0" t="H1>-5.0", ctx="{'H1': None}"
check iteration duration=0.000692844390869
13:17:39 -- collecting point 25
GetData ===>> H2,-0.237245926420329,H1,-0.0405873249051723,AX,-0.0301221603493217,L1,-0.0137024966420323,L2,-0....
check iteration duration=8.70227813721e-05
GetData ===>> H2,-0.0582290454036873,H1,0.0608755512761629,AX,-0.0300177855767507,L1,0.018813372661453,L2,5.698...
check iteration duration=3.81469726562e-05
GetData ===>> H2,-0.134414779499402,H1,0.0650173729902949,AX,-0.00715701354190975,L1,0.0159920886721511,L2,0.00...
check iteration duration=4.19616699219e-05
GetData ===>> H2,-0.0950153944551682,H1,0.114826388357403,AX,-0.0324299739439799,L1,0.0329515780922077,L2,-0.06...
check iteration duration=5.57899475098e-05
GetData ===>> H2,-0.235745950284434,H1,0.031302910451392,AX,-0.0985331309954149,L1,0.00252785737528771,L2,0.075...
testing H1>-5.0
evaluate ot="H1.bs>-5.0" t="H1>-5.0", ctx="{'H1': None}"
check iteration duration=0.000608921051025
GetData ===>> H2,-0.248550520269949,H1,0.0178083729657221,AX,-0.159892299923893,L1,-0.0021996500156941,L2,0.011...
check iteration duration=7.91549682617e-05
GetData ===>> H2,-0.176652545668897,H1,0.0985181649768353,AX,-0.103087517256662,L1,-0.00742744763392465,L2,-0.0...
check iteration duration=8.60691070557e-05
GetData ===>> H2,-0.0946645924390587,H1,-0.00552536749986992,AX,-0.0314674251775238,L1,-0.0234053911979964,L2,-...
check iteration duration=8.08238983154e-05
GetData ===>> H2,-0.18241217066868,H1,0.0403122127877743,AX,-0.0228156559333405,L1,-0.0455873093432588,L2,0.002...
check iteration duration=8.29696655273e-05
GetData ===>> H2,-0.173906651166387,H1,-0.00237634579274266,AX,-0.100746612525353,L1,-0.07495156829251,L2,0.000...
testing H1>-5.0
evaluate ot="H1.bs>-5.0" t="H1>-5.0", ctx="{'H1': None}"
check iteration duration=0.00108790397644
GetData ===>> H2,-0.19513961349173,H1,0.0221870376752033,AX,-0.209786297597381,L1,-0.0684632519750017,L2,0.0772...
check iteration duration=4.6968460083e-05
GetData ===>> H2,-0.168940068292234,H1,0.117510878625082,AX,0.0056269459173433,L1,-0.0811147142393231,L2,0.1274...
check iteration duration=6.19888305664e-05
GetData ===>> H2,-0.214249965607129,H1,0.108204953315982,AX,-0.0805105040821068,L1,-0.103182672260754,L2,-0.008...
check iteration duration=5.88893890381e-05
GetData ===>> H2,-0.171899067539082,H1,-0.0293187494693868,AX,0.0270571845502066,L1,-0.0566624066560383,L2,0.00...
check iteration duration=7.9870223999e-05
GetData ===>> H2,-0.181854959153538,H1,0.0445725228330975,AX,-0.0483628318864053,L1,-0.0648425316899119,L2,-0.0...
testing H1>-5.0
evaluate ot="H1.bs>-5.0" t="H1>-5.0", ctx="{'H1': None}"
check iteration duration=0.00150394439697
GetData ===>> H2,-0.194088412485041,H1,0.0615678323181214,AX,-0.0355610908262099,L1,-0.0193702718337175,L2,0.00...
check iteration duration=4.6968460083e-05
GetData ===>> H2,-0.231073896358712,H1,0.0160187831228289,AX,-0.111245477704133,L1,-0.00598821474028848,L2,-0.0...
check iteration duration=4.88758087158e-05
GetData ===>> H2,-0.303914024938368,H1,0.0281408972056642,AX,-0.0655335375410604,L1,-0.0172885436208198,L2,-0.0...
check iteration duration=8.60691070557e-05
GetData ===>> H2,-0.252191164771548,H1,0.0815685395959111,AX,-0.0842312040570362,L1,-0.0280918176285405,L2,0.03...
check iteration duration=4.31537628174e-05
GetData ===>> H2,-0.244973287532915,H1,0.0356940982615185,AX,-0.043353655499266,L1,0.0128690593518293,L2,-0.003...
testing H1>-5.0
evaluate ot="H1.bs>-5.0" t="H1>-5.0", ctx="{'H1': None}"
check iteration duration=0.000590085983276
GetData ===>> H2,-0.158960398917473,H1,0.0522940509453786,AX,-0.144101689561428,L1,0.0138955539056042,L2,0.0597...
check iteration duration=4.10079956055e-05
GetData ===>> H2,-0.173795937426198,H1,0.0499548543628549,AX,-0.0878358586796351,L1,0.00534582600360882,L2,-0.0...
check iteration duration=6.29425048828e-05
GetData ===>> H2,-0.184936143758831,H1,0.0739594367819009,AX,-0.0417302559801688,L1,-0.0158912897656276,L2,0.08...
check iteration duration=8.29696655273e-05
GetData ===>> H2,-0.132848708629594,H1,0.0334865477065406,AX,-0.179250269634404,L1,-0.0223050646117798,L2,-0.01...
check iteration duration=8.29696655273e-05
GetData ===>> H2,-0.194122106339838,H1,0.0304318553268292,AX,-0.0818550725157102,L1,0.00256507174531454,L2,-0.1...
testing H1>-5.0
evaluate ot="H1.bs>-5.0" t="H1>-5.0", ctx="{'H1': None}"
check iteration duration=0.000571012496948
13:18:05 -- collecting point 50
GetData ===>> H2,-0.179069839718402,H1,0.0317802041446715,AX,0.0416561176089332,L1,-0.000765669914404358,L2,0.0...
check iteration duration=8.29696655273e-05
GetData ===>> H2,-0.160127307487384,H1,0.104625981496853,AX,-0.0571862400302141,L1,-0.00976816029164136,L2,0.05...
check iteration duration=3.60012054443e-05
GetData ===>> H2,-0.198681553568513,H1,-0.0219010687663389,AX,-0.140240599638332,L1,-0.0425402778589514,L2,0.01...
check iteration duration=6.89029693604e-05
GetData ===>> H2,-0.202072503347589,H1,-0.010201004857424,AX,-0.0301685491012302,L1,-0.0208833315656092,L2,0.03...
check iteration duration=7.08103179932e-05
GetData ===>> H2,-0.234182534459782,H1,-0.0866858358545162,AX,-0.0319197083136414,L1,0.00647713226490099,L2,0.0...
testing H1>-5.0
evaluate ot="H1.bs>-5.0" t="H1>-5.0", ctx="{'H1': None}"
check iteration duration=0.00117588043213
GetData ===>> H2,-0.206368044431894,H1,0.0571516388276684,AX,0.117036277888074,L1,0.023186782337732,L2,-0.02838...
check iteration duration=9.82284545898e-05
GetData ===>> H2,-0.124273001314237,H1,-0.00466655322266514,AX,-0.0600383138764939,L1,0.0128318433849352,L2,-0....
check iteration duration=7.91549682617e-05
GetData ===>> H2,-0.170205799596294,H1,0.100880127975311,AX,-0.124616563940176,L1,-0.00929094850414678,L2,-0.01...
check iteration duration=3.2901763916e-05
GetData ===>> H2,-0.208228894131104,H1,0.0741144754261792,AX,-0.0480729560223163,L1,0.0059864440629622,L2,-0.06...
check iteration duration=3.60012054443e-05
GetData ===>> H2,-0.188168867120824,H1,-0.0151865204125688,AX,-0.0646988400111473,L1,-0.0237529639047959,L2,0.0...
testing H1>-5.0
evaluate ot="H1.bs>-5.0" t="H1>-5.0", ctx="{'H1': None}"
check iteration duration=0.000568866729736
GetData ===>> H2,-0.116152694821472,H1,-0.0695935976853466,AX,-0.0405242845211621,L1,-0.0271896915045317,L2,0.0...
check iteration duration=2.09808349609e-05
waiting for write to finish
measurement finished
estimated time: 62.915 actual time: :63.263
flush and close file /Users/jan/PychronDev/data/isotopes/f1/f1b8af-1ffc-4a15-af20-7a1467608dbc.h5
activate_detectors ('H1', 'AX', 'CDD') {'peak_center': True}
peak_center () {'detector': 'H1', 'integration_time': 0.262144, 'isotope': 'Ar40'}
peak center: mean=2025.34729878 threshold=3
peak center started
setup peak center. detector=['H1', 'AX', 'CDD'], isotope=Ar40
VersionedUnpickler [<apptools.sweet_pickle.versioned_unpickler.VersionedUnpickler object at 0x221a5b6b0>] using Updater [<apptools.sweet_pickle.updater.Updater object at 0x12e273d10>]
VersionedUnpickler [<apptools.sweet_pickle.versioned_unpickler.VersionedUnpickler object at 0x221a5b6b0>] using Updater [<apptools.sweet_pickle.updater.Updater object at 0x12e273d10>]
VersionedUnpickler [<apptools.sweet_pickle.versioned_unpickler.VersionedUnpickler object at 0x2533633b0>] using Updater [<apptools.sweet_pickle.updater.Updater object at 0x12e273d10>]
setting integration time = 0.524288
SetIntegrationTime 0.524288 ===>> OK
Mapping mass to dac mass func: "parabolic"
H1 map mass coeffs = [-0.00063987  0.15840543  0.57254999]
H1 map mass to dac 39.9624 >> 5.88094
GetDeflection H1 ===>> 0
GetHighVoltage ===>> 4499.94659342336
do peak center. <pychron.spectrometer.jobs.peak_center.PeakCenter object at 0x16275af50>
doing pc
starting peak center. center dac= 5.8809053677 step_width=0.001
width = 0.001
get scan parameters. half-width=0.015,window=0.015, i=0, scalar=1
Scan parameters center=5.88091 width=0.03000 (5.86591 - 5.89591)
GetData ===>> H2,-0.191371009750702,H1,0.0322455676864176,AX,-0.109750675346469,L1,-0.00964346391768994,L2,-0.0...
Moving to starting dac 5.8659053677
setting magnet DAC
current  : 5.241565
requested: 5.865905
Delta Dac: 0.624340
Checking detector protection. dv=0.62434
Checking detector "CDD". Protection Threshold: 0.1 (V)
ProtectDetector CDD,On ===>> OK
GetDeflection CDD ===>> 2000
Protected = 2000
SetMagnetDAC 5.8659053677 ===>> OK
Magnet settling time: 0.500
GetMagnetMoving ===>> True
GetMagnetMoving ===>> True
GetMagnetMoving ===>> True
GetMagnetMoving ===>> True
GetMagnetMoving ===>> True
GetMagnetMoving ===>> True
GetMagnetMoving ===>> True
GetMagnetMoving ===>> True
GetMagnetMoving ===>> False
ProtectDetector CDD,Off ===>> OK
GetDeflection CDD ===>> 50
Wait until signal near baseline. tol= 0.0241841757648. timeout= 10
GetData ===>> H2,3.25162972598034,H1,0.979596369146463,AX,-0.0289160450391449,L1,0.0295284187464043,L2,0.128848...
GetData ===>> H2,88.8119576494215,H1,29.6800730336235,AX,1.47946535749215,L1,0.0747697174820764,L2,0.0093376200...
GetData ===>> H2,111.723735236527,H1,58.9621748994526,AX,3.85746977067101,L1,0.0575739875814942,L2,-0.082473077...
GetData ===>> H2,61.7035902250037,H1,28.6480622886284,AX,1.7583688525441,L1,0.0407502405240299,L2,-0.0518641306...
GetData ===>> H2,25.9736295117521,H1,14.7711799497448,AX,0.908842079029775,L1,0.0168743838212629,L2,-0.01694203...
GetData ===>> H2,8.98275588790591,H1,8.3495050702288,AX,0.420298569272016,L1,0.0137193527773413,L2,-0.005875400...
GetData ===>> H2,2.69798074912345,H1,5.13704895612397,AX,0.234164571721231,L1,-0.00349305688400489,L2,-0.158857...
GetData ===>> H2,0.844743387265764,H1,3.57349956585058,AX,0.101915471339121,L1,0.00886037819534843,L2,-0.008311...
GetData ===>> H2,0.477848372315324,H1,2.88799487517164,AX,0.0921564278453908,L1,0.00455083786812274,L2,0.074863...
GetData ===>> H2,0.486432349465312,H1,2.58797733167764,AX,0.0413195515750425,L1,-0.00588746073159778,L2,-0.0817...
GetData ===>> H2,0.474584177352844,H1,2.39773519914295,AX,0.128137602440107,L1,-0.0155049206522142,L2,0.0134373...
GetData ===>> H2,0.413099442051673,H1,2.20698980710707,AX,0.136184180976521,L1,0.0130572815446479,L2,0.10757449...
GetData ===>> H2,0.279307591120757,H1,2.18654615424472,AX,0.0494903109089179,L1,0.00330938802355644,L2,-0.13823...
GetData ===>> H2,0.31864533229652,H1,2.21769544261183,AX,0.14740876101708,L1,-0.00791194307975317,L2,-0.0456045...
GetData ===>> H2,0.371392021576051,H1,2.18541319521453,AX,0.153439028148635,L1,-0.0217653557610655,L2,-0.020175...
GetData ===>> H2,0.250683117331542,H1,2.14849049598007,AX,0.114040300817781,L1,-0.0285149759980248,L2,-0.043578...
GetData ===>> H2,0.154542615980425,H1,2.12278270983222,AX,0.119906199842785,L1,-0.00931732763592237,L2,0.018471...
GetData ===>> H2,0.169679640289979,H1,2.24743122184508,AX,0.101428655021744,L1,-0.0188788040544264,L2,-0.053776...
GetData ===>> H2,0.200896056398851,H1,2.09510655851883,AX,-0.0196377352308783,L1,-0.00936768760460593,L2,0.0469...
GetData ===>> H2,0.138264177781552,H1,2.03893449408075,AX,-0.0985910761799859,L1,-0.0339635630664608,L2,0.09462...
GetData ===>> H2,0.0373047540436256,H1,2.06828068628371,AX,-0.0944421137357189,L1,-0.0205701124161892,L2,0.0312...
Peak center failed to move to a baseline position
_do_sweep sm= 5.8659053677, em= 5.8959053677, stm= 0.001
calculated step values: start=5.8659053677, end=5.8959053677, width=0.001, nsteps=31.0
setting magnet DAC
current  : 5.865905
requested: 5.865905
Delta Dac: 0.000000
Checking detector protection. dv=0.00000
Checking detector "CDD". Protection Threshold: 0.1 (V)
SetMagnetDAC 5.8659053677 ===>> OK
GetData ===>> H2,0.0373047540436256,H1,2.06828068628371,AX,-0.0944421137357189,L1,-0.0205701124161892,L2,0.0312...
setting magnet DAC
current  : 5.865905
requested: 5.866940
Delta Dac: 0.001034
Checking detector protection. dv=0.00103
Checking detector "CDD". Protection Threshold: 0.1 (V)
SetMagnetDAC 5.86693985045 ===>> OK
Magnet settling time: 1.049
GetData ===>> H2,0.116193250381718,H1,3.93910118334506,AX,0.288916854670602,L1,-0.030161588530976,L2,0.00507864...
setting magnet DAC
current  : 5.866940
requested: 5.867974
Delta Dac: 0.001034
Checking detector protection. dv=0.00103
Checking detector "CDD". Protection Threshold: 0.1 (V)
SetMagnetDAC 5.86797433321 ===>> OK
Magnet settling time: 1.049
GetData ===>> H2,0.0293118028808901,H1,11.7492841767923,AX,0.714672470744214,L1,-0.0251706611787875,L2,0.002254...
setting magnet DAC
current  : 5.867974
requested: 5.869009
Delta Dac: 0.001034
Checking detector protection. dv=0.00103
Checking detector "CDD". Protection Threshold: 0.1 (V)
SetMagnetDAC 5.86900881597 ===>> OK
Magnet settling time: 1.049
GetData ===>> H2,-0.0215234458405576,H1,40.926207952308,AX,2.09872769930831,L1,0.0445273102639135,L2,0.06442534...
setting magnet DAC
current  : 5.869009
requested: 5.870043
Delta Dac: 0.001034
Checking detector protection. dv=0.00103
Checking detector "CDD". Protection Threshold: 0.1 (V)
SetMagnetDAC 5.87004329873 ===>> OK
Magnet settling time: 1.049
GetData ===>> H2,-0.00206435500004136,H1,136.911899151488,AX,7.0351713191753,L1,0.00377041149755606,L2,-0.09102...
setting magnet DAC
current  : 5.870043
requested: 5.871078
Delta Dac: 0.001034
Checking detector protection. dv=0.00103
Checking detector "CDD". Protection Threshold: 0.1 (V)
SetMagnetDAC 5.87107778149 ===>> OK
Magnet settling time: 1.049
GetData ===>> H2,-0.0316773219330514,H1,386.597345685691,AX,20.4298455363894,L1,0.11080199512171,L2,-0.02684627...
setting magnet DAC
current  : 5.871078
requested: 5.872112
Delta Dac: 0.001034
Checking detector protection. dv=0.00103
Checking detector "CDD". Protection Threshold: 0.1 (V)
SetMagnetDAC 5.87211226425 ===>> OK
Magnet settling time: 1.049
GetData ===>> H2,0.0410296308540848,H1,804.954995567877,AX,47.2374218288377,L1,0.306506945085728,L2,-0.03961780...
setting magnet DAC
current  : 5.872112
requested: 5.873147
Delta Dac: 0.001034
Checking detector protection. dv=0.00103
Checking detector "CDD". Protection Threshold: 0.1 (V)
SetMagnetDAC 5.87314674701 ===>> OK
Magnet settling time: 1.049
GetData ===>> H2,-0.164653343527276,H1,1492.06627020266,AX,99.5738282724817,L1,0.902298399266571,L2,0.059936039...
setting magnet DAC
current  : 5.873147
requested: 5.874181
Delta Dac: 0.001034
Checking detector protection. dv=0.00103
Checking detector "CDD". Protection Threshold: 0.1 (V)
SetMagnetDAC 5.87418122976 ===>> OK
Magnet settling time: 1.049
GetData ===>> H2,-0.153113242487579,H1,1766.78215253099,AX,127.371112994068,L1,1.34883533206648,L2,0.2489882815...
setting magnet DAC
current  : 5.874181
requested: 5.875216
Delta Dac: 0.001034
Checking detector protection. dv=0.00103
Checking detector "CDD". Protection Threshold: 0.1 (V)
SetMagnetDAC 5.87521571252 ===>> OK
Magnet settling time: 1.049
GetData ===>> H2,-0.0379582704969638,H1,1883.40026521756,AX,141.973421057369,L1,1.68743312418038,L2,0.328880544...
setting magnet DAC
current  : 5.875216
requested: 5.876250
Delta Dac: 0.001034
Checking detector protection. dv=0.00103
Checking detector "CDD". Protection Threshold: 0.1 (V)
SetMagnetDAC 5.87625019528 ===>> OK
Magnet settling time: 1.049
GetData ===>> H2,-0.122385139103769,H1,1919.54489249766,AX,147.1308433777,L1,1.93643999975626,L2,0.247960806882...
setting magnet DAC
current  : 5.876250
requested: 5.877285
Delta Dac: 0.001034
Checking detector protection. dv=0.00103
Checking detector "CDD". Protection Threshold: 0.1 (V)
SetMagnetDAC 5.87728467804 ===>> OK
Magnet settling time: 1.049
GetData ===>> H2,-0.142005731850071,H1,1930.09865900369,AX,148.710186420919,L1,2.05406633259028,L2,0.2712835933...
setting magnet DAC
current  : 5.877285
requested: 5.878319
Delta Dac: 0.001034
Checking detector protection. dv=0.00103
Checking detector "CDD". Protection Threshold: 0.1 (V)
SetMagnetDAC 5.8783191608 ===>> OK
Magnet settling time: 1.049
GetData ===>> H2,-0.0386586545935573,H1,1932.02691481141,AX,149.007285777289,L1,2.12021757352524,L2,0.328447184...
setting magnet DAC
current  : 5.878319
requested: 5.879354
Delta Dac: 0.001034
Checking detector protection. dv=0.00103
Checking detector "CDD". Protection Threshold: 0.1 (V)
SetMagnetDAC 5.87935364356 ===>> OK
Magnet settling time: 1.049
GetData ===>> H2,-0.0859202473570569,H1,1931.97989648057,AX,148.936838735538,L1,2.19210958648407,L2,0.345577820...
setting magnet DAC
current  : 5.879354
requested: 5.880388
Delta Dac: 0.001034
Checking detector protection. dv=0.00103
Checking detector "CDD". Protection Threshold: 0.1 (V)
SetMagnetDAC 5.88038812632 ===>> OK
Magnet settling time: 1.049
GetData ===>> H2,-0.149998282193202,H1,1931.59364102148,AX,148.841780048328,L1,2.23488357465481,L2,0.2630550276...
setting magnet DAC
current  : 5.880388
requested: 5.881423
Delta Dac: 0.001034
Checking detector protection. dv=0.00103
Checking detector "CDD". Protection Threshold: 0.1 (V)
SetMagnetDAC 5.88142260908 ===>> OK
Magnet settling time: 1.049
GetData ===>> H2,-0.113921062072204,H1,1931.11593168671,AX,149.047618553056,L1,2.24688139045709,L2,0.1303992024...
setting magnet DAC
current  : 5.881423
requested: 5.882457
Delta Dac: 0.001034
Checking detector protection. dv=0.00103
Checking detector "CDD". Protection Threshold: 0.1 (V)
SetMagnetDAC 5.88245709183 ===>> OK
Magnet settling time: 1.049
GetData ===>> H2,-0.0594821811660459,H1,1930.74493576974,AX,148.94711131636,L1,2.24684404396661,L2,0.2507235971...
setting magnet DAC
current  : 5.882457
requested: 5.883492
Delta Dac: 0.001034
Checking detector protection. dv=0.00103
Checking detector "CDD". Protection Threshold: 0.1 (V)
SetMagnetDAC 5.88349157459 ===>> OK
Magnet settling time: 1.049
GetData ===>> H2,-0.0266973530785592,H1,1929.20761547849,AX,148.719965495358,L1,2.24230470594006,L2,0.327078690...
setting magnet DAC
current  : 5.883492
requested: 5.884526
Delta Dac: 0.001034
Checking detector protection. dv=0.00103
Checking detector "CDD". Protection Threshold: 0.1 (V)
SetMagnetDAC 5.88452605735 ===>> OK
Magnet settling time: 1.049
GetData ===>> H2,-0.0540453761966966,H1,1925.10634775311,AX,147.933339295817,L1,2.24095019558316,L2,0.459182807...
setting magnet DAC
current  : 5.884526
requested: 5.885561
Delta Dac: 0.001034
Checking detector protection. dv=0.00103
Checking detector "CDD". Protection Threshold: 0.1 (V)
SetMagnetDAC 5.88556054011 ===>> OK
Magnet settling time: 1.049
GetData ===>> H2,-0.0418424162786463,H1,1913.97090223545,AX,146.2472252266,L1,2.24823128296902,L2,0.19632727934...
setting magnet DAC
current  : 5.885561
requested: 5.886595
Delta Dac: 0.001034
Checking detector protection. dv=0.00103
Checking detector "CDD". Protection Threshold: 0.1 (V)
SetMagnetDAC 5.88659502287 ===>> OK
Magnet settling time: 1.049
GetData ===>> H2,-0.133259030620872,H1,1870.91495498519,AX,140.272466458652,L1,2.11867713547843,L2,0.2991428775...
setting magnet DAC
current  : 5.886595
requested: 5.887630
Delta Dac: 0.001034
Checking detector protection. dv=0.00103
Checking detector "CDD". Protection Threshold: 0.1 (V)
SetMagnetDAC 5.88762950563 ===>> OK
Magnet settling time: 1.049
GetData ===>> H2,-0.249161186859709,H1,1730.29470476431,AX,122.013219764204,L1,1.88339644842077,L2,0.2338284405...
setting magnet DAC
current  : 5.887630
requested: 5.888664
Delta Dac: 0.001034
Checking detector protection. dv=0.00103
Checking detector "CDD". Protection Threshold: 0.1 (V)
SetMagnetDAC 5.88866398839 ===>> OK
Magnet settling time: 1.049
GetData ===>> H2,-0.270935263155951,H1,1392.0032014051,AX,87.7979133721016,L1,1.49215107416899,L2,0.03428036689...
setting magnet DAC
current  : 5.888664
requested: 5.889698
Delta Dac: 0.001034
Checking detector protection. dv=0.00103
Checking detector "CDD". Protection Threshold: 0.1 (V)
SetMagnetDAC 5.88969847114 ===>> OK
Magnet settling time: 1.049
GetData ===>> H2,-0.330730133320874,H1,904.022698260658,AX,49.7559478760613,L1,1.01591092828252,L2,0.0445554807...
setting magnet DAC
current  : 5.889698
requested: 5.890733
Delta Dac: 0.001034
Checking detector protection. dv=0.00103
Checking detector "CDD". Protection Threshold: 0.1 (V)
SetMagnetDAC 5.8907329539 ===>> OK
Magnet settling time: 1.049
GetData ===>> H2,-0.343976785613046,H1,450.147273047158,AX,21.1637124532376,L1,0.650628055229197,L2,0.108737255...
setting magnet DAC
current  : 5.890733
requested: 5.891767
Delta Dac: 0.001034
Checking detector protection. dv=0.00103
Checking detector "CDD". Protection Threshold: 0.1 (V)
SetMagnetDAC 5.89176743666 ===>> OK
Magnet settling time: 1.049
GetData ===>> H2,-0.301548968344345,H1,172.086271836446,AX,6.68223397531153,L1,0.391070824960097,L2,-0.01154550...
setting magnet DAC
current  : 5.891767
requested: 5.892802
Delta Dac: 0.001034
Checking detector protection. dv=0.00103
Checking detector "CDD". Protection Threshold: 0.1 (V)
SetMagnetDAC 5.89280191942 ===>> OK
Magnet settling time: 1.049
GetData ===>> H2,-0.347486782581541,H1,51.968771664058,AX,1.60281103261417,L1,0.223856748199976,L2,-0.000614884...
setting magnet DAC
current  : 5.892802
requested: 5.893836
Delta Dac: 0.001034
Checking detector protection. dv=0.00103
Checking detector "CDD". Protection Threshold: 0.1 (V)
SetMagnetDAC 5.89383640218 ===>> OK
Magnet settling time: 1.049
GetData ===>> H2,-0.247625041855189,H1,13.3752327100004,AX,0.169235458854471,L1,0.18994326118802,L2,0.077507080...
setting magnet DAC
current  : 5.893836
requested: 5.894871
Delta Dac: 0.001034
Checking detector protection. dv=0.00103
Checking detector "CDD". Protection Threshold: 0.1 (V)
SetMagnetDAC 5.89487088494 ===>> OK
Magnet settling time: 1.049
GetData ===>> H2,-0.208363628781964,H1,2.86267952968415,AX,-0.138310173555763,L1,0.0915820899575314,L2,-0.18329...
setting magnet DAC
current  : 5.894871
requested: 5.895905
Delta Dac: 0.001034
Checking detector protection. dv=0.00103
Checking detector "CDD". Protection Threshold: 0.1 (V)
SetMagnetDAC 5.8959053677 ===>> OK
Magnet settling time: 1.049
GetData ===>> H2,-0.300698508173776,H1,0.399175627009485,AX,-0.178267809188719,L1,0.0219869107100106,L2,0.03430...
result of _do_sweep=True
result of _calculate_peak_center=([5.8730296161927997, 5.8807851272148444, 5.8885406382368881], [1414.2670978242159, 1932.0255014347315, 1432.3405650321483], 5.8783502574753648, 1932.0255014347315)
new center pos Detector(H1) (Ar40) @ 5.88078512721
GetHighVoltage ===>> 4499.94659342336
GetDeflection H1 ===>> 0
dac uncorrected for HV and deflection 5.88081975881
update mftable H1 Ar40 5.88081975881 message=automated run peakcenter
get initial guess parabolic
get initial guess parabolic
get initial guess parabolic
get initial guess parabolic
get initial guess parabolic
get initial guess parabolic
dump mftable to /Users/jan/PychronDev/setupfiles/spectrometer/mftables/mftable.csv
add to repo msg=modified - automated run peakcenter
locally archiving mftable
setting magnet DAC
current  : 5.895905
requested: 5.880785
Delta Dac: 0.015120
Checking detector protection. dv=0.01512
Checking detector "CDD". Protection Threshold: 0.1 (V)
SetMagnetDAC 5.88078512721 ===>> OK
Magnet settling time: 0.500
sweep finished
setting integration time = 1.048576
SetIntegrationTime 1.048576 ===>> OK
flush and close file /Users/jan/PychronDev/data/isotopes/f1/f1b8af-1ffc-4a15-af20-7a1467608dbc.h5
finished measure script
executed snippet estimated_duration=226.132928, duration=273.039446831
jan_unknown120_60.py completed successfully
Measurement Finished
13:19:03 -- ******* Measurement Finished *******
Post Measurement Started jan_pump_ms.py
13:19:03 -- ******* Post Measurement Started jan_pump_ms.py *******
testing...
no interpolation path defined
executed snippet estimated_duration=0, duration=2.90870666504e-05
Pumping spectrometer
open () {'name': 'O'}
opening name=O desc=---
checking ownership. requestor=129.138.12.150
check software interlocks O
interlocks []
actuate state mode=None-script, software_lock=False
doing actuation None-script open_channel True
Open O ===>> OK
GetIndicatorState O ===>> OK
change switch state (True, True)
update switch state O True args=() kw={} ncanvase=8
13:19:03 -- OPEN   VALVE-O (Jan Ion Pump)
---------------------------------------- open O () result=[(True, True)], time=0.11 sec
action=open, ok=True, locked=[False]
executed snippet estimated_duration=0, duration=0.369231939316
jan_pump_ms.py completed successfully
setting _ms_pumptime
Post Measurement Finished
13:19:03 -- ******* Post Measurement Finished *******
$$$$$$$$$$$$$$$$$$$$ state at run end measurement
state changed from measurement to success
post measurement save measured=True aborted=False
Set filtering
setting fod for Ar40= {'filter_outliers': True, 'std_devs': 2, 'iterations': 1}
setting fod for H1= {'filter_outliers': True, 'std_devs': 2, 'iterations': 1}
setting fod for PM41= {'filter_outliers': False, 'std_devs': 2, 'iterations': 1}
setting fod for H2= {'filter_outliers': True, 'std_devs': 2, 'iterations': 1}
setting fod for Ar36= {'filter_outliers': True, 'std_devs': 2, 'iterations': 1}
setting fod for CDD= {'filter_outliers': True, 'std_devs': 10, 'iterations': 1}
setting fod for Ar37= {'filter_outliers': True, 'std_devs': 2, 'iterations': 1}
setting fod for L2= {'filter_outliers': True, 'std_devs': 2, 'iterations': 1}
setting fod for Ar38= {'filter_outliers': True, 'std_devs': 2, 'iterations': 1}
setting fod for L1= {'filter_outliers': True, 'std_devs': 2, 'iterations': 1}
setting fod for Ar39= {'filter_outliers': True, 'std_devs': 2, 'iterations': 1}
setting fod for AX= {'filter_outliers': True, 'std_devs': 2, 'iterations': 1}
persistence save...
persistence save - db
post measurement save
9662041744 connecting to database sqlite:////Users/jan/PychronDev/.appdata/local_lab.db
connected to db sqlite:////Users/jan/PychronDev/.appdata/local_lab.db
create new session 9662041744
close session 9662041744
No database instance. Not saving post measurement to isotopedb database
$$$$$$$$$$$$$$$ auto_save_detector_ic=False
massspec enabled True
create new session 6484677072
MassSpec Database Version: 16.0
close session 6484677072
saving post measurement to secondary database
saving to massspec database 129.138.12.160/massspecdata
setting labnumber to 65475
setting aliquot to 25
setting step to 
setting uuid to f1f1b8af-1ffc-4a15-af20-7a1467608dbc
setting irradpos to 65475
setting extract_device to Fusions CO2
setting tray to 
setting position to 115
setting power_requested to 5.0
setting extract_value to 5.0
setting duration to 30.0
setting duration_at_request to 30.0
setting first_stage_delay to 30.0
setting cleanup to 30.0
setting comment to P:7
setting irradiation to NM-288
setting level to P
setting irradiation_level to P
setting sample to Goat Mtn
setting material to Sanidine
setting project to IR989
setting mass_spectrometer to Jan
no attribute chron_dosages
no attribute production_ratios
no attribute interference_corrections
no attribute production_name
no attribute j
Reference Isotope=Ar40
Reference Detector=H1
%%%%%%%%%%%%%%%%%%%% Comment: P:7 %%%%%%%%%%%%%%%%%%%
adding isotope PM41 H2
add baseline dbdet= PM41. original det= H2
get baseline data PM41 H2
Get data baseline <pychron.processing.isotope.Baseline object at 0x23aab7250> len t=60
baseline PM41. v=-0.190751202215, e=0.00626314702131
get signal data PM41 H2
Get data signal PM41 0.17+/-0.08 len t=120
adding isotope Ar40 H1
add baseline dbdet= Ar40. original det= H1
get baseline data Ar40 H1
Get data baseline <pychron.processing.isotope.Baseline object at 0x2478c8910> len t=60
baseline Ar40. v=0.016853794626, e=0.00735485639967
get signal data Ar40 H1
Get data signal Ar40 2127.54+/-0.09 len t=120
adding isotope Ar39 AX
add baseline dbdet= Ar39. original det= AX
get baseline data Ar39 AX
Get data baseline <pychron.processing.isotope.Baseline object at 0x2478c8410> len t=60
baseline Ar39. v=-0.0757325667153, e=0.00725588275053
get signal data Ar39 AX
Get data signal Ar39 163.495+/-0.023 len t=120
adding isotope Ar38 L1
add baseline dbdet= Ar38. original det= L1
get baseline data Ar38 L1
Get data baseline <pychron.processing.isotope.Baseline object at 0x2478c8d50> len t=60
baseline Ar38. v=-0.0201845681249, e=0.00391609612562
get signal data Ar38 L1
Get data signal Ar38 2.485+/-0.005 len t=120
adding isotope Ar37 L2
add baseline dbdet= Ar37. original det= L2
get baseline data Ar37 L2
Get data baseline <pychron.processing.isotope.Baseline object at 0x2478c8050> len t=60
baseline Ar37. v=-0.00607441904649, e=0.00722387206845
get signal data Ar37 L2
Get data signal Ar37 0.338+/-0.011 len t=120
adding isotope Ar36 CDD
add baseline dbdet= Ar36. original det= CDD
get baseline data Ar36 CDD
Get data baseline <pychron.processing.isotope.Baseline object at 0x231821950> len t=60
baseline Ar36. v=0.000478850420229, e=3.28312750947e-05
get signal data Ar36 CDD
Get data signal Ar36 1.4417+/-0.0028 len t=120
65475-25 added analysis time 0.556562900543s
analysis added to mass spec database
mass spec save time= 0.569
persistence save - dvc
================= post measurement started
create new session 4992585168
close session 4992585168
---------------- Experiment Queue saving disabled
DVC saving peakcenter
Smart pull ahead: 0 behind: 0
Up-to-date with origin
add to repo msg=modified - ad8224ebc6dbfeb9f5997218dfa5fe690569839d.json
add to repo msg=modified - 75-25.json
add to repo msg=modified - 75-25.dat.json
add to repo msg=modified - 75-25.blan.json
add to repo msg=modified - 75-25.inte.json
add to repo msg=modified - 75-25.icfa.json
add to repo msg=modified - 75-25.base.json
not at valid file /Users/jan/PychronDev/data/.dvc/repositories/Load1795/654/tags/75-25.tags.json
add to repo msg=modified - 75-25.peak.json
add to repo msg=modified - 75-25.extr.json
not at valid file /Users/jan/PychronDev/data/.dvc/repositories/Load1795/654/monitor/75-25.moni.json
commit message=<COLLECTION>
add to repo msg=modified - 75-25.inte.json
add to repo msg=modified - 75-25.base.json
commit message=<ISOEVO> default collection fits
add to repo msg=modified - 75-25.blan.json
commit message=<BLANKS> preceding bu-FC-J-7823
add to repo msg=modified - 75-25.icfa.json
commit message=<ICFactor> default
push repository <pychron.git_archive.repo_manager.GitRepoManager object at 0x2464b85f0>
pushing to remote=origin, url=https://github.com
no changes to meta repo
create new session 4992585168
add association Load1795
get identifier "65475"
setting analysis irradiation position=<pychron.dvc.dvc_orm.IrradiationPositionTbl object at 0x22a99dc50>
close session 4992585168
================= post measurement finished
13:19:16 -- ******* Post Run Check *******
loading queue conditionals post_run_actions
loading system conditionals post_run_actions
loading conditionals from /Users/jan/PychronDev/setupfiles/spectrometer/default_conditionals.yaml
loading queue conditionals post_run_terminations
loading system conditionals post_run_terminations
loading conditionals from /Users/jan/PychronDev/setupfiles/spectrometer/default_conditionals.yaml
Checking default post run terminations n=1
GetDeflection CDD ===>> 50
testing CDD==2000
evaluate ot="CDD.deflection==2000" t="CDD==2000", ctx="{'CDD': 50.0}"
13:19:16 -- ******* Post Run Check Passed *******
13:19:16 -- Automated run 65475-25 success duration: 370.511 s
----------------- finish -----------------
----------------- stop -----------------
retroactive repository identifiers disabled
finish run. runs completed=193
update duration runid=65475-25, duration=370.510633945, md5=301e91d8
loading script "jan_unknown120_60.py"
loading script "jan_pump_ms.py"
loading script "jan_co2.py"
loading script "jan_pump_extraction_line.py"
testing...
no interpolation path defined
executed snippet estimated_duration=213.652928, duration=0.000195026397705
script duration name:unknown120_60 seconds:214.0
loading script "jan_unknown120_60.py"
loading script "jan_pump_ms.py"
loading script "jan_co2.py"
loading script "jan_pump_extraction_line.py"
testing...
no interpolation path defined
executed snippet estimated_duration=0, duration=2.50339508057e-05
loading script "jan_unknown120_60.py"
loading script "jan_pump_ms.py"
loading script "jan_co2.py"
loading script "jan_pump_extraction_line.py"
testing...
no interpolation path defined
calculate duration
testing...
no interpolation path defined
executed snippet estimated_duration=0, duration=6.79492950439e-05
calculate duration
testing...
no interpolation path defined
executed snippet estimated_duration=0, duration=0.000133037567139
executed snippet estimated_duration=0.0, duration=0.00330281257629
script duration name:co2 seconds:0.0
loading script "jan_unknown120_60.py"
loading script "jan_pump_ms.py"
loading script "jan_co2.py"
loading script "jan_pump_extraction_line.py"
testing...
no interpolation path defined
calculate duration
testing...
no interpolation path defined
executed snippet estimated_duration=4.0, duration=0.000227928161621
executed snippet estimated_duration=4.0, duration=0.00167417526245
Script duration 214.0
Run total estimated duration= 215.000
nruns=1 before=0.0, run_dur=215.0, btw=0.0
write rem/ex queues
/Users/jan/PychronDev/experiments/rem/CurrentExperiment.rem.txt
/Users/jan/PychronDev/experiments/rem/CurrentExperiment.ex.txt
doing event level: 3
