do run
loading script "jan_unknown120_60.py"
loading script "jan_pump_ms.py"
loading script "jan_co2.py"
loading script "jan_pump_extraction_line.py"
testing...
no interpolation path defined
executed snippet estimated_duration=213.652928, duration=0.000223159790039
script duration name:unknown120_60 seconds:214.0
loading script "jan_unknown120_60.py"
loading script "jan_pump_ms.py"
loading script "jan_co2.py"
loading script "jan_pump_extraction_line.py"
testing...
no interpolation path defined
executed snippet estimated_duration=0, duration=5.3882598877e-05
loading script "jan_unknown120_60.py"
loading script "jan_pump_ms.py"
loading script "jan_co2.py"
loading script "jan_pump_extraction_line.py"
testing...
no interpolation path defined
calculate duration
testing...
no interpolation path defined
executed snippet estimated_duration=0, duration=5.91278076172e-05
calculate duration
testing...
no interpolation path defined
executed snippet estimated_duration=0, duration=0.000200986862183
executed snippet estimated_duration=0.0, duration=0.00346422195435
script duration name:co2 seconds:0.0
loading script "jan_unknown120_60.py"
loading script "jan_pump_ms.py"
loading script "jan_co2.py"
loading script "jan_pump_extraction_line.py"
testing...
no interpolation path defined
calculate duration
testing...
no interpolation path defined
executed snippet estimated_duration=4.0, duration=0.000157117843628
executed snippet estimated_duration=4.0, duration=0.0019679069519
Script duration 214.0
Run total estimated duration= 215.000
run duration: 0:03:35
doing event level: 2
12:38:25 -- Setting default integration. t=1.048576
setting integration time = 1.048576
SetIntegrationTime 1.048576 ===>> OK
----------------- start -----------------
**************** Experiment Type: Ar/Ar, Ar/Ar
create new session 4419438256
close session 4419438256
$$$$$ Clearing conditionals
adding conditionals 
Add queue conditionals
add default conditionals
adding default conditionals from /Users/jan/PychronDev/setupfiles/spectrometer/default_conditionals.yaml
Start automated run 65475-20
loading script "jan_unknown120_60.py"
loading script "jan_pump_ms.py"
loading script "jan_co2.py"
loading script "jan_pump_extraction_line.py"
%%%%%%%%%%%%%%%%%% setting automated run 65475-20
No value "sensitivity_multiplier" in metadata
$$$$$$$$$$$$$$$ auto_save_detector_ic=False
============================= Pre Extraction Check =============================
loading queue conditionals pre_run_terminations
loading system conditionals pre_run_terminations
loading conditionals from /Users/jan/PychronDev/setupfiles/spectrometer/default_conditionals.yaml
12:38:25 -- ******* Pre Extraction Check *******
Get a measurement from the spectrometer
GetData ===>> H2,-0.14089720309363,H1,0.0377704334748376,AX,-0.0876156424523808,L1,-0.038580749981928,L2,-0.120...
Pre Extraction Termination data. keys=H2,H1,AX,L1,L2,CDD, signals=-0.14090,0.03777,-0.08762,-0.03858,-0.12043,0.00313
12:38:25 -- testing system defined conditionals
Checking default pre extraction terminations n=2
testing CDD
evaluate ot="CDD.inactive" t="CDD", ctx="{'CDD': False}"
GetDeflection CDD ===>> 50
testing CDD==2000
evaluate ot="CDD.deflection==2000" t="CDD==2000", ctx="{'CDD': 50.0}"
12:38:25 -- ******* Pre Extraction Check Passed *******
=================================================================================
12:38:25 -- stopping status monitor
stop 6901184944
Alive clients [5025639504, 5288834736, 4992986192]
12:38:25 -- starting status monitor
start 6901184944
Monitor already running
start extraction
do extraction
Analysis started at 12:38:25.632175
Extraction Started jan_co2.py
12:38:25 -- ******* Extraction Started jan_co2.py *******
state changed from not run to extraction
DO EXTRACTION <pychron.extraction_line.pyscript_runner.RemotePyScriptRunner object at 0x12bfe48f0>
testing...
no interpolation path defined
calculate duration
testing...
no interpolation path defined
executed snippet estimated_duration=0, duration=8.70227813721e-05
calculate duration
testing...
no interpolation path defined
executed snippet estimated_duration=0, duration=0.000126123428345
executed snippet estimated_duration=100.0, duration=0.00301194190979
Jan CO2 laser analysis
doing GOSUB
testing...
no interpolation path defined
executed snippet estimated_duration=0, duration=4.98294830322e-05
Waiting for CO2 access
wait ('FelixCO2Flag', 0) {}
waiting for FelixCO2Flag = 0
Read FelixCO2Flag ===>> 0
finished waiting
CO2 free
wait ('CO2PumpTimeFlag', 0) {}
waiting for CO2PumpTimeFlag = 0
Read CO2PumpTimeFlag ===>> 0
finished waiting
acquire ('JanCO2Flag',) {'clear': True}
acquire JanCO2Flag
Set JanCO2Flag 1 ===>> OK
JanCO2Flag acquired
set extraction state False (0.75, 'red', 1.5)
CO2 acquired
executed snippet estimated_duration=0, duration=0.0157420635223
WaitForCO2Access.py completed successfully
gosub finished
doing GOSUB
testing...
no interpolation path defined
executed snippet estimated_duration=0, duration=0.000102996826172
Prepare for CO2 analysis
close () {'description': 'Jan Inlet'}
closing name=--- desc=Jan Inlet
checking ownership. requestor=129.138.12.150
check software interlocks R
interlocks []
actuate state mode=None-script, software_lock=False
doing actuation None-script close_channel False
Close R ===>> OK
GetIndicatorState R ===>> False
change switch state (True, True)
update switch state R False args=() kw={} ncanvase=8
12:38:26 -- CLOSE  VALVE-R (Jan Inlet)
---------------------------------------- close None (Jan Inlet) result=[(True, True)]
action=close, ok=True, locked=[False]
open () {'description': 'Jan Ion Pump'}
opening name=--- desc=Jan Ion Pump
checking ownership. requestor=129.138.12.150
check software interlocks O
interlocks []
actuate state mode=None-script, software_lock=False
doing actuation None-script open_channel False
Open O ===>> OK
GetIndicatorState O ===>> OK
change switch state (True, True)
update switch state O True args=() kw={} ncanvase=8
12:38:26 -- OPEN   VALVE-O (Jan Ion Pump)
---------------------------------------- open None (Jan Ion Pump) result=[(True, True)], time=0.11 sec
action=open, ok=True, locked=[False]
close () {'description': 'Microbone to Minibone'}
closing name=--- desc=Microbone to Minibone
checking ownership. requestor=129.138.12.150
check software interlocks L
interlocks []
actuate state mode=None-script, software_lock=False
doing actuation None-script close_channel False
Close L ===>> OK
GetIndicatorState L ===>> False
change switch state (True, True)
update switch state L False args=() kw={} ncanvase=8
12:38:27 -- CLOSE  VALVE-L (Microbone to Minibone)
---------------------------------------- close None (Microbone to Minibone) result=[(True, True)]
action=close, ok=True, locked=[False]
open () {'description': 'Microbone to Turbo'}
opening name=--- desc=Microbone to Turbo
checking ownership. requestor=129.138.12.150
check software interlocks U
interlocks []
actuate state mode=None-script, software_lock=False
doing actuation None-script open_channel False
Open U ===>> OK
GetIndicatorState U ===>> OK
change switch state (True, True)
update switch state U True args=() kw={} ncanvase=8
12:38:27 -- OPEN   VALVE-U (Microbone to Turbo)
---------------------------------------- open None (Microbone to Turbo) result=[(True, True)], time=0.14 sec
action=open, ok=True, locked=[False]
open () {'description': 'Microbone to Inlet Pipette'}
opening name=--- desc=Microbone to Inlet Pipette
checking ownership. requestor=129.138.12.150
check software interlocks S
interlocks []
actuate state mode=None-script, software_lock=False
doing actuation None-script open_channel False
Open S ===>> OK
GetIndicatorState S ===>> OK
change switch state (True, True)
update switch state S True args=() kw={} ncanvase=8
12:38:28 -- OPEN   VALVE-S (Microbone to Inlet Pipette)
---------------------------------------- open None (Microbone to Inlet Pipette) result=[(True, True)], time=0.44 sec
action=open, ok=True, locked=[False]
open () {'description': 'Microbone to Getter D-50'}
opening name=--- desc=Microbone to Getter D-50
checking ownership. requestor=129.138.12.150
check software interlocks K
interlocks []
actuate state mode=None-script, software_lock=False
doing actuation None-script open_channel False
Open K ===>> OK
GetIndicatorState K ===>> OK
change switch state (True, True)
update switch state K True args=() kw={} ncanvase=8
12:38:29 -- OPEN   VALVE-K (Microbone to Getter D-50)
---------------------------------------- open None (Microbone to Getter D-50) result=[(True, True)], time=0.45 sec
action=open, ok=True, locked=[False]
open () {'description': 'Microbone to Getter NP-10'}
opening name=--- desc=Microbone to Getter NP-10
checking ownership. requestor=129.138.12.150
check software interlocks M
interlocks []
actuate state mode=None-script, software_lock=False
doing actuation None-script open_channel False
Open M ===>> OK
GetIndicatorState M ===>> OK
change switch state (True, True)
update switch state M True args=() kw={} ncanvase=8
12:38:29 -- OPEN   VALVE-M (Microbone to Getter NP-10)
---------------------------------------- open None (Microbone to Getter NP-10) result=[(True, True)], time=0.16 sec
action=open, ok=True, locked=[False]
close () {'description': 'CO2 Laser to Felix'}
closing name=--- desc=CO2 Laser to Felix
checking ownership. requestor=129.138.12.150
check software interlocks F
interlocks []
actuate state mode=None-script, software_lock=True
VALVE-F(CO2 Laser to Felix) software locked
change switch state (True, False)
---------------------------------------- close None (CO2 Laser to Felix) result=[(True, False)]
action=close, ok=True, locked=[True]
open () {'description': 'CO2 Laser to Jan'}
opening name=--- desc=CO2 Laser to Jan
checking ownership. requestor=129.138.12.150
check software interlocks A
interlocks []
actuate state mode=None-script, software_lock=False
doing actuation None-script open_channel False
Open A ===>> OK
GetIndicatorState A ===>> OK
change switch state (True, True)
update switch state A True args=() kw={} ncanvase=8
12:38:29 -- OPEN   VALVE-A (CO2 Laser to Jan)
---------------------------------------- open None (CO2 Laser to Jan) result=[(True, True)], time=0.16 sec
action=open, ok=True, locked=[False]
open () {'description': 'Microbone to CO2 Laser'}
opening name=--- desc=Microbone to CO2 Laser
checking ownership. requestor=129.138.12.150
check software interlocks T
interlocks []
actuate state mode=None-script, software_lock=False
doing actuation None-script open_channel False
Open T ===>> OK
GetIndicatorState T ===>> OK
change switch state (True, True)
update switch state T True args=() kw={} ncanvase=8
12:38:30 -- OPEN   VALVE-T (Microbone to CO2 Laser)
---------------------------------------- open None (Microbone to CO2 Laser) result=[(True, True)], time=0.45 sec
action=open, ok=True, locked=[False]
executed snippet estimated_duration=0, duration=5.19538187981
PrepareForCO2Analysis.py completed successfully
gosub finished
set_motor ('beam', '1.25') {}
setting motor "beam" to 1.25
set motor beam to 1.25
SetMotor beam,1.25 ===>> OK
GetMotorMoving beam ===>> False
GetMotorMoving beam ===>> False
Block completed
move_to_position ('110',) {'autocenter': True}
FusionsCO2 move to position 110
sending GoToHole 110,True
GoToHole 110,True ===>> OK
GetDriveMoving ===>> OK
GetDriveMoving ===>> OK
GetDriveMoving ===>> OK
GetDriveMoving ===>> OK
GetDriveMoving ===>> False
GetDriveMoving ===>> OK
GetDriveMoving ===>> OK
GetDriveMoving ===>> OK
GetDriveMoving ===>> False
Block completed
GetAutoCorrecting ===>> False
GetAutoCorrecting ===>> False
Block completed
update position
GetPosition ===>> -1.99390,0.00000,1.00000
got position (-1.9939, 0.0, 1.0)
move to position succeeded
sleep (5,) {}
SLEEP 5.0
block started
WaitControl setup for 5.0  
Join finished
block finished. duration 5.02734518051
close () {'description': 'Microbone to Turbo'}
closing name=--- desc=Microbone to Turbo
checking ownership. requestor=129.138.12.150
check software interlocks U
interlocks []
actuate state mode=None-script, software_lock=False
doing actuation None-script close_channel True
Close U ===>> OK
GetIndicatorState U ===>> False
change switch state (True, True)
update switch state U False args=() kw={} ncanvase=8
12:38:40 -- CLOSE  VALVE-U (Microbone to Turbo)
---------------------------------------- close None (Microbone to Turbo) result=[(True, True)]
action=close, ok=True, locked=[False]
enable laser
enable () {}
set extraction state FusionsCO2 Enabled (False, 'red', 1.5)
enabling laser
Enable ===>> OK
begin interval
BEGIN INTERVAL Interval 1 waiting for 30.0
block started
set extract to 5.0
WaitControl setup for 30.0  
extract (5.0,) {}
GetPosition ===>> -1.99390,0.00000,1.00000
set extraction state FusionsCO2 ON! 5.0(watts) (0.75, 'red', 1.5)
extract sample to 5.0 (watts)
set laser output
SetLaserOutput 5.0,watts ===>> OK
executing pattern triangle.lp
execute_pattern ('triangle.lp',) {}
executing pattern triangle.lp
IsPatterning ===>> OK
IsPatterning ===>> OK
IsPatterning ===>> OK
IsPatterning ===>> OK
IsPatterning ===>> OK
IsPatterning ===>> OK
IsPatterning ===>> OK
IsPatterning ===>> OK
IsPatterning ===>> OK
IsPatterning ===>> OK
IsPatterning ===>> OK
IsPatterning ===>> OK
IsPatterning ===>> OK
IsPatterning ===>> OK
IsPatterning ===>> OK
IsPatterning ===>> OK
IsPatterning ===>> OK
IsPatterning ===>> OK
IsPatterning ===>> OK
IsPatterning ===>> OK
IsPatterning ===>> OK
IsPatterning ===>> OK
IsPatterning ===>> OK
IsPatterning ===>> OK
IsPatterning ===>> OK
IsPatterning ===>> OK
IsPatterning ===>> OK
IsPatterning ===>> OK
IsPatterning ===>> False
Join finished
block finished. duration 30.1218788624
Interval 1 finished
IsPatterning ===>> False
Block completed
COMPLETE INTERVAL waiting for Interval 1 to complete
end_extract () {}
ending extraction. set laser power to 0
set laser power 0
SetLaserPower 0 ===>> OK
disable () {}
%%%%%%%%%%%%%%%%%%%%%%%%%%%%%%%%%%% disable
set extraction state False (0.75, 'red', 1.5)
disabling laser
Disable ===>> OK
sleep (30.0,) {}
SLEEP 30.0
block started
WaitControl setup for 30.0  
Join finished
block finished. duration 30.1353828907
executed snippet estimated_duration=165.0, duration=77.1793618202
jan_co2.py completed successfully
GetAchievedOutput ===>> No Response
Requested Output= 0.000
Achieved Output=  0.000
GetResponseBlob ===>> No Response
GetOutputBlob ===>> No Response
persistence save...
persistence save - db
AutomatedRunPersister post_extraction_save deprecated
persistence save - dvc
no extraction position for 110
create new session 4992585168
close session 4992585168
Extraction Finished
12:39:42 -- ******* Extraction Finished *******
no overlap. not waiting for min ms pumptime
12:39:42 -- Sending spectrometer configuration
======== Sending configuration ========
SetDeflection CDD,50.0 ===>> OK
SetDeflection H2,0.0 ===>> OK
SetDeflection H1,0.0 ===>> OK
SetDeflection L2,825.0 ===>> OK
SetDeflection L1,400.0 ===>> OK
SetDeflection AX,190.0 ===>> OK
SetZFocus 74.64 ===>> OK
SetZSymmetry -50.72 ===>> OK
SetExtractionLens 26.13 ===>> OK
SetIonRepeller -3.81 ===>> OK
SetElectronEnergy 75.08 ===>> OK
SetYSymmetry -2.81 ===>> OK
SetIonCounterVoltage 1590.0 ===>> OK
send trap current 200.0
GetParameter Trap Current Readback ===>> 198.370811206739
SetParameter Trap Current Set,200.0 ===>> OK
updating mftable name mftable
Using mftable located at /Users/jan/PychronDev/setupfiles/spectrometer/mftables/mftable.csv
============ MFtable ===========
Isotope  H2     H1     AX     L1     L2     CDD    
Ar40     5.8276 5.8811 5.9943 6.1675 6.2326 6.3957
Ar39     5.7268 5.7734 5.8867 6.0536 6.1178 6.2822
Ar36     5.4043 5.4424 5.5501 5.7124 5.7728 5.9333
================================
get initial guess parabolic
get initial guess parabolic
get initial guess parabolic
get initial guess parabolic
get initial guess parabolic
get initial guess parabolic
======== Configuration Finished ========
GetYSymmetry ===>> -2.81
GetZSymmetry ===>> -50.72
GetParameter Trap Current Readback ===>> 197.923274125618
GetHighVoltage ===>> 4499.94659342336
start measurement
do measurement
L#=65475 analysis type=unknown
Measurement Started jan_unknown120_60.py
12:39:43 -- ******* Measurement Started jan_unknown120_60.py *******
state changed from extraction to measurement
setting spec, defl, and gains
GetExtractionLens ===>> 26.13
GetYSymmetry ===>> -2.81
GetZSymmetry ===>> -50.72
GetZFocus ===>> 74.64
GetDeflection H2 ===>> 0
GetDeflection H1 ===>> 0
GetDeflection AX ===>> 190
GetDeflection L1 ===>> 400
GetDeflection L2 ===>> 825
GetDeflection CDD ===>> 50
GetGain H2 ===>> 0.0113
GetGain H1 ===>> 0.1
GetGain AX ===>> 0.097049
GetGain L1 ===>> 0.010355
GetGain L2 ===>> 0.095649
GetGain CDD ===>> 0
pre measurement save
New frame /Users/jan/PychronDev/data/isotopes/9c/9ea7bb-eb70-417a-be59-2db3aa0ae305.h5
flush and close file /Users/jan/PychronDev/data/isotopes/9c/9ea7bb-eb70-417a-be59-2db3aa0ae305.h5
testing...
no interpolation path defined
executed snippet estimated_duration=226.132928, duration=0.000164031982422
unknown measurement script
activate_detectors ('H2', 'H1', 'AX', 'L1', 'L2', 'CDD') {}
activate detectors
*************** Set Analysis View Ar/Ar
create graphs
clearing graphs
clear isotope group
setting isotope det=H2, iso=PM41
setting isotope det=H1, iso=Ar40
setting isotope det=AX, iso=Ar39
setting isotope det=L1, iso=Ar38
setting isotope det=L2, iso=Ar37
setting isotope det=CDD, iso=Ar36
setting previous blanks
 - setting Ar40 blank 0.634+/-0.011
 - setting Ar36 blank 0.00634+/-0.00025
 - setting Ar37 blank 0.056+/-0.010
 - setting Ar38 blank 0.013+/-0.005
 - setting PM41 blank 0.06+/-0.07
 - setting Ar39 blank 0.016+/-0.012
load analysis view
position_magnet ('Ar40',) {'detector': 'H1'}
detector Detector(H1)
POSITION Ar40 H1
setting detector H2 to PM41 (40.9624)
setting detector H1 to Ar40 (39.9624)
setting detector AX to Ar39 (38.9624)
setting detector L1 to Ar38 (37.9624)
setting detector L2 to Ar37 (36.9624)
setting detector CDD to Ar36 (35.9624)
Mapping mass to dac mass func: "parabolic"
H1 map mass coeffs = [-0.00063987  0.15840543  0.57269999]
H1 map mass to dac 39.9624 >> 5.88109
GetDeflection H1 ===>> 0
GetHighVoltage ===>> 4499.94659342336
positioning Ar40 (5.88105536681) on H1
setting magnet DAC
current  : 5.881055
requested: 5.881055
Delta Dac: 0.000000
Checking detector protection. dv=0.00000
Checking detector "CDD". Protection Threshold: 0.1 (V)
SetMagnetDAC 5.88105536681 ===>> OK
Magnet settling time: 0.500
equilibrate () {'delay': 3, 'inlet': 'R', 'outlet': 'O', 'eqtime': 12.0}
Equilibration Started
12:39:44 -- ******* Equilibration Started *******
checking ownership. requestor=129.138.12.150
check software interlocks O
interlocks []
actuate state mode=None-script, software_lock=False
doing actuation None-script close_channel True
Close O ===>> OK
GetIndicatorState O ===>> False
change switch state (True, True)
update switch state O False args=() kw={} ncanvase=8
12:39:44 -- CLOSE  VALVE-O (Jan Ion Pump)
waiting 3s before opening inlet value ('R',)
update labels <pychron.experiment.plot_panel.PlotPanel object at 0x20cb8f1d0>
update labels "<pychron.graph.stacked_regression_graph.StackedRegressionGraph object at 0x1f3120290>"
setting label 0 H2 PM41
setting label 1 H1 Ar40
setting label 2 AX Ar39
setting label 3 L1 Ar38
setting label 4 L2 Ar37
setting label 5 CDD Ar36
update labels "<pychron.graph.stacked_graph.StackedGraph object at 0x23f6e5350>"
setting label 0 H2 PM41
setting label 1 H1 Ar40
setting label 2 AX Ar39
setting label 3 L1 Ar38
setting label 4 L2 Ar37
setting label 5 CDD Ar36
checking ownership. requestor=129.138.12.150
check software interlocks R
interlocks []
actuate state mode=None-script, software_lock=False
doing actuation None-script open_channel True
Open R ===>> OK
GetIndicatorState R ===>> OK
change switch state (True, True)
update switch state R True args=() kw={} ncanvase=8
12:39:48 -- OPEN   VALVE-R (Jan Inlet)
equilibrating for 12.0sec
set_time_zero () {}
sniff (12.0,) {}
py_sniff
build tables- sniff [Detector(H2), Detector(H1), Detector(AX), Detector(L1), Detector(L2), Detector(CDD)]
add group /sniff/PM41 (Group) '' table H2
add group /sniff/Ar40 (Group) '' table H1
add group /sniff/Ar39 (Group) '' table AX
add group /sniff/Ar38 (Group) '' table L1
add group /sniff/Ar37 (Group) '' table L2
add group /sniff/Ar36 (Group) '' table CDD
flush and close file /Users/jan/PychronDev/data/isotopes/9c/9ea7bb-eb70-417a-be59-2db3aa0ae305.h5
measuring sniff. ncounts=12.0
"sniff" increment series count="1" fit count="0" regressing="False"
starting measurement
check iteration duration=1.81198120117e-05
GetData ===>> H2,0.0779841337297235,H1,86.4454543308996,AX,8.1685708648649,L1,-0.00916624621808669,L2,0.1354163...
check iteration duration=4.19616699219e-05
GetData ===>> H2,1.13292142095695,H1,833.921836531815,AX,74.3247541013397,L1,0.561942912124298,L2,0.65576226821...
check iteration duration=4.29153442383e-05
GetData ===>> H2,0.706275149176267,H1,1251.51681557277,AX,107.516156983072,L1,1.14893312757598,L2,0.47855268332...
check iteration duration=1.97887420654e-05
GetData ===>> H2,0.310576304011431,H1,1385.42495757282,AX,116.762925587729,L1,1.44068541367253,L2,0.40335259619...
check iteration duration=1.90734863281e-05
GetData ===>> H2,0.12805718053289,H1,1434.4063188424,AX,119.913859319394,L1,1.59446512079859,L2,0.3710510399354...
check iteration duration=3.50475311279e-05
GetData ===>> H2,0.0907844295972647,H1,1454.22621657112,AX,121.196090065834,L1,1.71004387127665,L2,0.4783356642...
check iteration duration=1.71661376953e-05
GetData ===>> H2,0.0109032478550197,H1,1463.03001280536,AX,121.816767157322,L1,1.76658028141016,L2,0.5199552058...
check iteration duration=1.81198120117e-05
GetData ===>> H2,0.00638412846218117,H1,1465.83169274828,AX,121.97373390279,L1,1.78510187451461,L2,0.4513948444...
check iteration duration=5.10215759277e-05
GetData ===>> H2,0.0345954362539325,H1,1467.01764996475,AX,122.104491175799,L1,1.86231600563209,L2,0.5535221882...
check iteration duration=4.50611114502e-05
GetData ===>> H2,0.0688560777353745,H1,1467.7913396425,AX,122.060367890833,L1,1.84101495823082,L2,0.51180809833...
check iteration duration=5.00679016113e-05
GetData ===>> H2,0.18893415762004,H1,1467.71096416626,AX,122.194115503397,L1,1.85399776727838,L2,0.526411680128...
Equilibration Finished
check iteration duration=2.8133392334e-05
12:40:00 -- ******* Equilibration Finished *******
GetData ===>> H2,0.199106960460892,H1,1467.47143282435,AX,122.278046813162,L1,1.88606863494851,L2,0.39463649994...
checking ownership. requestor=129.138.12.150
check software interlocks R
interlocks []
actuate state mode=None-script, software_lock=False
doing actuation None-script close_channel True
Close R ===>> OK
set states for children of R. state=False
handle state [('R', False)]
update switch state R False args=() kw={'refresh': False} ncanvase=8
refresh_canvas_needed fired
GetIndicatorState R ===>> False
change switch state (True, True)
update switch state R False args=() kw={} ncanvase=8
12:40:01 -- CLOSE  VALVE-R (Jan Inlet)
Post Equilibration Started jan_pump_extraction_line.py
12:40:01 -- ******* Post Equilibration Started jan_pump_extraction_line.py *******
testing...
no interpolation path defined
calculate duration
testing...
no interpolation path defined
executed snippet estimated_duration=4.0, duration=0.000131845474243
executed snippet estimated_duration=4.0, duration=0.00213289260864
Pump after analysis
doing GOSUB
testing...
no interpolation path defined
executed snippet estimated_duration=4.0, duration=0.000149965286255
Pump Microbone
close () {'description': 'Jan Inlet'}
closing name=--- desc=Jan Inlet
checking ownership. requestor=129.138.12.150
check software interlocks R
interlocks []
actuate state mode=None-script, software_lock=False
doing actuation None-script close_channel False
check iteration duration=4.10079956055e-05
waiting for write to finish
measurement finished
estimated time: 12.583 actual time: :12.732
flush and close file /Users/jan/PychronDev/data/isotopes/9c/9ea7bb-eb70-417a-be59-2db3aa0ae305.h5
set_fits () {}
using default fits file=/Users/jan/PychronDev/scripts/measurement/fits/nominal_linear.yaml
Close R ===>> OK
set "Ar40" to "('Linear', 'SEM')"
No fit for "PM41". defaulting to linear. check the measurement script "jan_unknown120_60.py"
set "PM41" to "linear"
set "Ar36" to "('Linear', 'SEM')"
set "Ar37" to "('linear', 'SEM')"
set "Ar38" to "('linear', 'SEM')"
set "Ar39" to "('Linear', 'SEM')"
set_baseline_fits () {}
using default fits file=/Users/jan/PychronDev/scripts/measurement/fits/nominal_linear.yaml
set "H1" to "('average', 'SEM')"
set "H2" to "('average', 'SEM')"
set "CDD" to "('average', 'SEM')"
set "L2" to "('average', 'SEM')"
set "L1" to "('average', 'SEM')"
set "AX" to "('average', 'SEM')"
multicollect () {'integration_time': 1, 'ncounts': 120}
build tables- signal [Detector(H2), Detector(H1), Detector(AX), Detector(L1), Detector(L2), Detector(CDD)]
add group /signal/PM41 (Group) '' table H2
add group /signal/Ar40 (Group) '' table H1
add group /signal/Ar39 (Group) '' table AX
add group /signal/Ar38 (Group) '' table L1
add group /signal/Ar37 (Group) '' table L2
add group /signal/Ar36 (Group) '' table CDD
flush and close file /Users/jan/PychronDev/data/isotopes/9c/9ea7bb-eb70-417a-be59-2db3aa0ae305.h5
measuring signal. ncounts=120
GetIndicatorState R ===>> False
change switch state (True, True)
update switch state R False args=() kw={} ncanvase=8
12:40:01 -- CLOSE  VALVE-R (Jan Inlet)
---------------------------------------- close None (Jan Inlet) result=[(True, True)]
action=close, ok=True, locked=[False]
is_closed ('F',) {}
is F () closed?
is closed True
open () {'description': 'CO2 Laser to Jan'}
opening name=--- desc=CO2 Laser to Jan
checking ownership. requestor=129.138.12.150
check software interlocks A
interlocks []
actuate state mode=None-script, software_lock=False
doing actuation None-script open_channel False
Open A ===>> OK
"signal" increment series count="2" fit count="1" regressing="True"
GetIndicatorState A ===>> OK
change switch state (True, True)
update switch state A True args=() kw={} ncanvase=8
12:40:02 -- OPEN   VALVE-A (CO2 Laser to Jan)
---------------------------------------- open None (CO2 Laser to Jan) result=[(True, True)], time=0.13 sec
starting measurement
check iteration duration=9.51290130615e-05
GetData ===>> H2,0.166983105401211,H1,1467.65400341283,AX,122.081503259983,L1,1.88072580518501,L2,0.49252289401...
action=open, ok=True, locked=[False]
sleep (1,) {}
SLEEP 1.0
check iteration duration=4.6968460083e-05
GetData ===>> H2,0.307213572573698,H1,1467.42720359787,AX,122.178856717525,L1,1.85084250100831,L2,0.47640535798...
close () {'description': 'CO2 Laser to Roughing'}
closing name=--- desc=CO2 Laser to Roughing
checking ownership. requestor=129.138.12.150
check software interlocks G
interlocks []
actuate state mode=None-script, software_lock=True
VALVE-G(CO2 Laser to Roughing) software locked
change switch state (True, False)
---------------------------------------- close None (CO2 Laser to Roughing) result=[(True, False)]
action=close, ok=True, locked=[True]
open () {'description': 'Microbone to Turbo'}
opening name=--- desc=Microbone to Turbo
checking ownership. requestor=129.138.12.150
check software interlocks U
interlocks []
actuate state mode=None-script, software_lock=False
doing actuation None-script open_channel True
Open U ===>> OK
GetIndicatorState U ===>> OK
change switch state (True, True)
update switch state U True args=() kw={} ncanvase=8
12:40:03 -- OPEN   VALVE-U (Microbone to Turbo)
---------------------------------------- open None (Microbone to Turbo) result=[(True, True)], time=0.18 sec
action=open, ok=True, locked=[False]
open () {'description': 'Microbone to Getter NP-10'}
opening name=--- desc=Microbone to Getter NP-10
checking ownership. requestor=129.138.12.150
check software interlocks M
interlocks []
actuate state mode=None-script, software_lock=False
doing actuation None-script open_channel False
Open M ===>> OK
GetIndicatorState M ===>> OK
change switch state (True, True)
update switch state M True args=() kw={} ncanvase=8
12:40:03 -- OPEN   VALVE-M (Microbone to Getter NP-10)
---------------------------------------- open None (Microbone to Getter NP-10) result=[(True, True)], time=0.16 sec
action=open, ok=True, locked=[False]
open () {'description': 'Microbone to Getter D-50'}
opening name=--- desc=Microbone to Getter D-50
checking ownership. requestor=129.138.12.150
check software interlocks K
interlocks []
actuate state mode=None-script, software_lock=False
doing actuation None-script open_channel False
check iteration duration=3.48091125488e-05
GetData ===>> H2,0.114321828344321,H1,1466.67784743896,AX,121.789531865716,L1,1.86112927788363,L2,0.43516221867...
Open K ===>> OK
GetIndicatorState K ===>> OK
change switch state (True, True)
update switch state K True args=() kw={} ncanvase=8
12:40:04 -- OPEN   VALVE-K (Microbone to Getter D-50)
---------------------------------------- open None (Microbone to Getter D-50) result=[(True, True)], time=0.45 sec
action=open, ok=True, locked=[False]
open () {'description': 'Microbone to CO2 Laser'}
opening name=--- desc=Microbone to CO2 Laser
checking ownership. requestor=129.138.12.150
check software interlocks T
interlocks []
actuate state mode=None-script, software_lock=False
doing actuation None-script open_channel False
Open T ===>> OK
GetIndicatorState T ===>> OK
change switch state (True, True)
update switch state T True args=() kw={} ncanvase=8
12:40:05 -- OPEN   VALVE-T (Microbone to CO2 Laser)
---------------------------------------- open None (Microbone to CO2 Laser) result=[(True, True)], time=0.44 sec
check iteration duration=6.19888305664e-05
GetData ===>> H2,-0.052657590963194,H1,1465.83635990844,AX,121.813088987522,L1,1.85842426551152,L2,0.4153485200...
action=open, ok=True, locked=[False]
open () {'description': 'Microbone to Inlet Pipette'}
opening name=--- desc=Microbone to Inlet Pipette
checking ownership. requestor=129.138.12.150
check software interlocks S
interlocks []
actuate state mode=None-script, software_lock=False
doing actuation None-script open_channel False
Open S ===>> OK
GetIndicatorState S ===>> OK
change switch state (True, True)
update switch state S True args=() kw={} ncanvase=8
12:40:06 -- OPEN   VALVE-S (Microbone to Inlet Pipette)
---------------------------------------- open None (Microbone to Inlet Pipette) result=[(True, True)], time=0.46 sec
action=open, ok=True, locked=[False]
sleep (1,) {}
SLEEP 1.0
testing H1>-5.0
evaluate ot="H1.bs>-5.0" t="H1>-5.0", ctx="{'H1': None}"
check iteration duration=0.00134110450745
GetData ===>> H2,-0.0848435855250931,H1,1465.54197627703,AX,121.734415492183,L1,1.86269338706992,L2,0.446039559...
set_resource () {'name': 'CO2PumpTimeFlag', 'value': 30}
Set CO2PumpTimeFlag 30 ===>> OK
release ('JanCO2Flag',) {}
release JanCO2Flag
Set JanCO2Flag 0 ===>> OK
executed snippet estimated_duration=6.0, duration=6.07572197914
PumpMicrobone.py completed successfully
gosub finished
get_resource_value () {'name': 'JanMiniboneFlag'}
Read JanMiniboneFlag ===>> 0
Get Resource Value JanMiniboneFlag=0.0
get resource value 0.0
get_resource_value () {'name': 'JanMiniboneFlag'}
Read JanMiniboneFlag ===>> 0
Get Resource Value JanMiniboneFlag=0.0
executed snippet estimated_duration=4.0, duration=6.08779597282
jan_pump_extraction_line.py completed successfully
Post Equilibration Finished
12:40:07 -- ******* Post Equilibration Finished *******
check iteration duration=8.51154327393e-05
GetData ===>> H2,-0.129233228528105,H1,1465.52370935586,AX,121.633811401527,L1,1.84734891658596,L2,0.4173022841...
check iteration duration=6.19888305664e-05
GetData ===>> H2,0.0687197100206788,H1,1464.91682404378,AX,121.398427166877,L1,1.81650812820236,L2,0.5101170603...
check iteration duration=8.29696655273e-05
GetData ===>> H2,0.0234256548971873,H1,1463.9552346891,AX,121.431919035732,L1,1.82920773604649,L2,0.46545246259...
check iteration duration=0.000114917755127
GetData ===>> H2,-0.117152659617065,H1,1463.24115090598,AX,121.512696943064,L1,1.81306888393264,L2,0.4413105539...
testing H1>-5.0
evaluate ot="H1.bs>-5.0" t="H1>-5.0", ctx="{'H1': None}"
check iteration duration=0.00245594978333
GetData ===>> H2,-0.217780543665241,H1,1463.15333491401,AX,121.478928875524,L1,1.80944634963854,L2,0.4654410420...
check iteration duration=5.79357147217e-05
GetData ===>> H2,-0.0891315952402555,H1,1463.15392975949,AX,121.504936117397,L1,1.80307516023271,L2,0.415211415...
check iteration duration=6.19888305664e-05
GetData ===>> H2,-0.098576979428679,H1,1462.02094485412,AX,121.534229577943,L1,1.79330427254327,L2,0.3943166582...
check iteration duration=3.60012054443e-05
GetData ===>> H2,-0.11445701874529,H1,1461.40527433795,AX,121.246257967286,L1,1.76374922479651,L2,0.57360856362...
check iteration duration=5.91278076172e-05
GetData ===>> H2,-0.103505833878628,H1,1460.93333014679,AX,121.304299911457,L1,1.8031300459433,L2,0.41240081106...
testing H1>-5.0
evaluate ot="H1.bs>-5.0" t="H1>-5.0", ctx="{'H1': None}"
check iteration duration=0.000602006912231
GetData ===>> H2,0.0121482924507561,H1,1459.64887112266,AX,121.211411704691,L1,1.79439943487935,L2,0.3112625014...
check iteration duration=0.000100135803223
GetData ===>> H2,-0.145626561244007,H1,1459.6002000967,AX,121.096579060367,L1,1.76941859563362,L2,0.33450219058...
check iteration duration=7.79628753662e-05
GetData ===>> H2,-0.0667566888612981,H1,1458.75518175845,AX,121.060334152393,L1,1.83510910644848,L2,0.429094266...
check iteration duration=8.32080841064e-05
GetData ===>> H2,-0.0493109661121116,H1,1458.36650865289,AX,121.00327375588,L1,1.82231416540209,L2,0.4118981100...
check iteration duration=9.20295715332e-05
GetData ===>> H2,-0.0522220154250603,H1,1457.57415401927,AX,121.081504232816,L1,1.80452318947609,L2,0.453690058...
testing H1>-5.0
evaluate ot="H1.bs>-5.0" t="H1>-5.0", ctx="{'H1': None}"
check iteration duration=0.000735998153687
GetData ===>> H2,-0.0300039908342387,H1,1456.80019644455,AX,120.990295536282,L1,1.76416666180307,L2,0.368926920...
check iteration duration=4.10079956055e-05
GetData ===>> H2,-0.0339261527198917,H1,1456.13681391674,AX,121.123097410479,L1,1.79609728336157,L2,0.551750399...
check iteration duration=4.10079956055e-05
GetData ===>> H2,-0.241342428101234,H1,1455.76772312365,AX,121.016046118135,L1,1.80917830345653,L2,0.5159215583...
check iteration duration=7.79628753662e-05
GetData ===>> H2,-0.161159057107653,H1,1454.66377876853,AX,120.880805319686,L1,1.80181098995786,L2,0.4183877257...
check iteration duration=3.91006469727e-05
GetData ===>> H2,-0.00644256549113649,H1,1453.54627720538,AX,121.02313814106,L1,1.78496868027267,L2,0.528822970...
testing H1>-5.0
evaluate ot="H1.bs>-5.0" t="H1>-5.0", ctx="{'H1': None}"
check iteration duration=0.000649213790894
12:40:27 -- collecting point 25
GetData ===>> H2,-0.0209130346073789,H1,1453.24603621288,AX,120.939483850244,L1,1.74461261283101,L2,0.463111286...
check iteration duration=7.79628753662e-05
GetData ===>> H2,-0.0964686017544062,H1,1452.49907072632,AX,120.893782144573,L1,1.79294490539354,L2,0.454546495...
check iteration duration=4.29153442383e-05
GetData ===>> H2,-0.105872710875172,H1,1452.1874921619,AX,120.853707884864,L1,1.76738145975421,L2,0.38565849297...
check iteration duration=3.50475311279e-05
GetData ===>> H2,-0.113941363922267,H1,1452.25722012194,AX,120.838290186809,L1,1.79935647721715,L2,0.4152228406...
check iteration duration=7.70092010498e-05
GetData ===>> H2,-0.113941363922267,H1,1452.25722012194,AX,120.838290186809,L1,1.79935647721715,L2,0.4152228406...
testing H1>-5.0
evaluate ot="H1.bs>-5.0" t="H1>-5.0", ctx="{'H1': None}"
check iteration duration=0.00097393989563
GetData ===>> H2,-0.0888348182689037,H1,1450.94830992194,AX,120.847051766973,L1,1.75530148659526,L2,0.374488559...
check iteration duration=6.91413879395e-05
GetData ===>> H2,-0.0168257102596844,H1,1450.41507954129,AX,120.58722062239,L1,1.77819396248502,L2,0.4373220907...
check iteration duration=6.00814819336e-05
GetData ===>> H2,-0.0754038723896641,H1,1449.47583988942,AX,120.489608818315,L1,1.76119349936377,L2,0.429448505...
check iteration duration=4.10079956055e-05
GetData ===>> H2,-0.18999049177244,H1,1448.90340312927,AX,120.563256282322,L1,1.781314887095,L2,0.3430644006692...
check iteration duration=8.20159912109e-05
GetData ===>> H2,-0.250733434045988,H1,1448.44346970407,AX,120.393382241412,L1,1.80981116447272,L2,0.4910149728...
testing H1>-5.0
evaluate ot="H1.bs>-5.0" t="H1>-5.0", ctx="{'H1': None}"
check iteration duration=0.000612020492554
GetData ===>> H2,-0.151293787562546,H1,1448.55636722186,AX,120.354159919698,L1,1.79760975310661,L2,0.4689928862...
check iteration duration=3.91006469727e-05
GetData ===>> H2,-0.0568578008059845,H1,1447.33239681346,AX,120.362928806757,L1,1.78522723527944,L2,0.295148698...
check iteration duration=4.81605529785e-05
GetData ===>> H2,0.00129715846912817,H1,1446.75264587961,AX,120.21778865621,L1,1.75232210538041,L2,0.4474097533...
check iteration duration=3.91006469727e-05
GetData ===>> H2,0.0100215934621426,H1,1446.42206111683,AX,120.316855357709,L1,1.73420617150384,L2,0.4027585513...
check iteration duration=8.70227813721e-05
GetData ===>> H2,-0.0362940069176983,H1,1446.05064127871,AX,120.419568825527,L1,1.76494939907568,L2,0.338965860...
testing H1>-5.0
evaluate ot="H1.bs>-5.0" t="H1>-5.0", ctx="{'H1': None}"
check iteration duration=0.000555992126465
GetData ===>> H2,-0.0611310362137197,H1,1445.64250246643,AX,120.221503236475,L1,1.7559394717712,L2,0.4668457750...
check iteration duration=8.48770141602e-05
GetData ===>> H2,-0.129725212468805,H1,1444.59775671252,AX,119.9547499154,L1,1.78710651271566,L2,0.403181236726...
check iteration duration=9.3936920166e-05
GetData ===>> H2,-0.0529710322094278,H1,1444.12221806116,AX,120.018935808958,L1,1.78379742412655,L2,0.562187279...
check iteration duration=8.79764556885e-05
GetData ===>> H2,-0.112567523531295,H1,1443.81183707595,AX,119.990399587721,L1,1.75025762463921,L2,0.4504356669...
check iteration duration=0.000101089477539
GetData ===>> H2,-0.107516649092784,H1,1442.95205295661,AX,120.025253881722,L1,1.74978557445589,L2,0.3832941959...
testing H1>-5.0
evaluate ot="H1.bs>-5.0" t="H1>-5.0", ctx="{'H1': None}"
check iteration duration=0.000593185424805
GetData ===>> H2,-0.0627200373111491,H1,1442.25562802871,AX,119.975114809443,L1,1.76638586748786,L2,0.367522286...
check iteration duration=8.41617584229e-05
GetData ===>> H2,-0.0320209220230198,H1,1441.44038870228,AX,119.90308067127,L1,1.76145587532033,L2,0.4318367964...
check iteration duration=8.79764556885e-05
GetData ===>> H2,-0.0777323492679191,H1,1441.06606367702,AX,119.607910289276,L1,1.76574784872569,L2,0.460758747...
check iteration duration=8.89301300049e-05
GetData ===>> H2,-0.0701257632105326,H1,1440.64811563468,AX,119.777916276778,L1,1.73889513814543,L2,0.371839031...
check iteration duration=6.41345977783e-05
GetData ===>> H2,-0.182708979167466,H1,1439.57239528136,AX,119.842715150806,L1,1.77645425974316,L2,0.3038785740...
testing H1>-5.0
evaluate ot="H1.bs>-5.0" t="H1>-5.0", ctx="{'H1': None}"
check iteration duration=0.00143599510193
12:40:53 -- collecting point 50
GetData ===>> H2,-0.00569870492568392,H1,1439.2651259331,AX,119.815065215203,L1,1.74657695519529,L2,0.430579794...
check iteration duration=7.20024108887e-05
GetData ===>> H2,-0.0509436882080066,H1,1438.94483473699,AX,119.995407316545,L1,1.74413950276551,L2,0.386183900...
check iteration duration=8.29696655273e-05
GetData ===>> H2,-0.176783478776042,H1,1438.86882857728,AX,119.650192421832,L1,1.75192821986916,L2,0.4729217675...
check iteration duration=7.60555267334e-05
GetData ===>> H2,-0.128703375814818,H1,1438.29099718596,AX,119.744860727321,L1,1.76109037819628,L2,0.2901621856...
check iteration duration=7.00950622559e-05
GetData ===>> H2,-0.0581992080111215,H1,1437.63041114381,AX,119.41635861695,L1,1.77000592488648,L2,0.4467703272...
testing H1>-5.0
evaluate ot="H1.bs>-5.0" t="H1>-5.0", ctx="{'H1': None}"
check iteration duration=0.000936985015869
GetData ===>> H2,-0.0607798533109857,H1,1437.19204548841,AX,119.56026404237,L1,1.73303066017143,L2,0.4302026964...
check iteration duration=4.48226928711e-05
GetData ===>> H2,-0.115384055796908,H1,1436.28122919195,AX,119.413662973204,L1,1.73001687192927,L2,0.4382363370...
check iteration duration=8.10623168945e-05
GetData ===>> H2,-0.190609318994707,H1,1435.75701154871,AX,119.416957655177,L1,1.77778774591479,L2,0.4668800370...
check iteration duration=8.10623168945e-05
GetData ===>> H2,-0.159258890438986,H1,1435.52590552412,AX,119.575339220766,L1,1.796631918239,L2,0.369669214774...
check iteration duration=5.3882598877e-05
GetData ===>> H2,-0.121965872082495,H1,1434.45931664384,AX,119.309747494369,L1,1.77447457369445,L2,0.5386973226...
testing H1>-5.0
evaluate ot="H1.bs>-5.0" t="H1>-5.0", ctx="{'H1': None}"
check iteration duration=0.00072193145752
GetData ===>> H2,-0.188681270824793,H1,1434.34964950521,AX,119.349860861949,L1,1.74458133219517,L2,0.4258833216...
check iteration duration=4.29153442383e-05
GetData ===>> H2,-0.126932515064116,H1,1434.01924265028,AX,119.130086847798,L1,1.77700017276097,L2,0.4039352206...
check iteration duration=3.71932983398e-05
GetData ===>> H2,-0.155192787191985,H1,1433.28939331496,AX,119.472182760958,L1,1.78667290517781,L2,0.4764624670...
check iteration duration=6.103515625e-05
GetData ===>> H2,-0.18418750921212,H1,1432.91136632781,AX,119.404434487681,L1,1.76625147598822,L2,0.42364372249...
check iteration duration=8.6784362793e-05
GetData ===>> H2,-0.0962586904671315,H1,1432.05982837598,AX,119.371362402871,L1,1.75351689117678,L2,0.432796700...
testing H1>-5.0
evaluate ot="H1.bs>-5.0" t="H1>-5.0", ctx="{'H1': None}"
check iteration duration=0.000591039657593
GetData ===>> H2,-0.136813505175316,H1,1431.82425626328,AX,119.171393557167,L1,1.74832521662559,L2,0.4415162671...
check iteration duration=4.19616699219e-05
GetData ===>> H2,-0.0703983379245842,H1,1430.7596228537,AX,119.059549416696,L1,1.78557982011617,L2,0.4826190268...
check iteration duration=8.51154327393e-05
GetData ===>> H2,-0.0908958353819376,H1,1430.49657564447,AX,119.027987936971,L1,1.76488416883303,L2,0.433699475...
check iteration duration=4.10079956055e-05
GetData ===>> H2,-0.063067093356911,H1,1429.59569798069,AX,119.025875339567,L1,1.70318972071832,L2,0.4165024928...
check iteration duration=7.9870223999e-05
GetData ===>> H2,-0.108442020765033,H1,1429.36854412026,AX,118.97654586759,L1,1.68738112123018,L2,0.40408373334...
testing H1>-5.0
evaluate ot="H1.bs>-5.0" t="H1>-5.0", ctx="{'H1': None}"
check iteration duration=0.00100493431091
GetData ===>> H2,-0.197242620830638,H1,1428.81422919897,AX,118.954269509545,L1,1.77909788103513,L2,0.5064837148...
check iteration duration=0.000101089477539
GetData ===>> H2,-0.168976503899399,H1,1428.26659940595,AX,118.776499449813,L1,1.79088432550672,L2,0.4362250068...
check iteration duration=6.00814819336e-05
GetData ===>> H2,-0.133556036834527,H1,1428.17031907454,AX,118.812661777491,L1,1.77465346202177,L2,0.4072482506...
check iteration duration=7.00950622559e-05
GetData ===>> H2,-0.0570205684476673,H1,1427.41102690259,AX,118.726845881863,L1,1.78218378313942,L2,0.284183276...
check iteration duration=8.48770141602e-05
GetData ===>> H2,0.0225683584476015,H1,1426.69866184367,AX,118.555887220068,L1,1.73245207349843,L2,0.4458340323...
testing H1>-5.0
evaluate ot="H1.bs>-5.0" t="H1>-5.0", ctx="{'H1': None}"
check iteration duration=0.00062894821167
12:41:20 -- collecting point 75
GetData ===>> H2,0.00890465687383156,H1,1425.9842170749,AX,118.580149009523,L1,1.72738293055939,L2,0.4922944195...
check iteration duration=4.6968460083e-05
GetData ===>> H2,-0.21476840906986,H1,1425.62329626303,AX,118.752109533648,L1,1.7263670396544,L2,0.468764467920...
check iteration duration=6.07967376709e-05
GetData ===>> H2,-0.222179275536503,H1,1425.1724608249,AX,118.755022677775,L1,1.69759795614065,L2,0.46954109262...
check iteration duration=8.20159912109e-05
GetData ===>> H2,-0.178961875560637,H1,1424.63223920643,AX,118.731009529376,L1,1.72542677347281,L2,0.4092132742...
check iteration duration=8.29696655273e-05
GetData ===>> H2,-0.143891791457096,H1,1423.93894626929,AX,118.484360600068,L1,1.77181379142405,L2,0.4746578361...
testing H1>-5.0
evaluate ot="H1.bs>-5.0" t="H1>-5.0", ctx="{'H1': None}"
check iteration duration=0.000584840774536
GetData ===>> H2,-0.0742896129827809,H1,1423.47014682266,AX,118.550942008714,L1,1.79359830897042,L2,0.476702325...
check iteration duration=8.20159912109e-05
GetData ===>> H2,-0.0869128527815057,H1,1421.93687566639,AX,118.658222818625,L1,1.76780295006056,L2,0.459651018...
check iteration duration=8.51154327393e-05
GetData ===>> H2,-0.157583994683576,H1,1421.77302342154,AX,118.630998980419,L1,1.7037173496276,L2,0.42523200428...
check iteration duration=8.60691070557e-05
GetData ===>> H2,-0.0378876867659068,H1,1421.7050637687,AX,118.3980448623,L1,1.71458738170658,L2,0.308489182214...
check iteration duration=8.48770141602e-05
GetData ===>> H2,-0.0305405157919848,H1,1421.12545525427,AX,118.309590523374,L1,1.70887510166249,L2,0.364781596...
testing H1>-5.0
evaluate ot="H1.bs>-5.0" t="H1>-5.0", ctx="{'H1': None}"
check iteration duration=0.00068998336792
GetData ===>> H2,-0.085925664265749,H1,1421.14236600884,AX,118.184713383866,L1,1.70262598898393,L2,0.3849617616...
check iteration duration=9.3936920166e-05
GetData ===>> H2,-0.0681538093491823,H1,1419.96103985922,AX,118.403622413495,L1,1.74280479836337,L2,0.420798592...
check iteration duration=6.89029693604e-05
GetData ===>> H2,-0.0840797032332631,H1,1419.05473157283,AX,118.283663373618,L1,1.78420219192154,L2,0.488844521...
check iteration duration=4.29153442383e-05
GetData ===>> H2,-0.18690933417144,H1,1419.22354643934,AX,118.251232505457,L1,1.75120700267315,L2,0.52318910233...
check iteration duration=7.20024108887e-05
GetData ===>> H2,-0.0626007343512322,H1,1419.05453855269,AX,118.194424754668,L1,1.73309451508061,L2,0.313179904...
testing H1>-5.0
evaluate ot="H1.bs>-5.0" t="H1>-5.0", ctx="{'H1': None}"
check iteration duration=0.000921010971069
GetData ===>> H2,-0.0382148115290575,H1,1418.80553052547,AX,118.280418119246,L1,1.7012369636071,L2,0.3656494730...
check iteration duration=6.69956207275e-05
GetData ===>> H2,-0.112235881983619,H1,1417.29598161984,AX,118.212246035857,L1,1.67985521836075,L2,0.4409562711...
check iteration duration=6.50882720947e-05
GetData ===>> H2,-0.10643424738937,H1,1417.07673031654,AX,118.025143920843,L1,1.69835272925191,L2,0.50149094561...
check iteration duration=3.48091125488e-05
GetData ===>> H2,-0.115933475614472,H1,1416.52577865988,AX,117.833016954031,L1,1.72672649795326,L2,0.4005994578...
check iteration duration=6.103515625e-05
GetData ===>> H2,-0.168133057025628,H1,1415.96585439583,AX,117.847596646729,L1,1.708873800207,L2,0.466788671664...
testing H1>-5.0
evaluate ot="H1.bs>-5.0" t="H1>-5.0", ctx="{'H1': None}"
check iteration duration=0.00101685523987
GetData ===>> H2,-0.00490175479016595,H1,1415.14087512689,AX,117.700435640559,L1,1.72524966867175,L2,0.38691490...
check iteration duration=8.20159912109e-05
GetData ===>> H2,-0.0263087533677505,H1,1414.56344249563,AX,117.882533859084,L1,1.74934353487029,L2,0.397892091...
check iteration duration=6.103515625e-05
GetData ===>> H2,-0.0449219501533414,H1,1413.93325003277,AX,117.856218484379,L1,1.73594881931702,L2,0.406882669...
check iteration duration=3.40938568115e-05
GetData ===>> H2,-0.0584053556724821,H1,1413.25105152941,AX,117.718828002249,L1,1.73264362921017,L2,0.429734183...
check iteration duration=3.50475311279e-05
GetData ===>> H2,-0.114141673563876,H1,1412.93865002271,AX,117.685135143853,L1,1.75489705716967,L2,0.4237694128...
testing H1>-5.0
evaluate ot="H1.bs>-5.0" t="H1>-5.0", ctx="{'H1': None}"
check iteration duration=0.000540018081665
12:41:46 -- collecting point 100
GetData ===>> H2,-0.0875934205677132,H1,1412.53586437837,AX,117.799635884645,L1,1.73791989697223,L2,0.413109166...
check iteration duration=8.48770141602e-05
GetData ===>> H2,-0.0363170856440125,H1,1412.16249476334,AX,117.709519856221,L1,1.76217124070819,L2,0.363160058...
check iteration duration=9.29832458496e-05
GetData ===>> H2,-0.0755746616298883,H1,1411.69379639756,AX,117.465470414038,L1,1.76386923630633,L2,0.491917437...
check iteration duration=8.79764556885e-05
GetData ===>> H2,-0.112197979475796,H1,1410.6449766141,AX,117.537069303045,L1,1.76045600857822,L2,0.36606057525...
check iteration duration=8.41617584229e-05
GetData ===>> H2,-0.0593370422885191,H1,1410.70325544647,AX,117.594089105751,L1,1.79161600262947,L2,0.379570831...
testing H1>-5.0
evaluate ot="H1.bs>-5.0" t="H1>-5.0", ctx="{'H1': None}"
check iteration duration=0.00054407119751
GetData ===>> H2,-0.0564874957516912,H1,1409.52788696811,AX,117.480442264382,L1,1.7275131798097,L2,0.4541582426...
check iteration duration=5.10215759277e-05
GetData ===>> H2,-0.0427908586742108,H1,1409.19286152585,AX,117.440942001933,L1,1.7230962465672,L2,0.4329566851...
check iteration duration=8.39233398438e-05
GetData ===>> H2,0.035712470127368,H1,1409.47934136174,AX,117.547675204465,L1,1.71447019008082,L2,0.47349283928...
check iteration duration=8.51154327393e-05
GetData ===>> H2,-0.00771123222170107,H1,1408.51864475229,AX,117.197851336345,L1,1.74008171188726,L2,0.40571738...
check iteration duration=9.60826873779e-05
GetData ===>> H2,-0.123074867285545,H1,1408.01856523783,AX,117.171849115529,L1,1.75954759262634,L2,0.3858069773...
testing H1>-5.0
evaluate ot="H1.bs>-5.0" t="H1>-5.0", ctx="{'H1': None}"
check iteration duration=0.00065803527832
GetData ===>> H2,-0.0845903181823423,H1,1406.71114842292,AX,117.432184117069,L1,1.716260754784,L2,0.34716311601...
check iteration duration=8.41617584229e-05
GetData ===>> H2,-0.018978903524547,H1,1406.90762707369,AX,117.492662590558,L1,1.73510287706363,L2,0.4335623447...
check iteration duration=3.79085540771e-05
GetData ===>> H2,0.000408089339437391,H1,1405.85163536587,AX,117.410747037723,L1,1.73923675387627,L2,0.32769863...
check iteration duration=8.39233398438e-05
GetData ===>> H2,-0.0635510561895587,H1,1405.39918861737,AX,117.044521307969,L1,1.70763878883453,L2,0.421107096...
check iteration duration=6.103515625e-05
GetData ===>> H2,0.021961485883112,H1,1404.82268149533,AX,117.032341635808,L1,1.70581190477119,L2,0.45299349485...
testing H1>-5.0
evaluate ot="H1.bs>-5.0" t="H1>-5.0", ctx="{'H1': None}"
check iteration duration=0.000601053237915
GetData ===>> H2,-0.0265900139231679,H1,1403.91499073804,AX,117.052859267091,L1,1.75506404557324,L2,0.471231415...
check iteration duration=6.19888305664e-05
GetData ===>> H2,-0.02232267907526,H1,1403.57743082351,AX,117.004865504992,L1,1.73485523300597,L2,0.37162204788...
check iteration duration=5.29289245605e-05
GetData ===>> H2,-0.0424109484536775,H1,1403.29394597947,AX,116.94277874791,L1,1.70514836868248,L2,0.5503444219...
check iteration duration=5.60283660889e-05
GetData ===>> H2,-0.00962552332480026,H1,1402.752732383,AX,116.901339437915,L1,1.74096716229463,L2,0.3845163132...
check iteration duration=9.29832458496e-05
GetData ===>> H2,-0.187784549119639,H1,1403.47913519009,AX,117.095837471087,L1,1.73408235892518,L2,0.4692441471...
testing H1>-5.0
evaluate ot="H1.bs>-5.0" t="H1>-5.0", ctx="{'H1': None}"
check iteration duration=0.000664949417114
GetData ===>> H2,-0.0628488288755533,H1,1402.3121027023,AX,117.06320341312,L1,1.72448789028978,L2,0.47284181779...
check iteration duration=4.10079956055e-05
waiting for write to finish
measurement finished
estimated time: 125.829 actual time: :126.411
flush and close file /Users/jan/PychronDev/data/isotopes/9c/9ea7bb-eb70-417a-be59-2db3aa0ae305.h5
baselines () {'settling_time': 15.0, 'detector': 'H1', 'mass': 34.2, 'ncounts': 60}
%%%%%%%%%%%%%%%%%%%%%%%%%%%%%%%% Baseline
build tables- baseline [Detector(H2), Detector(H1), Detector(AX), Detector(L1), Detector(L2), Detector(CDD)]
add group baseline table H2
add group baseline table H1
add group baseline table AX
add group baseline table L1
add group baseline table L2
add group baseline table CDD
flush and close file /Users/jan/PychronDev/data/isotopes/9c/9ea7bb-eb70-417a-be59-2db3aa0ae305.h5
detector Detector(H1)
POSITION 34.2 H1
Mapping mass to dac mass func: "parabolic"
H1 map mass coeffs = [-0.00063987  0.15840543  0.57269999]
H1 map mass to dac 34.2 >> 5.24174599104
GetDeflection H1 ===>> 0
GetHighVoltage ===>> 4499.94659342336
positioning 34.2 (5.24171512289) on H1
setting magnet DAC
current  : 5.881055
requested: 5.241715
Delta Dac: 0.639340
Checking detector protection. dv=0.63934
Checking detector "CDD". Protection Threshold: 0.1 (V)
ProtectDetector CDD,On ===>> OK
GetDeflection CDD ===>> 2000
Protected = 2000
SetMagnetDAC 5.24171512289 ===>> OK
Magnet settling time: 0.500
GetMagnetMoving ===>> True
GetMagnetMoving ===>> True
GetMagnetMoving ===>> True
GetMagnetMoving ===>> True
GetMagnetMoving ===>> True
GetMagnetMoving ===>> True
GetMagnetMoving ===>> True
GetMagnetMoving ===>> True
GetMagnetMoving ===>> False
ProtectDetector CDD,Off ===>> OK
GetDeflection CDD ===>> 50
Delaying 15.0s for detectors to settle
Join finished
measuring baseline. ncounts=60
"baseline" increment series count="2" fit count="1" regressing="True"
starting measurement
check iteration duration=7.70092010498e-05
GetData ===>> H2,-0.267986560353877,H1,-0.0698677640150745,AX,-0.0487686566455149,L1,-0.0689115660129688,L2,0.0...
check iteration duration=8.98838043213e-05
GetData ===>> H2,-0.129688719886893,H1,-0.0881040982082524,AX,-0.169096509708124,L1,-0.0240933338121308,L2,-0.0...
check iteration duration=0.000134944915771
GetData ===>> H2,-0.143449950210534,H1,0.0166630317808504,AX,-0.0776126641115313,L1,0.00459886608144364,L2,0.07...
check iteration duration=8.10623168945e-05
GetData ===>> H2,-0.170661860011437,H1,-0.062739195298067,AX,-0.0344130263325316,L1,-0.0253792048907908,L2,-0.0...
testing H1>-5.0
evaluate ot="H1.bs>-5.0" t="H1>-5.0", ctx="{'H1': None}"
check iteration duration=0.000683069229126
GetData ===>> H2,-0.229330800738734,H1,-0.128310823480215,AX,-0.0551456806154771,L1,-0.00444320912525637,L2,0.0...
check iteration duration=6.50882720947e-05
GetData ===>> H2,-0.236227578683837,H1,-0.0384291033970417,AX,-0.131787992475286,L1,-0.0134472070353989,L2,-0.1...
check iteration duration=8.48770141602e-05
GetData ===>> H2,-0.211563105017935,H1,-0.0167250623919422,AX,-0.14439155499221,L1,-0.0755770222553154,L2,0.007...
check iteration duration=7.70092010498e-05
GetData ===>> H2,-0.17166971538742,H1,0.021089370768901,AX,-0.0891687357327192,L1,-0.0483390202405374,L2,-0.027...
check iteration duration=7.91549682617e-05
GetData ===>> H2,-0.249155806681573,H1,-0.0516757954555523,AX,-0.136541694080199,L1,-0.0424552590162515,L2,0.08...
testing H1>-5.0
evaluate ot="H1.bs>-5.0" t="H1>-5.0", ctx="{'H1': None}"
check iteration duration=0.000787973403931
GetData ===>> H2,-0.173770284088065,H1,-0.0890217866658325,AX,-0.0728716118199781,L1,-0.0392994734580321,L2,-0....
check iteration duration=0.000250101089478
GetData ===>> H2,-0.220988486186672,H1,-0.0976500301612447,AX,-0.165862384122065,L1,-0.0302288027898221,L2,-0.0...
check iteration duration=4.10079956055e-05
GetData ===>> H2,-0.257033674651925,H1,-0.0587693875648608,AX,-0.150119118732825,L1,-0.019589691591461,L2,0.018...
check iteration duration=7.91549682617e-05
GetData ===>> H2,-0.153472697238004,H1,-0.0442001550849501,AX,-0.113945333833952,L1,-0.030646803393662,L2,-0.03...
check iteration duration=9.08374786377e-05
GetData ===>> H2,-0.142666213911218,H1,0.00859829193464736,AX,-0.0936076641641681,L1,-0.0202215457998491,L2,0.0...
testing H1>-5.0
evaluate ot="H1.bs>-5.0" t="H1>-5.0", ctx="{'H1': None}"
check iteration duration=0.00208806991577
GetData ===>> H2,-0.139582091135143,H1,-0.0486236078309997,AX,-0.0622410779272321,L1,-0.011058197494329,L2,0.08...
check iteration duration=7.60555267334e-05
GetData ===>> H2,-0.110425896034844,H1,-0.0869599553557031,AX,-0.176607612252386,L1,-0.0404720802589142,L2,-0.0...
check iteration duration=8.10623168945e-05
GetData ===>> H2,-0.15577374839681,H1,0.0182020870244994,AX,-0.133723938094038,L1,-0.0162834999204908,L2,-0.042...
check iteration duration=8.01086425781e-05
GetData ===>> H2,-0.179565112099502,H1,-0.0277565505174991,AX,0.0330334306494371,L1,-0.0253228840643788,L2,-0.0...
check iteration duration=4.31537628174e-05
GetData ===>> H2,-0.156568130872795,H1,0.0516615077031048,AX,-0.0234767431875787,L1,-0.0422744419028109,L2,-0.0...
testing H1>-5.0
evaluate ot="H1.bs>-5.0" t="H1>-5.0", ctx="{'H1': None}"
check iteration duration=0.000566005706787
GetData ===>> H2,-0.206145692165272,H1,0.0325796761786236,AX,-0.0691968475861258,L1,-0.038526843649299,L2,0.030...
check iteration duration=8.79764556885e-05
GetData ===>> H2,-0.167346233170476,H1,-0.0115010794986102,AX,-0.0754913905426744,L1,-0.0145665979069931,L2,0.0...
check iteration duration=5.00679016113e-05
GetData ===>> H2,-0.236870614754803,H1,0.00529384506366988,AX,-0.145342307541859,L1,-0.0118529986901586,L2,-0.0...
check iteration duration=4.10079956055e-05
GetData ===>> H2,-0.275207358775506,H1,0.00790637706276094,AX,-0.0247177194158589,L1,-0.0457932050561983,L2,-0....
check iteration duration=8.10623168945e-05
GetData ===>> H2,-0.176919809577843,H1,0.0118431978979984,AX,-0.203981134487586,L1,-0.0844380131104026,L2,-0.02...
testing H1>-5.0
evaluate ot="H1.bs>-5.0" t="H1>-5.0", ctx="{'H1': None}"
check iteration duration=0.000590085983276
12:42:52 -- collecting point 25
GetData ===>> H2,-0.32210857505866,H1,-0.0625603785170846,AX,-0.0782965621251781,L1,-0.0267511786622961,L2,0.00...
check iteration duration=8.58306884766e-05
GetData ===>> H2,-0.373551586967697,H1,0.0234398243945001,AX,-0.0885544555332064,L1,-0.0123600562500858,L2,-0.0...
check iteration duration=7.5101852417e-05
GetData ===>> H2,-0.229309262740239,H1,0.00943336797669687,AX,-0.0645133506988136,L1,-0.0236666711121684,L2,-0....
check iteration duration=8.29696655273e-05
GetData ===>> H2,-0.234346689834148,H1,0.00238315911851319,AX,-0.089446899075612,L1,0.000396063688620385,L2,-0....
check iteration duration=3.91006469727e-05
GetData ===>> H2,-0.353320495512392,H1,-0.0183470655365834,AX,-0.0359437759812214,L1,-0.0173281196595801,L2,0.0...
testing H1>-5.0
evaluate ot="H1.bs>-5.0" t="H1>-5.0", ctx="{'H1': None}"
check iteration duration=0.0018630027771
GetData ===>> H2,-0.217480047145983,H1,0.0602071465358069,AX,0.0368050369034298,L1,-0.0217404712418487,L2,-0.09...
check iteration duration=4.60147857666e-05
GetData ===>> H2,-0.158821280273674,H1,0.0119028478892115,AX,-0.138918749853604,L1,-0.0466179426744731,L2,-0.00...
check iteration duration=4.81605529785e-05
GetData ===>> H2,-0.151979713331724,H1,-0.0244054918889123,AX,-0.0316413804785845,L1,-0.0314168850827547,L2,0.0...
check iteration duration=7.5101852417e-05
GetData ===>> H2,-0.109635205816511,H1,-0.0154250556018585,AX,-0.0320008871155953,L1,-0.0329484896689054,L2,0.0...
check iteration duration=6.98566436768e-05
GetData ===>> H2,-0.209239364886477,H1,0.0220796566859029,AX,-0.0114952897131829,L1,-0.0716966418501501,L2,0.02...
testing H1>-5.0
evaluate ot="H1.bs>-5.0" t="H1>-5.0", ctx="{'H1': None}"
check iteration duration=0.00058388710022
GetData ===>> H2,-0.232146540449016,H1,-0.00282962017232864,AX,-0.136077871546455,L1,-0.0468992237669802,L2,-0....
check iteration duration=7.29560852051e-05
GetData ===>> H2,-0.218478527174436,H1,0.0438206902404705,AX,-0.0771026353451614,L1,-0.00848994922020453,L2,0.0...
check iteration duration=8.39233398438e-05
GetData ===>> H2,-0.231752217634298,H1,0.00925442252410771,AX,0.00248300347665228,L1,0.0106891557914641,L2,-0.0...
check iteration duration=4.10079956055e-05
GetData ===>> H2,-0.248709242957318,H1,0.150923888690424,AX,0.0190855593685764,L1,-0.014774546543293,L2,-0.0870...
check iteration duration=7.70092010498e-05
GetData ===>> H2,-0.140309273633309,H1,0.0231057464031405,AX,-0.126423952788594,L1,-0.0514871828218936,L2,0.002...
testing H1>-5.0
evaluate ot="H1.bs>-5.0" t="H1>-5.0", ctx="{'H1': None}"
check iteration duration=0.00065803527832
GetData ===>> H2,-0.125598103852589,H1,0.0288806800345267,AX,-0.0865145538397409,L1,-0.0587316974726083,L2,0.04...
check iteration duration=3.60012054443e-05
GetData ===>> H2,-0.259823694482739,H1,0.0141695738936189,AX,-0.1228670722375,L1,-0.0278210684864357,L2,-0.0460...
check iteration duration=4.00543212891e-05
GetData ===>> H2,-0.230352462374234,H1,-0.0114533706359275,AX,-0.105579012394613,L1,-0.00913387133352186,L2,0.0...
check iteration duration=7.00950622559e-05
GetData ===>> H2,-0.163615161508341,H1,0.0495371464381612,AX,-0.0576384036546889,L1,-0.0303270165278531,L2,-0.0...
check iteration duration=3.79085540771e-05
GetData ===>> H2,-0.198531869937824,H1,-0.00319939511965723,AX,-0.0333809163890324,L1,-0.0455490026985869,L2,0....
testing H1>-5.0
evaluate ot="H1.bs>-5.0" t="H1>-5.0", ctx="{'H1': None}"
check iteration duration=0.000586986541748
GetData ===>> H2,-0.166724023300496,H1,0.0716338859223733,AX,-0.112983591100192,L1,0.00256747267713439,L2,-0.06...
check iteration duration=5.29289245605e-05
GetData ===>> H2,-0.240423089072169,H1,0.038617686075937,AX,-0.0881835674973105,L1,-0.00809182406656289,L2,0.02...
check iteration duration=7.82012939453e-05
GetData ===>> H2,-0.199932885178132,H1,0.0733869884824269,AX,-0.0151954313024887,L1,-0.0640627340744454,L2,-0.0...
check iteration duration=3.981590271e-05
GetData ===>> H2,-0.251930293214598,H1,0.0492984569778756,AX,-0.0046165962878131,L1,-0.0414301864940393,L2,0.07...
check iteration duration=3.69548797607e-05
GetData ===>> H2,-0.218590362224893,H1,-0.0659459219916723,AX,-0.0638757284910019,L1,-0.0273969600455675,L2,-0....
testing H1>-5.0
evaluate ot="H1.bs>-5.0" t="H1>-5.0", ctx="{'H1': None}"
check iteration duration=0.00125598907471
12:43:18 -- collecting point 50
GetData ===>> H2,-0.299555517333222,H1,0.000104771388209812,AX,-0.0256223463211834,L1,-0.0398804040397048,L2,-0...
check iteration duration=8.08238983154e-05
GetData ===>> H2,-0.242300722349559,H1,0.00975547059753907,AX,-0.0746799621952139,L1,-0.036170255400603,L2,0.01...
check iteration duration=3.60012054443e-05
GetData ===>> H2,-0.276671378142381,H1,0.00883688437867143,AX,-0.131289832782515,L1,-0.0187983191509692,L2,-0.0...
check iteration duration=7.00950622559e-05
GetData ===>> H2,-0.26402081377907,H1,0.089500273170784,AX,-0.114721673442896,L1,-0.0397821872072334,L2,0.00749...
check iteration duration=6.60419464111e-05
GetData ===>> H2,-0.185261211092126,H1,-0.0100817311089461,AX,-0.0974785226062827,L1,-0.0184349864079483,L2,-0....
testing H1>-5.0
evaluate ot="H1.bs>-5.0" t="H1>-5.0", ctx="{'H1': None}"
check iteration duration=0.000657081604004
GetData ===>> H2,-0.241203791722267,H1,-0.0563731210921457,AX,-0.0821100747777464,L1,0.00793494113151884,L2,-0....
check iteration duration=3.2901763916e-05
GetData ===>> H2,-0.217690260797115,H1,0.00784672945288736,AX,-0.0695794004922324,L1,0.00877132671637284,L2,-0....
check iteration duration=3.60012054443e-05
GetData ===>> H2,-0.294135464404988,H1,0.0281528291434132,AX,0.000441235466287193,L1,-0.0176039483337161,L2,-0....
check iteration duration=3.79085540771e-05
GetData ===>> H2,-0.140880984758637,H1,0.0813777086326574,AX,-0.0347029428869105,L1,-0.0195872935871845,L2,-0.0...
check iteration duration=9.29832458496e-05
GetData ===>> H2,-0.172596539370379,H1,-0.00514367317518953,AX,0.0378611128379839,L1,-0.0426013472879794,L2,-0....
testing H1>-5.0
evaluate ot="H1.bs>-5.0" t="H1>-5.0", ctx="{'H1': None}"
check iteration duration=0.000694036483765
GetData ===>> H2,-0.245868038344599,H1,0.014205364715836,AX,-0.12181272760635,L1,-0.046358199523257,L2,-0.02144...
check iteration duration=4.00543212891e-05
waiting for write to finish
measurement finished
estimated time: 62.915 actual time: :63.278
flush and close file /Users/jan/PychronDev/data/isotopes/9c/9ea7bb-eb70-417a-be59-2db3aa0ae305.h5
activate_detectors ('H1', 'AX', 'CDD') {'peak_center': True}
peak_center () {'detector': 'H1', 'integration_time': 0.262144, 'isotope': 'Ar40'}
peak center: mean=1404.23114704 threshold=3
peak center started
setup peak center. detector=['H1', 'AX', 'CDD'], isotope=Ar40
VersionedUnpickler [<apptools.sweet_pickle.versioned_unpickler.VersionedUnpickler object at 0x23ad39110>] using Updater [<apptools.sweet_pickle.updater.Updater object at 0x12e273d10>]
VersionedUnpickler [<apptools.sweet_pickle.versioned_unpickler.VersionedUnpickler object at 0x23ad39110>] using Updater [<apptools.sweet_pickle.updater.Updater object at 0x12e273d10>]
VersionedUnpickler [<apptools.sweet_pickle.versioned_unpickler.VersionedUnpickler object at 0x22a9c1230>] using Updater [<apptools.sweet_pickle.updater.Updater object at 0x12e273d10>]
setting integration time = 0.524288
SetIntegrationTime 0.524288 ===>> OK
Mapping mass to dac mass func: "parabolic"
H1 map mass coeffs = [-0.00063987  0.15840543  0.57269999]
H1 map mass to dac 39.9624 >> 5.88109
GetDeflection H1 ===>> 0
GetHighVoltage ===>> 4499.94659342336
do peak center. <pychron.spectrometer.jobs.peak_center.PeakCenter object at 0x16275af50>
doing pc
starting peak center. center dac= 5.88105536681 step_width=0.001
width = 0.001
get scan parameters. half-width=0.015,window=0.015, i=0, scalar=1
Scan parameters center=5.88106 width=0.03000 (5.86606 - 5.89606)
GetData ===>> H2,-0.223255457973269,H1,0.0224017999993944,AX,-0.134280538338299,L1,-0.0212897327686287,L2,-0.04...
Moving to starting dac 5.86605536681
setting magnet DAC
current  : 5.241715
requested: 5.866055
Delta Dac: 0.624340
Checking detector protection. dv=0.62434
Checking detector "CDD". Protection Threshold: 0.1 (V)
ProtectDetector CDD,On ===>> OK
GetDeflection CDD ===>> 2000
Protected = 2000
SetMagnetDAC 5.86605536681 ===>> OK
Magnet settling time: 0.500
GetMagnetMoving ===>> True
GetMagnetMoving ===>> True
GetMagnetMoving ===>> True
GetMagnetMoving ===>> True
GetMagnetMoving ===>> True
GetMagnetMoving ===>> True
GetMagnetMoving ===>> True
GetMagnetMoving ===>> True
GetMagnetMoving ===>> False
ProtectDetector CDD,Off ===>> OK
GetDeflection CDD ===>> 50
Wait until signal near baseline. tol= 0.0168013499995. timeout= 10
GetData ===>> H2,3.11384684656987,H1,0.979692186497983,AX,0.0511849008254301,L1,0.012675890690334,L2,0.13368312...
GetData ===>> H2,71.4232209253933,H1,24.6506672395913,AX,1.24638581771373,L1,0.0329071140303629,L2,-0.118301559...
GetData ===>> H2,82.66924727415,H1,40.5450239501064,AX,2.78428760208701,L1,0.0318856963096717,L2,-0.06094542798...
GetData ===>> H2,44.5623210198502,H1,19.8909520137595,AX,1.44625118295421,L1,-0.00349785585799092,L2,-0.1470795...
GetData ===>> H2,18.4688164522769,H1,10.4057915640574,AX,0.639657953199649,L1,-0.00570754035088918,L2,-0.151476...
GetData ===>> H2,6.24305424818122,H1,5.91825463367222,AX,0.355738645625074,L1,0.00851271319020441,L2,-0.0609454...
GetData ===>> H2,1.71635518591092,H1,3.722943808747,AX,0.0543812284984977,L1,-0.0185098406565727,L2,0.083296430...
GetData ===>> H2,0.554407206186807,H1,2.66300907902532,AX,0.0469136622108249,L1,-0.0260349750809526,L2,-0.03472...
GetData ===>> H2,0.417262674913096,H1,2.0512834124667,AX,0.00384033886388153,L1,-0.0258242904496511,L2,-0.13894...
GetData ===>> H2,0.337338969555944,H1,1.86923182595169,AX,0.0358418127983203,L1,0.0137193527773413,L2,0.1844842...
GetData ===>> H2,0.286367178922693,H1,1.66438902695656,AX,0.0496528045539171,L1,-0.00700289532675878,L2,-0.0227...
GetData ===>> H2,0.200624713366394,H1,1.59447837951212,AX,0.0933849472111926,L1,-0.000238825931711436,L2,-0.064...
GetData ===>> H2,0.11207298231082,H1,1.49577918696873,AX,0.13214921412601,L1,-0.0109119376462564,L2,-0.01268403...
GetData ===>> H2,0.171106520422583,H1,1.56051784563915,AX,0.0979282855363253,L1,0.0139736380731556,L2,-0.041712...
GetData ===>> H2,0.209173720545629,H1,1.48938690620304,AX,0.0625607494615543,L1,-0.00955473671094415,L2,-0.0640...
GetData ===>> H2,0.172539056129735,H1,1.55056274558107,AX,0.0777862201769883,L1,-0.0293502826225791,L2,-0.08336...
GetData ===>> H2,0.179035639777161,H1,1.58045504544118,AX,-0.00446579317886298,L1,-0.0255130437137265,L2,0.0310...
GetData ===>> H2,0.126091762256318,H1,1.57182072011135,AX,0.037884323426764,L1,-0.0154306249783408,L2,0.0515276...
GetData ===>> H2,0.0625067176196574,H1,1.54000756525028,AX,0.0894908259122225,L1,-0.00976096631205711,L2,-0.036...
GetData ===>> H2,0.0310421823479407,H1,1.51702561763327,AX,0.0548909802663202,L1,0.00787016393194686,L2,-0.1297...
GetData ===>> H2,-0.0652522187952395,H1,1.5324585237684,AX,0.0308981860383857,L1,-0.0185481751459767,L2,0.00530...
Peak center failed to move to a baseline position
_do_sweep sm= 5.86605536681, em= 5.89605536681, stm= 0.001
calculated step values: start=5.86605536681, end=5.89605536681, width=0.001, nsteps=31.0
setting magnet DAC
current  : 5.866055
requested: 5.866055
Delta Dac: 0.000000
Checking detector protection. dv=0.00000
Checking detector "CDD". Protection Threshold: 0.1 (V)
SetMagnetDAC 5.86605536681 ===>> OK
GetData ===>> H2,-0.0652522187952395,H1,1.5324585237684,AX,0.0308981860383857,L1,-0.0185481751459767,L2,0.00530...
setting magnet DAC
current  : 5.866055
requested: 5.867090
Delta Dac: 0.001034
Checking detector protection. dv=0.00103
Checking detector "CDD". Protection Threshold: 0.1 (V)
SetMagnetDAC 5.86708984957 ===>> OK
Magnet settling time: 1.049
GetData ===>> H2,0.00158673263250913,H1,3.00827454181334,AX,0.126352140544209,L1,-0.0459823380976804,L2,-0.0063...
setting magnet DAC
current  : 5.867090
requested: 5.868124
Delta Dac: 0.001034
Checking detector protection. dv=0.00103
Checking detector "CDD". Protection Threshold: 0.1 (V)
SetMagnetDAC 5.86812433233 ===>> OK
Magnet settling time: 1.049
GetData ===>> H2,-0.0754635133681064,H1,9.03681443619686,AX,0.576023424722715,L1,-0.0242511986539221,L2,0.00683...
setting magnet DAC
current  : 5.868124
requested: 5.869159
Delta Dac: 0.001034
Checking detector protection. dv=0.00103
Checking detector "CDD". Protection Threshold: 0.1 (V)
SetMagnetDAC 5.86915881509 ===>> OK
Magnet settling time: 1.049
GetData ===>> H2,-0.113753232054812,H1,31.9304628470358,AX,1.80965193435272,L1,0.0134386868345932,L2,-0.0471524...
setting magnet DAC
current  : 5.869159
requested: 5.870193
Delta Dac: 0.001034
Checking detector protection. dv=0.00103
Checking detector "CDD". Protection Threshold: 0.1 (V)
SetMagnetDAC 5.87019329785 ===>> OK
Magnet settling time: 1.049
GetData ===>> H2,-0.0377112255252705,H1,109.277387688793,AX,5.92359165795159,L1,0.0313521968831564,L2,-0.104564...
setting magnet DAC
current  : 5.870193
requested: 5.871228
Delta Dac: 0.001034
Checking detector protection. dv=0.00103
Checking detector "CDD". Protection Threshold: 0.1 (V)
SetMagnetDAC 5.87122778061 ===>> OK
Magnet settling time: 1.049
GetData ===>> H2,0.0166166028520879,H1,296.349278082374,AX,17.223267987572,L1,0.100423437146503,L2,0.0655420131...
setting magnet DAC
current  : 5.871228
requested: 5.872262
Delta Dac: 0.001034
Checking detector protection. dv=0.00103
Checking detector "CDD". Protection Threshold: 0.1 (V)
SetMagnetDAC 5.87226226336 ===>> OK
Magnet settling time: 1.049
GetData ===>> H2,-0.0372849924868122,H1,611.398362262774,AX,39.4080807005759,L1,0.229791103370713,L2,0.08703462...
setting magnet DAC
current  : 5.872262
requested: 5.873297
Delta Dac: 0.001034
Checking detector protection. dv=0.00103
Checking detector "CDD". Protection Threshold: 0.1 (V)
SetMagnetDAC 5.87329674612 ===>> OK
Magnet settling time: 1.049
GetData ===>> H2,-0.033833818163016,H1,950.471674078065,AX,67.4497386316128,L1,0.464001070469557,L2,0.182065629...
setting magnet DAC
current  : 5.873297
requested: 5.874331
Delta Dac: 0.001034
Checking detector protection. dv=0.00103
Checking detector "CDD". Protection Threshold: 0.1 (V)
SetMagnetDAC 5.87433122888 ===>> OK
Magnet settling time: 1.049
GetData ===>> H2,-0.199594445994531,H1,1180.43255234551,AX,90.1995460671144,L1,0.850703713074012,L2,0.161441336...
setting magnet DAC
current  : 5.874331
requested: 5.875366
Delta Dac: 0.001034
Checking detector protection. dv=0.00103
Checking detector "CDD". Protection Threshold: 0.1 (V)
SetMagnetDAC 5.87536571164 ===>> OK
Magnet settling time: 1.049
GetData ===>> H2,-0.0235175116562557,H1,1314.7057385231,AX,107.477301504641,L1,1.21616283982512,L2,0.3026999651...
setting magnet DAC
current  : 5.875366
requested: 5.876400
Delta Dac: 0.001034
Checking detector protection. dv=0.00103
Checking detector "CDD". Protection Threshold: 0.1 (V)
SetMagnetDAC 5.8764001944 ===>> OK
Magnet settling time: 1.049
GetData ===>> H2,-0.119095505857629,H1,1334.81697878885,AX,110.749791754299,L1,1.42259417795239,L2,0.5218978160...
setting magnet DAC
current  : 5.876400
requested: 5.877435
Delta Dac: 0.001034
Checking detector protection. dv=0.00103
Checking detector "CDD". Protection Threshold: 0.1 (V)
SetMagnetDAC 5.87743467716 ===>> OK
Magnet settling time: 1.049
GetData ===>> H2,-0.138324727376845,H1,1339.77437746991,AX,111.569224874334,L1,1.54001573753286,L2,0.4421917039...
setting magnet DAC
current  : 5.877435
requested: 5.878469
Delta Dac: 0.001034
Checking detector protection. dv=0.00103
Checking detector "CDD". Protection Threshold: 0.1 (V)
SetMagnetDAC 5.87846915992 ===>> OK
Magnet settling time: 1.049
GetData ===>> H2,-0.131783474419535,H1,1340.67281958987,AX,111.732020403466,L1,1.59998222992406,L2,0.5159558379...
setting magnet DAC
current  : 5.878469
requested: 5.879504
Delta Dac: 0.001034
Checking detector protection. dv=0.00103
Checking detector "CDD". Protection Threshold: 0.1 (V)
SetMagnetDAC 5.87950364267 ===>> OK
Magnet settling time: 1.049
GetData ===>> H2,-0.10793760733604,H1,1340.61276681608,AX,111.877680941347,L1,1.60860350792078,L2,0.48070005676...
setting magnet DAC
current  : 5.879504
requested: 5.880538
Delta Dac: 0.001034
Checking detector protection. dv=0.00103
Checking detector "CDD". Protection Threshold: 0.1 (V)
SetMagnetDAC 5.88053812543 ===>> OK
Magnet settling time: 1.049
GetData ===>> H2,-0.173012034090196,H1,1340.52940987422,AX,111.746041828286,L1,1.62008930353912,L2,0.3475397132...
setting magnet DAC
current  : 5.880538
requested: 5.881573
Delta Dac: 0.001034
Checking detector protection. dv=0.00103
Checking detector "CDD". Protection Threshold: 0.1 (V)
SetMagnetDAC 5.88157260819 ===>> OK
Magnet settling time: 1.049
GetData ===>> H2,-0.226766759699225,H1,1340.62672361814,AX,111.893889171497,L1,1.66739914319318,L2,0.4727504467...
setting magnet DAC
current  : 5.881573
requested: 5.882607
Delta Dac: 0.001034
Checking detector protection. dv=0.00103
Checking detector "CDD". Protection Threshold: 0.1 (V)
SetMagnetDAC 5.88260709095 ===>> OK
Magnet settling time: 1.049
GetData ===>> H2,-0.0834336137925195,H1,1339.99665828245,AX,111.98397828999,L1,1.6852986067408,L2,0.37090301265...
setting magnet DAC
current  : 5.882607
requested: 5.883642
Delta Dac: 0.001034
Checking detector protection. dv=0.00103
Checking detector "CDD". Protection Threshold: 0.1 (V)
SetMagnetDAC 5.88364157371 ===>> OK
Magnet settling time: 1.049
GetData ===>> H2,-0.145067374188156,H1,1338.57110016984,AX,111.700841938599,L1,1.66208193602511,L2,0.4140396902...
setting magnet DAC
current  : 5.883642
requested: 5.884676
Delta Dac: 0.001034
Checking detector protection. dv=0.00103
Checking detector "CDD". Protection Threshold: 0.1 (V)
SetMagnetDAC 5.88467605647 ===>> OK
Magnet settling time: 1.049
GetData ===>> H2,-0.061817637961886,H1,1334.83216679647,AX,110.734469010021,L1,1.6554024245003,L2,0.36814201350...
setting magnet DAC
current  : 5.884676
requested: 5.885711
Delta Dac: 0.001034
Checking detector protection. dv=0.00103
Checking detector "CDD". Protection Threshold: 0.1 (V)
SetMagnetDAC 5.88571053923 ===>> OK
Magnet settling time: 1.049
GetData ===>> H2,-0.197498864045426,H1,1325.7322188231,AX,109.242620259803,L1,1.67155514320737,L2,0.38308886819...
setting magnet DAC
current  : 5.885711
requested: 5.886745
Delta Dac: 0.001034
Checking detector protection. dv=0.00103
Checking detector "CDD". Protection Threshold: 0.1 (V)
SetMagnetDAC 5.88674502198 ===>> OK
Magnet settling time: 1.049
GetData ===>> H2,-0.176691464950187,H1,1293.34808490169,AX,104.38506753517,L1,1.55425366471141,L2,0.41317220073...
setting magnet DAC
current  : 5.886745
requested: 5.887780
Delta Dac: 0.001034
Checking detector protection. dv=0.00103
Checking detector "CDD". Protection Threshold: 0.1 (V)
SetMagnetDAC 5.88777950474 ===>> OK
Magnet settling time: 1.049
GetData ===>> H2,-0.187943533401922,H1,1194.133517827,AX,90.8407487056384,L1,1.34390048419146,L2,0.219150339173...
setting magnet DAC
current  : 5.887780
requested: 5.888814
Delta Dac: 0.001034
Checking detector protection. dv=0.00103
Checking detector "CDD". Protection Threshold: 0.1 (V)
SetMagnetDAC 5.8888139875 ===>> OK
Magnet settling time: 1.049
GetData ===>> H2,-0.284331416289635,H1,966.384634232671,AX,66.3224384843751,L1,1.06135716672231,L2,0.2600692132...
setting magnet DAC
current  : 5.888814
requested: 5.889848
Delta Dac: 0.001034
Checking detector protection. dv=0.00103
Checking detector "CDD". Protection Threshold: 0.1 (V)
SetMagnetDAC 5.88984847026 ===>> OK
Magnet settling time: 1.049
GetData ===>> H2,-0.288097738353787,H1,638.875758052505,AX,38.1252336410657,L1,0.740420724078257,L2,0.111199630...
setting magnet DAC
current  : 5.889848
requested: 5.890883
Delta Dac: 0.001034
Checking detector protection. dv=0.00103
Checking detector "CDD". Protection Threshold: 0.1 (V)
SetMagnetDAC 5.89088295302 ===>> OK
Magnet settling time: 1.049
GetData ===>> H2,-0.226548843813794,H1,329.235559373539,AX,16.7480875379224,L1,0.488419523205849,L2,0.007743327...
setting magnet DAC
current  : 5.890883
requested: 5.891917
Delta Dac: 0.001034
Checking detector protection. dv=0.00103
Checking detector "CDD". Protection Threshold: 0.1 (V)
SetMagnetDAC 5.89191743578 ===>> OK
Magnet settling time: 1.049
GetData ===>> H2,-0.158638937717722,H1,127.594573808689,AX,5.32359724420059,L1,0.297931912773722,L2,-0.16500722...
setting magnet DAC
current  : 5.891917
requested: 5.892952
Delta Dac: 0.001034
Checking detector protection. dv=0.00103
Checking detector "CDD". Protection Threshold: 0.1 (V)
SetMagnetDAC 5.89295191854 ===>> OK
Magnet settling time: 1.049
GetData ===>> H2,-0.0864050504642627,H1,19.7103946131482,AX,0.507992464247345,L1,0.114935642082284,L2,-0.107863...
setting magnet DAC
current  : 5.892952
requested: 5.893986
Delta Dac: 0.001034
Checking detector protection. dv=0.00103
Checking detector "CDD". Protection Threshold: 0.1 (V)
SetMagnetDAC 5.8939864013 ===>> OK
Magnet settling time: 1.049
GetData ===>> H2,-0.0997358029887613,H1,4.71900842815123,AX,-0.0533601560266446,L1,0.0818972503842891,L2,0.0156...
setting magnet DAC
current  : 5.893986
requested: 5.895021
Delta Dac: 0.001034
Checking detector protection. dv=0.00103
Checking detector "CDD". Protection Threshold: 0.1 (V)
SetMagnetDAC 5.89502088405 ===>> OK
Magnet settling time: 1.049
GetData ===>> H2,-0.148006744971231,H1,0.942833197281767,AX,-0.106239537614635,L1,0.0119970986532893,L2,-0.0080...
setting magnet DAC
current  : 5.895021
requested: 5.896055
Delta Dac: 0.001034
Checking detector protection. dv=0.00103
Checking detector "CDD". Protection Threshold: 0.1 (V)
SetMagnetDAC 5.89605536681 ===>> OK
Magnet settling time: 1.049
GetData ===>> H2,-0.130888858824037,H1,0.0231296090798196,AX,-0.0678057334312349,L1,-0.0196765812450849,L2,-0.0...
result of _do_sweep=True
result of _calculate_peak_center=([5.8734802165118669, 5.8810854269327084, 5.8886906373535499], [991.25631882095058, 1340.6710143962691, 993.54106424044426], 5.8785002565920275, 1340.6710143962691)
Failed to find a valid peak. No peak greater than 1.0. max = 0.586408546356
new center pos Detector(H1) (Ar40) @ 5.88108542693
GetHighVoltage ===>> 4499.94659342336
GetDeflection H1 ===>> 0
dac uncorrected for HV and deflection 5.8811200603
update mftable H1 Ar40 5.8811200603 message=automated run peakcenter
get initial guess parabolic
get initial guess parabolic
get initial guess parabolic
get initial guess parabolic
get initial guess parabolic
get initial guess parabolic
dump mftable to /Users/jan/PychronDev/setupfiles/spectrometer/mftables/mftable.csv
add to repo msg=modified - automated run peakcenter
sweep finished
locally archiving mftable
setting magnet DAC
current  : 5.896055
requested: 5.881085
Delta Dac: 0.014970
Checking detector protection. dv=0.01497
Checking detector "CDD". Protection Threshold: 0.1 (V)
SetMagnetDAC 5.88108542693 ===>> OK
Magnet settling time: 0.500
setting integration time = 1.048576
SetIntegrationTime 1.048576 ===>> OK
Failed to find a valid peak. No peak greater than 1.0. max = 0.586408546356
flush and close file /Users/jan/PychronDev/data/isotopes/9c/9ea7bb-eb70-417a-be59-2db3aa0ae305.h5
finished measure script
executed snippet estimated_duration=226.132928, duration=273.582432985
jan_unknown120_60.py completed successfully
Measurement Finished
12:44:16 -- ******* Measurement Finished *******
Post Measurement Started jan_pump_ms.py
12:44:16 -- ******* Post Measurement Started jan_pump_ms.py *******
testing...
no interpolation path defined
executed snippet estimated_duration=0, duration=2.69412994385e-05
Pumping spectrometer
open () {'name': 'O'}
opening name=O desc=---
checking ownership. requestor=129.138.12.150
check software interlocks O
interlocks []
actuate state mode=None-script, software_lock=False
doing actuation None-script open_channel True
Open O ===>> OK
GetIndicatorState O ===>> OK
change switch state (True, True)
update switch state O True args=() kw={} ncanvase=8
12:44:16 -- OPEN   VALVE-O (Jan Ion Pump)
---------------------------------------- open O () result=[(True, True)], time=0.10 sec
action=open, ok=True, locked=[False]
executed snippet estimated_duration=0, duration=0.352890968323
jan_pump_ms.py completed successfully
setting _ms_pumptime
Post Measurement Finished
12:44:17 -- ******* Post Measurement Finished *******
$$$$$$$$$$$$$$$$$$$$ state at run end measurement
state changed from measurement to success
post measurement save measured=True aborted=False
Set filtering
setting fod for Ar40= {'filter_outliers': True, 'std_devs': 2, 'iterations': 1}
setting fod for H1= {'filter_outliers': True, 'std_devs': 2, 'iterations': 1}
setting fod for PM41= {'filter_outliers': False, 'std_devs': 2, 'iterations': 1}
setting fod for H2= {'filter_outliers': True, 'std_devs': 2, 'iterations': 1}
setting fod for Ar36= {'filter_outliers': True, 'std_devs': 2, 'iterations': 1}
setting fod for CDD= {'filter_outliers': True, 'std_devs': 10, 'iterations': 1}
setting fod for Ar37= {'filter_outliers': True, 'std_devs': 2, 'iterations': 1}
setting fod for L2= {'filter_outliers': True, 'std_devs': 2, 'iterations': 1}
setting fod for Ar38= {'filter_outliers': True, 'std_devs': 2, 'iterations': 1}
setting fod for L1= {'filter_outliers': True, 'std_devs': 2, 'iterations': 1}
setting fod for Ar39= {'filter_outliers': True, 'std_devs': 2, 'iterations': 1}
setting fod for AX= {'filter_outliers': True, 'std_devs': 2, 'iterations': 1}
persistence save...
persistence save - db
post measurement save
9612454416 connecting to database sqlite:////Users/jan/PychronDev/.appdata/local_lab.db
connected to db sqlite:////Users/jan/PychronDev/.appdata/local_lab.db
create new session 9612454416
close session 9612454416
No database instance. Not saving post measurement to isotopedb database
$$$$$$$$$$$$$$$ auto_save_detector_ic=False
massspec enabled True
create new session 6484677072
MassSpec Database Version: 16.0
close session 6484677072
saving post measurement to secondary database
saving to massspec database 129.138.12.160/massspecdata
setting labnumber to 65475
setting aliquot to 20
setting step to 
setting uuid to 9c9ea7bb-eb70-417a-be59-2db3aa0ae305
setting irradpos to 65475
setting extract_device to Fusions CO2
setting tray to 
setting position to 110
setting power_requested to 5.0
setting extract_value to 5.0
setting duration to 30.0
setting duration_at_request to 30.0
setting first_stage_delay to 30.0
setting cleanup to 30.0
setting comment to P:7
setting irradiation to NM-288
setting level to P
setting irradiation_level to P
setting sample to Goat Mtn
setting material to Sanidine
setting project to IR989
setting mass_spectrometer to Jan
no attribute chron_dosages
no attribute production_ratios
no attribute interference_corrections
no attribute production_name
no attribute j
Reference Isotope=Ar40
Reference Detector=H1
%%%%%%%%%%%%%%%%%%%% Comment: P:7 %%%%%%%%%%%%%%%%%%%
adding isotope PM41 H2
add baseline dbdet= PM41. original det= H2
get baseline data PM41 H2
Get data baseline <pychron.processing.isotope.Baseline object at 0x225d9b350> len t=60
baseline PM41. v=-0.205208495659, e=0.00664738273727
get signal data PM41 H2
Get data signal PM41 0.14+/-0.08 len t=120
adding isotope Ar40 H1
add baseline dbdet= Ar40. original det= H1
get baseline data Ar40 H1
Get data baseline <pychron.processing.isotope.Baseline object at 0x225d9b8d0> len t=60
baseline Ar40. v=-0.00212102930686, e=0.00586311244962
get signal data Ar40 H1
Get data signal Ar40 1474.51+/-0.10 len t=120
adding isotope Ar39 AX
add baseline dbdet= Ar39. original det= AX
get baseline data Ar39 AX
Get data baseline <pychron.processing.isotope.Baseline object at 0x225d9bc90> len t=60
baseline Ar39. v=-0.0788128982722, e=0.00667892251449
get signal data Ar39 AX
Get data signal Ar39 122.481+/-0.024 len t=120
adding isotope Ar38 L1
add baseline dbdet= Ar38. original det= L1
get baseline data Ar38 L1
Get data baseline <pychron.processing.isotope.Baseline object at 0x225d9b690> len t=60
baseline Ar38. v=-0.0263945624362, e=0.00242821637459
get signal data Ar38 L1
Get data signal Ar38 1.848+/-0.005 len t=120
adding isotope Ar37 L2
add baseline dbdet= Ar37. original det= L2
get baseline data Ar37 L2
Get data baseline <pychron.processing.isotope.Baseline object at 0x1fcde0ad0> len t=60
baseline Ar37. v=-0.0149451257173, e=0.00588011581641
get signal data Ar37 L2
Get data signal Ar37 0.456+/-0.011 len t=120
adding isotope Ar36 CDD
add baseline dbdet= Ar36. original det= CDD
get baseline data Ar36 CDD
Get data baseline <pychron.processing.isotope.Baseline object at 0x1fcde0910> len t=60
baseline Ar36. v=0.000312617369013, e=2.41805193687e-05
get signal data Ar36 CDD
Get data signal Ar36 0.6210+/-0.0017 len t=120
65475-20 added analysis time 0.500094890594s
analysis added to mass spec database
mass spec save time= 0.508
persistence save - dvc
================= post measurement started
create new session 4992585168
close session 4992585168
---------------- Experiment Queue saving disabled
DVC saving peakcenter
Failed to find a valid peak. No peak greater than 1.0. max = 0.586408546356
Smart pull ahead: 0 behind: 0
Up-to-date with origin
add to repo msg=modified - ad8224ebc6dbfeb9f5997218dfa5fe690569839d.json
add to repo msg=modified - 75-20.json
add to repo msg=modified - 75-20.dat.json
add to repo msg=modified - 75-20.blan.json
add to repo msg=modified - 75-20.inte.json
add to repo msg=modified - 75-20.icfa.json
add to repo msg=modified - 75-20.base.json
not at valid file /Users/jan/PychronDev/data/.dvc/repositories/Load1795/654/tags/75-20.tags.json
add to repo msg=modified - 75-20.peak.json
add to repo msg=modified - 75-20.extr.json
not at valid file /Users/jan/PychronDev/data/.dvc/repositories/Load1795/654/monitor/75-20.moni.json
commit message=<COLLECTION>
add to repo msg=modified - 75-20.inte.json
add to repo msg=modified - 75-20.base.json
commit message=<ISOEVO> default collection fits
add to repo msg=modified - 75-20.blan.json
commit message=<BLANKS> preceding bu-FC-J-7823
add to repo msg=modified - 75-20.icfa.json
commit message=<ICFactor> default
push repository <pychron.git_archive.repo_manager.GitRepoManager object at 0x247ee7110>
pushing to remote=origin, url=https://github.com
no changes to meta repo
create new session 4992585168
add association Load1795
get identifier "65475"
setting analysis irradiation position=<pychron.dvc.dvc_orm.IrradiationPositionTbl object at 0x21e188110>
close session 4992585168
================= post measurement finished
12:44:29 -- ******* Post Run Check *******
loading queue conditionals post_run_actions
loading system conditionals post_run_actions
loading conditionals from /Users/jan/PychronDev/setupfiles/spectrometer/default_conditionals.yaml
loading queue conditionals post_run_terminations
loading system conditionals post_run_terminations
loading conditionals from /Users/jan/PychronDev/setupfiles/spectrometer/default_conditionals.yaml
Checking default post run terminations n=1
GetDeflection CDD ===>> 50
testing CDD==2000
evaluate ot="CDD.deflection==2000" t="CDD==2000", ctx="{'CDD': 50.0}"
12:44:29 -- ******* Post Run Check Passed *******
12:44:29 -- Automated run 65475-20 success duration: 364.264 s
----------------- finish -----------------
----------------- stop -----------------
retroactive repository identifiers disabled
finish run. runs completed=188
update duration runid=65475-20, duration=364.264043808, md5=301e91d8
loading script "jan_unknown120_60.py"
loading script "jan_pump_ms.py"
loading script "jan_co2.py"
loading script "jan_pump_extraction_line.py"
testing...
no interpolation path defined
executed snippet estimated_duration=213.652928, duration=0.00021505355835
script duration name:unknown120_60 seconds:214.0
loading script "jan_unknown120_60.py"
loading script "jan_pump_ms.py"
loading script "jan_co2.py"
loading script "jan_pump_extraction_line.py"
testing...
no interpolation path defined
executed snippet estimated_duration=0, duration=2.71797180176e-05
loading script "jan_unknown120_60.py"
loading script "jan_pump_ms.py"
loading script "jan_co2.py"
loading script "jan_pump_extraction_line.py"
testing...
no interpolation path defined
calculate duration
testing...
no interpolation path defined
executed snippet estimated_duration=0, duration=5.00679016113e-05
calculate duration
testing...
no interpolation path defined
executed snippet estimated_duration=0, duration=8.98838043213e-05
executed snippet estimated_duration=0.0, duration=0.00311088562012
script duration name:co2 seconds:0.0
loading script "jan_unknown120_60.py"
loading script "jan_pump_ms.py"
loading script "jan_co2.py"
loading script "jan_pump_extraction_line.py"
testing...
no interpolation path defined
calculate duration
testing...
no interpolation path defined
executed snippet estimated_duration=4.0, duration=0.000150203704834
executed snippet estimated_duration=4.0, duration=0.00136184692383
Script duration 214.0
Run total estimated duration= 215.000
unknown120_60 in script context. using previous estimated duration
script duration name:unknown120_60 seconds:214.0
pump_ms in script context. using previous estimated duration
co2 in script context. using previous estimated duration
script duration name:co2 seconds:0.0
pump_extraction_line in script context. using previous estimated duration
Script duration 214.0
Run total estimated duration= 215.000
script duration name:unknown120_60 seconds:214.0
script duration name:co2 seconds:0.0
Script duration 214.0
Run total estimated duration= 215.000
script duration name:unknown120_60 seconds:214.0
script duration name:co2 seconds:0.0
Script duration 214.0
Run total estimated duration= 215.000
script duration name:unknown120_60 seconds:214.0
script duration name:co2 seconds:0.0
Script duration 214.0
Run total estimated duration= 215.000
script duration name:unknown120_60 seconds:214.0
script duration name:co2 seconds:0.0
Script duration 214.0
Run total estimated duration= 215.000
nruns=6 before=0.0, run_dur=1290.0, btw=225.0
write rem/ex queues
/Users/jan/PychronDev/experiments/rem/CurrentExperiment.rem.txt
/Users/jan/PychronDev/experiments/rem/CurrentExperiment.ex.txt
doing event level: 3
