do run
loading script "jan_unknown120_60.py"
loading script "jan_pump_ms.py"
loading script "jan_co2.py"
loading script "jan_pump_extraction_line.py"
testing...
no interpolation path defined
executed snippet estimated_duration=213.652928, duration=0.000183820724487
script duration name:unknown120_60 seconds:214.0
loading script "jan_unknown120_60.py"
loading script "jan_pump_ms.py"
loading script "jan_co2.py"
loading script "jan_pump_extraction_line.py"
testing...
no interpolation path defined
executed snippet estimated_duration=0, duration=1.69277191162e-05
loading script "jan_unknown120_60.py"
loading script "jan_pump_ms.py"
loading script "jan_co2.py"
loading script "jan_pump_extraction_line.py"
testing...
no interpolation path defined
calculate duration
testing...
no interpolation path defined
executed snippet estimated_duration=0, duration=3.79085540771e-05
calculate duration
testing...
no interpolation path defined
executed snippet estimated_duration=0, duration=6.98566436768e-05
executed snippet estimated_duration=0.0, duration=0.00173497200012
script duration name:co2 seconds:0.0
loading script "jan_unknown120_60.py"
loading script "jan_pump_ms.py"
loading script "jan_co2.py"
loading script "jan_pump_extraction_line.py"
testing...
no interpolation path defined
calculate duration
testing...
no interpolation path defined
executed snippet estimated_duration=4.0, duration=0.000171899795532
executed snippet estimated_duration=4.0, duration=0.00108599662781
Script duration 214.0
Run total estimated duration= 215.000
run duration: 0:03:35
doing event level: 2
12:59:12 -- Setting default integration. t=1.048576
setting integration time = 1.048576
SetIntegrationTime 1.048576 ===>> OK
----------------- start -----------------
**************** Experiment Type: Ar/Ar, Ar/Ar
create new session 4419438256
close session 4419438256
$$$$$ Clearing conditionals
adding conditionals 
Add queue conditionals
add default conditionals
adding default conditionals from /Users/jan/PychronDev/setupfiles/spectrometer/default_conditionals.yaml
Start automated run 65475-23
loading script "jan_unknown120_60.py"
loading script "jan_pump_ms.py"
loading script "jan_co2.py"
loading script "jan_pump_extraction_line.py"
%%%%%%%%%%%%%%%%%% setting automated run 65475-23
No value "sensitivity_multiplier" in metadata
$$$$$$$$$$$$$$$ auto_save_detector_ic=False
============================= Pre Extraction Check =============================
loading queue conditionals pre_run_terminations
loading system conditionals pre_run_terminations
loading conditionals from /Users/jan/PychronDev/setupfiles/spectrometer/default_conditionals.yaml
12:59:12 -- ******* Pre Extraction Check *******
Get a measurement from the spectrometer
GetData ===>> H2,-0.148048580090827,H1,0.0542275097814795,AX,-0.169397892277538,L1,0.0100566399000365,L2,0.0757...
Pre Extraction Termination data. keys=H2,H1,AX,L1,L2,CDD, signals=-0.14805,0.05423,-0.16940,0.01006,0.07571,0.00372
12:59:12 -- testing system defined conditionals
Checking default pre extraction terminations n=2
testing CDD
evaluate ot="CDD.inactive" t="CDD", ctx="{'CDD': False}"
GetDeflection CDD ===>> 50
testing CDD==2000
evaluate ot="CDD.deflection==2000" t="CDD==2000", ctx="{'CDD': 50.0}"
12:59:12 -- ******* Pre Extraction Check Passed *******
=================================================================================
12:59:12 -- stopping status monitor
stop 6901184944
Alive clients [5025639504, 5288834736, 4992986192]
12:59:12 -- starting status monitor
start 6901184944
Monitor already running
start extraction
do extraction
Analysis started at 12:59:12.969964
Extraction Started jan_co2.py
12:59:12 -- ******* Extraction Started jan_co2.py *******
state changed from not run to extraction
DO EXTRACTION <pychron.extraction_line.pyscript_runner.RemotePyScriptRunner object at 0x12bfe48f0>
testing...
no interpolation path defined
calculate duration
testing...
no interpolation path defined
executed snippet estimated_duration=0, duration=4.10079956055e-05
calculate duration
testing...
no interpolation path defined
executed snippet estimated_duration=0, duration=7.70092010498e-05
executed snippet estimated_duration=100.0, duration=0.00170111656189
Jan CO2 laser analysis
doing GOSUB
testing...
no interpolation path defined
executed snippet estimated_duration=0, duration=8.10623168945e-05
Waiting for CO2 access
wait ('FelixCO2Flag', 0) {}
waiting for FelixCO2Flag = 0
Read FelixCO2Flag ===>> 0
finished waiting
CO2 free
wait ('CO2PumpTimeFlag', 0) {}
waiting for CO2PumpTimeFlag = 0
Read CO2PumpTimeFlag ===>> 0
finished waiting
acquire ('JanCO2Flag',) {'clear': True}
acquire JanCO2Flag
Set JanCO2Flag 1 ===>> OK
JanCO2Flag acquired
set extraction state False (0.75, 'red', 1.5)
CO2 acquired
executed snippet estimated_duration=0, duration=0.0165688991547
WaitForCO2Access.py completed successfully
gosub finished
doing GOSUB
testing...
no interpolation path defined
executed snippet estimated_duration=0, duration=0.000101089477539
Prepare for CO2 analysis
close () {'description': 'Jan Inlet'}
closing name=--- desc=Jan Inlet
checking ownership. requestor=129.138.12.150
check software interlocks R
interlocks []
actuate state mode=None-script, software_lock=False
doing actuation None-script close_channel False
Close R ===>> OK
GetIndicatorState R ===>> False
change switch state (True, True)
update switch state R False args=() kw={} ncanvase=8
12:59:13 -- CLOSE  VALVE-R (Jan Inlet)
---------------------------------------- close None (Jan Inlet) result=[(True, True)]
action=close, ok=True, locked=[False]
open () {'description': 'Jan Ion Pump'}
opening name=--- desc=Jan Ion Pump
checking ownership. requestor=129.138.12.150
check software interlocks O
interlocks []
actuate state mode=None-script, software_lock=False
doing actuation None-script open_channel False
Open O ===>> OK
GetIndicatorState O ===>> OK
change switch state (True, True)
update switch state O True args=() kw={} ncanvase=8
12:59:13 -- OPEN   VALVE-O (Jan Ion Pump)
---------------------------------------- open None (Jan Ion Pump) result=[(True, True)], time=0.10 sec
action=open, ok=True, locked=[False]
close () {'description': 'Microbone to Minibone'}
closing name=--- desc=Microbone to Minibone
checking ownership. requestor=129.138.12.150
check software interlocks L
interlocks []
actuate state mode=None-script, software_lock=False
doing actuation None-script close_channel False
Close L ===>> OK
GetIndicatorState L ===>> False
change switch state (True, True)
update switch state L False args=() kw={} ncanvase=8
12:59:14 -- CLOSE  VALVE-L (Microbone to Minibone)
---------------------------------------- close None (Microbone to Minibone) result=[(True, True)]
action=close, ok=True, locked=[False]
open () {'description': 'Microbone to Turbo'}
opening name=--- desc=Microbone to Turbo
checking ownership. requestor=129.138.12.150
check software interlocks U
interlocks []
actuate state mode=None-script, software_lock=False
doing actuation None-script open_channel False
Open U ===>> OK
GetIndicatorState U ===>> OK
change switch state (True, True)
update switch state U True args=() kw={} ncanvase=8
12:59:14 -- OPEN   VALVE-U (Microbone to Turbo)
---------------------------------------- open None (Microbone to Turbo) result=[(True, True)], time=0.15 sec
action=open, ok=True, locked=[False]
open () {'description': 'Microbone to Inlet Pipette'}
opening name=--- desc=Microbone to Inlet Pipette
checking ownership. requestor=129.138.12.150
check software interlocks S
interlocks []
actuate state mode=None-script, software_lock=False
doing actuation None-script open_channel False
Open S ===>> OK
GetIndicatorState S ===>> OK
change switch state (True, True)
update switch state S True args=() kw={} ncanvase=8
12:59:15 -- OPEN   VALVE-S (Microbone to Inlet Pipette)
---------------------------------------- open None (Microbone to Inlet Pipette) result=[(True, True)], time=0.45 sec
action=open, ok=True, locked=[False]
open () {'description': 'Microbone to Getter D-50'}
opening name=--- desc=Microbone to Getter D-50
checking ownership. requestor=129.138.12.150
check software interlocks K
interlocks []
actuate state mode=None-script, software_lock=False
doing actuation None-script open_channel False
Open K ===>> OK
GetIndicatorState K ===>> OK
change switch state (True, True)
update switch state K True args=() kw={} ncanvase=8
12:59:16 -- OPEN   VALVE-K (Microbone to Getter D-50)
---------------------------------------- open None (Microbone to Getter D-50) result=[(True, True)], time=0.43 sec
action=open, ok=True, locked=[False]
open () {'description': 'Microbone to Getter NP-10'}
opening name=--- desc=Microbone to Getter NP-10
checking ownership. requestor=129.138.12.150
check software interlocks M
interlocks []
actuate state mode=None-script, software_lock=False
doing actuation None-script open_channel False
Open M ===>> OK
GetIndicatorState M ===>> OK
change switch state (True, True)
update switch state M True args=() kw={} ncanvase=8
12:59:16 -- OPEN   VALVE-M (Microbone to Getter NP-10)
---------------------------------------- open None (Microbone to Getter NP-10) result=[(True, True)], time=0.15 sec
action=open, ok=True, locked=[False]
close () {'description': 'CO2 Laser to Felix'}
closing name=--- desc=CO2 Laser to Felix
checking ownership. requestor=129.138.12.150
check software interlocks F
interlocks []
actuate state mode=None-script, software_lock=True
VALVE-F(CO2 Laser to Felix) software locked
change switch state (True, False)
---------------------------------------- close None (CO2 Laser to Felix) result=[(True, False)]
action=close, ok=True, locked=[True]
open () {'description': 'CO2 Laser to Jan'}
opening name=--- desc=CO2 Laser to Jan
checking ownership. requestor=129.138.12.150
check software interlocks A
interlocks []
actuate state mode=None-script, software_lock=False
doing actuation None-script open_channel False
Open A ===>> OK
GetIndicatorState A ===>> OK
change switch state (True, True)
update switch state A True args=() kw={} ncanvase=8
12:59:17 -- OPEN   VALVE-A (CO2 Laser to Jan)
---------------------------------------- open None (CO2 Laser to Jan) result=[(True, True)], time=0.15 sec
action=open, ok=True, locked=[False]
open () {'description': 'Microbone to CO2 Laser'}
opening name=--- desc=Microbone to CO2 Laser
checking ownership. requestor=129.138.12.150
check software interlocks T
interlocks []
actuate state mode=None-script, software_lock=False
doing actuation None-script open_channel False
Open T ===>> OK
GetIndicatorState T ===>> OK
change switch state (True, True)
update switch state T True args=() kw={} ncanvase=8
12:59:17 -- OPEN   VALVE-T (Microbone to CO2 Laser)
---------------------------------------- open None (Microbone to CO2 Laser) result=[(True, True)], time=0.46 sec
action=open, ok=True, locked=[False]
executed snippet estimated_duration=0, duration=5.14195585251
PrepareForCO2Analysis.py completed successfully
gosub finished
set_motor ('beam', '1.25') {}
setting motor "beam" to 1.25
set motor beam to 1.25
SetMotor beam,1.25 ===>> OK
GetMotorMoving beam ===>> False
GetMotorMoving beam ===>> False
Block completed
move_to_position ('113',) {'autocenter': True}
FusionsCO2 move to position 113
sending GoToHole 113,True
GoToHole 113,True ===>> OK
GetDriveMoving ===>> OK
GetDriveMoving ===>> OK
GetDriveMoving ===>> OK
GetDriveMoving ===>> OK
GetDriveMoving ===>> OK
GetDriveMoving ===>> OK
GetDriveMoving ===>> False
GetDriveMoving ===>> False
Block completed
GetAutoCorrecting ===>> OK
GetAutoCorrecting ===>> OK
GetAutoCorrecting ===>> False
GetAutoCorrecting ===>> False
Block completed
update position
GetPosition ===>> 3.98780,0.00000,1.00000
got position (3.9878, 0.0, 1.0)
move to position succeeded
sleep (5,) {}
SLEEP 5.0
block started
WaitControl setup for 5.0  
Join finished
block finished. duration 5.02602410316
close () {'description': 'Microbone to Turbo'}
closing name=--- desc=Microbone to Turbo
checking ownership. requestor=129.138.12.150
check software interlocks U
interlocks []
actuate state mode=None-script, software_lock=False
doing actuation None-script close_channel True
Close U ===>> OK
GetIndicatorState U ===>> False
change switch state (True, True)
update switch state U False args=() kw={} ncanvase=8
12:59:29 -- CLOSE  VALVE-U (Microbone to Turbo)
---------------------------------------- close None (Microbone to Turbo) result=[(True, True)]
action=close, ok=True, locked=[False]
enable laser
enable () {}
set extraction state FusionsCO2 Enabled (False, 'red', 1.5)
enabling laser
Enable ===>> OK
begin interval
BEGIN INTERVAL Interval 1 waiting for 30.0
block started
set extract to 5.0
WaitControl setup for 30.0  
extract (5.0,) {}
GetPosition ===>> 3.98780,0.00000,1.00000
set extraction state FusionsCO2 ON! 5.0(watts) (0.75, 'red', 1.5)
extract sample to 5.0 (watts)
set laser output
SetLaserOutput 5.0,watts ===>> OK
executing pattern triangle.lp
execute_pattern ('triangle.lp',) {}
executing pattern triangle.lp
IsPatterning ===>> OK
IsPatterning ===>> OK
IsPatterning ===>> OK
IsPatterning ===>> OK
IsPatterning ===>> OK
IsPatterning ===>> OK
IsPatterning ===>> OK
IsPatterning ===>> OK
IsPatterning ===>> OK
IsPatterning ===>> OK
IsPatterning ===>> OK
IsPatterning ===>> OK
IsPatterning ===>> OK
IsPatterning ===>> OK
IsPatterning ===>> OK
IsPatterning ===>> OK
IsPatterning ===>> OK
IsPatterning ===>> OK
IsPatterning ===>> OK
IsPatterning ===>> OK
IsPatterning ===>> OK
IsPatterning ===>> OK
IsPatterning ===>> OK
IsPatterning ===>> OK
IsPatterning ===>> OK
IsPatterning ===>> OK
IsPatterning ===>> False
IsPatterning ===>> False
Block completed
COMPLETE INTERVAL waiting for Interval 1 to complete
Join finished
block finished. duration 30.1564378738
Interval 1 finished
end_extract () {}
ending extraction. set laser power to 0
set laser power 0
SetLaserPower 0 ===>> OK
disable () {}
%%%%%%%%%%%%%%%%%%%%%%%%%%%%%%%%%%% disable
set extraction state False (0.75, 'red', 1.5)
disabling laser
Disable ===>> OK
sleep (30.0,) {}
SLEEP 30.0
block started
WaitControl setup for 30.0  
Join finished
block finished. duration 30.1399319172
executed snippet estimated_duration=166.5, duration=77.3531219959
jan_co2.py completed successfully
GetAchievedOutput ===>> No Response
Requested Output= 0.000
Achieved Output=  0.000
GetResponseBlob ===>> No Response
GetOutputBlob ===>> No Response
persistence save...
persistence save - db
AutomatedRunPersister post_extraction_save deprecated
persistence save - dvc
no extraction position for 113
create new session 4992585168
close session 4992585168
Extraction Finished
13:00:30 -- ******* Extraction Finished *******
no overlap. not waiting for min ms pumptime
13:00:30 -- Sending spectrometer configuration
======== Sending configuration ========
SetDeflection CDD,50.0 ===>> OK
SetDeflection H2,0.0 ===>> OK
SetDeflection H1,0.0 ===>> OK
SetDeflection L2,825.0 ===>> OK
SetDeflection L1,400.0 ===>> OK
SetDeflection AX,190.0 ===>> OK
SetZFocus 74.64 ===>> OK
SetZSymmetry -50.72 ===>> OK
SetExtractionLens 26.13 ===>> OK
SetIonRepeller -3.81 ===>> OK
SetElectronEnergy 75.08 ===>> OK
SetYSymmetry -2.81 ===>> OK
SetIonCounterVoltage 1590.0 ===>> OK
send trap current 200.0
GetParameter Trap Current Readback ===>> 198.147042666178
SetParameter Trap Current Set,200.0 ===>> OK
updating mftable name mftable
Using mftable located at /Users/jan/PychronDev/setupfiles/spectrometer/mftables/mftable.csv
============ MFtable ===========
Isotope  H2     H1     AX     L1     L2     CDD    
Ar40     5.8274 5.8808 5.9940 6.1673 6.2324 6.3955
Ar39     5.7266 5.7731 5.8864 6.0533 6.1175 6.2820
Ar36     5.4041 5.4421 5.5498 5.7122 5.7725 5.9331
================================
get initial guess parabolic
get initial guess parabolic
get initial guess parabolic
get initial guess parabolic
get initial guess parabolic
get initial guess parabolic
======== Configuration Finished ========
GetYSymmetry ===>> -2.81
GetZSymmetry ===>> -50.72
GetParameter Trap Current Readback ===>> 198.258926936459
GetHighVoltage ===>> 4499.94659342336
start measurement
do measurement
L#=65475 analysis type=unknown
Measurement Started jan_unknown120_60.py
13:00:30 -- ******* Measurement Started jan_unknown120_60.py *******
state changed from extraction to measurement
setting spec, defl, and gains
GetExtractionLens ===>> 26.13
GetYSymmetry ===>> -2.81
GetZSymmetry ===>> -50.72
GetZFocus ===>> 74.64
GetDeflection H2 ===>> 0
GetDeflection H1 ===>> 0
GetDeflection AX ===>> 190
GetDeflection L1 ===>> 400
GetDeflection L2 ===>> 825
GetDeflection CDD ===>> 50
GetGain H2 ===>> 0.0113
GetGain H1 ===>> 0.1
GetGain AX ===>> 0.097049
GetGain L1 ===>> 0.010355
GetGain L2 ===>> 0.095649
GetGain CDD ===>> 0
pre measurement save
New frame /Users/jan/PychronDev/data/isotopes/7a/fe67f3-d259-4857-9034-d11cbbadde3e.h5
flush and close file /Users/jan/PychronDev/data/isotopes/7a/fe67f3-d259-4857-9034-d11cbbadde3e.h5
testing...
no interpolation path defined
executed snippet estimated_duration=226.132928, duration=0.000120878219604
unknown measurement script
activate_detectors ('H2', 'H1', 'AX', 'L1', 'L2', 'CDD') {}
activate detectors
*************** Set Analysis View Ar/Ar
create graphs
clearing graphs
clear isotope group
setting isotope det=H2, iso=PM41
setting isotope det=H1, iso=Ar40
setting isotope det=AX, iso=Ar39
setting isotope det=L1, iso=Ar38
setting isotope det=L2, iso=Ar37
setting isotope det=CDD, iso=Ar36
setting previous blanks
 - setting Ar40 blank 0.634+/-0.011
 - setting Ar36 blank 0.00634+/-0.00025
 - setting Ar37 blank 0.056+/-0.010
 - setting Ar38 blank 0.013+/-0.005
 - setting PM41 blank 0.06+/-0.07
 - setting Ar39 blank 0.016+/-0.012
load analysis view
position_magnet ('Ar40',) {'detector': 'H1'}
detector Detector(H1)
POSITION Ar40 H1
setting detector H2 to PM41 (40.9624)
setting detector H1 to Ar40 (39.9624)
setting detector AX to Ar39 (38.9624)
setting detector L1 to Ar38 (37.9624)
setting detector L2 to Ar37 (36.9624)
setting detector CDD to Ar36 (35.9624)
Mapping mass to dac mass func: "parabolic"
H1 map mass coeffs = [-0.00063987  0.15840543  0.57245999]
H1 map mass to dac 39.9624 >> 5.88085
GetDeflection H1 ===>> 0
GetHighVoltage ===>> 4499.94659342336
positioning Ar40 (5.88081536823) on H1
setting magnet DAC
current  : 5.880815
requested: 5.880815
Delta Dac: 0.000000
Checking detector protection. dv=0.00000
Checking detector "CDD". Protection Threshold: 0.1 (V)
SetMagnetDAC 5.88081536823 ===>> OK
Magnet settling time: 0.500
equilibrate () {'delay': 3, 'inlet': 'R', 'outlet': 'O', 'eqtime': 12.0}
Equilibration Started
13:00:32 -- ******* Equilibration Started *******
checking ownership. requestor=129.138.12.150
check software interlocks O
interlocks []
actuate state mode=None-script, software_lock=False
doing actuation None-script close_channel True
Close O ===>> OK
update labels <pychron.experiment.plot_panel.PlotPanel object at 0x23cf264d0>
update labels "<pychron.graph.stacked_regression_graph.StackedRegressionGraph object at 0x24098e4d0>"
setting label 0 H2 PM41
setting label 1 H1 Ar40
setting label 2 AX Ar39
setting label 3 L1 Ar38
setting label 4 L2 Ar37
setting label 5 CDD Ar36
update labels "<pychron.graph.stacked_graph.StackedGraph object at 0x236647890>"
setting label 0 H2 PM41
setting label 1 H1 Ar40
setting label 2 AX Ar39
setting label 3 L1 Ar38
setting label 4 L2 Ar37
setting label 5 CDD Ar36
GetIndicatorState O ===>> False
change switch state (True, True)
update switch state O False args=() kw={} ncanvase=8
13:00:32 -- CLOSE  VALVE-O (Jan Ion Pump)
waiting 3s before opening inlet value ('R',)
checking ownership. requestor=129.138.12.150
check software interlocks R
interlocks []
actuate state mode=None-script, software_lock=False
doing actuation None-script open_channel True
Open R ===>> OK
set states for children of R. state=True
handle state [('R', True)]
update switch state R True args=() kw={'refresh': False} ncanvase=8
refresh_canvas_needed fired
GetIndicatorState R ===>> OK
change switch state (True, True)
update switch state R True args=() kw={} ncanvase=8
13:00:35 -- OPEN   VALVE-R (Jan Inlet)
set_time_zero () {}
equilibrating for 12.0sec
sniff (12.0,) {}
py_sniff
build tables- sniff [Detector(H2), Detector(H1), Detector(AX), Detector(L1), Detector(L2), Detector(CDD)]
add group /sniff/PM41 (Group) '' table H2
add group /sniff/Ar40 (Group) '' table H1
add group /sniff/Ar39 (Group) '' table AX
add group /sniff/Ar38 (Group) '' table L1
add group /sniff/Ar37 (Group) '' table L2
add group /sniff/Ar36 (Group) '' table CDD
flush and close file /Users/jan/PychronDev/data/isotopes/7a/fe67f3-d259-4857-9034-d11cbbadde3e.h5
measuring sniff. ncounts=12.0
"sniff" increment series count="1" fit count="0" regressing="False"
starting measurement
check iteration duration=3.09944152832e-05
GetData ===>> H2,-0.0990711796439462,H1,70.0552250197787,AX,5.66334494841295,L1,-0.011058197494329,L2,0.0614073...
check iteration duration=1.71661376953e-05
GetData ===>> H2,1.10382433150039,H1,1429.60036078049,AX,109.523984215253,L1,0.681109201924784,L2,0.51112253880...
check iteration duration=3.2901763916e-05
GetData ===>> H2,0.798440931691378,H1,2402.66776539621,AX,177.169448593414,L1,1.72599847693045,L2,0.54341771359...
check iteration duration=4.38690185547e-05
GetData ===>> H2,0.43711177001658,H1,2715.14971679766,AX,196.151134879921,L1,2.38307012087048,L2,0.419416050288...
check iteration duration=1.59740447998e-05
GetData ===>> H2,0.274508778856251,H1,2825.85378476356,AX,202.472960025628,L1,2.75656897066458,L2,0.45323329471...
check iteration duration=4.41074371338e-05
GetData ===>> H2,0.251536392949107,H1,2870.35674105958,AX,204.846948118972,L1,2.97267863384961,L2,0.50418723719...
check iteration duration=4.50611114502e-05
GetData ===>> H2,0.267591865931591,H1,2889.04401245296,AX,205.869420880709,L1,3.11577740066769,L2,0.50584389462...
check iteration duration=3.00407409668e-05
GetData ===>> H2,0.178986305619683,H1,2896.43945433078,AX,206.452564478602,L1,3.21029084178263,L2,0.49998288337...
check iteration duration=4.00543212891e-05
GetData ===>> H2,0.26494097643175,H1,2899.81802932074,AX,206.741695335225,L1,3.25813235174264,L2,0.396338532474...
check iteration duration=1.69277191162e-05
GetData ===>> H2,0.326721418596166,H1,2900.83781368633,AX,206.569965852199,L1,3.304133600989,L2,0.5206294013903...
check iteration duration=1.78813934326e-05
GetData ===>> H2,0.235225864320636,H1,2901.45658229731,AX,206.658893646433,L1,3.32140980640037,L2,0.54289194427...
Equilibration Finished
13:00:47 -- ******* Equilibration Finished *******
checking ownership. requestor=129.138.12.150
check software interlocks R
interlocks []
actuate state mode=None-script, software_lock=False
doing actuation None-script close_channel True
check iteration duration=1.47819519043e-05
GetData ===>> H2,0.235250605793531,H1,2901.05330996744,AX,206.660471868759,L1,3.31460192159194,L2,0.45298207582...
Close R ===>> OK
GetIndicatorState R ===>> False
change switch state (True, True)
update switch state R False args=() kw={} ncanvase=8
13:00:48 -- CLOSE  VALVE-R (Jan Inlet)
Post Equilibration Started jan_pump_extraction_line.py
13:00:48 -- ******* Post Equilibration Started jan_pump_extraction_line.py *******
testing...
no interpolation path defined
calculate duration
testing...
no interpolation path defined
executed snippet estimated_duration=4.0, duration=0.000213861465454
executed snippet estimated_duration=4.0, duration=0.00159287452698
Pump after analysis
doing GOSUB
testing...
no interpolation path defined
executed snippet estimated_duration=4.0, duration=0.000193119049072
Pump Microbone
close () {'description': 'Jan Inlet'}
closing name=--- desc=Jan Inlet
checking ownership. requestor=129.138.12.150
check software interlocks R
interlocks []
actuate state mode=None-script, software_lock=False
doing actuation None-script close_channel False
check iteration duration=1.47819519043e-05
waiting for write to finish
measurement finished
estimated time: 12.583 actual time: :12.705
flush and close file /Users/jan/PychronDev/data/isotopes/7a/fe67f3-d259-4857-9034-d11cbbadde3e.h5
set_fits () {}
Close R ===>> OK
using default fits file=/Users/jan/PychronDev/scripts/measurement/fits/nominal_linear.yaml
set "Ar40" to "('Linear', 'SEM')"
No fit for "PM41". defaulting to linear. check the measurement script "jan_unknown120_60.py"
set "PM41" to "linear"
set "Ar36" to "('Linear', 'SEM')"
set "Ar37" to "('linear', 'SEM')"
set "Ar38" to "('linear', 'SEM')"
set "Ar39" to "('Linear', 'SEM')"
set_baseline_fits () {}
using default fits file=/Users/jan/PychronDev/scripts/measurement/fits/nominal_linear.yaml
set "H1" to "('average', 'SEM')"
set "H2" to "('average', 'SEM')"
set "CDD" to "('average', 'SEM')"
set "L2" to "('average', 'SEM')"
set "L1" to "('average', 'SEM')"
set "AX" to "('average', 'SEM')"
multicollect () {'integration_time': 1, 'ncounts': 120}
build tables- signal [Detector(H2), Detector(H1), Detector(AX), Detector(L1), Detector(L2), Detector(CDD)]
add group /signal/PM41 (Group) '' table H2
add group /signal/Ar40 (Group) '' table H1
add group /signal/Ar39 (Group) '' table AX
add group /signal/Ar38 (Group) '' table L1
add group /signal/Ar37 (Group) '' table L2
add group /signal/Ar36 (Group) '' table CDD
flush and close file /Users/jan/PychronDev/data/isotopes/7a/fe67f3-d259-4857-9034-d11cbbadde3e.h5
measuring signal. ncounts=120
GetIndicatorState R ===>> False
change switch state (True, True)
update switch state R False args=() kw={} ncanvase=8
13:00:49 -- CLOSE  VALVE-R (Jan Inlet)
---------------------------------------- close None (Jan Inlet) result=[(True, True)]
action=close, ok=True, locked=[False]
"signal" increment series count="2" fit count="1" regressing="True"
is_closed ('F',) {}
is F () closed?
is closed True
open () {'description': 'CO2 Laser to Jan'}
opening name=--- desc=CO2 Laser to Jan
checking ownership. requestor=129.138.12.150
check software interlocks A
interlocks []
actuate state mode=None-script, software_lock=False
doing actuation None-script open_channel False
Open A ===>> OK
GetIndicatorState A ===>> OK
change switch state (True, True)
update switch state A True args=() kw={} ncanvase=8
13:00:49 -- OPEN   VALVE-A (CO2 Laser to Jan)
---------------------------------------- open None (CO2 Laser to Jan) result=[(True, True)], time=0.15 sec
starting measurement
check iteration duration=6.48498535156e-05
GetData ===>> H2,0.3805097824789,H1,2901.11560344645,AX,206.73396860258,L1,3.30260386043046,L2,0.42106139244445...
action=open, ok=True, locked=[False]
sleep (1,) {}
SLEEP 1.0
check iteration duration=7.29560852051e-05
GetData ===>> H2,0.229749683700896,H1,2900.45395628053,AX,206.761240751511,L1,3.32402882734131,L2,0.46538393955...
close () {'description': 'CO2 Laser to Roughing'}
closing name=--- desc=CO2 Laser to Roughing
checking ownership. requestor=129.138.12.150
check software interlocks G
interlocks []
actuate state mode=None-script, software_lock=True
VALVE-G(CO2 Laser to Roughing) software locked
change switch state (True, False)
---------------------------------------- close None (CO2 Laser to Roughing) result=[(True, False)]
action=close, ok=True, locked=[True]
open () {'description': 'Microbone to Turbo'}
opening name=--- desc=Microbone to Turbo
checking ownership. requestor=129.138.12.150
check software interlocks U
interlocks []
actuate state mode=None-script, software_lock=False
doing actuation None-script open_channel True
Open U ===>> OK
State checksums do not match. Local:-598318598 Remote:-860229079
State checksum failed
GetIndicatorState U ===>> OK
change switch state (True, True)
update switch state U True args=() kw={} ncanvase=8
13:00:51 -- OPEN   VALVE-U (Microbone to Turbo)
---------------------------------------- open None (Microbone to Turbo) result=[(True, True)], time=0.17 sec
action=open, ok=True, locked=[False]
open () {'description': 'Microbone to Getter NP-10'}
opening name=--- desc=Microbone to Getter NP-10
checking ownership. requestor=129.138.12.150
check software interlocks M
interlocks []
actuate state mode=None-script, software_lock=False
doing actuation None-script open_channel False
Open M ===>> OK
GetIndicatorState M ===>> OK
change switch state (True, True)
update switch state M True args=() kw={} ncanvase=8
13:00:51 -- OPEN   VALVE-M (Microbone to Getter NP-10)
---------------------------------------- open None (Microbone to Getter NP-10) result=[(True, True)], time=0.17 sec
action=open, ok=True, locked=[False]
open () {'description': 'Microbone to Getter D-50'}
opening name=--- desc=Microbone to Getter D-50
checking ownership. requestor=129.138.12.150
check software interlocks K
interlocks []
actuate state mode=None-script, software_lock=False
doing actuation None-script open_channel False
check iteration duration=3.48091125488e-05
GetData ===>> H2,0.019844727814819,H1,2898.962679875,AX,206.463773330574,L1,3.30810805947265,L2,0.4509723484051...
Open K ===>> OK
GetIndicatorState K ===>> OK
change switch state (True, True)
update switch state K True args=() kw={} ncanvase=8
13:00:52 -- OPEN   VALVE-K (Microbone to Getter D-50)
---------------------------------------- open None (Microbone to Getter D-50) result=[(True, True)], time=0.44 sec
action=open, ok=True, locked=[False]
open () {'description': 'Microbone to CO2 Laser'}
opening name=--- desc=Microbone to CO2 Laser
checking ownership. requestor=129.138.12.150
check software interlocks T
interlocks []
actuate state mode=None-script, software_lock=False
doing actuation None-script open_channel False
Open T ===>> OK
GetIndicatorState T ===>> OK
change switch state (True, True)
update switch state T True args=() kw={} ncanvase=8
check iteration duration=7.5101852417e-05
13:00:52 -- OPEN   VALVE-T (Microbone to CO2 Laser)
GetData ===>> H2,0.0488795331470497,H1,2898.42299647797,AX,206.210082065129,L1,3.30168589387246,L2,0.4192218103...
---------------------------------------- open None (Microbone to CO2 Laser) result=[(True, True)], time=0.44 sec
action=open, ok=True, locked=[False]
open () {'description': 'Microbone to Inlet Pipette'}
opening name=--- desc=Microbone to Inlet Pipette
checking ownership. requestor=129.138.12.150
check software interlocks S
interlocks []
actuate state mode=None-script, software_lock=False
doing actuation None-script open_channel False
Open S ===>> OK
GetIndicatorState S ===>> OK
change switch state (True, True)
update switch state S True args=() kw={} ncanvase=8
13:00:53 -- OPEN   VALVE-S (Microbone to Inlet Pipette)
---------------------------------------- open None (Microbone to Inlet Pipette) result=[(True, True)], time=0.46 sec
action=open, ok=True, locked=[False]
sleep (1,) {}
SLEEP 1.0
testing H1>-5.0
evaluate ot="H1.bs>-5.0" t="H1>-5.0", ctx="{'H1': None}"
check iteration duration=0.00113201141357
GetData ===>> H2,-0.0238735892788713,H1,2896.94975628876,AX,206.201982854569,L1,3.27674073970172,L2,0.461078506...
set_resource () {'name': 'CO2PumpTimeFlag', 'value': 30}
Set CO2PumpTimeFlag 30 ===>> OK
release ('JanCO2Flag',) {}
release JanCO2Flag
Set JanCO2Flag 0 ===>> OK
executed snippet estimated_duration=6.0, duration=6.15567994118
PumpMicrobone.py completed successfully
gosub finished
get_resource_value () {'name': 'JanMiniboneFlag'}
Read JanMiniboneFlag ===>> 0
Get Resource Value JanMiniboneFlag=0.0
get resource value 0.0
get_resource_value () {'name': 'JanMiniboneFlag'}
Read JanMiniboneFlag ===>> 0
Get Resource Value JanMiniboneFlag=0.0
executed snippet estimated_duration=4.0, duration=6.17100000381
jan_pump_extraction_line.py completed successfully
Post Equilibration Finished
13:00:54 -- ******* Post Equilibration Finished *******
check iteration duration=3.60012054443e-05
GetData ===>> H2,-0.00869017121097244,H1,2895.39823168958,AX,206.192928372394,L1,3.30888188095708,L2,0.40041667...
check iteration duration=3.981590271e-05
GetData ===>> H2,-0.00873639680858817,H1,2894.48884112178,AX,206.246783474264,L1,3.2679407323335,L2,0.415382796...
check iteration duration=8.79764556885e-05
GetData ===>> H2,-0.00804299317768861,H1,2893.42949781448,AX,206.132424351774,L1,3.23881160712668,L2,0.37661280...
check iteration duration=9.29832458496e-05
GetData ===>> H2,-0.0721272045611942,H1,2892.35645583856,AX,205.9478304911,L1,3.2360965927847,L2,0.510734057254...
testing H1>-5.0
evaluate ot="H1.bs>-5.0" t="H1>-5.0", ctx="{'H1': None}"
check iteration duration=0.00058388710022
GetData ===>> H2,0.018242124077773,H1,2890.59103293907,AX,205.939594912974,L1,3.28871490528236,L2,0.45050417931...
check iteration duration=7.91549682617e-05
GetData ===>> H2,0.0911816557426474,H1,2888.91128088995,AX,205.560158784231,L1,3.24706531573587,L2,0.4980178681...
check iteration duration=8.89301300049e-05
GetData ===>> H2,0.0610784764046902,H1,2888.40849726139,AX,205.47060748466,L1,3.20949106203782,L2,0.47011214421...
check iteration duration=7.60555267334e-05
GetData ===>> H2,0.0470211135423726,H1,2887.44456421965,AX,205.318516815263,L1,3.24766292738676,L2,0.3749453816...
check iteration duration=3.69548797607e-05
GetData ===>> H2,-0.039392925798113,H1,2886.25334488862,AX,205.446140994483,L1,3.23774725749839,L2,0.4310368838...
testing H1>-5.0
evaluate ot="H1.bs>-5.0" t="H1>-5.0", ctx="{'H1': None}"
check iteration duration=0.00059700012207
GetData ===>> H2,-0.0875885332306895,H1,2885.33059139177,AX,205.451744653506,L1,3.25207839885875,L2,0.359517407...
check iteration duration=4.19616699219e-05
GetData ===>> H2,-0.00709663315844546,H1,2884.56346727633,AX,205.576924338529,L1,3.27131823787386,L2,0.55249340...
check iteration duration=9.29832458496e-05
GetData ===>> H2,-0.0177644709989121,H1,2882.4318718234,AX,205.390136873808,L1,3.25923809754064,L2,0.3947849982...
check iteration duration=8.29696655273e-05
GetData ===>> H2,-0.0637638848698151,H1,2880.81693919186,AX,205.326050663245,L1,3.25968851323544,L2,0.379742149...
check iteration duration=9.10758972168e-05
GetData ===>> H2,0.0265042876262346,H1,2880.69562310955,AX,205.248866005037,L1,3.23455061194145,L2,0.3974922764...
testing H1>-5.0
evaluate ot="H1.bs>-5.0" t="H1>-5.0", ctx="{'H1': None}"
check iteration duration=0.00119805335999
GetData ===>> H2,0.0722930805038549,H1,2879.80253662974,AX,205.128485164825,L1,3.27757798462175,L2,0.4901467864...
check iteration duration=8.29696655273e-05
GetData ===>> H2,-0.0271552315418293,H1,2877.91896253191,AX,205.243432259727,L1,3.26636526832462,L2,0.487405197...
check iteration duration=4.88758087158e-05
GetData ===>> H2,0.09633592362336,H1,2877.10326124838,AX,205.249342656406,L1,3.22378964849705,L2,0.379627937586...
check iteration duration=4.88758087158e-05
GetData ===>> H2,0.0394839468887619,H1,2875.86755003715,AX,204.942793053949,L1,3.17957216018403,L2,0.4023587155...
check iteration duration=6.103515625e-05
GetData ===>> H2,0.0349700391068879,H1,2874.07751724769,AX,204.855899636878,L1,3.17810338102147,L2,0.5189953423...
testing H1>-5.0
evaluate ot="H1.bs>-5.0" t="H1>-5.0", ctx="{'H1': None}"
check iteration duration=0.00126886367798
13:01:15 -- collecting point 25
GetData ===>> H2,0.0438077412334406,H1,2873.54216868116,AX,204.591090682288,L1,3.21366442878114,L2,0.4269574337...
check iteration duration=7.9870223999e-05
GetData ===>> H2,0.0121401277817126,H1,2872.17778669811,AX,204.284588879672,L1,3.22598874608979,L2,0.3317396140...
check iteration duration=8.70227813721e-05
GetData ===>> H2,-0.00343282713187107,H1,2870.69299085387,AX,204.401585140548,L1,3.21133828837541,L2,0.35146752...
check iteration duration=6.19888305664e-05
GetData ===>> H2,-0.034212656656268,H1,2869.35460977656,AX,204.421647623498,L1,3.2146634758119,L2,0.31464080938...
check iteration duration=6.79492950439e-05
GetData ===>> H2,-0.100186774530796,H1,2867.90139411363,AX,204.400895327405,L1,3.19617391774392,L2,0.4699636704...
testing H1>-5.0
evaluate ot="H1.bs>-5.0" t="H1>-5.0", ctx="{'H1': None}"
check iteration duration=0.000574827194214
GetData ===>> H2,-0.096969664637655,H1,2866.32582988463,AX,204.333162534225,L1,3.20773730208909,L2,0.2724319284...
check iteration duration=4.00543212891e-05
GetData ===>> H2,-0.0542355646764363,H1,2865.49330014343,AX,204.265333876268,L1,3.19667866671865,L2,0.388719601...
check iteration duration=8.79764556885e-05
GetData ===>> H2,0.0299146170225291,H1,2865.10911223545,AX,204.113583909766,L1,3.22059968878729,L2,0.4167881318...
check iteration duration=6.19888305664e-05
GetData ===>> H2,0.0745672522689014,H1,2864.21503588891,AX,204.036441247395,L1,3.20514817150245,L2,0.3782916726...
check iteration duration=8.39233398438e-05
GetData ===>> H2,0.0154990210471171,H1,2863.06318659787,AX,203.877538916677,L1,3.20940760991676,L2,0.4105385455...
testing H1>-5.0
evaluate ot="H1.bs>-5.0" t="H1>-5.0", ctx="{'H1': None}"
check iteration duration=0.000724077224731
GetData ===>> H2,-0.0244008899096751,H1,2861.50251773203,AX,204.023513376534,L1,3.19336274030127,L2,0.440570398...
check iteration duration=8.10623168945e-05
GetData ===>> H2,0.00205849594697754,H1,2860.42949535768,AX,203.89748680727,L1,3.19540779779982,L2,0.4024044109...
check iteration duration=8.51154327393e-05
GetData ===>> H2,-0.00798588747099391,H1,2859.80186315091,AX,204.021018203864,L1,3.20297387202813,L2,0.44302520...
check iteration duration=8.10623168945e-05
GetData ===>> H2,0.0546338286008078,H1,2858.27988628924,AX,203.927056104088,L1,3.21751777044224,L2,0.4520457203...
check iteration duration=7.5101852417e-05
GetData ===>> H2,0.0464761797155472,H1,2856.94170768014,AX,203.934063126611,L1,3.22999742422353,L2,0.4795235642...
testing H1>-5.0
evaluate ot="H1.bs>-5.0" t="H1>-5.0", ctx="{'H1': None}"
check iteration duration=0.000588893890381
GetData ===>> H2,-0.0550482104474743,H1,2855.92832000561,AX,203.75202065144,L1,3.25770709272306,L2,0.4223639750...
check iteration duration=7.20024108887e-05
GetData ===>> H2,0.00648341559884453,H1,2854.7014323069,AX,203.570450055467,L1,3.22263108138025,L2,0.5643822559...
check iteration duration=8.70227813721e-05
GetData ===>> H2,-0.149673325654348,H1,2853.80094066643,AX,203.669770328442,L1,3.17111219488277,L2,0.3496178623...
check iteration duration=8.98838043213e-05
GetData ===>> H2,0.023307262511278,H1,2852.5302724059,AX,203.530560968687,L1,3.19778279431063,L2,0.430705493501...
check iteration duration=5.00679016113e-05
GetData ===>> H2,0.00879582602027605,H1,2851.20211452735,AX,203.43805628565,L1,3.19087328668951,L2,0.3889937358...
testing H1>-5.0
evaluate ot="H1.bs>-5.0" t="H1>-5.0", ctx="{'H1': None}"
check iteration duration=0.000581026077271
GetData ===>> H2,-0.0575169953822151,H1,2850.138670226,AX,203.040887707413,L1,3.23597262822123,L2,0.49472770029...
check iteration duration=6.31809234619e-05
GetData ===>> H2,-0.0886830389239981,H1,2848.34451679734,AX,202.827885661091,L1,3.25796503487406,L2,0.336945196...
check iteration duration=6.103515625e-05
GetData ===>> H2,0.0267751707922968,H1,2847.34348073315,AX,203.037522090721,L1,3.22420603662234,L2,0.4573785014...
check iteration duration=3.981590271e-05
GetData ===>> H2,-0.0164384998911165,H1,2846.76474151582,AX,202.989272046415,L1,3.19761730757497,L2,0.558243308...
check iteration duration=9.01222229004e-05
GetData ===>> H2,-0.0657550635892551,H1,2845.90830447041,AX,202.691463144644,L1,3.1986811918279,L2,0.3303583556...
testing H1>-5.0
evaluate ot="H1.bs>-5.0" t="H1>-5.0", ctx="{'H1': None}"
check iteration duration=0.000594854354858
13:01:41 -- collecting point 50
GetData ===>> H2,0.0241237866714471,H1,2845.30617140318,AX,202.574484147805,L1,3.23796457755919,L2,0.4395734378...
check iteration duration=7.39097595215e-05
GetData ===>> H2,-0.0271851220779763,H1,2844.03695568198,AX,202.527165137162,L1,3.20808358274321,L2,0.495196085...
check iteration duration=8.08238983154e-05
GetData ===>> H2,-0.0606171394127357,H1,2843.02109198635,AX,202.642376137163,L1,3.17723359525843,L2,0.471813898...
check iteration duration=4.10079956055e-05
GetData ===>> H2,-0.089185800243023,H1,2841.4350862821,AX,202.565490436643,L1,3.17182181812084,L2,0.37171340947...
check iteration duration=8.20159912109e-05
GetData ===>> H2,-0.153659176791156,H1,2841.12072203712,AX,202.654640832621,L1,3.16817556396004,L2,0.4135433231...
testing H1>-5.0
evaluate ot="H1.bs>-5.0" t="H1>-5.0", ctx="{'H1': None}"
check iteration duration=0.000581026077271
GetData ===>> H2,-0.0178296787154174,H1,2840.10357259512,AX,202.804981295416,L1,3.18401992353187,L2,0.458246391...
check iteration duration=7.29560852051e-05
GetData ===>> H2,0.00208976625054909,H1,2838.2886232206,AX,202.468983988569,L1,3.16979582626113,L2,0.4609186270...
check iteration duration=8.79764556885e-05
GetData ===>> H2,0.0611739597509867,H1,2837.20435916401,AX,202.438219726423,L1,3.17108997645738,L2,0.3322647257...
check iteration duration=6.50882720947e-05
GetData ===>> H2,0.0477581778531628,H1,2836.12311188789,AX,202.329414062033,L1,3.17850078077683,L2,0.4220668932...
check iteration duration=7.89165496826e-05
GetData ===>> H2,-0.0957995806548283,H1,2834.96972401989,AX,202.165850630863,L1,3.20539009600955,L2,0.365843604...
testing H1>-5.0
evaluate ot="H1.bs>-5.0" t="H1>-5.0", ctx="{'H1': None}"
check iteration duration=0.000620126724243
GetData ===>> H2,-0.05250154556738,H1,2833.42263095834,AX,202.041027938512,L1,3.22578278172499,L2,0.40441503171...
check iteration duration=7.41481781006e-05
GetData ===>> H2,-0.0594699404239648,H1,2833.36892923528,AX,202.193882560256,L1,3.1675091975391,L2,0.4023929871...
check iteration duration=4.29153442383e-05
GetData ===>> H2,-0.0394132838449259,H1,2832.53876398635,AX,202.140402087599,L1,3.14375290699837,L2,0.382243415...
check iteration duration=6.50882720947e-05
GetData ===>> H2,-0.037457388024563,H1,2830.6141593912,AX,202.030698531511,L1,3.15559342263244,L2,0.43251101360...
check iteration duration=4.60147857666e-05
GetData ===>> H2,-0.0822537624604578,H1,2829.29731984779,AX,201.829718883892,L1,3.12659775739632,L2,0.492088793...
testing H1>-5.0
evaluate ot="H1.bs>-5.0" t="H1>-5.0", ctx="{'H1': None}"
check iteration duration=0.00409698486328
GetData ===>> H2,-0.088502798319981,H1,2828.02305989857,AX,201.868110864475,L1,3.12492171837708,L2,0.4650527455...
check iteration duration=4.91142272949e-05
GetData ===>> H2,-0.0397539364311436,H1,2826.81210400741,AX,201.679831762697,L1,3.14962802497794,L2,0.447775141...
check iteration duration=6.79492950439e-05
GetData ===>> H2,0.0097494916564923,H1,2825.80779412524,AX,201.418478054358,L1,3.17798666478551,L2,0.2890439644...
check iteration duration=4.79221343994e-05
GetData ===>> H2,-0.0321920391523722,H1,2824.82265697386,AX,201.334145992652,L1,3.15358241336788,L2,0.471825319...
check iteration duration=3.50475311279e-05
GetData ===>> H2,-0.0193768941003549,H1,2823.76355222738,AX,201.517688525037,L1,3.16591284963796,L2,0.469632460...
testing H1>-5.0
evaluate ot="H1.bs>-5.0" t="H1>-5.0", ctx="{'H1': None}"
check iteration duration=0.000578880310059
GetData ===>> H2,0.0583302615834229,H1,2822.48539887317,AX,201.588408345398,L1,3.21195177682689,L2,0.3870177046...
check iteration duration=3.88622283936e-05
GetData ===>> H2,-0.0690923609596721,H1,2821.42675278293,AX,201.244877041528,L1,3.23708557065452,L2,0.421575567...
check iteration duration=9.10758972168e-05
GetData ===>> H2,-0.012715174946509,H1,2819.45604015845,AX,201.295426171376,L1,3.18030175503469,L2,0.3882512915...
check iteration duration=3.88622283936e-05
GetData ===>> H2,0.0461138130952209,H1,2817.87136747478,AX,201.204198344216,L1,3.17065672562742,L2,0.5540022915...
check iteration duration=8.29696655273e-05
GetData ===>> H2,-0.0127831297207765,H1,2817.83053433841,AX,201.097138188332,L1,3.15950818369684,L2,0.345564710...
testing H1>-5.0
evaluate ot="H1.bs>-5.0" t="H1>-5.0", ctx="{'H1': None}"
check iteration duration=0.000586032867432
13:02:07 -- collecting point 75
GetData ===>> H2,-0.0932680492694316,H1,2817.23048395575,AX,201.173859932735,L1,3.1201012387633,L2,0.3320135850...
check iteration duration=6.60419464111e-05
GetData ===>> H2,0.0197317076078241,H1,2815.95025059089,AX,201.332706546298,L1,3.09272559399108,L2,0.5335657327...
check iteration duration=7.48634338379e-05
GetData ===>> H2,0.0328084090864577,H1,2815.11792808472,AX,201.016808075029,L1,3.14650986144206,L2,0.4034097160...
check iteration duration=7.5101852417e-05
GetData ===>> H2,-0.0318321469712286,H1,2813.12778629767,AX,200.843680659666,L1,3.15683711901765,L2,0.403352596...
check iteration duration=8.89301300049e-05
GetData ===>> H2,-0.0584528233552208,H1,2812.15008222739,AX,200.963732557954,L1,3.14682746535059,L2,0.398531800...
testing H1>-5.0
evaluate ot="H1.bs>-5.0" t="H1>-5.0", ctx="{'H1': None}"
check iteration duration=0.00065803527832
GetData ===>> H2,-0.104911945480058,H1,2811.26375360461,AX,200.729082278925,L1,3.14325471705931,L2,0.4218269432...
check iteration duration=4.19616699219e-05
GetData ===>> H2,-0.0618808229053445,H1,2810.66733139329,AX,200.756058646873,L1,3.17341619775502,L2,0.305453459...
check iteration duration=3.2901763916e-05
GetData ===>> H2,-0.126910884522406,H1,2809.44258587042,AX,200.524885406414,L1,3.18529722629579,L2,0.4995601732...
check iteration duration=8.98838043213e-05
GetData ===>> H2,-0.164731642084597,H1,2808.72344348744,AX,200.781978275162,L1,3.13244272753192,L2,0.4323967391...
check iteration duration=3.81469726562e-05
GetData ===>> H2,-0.100762129567712,H1,2807.00922241663,AX,200.39842604601,L1,3.15016907251748,L2,0.40457496926...
testing H1>-5.0
evaluate ot="H1.bs>-5.0" t="H1>-5.0", ctx="{'H1': None}"
check iteration duration=0.00084114074707
GetData ===>> H2,-0.11887363772637,H1,2806.10987478954,AX,200.278119549328,L1,3.15779496678935,L2,0.39377978358...
check iteration duration=5.79357147217e-05
GetData ===>> H2,-0.0907359539325529,H1,2804.4140652578,AX,200.141135363298,L1,3.1353156978684,L2,0.49063799620...
check iteration duration=9.60826873779e-05
GetData ===>> H2,-0.0854638635321041,H1,2803.72817250129,AX,200.029081498103,L1,3.16855180016409,L2,0.419016145...
check iteration duration=5.79357147217e-05
GetData ===>> H2,0.106159342525732,H1,2803.14847750394,AX,200.151184030485,L1,3.1942566268433,L2,0.347722564293...
check iteration duration=4.50611114502e-05
GetData ===>> H2,0.0246545586703716,H1,2801.67975100839,AX,200.084335888822,L1,3.17784771840897,L2,0.3937569379...
testing H1>-5.0
evaluate ot="H1.bs>-5.0" t="H1>-5.0", ctx="{'H1': None}"
check iteration duration=0.000602960586548
GetData ===>> H2,-0.0473820709161821,H1,2800.74774990012,AX,200.00777423155,L1,3.14935612339772,L2,0.4322481826...
check iteration duration=4.31537628174e-05
GetData ===>> H2,-0.249886142410989,H1,2799.14825541355,AX,199.907844131901,L1,3.14290502543526,L2,0.4215070108...
check iteration duration=6.38961791992e-05
GetData ===>> H2,-0.101571638616252,H1,2798.01962828967,AX,199.770908918549,L1,3.16786597648815,L2,0.3322418947...
check iteration duration=8.58306884766e-05
GetData ===>> H2,-0.014461484160866,H1,2797.57680860724,AX,199.854141348381,L1,3.14836845270794,L2,0.3654439226...
check iteration duration=6.50882720947e-05
GetData ===>> H2,-0.0486105746682594,H1,2797.2586877321,AX,199.742768843997,L1,3.10108529773646,L2,0.4183420227...
testing H1>-5.0
evaluate ot="H1.bs>-5.0" t="H1>-5.0", ctx="{'H1': None}"
check iteration duration=0.000579118728638
GetData ===>> H2,0.003645232068476,H1,2795.47640600847,AX,199.769568823949,L1,3.12892458246844,L2,0.43136827541...
check iteration duration=8.89301300049e-05
GetData ===>> H2,-0.0535816072649848,H1,2794.3608434969,AX,199.681307207046,L1,3.14191151448752,L2,0.5683836435...
check iteration duration=4.00543212891e-05
GetData ===>> H2,-0.0816373735329268,H1,2792.71888923028,AX,199.564142133581,L1,3.1512567928653,L2,0.4696895657...
check iteration duration=8.10623168945e-05
GetData ===>> H2,-0.0257869762789421,H1,2791.29659701766,AX,199.489318722384,L1,3.15836138339761,L2,0.389576272...
check iteration duration=3.91006469727e-05
GetData ===>> H2,-0.137056865011068,H1,2790.75829702097,AX,199.530614914075,L1,3.13488581645055,L2,0.4644360425...
testing H1>-5.0
evaluate ot="H1.bs>-5.0" t="H1>-5.0", ctx="{'H1': None}"
check iteration duration=0.000582933425903
13:02:33 -- collecting point 100
GetData ===>> H2,-0.157365159376022,H1,2790.68112416962,AX,199.322176294226,L1,3.13556947403019,L2,0.4716197367...
check iteration duration=8.20159912109e-05
GetData ===>> H2,-0.146820750079561,H1,2789.5142742704,AX,199.000515343575,L1,3.11237212421645,L2,0.46725692027...
check iteration duration=7.89165496826e-05
GetData ===>> H2,-0.0992823929061331,H1,2788.57789715776,AX,198.947801476968,L1,3.10687840470012,L2,0.383705373...
check iteration duration=6.29425048828e-05
GetData ===>> H2,0.014661927264278,H1,2786.77264333776,AX,199.286139193752,L1,3.08995235425571,L2,0.47629113990...
check iteration duration=5.3882598877e-05
GetData ===>> H2,0.00395254322250199,H1,2785.72207122476,AX,199.34997749349,L1,3.10252164553182,L2,0.4337680413...
testing H1>-5.0
evaluate ot="H1.bs>-5.0" t="H1>-5.0", ctx="{'H1': None}"
check iteration duration=0.00183510780334
GetData ===>> H2,-0.0861721308810233,H1,2785.44787679196,AX,198.944236117696,L1,3.11175296426203,L2,0.364062178...
check iteration duration=6.31809234619e-05
GetData ===>> H2,-0.0644308126636604,H1,2783.95638449981,AX,198.853939570155,L1,3.073648656159,L2,0.40107925221...
check iteration duration=3.60012054443e-05
GetData ===>> H2,-0.0793029209744326,H1,2782.65647870135,AX,198.842071006844,L1,3.10016430023525,L2,0.405260418...
check iteration duration=6.19888305664e-05
GetData ===>> H2,-0.0950289387174534,H1,2781.64985575857,AX,198.85253219322,L1,3.13601324892367,L2,0.3316026288...
check iteration duration=8.9168548584e-05
GetData ===>> H2,-0.0921991917834899,H1,2780.72766091161,AX,198.554571301042,L1,3.15392519026108,L2,0.417770736...
testing H1>-5.0
evaluate ot="H1.bs>-5.0" t="H1>-5.0", ctx="{'H1': None}"
check iteration duration=0.000755786895752
GetData ===>> H2,0.0648161912614899,H1,2779.33607343559,AX,198.87425556336,L1,3.15908055004689,L2,0.40965883757...
check iteration duration=8.9168548584e-05
GetData ===>> H2,0.0476301078163801,H1,2778.53179916709,AX,198.743045672261,L1,3.11205076638836,L2,0.4583149090...
check iteration duration=7.10487365723e-05
GetData ===>> H2,-0.047570766846544,H1,2777.73987042919,AX,198.487474323055,L1,3.11105212052154,L2,0.4093617951...
check iteration duration=7.70092010498e-05
GetData ===>> H2,-0.136274038927083,H1,2775.88791131767,AX,198.507643179128,L1,3.12744860907826,L2,0.4301684149...
check iteration duration=3.88622283936e-05
GetData ===>> H2,-0.191345396204248,H1,2774.44454549757,AX,198.692133743013,L1,3.16784237598685,L2,0.4968297389...
testing H1>-5.0
evaluate ot="H1.bs>-5.0" t="H1>-5.0", ctx="{'H1': None}"
check iteration duration=0.00055193901062
GetData ===>> H2,-0.187247830566296,H1,2773.65733693312,AX,198.212865869187,L1,3.16100641372107,L2,0.3684815462...
check iteration duration=8.01086425781e-05
GetData ===>> H2,-0.097083416377414,H1,2773.20870959379,AX,198.326664415262,L1,3.09255674509942,L2,0.4124922115...
check iteration duration=8.51154327393e-05
GetData ===>> H2,-0.0501483931368609,H1,2770.97153727146,AX,198.196571065747,L1,3.11247739853992,L2,0.408504947...
check iteration duration=3.81469726562e-05
GetData ===>> H2,-0.0227640059227103,H1,2770.54422020527,AX,198.270493824173,L1,3.13196858923007,L2,0.383442676...
check iteration duration=8.9168548584e-05
GetData ===>> H2,0.00906926551094409,H1,2770.07826331799,AX,198.091207090519,L1,3.15860295179903,L2,0.466446052...
testing H1>-5.0
evaluate ot="H1.bs>-5.0" t="H1>-5.0", ctx="{'H1': None}"
check iteration duration=0.000643968582153
GetData ===>> H2,-0.0554945304429831,H1,2768.08300775156,AX,197.908522197076,L1,3.12871807351665,L2,0.320302024...
check iteration duration=1.78813934326e-05
waiting for write to finish
measurement finished
estimated time: 125.829 actual time: :126.390
flush and close file /Users/jan/PychronDev/data/isotopes/7a/fe67f3-d259-4857-9034-d11cbbadde3e.h5
baselines () {'settling_time': 15.0, 'detector': 'H1', 'mass': 34.2, 'ncounts': 60}
%%%%%%%%%%%%%%%%%%%%%%%%%%%%%%%% Baseline
build tables- baseline [Detector(H2), Detector(H1), Detector(AX), Detector(L1), Detector(L2), Detector(CDD)]
add group baseline table H2
add group baseline table H1
add group baseline table AX
add group baseline table L1
add group baseline table L2
add group baseline table CDD
flush and close file /Users/jan/PychronDev/data/isotopes/7a/fe67f3-d259-4857-9034-d11cbbadde3e.h5
detector Detector(H1)
POSITION 34.2 H1
Mapping mass to dac mass func: "parabolic"
H1 map mass coeffs = [-0.00063987  0.15840543  0.57245999]
H1 map mass to dac 34.2 >> 5.24150599104
GetDeflection H1 ===>> 0
GetHighVoltage ===>> 4499.94659342336
positioning 34.2 (5.24147512431) on H1
setting magnet DAC
current  : 5.880815
requested: 5.241475
Delta Dac: 0.639340
Checking detector protection. dv=0.63934
Checking detector "CDD". Protection Threshold: 0.1 (V)
ProtectDetector CDD,On ===>> OK
GetDeflection CDD ===>> 2000
Protected = 2000
SetMagnetDAC 5.24147512431 ===>> OK
Magnet settling time: 0.500
GetMagnetMoving ===>> True
GetMagnetMoving ===>> True
GetMagnetMoving ===>> True
GetMagnetMoving ===>> True
GetMagnetMoving ===>> True
GetMagnetMoving ===>> True
GetMagnetMoving ===>> True
GetMagnetMoving ===>> True
GetMagnetMoving ===>> False
ProtectDetector CDD,Off ===>> OK
GetDeflection CDD ===>> 50
Delaying 15.0s for detectors to settle
Join finished
measuring baseline. ncounts=60
"baseline" increment series count="2" fit count="1" regressing="True"
starting measurement
check iteration duration=8.60691070557e-05
GetData ===>> H2,-0.229873275535407,H1,-0.0914291891106476,AX,-0.0728947960118419,L1,-0.0203138627315086,L2,-0....
check iteration duration=7.29560852051e-05
GetData ===>> H2,-0.176247588333602,H1,-0.19454227242377,AX,-0.191257229471252,L1,-0.0290872971518857,L2,-0.010...
check iteration duration=3.2901763916e-05
GetData ===>> H2,-0.119058979085382,H1,-0.100140641615431,AX,-0.191199284383394,L1,-0.0348880968528419,L2,-0.00...
check iteration duration=8.51154327393e-05
GetData ===>> H2,-0.188310454674092,H1,-0.0956956313478362,AX,-0.096702045386517,L1,-0.0613712493911335,L2,0.00...
testing H1>-5.0
evaluate ot="H1.bs>-5.0" t="H1>-5.0", ctx="{'H1': None}"
check iteration duration=0.00130701065063
GetData ===>> H2,-0.247972105151963,H1,-0.0809529907255467,AX,-0.0569543604334788,L1,-0.0869396193892689,L2,0.0...
check iteration duration=8.58306884766e-05
GetData ===>> H2,-0.108157923446501,H1,-0.193517425731593,AX,-0.0730223089682459,L1,-0.092263310666213,L2,0.012...
check iteration duration=7.79628753662e-05
GetData ===>> H2,-0.0430255825852802,H1,-0.017357169684362,AX,-0.0749697588103708,L1,-0.0471984503269259,L2,0.0...
check iteration duration=8.20159912109e-05
GetData ===>> H2,-0.154846898473479,H1,0.0342144373755683,AX,-0.116471311637424,L1,-0.0344135368987367,L2,-0.06...
check iteration duration=8.10623168945e-05
GetData ===>> H2,-0.11477506188246,H1,0.0194428929755076,AX,-0.159695222935133,L1,-0.0283266207168725,L2,0.1059...
testing H1>-5.0
evaluate ot="H1.bs>-5.0" t="H1>-5.0", ctx="{'H1': None}"
check iteration duration=0.00054407119751
GetData ===>> H2,-0.192201396483533,H1,-0.00381965970579474,AX,0.0196541107256451,L1,-0.0521296170154671,L2,-0....
check iteration duration=8.6784362793e-05
GetData ===>> H2,-0.145941331366276,H1,-0.0171663452619651,AX,-0.126516638491023,L1,-0.073249015972767,L2,-0.01...
check iteration duration=8.51154327393e-05
GetData ===>> H2,-0.095330971573317,H1,-0.000420085451868624,AX,-0.11636702944809,L1,-0.0630280931219321,L2,-0....
check iteration duration=7.20024108887e-05
GetData ===>> H2,-0.12830597004481,H1,-0.0290802473897898,AX,-0.140449311120205,L1,-0.0641990834263128,L2,0.047...
check iteration duration=9.10758972168e-05
GetData ===>> H2,-0.206541880431905,H1,0.0630598335957135,AX,-0.0563746590241642,L1,-0.050783688193692,L2,-0.01...
testing H1>-5.0
evaluate ot="H1.bs>-5.0" t="H1>-5.0", ctx="{'H1': None}"
check iteration duration=0.000545024871826
GetData ===>> H2,-0.147617706592629,H1,0.0833575975620395,AX,-0.036859894936212,L1,-0.06464160803649,L2,0.06766...
check iteration duration=9.10758972168e-05
GetData ===>> H2,-0.229983651833543,H1,-0.0107615895716727,AX,-0.10815155902439,L1,-0.0448893872521394,L2,-0.02...
check iteration duration=7.20024108887e-05
GetData ===>> H2,-0.152915942930108,H1,0.108562857532246,AX,-0.0319313052894989,L1,-0.000390041375735407,L2,-0....
check iteration duration=3.69548797607e-05
GetData ===>> H2,-0.150860336692636,H1,0.00723832586231334,AX,-0.192508834940979,L1,-0.000354037904547461,L2,0....
check iteration duration=3.60012054443e-05
GetData ===>> H2,-0.147288124589582,H1,-0.00663465836911998,AX,-0.0801279941501612,L1,-0.0495404879411005,L2,-0...
testing H1>-5.0
evaluate ot="H1.bs>-5.0" t="H1>-5.0", ctx="{'H1': None}"
check iteration duration=0.0014009475708
GetData ===>> H2,-0.19447116877205,H1,0.075772211319758,AX,-0.0746567784287315,L1,-0.050766937721065,L2,-0.0073...
check iteration duration=6.103515625e-05
GetData ===>> H2,-0.240225212758114,H1,0.0497280984160799,AX,-0.109843376935878,L1,-0.0448247402142062,L2,0.028...
check iteration duration=5.31673431396e-05
GetData ===>> H2,-0.110953894809263,H1,-0.00442799239348519,AX,-0.0430173821083453,L1,-0.0570932947251712,L2,0....
check iteration duration=5.69820404053e-05
GetData ===>> H2,-0.056692317984616,H1,0.0439400283702931,AX,-0.0909883731862631,L1,-0.0101278527152019,L2,0.01...
check iteration duration=7.08103179932e-05
GetData ===>> H2,-0.122947744065027,H1,-0.0719657075847867,AX,-0.0195449476659522,L1,-0.0178186097651217,L2,-0....
testing H1>-5.0
evaluate ot="H1.bs>-5.0" t="H1>-5.0", ctx="{'H1': None}"
check iteration duration=0.00296115875244
13:03:39 -- collecting point 25
GetData ===>> H2,-0.169732178961327,H1,0.0492984569778756,AX,-0.0044309924282569,L1,-0.061182220238053,L2,-0.03...
check iteration duration=7.70092010498e-05
GetData ===>> H2,-0.171853197480264,H1,0.0898461826150278,AX,0.0501054668522082,L1,-0.0628331141573657,L2,-0.08...
check iteration duration=4.19616699219e-05
GetData ===>> H2,-0.180215545916389,H1,0.0807694373642367,AX,-0.0248105020495506,L1,-0.033710013856248,L2,-0.05...
check iteration duration=8.60691070557e-05
GetData ===>> H2,-0.244753961851573,H1,0.015207512932647,AX,-0.107954564615509,L1,-0.0670500350711315,L2,-0.099...
check iteration duration=8.51154327393e-05
GetData ===>> H2,-0.281731597551061,H1,0.104017569006554,AX,-0.0498006034097569,L1,-0.0341266724869741,L2,-0.07...
testing H1>-5.0
evaluate ot="H1.bs>-5.0" t="H1>-5.0", ctx="{'H1': None}"
check iteration duration=0.00058913230896
GetData ===>> H2,-0.222198133182194,H1,0.0916592447625543,AX,-0.125126343682101,L1,-0.00324230731110811,L2,0.01...
check iteration duration=8.29696655273e-05
GetData ===>> H2,-0.147743323441252,H1,0.0840613024538196,AX,-0.121951762717308,L1,-0.0202575135362961,L2,-0.01...
check iteration duration=8.32080841064e-05
GetData ===>> H2,-0.189987795283492,H1,0.0633104919915308,AX,-0.133770321569407,L1,-0.0370520938329014,L2,0.009...
check iteration duration=8.29696655273e-05
GetData ===>> H2,-0.240961510468852,H1,0.130659954668278,AX,-0.0325343461296549,L1,-0.00439762306051908,L2,-0.0...
check iteration duration=3.91006469727e-05
GetData ===>> H2,-0.259052341814016,H1,0.0489881615301392,AX,-0.159648851820949,L1,-0.00413250001415179,L2,0.02...
testing H1>-5.0
evaluate ot="H1.bs>-5.0" t="H1>-5.0", ctx="{'H1': None}"
check iteration duration=0.000595808029175
GetData ===>> H2,-0.194016981181065,H1,0.0706037324241794,AX,-0.024648132382569,L1,-0.0209264899946819,L2,0.104...
check iteration duration=8.10623168945e-05
GetData ===>> H2,-0.155383291705326,H1,0.11445653089337,AX,-0.181753773546488,L1,-0.0205692285321953,L2,-0.0476...
check iteration duration=8.08238983154e-05
GetData ===>> H2,-0.0572674282630242,H1,0.0362072115785097,AX,-0.0407214154929696,L1,-0.0223302368266531,L2,0.0...
check iteration duration=8.58306884766e-05
GetData ===>> H2,-0.105680564296389,H1,0.0277710078411488,AX,-0.0418694055715045,L1,0.0279163677716147,L2,0.054...
check iteration duration=5.10215759277e-05
GetData ===>> H2,-0.24859894437724,H1,0.0239648063476984,AX,-0.121882245186675,L1,-0.0243450083787449,L2,0.0172...
testing H1>-5.0
evaluate ot="H1.bs>-5.0" t="H1>-5.0", ctx="{'H1': None}"
check iteration duration=0.000656843185425
GetData ===>> H2,-0.248592218819206,H1,0.0392024138836213,AX,-0.0841848410698337,L1,-0.0388011639785437,L2,-0.0...
check iteration duration=5.91278076172e-05
GetData ===>> H2,-0.196194660550835,H1,-0.0194681405832007,AX,-0.0234999391500069,L1,-0.0334980860308247,L2,0.0...
check iteration duration=4.60147857666e-05
GetData ===>> H2,-0.137231269682075,H1,0.0350974581763587,AX,-0.00765580914255297,L1,0.00205488671662846,L2,-0....
check iteration duration=6.29425048828e-05
GetData ===>> H2,-0.275928647119725,H1,0.108049861886195,AX,-0.0475511772910636,L1,-0.0463210928106212,L2,0.025...
check iteration duration=7.08103179932e-05
GetData ===>> H2,-0.342074075199066,H1,0.145278694210105,AX,-0.046716325502015,L1,-0.0313641908594667,L2,-0.058...
testing H1>-5.0
evaluate ot="H1.bs>-5.0" t="H1>-5.0", ctx="{'H1': None}"
check iteration duration=0.000924110412598
GetData ===>> H2,-0.372347391259366,H1,0.0783125361170757,AX,-0.158825760864737,L1,-0.025773441845002,L2,-0.052...
check iteration duration=7.10487365723e-05
GetData ===>> H2,-0.213594134234239,H1,0.0714549996317039,AX,-0.143417603719938,L1,-0.00692493886138405,L2,0.03...
check iteration duration=6.00814819336e-05
GetData ===>> H2,-0.197931767029351,H1,0.0577484103498229,AX,-0.0709009353229759,L1,-0.0122030269705213,L2,0.05...
check iteration duration=8.89301300049e-05
GetData ===>> H2,-0.211490369088595,H1,0.0155057732677435,AX,-0.0664957494203615,L1,-0.00750899800449415,L2,-0....
check iteration duration=8.39233398438e-05
GetData ===>> H2,-0.266140981242366,H1,-0.0415769910267592,AX,-0.0461133725335769,L1,-0.0278234645285112,L2,0.0...
testing H1>-5.0
evaluate ot="H1.bs>-5.0" t="H1>-5.0", ctx="{'H1': None}"
check iteration duration=0.000584840774536
13:04:05 -- collecting point 50
GetData ===>> H2,-0.196871732214829,H1,0.0839539573202377,AX,-0.0719906084366624,L1,-0.0195777015643741,L2,-0.1...
check iteration duration=8.10623168945e-05
GetData ===>> H2,-0.23064857891188,H1,0.0533085154322823,AX,-0.0413591894306002,L1,-0.00153848456241359,L2,0.01...
check iteration duration=5.22136688232e-05
GetData ===>> H2,-0.259619438978697,H1,0.0277232802807561,AX,-0.0399676772689268,L1,-0.0327365457899749,L2,0.01...
check iteration duration=8.39233398438e-05
GetData ===>> H2,-0.301447023825192,H1,0.0454198329977508,AX,-0.113562955331394,L1,-0.0160316235957947,L2,-0.04...
check iteration duration=7.39097595215e-05
GetData ===>> H2,-0.289937459461627,H1,0.0555403734837202,AX,-0.101789596838043,L1,-0.010650582789419,L2,-0.024...
testing H1>-5.0
evaluate ot="H1.bs>-5.0" t="H1>-5.0", ctx="{'H1': None}"
check iteration duration=0.00056004524231
GetData ===>> H2,-0.211494409985836,H1,0.0221512439993134,AX,-0.124477532637867,L1,-0.0487112033860818,L2,0.060...
check iteration duration=4.00543212891e-05
GetData ===>> H2,-0.329598729128383,H1,0.0537023691205231,AX,-0.0182459124687635,L1,-0.0416589208508489,L2,-0.0...
check iteration duration=5.3882598877e-05
GetData ===>> H2,-0.339905851441235,H1,0.0892020763329839,AX,-0.159092396725982,L1,-0.044229728500543,L2,-0.091...
check iteration duration=7.91549682617e-05
GetData ===>> H2,-0.175252681659221,H1,0.0769171384625401,AX,-0.0492440492109363,L1,-0.0217236887883504,L2,-0.0...
check iteration duration=0.000103950500488
GetData ===>> H2,-0.13799780725928,H1,0.0836319226096951,AX,-0.0866768203129151,L1,-0.0143808403730692,L2,-0.05...
testing H1>-5.0
evaluate ot="H1.bs>-5.0" t="H1>-5.0", ctx="{'H1': None}"
check iteration duration=0.00105404853821
GetData ===>> H2,-0.241812163954864,H1,0.0234398243945001,AX,-0.0578586877362584,L1,0.0193887761363701,L2,-0.03...
check iteration duration=2.78949737549e-05
waiting for write to finish
measurement finished
estimated time: 62.915 actual time: :63.256
flush and close file /Users/jan/PychronDev/data/isotopes/7a/fe67f3-d259-4857-9034-d11cbbadde3e.h5
activate_detectors ('H1', 'AX', 'CDD') {'peak_center': True}
peak_center () {'detector': 'H1', 'integration_time': 0.262144, 'isotope': 'Ar40'}
peak center: mean=2773.31472015 threshold=3
peak center started
setup peak center. detector=['H1', 'AX', 'CDD'], isotope=Ar40
VersionedUnpickler [<apptools.sweet_pickle.versioned_unpickler.VersionedUnpickler object at 0x2469fd230>] using Updater [<apptools.sweet_pickle.updater.Updater object at 0x12e273d10>]
VersionedUnpickler [<apptools.sweet_pickle.versioned_unpickler.VersionedUnpickler object at 0x2469fd230>] using Updater [<apptools.sweet_pickle.updater.Updater object at 0x12e273d10>]
VersionedUnpickler [<apptools.sweet_pickle.versioned_unpickler.VersionedUnpickler object at 0x249902ef0>] using Updater [<apptools.sweet_pickle.updater.Updater object at 0x12e273d10>]
setting integration time = 0.524288
SetIntegrationTime 0.524288 ===>> OK
Mapping mass to dac mass func: "parabolic"
H1 map mass coeffs = [-0.00063987  0.15840543  0.57245999]
H1 map mass to dac 39.9624 >> 5.88085
GetDeflection H1 ===>> 0
GetHighVoltage ===>> 4499.94659342336
do peak center. <pychron.spectrometer.jobs.peak_center.PeakCenter object at 0x16275af50>
doing pc
starting peak center. center dac= 5.88081536823 step_width=0.001
width = 0.001
get scan parameters. half-width=0.015,window=0.015, i=0, scalar=1
Scan parameters center=5.88082 width=0.03000 (5.86582 - 5.89582)
GetData ===>> H2,-0.175833167001963,H1,0.0521866376603121,AX,-0.0684201446350996,L1,0.00254466384795047,L2,0.00...
Moving to starting dac 5.86581536823
setting magnet DAC
current  : 5.241475
requested: 5.865815
Delta Dac: 0.624340
Checking detector protection. dv=0.62434
Checking detector "CDD". Protection Threshold: 0.1 (V)
ProtectDetector CDD,On ===>> OK
GetDeflection CDD ===>> 2000
Protected = 2000
SetMagnetDAC 5.86581536823 ===>> OK
Magnet settling time: 0.500
GetMagnetMoving ===>> True
GetMagnetMoving ===>> True
GetMagnetMoving ===>> True
GetMagnetMoving ===>> True
GetMagnetMoving ===>> True
GetMagnetMoving ===>> True
GetMagnetMoving ===>> True
GetMagnetMoving ===>> True
GetMagnetMoving ===>> False
ProtectDetector CDD,Off ===>> OK
GetDeflection CDD ===>> 50
Wait until signal near baseline. tol= 0.0391399782452. timeout= 10
GetData ===>> H2,12.1657120589691,H1,2.74066071823877,AX,0.0299002073337016,L1,0.0308908147297901,L2,0.02598817...
GetData ===>> H2,142.156202079255,H1,61.3358056361967,AX,2.99433504717131,L1,0.0772678782629782,L2,0.2276190780...
GetData ===>> H2,151.716604530637,H1,75.4671219415945,AX,4.69139226238436,L1,0.113043559227072,L2,-0.0885481866...
GetData ===>> H2,149.28046825104,H1,36.8277783599736,AX,2.1254262423999,L1,0.0950912042028528,L2,-0.04735730200...
GetData ===>> H2,107.843624330456,H1,19.0817806633989,AX,0.96833231741789,L1,0.0810512255618009,L2,0.0312048822...
GetData ===>> H2,52.9484530040494,H1,10.6722168704447,AX,0.415303459685972,L1,0.0774533979512331,L2,-0.05363948...
GetData ===>> H2,20.66823988571,H1,6.64251613635891,AX,0.322182620091556,L1,0.0767426591681636,L2,0.01580616446...
GetData ===>> H2,6.87359991636414,H1,4.65224722296462,AX,0.115709611613054,L1,0.0572782220555781,L2,-0.03155896...
GetData ===>> H2,2.34537262712876,H1,3.65080359725225,AX,0.170975310449809,L1,0.042604917863519,L2,0.0230724102...
GetData ===>> H2,1.27170174786166,H1,3.20946546806498,AX,0.112486940082176,L1,0.00540823701499163,L2,-0.0633123...
GetData ===>> H2,1.09800943634779,H1,2.8813934174529,AX,0.114388071540768,L1,0.00905699406098968,L2,-0.16275221...
GetData ===>> H2,1.15007953616127,H1,2.7913131238597,AX,0.0814017501999942,L1,0.00261068954777765,L2,0.00924651...
GetData ===>> H2,1.18365959557537,H1,2.70326636834259,AX,0.0544507399460483,L1,0.0226999902027179,L2,-0.0400047...
GetData ===>> H2,1.03481129883854,H1,2.67379114677084,AX,-0.033137383233308,L1,0.0146477650513868,L2,-0.0652012...
GetData ===>> H2,0.924127397835879,H1,2.65592641610988,AX,-0.0471221571273916,L1,0.0294106894612349,L2,0.064265...
GetData ===>> H2,0.85242019409209,H1,2.6528807813935,AX,-0.0769403529043265,L1,0.0129757250542583,L2,0.02642099...
GetData ===>> H2,0.768718679398371,H1,2.6545969611371,AX,0.0423408589934149,L1,0.0136233977294572,L2,-0.0561431...
GetData ===>> H2,0.693447236953133,H1,2.62615080071889,AX,0.085086947785159,L1,0.0217228199934745,L2,0.04877064...
GetData ===>> H2,0.597847168847241,H1,2.53431717750578,AX,0.136601600880193,L1,-0.00119888543058619,L2,-0.05712...
GetData ===>> H2,0.576128981023247,H1,2.68435675088046,AX,0.185266467243675,L1,-0.00167408101621718,L2,0.094351...
GetData ===>> H2,0.517272738100554,H1,2.65960063684376,AX,0.134607277483267,L1,-0.0270619994590586,L2,-0.011363...
Peak center failed to move to a baseline position
_do_sweep sm= 5.86581536823, em= 5.89581536823, stm= 0.001
calculated step values: start=5.86581536823, end=5.89581536823, width=0.001, nsteps=31.0
setting magnet DAC
current  : 5.865815
requested: 5.865815
Delta Dac: 0.000000
Checking detector protection. dv=0.00000
Checking detector "CDD". Protection Threshold: 0.1 (V)
SetMagnetDAC 5.86581536823 ===>> OK
GetData ===>> H2,0.517272738100554,H1,2.65960063684376,AX,0.134607277483267,L1,-0.0270619994590586,L2,-0.011363...
setting magnet DAC
current  : 5.865815
requested: 5.866850
Delta Dac: 0.001034
Checking detector protection. dv=0.00103
Checking detector "CDD". Protection Threshold: 0.1 (V)
SetMagnetDAC 5.86684985098 ===>> OK
Magnet settling time: 1.049
GetData ===>> H2,0.384209984911767,H1,5.0190190921872,AX,0.309451084195547,L1,-0.0387736124933003,L2,-0.0460370...
setting magnet DAC
current  : 5.866850
requested: 5.867884
Delta Dac: 0.001034
Checking detector protection. dv=0.00103
Checking detector "CDD". Protection Threshold: 0.1 (V)
SetMagnetDAC 5.86788433374 ===>> OK
Magnet settling time: 1.049
GetData ===>> H2,0.329018365993711,H1,14.2546173628962,AX,0.808926843276798,L1,0.03461611708371,L2,-0.039640571...
setting magnet DAC
current  : 5.867884
requested: 5.868919
Delta Dac: 0.001034
Checking detector protection. dv=0.00103
Checking detector "CDD". Protection Threshold: 0.1 (V)
SetMagnetDAC 5.8689188165 ===>> OK
Magnet settling time: 1.049
GetData ===>> H2,0.208811671101435,H1,50.2946088970624,AX,2.60887214293181,L1,0.0172511341454303,L2,0.067729799...
setting magnet DAC
current  : 5.868919
requested: 5.869953
Delta Dac: 0.001034
Checking detector protection. dv=0.00103
Checking detector "CDD". Protection Threshold: 0.1 (V)
SetMagnetDAC 5.86995329926 ===>> OK
Magnet settling time: 1.049
GetData ===>> H2,0.192605079761006,H1,172.572415031867,AX,8.14611182484446,L1,0.0352844136189531,L2,-0.00708231...
setting magnet DAC
current  : 5.869953
requested: 5.870988
Delta Dac: 0.001034
Checking detector protection. dv=0.00103
Checking detector "CDD". Protection Threshold: 0.1 (V)
SetMagnetDAC 5.87098778202 ===>> OK
Magnet settling time: 1.049
GetData ===>> H2,0.303041836961861,H1,512.495726780905,AX,25.2729564417663,L1,0.167602514435186,L2,-0.042781970...
setting magnet DAC
current  : 5.870988
requested: 5.872022
Delta Dac: 0.001034
Checking detector protection. dv=0.00103
Checking detector "CDD". Protection Threshold: 0.1 (V)
SetMagnetDAC 5.87202226478 ===>> OK
Magnet settling time: 1.049
GetData ===>> H2,0.197158115218142,H1,1085.15838065822,AX,58.7442539356752,L1,0.486899644989793,L2,0.0127996034...
setting magnet DAC
current  : 5.872022
requested: 5.873057
Delta Dac: 0.001034
Checking detector protection. dv=0.00103
Checking detector "CDD". Protection Threshold: 0.1 (V)
SetMagnetDAC 5.87305674754 ===>> OK
Magnet settling time: 1.049
GetData ===>> H2,0.0837308406259919,H1,1748.25607957372,AX,104.278638416047,L1,0.943044319860645,L2,0.198586519...
setting magnet DAC
current  : 5.873057
requested: 5.874091
Delta Dac: 0.001034
Checking detector protection. dv=0.00103
Checking detector "CDD". Protection Threshold: 0.1 (V)
SetMagnetDAC 5.87409123029 ===>> OK
Magnet settling time: 1.049
GetData ===>> H2,0.0275381637981156,H1,2253.95358413726,AX,145.679886210423,L1,1.49185728431048,L2,0.0675930612...
setting magnet DAC
current  : 5.874091
requested: 5.875126
Delta Dac: 0.001034
Checking detector protection. dv=0.00103
Checking detector "CDD". Protection Threshold: 0.1 (V)
SetMagnetDAC 5.87512571305 ===>> OK
Magnet settling time: 1.049
GetData ===>> H2,0.0583929926248026,H1,2576.43042461127,AX,180.368248054309,L1,2.19189418817358,L2,0.1414600867...
setting magnet DAC
current  : 5.875126
requested: 5.876160
Delta Dac: 0.001034
Checking detector protection. dv=0.00103
Checking detector "CDD". Protection Threshold: 0.1 (V)
SetMagnetDAC 5.87616019581 ===>> OK
Magnet settling time: 1.049
GetData ===>> H2,0.144233403165895,H1,2627.60474395431,AX,186.89813308927,L1,2.54630826865809,L2,0.274748464111...
setting magnet DAC
current  : 5.876160
requested: 5.877195
Delta Dac: 0.001034
Checking detector protection. dv=0.00103
Checking detector "CDD". Protection Threshold: 0.1 (V)
SetMagnetDAC 5.87719467857 ===>> OK
Magnet settling time: 1.049
GetData ===>> H2,0.0650596077712782,H1,2640.87204886049,AX,189.088761559435,L1,2.74404242408673,L2,0.3181611497...
setting magnet DAC
current  : 5.877195
requested: 5.878229
Delta Dac: 0.001034
Checking detector protection. dv=0.00103
Checking detector "CDD". Protection Threshold: 0.1 (V)
SetMagnetDAC 5.87822916133 ===>> OK
Magnet settling time: 1.049
GetData ===>> H2,0.0488427433189748,H1,2644.03285630635,AX,189.255059242771,L1,2.8141260727695,L2,0.46080442736...
setting magnet DAC
current  : 5.878229
requested: 5.879264
Delta Dac: 0.001034
Checking detector protection. dv=0.00103
Checking detector "CDD". Protection Threshold: 0.1 (V)
SetMagnetDAC 5.87926364409 ===>> OK
Magnet settling time: 1.049
GetData ===>> H2,0.0415062194720644,H1,2644.18748294999,AX,189.2727566154,L1,2.87904578214204,L2,0.401324905597...
setting magnet DAC
current  : 5.879264
requested: 5.880298
Delta Dac: 0.001034
Checking detector protection. dv=0.00103
Checking detector "CDD". Protection Threshold: 0.1 (V)
SetMagnetDAC 5.88029812685 ===>> OK
Magnet settling time: 1.049
GetData ===>> H2,-0.0675366559155115,H1,2644.76255806308,AX,189.402816030094,L1,2.94231222081221,L2,0.524914653...
setting magnet DAC
current  : 5.880298
requested: 5.881333
Delta Dac: 0.001034
Checking detector protection. dv=0.00103
Checking detector "CDD". Protection Threshold: 0.1 (V)
SetMagnetDAC 5.88133260961 ===>> OK
Magnet settling time: 1.049
GetData ===>> H2,-0.0325057472168296,H1,2643.89283210933,AX,189.196948207456,L1,2.92697438438283,L2,0.405730376...
setting magnet DAC
current  : 5.881333
requested: 5.882367
Delta Dac: 0.001034
Checking detector protection. dv=0.00103
Checking detector "CDD". Protection Threshold: 0.1 (V)
SetMagnetDAC 5.88236709236 ===>> OK
Magnet settling time: 1.049
GetData ===>> H2,-0.00374406106067717,H1,2643.17704427924,AX,189.050396254925,L1,2.98194619284411,L2,0.48947280...
setting magnet DAC
current  : 5.882367
requested: 5.883402
Delta Dac: 0.001034
Checking detector protection. dv=0.00103
Checking detector "CDD". Protection Threshold: 0.1 (V)
SetMagnetDAC 5.88340157512 ===>> OK
Magnet settling time: 1.049
GetData ===>> H2,0.0287568309988348,H1,2641.08584967699,AX,188.847431330709,L1,2.98699427236899,L2,0.3729338809...
setting magnet DAC
current  : 5.883402
requested: 5.884436
Delta Dac: 0.001034
Checking detector protection. dv=0.00103
Checking detector "CDD". Protection Threshold: 0.1 (V)
SetMagnetDAC 5.88443605788 ===>> OK
Magnet settling time: 1.049
GetData ===>> H2,0.108549129593376,H1,2636.34903540858,AX,188.472115353542,L1,2.9916670177076,L2,0.458771696543...
setting magnet DAC
current  : 5.884436
requested: 5.885471
Delta Dac: 0.001034
Checking detector protection. dv=0.00103
Checking detector "CDD". Protection Threshold: 0.1 (V)
SetMagnetDAC 5.88547054064 ===>> OK
Magnet settling time: 1.049
GetData ===>> H2,-0.0145393740155645,H1,2625.46937346346,AX,186.692835293713,L1,2.94909515023153,L2,0.352353364...
setting magnet DAC
current  : 5.885471
requested: 5.886505
Delta Dac: 0.001034
Checking detector protection. dv=0.00103
Checking detector "CDD". Protection Threshold: 0.1 (V)
SetMagnetDAC 5.8865050234 ===>> OK
Magnet settling time: 1.049
GetData ===>> H2,0.0990553072298129,H1,2584.90383342783,AX,181.118596250892,L1,2.85664367707708,L2,0.4329437803...
setting magnet DAC
current  : 5.886505
requested: 5.887540
Delta Dac: 0.001034
Checking detector protection. dv=0.00103
Checking detector "CDD". Protection Threshold: 0.1 (V)
SetMagnetDAC 5.88753950616 ===>> OK
Magnet settling time: 1.049
GetData ===>> H2,-0.0764177264978437,H1,2453.05639328442,AX,165.115998179736,L1,2.68229723770345,L2,0.300214550...
setting magnet DAC
current  : 5.887540
requested: 5.888574
Delta Dac: 0.001034
Checking detector protection. dv=0.00103
Checking detector "CDD". Protection Threshold: 0.1 (V)
SetMagnetDAC 5.88857398892 ===>> OK
Magnet settling time: 1.049
GetData ===>> H2,-0.140093811123001,H1,2140.99157897648,AX,133.317472566637,L1,2.27504303686429,L2,0.1984724153...
setting magnet DAC
current  : 5.888574
requested: 5.889608
Delta Dac: 0.001034
Checking detector protection. dv=0.00103
Checking detector "CDD". Protection Threshold: 0.1 (V)
SetMagnetDAC 5.88960847167 ===>> OK
Magnet settling time: 1.049
GetData ===>> H2,-0.419623944621818,H1,1198.9252129811,AX,60.1433864193533,L1,1.36461657257036,L2,0.10771128538...
setting magnet DAC
current  : 5.889608
requested: 5.890643
Delta Dac: 0.001034
Checking detector protection. dv=0.00103
Checking detector "CDD". Protection Threshold: 0.1 (V)
SetMagnetDAC 5.89064295443 ===>> OK
Magnet settling time: 1.049
GetData ===>> H2,-0.428415478099302,H1,578.581540122016,AX,24.7540725381987,L1,0.850978667244947,L2,0.086783885...
setting magnet DAC
current  : 5.890643
requested: 5.891677
Delta Dac: 0.001034
Checking detector protection. dv=0.00103
Checking detector "CDD". Protection Threshold: 0.1 (V)
SetMagnetDAC 5.89167743719 ===>> OK
Magnet settling time: 1.049
GetData ===>> H2,-0.242154022462699,H1,215.463407975184,AX,7.59976328514293,L1,0.491776816856962,L2,0.035783973...
setting magnet DAC
current  : 5.891677
requested: 5.892712
Delta Dac: 0.001034
Checking detector protection. dv=0.00103
Checking detector "CDD". Protection Threshold: 0.1 (V)
SetMagnetDAC 5.89271191995 ===>> OK
Magnet settling time: 1.049
GetData ===>> H2,-0.288591941119546,H1,65.2831812971676,AX,1.74334711428535,L1,0.266363066213629,L2,0.001093137...
setting magnet DAC
current  : 5.892712
requested: 5.893746
Delta Dac: 0.001034
Checking detector protection. dv=0.00103
Checking detector "CDD". Protection Threshold: 0.1 (V)
SetMagnetDAC 5.89374640271 ===>> OK
Magnet settling time: 1.049
GetData ===>> H2,-0.392737056794043,H1,16.7140027948169,AX,0.142329710246812,L1,0.181498616864593,L2,-0.0270967...
setting magnet DAC
current  : 5.893746
requested: 5.894781
Delta Dac: 0.001034
Checking detector protection. dv=0.00103
Checking detector "CDD". Protection Threshold: 0.1 (V)
SetMagnetDAC 5.89478088547 ===>> OK
Magnet settling time: 1.049
GetData ===>> H2,-0.233347991105749,H1,3.66650935285249,AX,-0.175812914766283,L1,0.102371016990934,L2,-0.059466...
setting magnet DAC
current  : 5.894781
requested: 5.895815
Delta Dac: 0.001034
Checking detector protection. dv=0.00103
Checking detector "CDD". Protection Threshold: 0.1 (V)
SetMagnetDAC 5.89581536823 ===>> OK
Magnet settling time: 1.049
GetData ===>> H2,-0.299091311877533,H1,0.38232270564007,AX,-0.151978690337445,L1,0.0646942103509038,L2,0.048132...
result of _do_sweep=True
result of _calculate_peak_center=([5.8734806988871284, 5.881146029548451, 5.8888113602097736], [1955.5008484779764, 2644.7573292497304, 1924.8260501060204], 5.8803043461817177, 2644.7573292497304)
new center pos Detector(H1) (Ar40) @ 5.88114602955
GetHighVoltage ===>> 4499.94659342336
GetDeflection H1 ===>> 0
dac uncorrected for HV and deflection 5.88118066327
update mftable H1 Ar40 5.88118066327 message=automated run peakcenter
get initial guess parabolic
get initial guess parabolic
get initial guess parabolic
get initial guess parabolic
get initial guess parabolic
get initial guess parabolic
dump mftable to /Users/jan/PychronDev/setupfiles/spectrometer/mftables/mftable.csv
add to repo msg=modified - automated run peakcenter
sweep finished
locally archiving mftable
setting magnet DAC
current  : 5.895815
requested: 5.881146
Delta Dac: 0.014669
Checking detector protection. dv=0.01467
Checking detector "CDD". Protection Threshold: 0.1 (V)
SetMagnetDAC 5.88114602955 ===>> OK
Magnet settling time: 0.500
setting integration time = 1.048576
SetIntegrationTime 1.048576 ===>> OK
flush and close file /Users/jan/PychronDev/data/isotopes/7a/fe67f3-d259-4857-9034-d11cbbadde3e.h5
finished measure script
executed snippet estimated_duration=226.132928, duration=272.861517906
jan_unknown120_60.py completed successfully
Measurement Finished
13:05:03 -- ******* Measurement Finished *******
Post Measurement Started jan_pump_ms.py
13:05:03 -- ******* Post Measurement Started jan_pump_ms.py *******
testing...
no interpolation path defined
executed snippet estimated_duration=0, duration=2.90870666504e-05
Pumping spectrometer
open () {'name': 'O'}
opening name=O desc=---
checking ownership. requestor=129.138.12.150
check software interlocks O
interlocks []
actuate state mode=None-script, software_lock=False
doing actuation None-script open_channel True
Open O ===>> OK
GetIndicatorState O ===>> OK
change switch state (True, True)
update switch state O True args=() kw={} ncanvase=8
13:05:03 -- OPEN   VALVE-O (Jan Ion Pump)
---------------------------------------- open O () result=[(True, True)], time=0.11 sec
action=open, ok=True, locked=[False]
executed snippet estimated_duration=0, duration=0.360406160355
jan_pump_ms.py completed successfully
setting _ms_pumptime
Post Measurement Finished
13:05:03 -- ******* Post Measurement Finished *******
$$$$$$$$$$$$$$$$$$$$ state at run end measurement
state changed from measurement to success
post measurement save measured=True aborted=False
Set filtering
setting fod for Ar40= {'filter_outliers': True, 'std_devs': 2, 'iterations': 1}
setting fod for H1= {'filter_outliers': True, 'std_devs': 2, 'iterations': 1}
setting fod for PM41= {'filter_outliers': False, 'std_devs': 2, 'iterations': 1}
setting fod for H2= {'filter_outliers': True, 'std_devs': 2, 'iterations': 1}
setting fod for Ar36= {'filter_outliers': True, 'std_devs': 2, 'iterations': 1}
setting fod for CDD= {'filter_outliers': True, 'std_devs': 10, 'iterations': 1}
setting fod for Ar37= {'filter_outliers': True, 'std_devs': 2, 'iterations': 1}
setting fod for L2= {'filter_outliers': True, 'std_devs': 2, 'iterations': 1}
setting fod for Ar38= {'filter_outliers': True, 'std_devs': 2, 'iterations': 1}
setting fod for L1= {'filter_outliers': True, 'std_devs': 2, 'iterations': 1}
setting fod for Ar39= {'filter_outliers': True, 'std_devs': 2, 'iterations': 1}
setting fod for AX= {'filter_outliers': True, 'std_devs': 2, 'iterations': 1}
persistence save...
persistence save - db
post measurement save
9351023504 connecting to database sqlite:////Users/jan/PychronDev/.appdata/local_lab.db
connected to db sqlite:////Users/jan/PychronDev/.appdata/local_lab.db
create new session 9351023504
close session 9351023504
No database instance. Not saving post measurement to isotopedb database
$$$$$$$$$$$$$$$ auto_save_detector_ic=False
massspec enabled True
create new session 6484677072
MassSpec Database Version: 16.0
close session 6484677072
saving post measurement to secondary database
saving to massspec database 129.138.12.160/massspecdata
setting labnumber to 65475
setting aliquot to 23
setting step to 
setting uuid to 7afe67f3-d259-4857-9034-d11cbbadde3e
setting irradpos to 65475
setting extract_device to Fusions CO2
setting tray to 
setting position to 113
setting power_requested to 5.0
setting extract_value to 5.0
setting duration to 30.0
setting duration_at_request to 30.0
setting first_stage_delay to 30.0
setting cleanup to 30.0
setting comment to P:7
setting irradiation to NM-288
setting level to P
setting irradiation_level to P
setting sample to Goat Mtn
setting material to Sanidine
setting project to IR989
setting mass_spectrometer to Jan
no attribute chron_dosages
no attribute production_ratios
no attribute interference_corrections
no attribute production_name
no attribute j
Reference Isotope=Ar40
Reference Detector=H1
%%%%%%%%%%%%%%%%%%%% Comment: P:7 %%%%%%%%%%%%%%%%%%%
adding isotope PM41 H2
add baseline dbdet= PM41. original det= H2
get baseline data PM41 H2
Get data baseline <pychron.processing.isotope.Baseline object at 0x21e1882d0> len t=60
baseline PM41. v=-0.190222871543, e=0.00815392549372
get signal data PM41 H2
Get data signal PM41 0.24+/-0.07 len t=120
adding isotope Ar40 H1
add baseline dbdet= Ar40. original det= H1
get baseline data Ar40 H1
Get data baseline <pychron.processing.isotope.Baseline object at 0x23ea05b50> len t=60
baseline Ar40. v=0.0360496815264, e=0.00739578658585
get signal data Ar40 H1
Get data signal Ar40 2914.64+/-0.16 len t=120
adding isotope Ar39 AX
add baseline dbdet= Ar39. original det= AX
get baseline data Ar39 AX
Get data baseline <pychron.processing.isotope.Baseline object at 0x23adc1ed0> len t=60
baseline Ar39. v=-0.0785074132908, e=0.00628316546725
get signal data Ar39 AX
Get data signal Ar39 207.494+/-0.031 len t=120
adding isotope Ar38 L1
add baseline dbdet= Ar38. original det= L1
get baseline data Ar38 L1
Get data baseline <pychron.processing.isotope.Baseline object at 0x23add10d0> len t=60
baseline Ar38. v=-0.0320534554307, e=0.00272588009156
get signal data Ar38 L1
Get data signal Ar38 3.312+/-0.006 len t=120
adding isotope Ar37 L2
add baseline dbdet= Ar37. original det= L2
get baseline data Ar37 L2
Get data baseline <pychron.processing.isotope.Baseline object at 0x23add1290> len t=60
baseline Ar37. v=-0.0103459940035, e=0.00551417204072
get signal data Ar37 L2
Get data signal Ar37 0.438+/-0.011 len t=120
adding isotope Ar36 CDD
add baseline dbdet= Ar36. original det= CDD
get baseline data Ar36 CDD
Get data baseline <pychron.processing.isotope.Baseline object at 0x23add1450> len t=60
baseline Ar36. v=0.000553283131035, e=3.66171920243e-05
get signal data Ar36 CDD
Get data signal Ar36 2.561+/-0.004 len t=120
65475-23 added analysis time 0.541996002197s
analysis added to mass spec database
mass spec save time= 0.550
persistence save - dvc
================= post measurement started
create new session 4992585168
close session 4992585168
---------------- Experiment Queue saving disabled
DVC saving peakcenter
Smart pull ahead: 0 behind: 0
Up-to-date with origin
add to repo msg=modified - ad8224ebc6dbfeb9f5997218dfa5fe690569839d.json
add to repo msg=modified - 75-23.json
add to repo msg=modified - 75-23.dat.json
add to repo msg=modified - 75-23.blan.json
add to repo msg=modified - 75-23.inte.json
add to repo msg=modified - 75-23.icfa.json
add to repo msg=modified - 75-23.base.json
not at valid file /Users/jan/PychronDev/data/.dvc/repositories/Load1795/654/tags/75-23.tags.json
add to repo msg=modified - 75-23.peak.json
add to repo msg=modified - 75-23.extr.json
not at valid file /Users/jan/PychronDev/data/.dvc/repositories/Load1795/654/monitor/75-23.moni.json
commit message=<COLLECTION>
add to repo msg=modified - 75-23.inte.json
add to repo msg=modified - 75-23.base.json
commit message=<ISOEVO> default collection fits
add to repo msg=modified - 75-23.blan.json
commit message=<BLANKS> preceding bu-FC-J-7823
add to repo msg=modified - 75-23.icfa.json
commit message=<ICFactor> default
push repository <pychron.git_archive.repo_manager.GitRepoManager object at 0x237c68050>
pushing to remote=origin, url=https://github.com
no changes to meta repo
create new session 4992585168
add association Load1795
get identifier "65475"
setting analysis irradiation position=<pychron.dvc.dvc_orm.IrradiationPositionTbl object at 0x23118e650>
close session 4992585168
================= post measurement finished
13:05:16 -- ******* Post Run Check *******
loading queue conditionals post_run_actions
loading system conditionals post_run_actions
loading conditionals from /Users/jan/PychronDev/setupfiles/spectrometer/default_conditionals.yaml
loading queue conditionals post_run_terminations
loading system conditionals post_run_terminations
loading conditionals from /Users/jan/PychronDev/setupfiles/spectrometer/default_conditionals.yaml
Checking default post run terminations n=1
GetDeflection CDD ===>> 50
testing CDD==2000
evaluate ot="CDD.deflection==2000" t="CDD==2000", ctx="{'CDD': 50.0}"
13:05:16 -- ******* Post Run Check Passed *******
13:05:16 -- Automated run 65475-23 success duration: 363.819 s
----------------- finish -----------------
----------------- stop -----------------
retroactive repository identifiers disabled
finish run. runs completed=191
update duration runid=65475-23, duration=363.818963051, md5=301e91d8
loading script "jan_unknown120_60.py"
loading script "jan_pump_ms.py"
loading script "jan_co2.py"
loading script "jan_pump_extraction_line.py"
testing...
no interpolation path defined
executed snippet estimated_duration=213.652928, duration=0.000223159790039
script duration name:unknown120_60 seconds:214.0
loading script "jan_unknown120_60.py"
loading script "jan_pump_ms.py"
loading script "jan_co2.py"
loading script "jan_pump_extraction_line.py"
testing...
no interpolation path defined
executed snippet estimated_duration=0, duration=2.38418579102e-05
loading script "jan_unknown120_60.py"
loading script "jan_pump_ms.py"
loading script "jan_co2.py"
loading script "jan_pump_extraction_line.py"
testing...
no interpolation path defined
calculate duration
testing...
no interpolation path defined
executed snippet estimated_duration=0, duration=4.6968460083e-05
calculate duration
testing...
no interpolation path defined
executed snippet estimated_duration=0, duration=9.10758972168e-05
executed snippet estimated_duration=0.0, duration=0.00386905670166
script duration name:co2 seconds:0.0
loading script "jan_unknown120_60.py"
loading script "jan_pump_ms.py"
loading script "jan_co2.py"
loading script "jan_pump_extraction_line.py"
testing...
no interpolation path defined
calculate duration
testing...
no interpolation path defined
executed snippet estimated_duration=4.0, duration=0.000142097473145
executed snippet estimated_duration=4.0, duration=0.00143218040466
Script duration 214.0
Run total estimated duration= 215.000
unknown120_60 in script context. using previous estimated duration
script duration name:unknown120_60 seconds:214.0
pump_ms in script context. using previous estimated duration
co2 in script context. using previous estimated duration
script duration name:co2 seconds:0.0
pump_extraction_line in script context. using previous estimated duration
Script duration 214.0
Run total estimated duration= 215.000
script duration name:unknown120_60 seconds:214.0
script duration name:co2 seconds:0.0
Script duration 214.0
Run total estimated duration= 215.000
nruns=3 before=0.0, run_dur=645.0, btw=90.0
write rem/ex queues
/Users/jan/PychronDev/experiments/rem/CurrentExperiment.rem.txt
/Users/jan/PychronDev/experiments/rem/CurrentExperiment.ex.txt
doing event level: 3
