do run
loading script "jan_unknown120_60.py"
loading script "jan_pump_ms.py"
loading script "jan_co2.py"
loading script "jan_pump_extraction_line.py"
testing...
no interpolation path defined
executed snippet estimated_duration=213.652928, duration=0.000257015228271
script duration name:unknown120_60 seconds:214.0
loading script "jan_unknown120_60.py"
loading script "jan_pump_ms.py"
loading script "jan_co2.py"
loading script "jan_pump_extraction_line.py"
testing...
no interpolation path defined
executed snippet estimated_duration=0, duration=3.81469726562e-05
loading script "jan_unknown120_60.py"
loading script "jan_pump_ms.py"
loading script "jan_co2.py"
loading script "jan_pump_extraction_line.py"
testing...
no interpolation path defined
calculate duration
testing...
no interpolation path defined
executed snippet estimated_duration=0, duration=7.79628753662e-05
calculate duration
testing...
no interpolation path defined
executed snippet estimated_duration=0, duration=0.000136137008667
executed snippet estimated_duration=0.0, duration=0.003093957901
script duration name:co2 seconds:0.0
loading script "jan_unknown120_60.py"
loading script "jan_pump_ms.py"
loading script "jan_co2.py"
loading script "jan_pump_extraction_line.py"
testing...
no interpolation path defined
calculate duration
testing...
no interpolation path defined
executed snippet estimated_duration=4.0, duration=0.000153064727783
executed snippet estimated_duration=4.0, duration=0.00145697593689
Script duration 214.0
Run total estimated duration= 215.000
run duration: 0:03:35
doing event level: 2
13:06:08 -- Setting default integration. t=1.048576
setting integration time = 1.048576
SetIntegrationTime 1.048576 ===>> OK
----------------- start -----------------
**************** Experiment Type: Ar/Ar, Ar/Ar
create new session 4419438256
close session 4419438256
$$$$$ Clearing conditionals
adding conditionals 
Add queue conditionals
add default conditionals
adding default conditionals from /Users/jan/PychronDev/setupfiles/spectrometer/default_conditionals.yaml
Start automated run 65475-24
loading script "jan_unknown120_60.py"
loading script "jan_pump_ms.py"
loading script "jan_co2.py"
loading script "jan_pump_extraction_line.py"
%%%%%%%%%%%%%%%%%% setting automated run 65475-24
No value "sensitivity_multiplier" in metadata
$$$$$$$$$$$$$$$ auto_save_detector_ic=False
============================= Pre Extraction Check =============================
loading queue conditionals pre_run_terminations
loading system conditionals pre_run_terminations
loading conditionals from /Users/jan/PychronDev/setupfiles/spectrometer/default_conditionals.yaml
13:06:08 -- ******* Pre Extraction Check *******
Get a measurement from the spectrometer
GetData ===>> H2,-0.16659579793104,H1,0.0785868473445862,AX,-0.10391029712598,L1,0.0126193548519217,L2,0.050242...
Pre Extraction Termination data. keys=H2,H1,AX,L1,L2,CDD, signals=-0.16660,0.07859,-0.10391,0.01262,0.05024,0.00313
13:06:08 -- testing system defined conditionals
Checking default pre extraction terminations n=2
testing CDD
evaluate ot="CDD.inactive" t="CDD", ctx="{'CDD': False}"
GetDeflection CDD ===>> 50
testing CDD==2000
evaluate ot="CDD.deflection==2000" t="CDD==2000", ctx="{'CDD': 50.0}"
13:06:08 -- ******* Pre Extraction Check Passed *******
=================================================================================
13:06:08 -- stopping status monitor
stop 6901184944
Alive clients [5025639504, 5288834736, 4992986192]
13:06:08 -- starting status monitor
start 6901184944
Monitor already running
start extraction
do extraction
Analysis started at 13:06:08.182277
Extraction Started jan_co2.py
13:06:08 -- ******* Extraction Started jan_co2.py *******
state changed from not run to extraction
DO EXTRACTION <pychron.extraction_line.pyscript_runner.RemotePyScriptRunner object at 0x12bfe48f0>
testing...
no interpolation path defined
calculate duration
testing...
no interpolation path defined
executed snippet estimated_duration=0, duration=4.19616699219e-05
calculate duration
testing...
no interpolation path defined
executed snippet estimated_duration=0, duration=7.29560852051e-05
executed snippet estimated_duration=100.0, duration=0.00173902511597
Jan CO2 laser analysis
doing GOSUB
testing...
no interpolation path defined
executed snippet estimated_duration=0, duration=4.19616699219e-05
Waiting for CO2 access
wait ('FelixCO2Flag', 0) {}
waiting for FelixCO2Flag = 0
Read FelixCO2Flag ===>> 0
finished waiting
CO2 free
wait ('CO2PumpTimeFlag', 0) {}
waiting for CO2PumpTimeFlag = 0
Read CO2PumpTimeFlag ===>> 0
finished waiting
acquire ('JanCO2Flag',) {'clear': True}
acquire JanCO2Flag
Set JanCO2Flag 1 ===>> OK
JanCO2Flag acquired
set extraction state False (0.75, 'red', 1.5)
CO2 acquired
executed snippet estimated_duration=0, duration=0.0178349018097
WaitForCO2Access.py completed successfully
gosub finished
doing GOSUB
testing...
no interpolation path defined
executed snippet estimated_duration=0, duration=0.000200986862183
Prepare for CO2 analysis
close () {'description': 'Jan Inlet'}
closing name=--- desc=Jan Inlet
checking ownership. requestor=129.138.12.150
check software interlocks R
interlocks []
actuate state mode=None-script, software_lock=False
doing actuation None-script close_channel False
Close R ===>> OK
GetIndicatorState R ===>> False
change switch state (True, True)
update switch state R False args=() kw={} ncanvase=8
13:06:08 -- CLOSE  VALVE-R (Jan Inlet)
---------------------------------------- close None (Jan Inlet) result=[(True, True)]
action=close, ok=True, locked=[False]
open () {'description': 'Jan Ion Pump'}
opening name=--- desc=Jan Ion Pump
checking ownership. requestor=129.138.12.150
check software interlocks O
interlocks []
actuate state mode=None-script, software_lock=False
doing actuation None-script open_channel False
Open O ===>> OK
GetIndicatorState O ===>> OK
change switch state (True, True)
update switch state O True args=() kw={} ncanvase=8
13:06:09 -- OPEN   VALVE-O (Jan Ion Pump)
---------------------------------------- open None (Jan Ion Pump) result=[(True, True)], time=0.12 sec
action=open, ok=True, locked=[False]
close () {'description': 'Microbone to Minibone'}
closing name=--- desc=Microbone to Minibone
checking ownership. requestor=129.138.12.150
check software interlocks L
interlocks []
actuate state mode=None-script, software_lock=False
doing actuation None-script close_channel False
Close L ===>> OK
GetIndicatorState L ===>> False
change switch state (True, True)
update switch state L False args=() kw={} ncanvase=8
13:06:09 -- CLOSE  VALVE-L (Microbone to Minibone)
---------------------------------------- close None (Microbone to Minibone) result=[(True, True)]
action=close, ok=True, locked=[False]
open () {'description': 'Microbone to Turbo'}
opening name=--- desc=Microbone to Turbo
checking ownership. requestor=129.138.12.150
check software interlocks U
interlocks []
actuate state mode=None-script, software_lock=False
doing actuation None-script open_channel False
Open U ===>> OK
GetIndicatorState U ===>> OK
change switch state (True, True)
update switch state U True args=() kw={} ncanvase=8
13:06:10 -- OPEN   VALVE-U (Microbone to Turbo)
---------------------------------------- open None (Microbone to Turbo) result=[(True, True)], time=0.14 sec
action=open, ok=True, locked=[False]
open () {'description': 'Microbone to Inlet Pipette'}
opening name=--- desc=Microbone to Inlet Pipette
checking ownership. requestor=129.138.12.150
check software interlocks S
interlocks []
actuate state mode=None-script, software_lock=False
doing actuation None-script open_channel False
Open S ===>> OK
GetIndicatorState S ===>> OK
change switch state (True, True)
update switch state S True args=() kw={} ncanvase=8
13:06:10 -- OPEN   VALVE-S (Microbone to Inlet Pipette)
---------------------------------------- open None (Microbone to Inlet Pipette) result=[(True, True)], time=0.44 sec
action=open, ok=True, locked=[False]
open () {'description': 'Microbone to Getter D-50'}
opening name=--- desc=Microbone to Getter D-50
checking ownership. requestor=129.138.12.150
check software interlocks K
interlocks []
actuate state mode=None-script, software_lock=False
doing actuation None-script open_channel False
Open K ===>> OK
GetIndicatorState K ===>> OK
change switch state (True, True)
update switch state K True args=() kw={} ncanvase=8
13:06:11 -- OPEN   VALVE-K (Microbone to Getter D-50)
---------------------------------------- open None (Microbone to Getter D-50) result=[(True, True)], time=0.44 sec
action=open, ok=True, locked=[False]
open () {'description': 'Microbone to Getter NP-10'}
opening name=--- desc=Microbone to Getter NP-10
checking ownership. requestor=129.138.12.150
check software interlocks M
interlocks []
actuate state mode=None-script, software_lock=False
doing actuation None-script open_channel False
Open M ===>> OK
GetIndicatorState M ===>> OK
change switch state (True, True)
update switch state M True args=() kw={} ncanvase=8
13:06:12 -- OPEN   VALVE-M (Microbone to Getter NP-10)
---------------------------------------- open None (Microbone to Getter NP-10) result=[(True, True)], time=0.17 sec
action=open, ok=True, locked=[False]
close () {'description': 'CO2 Laser to Felix'}
closing name=--- desc=CO2 Laser to Felix
checking ownership. requestor=129.138.12.150
check software interlocks F
interlocks []
actuate state mode=None-script, software_lock=True
VALVE-F(CO2 Laser to Felix) software locked
change switch state (True, False)
---------------------------------------- close None (CO2 Laser to Felix) result=[(True, False)]
action=close, ok=True, locked=[True]
open () {'description': 'CO2 Laser to Jan'}
opening name=--- desc=CO2 Laser to Jan
checking ownership. requestor=129.138.12.150
check software interlocks A
interlocks []
actuate state mode=None-script, software_lock=False
doing actuation None-script open_channel False
Open A ===>> OK
GetIndicatorState A ===>> OK
change switch state (True, True)
update switch state A True args=() kw={} ncanvase=8
13:06:12 -- OPEN   VALVE-A (CO2 Laser to Jan)
---------------------------------------- open None (CO2 Laser to Jan) result=[(True, True)], time=0.15 sec
action=open, ok=True, locked=[False]
open () {'description': 'Microbone to CO2 Laser'}
opening name=--- desc=Microbone to CO2 Laser
checking ownership. requestor=129.138.12.150
check software interlocks T
interlocks []
actuate state mode=None-script, software_lock=False
doing actuation None-script open_channel False
Open T ===>> OK
GetIndicatorState T ===>> OK
change switch state (True, True)
update switch state T True args=() kw={} ncanvase=8
13:06:13 -- OPEN   VALVE-T (Microbone to CO2 Laser)
---------------------------------------- open None (Microbone to CO2 Laser) result=[(True, True)], time=0.45 sec
action=open, ok=True, locked=[False]
executed snippet estimated_duration=0, duration=5.18384504318
PrepareForCO2Analysis.py completed successfully
gosub finished
set_motor ('beam', '1.25') {}
setting motor "beam" to 1.25
set motor beam to 1.25
SetMotor beam,1.25 ===>> OK
GetMotorMoving beam ===>> False
GetMotorMoving beam ===>> False
Block completed
move_to_position ('114',) {'autocenter': True}
FusionsCO2 move to position 114
sending GoToHole 114,True
GoToHole 114,True ===>> OK
GetDriveMoving ===>> OK
GetDriveMoving ===>> OK
GetDriveMoving ===>> OK
GetDriveMoving ===>> OK
GetDriveMoving ===>> OK
GetDriveMoving ===>> OK
GetDriveMoving ===>> False
GetDriveMoving ===>> OK
GetDriveMoving ===>> OK
GetDriveMoving ===>> OK
GetDriveMoving ===>> OK
GetDriveMoving ===>> OK
GetDriveMoving ===>> OK
GetDriveMoving ===>> False
Block completed
GetAutoCorrecting ===>> False
GetAutoCorrecting ===>> False
Block completed
update position
GetPosition ===>> 5.98170,0.00000,1.00000
got position (5.9817, 0.0, 1.0)
move to position succeeded
sleep (5,) {}
SLEEP 5.0
block started
WaitControl setup for 5.0  
Join finished
block finished. duration 5.0410130024
close () {'description': 'Microbone to Turbo'}
closing name=--- desc=Microbone to Turbo
checking ownership. requestor=129.138.12.150
check software interlocks U
interlocks []
actuate state mode=None-script, software_lock=False
doing actuation None-script close_channel True
Close U ===>> OK
GetIndicatorState U ===>> False
change switch state (True, True)
update switch state U False args=() kw={} ncanvase=8
13:06:24 -- CLOSE  VALVE-U (Microbone to Turbo)
---------------------------------------- close None (Microbone to Turbo) result=[(True, True)]
action=close, ok=True, locked=[False]
enable laser
enable () {}
set extraction state FusionsCO2 Enabled (False, 'red', 1.5)
enabling laser
Enable ===>> OK
begin interval
BEGIN INTERVAL Interval 1 waiting for 30.0
block started
set extract to 5.0
WaitControl setup for 30.0  
extract (5.0,) {}
GetPosition ===>> 5.98170,0.00000,1.00000
set extraction state FusionsCO2 ON! 5.0(watts) (0.75, 'red', 1.5)
extract sample to 5.0 (watts)
set laser output
SetLaserOutput 5.0,watts ===>> OK
executing pattern triangle.lp
execute_pattern ('triangle.lp',) {}
executing pattern triangle.lp
IsPatterning ===>> OK
IsPatterning ===>> OK
IsPatterning ===>> OK
IsPatterning ===>> OK
IsPatterning ===>> OK
IsPatterning ===>> OK
IsPatterning ===>> OK
IsPatterning ===>> OK
IsPatterning ===>> OK
IsPatterning ===>> OK
IsPatterning ===>> OK
IsPatterning ===>> OK
IsPatterning ===>> OK
IsPatterning ===>> OK
IsPatterning ===>> OK
IsPatterning ===>> OK
IsPatterning ===>> OK
IsPatterning ===>> OK
IsPatterning ===>> OK
IsPatterning ===>> OK
IsPatterning ===>> OK
IsPatterning ===>> OK
IsPatterning ===>> OK
IsPatterning ===>> OK
IsPatterning ===>> OK
IsPatterning ===>> OK
IsPatterning ===>> False
IsPatterning ===>> False
Block completed
COMPLETE INTERVAL waiting for Interval 1 to complete
Join finished
block finished. duration 30.1039609909
Interval 1 finished
end_extract () {}
ending extraction. set laser power to 0
set laser power 0
SetLaserPower 0 ===>> OK
disable () {}
%%%%%%%%%%%%%%%%%%%%%%%%%%%%%%%%%%% disable
set extraction state False (0.75, 'red', 1.5)
disabling laser
Disable ===>> OK
sleep (30.0,) {}
SLEEP 30.0
block started
WaitControl setup for 30.0  
Join finished
block finished. duration 30.1033980846
executed snippet estimated_duration=166.5, duration=77.851195097
jan_co2.py completed successfully
GetAchievedOutput ===>> No Response
Requested Output= 0.000
Achieved Output=  0.000
GetResponseBlob ===>> No Response
GetOutputBlob ===>> No Response
persistence save...
persistence save - db
AutomatedRunPersister post_extraction_save deprecated
persistence save - dvc
no extraction position for 114
create new session 4992585168
close session 4992585168
Extraction Finished
13:07:26 -- ******* Extraction Finished *******
no overlap. not waiting for min ms pumptime
13:07:26 -- Sending spectrometer configuration
======== Sending configuration ========
SetDeflection CDD,50.0 ===>> OK
SetDeflection H2,0.0 ===>> OK
SetDeflection H1,0.0 ===>> OK
SetDeflection L2,825.0 ===>> OK
SetDeflection L1,400.0 ===>> OK
SetDeflection AX,190.0 ===>> OK
SetZFocus 74.64 ===>> OK
SetZSymmetry -50.72 ===>> OK
SetExtractionLens 26.13 ===>> OK
SetIonRepeller -3.81 ===>> OK
SetElectronEnergy 75.08 ===>> OK
SetYSymmetry -2.81 ===>> OK
SetIonCounterVoltage 1590.0 ===>> OK
send trap current 200.0
GetParameter Trap Current Readback ===>> 198.258926936459
SetParameter Trap Current Set,200.0 ===>> OK
updating mftable name mftable
Using mftable located at /Users/jan/PychronDev/setupfiles/spectrometer/mftables/mftable.csv
============ MFtable ===========
Isotope  H2     H1     AX     L1     L2     CDD    
Ar40     5.8277 5.8812 5.9944 6.1676 6.2327 6.3958
Ar39     5.7269 5.7735 5.8868 6.0537 6.1179 6.2823
Ar36     5.4044 5.4425 5.5502 5.7125 5.7728 5.9334
================================
get initial guess parabolic
get initial guess parabolic
get initial guess parabolic
get initial guess parabolic
get initial guess parabolic
get initial guess parabolic
======== Configuration Finished ========
GetYSymmetry ===>> -2.81
GetZSymmetry ===>> -50.72
GetParameter Trap Current Readback ===>> 198.147042666178
GetHighVoltage ===>> 4499.94659342336
start measurement
do measurement
L#=65475 analysis type=unknown
Measurement Started jan_unknown120_60.py
13:07:26 -- ******* Measurement Started jan_unknown120_60.py *******
state changed from extraction to measurement
setting spec, defl, and gains
GetExtractionLens ===>> 26.13
GetYSymmetry ===>> -2.81
GetZSymmetry ===>> -50.72
GetZFocus ===>> 74.64
GetDeflection H2 ===>> 0
GetDeflection H1 ===>> 0
GetDeflection AX ===>> 190
GetDeflection L1 ===>> 400
GetDeflection L2 ===>> 825
GetDeflection CDD ===>> 50
GetGain H2 ===>> 0.0113
GetGain H1 ===>> 0.1
GetGain AX ===>> 0.097049
GetGain L1 ===>> 0.010355
GetGain L2 ===>> 0.095649
GetGain CDD ===>> 0
pre measurement save
New frame /Users/jan/PychronDev/data/isotopes/c3/4cb118-c00b-479b-bba0-138fe0567d6e.h5
flush and close file /Users/jan/PychronDev/data/isotopes/c3/4cb118-c00b-479b-bba0-138fe0567d6e.h5
testing...
no interpolation path defined
executed snippet estimated_duration=226.132928, duration=0.000138998031616
unknown measurement script
activate_detectors ('H2', 'H1', 'AX', 'L1', 'L2', 'CDD') {}
activate detectors
*************** Set Analysis View Ar/Ar
create graphs
clearing graphs
clear isotope group
setting isotope det=H2, iso=PM41
setting isotope det=H1, iso=Ar40
setting isotope det=AX, iso=Ar39
setting isotope det=L1, iso=Ar38
setting isotope det=L2, iso=Ar37
setting isotope det=CDD, iso=Ar36
setting previous blanks
 - setting Ar40 blank 0.634+/-0.011
 - setting Ar36 blank 0.00634+/-0.00025
 - setting Ar37 blank 0.056+/-0.010
 - setting Ar38 blank 0.013+/-0.005
 - setting PM41 blank 0.06+/-0.07
 - setting Ar39 blank 0.016+/-0.012
load analysis view
position_magnet ('Ar40',) {'detector': 'H1'}
detector Detector(H1)
POSITION Ar40 H1
setting detector H2 to PM41 (40.9624)
setting detector H1 to Ar40 (39.9624)
setting detector AX to Ar39 (38.9624)
setting detector L1 to Ar38 (37.9624)
setting detector L2 to Ar37 (36.9624)
setting detector CDD to Ar36 (35.9624)
Mapping mass to dac mass func: "parabolic"
H1 map mass coeffs = [-0.00063987  0.15840543  0.57278999]
H1 map mass to dac 39.9624 >> 5.88118
GetDeflection H1 ===>> 0
GetHighVoltage ===>> 4499.94659342336
positioning Ar40 (5.88114536628) on H1
setting magnet DAC
current  : 5.881146
requested: 5.881145
Delta Dac: 0.000001
Checking detector protection. dv=0.00000
Checking detector "CDD". Protection Threshold: 0.1 (V)
SetMagnetDAC 5.88114536628 ===>> OK
Magnet settling time: 0.500
equilibrate () {'delay': 3, 'inlet': 'R', 'outlet': 'O', 'eqtime': 12.0}
Equilibration Started
13:07:27 -- ******* Equilibration Started *******
checking ownership. requestor=129.138.12.150
check software interlocks O
interlocks []
actuate state mode=None-script, software_lock=False
doing actuation None-script close_channel True
Close O ===>> OK
update labels <pychron.experiment.plot_panel.PlotPanel object at 0x24e4b9fb0>
update labels "<pychron.graph.stacked_regression_graph.StackedRegressionGraph object at 0x248a19e90>"
setting label 0 H2 PM41
setting label 1 H1 Ar40
setting label 2 AX Ar39
setting label 3 L1 Ar38
setting label 4 L2 Ar37
setting label 5 CDD Ar36
update labels "<pychron.graph.stacked_graph.StackedGraph object at 0x248dd6530>"
setting label 0 H2 PM41
setting label 1 H1 Ar40
setting label 2 AX Ar39
setting label 3 L1 Ar38
setting label 4 L2 Ar37
setting label 5 CDD Ar36
GetIndicatorState O ===>> False
change switch state (True, True)
update switch state O False args=() kw={} ncanvase=8
13:07:28 -- CLOSE  VALVE-O (Jan Ion Pump)
waiting 3s before opening inlet value ('R',)
checking ownership. requestor=129.138.12.150
check software interlocks R
interlocks []
actuate state mode=None-script, software_lock=False
doing actuation None-script open_channel True
Open R ===>> OK
GetIndicatorState R ===>> OK
change switch state (True, True)
update switch state R True args=() kw={} ncanvase=8
13:07:31 -- OPEN   VALVE-R (Jan Inlet)
equilibrating for 12.0sec
set_time_zero () {}
sniff (12.0,) {}
py_sniff
build tables- sniff [Detector(H2), Detector(H1), Detector(AX), Detector(L1), Detector(L2), Detector(CDD)]
add group /sniff/PM41 (Group) '' table H2
add group /sniff/Ar40 (Group) '' table H1
add group /sniff/Ar39 (Group) '' table AX
add group /sniff/Ar38 (Group) '' table L1
add group /sniff/Ar37 (Group) '' table L2
add group /sniff/Ar36 (Group) '' table CDD
flush and close file /Users/jan/PychronDev/data/isotopes/c3/4cb118-c00b-479b-bba0-138fe0567d6e.h5
measuring sniff. ncounts=12.0
"sniff" increment series count="1" fit count="0" regressing="False"
starting measurement
check iteration duration=1.59740447998e-05
GetData ===>> H2,-0.225978455651534,H1,0.121543714792449,AX,-0.0397241605949839,L1,-0.0385388228593118,L2,0.084...
check iteration duration=3.38554382324e-05
GetData ===>> H2,0.54816416582683,H1,352.104299453441,AX,31.1053841723341,L1,0.155902400347347,L2,0.41987308694...
check iteration duration=1.78813934326e-05
GetData ===>> H2,1.04692459247389,H1,1145.50391748409,AX,96.3922262228928,L1,0.810570630548644,L2,0.54626377579...
check iteration duration=4.00543212891e-05
GetData ===>> H2,0.627254823557889,H1,1435.75983907404,AX,117.179617730869,L1,1.3350955339566,L2,0.543794897704...
check iteration duration=3.88622283936e-05
GetData ===>> H2,0.334643779145939,H1,1532.77441092388,AX,123.444053151829,L1,1.60302764895626,L2,0.43047694907...
check iteration duration=4.60147857666e-05
GetData ===>> H2,0.334725196672822,H1,1569.780602095,AX,125.419227831678,L1,1.74347223077831,L2,0.4491910343199...
check iteration duration=4.00543212891e-05
GetData ===>> H2,0.14343404222558,H1,1585.12305578992,AX,126.559812042734,L1,1.80120679149127,L2,0.502336384813...
check iteration duration=2.00271606445e-05
GetData ===>> H2,0.147955818004523,H1,1592.38224688689,AX,126.985084748207,L1,1.86834517408862,L2,0.46120412670...
check iteration duration=2.31266021729e-05
GetData ===>> H2,0.120485193295166,H1,1595.1696110257,AX,127.304121508269,L1,1.93942031165506,L2,0.441436267548...
check iteration duration=1.78813934326e-05
GetData ===>> H2,0.164390896685382,H1,1596.01728474117,AX,127.399810225507,L1,1.98091955323103,L2,0.32642016625...
check iteration duration=3.00407409668e-05
GetData ===>> H2,0.227978898606933,H1,1596.38095339302,AX,127.30711451744,L1,1.98357839607049,L2,0.401170641892...
check iteration duration=1.31130218506e-05
Equilibration Finished
13:07:43 -- ******* Equilibration Finished *******
GetData ===>> H2,0.289953797738262,H1,1595.94356989257,AX,127.348312418894,L1,1.95249902344135,L2,0.42387225062...
checking ownership. requestor=129.138.12.150
check software interlocks R
interlocks []
actuate state mode=None-script, software_lock=False
doing actuation None-script close_channel True
Close R ===>> OK
set states for children of R. state=False
handle state [('R', False)]
update switch state R False args=() kw={'refresh': False} ncanvase=8
refresh_canvas_needed fired
GetIndicatorState R ===>> False
change switch state (True, True)
update switch state R False args=() kw={} ncanvase=8
13:07:44 -- CLOSE  VALVE-R (Jan Inlet)
Post Equilibration Started jan_pump_extraction_line.py
13:07:44 -- ******* Post Equilibration Started jan_pump_extraction_line.py *******
testing...
no interpolation path defined
calculate duration
testing...
no interpolation path defined
executed snippet estimated_duration=4.0, duration=0.00124979019165
executed snippet estimated_duration=4.0, duration=0.0024847984314
Pump after analysis
doing GOSUB
testing...
no interpolation path defined
executed snippet estimated_duration=4.0, duration=0.000144004821777
Pump Microbone
close () {'description': 'Jan Inlet'}
closing name=--- desc=Jan Inlet
checking ownership. requestor=129.138.12.150
check software interlocks R
interlocks []
actuate state mode=None-script, software_lock=False
doing actuation None-script close_channel False
check iteration duration=1.59740447998e-05
waiting for write to finish
measurement finished
estimated time: 12.583 actual time: :12.718
flush and close file /Users/jan/PychronDev/data/isotopes/c3/4cb118-c00b-479b-bba0-138fe0567d6e.h5
set_fits () {}
Close R ===>> OK
using default fits file=/Users/jan/PychronDev/scripts/measurement/fits/nominal_linear.yaml
set "Ar40" to "('Linear', 'SEM')"
No fit for "PM41". defaulting to linear. check the measurement script "jan_unknown120_60.py"
set "PM41" to "linear"
set "Ar36" to "('Linear', 'SEM')"
set "Ar37" to "('linear', 'SEM')"
set "Ar38" to "('linear', 'SEM')"
set "Ar39" to "('Linear', 'SEM')"
set_baseline_fits () {}
using default fits file=/Users/jan/PychronDev/scripts/measurement/fits/nominal_linear.yaml
set "H1" to "('average', 'SEM')"
set "H2" to "('average', 'SEM')"
set "CDD" to "('average', 'SEM')"
set "L2" to "('average', 'SEM')"
set "L1" to "('average', 'SEM')"
set "AX" to "('average', 'SEM')"
multicollect () {'integration_time': 1, 'ncounts': 120}
build tables- signal [Detector(H2), Detector(H1), Detector(AX), Detector(L1), Detector(L2), Detector(CDD)]
add group /signal/PM41 (Group) '' table H2
add group /signal/Ar40 (Group) '' table H1
add group /signal/Ar39 (Group) '' table AX
add group /signal/Ar38 (Group) '' table L1
add group /signal/Ar37 (Group) '' table L2
add group /signal/Ar36 (Group) '' table CDD
flush and close file /Users/jan/PychronDev/data/isotopes/c3/4cb118-c00b-479b-bba0-138fe0567d6e.h5
measuring signal. ncounts=120
GetIndicatorState R ===>> False
change switch state (True, True)
update switch state R False args=() kw={} ncanvase=8
13:07:44 -- CLOSE  VALVE-R (Jan Inlet)
---------------------------------------- close None (Jan Inlet) result=[(True, True)]
action=close, ok=True, locked=[False]
is_closed ('F',) {}
is F () closed?
is closed True
open () {'description': 'CO2 Laser to Jan'}
opening name=--- desc=CO2 Laser to Jan
checking ownership. requestor=129.138.12.150
check software interlocks A
interlocks []
actuate state mode=None-script, software_lock=False
doing actuation None-script open_channel False
Open A ===>> OK
"signal" increment series count="2" fit count="1" regressing="True"
GetIndicatorState A ===>> OK
change switch state (True, True)
update switch state A True args=() kw={} ncanvase=8
13:07:45 -- OPEN   VALVE-A (CO2 Laser to Jan)
---------------------------------------- open None (CO2 Laser to Jan) result=[(True, True)], time=0.13 sec
starting measurement
check iteration duration=0.000100135803223
GetData ===>> H2,0.232966366957083,H1,1595.61347170023,AX,127.294164397476,L1,1.95028116153822,L2,0.33884028140...
action=open, ok=True, locked=[False]
sleep (1,) {}
SLEEP 1.0
check iteration duration=4.41074371338e-05
GetData ===>> H2,0.154334496940969,H1,1596.07209884169,AX,127.174190668537,L1,1.97302780715485,L2,0.41430881390...
close () {'description': 'CO2 Laser to Roughing'}
closing name=--- desc=CO2 Laser to Roughing
checking ownership. requestor=129.138.12.150
check software interlocks G
interlocks []
actuate state mode=None-script, software_lock=True
VALVE-G(CO2 Laser to Roughing) software locked
change switch state (True, False)
---------------------------------------- close None (CO2 Laser to Roughing) result=[(True, False)]
action=close, ok=True, locked=[True]
open () {'description': 'Microbone to Turbo'}
opening name=--- desc=Microbone to Turbo
checking ownership. requestor=129.138.12.150
check software interlocks U
interlocks []
actuate state mode=None-script, software_lock=False
doing actuation None-script open_channel True
Open U ===>> OK
GetIndicatorState U ===>> OK
change switch state (True, True)
update switch state U True args=() kw={} ncanvase=8
13:07:46 -- OPEN   VALVE-U (Microbone to Turbo)
---------------------------------------- open None (Microbone to Turbo) result=[(True, True)], time=0.17 sec
action=open, ok=True, locked=[False]
open () {'description': 'Microbone to Getter NP-10'}
opening name=--- desc=Microbone to Getter NP-10
checking ownership. requestor=129.138.12.150
check software interlocks M
interlocks []
actuate state mode=None-script, software_lock=False
doing actuation None-script open_channel False
Open M ===>> OK
GetIndicatorState M ===>> OK
change switch state (True, True)
update switch state M True args=() kw={} ncanvase=8
13:07:47 -- OPEN   VALVE-M (Microbone to Getter NP-10)
---------------------------------------- open None (Microbone to Getter NP-10) result=[(True, True)], time=0.19 sec
action=open, ok=True, locked=[False]
open () {'description': 'Microbone to Getter D-50'}
opening name=--- desc=Microbone to Getter D-50
checking ownership. requestor=129.138.12.150
check software interlocks K
interlocks []
actuate state mode=None-script, software_lock=False
doing actuation None-script open_channel False
check iteration duration=7.48634338379e-05
GetData ===>> H2,0.0287940651984629,H1,1594.90398120023,AX,127.074823752347,L1,1.96152551990946,L2,0.4580522571...
Open K ===>> OK
GetIndicatorState K ===>> OK
change switch state (True, True)
update switch state K True args=() kw={} ncanvase=8
13:07:47 -- OPEN   VALVE-K (Microbone to Getter D-50)
---------------------------------------- open None (Microbone to Getter D-50) result=[(True, True)], time=0.43 sec
action=open, ok=True, locked=[False]
open () {'description': 'Microbone to CO2 Laser'}
opening name=--- desc=Microbone to CO2 Laser
checking ownership. requestor=129.138.12.150
check software interlocks T
interlocks []
actuate state mode=None-script, software_lock=False
doing actuation None-script open_channel False
Open T ===>> OK
GetIndicatorState T ===>> OK
change switch state (True, True)
update switch state T True args=() kw={} ncanvase=8
13:07:48 -- OPEN   VALVE-T (Microbone to CO2 Laser)
---------------------------------------- open None (Microbone to CO2 Laser) result=[(True, True)], time=0.43 sec
check iteration duration=7.9870223999e-05
GetData ===>> H2,0.0729806048933288,H1,1594.67495827234,AX,126.918349315716,L1,1.93243988353999,L2,0.3387946162...
action=open, ok=True, locked=[False]
open () {'description': 'Microbone to Inlet Pipette'}
opening name=--- desc=Microbone to Inlet Pipette
checking ownership. requestor=129.138.12.150
check software interlocks S
interlocks []
actuate state mode=None-script, software_lock=False
doing actuation None-script open_channel False
Open S ===>> OK
GetIndicatorState S ===>> OK
change switch state (True, True)
update switch state S True args=() kw={} ncanvase=8
13:07:49 -- OPEN   VALVE-S (Microbone to Inlet Pipette)
---------------------------------------- open None (Microbone to Inlet Pipette) result=[(True, True)], time=0.45 sec
action=open, ok=True, locked=[False]
sleep (1,) {}
SLEEP 1.0
testing H1>-5.0
evaluate ot="H1.bs>-5.0" t="H1>-5.0", ctx="{'H1': None}"
check iteration duration=0.000983953475952
GetData ===>> H2,0.0196064335043488,H1,1594.15616052984,AX,126.824244539862,L1,1.90468298720017,L2,0.4123779609...
set_resource () {'name': 'CO2PumpTimeFlag', 'value': 30}
Set CO2PumpTimeFlag 30 ===>> OK
release ('JanCO2Flag',) {}
release JanCO2Flag
Set JanCO2Flag 0 ===>> OK
executed snippet estimated_duration=6.0, duration=6.08155202866
PumpMicrobone.py completed successfully
gosub finished
get_resource_value () {'name': 'JanMiniboneFlag'}
Read JanMiniboneFlag ===>> 0
Get Resource Value JanMiniboneFlag=0.0
get resource value 0.0
get_resource_value () {'name': 'JanMiniboneFlag'}
Read JanMiniboneFlag ===>> 0
Get Resource Value JanMiniboneFlag=0.0
executed snippet estimated_duration=4.0, duration=6.09396004677
jan_pump_extraction_line.py completed successfully
Post Equilibration Finished
13:07:50 -- ******* Post Equilibration Finished *******
check iteration duration=3.48091125488e-05
GetData ===>> H2,-0.0706424291412849,H1,1593.91218136039,AX,126.799068077274,L1,1.85987568484268,L2,0.382837333...
check iteration duration=3.69548797607e-05
GetData ===>> H2,-0.0110080181922031,H1,1592.7697790376,AX,126.893268400727,L1,1.89005910011336,L2,0.4256319355...
check iteration duration=8.08238983154e-05
GetData ===>> H2,-0.0700294790393924,H1,1591.57953197031,AX,126.779987175536,L1,1.89636333217428,L2,0.386994860...
check iteration duration=8.70227813721e-05
GetData ===>> H2,-0.084020107421348,H1,1591.19265438183,AX,126.554586584994,L1,1.89850275950919,L2,0.3805644762...
testing H1>-5.0
evaluate ot="H1.bs>-5.0" t="H1>-5.0", ctx="{'H1': None}"
check iteration duration=0.00130414962769
GetData ===>> H2,-0.0278807342374431,H1,1589.85935138122,AX,126.675293273218,L1,1.88267899083944,L2,0.388239869...
check iteration duration=4.6968460083e-05
GetData ===>> H2,-0.0814179039152513,H1,1589.49338579655,AX,126.728005127217,L1,1.88105394091727,L2,0.470626093...
check iteration duration=5.29289245605e-05
GetData ===>> H2,-0.0169479844869458,H1,1589.19097564614,AX,126.744494295224,L1,1.93332370421023,L2,0.344548594...
check iteration duration=8.60691070557e-05
GetData ===>> H2,-0.0857739898469575,H1,1588.23414801584,AX,126.523218271382,L1,1.92243213532764,L2,0.361207397...
check iteration duration=8.89301300049e-05
GetData ===>> H2,-0.195235294888263,H1,1587.92687332367,AX,126.486173657732,L1,1.91605308458266,L2,0.3528947612...
testing H1>-5.0
evaluate ot="H1.bs>-5.0" t="H1>-5.0", ctx="{'H1': None}"
check iteration duration=0.000549077987671
GetData ===>> H2,-0.0614252621958998,H1,1587.35179599174,AX,126.483648199777,L1,1.87702904753687,L2,0.369212417...
check iteration duration=8.08238983154e-05
GetData ===>> H2,-0.0123155926848816,H1,1586.57714816358,AX,126.390797770087,L1,1.91287668485434,L2,0.319993845...
check iteration duration=8.29696655273e-05
GetData ===>> H2,0.00311765522205104,H1,1585.62561712298,AX,126.220198542968,L1,1.89459851881758,L2,0.454477979...
check iteration duration=9.29832458496e-05
GetData ===>> H2,-0.0462864867332606,H1,1584.84481387048,AX,126.285535199761,L1,1.87130722999692,L2,0.293288710...
check iteration duration=9.29832458496e-05
GetData ===>> H2,0.00437816923711438,H1,1584.68206275661,AX,126.281843046038,L1,1.84389441193076,L2,0.385612805...
testing H1>-5.0
evaluate ot="H1.bs>-5.0" t="H1>-5.0", ctx="{'H1': None}"
check iteration duration=0.000565052032471
GetData ===>> H2,0.00319651825211007,H1,1584.19881199015,AX,126.258486881326,L1,1.84163336356042,L2,0.430705493...
check iteration duration=7.70092010498e-05
GetData ===>> H2,-0.0916071450812742,H1,1583.43943048033,AX,126.094373026265,L1,1.83577694115167,L2,0.363091543...
check iteration duration=8.48770141602e-05
GetData ===>> H2,-0.105557426399824,H1,1582.94558831085,AX,126.002495301559,L1,1.8865291508467,L2,0.41591979197...
check iteration duration=4.29153442383e-05
GetData ===>> H2,-0.157194951215699,H1,1582.49431659501,AX,126.030911184105,L1,1.83479222653385,L2,0.3922377134...
check iteration duration=3.91006469727e-05
GetData ===>> H2,-0.0407568345104317,H1,1581.08525261734,AX,125.99710697994,L1,1.84034418501085,L2,0.2671157727...
testing H1>-5.0
evaluate ot="H1.bs>-5.0" t="H1>-5.0", ctx="{'H1': None}"
check iteration duration=0.000631093978882
13:08:10 -- collecting point 25
GetData ===>> H2,0.0782134178678501,H1,1580.65617755348,AX,126.010635449953,L1,1.85184611293579,L2,0.3234866057...
check iteration duration=5.3882598877e-05
GetData ===>> H2,0.0026662428459382,H1,1581.1788926389,AX,125.801715408467,L1,1.85539748586492,L2,0.40650566502...
check iteration duration=5.10215759277e-05
GetData ===>> H2,-0.151746125160826,H1,1580.23078176003,AX,125.846709411546,L1,1.82681955096213,L2,0.4508239043...
check iteration duration=7.20024108887e-05
GetData ===>> H2,-0.156030442700133,H1,1579.57639198946,AX,125.943596636556,L1,1.8204785310055,L2,0.50090828238...
check iteration duration=5.29289245605e-05
GetData ===>> H2,-0.0832521061706534,H1,1578.81383978076,AX,125.715641207733,L1,1.88890157201524,L2,0.432830982...
testing H1>-5.0
evaluate ot="H1.bs>-5.0" t="H1>-5.0", ctx="{'H1': None}"
check iteration duration=0.00128507614136
GetData ===>> H2,0.00428705945812398,H1,1577.36268167359,AX,125.653630335302,L1,1.87766148958105,L2,0.332230479...
check iteration duration=8.98838043213e-05
GetData ===>> H2,0.0315813517764824,H1,1577.13593906917,AX,125.690360478322,L1,1.8744655363792,L2,0.43854489711...
check iteration duration=7.5101852417e-05
GetData ===>> H2,-0.0812851362879514,H1,1576.6010500406,AX,125.619046029679,L1,1.87221869133895,L2,0.3665287771...
check iteration duration=4.48226928711e-05
GetData ===>> H2,-0.0451283383176181,H1,1576.09123031902,AX,125.518639836882,L1,1.8396341532772,L2,0.4286371863...
check iteration duration=7.31945037842e-05
GetData ===>> H2,-0.0136936846386933,H1,1575.61662132936,AX,125.326859534778,L1,1.82499441163206,L2,0.392911652...
testing H1>-5.0
evaluate ot="H1.bs>-5.0" t="H1>-5.0", ctx="{'H1': None}"
check iteration duration=0.000716209411621
GetData ===>> H2,-0.112597303114782,H1,1575.47616892622,AX,125.393445356135,L1,1.85452198558312,L2,0.4157941118...
check iteration duration=7.48634338379e-05
GetData ===>> H2,-0.176747033630223,H1,1574.2482503452,AX,125.460141244384,L1,1.86433540908489,L2,0.38756596353...
check iteration duration=8.58306884766e-05
GetData ===>> H2,-0.0552272831856408,H1,1573.44499422671,AX,125.472388691087,L1,1.86099814221425,L2,0.349035567...
check iteration duration=5.60283660889e-05
GetData ===>> H2,-0.0992431291993341,H1,1573.14314841956,AX,125.306568816224,L1,1.86457000366496,L2,0.398291909...
check iteration duration=4.29153442383e-05
GetData ===>> H2,-0.109934428965355,H1,1572.61599101004,AX,125.216321559128,L1,1.86981626820892,L2,0.4110183896...
testing H1>-5.0
evaluate ot="H1.bs>-5.0" t="H1>-5.0", ctx="{'H1': None}"
check iteration duration=0.000587940216064
GetData ===>> H2,-0.0622699332396651,H1,1572.28482194835,AX,125.148143618954,L1,1.83304300437166,L2,0.404666362...
check iteration duration=9.48905944824e-05
GetData ===>> H2,-0.025020572880471,H1,1571.65548697059,AX,125.084777812188,L1,1.85848326256313,L2,0.3880685369...
check iteration duration=4.10079956055e-05
GetData ===>> H2,-0.0602645846536517,H1,1570.53349831443,AX,125.073269846065,L1,1.87285216864397,L2,0.441584838...
check iteration duration=8.10623168945e-05
GetData ===>> H2,-0.152833508536309,H1,1569.9339836794,AX,125.124585758102,L1,1.83679841392024,L2,0.33838363101...
check iteration duration=8.29696655273e-05
GetData ===>> H2,-0.165056980295088,H1,1569.8561254025,AX,124.935361226832,L1,1.83387306459941,L2,0.32785844274...
testing H1>-5.0
evaluate ot="H1.bs>-5.0" t="H1>-5.0", ctx="{'H1': None}"
check iteration duration=0.000576972961426
GetData ===>> H2,-0.165137975907607,H1,1568.71476780997,AX,125.089865206932,L1,1.8682035818212,L2,0.32105535708...
check iteration duration=8.39233398438e-05
GetData ===>> H2,-0.16434149390425,H1,1568.27984368446,AX,124.906603101286,L1,1.83506982331821,L2,0.46204921077...
check iteration duration=3.19480895996e-05
GetData ===>> H2,-0.10550465260699,H1,1567.52323201004,AX,124.88200091914,L1,1.82434292997355,L2,0.499103191354...
check iteration duration=3.60012054443e-05
GetData ===>> H2,-0.127173152060229,H1,1566.7999995828,AX,124.769404450724,L1,1.87047976715744,L2,0.39495634267...
check iteration duration=4.81605529785e-05
GetData ===>> H2,-0.112005757667229,H1,1566.64929695969,AX,124.836500673374,L1,1.85526248651616,L2,0.3569938971...
testing H1>-5.0
evaluate ot="H1.bs>-5.0" t="H1>-5.0", ctx="{'H1': None}"
check iteration duration=0.000586032867432
13:08:36 -- collecting point 50
GetData ===>> H2,-0.11214247914683,H1,1565.91198718711,AX,124.880877535313,L1,1.86057327338265,L2,0.47576573845...
check iteration duration=9.3936920166e-05
GetData ===>> H2,-0.0869616006108346,H1,1565.66916435723,AX,124.632389072618,L1,1.87015456899864,L2,0.331191674...
check iteration duration=4.60147857666e-05
GetData ===>> H2,-0.169433963217095,H1,1564.87946195114,AX,124.724195411442,L1,1.83816445474448,L2,0.4211070967...
check iteration duration=5.19752502441e-05
GetData ===>> H2,-0.146612721703609,H1,1564.22080773486,AX,124.778390676913,L1,1.82152567935329,L2,0.3874631647...
check iteration duration=8.29696655273e-05
GetData ===>> H2,-0.0619838638706436,H1,1563.83903715969,AX,124.668401309214,L1,1.82847094192108,L2,0.431208293...
testing H1>-5.0
evaluate ot="H1.bs>-5.0" t="H1>-5.0", ctx="{'H1': None}"
check iteration duration=0.000840187072754
GetData ===>> H2,-0.139732127028864,H1,1563.04911788373,AX,124.516981966417,L1,1.84355661493207,L2,0.2963582809...
check iteration duration=0.000105857849121
GetData ===>> H2,-0.211549635436693,H1,1562.45803376827,AX,124.648672522234,L1,1.79617832658166,L2,0.4514747763...
check iteration duration=4.00543212891e-05
GetData ===>> H2,-0.0107687783645474,H1,1561.87882961652,AX,124.533738605553,L1,1.77156184700573,L2,0.391815076...
check iteration duration=9.29832458496e-05
GetData ===>> H2,0.062242063481657,H1,1561.11258315753,AX,124.448718274819,L1,1.8057099840844,L2,0.338474960919...
check iteration duration=8.60691070557e-05
GetData ===>> H2,-0.0146123201165871,H1,1560.99103547755,AX,124.410956873046,L1,1.81595599737296,L2,0.378976934...
testing H1>-5.0
evaluate ot="H1.bs>-5.0" t="H1>-5.0", ctx="{'H1': None}"
check iteration duration=0.00058913230896
GetData ===>> H2,-0.00733459026327836,H1,1560.00245475195,AX,124.568703070023,L1,1.84531510596371,L2,0.41719945...
check iteration duration=8.98838043213e-05
GetData ===>> H2,-0.0845049915504688,H1,1559.6220533244,AX,124.389449626173,L1,1.8734555142612,L2,0.28880434725...
check iteration duration=8.60691070557e-05
GetData ===>> H2,-0.0318335050762933,H1,1559.11960831822,AX,124.338060760021,L1,1.80906847178986,L2,0.436807831...
check iteration duration=8.89301300049e-05
GetData ===>> H2,-0.11205449026458,H1,1558.25878335083,AX,124.423128483039,L1,1.81603973106791,L2,0.30837505557...
check iteration duration=7.9870223999e-05
GetData ===>> H2,-0.0616272839271966,H1,1557.28966965238,AX,124.422900256809,L1,1.81486228463756,L2,0.370788377...
testing H1>-5.0
evaluate ot="H1.bs>-5.0" t="H1>-5.0", ctx="{'H1': None}"
check iteration duration=0.000710964202881
GetData ===>> H2,-0.0205218884931926,H1,1557.85585875381,AX,124.281139780106,L1,1.80821731363982,L2,0.316158804...
check iteration duration=3.79085540771e-05
GetData ===>> H2,-0.0246101725745708,H1,1557.13403615251,AX,124.166029267139,L1,1.79558750909432,L2,0.433928027...
check iteration duration=7.89165496826e-05
GetData ===>> H2,0.0234991404434687,H1,1556.50940731023,AX,124.041047343163,L1,1.7991368139859,L2,0.38488180924...
check iteration duration=7.10487365723e-05
GetData ===>> H2,0.0246205340846298,H1,1555.46470976251,AX,123.933949371706,L1,1.8259494646348,L2,0.33208207789...
check iteration duration=4.48226928711e-05
GetData ===>> H2,0.0292814849318126,H1,1554.56206099436,AX,124.044846465435,L1,1.82553080104036,L2,0.4013305740...
testing H1>-5.0
evaluate ot="H1.bs>-5.0" t="H1>-5.0", ctx="{'H1': None}"
check iteration duration=0.000622034072876
GetData ===>> H2,-0.0847569064277726,H1,1554.45981681804,AX,124.099792637702,L1,1.82028481950654,L2,0.392169177...
check iteration duration=9.3936920166e-05
GetData ===>> H2,-0.115244666738726,H1,1554.0883020149,AX,123.863800187372,L1,1.86887878354051,L2,0.40815078558...
check iteration duration=4.72068786621e-05
GetData ===>> H2,-0.0784126407733692,H1,1553.58762456786,AX,124.038179065851,L1,1.86444811870577,L2,0.542583341...
check iteration duration=6.00814819336e-05
GetData ===>> H2,-0.116224413766686,H1,1553.03381827246,AX,124.099697680934,L1,1.86943995357958,L2,0.4308654749...
check iteration duration=6.50882720947e-05
GetData ===>> H2,-0.00929924641342585,H1,1552.57284456115,AX,123.945946840101,L1,1.84406200499212,L2,0.28816537...
testing H1>-5.0
evaluate ot="H1.bs>-5.0" t="H1>-5.0", ctx="{'H1': None}"
check iteration duration=0.000735998153687
13:09:03 -- collecting point 75
GetData ===>> H2,0.0377656451149057,H1,1551.65481920408,AX,123.74355480707,L1,1.82870911863051,L2,0.40074796538...
check iteration duration=9.79900360107e-05
GetData ===>> H2,-0.0171680747924256,H1,1551.15529842253,AX,123.883337247459,L1,1.80449051522878,L2,0.343429738...
check iteration duration=8.51154327393e-05
GetData ===>> H2,-0.0825125003841652,H1,1550.44971104219,AX,123.690130657054,L1,1.82430499347734,L2,0.407442466...
check iteration duration=9.91821289062e-05
GetData ===>> H2,-0.0720105990738094,H1,1549.78663370223,AX,123.60432706502,L1,1.85361379322544,L2,0.4031126930...
check iteration duration=4.10079956055e-05
GetData ===>> H2,-0.00418635623683234,H1,1549.07044198783,AX,123.473799965171,L1,1.8354561135322,L2,0.398497529...
testing H1>-5.0
evaluate ot="H1.bs>-5.0" t="H1>-5.0", ctx="{'H1': None}"
check iteration duration=0.000627994537354
GetData ===>> H2,-0.0735453570375419,H1,1548.56175964026,AX,123.399642356264,L1,1.83635838323955,L2,0.383511206...
check iteration duration=7.48634338379e-05
GetData ===>> H2,-0.00324783765057768,H1,1547.73155770394,AX,123.411355139307,L1,1.81897081279981,L2,0.39413389...
check iteration duration=8.29696655273e-05
GetData ===>> H2,-0.112941116287093,H1,1547.39188780166,AX,123.436546231017,L1,1.80844480566747,L2,0.4156227301...
check iteration duration=8.39233398438e-05
GetData ===>> H2,-0.185369115197337,H1,1546.27690553931,AX,123.516827982952,L1,1.76822967658224,L2,0.3508623856...
check iteration duration=4.6968460083e-05
GetData ===>> H2,-0.167610763239991,H1,1545.95675345019,AX,123.546189794871,L1,1.80664460982773,L2,0.4259404550...
testing H1>-5.0
evaluate ot="H1.bs>-5.0" t="H1>-5.0", ctx="{'H1': None}"
check iteration duration=0.000670909881592
GetData ===>> H2,-0.103190483709672,H1,1545.13806358857,AX,123.370724194689,L1,1.84076210336198,L2,0.4124122361...
check iteration duration=8.29696655273e-05
GetData ===>> H2,-0.146303373749967,H1,1544.85050514683,AX,123.285061773772,L1,1.82231678123372,L2,0.4015933202...
check iteration duration=0.00019097328186
GetData ===>> H2,-0.0151599329901636,H1,1544.61226561253,AX,123.223696520854,L1,1.83336245230435,L2,0.447432590...
check iteration duration=6.31809234619e-05
GetData ===>> H2,-0.0661231806235494,H1,1543.56724912635,AX,122.99127608004,L1,1.8492285287771,L2,0.35985997090...
check iteration duration=4.60147857666e-05
GetData ===>> H2,-0.0910110028293015,H1,1542.71450738985,AX,123.0764443398,L1,1.83679317535612,L2,0.33240171191...
testing H1>-5.0
evaluate ot="H1.bs>-5.0" t="H1>-5.0", ctx="{'H1': None}"
check iteration duration=0.00687599182129
GetData ===>> H2,-0.152187643261514,H1,1541.82843252545,AX,123.207369283108,L1,1.83328128022814,L2,0.4583263286...
check iteration duration=9.10758972168e-05
GetData ===>> H2,-0.129007503483512,H1,1541.26572013844,AX,123.043594536078,L1,1.77789093133402,L2,0.3587180985...
check iteration duration=0.0001060962677
GetData ===>> H2,-0.120509136941919,H1,1541.40298348682,AX,122.974944288479,L1,1.78069820868668,L2,0.3990687014...
check iteration duration=2.98023223877e-05
GetData ===>> H2,-0.149158780554476,H1,1540.91748645116,AX,123.095702973528,L1,1.81381446352079,L2,0.3546074707...
check iteration duration=6.00814819336e-05
GetData ===>> H2,-0.0731372834751653,H1,1540.38847139078,AX,122.85552132,L1,1.83568265614461,L2,0.3656608925281...
testing H1>-5.0
evaluate ot="H1.bs>-5.0" t="H1>-5.0", ctx="{'H1': None}"
check iteration duration=0.000612020492554
GetData ===>> H2,-0.0588325576918117,H1,1539.7364331017,AX,123.041133441021,L1,1.8539047211406,L2,0.29860631888...
check iteration duration=8.39233398438e-05
GetData ===>> H2,-0.113445988419009,H1,1538.78812008921,AX,122.944566108161,L1,1.80978762766586,L2,0.4163996630...
check iteration duration=8.10623168945e-05
GetData ===>> H2,-0.0841216910041038,H1,1538.33418584768,AX,123.085363239841,L1,1.79559535159591,L2,0.361435777...
check iteration duration=7.70092010498e-05
GetData ===>> H2,-0.0447359260378001,H1,1537.77234493468,AX,122.82180899567,L1,1.78544139656896,L2,0.3807586378...
check iteration duration=7.00950622559e-05
GetData ===>> H2,-0.18211400520597,H1,1537.54297613637,AX,122.55902075343,L1,1.81539081163646,L2,0.323155587017...
testing H1>-5.0
evaluate ot="H1.bs>-5.0" t="H1>-5.0", ctx="{'H1': None}"
check iteration duration=0.00058388710022
13:09:29 -- collecting point 100
GetData ===>> H2,-0.0889527168973931,H1,1536.96343412111,AX,122.643061117188,L1,1.76932332074536,L2,0.443995723...
check iteration duration=8.70227813721e-05
GetData ===>> H2,0.0102052658467661,H1,1535.73804301331,AX,122.50340617212,L1,1.77825535343716,L2,0.36747660747...
check iteration duration=3.81469726562e-05
GetData ===>> H2,-0.0398190799886945,H1,1535.05314069697,AX,122.493162512901,L1,1.83816838415764,L2,0.436133583...
check iteration duration=9.58442687988e-05
GetData ===>> H2,-0.15023646242538,H1,1534.89974510895,AX,122.531437869277,L1,1.84332749496939,L2,0.41009297815...
check iteration duration=3.69548797607e-05
GetData ===>> H2,-0.0923306030022857,H1,1533.9994397299,AX,122.50979461931,L1,1.83747682907712,L2,0.40880198694...
testing H1>-5.0
evaluate ot="H1.bs>-5.0" t="H1>-5.0", ctx="{'H1': None}"
check iteration duration=0.00053596496582
GetData ===>> H2,-0.122195794624567,H1,1533.25196102832,AX,122.371836202257,L1,1.79666198405495,L2,0.3693837161...
check iteration duration=8.51154327393e-05
GetData ===>> H2,-0.0434054723085411,H1,1533.39639244121,AX,122.279500927917,L1,1.79914073650503,L2,0.363628246...
check iteration duration=4.19616699219e-05
GetData ===>> H2,0.00703019037037052,H1,1532.69828895724,AX,122.495279229573,L1,1.82365486078823,L2,0.408893383...
check iteration duration=9.70363616943e-05
GetData ===>> H2,-0.123819997108669,H1,1532.03244925845,AX,122.50034434487,L1,1.82040523436076,L2,0.39687542149...
check iteration duration=9.01222229004e-05
GetData ===>> H2,-0.132030425008304,H1,1531.37809758257,AX,122.293608422094,L1,1.8503459697097,L2,0.40606011639...
testing H1>-5.0
evaluate ot="H1.bs>-5.0" t="H1>-5.0", ctx="{'H1': None}"
check iteration duration=0.00148510932922
GetData ===>> H2,-0.147028774639227,H1,1530.30059147411,AX,122.184540821199,L1,1.81501796197619,L2,0.3754478889...
check iteration duration=9.79900360107e-05
GetData ===>> H2,-0.162256875996107,H1,1529.79054760704,AX,122.32991219222,L1,1.78389535044836,L2,0.39813198200...
check iteration duration=6.103515625e-05
GetData ===>> H2,-0.207742488683866,H1,1529.59704743717,AX,122.281634912688,L1,1.81373990328308,L2,0.3839338067...
check iteration duration=3.48091125488e-05
GetData ===>> H2,-0.0879146248932319,H1,1528.97980186958,AX,122.08522111215,L1,1.81512785319149,L2,0.3126434845...
check iteration duration=5.98430633545e-05
GetData ===>> H2,-0.0573108316332723,H1,1528.23706455139,AX,122.290718833069,L1,1.78104704581228,L2,0.473252988...
testing H1>-5.0
evaluate ot="H1.bs>-5.0" t="H1>-5.0", ctx="{'H1': None}"
check iteration duration=0.000586986541748
GetData ===>> H2,-0.114986183471419,H1,1527.97865411603,AX,122.154744033739,L1,1.7544274159402,L2,0.38849115753...
check iteration duration=8.41617584229e-05
GetData ===>> H2,-0.197490772243172,H1,1527.55899488064,AX,122.103490811178,L1,1.77784391000983,L2,0.2976705809...
check iteration duration=7.70092010498e-05
GetData ===>> H2,-0.153092972143372,H1,1526.79023615173,AX,122.035432958043,L1,1.83515362749924,L2,0.4486201073...
check iteration duration=8.60691070557e-05
GetData ===>> H2,0.0933727896665311,H1,1526.23556176893,AX,122.107586683708,L1,1.80968825059337,L2,0.3541164909...
check iteration duration=7.89165496826e-05
GetData ===>> H2,0.049731182613787,H1,1525.55299635724,AX,121.996153415503,L1,1.80390108851687,L2,0.36787629777...
testing H1>-5.0
evaluate ot="H1.bs>-5.0" t="H1>-5.0", ctx="{'H1': None}"
check iteration duration=0.000663042068481
GetData ===>> H2,-0.15445776104908,H1,1524.78831611999,AX,122.111739289327,L1,1.7769414009145,L2,0.344662764628...
check iteration duration=1.90734863281e-05
waiting for write to finish
measurement finished
estimated time: 125.829 actual time: :126.385
flush and close file /Users/jan/PychronDev/data/isotopes/c3/4cb118-c00b-479b-bba0-138fe0567d6e.h5
baselines () {'settling_time': 15.0, 'detector': 'H1', 'mass': 34.2, 'ncounts': 60}
%%%%%%%%%%%%%%%%%%%%%%%%%%%%%%%% Baseline
build tables- baseline [Detector(H2), Detector(H1), Detector(AX), Detector(L1), Detector(L2), Detector(CDD)]
add group baseline table H2
add group baseline table H1
add group baseline table AX
add group baseline table L1
add group baseline table L2
add group baseline table CDD
flush and close file /Users/jan/PychronDev/data/isotopes/c3/4cb118-c00b-479b-bba0-138fe0567d6e.h5
detector Detector(H1)
POSITION 34.2 H1
Mapping mass to dac mass func: "parabolic"
H1 map mass coeffs = [-0.00063987  0.15840543  0.57278999]
H1 map mass to dac 34.2 >> 5.24183599104
GetDeflection H1 ===>> 0
GetHighVoltage ===>> 4499.94659342336
positioning 34.2 (5.24180512236) on H1
setting magnet DAC
current  : 5.881145
requested: 5.241805
Delta Dac: 0.639340
Checking detector protection. dv=0.63934
Checking detector "CDD". Protection Threshold: 0.1 (V)
ProtectDetector CDD,On ===>> OK
GetDeflection CDD ===>> 2000
Protected = 2000
SetMagnetDAC 5.24180512236 ===>> OK
Magnet settling time: 0.500
GetMagnetMoving ===>> True
GetMagnetMoving ===>> True
GetMagnetMoving ===>> True
GetMagnetMoving ===>> True
GetMagnetMoving ===>> True
GetMagnetMoving ===>> True
GetMagnetMoving ===>> True
GetMagnetMoving ===>> True
GetMagnetMoving ===>> False
ProtectDetector CDD,Off ===>> OK
GetDeflection CDD ===>> 50
Delaying 15.0s for detectors to settle
Join finished
measuring baseline. ncounts=60
"baseline" increment series count="2" fit count="1" regressing="True"
starting measurement
check iteration duration=5.88893890381e-05
GetData ===>> H2,-0.137047401115018,H1,-0.0116680603389206,AX,-0.107641690322727,L1,-0.0482648213090504,L2,-0.0...
check iteration duration=8.70227813721e-05
GetData ===>> H2,-0.191625793977556,H1,-0.10516934275635,AX,-0.110550223650622,L1,-0.0292310405651028,L2,0.0343...
check iteration duration=3.79085540771e-05
GetData ===>> H2,-0.163679966290378,H1,-0.052665351928982,AX,-0.1008509114598,L1,-0.0206351670051866,L2,-0.0105...
check iteration duration=5.50746917725e-05
GetData ===>> H2,-0.222402871310132,H1,-0.0354003604749796,AX,-0.0419621718551664,L1,-0.0218435628419438,L2,0.0...
testing H1>-5.0
evaluate ot="H1.bs>-5.0" t="H1>-5.0", ctx="{'H1': None}"
check iteration duration=0.00293397903442
GetData ===>> H2,-0.176518911349084,H1,-0.0702849722060915,AX,-0.118441065327009,L1,-0.0424468768378753,L2,-0.0...
check iteration duration=6.00814819336e-05
GetData ===>> H2,-0.163164217971038,H1,-0.0120497297849685,AX,-0.115706572986502,L1,-0.0328682628504374,L2,-0.0...
check iteration duration=4.00543212891e-05
GetData ===>> H2,-0.217803451143961,H1,0.00751270349439466,AX,-0.0992052930147024,L1,-0.0627302402941011,L2,-0....
check iteration duration=4.91142272949e-05
GetData ===>> H2,-0.184662324612886,H1,-0.0455236344907515,AX,-0.000220009765143318,L1,-0.067675366249705,L2,0....
check iteration duration=6.91413879395e-05
GetData ===>> H2,-0.199098230002743,H1,-0.0709882620760769,AX,-0.107630102366635,L1,-0.0301557407283012,L2,-0.0...
testing H1>-5.0
evaluate ot="H1.bs>-5.0" t="H1>-5.0", ctx="{'H1': None}"
check iteration duration=0.000536918640137
GetData ===>> H2,-0.261406691720473,H1,-0.0172379044630187,AX,-0.0504615073867839,L1,-0.0684740117464661,L2,-0....
check iteration duration=4.00543212891e-05
GetData ===>> H2,-0.201077570566718,H1,0.0651367363863955,AX,-0.0391443565379187,L1,-0.0532361345078023,L2,-0.0...
check iteration duration=9.20295715332e-05
GetData ===>> H2,-0.135081443554728,H1,-0.0215194368836212,AX,-0.115544354924009,L1,-0.0323629389205118,L2,0.01...
check iteration duration=9.20295715332e-05
GetData ===>> H2,-0.221030246759447,H1,0.0195979948007575,AX,-0.169281976015171,L1,-0.00448639573303032,L2,-0.0...
check iteration duration=8.48770141602e-05
GetData ===>> H2,-0.265864051111686,H1,-0.0787956396210319,AX,-0.0859234379704896,L1,0.0589694786417205,L2,0.03...
testing H1>-5.0
evaluate ot="H1.bs>-5.0" t="H1>-5.0", ctx="{'H1': None}"
check iteration duration=0.000565052032471
GetData ===>> H2,-0.245122641846718,H1,0.0262556689058836,AX,-0.0648611428693814,L1,-0.00981372204293045,L2,0.0...
check iteration duration=9.48905944824e-05
GetData ===>> H2,-0.177207313710382,H1,0.0400377452471236,AX,0.00884060088209593,L1,-0.0446188246543655,L2,0.00...
check iteration duration=9.29832458496e-05
GetData ===>> H2,-0.0893646749184636,H1,-0.0562777461148077,AX,-0.0541021961978443,L1,-0.101246229056935,L2,0.0...
check iteration duration=8.9168548584e-05
GetData ===>> H2,-0.104422059170993,H1,-0.0650399427090108,AX,-0.131695311795418,L1,-0.0790826694231597,L2,-0.1...
check iteration duration=3.71932983398e-05
GetData ===>> H2,-0.142454055288032,H1,-0.0353288142584283,AX,-0.162013750457509,L1,-0.0150168579639869,L2,0.01...
testing H1>-5.0
evaluate ot="H1.bs>-5.0" t="H1>-5.0", ctx="{'H1': None}"
check iteration duration=0.000581979751587
GetData ===>> H2,-0.200705459401099,H1,0.0503844986177395,AX,-0.122183487460624,L1,-0.0242527284355159,L2,-0.04...
check iteration duration=0.000115871429443
GetData ===>> H2,-0.242269767486208,H1,-0.0411119684053716,AX,-0.114374059458539,L1,-0.0375720546944624,L2,-0.0...
check iteration duration=4.10079956055e-05
GetData ===>> H2,-0.193576253539724,H1,0.0113063495764678,AX,-0.0593542875252095,L1,-0.035152929916014,L2,0.051...
check iteration duration=4.00543212891e-05
GetData ===>> H2,-0.17086829552358,H1,-0.0101890774889977,AX,-0.0387848762877822,L1,-0.0723396096149897,L2,0.03...
check iteration duration=6.50882720947e-05
GetData ===>> H2,-0.130560455039729,H1,0.0175339671131926,AX,-0.0700894686940821,L1,-0.0361666607921599,L2,0.00...
testing H1>-5.0
evaluate ot="H1.bs>-5.0" t="H1>-5.0", ctx="{'H1': None}"
check iteration duration=0.00428986549377
13:10:35 -- collecting point 25
GetData ===>> H2,-0.127567893835631,H1,-0.00110000953921203,AX,-0.169084918052163,L1,-0.026585832790557,L2,0.03...
check iteration duration=3.19480895996e-05
GetData ===>> H2,-0.1777823000788,H1,0.0802327304897822,AX,-0.0654060147706735,L1,-0.0379925563639138,L2,-0.067...
check iteration duration=8.20159912109e-05
GetData ===>> H2,-0.286578734938083,H1,0.0468161203216468,AX,-0.0878242683642928,L1,-0.0666470763659749,L2,0.06...
check iteration duration=5.10215759277e-05
GetData ===>> H2,-0.161728909953061,H1,0.0389040829427813,AX,-0.10301798624463,L1,-0.0343062613986582,L2,-0.040...
check iteration duration=5.98430633545e-05
GetData ===>> H2,-0.192009981569017,H1,-0.0185378877078478,AX,-0.0610933281436876,L1,-0.0508303500772958,L2,0.0...
testing H1>-5.0
evaluate ot="H1.bs>-5.0" t="H1>-5.0", ctx="{'H1': None}"
check iteration duration=0.0026490688324
GetData ===>> H2,-0.208082031533193,H1,0.070615669423302,AX,-0.0814957500121896,L1,-0.0863722132829595,L2,-0.00...
check iteration duration=3.79085540771e-05
GetData ===>> H2,-0.175480829447504,H1,0.0770960345111373,AX,-0.0914519696456403,L1,-0.0511402273431879,L2,-0.1...
check iteration duration=7.79628753662e-05
GetData ===>> H2,-0.279440406829417,H1,0.0368277242190686,AX,-0.0872331604520429,L1,-0.0325030431235108,L2,0.04...
check iteration duration=8.70227813721e-05
GetData ===>> H2,-0.274323482585312,H1,0.036947054013914,AX,-0.0784008851283655,L1,-0.015387511174698,L2,0.0891...
check iteration duration=7.79628753662e-05
GetData ===>> H2,-0.197018740429707,H1,0.029739789534733,AX,-0.0836400743154398,L1,0.00448239805982686,L2,0.052...
testing H1>-5.0
evaluate ot="H1.bs>-5.0" t="H1>-5.0", ctx="{'H1': None}"
check iteration duration=0.000541925430298
GetData ===>> H2,-0.222827152333823,H1,-0.046215175326325,AX,-0.141156607811651,L1,-0.00969382225466985,L2,-0.1...
check iteration duration=8.48770141602e-05
GetData ===>> H2,-0.228169036325219,H1,-0.0474432446874172,AX,-0.0715732882604783,L1,0.0271080368343579,L2,-0.0...
check iteration duration=8.29696655273e-05
GetData ===>> H2,-0.132158919730516,H1,-0.0311432715740743,AX,-0.107004350687898,L1,-0.00158648351590412,L2,0.0...
check iteration duration=3.79085540771e-05
GetData ===>> H2,-0.163789323519636,H1,-0.0542986948236511,AX,-0.0647915845347217,L1,-0.000421244279976599,L2,-...
check iteration duration=9.10758972168e-05
GetData ===>> H2,-0.29337303930093,H1,0.117141011247779,AX,0.0546051659985941,L1,-0.0136329818039293,L2,-0.0685...
testing H1>-5.0
evaluate ot="H1.bs>-5.0" t="H1>-5.0", ctx="{'H1': None}"
check iteration duration=0.000523090362549
GetData ===>> H2,-0.261604385701572,H1,0.07553368647939,AX,-0.0248916867814153,L1,0.0055533625988561,L2,0.01950...
check iteration duration=7.89165496826e-05
GetData ===>> H2,-0.232010615026446,H1,0.047245751108105,AX,-0.101592589546616,L1,-0.00605418408066902,L2,-0.02...
check iteration duration=9.3936920166e-05
GetData ===>> H2,-0.250715950892982,H1,-0.00263876805217649,AX,-0.129181314669058,L1,-0.0157389593757354,L2,-0....
check iteration duration=9.29832458496e-05
GetData ===>> H2,-0.322802778716553,H1,0.0571277680407657,AX,-0.0457191320343102,L1,-0.0544621954716482,L2,-0.0...
check iteration duration=8.39233398438e-05
GetData ===>> H2,-0.29465893064031,H1,0.0224495250228831,AX,-0.0439798166481879,L1,-0.0865693158857816,L2,0.029...
testing H1>-5.0
evaluate ot="H1.bs>-5.0" t="H1>-5.0", ctx="{'H1': None}"
check iteration duration=0.00163221359253
GetData ===>> H2,-0.242123067197194,H1,0.0369112550605124,AX,-0.139568081817116,L1,-0.0232375931787612,L2,-0.07...
check iteration duration=3.40938568115e-05
GetData ===>> H2,-0.250340729005266,H1,0.0456465791875306,AX,-0.135440111951373,L1,0.00282677668266481,L2,-0.03...
check iteration duration=5.3882598877e-05
GetData ===>> H2,-0.240888825079172,H1,0.0517808551788292,AX,-0.187548674240692,L1,0.00798533829690087,L2,-0.09...
check iteration duration=4.10079956055e-05
GetData ===>> H2,-0.198103035599602,H1,0.0403718797439947,AX,-0.187108273912388,L1,0.0187869457333883,L2,-0.004...
check iteration duration=7.29560852051e-05
GetData ===>> H2,-0.224612998771969,H1,-0.0325503966234429,AX,-0.0231404011105868,L1,-0.0496517720005325,L2,-0....
testing H1>-5.0
evaluate ot="H1.bs>-5.0" t="H1>-5.0", ctx="{'H1': None}"
check iteration duration=0.00279378890991
13:11:01 -- collecting point 50
GetData ===>> H2,-0.0832602334395642,H1,0.025241478494187,AX,0.00670588683682513,L1,-0.0649525596054123,L2,0.02...
check iteration duration=3.69548797607e-05
GetData ===>> H2,-0.118925046581728,H1,0.071669663218832,AX,-0.0716892107111742,L1,-0.0513986504937807,L2,-0.02...
check iteration duration=8.20159912109e-05
GetData ===>> H2,-0.21619703542893,H1,0.0483437048268033,AX,-0.153400141967165,L1,-0.0414768918380528,L2,-0.062...
check iteration duration=4.29153442383e-05
GetData ===>> H2,-0.27617040942397,H1,-0.00541801611813038,AX,-0.11992414766737,L1,-0.00567875279157556,L2,-0.0...
check iteration duration=8.01086425781e-05
GetData ===>> H2,-0.175150081155668,H1,0.0324484191380094,AX,-0.159022839615231,L1,-0.0244145173873245,L2,-0.03...
testing H1>-5.0
evaluate ot="H1.bs>-5.0" t="H1>-5.0", ctx="{'H1': None}"
check iteration duration=0.000576019287109
GetData ===>> H2,-0.184140296364987,H1,0.00831198175246257,AX,0.0357373673836996,L1,0.00804053548159842,L2,-0.0...
check iteration duration=8.08238983154e-05
GetData ===>> H2,-0.190698297904424,H1,0.0066060672254455,AX,-0.0234651452042527,L1,0.0125545287338873,L2,-0.07...
check iteration duration=0.00010085105896
GetData ===>> H2,-0.194240707910634,H1,0.0332836941515203,AX,-0.109113349527914,L1,-0.0133944703471322,L2,-0.04...
check iteration duration=8.89301300049e-05
GetData ===>> H2,-0.15631820361327,H1,0.0611381400735358,AX,-0.197549860532389,L1,-0.0101278527152019,L2,0.0556...
check iteration duration=9.20295715332e-05
GetData ===>> H2,-0.132689114142408,H1,-0.0608914064853082,AX,-0.0520963558354549,L1,0.0028123707294337,L2,-0.0...
testing H1>-5.0
evaluate ot="H1.bs>-5.0" t="H1>-5.0", ctx="{'H1': None}"
check iteration duration=0.000545024871826
GetData ===>> H2,-0.227696488466668,H1,0.0131316456161159,AX,-0.0136063595141242,L1,0.00540580723921073,L2,0.03...
check iteration duration=1.78813934326e-05
waiting for write to finish
measurement finished
estimated time: 62.915 actual time: :63.223
flush and close file /Users/jan/PychronDev/data/isotopes/c3/4cb118-c00b-479b-bba0-138fe0567d6e.h5
activate_detectors ('H1', 'AX', 'CDD') {'peak_center': True}
peak_center () {'detector': 'H1', 'integration_time': 0.262144, 'isotope': 'Ar40'}
peak center: mean=1527.55092209 threshold=3
peak center started
setup peak center. detector=['H1', 'AX', 'CDD'], isotope=Ar40
VersionedUnpickler [<apptools.sweet_pickle.versioned_unpickler.VersionedUnpickler object at 0x2533633b0>] using Updater [<apptools.sweet_pickle.updater.Updater object at 0x12e273d10>]
VersionedUnpickler [<apptools.sweet_pickle.versioned_unpickler.VersionedUnpickler object at 0x2533633b0>] using Updater [<apptools.sweet_pickle.updater.Updater object at 0x12e273d10>]
VersionedUnpickler [<apptools.sweet_pickle.versioned_unpickler.VersionedUnpickler object at 0x2469fd230>] using Updater [<apptools.sweet_pickle.updater.Updater object at 0x12e273d10>]
setting integration time = 0.524288
SetIntegrationTime 0.524288 ===>> OK
Mapping mass to dac mass func: "parabolic"
H1 map mass coeffs = [-0.00063987  0.15840543  0.57278999]
H1 map mass to dac 39.9624 >> 5.88118
GetDeflection H1 ===>> 0
GetHighVoltage ===>> 4499.94659342336
do peak center. <pychron.spectrometer.jobs.peak_center.PeakCenter object at 0x16275af50>
doing pc
starting peak center. center dac= 5.88114536628 step_width=0.001
width = 0.001
get scan parameters. half-width=0.015,window=0.015, i=0, scalar=1
Scan parameters center=5.88115 width=0.03000 (5.86615 - 5.89615)
GetData ===>> H2,-0.288031932546077,H1,-0.0177268909673288,AX,-0.146664070036137,L1,-0.00992882449596517,L2,-0....
Moving to starting dac 5.86614536628
setting magnet DAC
current  : 5.241805
requested: 5.866145
Delta Dac: 0.624340
Checking detector protection. dv=0.62434
Checking detector "CDD". Protection Threshold: 0.1 (V)
ProtectDetector CDD,On ===>> OK
GetDeflection CDD ===>> 2000
Protected = 2000
SetMagnetDAC 5.86614536628 ===>> OK
Magnet settling time: 0.500
GetMagnetMoving ===>> False
ProtectDetector CDD,Off ===>> OK
GetDeflection CDD ===>> 50
Wait until signal near baseline. tol= -0.0132951682255. timeout= 10
GetData ===>> H2,19.9654918689101,H1,11.4886965149318,AX,0.557192209165399,L1,-0.056410266010893,L2,0.100507001...
GetData ===>> H2,6.80487537290083,H1,6.64643116695742,AX,0.274401485272268,L1,-0.0299366312096896,L2,0.06845907...
GetData ===>> H2,1.94250997018297,H1,4.22210590523882,AX,0.154853875655765,L1,0.0162744919890831,L2,0.099116363...
GetData ===>> H2,0.500899766810987,H1,3.03691972141673,AX,0.0249568822668436,L1,0.0315708801721226,L2,-0.003097...
GetData ===>> H2,0.267111716783581,H1,2.42047402288648,AX,0.0170898543586897,L1,0.00441395871655405,L2,0.028539...
GetData ===>> H2,0.314772820145836,H1,2.14740615561484,AX,0.0340778608299093,L1,-0.0212288312245634,L2,-0.00598...
GetData ===>> H2,0.356257626107974,H1,1.99316277251664,AX,-0.00244732907555796,L1,-0.020515017615751,L2,-0.0125...
GetData ===>> H2,0.356550453776245,H1,2.01592571801708,AX,-0.0747611053344803,L1,0.00232017970616767,L2,-0.0658...
GetData ===>> H2,0.310854737891647,H1,1.97789461286508,AX,0.113831638980022,L1,0.00542980922392245,L2,0.0156011...
GetData ===>> H2,0.239398748226669,H1,1.839093849899,AX,0.0996436826767636,L1,-0.00312352901800785,L2,0.0526897...
GetData ===>> H2,0.174136146649598,H1,1.75883397828776,AX,0.0798025569027256,L1,-0.0143089333103142,L2,-0.03659...
GetData ===>> H2,0.157759378413517,H1,1.83471351870737,AX,-0.0785167994452272,L1,-0.0477178864709951,L2,-0.0858...
GetData ===>> H2,0.107782268718196,H1,1.8929489341146,AX,0.0206403811599296,L1,-0.054219337492251,L2,0.03840394...
GetData ===>> H2,0.108366279105744,H1,1.8426319483724,AX,0.197308858113149,L1,-0.0705154725718936,L2,-0.0325151...
GetData ===>> H2,0.13733937602056,H1,1.93151014524984,AX,0.111095891793428,L1,-0.041751131658357,L2,-0.09944600...
GetData ===>> H2,0.130143242918753,H1,1.85120091799866,AX,0.147663880141068,L1,-0.00393215353348858,L2,-0.07300...
GetData ===>> H2,0.0448483445549733,H1,1.843065193436,AX,0.0604520820045517,L1,0.00744821357815239,L2,-0.018262...
GetData ===>> H2,0.0239210110584502,H1,1.95709728154727,AX,-0.0458234899689344,L1,-0.0182486830605519,L2,-0.112...
GetData ===>> H2,0.0239210110584502,H1,1.95709728154727,AX,-0.0458234899689344,L1,-0.0182486830605519,L2,-0.112...
GetData ===>> H2,-0.00478220233658597,H1,1.85507644913459,AX,0.0568141586901808,L1,-0.0410756978329125,L2,-0.01...
GetData ===>> H2,-0.0107619047619055,H1,1.8496603754883,AX,0.135233397873415,L1,-0.0410206072562069,L2,0.086943...
Peak center failed to move to a baseline position
_do_sweep sm= 5.86614536628, em= 5.89614536628, stm= 0.001
calculated step values: start=5.86614536628, end=5.89614536628, width=0.001, nsteps=31.0
setting magnet DAC
current  : 5.866145
requested: 5.866145
Delta Dac: 0.000000
Checking detector protection. dv=0.00000
Checking detector "CDD". Protection Threshold: 0.1 (V)
SetMagnetDAC 5.86614536628 ===>> OK
GetData ===>> H2,-0.0647213891625967,H1,1.8634538815782,AX,0.0910206407094274,L1,-0.0451276199679025,L2,-0.0173...
setting magnet DAC
current  : 5.866145
requested: 5.867180
Delta Dac: 0.001034
Checking detector protection. dv=0.00103
Checking detector "CDD". Protection Threshold: 0.1 (V)
SetMagnetDAC 5.86717984904 ===>> OK
Magnet settling time: 1.049
GetData ===>> H2,-0.102535303856808,H1,3.8903261518574,AX,0.19290010301273,L1,0.00262749615866351,L2,-0.0599667...
setting magnet DAC
current  : 5.867180
requested: 5.868214
Delta Dac: 0.001034
Checking detector protection. dv=0.00103
Checking detector "CDD". Protection Threshold: 0.1 (V)
SetMagnetDAC 5.8682143318 ===>> OK
Magnet settling time: 1.049
GetData ===>> H2,-0.0605903636797687,H1,12.2669361442925,AX,0.724894544674907,L1,-0.0262839603187919,L2,0.06292...
setting magnet DAC
current  : 5.868214
requested: 5.869249
Delta Dac: 0.001034
Checking detector protection. dv=0.00103
Checking detector "CDD". Protection Threshold: 0.1 (V)
SetMagnetDAC 5.86924881456 ===>> OK
Magnet settling time: 1.049
GetData ===>> H2,-0.0795346263100547,H1,44.4643136304962,AX,2.36162033289129,L1,-0.00236523456543197,L2,-0.0051...
setting magnet DAC
current  : 5.869249
requested: 5.870283
Delta Dac: 0.001034
Checking detector protection. dv=0.00103
Checking detector "CDD". Protection Threshold: 0.1 (V)
SetMagnetDAC 5.87028329732 ===>> OK
Magnet settling time: 1.049
GetData ===>> H2,-0.0786565600881357,H1,148.880418663083,AX,7.86609418825228,L1,-0.0132542373542974,L2,-0.04569...
setting magnet DAC
current  : 5.870283
requested: 5.871318
Delta Dac: 0.001034
Checking detector protection. dv=0.00103
Checking detector "CDD". Protection Threshold: 0.1 (V)
SetMagnetDAC 5.87131778008 ===>> OK
Magnet settling time: 1.049
GetData ===>> H2,-0.0264609338535109,H1,396.192497475806,AX,22.3636303554887,L1,0.109699491722501,L2,-0.0631075...
setting magnet DAC
current  : 5.871318
requested: 5.872352
Delta Dac: 0.001034
Checking detector protection. dv=0.00103
Checking detector "CDD". Protection Threshold: 0.1 (V)
SetMagnetDAC 5.87235226283 ===>> OK
Magnet settling time: 1.049
GetData ===>> H2,-0.030422346640876,H1,753.814161922543,AX,47.5668731396536,L1,0.323898303568561,L2,0.000774304...
setting magnet DAC
current  : 5.872352
requested: 5.873387
Delta Dac: 0.001034
Checking detector protection. dv=0.00103
Checking detector "CDD". Protection Threshold: 0.1 (V)
SetMagnetDAC 5.87338674559 ===>> OK
Magnet settling time: 1.049
GetData ===>> H2,-0.155850757298187,H1,1088.94422801643,AX,74.8910811936984,L1,0.584609901081573,L2,0.058910591...
setting magnet DAC
current  : 5.873387
requested: 5.874421
Delta Dac: 0.001034
Checking detector protection. dv=0.00103
Checking detector "CDD". Protection Threshold: 0.1 (V)
SetMagnetDAC 5.87442122835 ===>> OK
Magnet settling time: 1.049
GetData ===>> H2,-0.133388740671723,H1,1307.8314402053,AX,96.5790740122144,L1,0.986848882160189,L2,0.1455882907...
setting magnet DAC
current  : 5.874421
requested: 5.875456
Delta Dac: 0.001034
Checking detector protection. dv=0.00103
Checking detector "CDD". Protection Threshold: 0.1 (V)
SetMagnetDAC 5.87545571111 ===>> OK
Magnet settling time: 1.049
GetData ===>> H2,-0.0983831399891732,H1,1433.50785981123,AX,112.648481351649,L1,1.36635041525618,L2,0.481179795...
setting magnet DAC
current  : 5.875456
requested: 5.876490
Delta Dac: 0.001034
Checking detector protection. dv=0.00103
Checking detector "CDD". Protection Threshold: 0.1 (V)
SetMagnetDAC 5.87649019387 ===>> OK
Magnet settling time: 1.049
GetData ===>> H2,-0.125422333843699,H1,1450.9775403238,AX,115.41702170774,L1,1.48559166775441,L2,0.295198313037...
setting magnet DAC
current  : 5.876490
requested: 5.877525
Delta Dac: 0.001034
Checking detector protection. dv=0.00103
Checking detector "CDD". Protection Threshold: 0.1 (V)
SetMagnetDAC 5.87752467663 ===>> OK
Magnet settling time: 1.049
GetData ===>> H2,-0.173859164416951,H1,1456.08389896172,AX,116.264001820077,L1,1.5772573983742,L2,0.36738902754...
setting magnet DAC
current  : 5.877525
requested: 5.878559
Delta Dac: 0.001034
Checking detector protection. dv=0.00103
Checking detector "CDD". Protection Threshold: 0.1 (V)
SetMagnetDAC 5.87855915939 ===>> OK
Magnet settling time: 1.049
GetData ===>> H2,-0.232616633700129,H1,1456.87841702091,AX,116.200858669285,L1,1.62670197331875,L2,0.2153156849...
setting magnet DAC
current  : 5.878559
requested: 5.879594
Delta Dac: 0.001034
Checking detector protection. dv=0.00103
Checking detector "CDD". Protection Threshold: 0.1 (V)
SetMagnetDAC 5.87959364214 ===>> OK
Magnet settling time: 1.049
GetData ===>> H2,-0.11460589110989,H1,1456.78518525935,AX,116.60211603166,L1,1.68138424322213,L2,0.507523431713...
setting magnet DAC
current  : 5.879594
requested: 5.880628
Delta Dac: 0.001034
Checking detector protection. dv=0.00103
Checking detector "CDD". Protection Threshold: 0.1 (V)
SetMagnetDAC 5.8806281249 ===>> OK
Magnet settling time: 1.049
GetData ===>> H2,-0.104993427115623,H1,1456.11469979296,AX,116.419247078085,L1,1.70570374568606,L2,0.3903007035...
setting magnet DAC
current  : 5.880628
requested: 5.881663
Delta Dac: 0.001034
Checking detector protection. dv=0.00103
Checking detector "CDD". Protection Threshold: 0.1 (V)
SetMagnetDAC 5.88166260766 ===>> OK
Magnet settling time: 1.049
GetData ===>> H2,-0.0398692945600818,H1,1455.88155019264,AX,116.467687164212,L1,1.65334042304035,L2,0.388178176...
setting magnet DAC
current  : 5.881663
requested: 5.882697
Delta Dac: 0.001034
Checking detector protection. dv=0.00103
Checking detector "CDD". Protection Threshold: 0.1 (V)
SetMagnetDAC 5.88269709042 ===>> OK
Magnet settling time: 1.049
GetData ===>> H2,-0.0890020514230013,H1,1455.73284145211,AX,116.342707659801,L1,1.74955019370202,L2,0.383864799...
setting magnet DAC
current  : 5.882697
requested: 5.883732
Delta Dac: 0.001034
Checking detector protection. dv=0.00103
Checking detector "CDD". Protection Threshold: 0.1 (V)
SetMagnetDAC 5.88373157318 ===>> OK
Magnet settling time: 1.049
GetData ===>> H2,-0.0693568232276863,H1,1454.03049687108,AX,116.298215071051,L1,1.76173270635087,L2,0.293556692...
setting magnet DAC
current  : 5.883732
requested: 5.884766
Delta Dac: 0.001034
Checking detector protection. dv=0.00103
Checking detector "CDD". Protection Threshold: 0.1 (V)
SetMagnetDAC 5.88476605594 ===>> OK
Magnet settling time: 1.049
GetData ===>> H2,-0.0956177958274394,H1,1451.0521351679,AX,115.379596176007,L1,1.74191659079634,L2,0.3113196098...
setting magnet DAC
current  : 5.884766
requested: 5.885801
Delta Dac: 0.001034
Checking detector protection. dv=0.00103
Checking detector "CDD". Protection Threshold: 0.1 (V)
SetMagnetDAC 5.8858005387 ===>> OK
Magnet settling time: 1.049
GetData ===>> H2,-0.133796777203955,H1,1438.33708788507,AX,113.487704579082,L1,1.68111657908576,L2,0.3612056393...
setting magnet DAC
current  : 5.885801
requested: 5.886835
Delta Dac: 0.001034
Checking detector protection. dv=0.00103
Checking detector "CDD". Protection Threshold: 0.1 (V)
SetMagnetDAC 5.88683502145 ===>> OK
Magnet settling time: 1.049
GetData ===>> H2,-0.0285314735886867,H1,1394.29517705739,AX,107.059563816418,L1,1.59233265576483,L2,0.258007698...
setting magnet DAC
current  : 5.886835
requested: 5.887870
Delta Dac: 0.001034
Checking detector protection. dv=0.00103
Checking detector "CDD". Protection Threshold: 0.1 (V)
SetMagnetDAC 5.88786950421 ===>> OK
Magnet settling time: 1.049
GetData ===>> H2,-0.311079386319929,H1,1257.87839865005,AX,89.8130327687247,L1,1.40193342671083,L2,0.1740344026...
setting magnet DAC
current  : 5.887870
requested: 5.888904
Delta Dac: 0.001034
Checking detector protection. dv=0.00103
Checking detector "CDD". Protection Threshold: 0.1 (V)
SetMagnetDAC 5.88890398697 ===>> OK
Magnet settling time: 1.049
GetData ===>> H2,-0.39160972170884,H1,962.100569325106,AX,60.8999096497651,L1,1.05664427450089,L2,0.25357780299...
setting magnet DAC
current  : 5.888904
requested: 5.889938
Delta Dac: 0.001034
Checking detector protection. dv=0.00103
Checking detector "CDD". Protection Threshold: 0.1 (V)
SetMagnetDAC 5.88993846973 ===>> OK
Magnet settling time: 1.049
GetData ===>> H2,-0.367356081597529,H1,581.805112963708,AX,31.7852580179971,L1,0.72564618649556,L2,0.0625111002...
setting magnet DAC
current  : 5.889938
requested: 5.890973
Delta Dac: 0.001034
Checking detector protection. dv=0.00103
Checking detector "CDD". Protection Threshold: 0.1 (V)
SetMagnetDAC 5.89097295249 ===>> OK
Magnet settling time: 1.049
GetData ===>> H2,-0.194478291650991,H1,273.135880866966,AX,12.7135062689821,L1,0.479578395192247,L2,-0.08700100...
setting magnet DAC
current  : 5.890973
requested: 5.892007
Delta Dac: 0.001034
Checking detector protection. dv=0.00103
Checking detector "CDD". Protection Threshold: 0.1 (V)
SetMagnetDAC 5.89200743525 ===>> OK
Magnet settling time: 1.049
GetData ===>> H2,-0.136914664587345,H1,98.1849983417102,AX,3.57446753526322,L1,0.288048634949291,L2,-0.05857845...
setting magnet DAC
current  : 5.892007
requested: 5.893042
Delta Dac: 0.001034
Checking detector protection. dv=0.00103
Checking detector "CDD". Protection Threshold: 0.1 (V)
SetMagnetDAC 5.89304191801 ===>> OK
Magnet settling time: 1.049
GetData ===>> H2,-0.18999648966381,H1,28.398914869526,AX,0.574116889493944,L1,0.147914310560148,L2,0.0745897450...
setting magnet DAC
current  : 5.893042
requested: 5.894076
Delta Dac: 0.001034
Checking detector protection. dv=0.00103
Checking detector "CDD". Protection Threshold: 0.1 (V)
SetMagnetDAC 5.89407640077 ===>> OK
Magnet settling time: 1.049
GetData ===>> H2,-0.186515404599417,H1,6.91253233451439,AX,0.0704628655757869,L1,0.0788268314084098,L2,0.166619...
setting magnet DAC
current  : 5.894076
requested: 5.895111
Delta Dac: 0.001034
Checking detector protection. dv=0.00103
Checking detector "CDD". Protection Threshold: 0.1 (V)
SetMagnetDAC 5.89511088352 ===>> OK
Magnet settling time: 1.049
GetData ===>> H2,-0.222657934423158,H1,1.38586917353367,AX,-0.0703792789812625,L1,0.0514416312592338,L2,-0.0099...
setting magnet DAC
current  : 5.895111
requested: 5.896145
Delta Dac: 0.001034
Checking detector protection. dv=0.00103
Checking detector "CDD". Protection Threshold: 0.1 (V)
SetMagnetDAC 5.89614536628 ===>> OK
Magnet settling time: 1.049
GetData ===>> H2,-0.208670817783722,H1,0.051649572963375,AX,-0.25933713486519,L1,0.0515617906271529,L2,-0.18482...
result of _do_sweep=True
result of _calculate_peak_center=([5.87332973501994, 5.8809048853205415, 5.8884800356211429], [1070.4751361975486, 1456.8756144629474, 1083.3161326456257], 5.8785902560620249, 1456.8756144629474)
Failed to find a valid peak. No peak greater than 1.0. max = 0.826241386179
new center pos Detector(H1) (Ar40) @ 5.88090488532
GetHighVoltage ===>> 4499.94659342336
GetDeflection H1 ===>> 0
dac uncorrected for HV and deflection 5.88093951762
update mftable H1 Ar40 5.88093951762 message=automated run peakcenter
get initial guess parabolic
get initial guess parabolic
get initial guess parabolic
get initial guess parabolic
get initial guess parabolic
get initial guess parabolic
dump mftable to /Users/jan/PychronDev/setupfiles/spectrometer/mftables/mftable.csv
add to repo msg=modified - automated run peakcenter
sweep finished
locally archiving mftable
setting magnet DAC
current  : 5.896145
requested: 5.880905
Delta Dac: 0.015240
Checking detector protection. dv=0.01524
Checking detector "CDD". Protection Threshold: 0.1 (V)
SetMagnetDAC 5.88090488532 ===>> OK
Magnet settling time: 0.500
setting integration time = 1.048576
SetIntegrationTime 1.048576 ===>> OK
Failed to find a valid peak. No peak greater than 1.0. max = 0.826241386179
flush and close file /Users/jan/PychronDev/data/isotopes/c3/4cb118-c00b-479b-bba0-138fe0567d6e.h5
finished measure script
executed snippet estimated_duration=226.132928, duration=275.109322071
jan_unknown120_60.py completed successfully
Measurement Finished
13:12:01 -- ******* Measurement Finished *******
Post Measurement Started jan_pump_ms.py
13:12:01 -- ******* Post Measurement Started jan_pump_ms.py *******
testing...
no interpolation path defined
executed snippet estimated_duration=0, duration=2.69412994385e-05
Pumping spectrometer
open () {'name': 'O'}
opening name=O desc=---
checking ownership. requestor=129.138.12.150
check software interlocks O
interlocks []
actuate state mode=None-script, software_lock=False
doing actuation None-script open_channel True
Open O ===>> OK
GetIndicatorState O ===>> OK
change switch state (True, True)
update switch state O True args=() kw={} ncanvase=8
13:12:01 -- OPEN   VALVE-O (Jan Ion Pump)
---------------------------------------- open O () result=[(True, True)], time=0.10 sec
action=open, ok=True, locked=[False]
executed snippet estimated_duration=0, duration=0.359762907028
jan_pump_ms.py completed successfully
setting _ms_pumptime
Post Measurement Finished
13:12:01 -- ******* Post Measurement Finished *******
$$$$$$$$$$$$$$$$$$$$ state at run end measurement
state changed from measurement to success
post measurement save measured=True aborted=False
Set filtering
setting fod for Ar40= {'filter_outliers': True, 'std_devs': 2, 'iterations': 1}
setting fod for H1= {'filter_outliers': True, 'std_devs': 2, 'iterations': 1}
setting fod for PM41= {'filter_outliers': False, 'std_devs': 2, 'iterations': 1}
setting fod for H2= {'filter_outliers': True, 'std_devs': 2, 'iterations': 1}
setting fod for Ar36= {'filter_outliers': True, 'std_devs': 2, 'iterations': 1}
setting fod for CDD= {'filter_outliers': True, 'std_devs': 10, 'iterations': 1}
setting fod for Ar37= {'filter_outliers': True, 'std_devs': 2, 'iterations': 1}
setting fod for L2= {'filter_outliers': True, 'std_devs': 2, 'iterations': 1}
setting fod for Ar38= {'filter_outliers': True, 'std_devs': 2, 'iterations': 1}
setting fod for L1= {'filter_outliers': True, 'std_devs': 2, 'iterations': 1}
setting fod for Ar39= {'filter_outliers': True, 'std_devs': 2, 'iterations': 1}
setting fod for AX= {'filter_outliers': True, 'std_devs': 2, 'iterations': 1}
persistence save...
persistence save - db
post measurement save
9769289008 connecting to database sqlite:////Users/jan/PychronDev/.appdata/local_lab.db
connected to db sqlite:////Users/jan/PychronDev/.appdata/local_lab.db
create new session 9769289008
close session 9769289008
No database instance. Not saving post measurement to isotopedb database
$$$$$$$$$$$$$$$ auto_save_detector_ic=False
massspec enabled True
create new session 6484677072
MassSpec Database Version: 16.0
close session 6484677072
saving post measurement to secondary database
saving to massspec database 129.138.12.160/massspecdata
setting labnumber to 65475
setting aliquot to 24
setting step to 
setting uuid to c34cb118-c00b-479b-bba0-138fe0567d6e
setting irradpos to 65475
setting extract_device to Fusions CO2
setting tray to 
setting position to 114
setting power_requested to 5.0
setting extract_value to 5.0
setting duration to 30.0
setting duration_at_request to 30.0
setting first_stage_delay to 30.0
setting cleanup to 30.0
setting comment to P:7
setting irradiation to NM-288
setting level to P
setting irradiation_level to P
setting sample to Goat Mtn
setting material to Sanidine
setting project to IR989
setting mass_spectrometer to Jan
no attribute chron_dosages
no attribute production_ratios
no attribute interference_corrections
no attribute production_name
no attribute j
Reference Isotope=Ar40
Reference Detector=H1
%%%%%%%%%%%%%%%%%%%% Comment: P:7 %%%%%%%%%%%%%%%%%%%
adding isotope PM41 H2
add baseline dbdet= PM41. original det= H2
get baseline data PM41 H2
Get data baseline <pychron.processing.isotope.Baseline object at 0x2409ba0d0> len t=60
baseline PM41. v=-0.202373060944, e=0.00638808270498
get signal data PM41 H2
Get data signal PM41 0.18+/-0.08 len t=120
adding isotope Ar40 H1
add baseline dbdet= Ar40. original det= H1
get baseline data Ar40 H1
Get data baseline <pychron.processing.isotope.Baseline object at 0x248a81d90> len t=60
baseline Ar40. v=0.0070322274437, e=0.00583962660009
get signal data Ar40 H1
Get data signal Ar40 1603.11+/-0.07 len t=120
adding isotope Ar39 AX
add baseline dbdet= Ar39. original det= AX
get baseline data Ar39 AX
Get data baseline <pychron.processing.isotope.Baseline object at 0x248aad250> len t=60
baseline Ar39. v=-0.089090133084, e=0.00637459968795
get signal data Ar39 AX
Get data signal Ar39 127.658+/-0.024 len t=120
adding isotope Ar38 L1
add baseline dbdet= Ar38. original det= L1
get baseline data Ar38 L1
Get data baseline <pychron.processing.isotope.Baseline object at 0x248aad410> len t=60
baseline Ar38. v=-0.0283987557877, e=0.00361760115063
get signal data Ar38 L1
Get data signal Ar38 1.925+/-0.006 len t=120
adding isotope Ar37 L2
add baseline dbdet= Ar37. original det= L2
get baseline data Ar37 L2
Get data baseline <pychron.processing.isotope.Baseline object at 0x248aad5d0> len t=60
baseline Ar37. v=-0.00860567022968, e=0.00648088965171
get signal data Ar37 L2
Get data signal Ar37 0.399+/-0.010 len t=120
adding isotope Ar36 CDD
add baseline dbdet= Ar36. original det= CDD
get baseline data Ar36 CDD
Get data baseline <pychron.processing.isotope.Baseline object at 0x248aad790> len t=60
baseline Ar36. v=0.000359758084832, e=2.77017945125e-05
get signal data Ar36 CDD
Get data signal Ar36 0.8985+/-0.0020 len t=120
65475-24 added analysis time 0.577035903931s
analysis added to mass spec database
mass spec save time= 0.585
persistence save - dvc
================= post measurement started
create new session 4992585168
close session 4992585168
---------------- Experiment Queue saving disabled
DVC saving peakcenter
Failed to find a valid peak. No peak greater than 1.0. max = 0.826241386179
Smart pull ahead: 0 behind: 0
Up-to-date with origin
add to repo msg=modified - ad8224ebc6dbfeb9f5997218dfa5fe690569839d.json
add to repo msg=modified - 75-24.json
add to repo msg=modified - 75-24.dat.json
add to repo msg=modified - 75-24.blan.json
add to repo msg=modified - 75-24.inte.json
add to repo msg=modified - 75-24.icfa.json
add to repo msg=modified - 75-24.base.json
not at valid file /Users/jan/PychronDev/data/.dvc/repositories/Load1795/654/tags/75-24.tags.json
add to repo msg=modified - 75-24.peak.json
add to repo msg=modified - 75-24.extr.json
not at valid file /Users/jan/PychronDev/data/.dvc/repositories/Load1795/654/monitor/75-24.moni.json
commit message=<COLLECTION>
add to repo msg=modified - 75-24.inte.json
add to repo msg=modified - 75-24.base.json
commit message=<ISOEVO> default collection fits
add to repo msg=modified - 75-24.blan.json
commit message=<BLANKS> preceding bu-FC-J-7823
add to repo msg=modified - 75-24.icfa.json
commit message=<ICFactor> default
push repository <pychron.git_archive.repo_manager.GitRepoManager object at 0x23862c050>
pushing to remote=origin, url=https://github.com
no changes to meta repo
create new session 4992585168
add association Load1795
get identifier "65475"
setting analysis irradiation position=<pychron.dvc.dvc_orm.IrradiationPositionTbl object at 0x24dccfd10>
close session 4992585168
================= post measurement finished
13:12:14 -- ******* Post Run Check *******
loading queue conditionals post_run_actions
loading system conditionals post_run_actions
loading conditionals from /Users/jan/PychronDev/setupfiles/spectrometer/default_conditionals.yaml
loading queue conditionals post_run_terminations
loading system conditionals post_run_terminations
loading conditionals from /Users/jan/PychronDev/setupfiles/spectrometer/default_conditionals.yaml
Checking default post run terminations n=1
GetDeflection CDD ===>> 50
testing CDD==2000
evaluate ot="CDD.deflection==2000" t="CDD==2000", ctx="{'CDD': 50.0}"
13:12:14 -- ******* Post Run Check Passed *******
13:12:14 -- Automated run 65475-24 success duration: 366.144 s
----------------- finish -----------------
----------------- stop -----------------
retroactive repository identifiers disabled
finish run. runs completed=192
update duration runid=65475-24, duration=366.14411211, md5=301e91d8
loading script "jan_unknown120_60.py"
loading script "jan_pump_ms.py"
loading script "jan_co2.py"
loading script "jan_pump_extraction_line.py"
testing...
no interpolation path defined
executed snippet estimated_duration=213.652928, duration=0.000328063964844
script duration name:unknown120_60 seconds:214.0
loading script "jan_unknown120_60.py"
loading script "jan_pump_ms.py"
loading script "jan_co2.py"
loading script "jan_pump_extraction_line.py"
testing...
no interpolation path defined
executed snippet estimated_duration=0, duration=2.88486480713e-05
loading script "jan_unknown120_60.py"
loading script "jan_pump_ms.py"
loading script "jan_co2.py"
loading script "jan_pump_extraction_line.py"
testing...
no interpolation path defined
calculate duration
testing...
no interpolation path defined
executed snippet estimated_duration=0, duration=5.19752502441e-05
calculate duration
testing...
no interpolation path defined
executed snippet estimated_duration=0, duration=8.98838043213e-05
executed snippet estimated_duration=0.0, duration=0.00316715240479
script duration name:co2 seconds:0.0
loading script "jan_unknown120_60.py"
loading script "jan_pump_ms.py"
loading script "jan_co2.py"
loading script "jan_pump_extraction_line.py"
testing...
no interpolation path defined
calculate duration
testing...
no interpolation path defined
executed snippet estimated_duration=4.0, duration=0.00019907951355
executed snippet estimated_duration=4.0, duration=0.00167489051819
Script duration 214.0
Run total estimated duration= 215.000
unknown120_60 in script context. using previous estimated duration
script duration name:unknown120_60 seconds:214.0
pump_ms in script context. using previous estimated duration
co2 in script context. using previous estimated duration
script duration name:co2 seconds:0.0
pump_extraction_line in script context. using previous estimated duration
Script duration 214.0
Run total estimated duration= 215.000
nruns=2 before=0.0, run_dur=430.0, btw=45.0
write rem/ex queues
/Users/jan/PychronDev/experiments/rem/CurrentExperiment.rem.txt
/Users/jan/PychronDev/experiments/rem/CurrentExperiment.ex.txt
doing event level: 3
