do run
loading script "jan_unknown120_60.py"
loading script "jan_pump_ms.py"
loading script "jan_co2.py"
loading script "jan_pump_extraction_line.py"
testing...
no interpolation path defined
executed snippet estimated_duration=213.652928, duration=0.00020694732666
script duration name:unknown120_60 seconds:214.0
loading script "jan_unknown120_60.py"
loading script "jan_pump_ms.py"
loading script "jan_co2.py"
loading script "jan_pump_extraction_line.py"
testing...
no interpolation path defined
executed snippet estimated_duration=0, duration=2.59876251221e-05
loading script "jan_unknown120_60.py"
loading script "jan_pump_ms.py"
loading script "jan_co2.py"
loading script "jan_pump_extraction_line.py"
testing...
no interpolation path defined
calculate duration
testing...
no interpolation path defined
executed snippet estimated_duration=0, duration=5.10215759277e-05
calculate duration
testing...
no interpolation path defined
executed snippet estimated_duration=0, duration=9.60826873779e-05
executed snippet estimated_duration=0.0, duration=0.0027711391449
script duration name:co2 seconds:0.0
loading script "jan_unknown120_60.py"
loading script "jan_pump_ms.py"
loading script "jan_co2.py"
loading script "jan_pump_extraction_line.py"
testing...
no interpolation path defined
calculate duration
testing...
no interpolation path defined
executed snippet estimated_duration=4.0, duration=0.000153064727783
executed snippet estimated_duration=4.0, duration=0.00129914283752
Script duration 214.0
Run total estimated duration= 215.000
run duration: 0:03:35
doing event level: 2
13:20:07 -- Setting default integration. t=1.048576
setting integration time = 1.048576
SetIntegrationTime 1.048576 ===>> OK
----------------- start -----------------
**************** Experiment Type: Ar/Ar, Ar/Ar
create new session 4419438256
close session 4419438256
$$$$$ Clearing conditionals
adding conditionals 
Add queue conditionals
add default conditionals
adding default conditionals from /Users/jan/PychronDev/setupfiles/spectrometer/default_conditionals.yaml
Start automated run 65475-26
loading script "jan_unknown120_60.py"
loading script "jan_pump_ms.py"
loading script "jan_co2.py"
loading script "jan_pump_extraction_line.py"
%%%%%%%%%%%%%%%%%% setting automated run 65475-26
No value "sensitivity_multiplier" in metadata
$$$$$$$$$$$$$$$ auto_save_detector_ic=False
============================= Pre Extraction Check =============================
loading queue conditionals pre_run_terminations
loading system conditionals pre_run_terminations
loading conditionals from /Users/jan/PychronDev/setupfiles/spectrometer/default_conditionals.yaml
13:20:07 -- ******* Pre Extraction Check *******
Get a measurement from the spectrometer
GetData ===>> H2,-0.0938586549049294,H1,0.0371737810160202,AX,0.0276838028471061,L1,-0.00641400923681987,L2,0.0...
Pre Extraction Termination data. keys=H2,H1,AX,L1,L2,CDD, signals=-0.09386,0.03717,0.02768,-0.00641,0.00240,0.00313
13:20:07 -- testing system defined conditionals
Checking default pre extraction terminations n=2
testing CDD
evaluate ot="CDD.inactive" t="CDD", ctx="{'CDD': False}"
GetDeflection CDD ===>> 50
testing CDD==2000
evaluate ot="CDD.deflection==2000" t="CDD==2000", ctx="{'CDD': 50.0}"
13:20:07 -- ******* Pre Extraction Check Passed *******
=================================================================================
13:20:07 -- stopping status monitor
stop 6901184944
Alive clients [5025639504, 5288834736, 4992986192]
13:20:07 -- starting status monitor
start 6901184944
Monitor already running
start extraction
do extraction
Analysis started at 13:20:07.622010
Extraction Started jan_co2.py
13:20:07 -- ******* Extraction Started jan_co2.py *******
state changed from not run to extraction
DO EXTRACTION <pychron.extraction_line.pyscript_runner.RemotePyScriptRunner object at 0x12bfe48f0>
testing...
no interpolation path defined
calculate duration
testing...
no interpolation path defined
executed snippet estimated_duration=0, duration=4.2200088501e-05
calculate duration
testing...
no interpolation path defined
executed snippet estimated_duration=0, duration=0.000121831893921
executed snippet estimated_duration=100.0, duration=0.00258588790894
Jan CO2 laser analysis
doing GOSUB
testing...
no interpolation path defined
executed snippet estimated_duration=0, duration=4.60147857666e-05
Waiting for CO2 access
wait ('FelixCO2Flag', 0) {}
waiting for FelixCO2Flag = 0
Read FelixCO2Flag ===>> 0
finished waiting
CO2 free
wait ('CO2PumpTimeFlag', 0) {}
waiting for CO2PumpTimeFlag = 0
Read CO2PumpTimeFlag ===>> 0
finished waiting
acquire ('JanCO2Flag',) {'clear': True}
acquire JanCO2Flag
Set JanCO2Flag 1 ===>> OK
JanCO2Flag acquired
set extraction state False (0.75, 'red', 1.5)
CO2 acquired
executed snippet estimated_duration=0, duration=0.0253159999847
WaitForCO2Access.py completed successfully
gosub finished
doing GOSUB
testing...
no interpolation path defined
executed snippet estimated_duration=0, duration=9.70363616943e-05
Prepare for CO2 analysis
close () {'description': 'Jan Inlet'}
closing name=--- desc=Jan Inlet
checking ownership. requestor=129.138.12.150
check software interlocks R
interlocks []
actuate state mode=None-script, software_lock=False
doing actuation None-script close_channel False
Close R ===>> OK
GetIndicatorState R ===>> False
change switch state (True, True)
update switch state R False args=() kw={} ncanvase=8
13:20:08 -- CLOSE  VALVE-R (Jan Inlet)
---------------------------------------- close None (Jan Inlet) result=[(True, True)]
action=close, ok=True, locked=[False]
open () {'description': 'Jan Ion Pump'}
opening name=--- desc=Jan Ion Pump
checking ownership. requestor=129.138.12.150
check software interlocks O
interlocks []
actuate state mode=None-script, software_lock=False
doing actuation None-script open_channel False
Open O ===>> OK
GetIndicatorState O ===>> OK
change switch state (True, True)
update switch state O True args=() kw={} ncanvase=8
13:20:08 -- OPEN   VALVE-O (Jan Ion Pump)
---------------------------------------- open None (Jan Ion Pump) result=[(True, True)], time=0.10 sec
action=open, ok=True, locked=[False]
close () {'description': 'Microbone to Minibone'}
closing name=--- desc=Microbone to Minibone
checking ownership. requestor=129.138.12.150
check software interlocks L
interlocks []
actuate state mode=None-script, software_lock=False
doing actuation None-script close_channel False
Close L ===>> OK
GetIndicatorState L ===>> False
change switch state (True, True)
update switch state L False args=() kw={} ncanvase=8
13:20:09 -- CLOSE  VALVE-L (Microbone to Minibone)
---------------------------------------- close None (Microbone to Minibone) result=[(True, True)]
action=close, ok=True, locked=[False]
open () {'description': 'Microbone to Turbo'}
opening name=--- desc=Microbone to Turbo
checking ownership. requestor=129.138.12.150
check software interlocks U
interlocks []
actuate state mode=None-script, software_lock=False
doing actuation None-script open_channel False
Open U ===>> OK
GetIndicatorState U ===>> OK
change switch state (True, True)
update switch state U True args=() kw={} ncanvase=8
13:20:09 -- OPEN   VALVE-U (Microbone to Turbo)
---------------------------------------- open None (Microbone to Turbo) result=[(True, True)], time=0.15 sec
action=open, ok=True, locked=[False]
open () {'description': 'Microbone to Inlet Pipette'}
opening name=--- desc=Microbone to Inlet Pipette
checking ownership. requestor=129.138.12.150
check software interlocks S
interlocks []
actuate state mode=None-script, software_lock=False
doing actuation None-script open_channel False
Open S ===>> OK
GetIndicatorState S ===>> OK
change switch state (True, True)
update switch state S True args=() kw={} ncanvase=8
13:20:10 -- OPEN   VALVE-S (Microbone to Inlet Pipette)
---------------------------------------- open None (Microbone to Inlet Pipette) result=[(True, True)], time=0.43 sec
action=open, ok=True, locked=[False]
open () {'description': 'Microbone to Getter D-50'}
opening name=--- desc=Microbone to Getter D-50
checking ownership. requestor=129.138.12.150
check software interlocks K
interlocks []
actuate state mode=None-script, software_lock=False
doing actuation None-script open_channel False
Open K ===>> OK
GetIndicatorState K ===>> OK
change switch state (True, True)
update switch state K True args=() kw={} ncanvase=8
13:20:11 -- OPEN   VALVE-K (Microbone to Getter D-50)
---------------------------------------- open None (Microbone to Getter D-50) result=[(True, True)], time=0.46 sec
action=open, ok=True, locked=[False]
open () {'description': 'Microbone to Getter NP-10'}
opening name=--- desc=Microbone to Getter NP-10
checking ownership. requestor=129.138.12.150
check software interlocks M
interlocks []
actuate state mode=None-script, software_lock=False
doing actuation None-script open_channel False
Open M ===>> OK
GetIndicatorState M ===>> OK
change switch state (True, True)
update switch state M True args=() kw={} ncanvase=8
13:20:11 -- OPEN   VALVE-M (Microbone to Getter NP-10)
---------------------------------------- open None (Microbone to Getter NP-10) result=[(True, True)], time=0.15 sec
action=open, ok=True, locked=[False]
close () {'description': 'CO2 Laser to Felix'}
closing name=--- desc=CO2 Laser to Felix
checking ownership. requestor=129.138.12.150
check software interlocks F
interlocks []
actuate state mode=None-script, software_lock=True
VALVE-F(CO2 Laser to Felix) software locked
change switch state (True, False)
---------------------------------------- close None (CO2 Laser to Felix) result=[(True, False)]
action=close, ok=True, locked=[True]
open () {'description': 'CO2 Laser to Jan'}
opening name=--- desc=CO2 Laser to Jan
checking ownership. requestor=129.138.12.150
check software interlocks A
interlocks []
actuate state mode=None-script, software_lock=False
doing actuation None-script open_channel False
Open A ===>> OK
GetIndicatorState A ===>> OK
change switch state (True, True)
update switch state A True args=() kw={} ncanvase=8
13:20:11 -- OPEN   VALVE-A (CO2 Laser to Jan)
---------------------------------------- open None (CO2 Laser to Jan) result=[(True, True)], time=0.16 sec
action=open, ok=True, locked=[False]
open () {'description': 'Microbone to CO2 Laser'}
opening name=--- desc=Microbone to CO2 Laser
checking ownership. requestor=129.138.12.150
check software interlocks T
interlocks []
actuate state mode=None-script, software_lock=False
doing actuation None-script open_channel False
Open T ===>> OK
GetIndicatorState T ===>> OK
change switch state (True, True)
update switch state T True args=() kw={} ncanvase=8
13:20:12 -- OPEN   VALVE-T (Microbone to CO2 Laser)
---------------------------------------- open None (Microbone to CO2 Laser) result=[(True, True)], time=0.43 sec
action=open, ok=True, locked=[False]
executed snippet estimated_duration=0, duration=5.12317585945
PrepareForCO2Analysis.py completed successfully
gosub finished
set_motor ('beam', '1.25') {}
setting motor "beam" to 1.25
set motor beam to 1.25
SetMotor beam,1.25 ===>> OK
GetMotorMoving beam ===>> False
GetMotorMoving beam ===>> False
Block completed
move_to_position ('116',) {'autocenter': True}
FusionsCO2 move to position 116
sending GoToHole 116,True
GoToHole 116,True ===>> OK
GetDriveMoving ===>> OK
GetDriveMoving ===>> OK
GetDriveMoving ===>> OK
GetDriveMoving ===>> OK
GetDriveMoving ===>> OK
GetDriveMoving ===>> OK
GetDriveMoving ===>> False
GetDriveMoving ===>> OK
GetDriveMoving ===>> OK
GetDriveMoving ===>> OK
GetDriveMoving ===>> OK
GetDriveMoving ===>> OK
GetDriveMoving ===>> False
Block completed
GetAutoCorrecting ===>> False
GetAutoCorrecting ===>> False
Block completed
update position
GetPosition ===>> 9.96950,0.00000,1.00000
got position (9.9695, 0.0, 1.0)
move to position succeeded
sleep (5,) {}
SLEEP 5.0
block started
WaitControl setup for 5.0  
Join finished
block finished. duration 5.03993415833
close () {'description': 'Microbone to Turbo'}
closing name=--- desc=Microbone to Turbo
checking ownership. requestor=129.138.12.150
check software interlocks U
interlocks []
actuate state mode=None-script, software_lock=False
doing actuation None-script close_channel True
Close U ===>> OK
GetIndicatorState U ===>> False
change switch state (True, True)
update switch state U False args=() kw={} ncanvase=8
13:20:24 -- CLOSE  VALVE-U (Microbone to Turbo)
---------------------------------------- close None (Microbone to Turbo) result=[(True, True)]
action=close, ok=True, locked=[False]
enable laser
enable () {}
set extraction state FusionsCO2 Enabled (False, 'red', 1.5)
enabling laser
Enable ===>> OK
begin interval
BEGIN INTERVAL Interval 1 waiting for 30.0
block started
set extract to 5.0
WaitControl setup for 30.0  
extract (5.0,) {}
GetPosition ===>> 9.96950,0.00000,1.00000
set extraction state FusionsCO2 ON! 5.0(watts) (0.75, 'red', 1.5)
extract sample to 5.0 (watts)
set laser output
SetLaserOutput 5.0,watts ===>> OK
executing pattern triangle.lp
execute_pattern ('triangle.lp',) {}
executing pattern triangle.lp
IsPatterning ===>> OK
IsPatterning ===>> OK
IsPatterning ===>> OK
IsPatterning ===>> OK
IsPatterning ===>> OK
IsPatterning ===>> OK
IsPatterning ===>> OK
IsPatterning ===>> OK
IsPatterning ===>> OK
IsPatterning ===>> OK
IsPatterning ===>> OK
IsPatterning ===>> OK
IsPatterning ===>> OK
IsPatterning ===>> OK
IsPatterning ===>> OK
IsPatterning ===>> OK
IsPatterning ===>> OK
IsPatterning ===>> OK
IsPatterning ===>> OK
IsPatterning ===>> OK
IsPatterning ===>> OK
IsPatterning ===>> OK
IsPatterning ===>> OK
IsPatterning ===>> OK
IsPatterning ===>> OK
IsPatterning ===>> OK
IsPatterning ===>> OK
IsPatterning ===>> OK
IsPatterning ===>> False
Join finished
block finished. duration 30.1532669067
Interval 1 finished
IsPatterning ===>> False
Block completed
COMPLETE INTERVAL waiting for Interval 1 to complete
end_extract () {}
ending extraction. set laser power to 0
set laser power 0
SetLaserPower 0 ===>> OK
disable () {}
%%%%%%%%%%%%%%%%%%%%%%%%%%%%%%%%%%% disable
set extraction state False (0.75, 'red', 1.5)
disabling laser
Disable ===>> OK
sleep (30.0,) {}
SLEEP 30.0
block started
WaitControl setup for 30.0  
Join finished
block finished. duration 30.1209599972
executed snippet estimated_duration=165.0, duration=78.2325289249
jan_co2.py completed successfully
GetAchievedOutput ===>> No Response
Requested Output= 0.000
Achieved Output=  0.000
GetResponseBlob ===>> No Response
GetOutputBlob ===>> No Response
persistence save...
persistence save - db
AutomatedRunPersister post_extraction_save deprecated
persistence save - dvc
no extraction position for 116
create new session 4992585168
close session 4992585168
Extraction Finished
13:21:25 -- ******* Extraction Finished *******
no overlap. not waiting for min ms pumptime
13:21:25 -- Sending spectrometer configuration
======== Sending configuration ========
SetDeflection CDD,50.0 ===>> OK
SetDeflection H2,0.0 ===>> OK
SetDeflection H1,0.0 ===>> OK
SetDeflection L2,825.0 ===>> OK
SetDeflection L1,400.0 ===>> OK
SetDeflection AX,190.0 ===>> OK
SetZFocus 74.64 ===>> OK
SetZSymmetry -50.72 ===>> OK
SetExtractionLens 26.13 ===>> OK
SetIonRepeller -3.81 ===>> OK
SetElectronEnergy 75.08 ===>> OK
SetYSymmetry -2.81 ===>> OK
SetIonCounterVoltage 1590.0 ===>> OK
send trap current 200.0
GetParameter Trap Current Readback ===>> 197.923274125618
SetParameter Trap Current Set,200.0 ===>> OK
updating mftable name mftable
Using mftable located at /Users/jan/PychronDev/setupfiles/spectrometer/mftables/mftable.csv
============ MFtable ===========
Isotope  H2     H1     AX     L1     L2     CDD    
Ar40     5.8273 5.8808 5.9940 6.1672 6.2324 6.3955
Ar39     5.7266 5.7731 5.8864 6.0533 6.1175 6.2820
Ar36     5.4041 5.4421 5.5498 5.7122 5.7725 5.9331
================================
get initial guess parabolic
get initial guess parabolic
get initial guess parabolic
get initial guess parabolic
get initial guess parabolic
get initial guess parabolic
======== Configuration Finished ========
GetYSymmetry ===>> -2.81
GetZSymmetry ===>> -50.72
GetParameter Trap Current Readback ===>> 197.699505585058
GetHighVoltage ===>> 4499.94659342336
start measurement
do measurement
L#=65475 analysis type=unknown
Measurement Started jan_unknown120_60.py
13:21:26 -- ******* Measurement Started jan_unknown120_60.py *******
state changed from extraction to measurement
setting spec, defl, and gains
GetExtractionLens ===>> 26.13
GetYSymmetry ===>> -2.81
GetZSymmetry ===>> -50.72
GetZFocus ===>> 74.64
GetDeflection H2 ===>> 0
GetDeflection H1 ===>> 0
GetDeflection AX ===>> 190
GetDeflection L1 ===>> 400
GetDeflection L2 ===>> 825
GetDeflection CDD ===>> 50
GetGain H2 ===>> 0.0113
GetGain H1 ===>> 0.1
GetGain AX ===>> 0.097049
GetGain L1 ===>> 0.010355
GetGain L2 ===>> 0.095649
GetGain CDD ===>> 0
pre measurement save
New frame /Users/jan/PychronDev/data/isotopes/5a/f962ab-5a03-4d54-b965-0d087d151e63.h5
flush and close file /Users/jan/PychronDev/data/isotopes/5a/f962ab-5a03-4d54-b965-0d087d151e63.h5
testing...
no interpolation path defined
executed snippet estimated_duration=226.132928, duration=0.000152826309204
unknown measurement script
activate_detectors ('H2', 'H1', 'AX', 'L1', 'L2', 'CDD') {}
activate detectors
*************** Set Analysis View Ar/Ar
create graphs
clearing graphs
clear isotope group
setting isotope det=H2, iso=PM41
setting isotope det=H1, iso=Ar40
setting isotope det=AX, iso=Ar39
setting isotope det=L1, iso=Ar38
setting isotope det=L2, iso=Ar37
setting isotope det=CDD, iso=Ar36
setting previous blanks
 - setting Ar40 blank 0.634+/-0.011
 - setting Ar36 blank 0.00634+/-0.00025
 - setting Ar37 blank 0.056+/-0.010
 - setting Ar38 blank 0.013+/-0.005
 - setting PM41 blank 0.06+/-0.07
 - setting Ar39 blank 0.016+/-0.012
load analysis view
position_magnet ('Ar40',) {'detector': 'H1'}
detector Detector(H1)
POSITION Ar40 H1
setting detector H2 to PM41 (40.9624)
setting detector H1 to Ar40 (39.9624)
setting detector AX to Ar39 (38.9624)
setting detector L1 to Ar38 (37.9624)
setting detector L2 to Ar37 (36.9624)
setting detector CDD to Ar36 (35.9624)
Mapping mass to dac mass func: "parabolic"
H1 map mass coeffs = [-0.00063987  0.15840543  0.57242999]
H1 map mass to dac 39.9624 >> 5.88082
GetDeflection H1 ===>> 0
GetHighVoltage ===>> 4499.94659342336
positioning Ar40 (5.8807853684) on H1
setting magnet DAC
current  : 5.880785
requested: 5.880785
Delta Dac: 0.000000
Checking detector protection. dv=0.00000
Checking detector "CDD". Protection Threshold: 0.1 (V)
SetMagnetDAC 5.8807853684 ===>> OK
Magnet settling time: 0.500
equilibrate () {'delay': 3, 'inlet': 'R', 'outlet': 'O', 'eqtime': 12.0}
Equilibration Started
13:21:27 -- ******* Equilibration Started *******
checking ownership. requestor=129.138.12.150
check software interlocks O
interlocks []
actuate state mode=None-script, software_lock=False
doing actuation None-script close_channel True
Close O ===>> OK
GetIndicatorState O ===>> False
change switch state (True, True)
update switch state O False args=() kw={} ncanvase=8
13:21:27 -- CLOSE  VALVE-O (Jan Ion Pump)
waiting 3s before opening inlet value ('R',)
update labels <pychron.experiment.plot_panel.PlotPanel object at 0x20e3eead0>
update labels "<pychron.graph.stacked_regression_graph.StackedRegressionGraph object at 0x23af98590>"
setting label 0 H2 PM41
setting label 1 H1 Ar40
setting label 2 AX Ar39
setting label 3 L1 Ar38
setting label 4 L2 Ar37
setting label 5 CDD Ar36
update labels "<pychron.graph.stacked_graph.StackedGraph object at 0x23ff0c6b0>"
setting label 0 H2 PM41
setting label 1 H1 Ar40
setting label 2 AX Ar39
setting label 3 L1 Ar38
setting label 4 L2 Ar37
setting label 5 CDD Ar36
checking ownership. requestor=129.138.12.150
check software interlocks R
interlocks []
actuate state mode=None-script, software_lock=False
doing actuation None-script open_channel True
Open R ===>> OK
GetIndicatorState R ===>> OK
change switch state (True, True)
update switch state R True args=() kw={} ncanvase=8
13:21:31 -- OPEN   VALVE-R (Jan Inlet)
equilibrating for 12.0sec
set_time_zero () {}
sniff (12.0,) {}
py_sniff
build tables- sniff [Detector(H2), Detector(H1), Detector(AX), Detector(L1), Detector(L2), Detector(CDD)]
add group /sniff/PM41 (Group) '' table H2
add group /sniff/Ar40 (Group) '' table H1
add group /sniff/Ar39 (Group) '' table AX
add group /sniff/Ar38 (Group) '' table L1
add group /sniff/Ar37 (Group) '' table L2
add group /sniff/Ar36 (Group) '' table CDD
flush and close file /Users/jan/PychronDev/data/isotopes/5a/f962ab-5a03-4d54-b965-0d087d151e63.h5
measuring sniff. ncounts=12.0
"sniff" increment series count="1" fit count="0" regressing="False"
starting measurement
check iteration duration=4.60147857666e-05
GetData ===>> H2,0.225370611408962,H1,261.877091832101,AX,26.4572269836571,L1,0.110343609325536,L2,0.3166381758...
check iteration duration=2.88486480713e-05
GetData ===>> H2,1.11894025560455,H1,1249.14196162899,AX,120.719202434843,L1,0.939574361363389,L2,0.52006947591...
check iteration duration=4.10079956055e-05
GetData ===>> H2,0.563528503057455,H1,1669.11941484113,AX,156.262319292944,L1,1.61542846031253,L2,0.50001715725...
check iteration duration=4.60147857666e-05
GetData ===>> H2,0.361640206635423,H1,1805.86391849293,AX,166.512088275677,L1,2.02299626857676,L2,0.47797015946...
check iteration duration=1.90734863281e-05
GetData ===>> H2,0.273205175849677,H1,1857.33058542555,AX,170.226896992611,L1,2.24474083738622,L2,0.37402031843...
check iteration duration=4.19616699219e-05
GetData ===>> H2,0.255219725066233,H1,1878.55930550671,AX,171.817290546821,L1,2.39360549244795,L2,0.46460734851...
check iteration duration=4.00543212891e-05
GetData ===>> H2,0.154408408950004,H1,1887.03737735973,AX,172.233656101873,L1,2.45206465985422,L2,0.59906268153...
check iteration duration=4.48226928711e-05
GetData ===>> H2,0.151381143165024,H1,1891.28357225337,AX,172.434849768689,L1,2.50008959469348,L2,0.38389954178...
check iteration duration=4.19616699219e-05
GetData ===>> H2,0.123107917073957,H1,1892.51709964039,AX,172.697879410915,L1,2.53473043958165,L2,0.37032015472...
check iteration duration=1.8835067749e-05
GetData ===>> H2,0.182891210366526,H1,1892.93833850469,AX,172.784804442673,L1,2.52666765122565,L2,0.44417841139...
check iteration duration=1.81198120117e-05
GetData ===>> H2,0.165833528454174,H1,1892.85065912369,AX,172.697704258985,L1,2.54316045500383,L2,0.37644149052...
check iteration duration=4.29153442383e-05
GetData ===>> H2,0.197597033208147,H1,1892.95006509208,AX,172.58505049488,L1,2.57814538754721,L2,0.459593919552...
Equilibration Finished
13:21:43 -- ******* Equilibration Finished *******
checking ownership. requestor=129.138.12.150
check software interlocks R
interlocks []
actuate state mode=None-script, software_lock=False
doing actuation None-script close_channel True
Close R ===>> OK
GetIndicatorState R ===>> False
change switch state (True, True)
update switch state R False args=() kw={} ncanvase=8
13:21:44 -- CLOSE  VALVE-R (Jan Inlet)
Post Equilibration Started jan_pump_extraction_line.py
13:21:44 -- ******* Post Equilibration Started jan_pump_extraction_line.py *******
testing...
no interpolation path defined
calculate duration
testing...
no interpolation path defined
executed snippet estimated_duration=4.0, duration=0.000241041183472
executed snippet estimated_duration=4.0, duration=0.00170683860779
Pump after analysis
doing GOSUB
testing...
no interpolation path defined
executed snippet estimated_duration=4.0, duration=0.000118017196655
Pump Microbone
close () {'description': 'Jan Inlet'}
closing name=--- desc=Jan Inlet
checking ownership. requestor=129.138.12.150
check software interlocks R
interlocks []
actuate state mode=None-script, software_lock=False
doing actuation None-script close_channel False
check iteration duration=1.71661376953e-05
waiting for write to finish
measurement finished
estimated time: 12.583 actual time: :12.691
flush and close file /Users/jan/PychronDev/data/isotopes/5a/f962ab-5a03-4d54-b965-0d087d151e63.h5
set_fits () {}
using default fits file=/Users/jan/PychronDev/scripts/measurement/fits/nominal_linear.yaml
set "Ar40" to "('Linear', 'SEM')"
No fit for "PM41". defaulting to linear. check the measurement script "jan_unknown120_60.py"
set "PM41" to "linear"
set "Ar36" to "('Linear', 'SEM')"
set "Ar37" to "('linear', 'SEM')"
set "Ar38" to "('linear', 'SEM')"
set "Ar39" to "('Linear', 'SEM')"
set_baseline_fits () {}
using default fits file=/Users/jan/PychronDev/scripts/measurement/fits/nominal_linear.yaml
Close R ===>> OK
set "H1" to "('average', 'SEM')"
set "H2" to "('average', 'SEM')"
set "CDD" to "('average', 'SEM')"
set "L2" to "('average', 'SEM')"
set "L1" to "('average', 'SEM')"
set "AX" to "('average', 'SEM')"
multicollect () {'integration_time': 1, 'ncounts': 120}
build tables- signal [Detector(H2), Detector(H1), Detector(AX), Detector(L1), Detector(L2), Detector(CDD)]
add group /signal/PM41 (Group) '' table H2
add group /signal/Ar40 (Group) '' table H1
add group /signal/Ar39 (Group) '' table AX
add group /signal/Ar38 (Group) '' table L1
add group /signal/Ar37 (Group) '' table L2
add group /signal/Ar36 (Group) '' table CDD
flush and close file /Users/jan/PychronDev/data/isotopes/5a/f962ab-5a03-4d54-b965-0d087d151e63.h5
measuring signal. ncounts=120
GetIndicatorState R ===>> False
change switch state (True, True)
update switch state R False args=() kw={} ncanvase=8
13:21:44 -- CLOSE  VALVE-R (Jan Inlet)
---------------------------------------- close None (Jan Inlet) result=[(True, True)]
action=close, ok=True, locked=[False]
is_closed ('F',) {}
is F () closed?
is closed True
open () {'description': 'CO2 Laser to Jan'}
opening name=--- desc=CO2 Laser to Jan
checking ownership. requestor=129.138.12.150
check software interlocks A
interlocks []
actuate state mode=None-script, software_lock=False
doing actuation None-script open_channel False
Open A ===>> OK
"signal" increment series count="2" fit count="1" regressing="True"
GetIndicatorState A ===>> OK
change switch state (True, True)
update switch state A True args=() kw={} ncanvase=8
13:21:44 -- OPEN   VALVE-A (CO2 Laser to Jan)
---------------------------------------- open None (CO2 Laser to Jan) result=[(True, True)], time=0.13 sec
starting measurement
check iteration duration=6.69956207275e-05
GetData ===>> H2,0.250509175787119,H1,1893.13354868706,AX,172.652214200333,L1,2.55302982215539,L2,0.44732982483...
action=open, ok=True, locked=[False]
sleep (1,) {}
SLEEP 1.0
check iteration duration=8.89301300049e-05
GetData ===>> H2,0.379652446250375,H1,1892.79053079846,AX,172.742526705627,L1,2.58716995292061,L2,0.47615407837...
close () {'description': 'CO2 Laser to Roughing'}
closing name=--- desc=CO2 Laser to Roughing
checking ownership. requestor=129.138.12.150
check software interlocks G
interlocks []
actuate state mode=None-script, software_lock=True
VALVE-G(CO2 Laser to Roughing) software locked
change switch state (True, False)
---------------------------------------- close None (CO2 Laser to Roughing) result=[(True, False)]
action=close, ok=True, locked=[True]
open () {'description': 'Microbone to Turbo'}
opening name=--- desc=Microbone to Turbo
checking ownership. requestor=129.138.12.150
check software interlocks U
interlocks []
actuate state mode=None-script, software_lock=False
doing actuation None-script open_channel True
Open U ===>> OK
GetIndicatorState U ===>> OK
change switch state (True, True)
update switch state U True args=() kw={} ncanvase=8
13:21:46 -- OPEN   VALVE-U (Microbone to Turbo)
---------------------------------------- open None (Microbone to Turbo) result=[(True, True)], time=0.17 sec
action=open, ok=True, locked=[False]
open () {'description': 'Microbone to Getter NP-10'}
opening name=--- desc=Microbone to Getter NP-10
checking ownership. requestor=129.138.12.150
check software interlocks M
interlocks []
actuate state mode=None-script, software_lock=False
doing actuation None-script open_channel False
Open M ===>> OK
GetIndicatorState M ===>> OK
change switch state (True, True)
update switch state M True args=() kw={} ncanvase=8
13:21:46 -- OPEN   VALVE-M (Microbone to Getter NP-10)
---------------------------------------- open None (Microbone to Getter NP-10) result=[(True, True)], time=0.16 sec
action=open, ok=True, locked=[False]
open () {'description': 'Microbone to Getter D-50'}
opening name=--- desc=Microbone to Getter D-50
checking ownership. requestor=129.138.12.150
check software interlocks K
interlocks []
actuate state mode=None-script, software_lock=False
doing actuation None-script open_channel False
check iteration duration=4.38690185547e-05
GetData ===>> H2,0.127289379025504,H1,1892.19978119537,AX,172.717344209649,L1,2.58273258838059,L2,0.44951075492...
Open K ===>> OK
GetIndicatorState K ===>> OK
change switch state (True, True)
update switch state K True args=() kw={} ncanvase=8
13:21:47 -- OPEN   VALVE-K (Microbone to Getter D-50)
---------------------------------------- open None (Microbone to Getter D-50) result=[(True, True)], time=0.45 sec
action=open, ok=True, locked=[False]
open () {'description': 'Microbone to CO2 Laser'}
opening name=--- desc=Microbone to CO2 Laser
checking ownership. requestor=129.138.12.150
check software interlocks T
interlocks []
actuate state mode=None-script, software_lock=False
doing actuation None-script open_channel False
Open T ===>> OK
GetIndicatorState T ===>> OK
change switch state (True, True)
update switch state T True args=() kw={} ncanvase=8
check iteration duration=7.5101852417e-05
GetData ===>> H2,0.030383021186402,H1,1890.81010374346,AX,172.269926640574,L1,2.56095082711949,L2,0.27795374163...
13:21:48 -- OPEN   VALVE-T (Microbone to CO2 Laser)
---------------------------------------- open None (Microbone to CO2 Laser) result=[(True, True)], time=0.45 sec
action=open, ok=True, locked=[False]
open () {'description': 'Microbone to Inlet Pipette'}
opening name=--- desc=Microbone to Inlet Pipette
checking ownership. requestor=129.138.12.150
check software interlocks S
interlocks []
actuate state mode=None-script, software_lock=False
doing actuation None-script open_channel False
Open S ===>> OK
GetIndicatorState S ===>> OK
change switch state (True, True)
update switch state S True args=() kw={} ncanvase=8
13:21:48 -- OPEN   VALVE-S (Microbone to Inlet Pipette)
---------------------------------------- open None (Microbone to Inlet Pipette) result=[(True, True)], time=0.44 sec
action=open, ok=True, locked=[False]
sleep (1,) {}
SLEEP 1.0
testing H1>-5.0
evaluate ot="H1.bs>-5.0" t="H1>-5.0", ctx="{'H1': None}"
check iteration duration=0.000856876373291
GetData ===>> H2,-0.057351522142608,H1,1889.91337181928,AX,172.253266226082,L1,2.54515404293324,L2,0.3919978381...
set_resource () {'name': 'CO2PumpTimeFlag', 'value': 30}
Set CO2PumpTimeFlag 30 ===>> OK
release ('JanCO2Flag',) {}
release JanCO2Flag
Set JanCO2Flag 0 ===>> OK
executed snippet estimated_duration=6.0, duration=6.07023000717
PumpMicrobone.py completed successfully
gosub finished
get_resource_value () {'name': 'JanMiniboneFlag'}
Read JanMiniboneFlag ===>> 0
Get Resource Value JanMiniboneFlag=0.0
get resource value 0.0
get_resource_value () {'name': 'JanMiniboneFlag'}
Read JanMiniboneFlag ===>> 0
Get Resource Value JanMiniboneFlag=0.0
executed snippet estimated_duration=4.0, duration=6.08143901825
jan_pump_extraction_line.py completed successfully
Post Equilibration Finished
13:21:50 -- ******* Post Equilibration Finished *******
check iteration duration=3.69548797607e-05
GetData ===>> H2,-0.157444859143882,H1,1889.44632316373,AX,172.42736912197,L1,2.51753130228776,L2,0.43747065521...
check iteration duration=6.79492950439e-05
GetData ===>> H2,-0.0356966589160623,H1,1889.0220251378,AX,172.252304253598,L1,2.530213733683,L2,0.398623187417...
check iteration duration=8.10623168945e-05
GetData ===>> H2,0.0209002167330811,H1,1887.91437852497,AX,172.024942820848,L1,2.49575439789713,L2,0.3374018400...
check iteration duration=8.20159912109e-05
GetData ===>> H2,-0.00839241949069558,H1,1887.3966700678,AX,172.160465423662,L1,2.47383776443462,L2,0.420010198...
testing H1>-5.0
evaluate ot="H1.bs>-5.0" t="H1>-5.0", ctx="{'H1': None}"
check iteration duration=0.000591039657593
GetData ===>> H2,-0.0748684450560936,H1,1886.7966170585,AX,171.888450753253,L1,2.48119961790111,L2,0.4188790350...
check iteration duration=8.89301300049e-05
GetData ===>> H2,-0.117393504012843,H1,1886.22653322679,AX,171.929539492818,L1,2.49306617083215,L2,0.3942138522...
check iteration duration=4.00543212891e-05
GetData ===>> H2,-0.103508540709145,H1,1885.70656570894,AX,171.97704002849,L1,2.48253518003574,L2,0.47144841822...
check iteration duration=5.79357147217e-05
GetData ===>> H2,-0.144634910693695,H1,1884.61231938887,AX,171.590690621005,L1,2.48157965081159,L2,0.3352099709...
check iteration duration=9.48905944824e-05
GetData ===>> H2,-0.0974395602948639,H1,1883.42028308985,AX,171.650367753522,L1,2.48619631825856,L2,0.401901762...
testing H1>-5.0
evaluate ot="H1.bs>-5.0" t="H1>-5.0", ctx="{'H1': None}"
check iteration duration=0.00148987770081
GetData ===>> H2,-0.160471684623858,H1,1883.37659349937,AX,171.650193159212,L1,2.48831050465083,L2,0.3289086265...
check iteration duration=6.38961791992e-05
GetData ===>> H2,-0.181508205942216,H1,1882.79458366096,AX,171.72914858794,L1,2.49056670172921,L2,0.35093089200...
check iteration duration=5.00679016113e-05
GetData ===>> H2,-0.167648552745712,H1,1881.47471436488,AX,171.653772375845,L1,2.51467458333782,L2,0.3892450259...
check iteration duration=9.20295715332e-05
GetData ===>> H2,-0.0949151664125658,H1,1880.22069012993,AX,171.481233022105,L1,2.49051005529279,L2,0.441664838...
check iteration duration=6.98566436768e-05
GetData ===>> H2,-0.0523889201704043,H1,1879.74657560423,AX,171.505994913466,L1,2.50972736318532,L2,0.318578514...
testing H1>-5.0
evaluate ot="H1.bs>-5.0" t="H1>-5.0", ctx="{'H1': None}"
check iteration duration=0.000588178634644
GetData ===>> H2,0.00296672921817403,H1,1879.80254612452,AX,171.370358627406,L1,2.50989069439384,L2,0.294212994...
check iteration duration=8.51154327393e-05
GetData ===>> H2,-0.0136787358164764,H1,1878.2896619969,AX,171.374023245067,L1,2.47833630530288,L2,0.3921234870...
check iteration duration=3.69548797607e-05
GetData ===>> H2,-0.0322762387014524,H1,1877.59711354948,AX,171.296383944985,L1,2.49448179692336,L2,0.434442272...
check iteration duration=6.38961791992e-05
GetData ===>> H2,-0.0874571916783465,H1,1877.06479481652,AX,171.058166090652,L1,2.49988864219056,L2,0.469952249...
check iteration duration=4.00543212891e-05
GetData ===>> H2,-0.0694327702301227,H1,1876.0127522061,AX,171.155453189515,L1,2.4519502085552,L2,0.26983085404...
testing H1>-5.0
evaluate ot="H1.bs>-5.0" t="H1>-5.0", ctx="{'H1': None}"
check iteration duration=0.000591993331909
13:22:10 -- collecting point 25
GetData ===>> H2,-0.0855505372403308,H1,1875.61089193986,AX,170.946420965647,L1,2.46355518516127,L2,0.299804533...
check iteration duration=9.20295715332e-05
GetData ===>> H2,-0.100152929209583,H1,1875.25146749398,AX,170.89769651863,L1,2.47632635608411,L2,0.39938855900...
check iteration duration=6.48498535156e-05
GetData ===>> H2,-0.0836137640150765,H1,1874.31120420457,AX,171.120252165004,L1,2.45411690111962,L2,0.482082168...
check iteration duration=4.10079956055e-05
GetData ===>> H2,-0.0831356146779971,H1,1873.52667641577,AX,170.925661503402,L1,2.46812271850566,L2,0.269853670...
check iteration duration=6.29425048828e-05
GetData ===>> H2,-0.104284021092372,H1,1872.58381143065,AX,170.617402060131,L1,2.48639989937515,L2,0.3882855580...
testing H1>-5.0
evaluate ot="H1.bs>-5.0" t="H1>-5.0", ctx="{'H1': None}"
check iteration duration=0.000584125518799
GetData ===>> H2,-0.0260709672916936,H1,1871.90292089814,AX,170.636035867102,L1,2.46829381798666,L2,0.436087872...
check iteration duration=4.10079956055e-05
GetData ===>> H2,-0.0510698988720242,H1,1870.56804988669,AX,170.535118226822,L1,2.48800036329853,L2,0.474623571...
check iteration duration=8.58306884766e-05
GetData ===>> H2,-0.0580011942424505,H1,1870.29093281102,AX,170.516041523674,L1,2.49964453690173,L2,0.289534610...
check iteration duration=0.000101089477539
GetData ===>> H2,0.000732985777365496,H1,1869.42094916634,AX,170.588606118618,L1,2.4511935126744,L2,0.366049155...
check iteration duration=5.50746917725e-05
GetData ===>> H2,-0.0803218471856911,H1,1868.91936730606,AX,170.397323173757,L1,2.46652366982324,L2,0.292273149...
testing H1>-5.0
evaluate ot="H1.bs>-5.0" t="H1>-5.0", ctx="{'H1': None}"
check iteration duration=0.00126791000366
GetData ===>> H2,-0.167137034098915,H1,1868.82248915202,AX,170.51031707541,L1,2.4879747433061,L2,0.367716421455...
check iteration duration=7.5101852417e-05
GetData ===>> H2,-0.0437582157080231,H1,1867.39447131608,AX,170.383206571134,L1,2.5010579930103,L2,0.3610246947...
check iteration duration=5.91278076172e-05
GetData ===>> H2,0.0193300183318889,H1,1866.69429380327,AX,170.345999815949,L1,2.45704045211297,L2,0.3947050375...
check iteration duration=6.103515625e-05
GetData ===>> H2,-0.000499940360089401,H1,1866.38871659965,AX,170.209938341372,L1,2.45775111460776,L2,0.4569788...
check iteration duration=7.00950622559e-05
GetData ===>> H2,-0.0104724402580583,H1,1865.46782031255,AX,169.964249672872,L1,2.45743481043965,L2,0.277406109...
testing H1>-5.0
evaluate ot="H1.bs>-5.0" t="H1>-5.0", ctx="{'H1': None}"
check iteration duration=0.000947952270508
GetData ===>> H2,-0.0640349984435688,H1,1864.48163580721,AX,170.076409685952,L1,2.43120879586939,L2,0.367316731...
check iteration duration=3.69548797607e-05
GetData ===>> H2,-0.0789411260106755,H1,1863.14613785395,AX,169.994635591965,L1,2.4466449807041,L2,0.4201930138...
check iteration duration=7.08103179932e-05
GetData ===>> H2,-0.133550627225907,H1,1862.70257912292,AX,170.000871123369,L1,2.47379328345881,L2,0.3912096804...
check iteration duration=6.60419464111e-05
GetData ===>> H2,0.0389702007369334,H1,1862.24626314523,AX,170.010235684351,L1,2.50842214799154,L2,0.3851673540...
check iteration duration=8.29696655273e-05
GetData ===>> H2,0.0520752493764294,H1,1861.13118261677,AX,170.026880151424,L1,2.45242283258853,L2,0.4185933898...
testing H1>-5.0
evaluate ot="H1.bs>-5.0" t="H1>-5.0", ctx="{'H1': None}"
check iteration duration=0.000591039657593
GetData ===>> H2,-0.0119024044697084,H1,1860.47416078585,AX,169.901233052528,L1,2.421537035393,L2,0.48266471713...
check iteration duration=8.58306884766e-05
GetData ===>> H2,-0.130955070027957,H1,1860.31450164083,AX,169.595268018047,L1,2.41783349351902,L2,0.3531002847...
check iteration duration=8.79764556885e-05
GetData ===>> H2,0.0148538409057463,H1,1858.92264967563,AX,169.546705408048,L1,2.40668545222173,L2,0.3461926522...
check iteration duration=8.70227813721e-05
GetData ===>> H2,-0.000850627102655309,H1,1858.82029774476,AX,169.722181465452,L1,2.39204094143647,L2,0.3416030...
check iteration duration=8.39233398438e-05
GetData ===>> H2,0.10097879675885,H1,1857.99341124434,AX,169.692672080082,L1,2.44822780739875,L2,0.377332314518...
testing H1>-5.0
evaluate ot="H1.bs>-5.0" t="H1>-5.0", ctx="{'H1': None}"
check iteration duration=0.00068211555481
13:22:36 -- collecting point 50
GetData ===>> H2,0.00963248987369376,H1,1857.32948174355,AX,169.346076143586,L1,2.43722260228748,L2,0.330518169...
check iteration duration=8.51154327393e-05
GetData ===>> H2,-0.0755597515602865,H1,1856.59833633738,AX,169.515929018721,L1,2.39521027695987,L2,0.373300830...
check iteration duration=8.51154327393e-05
GetData ===>> H2,-0.121917182005504,H1,1856.10741328529,AX,169.499414356289,L1,2.37965978185508,L2,0.3585810747...
check iteration duration=8.51154327393e-05
GetData ===>> H2,-0.133393747454073,H1,1855.89376159481,AX,169.331477317517,L1,2.40400158324328,L2,0.5057067908...
check iteration duration=4.41074371338e-05
GetData ===>> H2,-0.0668353662232639,H1,1854.37549607111,AX,169.424498701364,L1,2.43961781003666,L2,0.435745036...
testing H1>-5.0
evaluate ot="H1.bs>-5.0" t="H1>-5.0", ctx="{'H1': None}"
check iteration duration=0.00090503692627
GetData ===>> H2,-0.093941283062777,H1,1853.56029410275,AX,169.176490966843,L1,2.48092201327802,L2,0.3012309984...
check iteration duration=6.103515625e-05
GetData ===>> H2,-0.170042530901681,H1,1853.48183272699,AX,168.955161290582,L1,2.45176708888871,L2,0.2701959128...
check iteration duration=3.69548797607e-05
GetData ===>> H2,-0.0895069595823036,H1,1852.73289793857,AX,169.317335143539,L1,2.42778178813898,L2,0.365089920...
check iteration duration=4.00543212891e-05
GetData ===>> H2,-0.164909836784333,H1,1852.29492765199,AX,169.333147554789,L1,2.42154509958291,L2,0.3692124174...
check iteration duration=8.89301300049e-05
GetData ===>> H2,-0.0629640621978429,H1,1851.15638216716,AX,169.025792648052,L1,2.47137944201868,L2,0.350028895...
testing H1>-5.0
evaluate ot="H1.bs>-5.0" t="H1>-5.0", ctx="{'H1': None}"
check iteration duration=0.00112104415894
GetData ===>> H2,-0.00151477584273911,H1,1850.45706565507,AX,168.992695006034,L1,2.45241744644828,L2,0.39607580...
check iteration duration=6.19888305664e-05
GetData ===>> H2,-0.0972147711365717,H1,1849.92069718456,AX,169.053715081276,L1,2.42260559077946,L2,0.293288710...
check iteration duration=3.69548797607e-05
GetData ===>> H2,-0.094204063702991,H1,1849.02752238064,AX,168.782385281109,L1,2.39500225794199,L2,0.3725356676...
check iteration duration=8.29696655273e-05
GetData ===>> H2,-0.0185700318471289,H1,1848.2747273424,AX,168.720256415195,L1,2.42300481291252,L2,0.4100358542...
check iteration duration=7.89165496826e-05
GetData ===>> H2,-0.0922804772526896,H1,1846.85186767497,AX,168.637765611474,L1,2.40465301423392,L2,0.416445365...
testing H1>-5.0
evaluate ot="H1.bs>-5.0" t="H1>-5.0", ctx="{'H1': None}"
check iteration duration=0.000566959381104
GetData ===>> H2,-0.146318233451609,H1,1846.33153256519,AX,168.744377823053,L1,2.37263906129771,L2,0.4516803157...
check iteration duration=8.60691070557e-05
GetData ===>> H2,-0.00951948435215326,H1,1846.2693248636,AX,168.384372556671,L1,2.40278747007566,L2,0.403226932...
check iteration duration=6.48498535156e-05
GetData ===>> H2,-0.0161015482413705,H1,1845.59190275717,AX,168.252891220501,L1,2.43837912427774,L2,0.399354288...
check iteration duration=9.3936920166e-05
GetData ===>> H2,-0.125618384832312,H1,1844.98910948243,AX,168.473394831264,L1,2.44748078246514,L2,0.3927403113...
check iteration duration=4.10079956055e-05
GetData ===>> H2,-0.0183241584312649,H1,1844.05776091501,AX,168.222180760777,L1,2.43394388575693,L2,0.347870989...
testing H1>-5.0
evaluate ot="H1.bs>-5.0" t="H1>-5.0", ctx="{'H1': None}"
check iteration duration=0.000582218170166
GetData ===>> H2,-0.0505582620380167,H1,1843.13808401173,AX,168.347339685488,L1,2.4444097504658,L2,0.4231523888...
check iteration duration=4.10079956055e-05
GetData ===>> H2,-0.0290993118135785,H1,1842.22699125725,AX,168.248781773278,L1,2.46535719402658,L2,0.439687720...
check iteration duration=6.19888305664e-05
GetData ===>> H2,-0.0959146984266294,H1,1842.60197964982,AX,168.047863444021,L1,2.46198909841858,L2,0.385430055...
check iteration duration=9.29832458496e-05
GetData ===>> H2,-0.208723362435124,H1,1842.44875614003,AX,168.286657097179,L1,2.42551472477313,L2,0.4366592677...
check iteration duration=7.89165496826e-05
GetData ===>> H2,-0.175051529796802,H1,1840.65914447948,AX,168.078019583076,L1,2.40185951378633,L2,0.3861953221...
testing H1>-5.0
evaluate ot="H1.bs>-5.0" t="H1>-5.0", ctx="{'H1': None}"
check iteration duration=0.000883102416992
13:23:02 -- collecting point 75
GetData ===>> H2,-0.0748128676106536,H1,1840.1276053221,AX,168.102018372954,L1,2.41954266944205,L2,0.3515474512...
check iteration duration=3.31401824951e-05
GetData ===>> H2,-0.0230200716252828,H1,1838.87787561882,AX,167.994761918415,L1,2.42445396009998,L2,0.374271569...
check iteration duration=7.39097595215e-05
GetData ===>> H2,-0.0837248326548579,H1,1838.16562396606,AX,167.92866047129,L1,2.40181251369155,L2,0.2972940060...
check iteration duration=9.79900360107e-05
GetData ===>> H2,0.0485388911156741,H1,1837.49868930072,AX,167.877576123304,L1,2.40147411879463,L2,0.3625434244...
check iteration duration=7.39097595215e-05
GetData ===>> H2,0.0307166346953044,H1,1836.19493297278,AX,167.840287588628,L1,2.41340733086769,L2,0.3871433470...
testing H1>-5.0
evaluate ot="H1.bs>-5.0" t="H1>-5.0", ctx="{'H1': None}"
check iteration duration=0.000817060470581
GetData ===>> H2,0.0393831036480138,H1,1835.9801762454,AX,167.631960339097,L1,2.42089595074079,L2,0.40379813223...
check iteration duration=8.29696655273e-05
GetData ===>> H2,0.0225724406592073,H1,1835.08853877069,AX,167.527008173889,L1,2.42198057439875,L2,0.3813982317...
check iteration duration=8.20159912109e-05
GetData ===>> H2,-0.0738639425009386,H1,1835.25864515022,AX,167.48759548653,L1,2.42277361184106,L2,0.3536940219...
check iteration duration=8.70227813721e-05
GetData ===>> H2,-0.0825721040977657,H1,1833.83795154355,AX,167.354784685307,L1,2.40591031532863,L2,0.403375444...
check iteration duration=8.58306884766e-05
GetData ===>> H2,-0.0686285199838052,H1,1833.50293296635,AX,167.531044897185,L1,2.39976350009682,L2,0.437916349...
testing H1>-5.0
evaluate ot="H1.bs>-5.0" t="H1>-5.0", ctx="{'H1': None}"
check iteration duration=0.000583171844482
GetData ===>> H2,-0.0378198173813825,H1,1832.20334890711,AX,167.072846694984,L1,2.41636907553053,L2,0.372809755...
check iteration duration=7.9870223999e-05
GetData ===>> H2,-0.0448594898401872,H1,1831.64823888426,AX,167.437856229187,L1,2.44020962971065,L2,0.415816962...
check iteration duration=8.39233398438e-05
GetData ===>> H2,-0.0331059784065733,H1,1831.48984114549,AX,167.339854005045,L1,2.40787177010899,L2,0.387337521...
check iteration duration=3.79085540771e-05
GetData ===>> H2,-0.0621262215643803,H1,1830.36178109031,AX,167.156130679957,L1,2.37579320795507,L2,0.250780680...
check iteration duration=8.08238983154e-05
GetData ===>> H2,-0.0224516840744712,H1,1829.70270502106,AX,167.201205826402,L1,2.43948330989171,L2,0.437802068...
testing H1>-5.0
evaluate ot="H1.bs>-5.0" t="H1>-5.0", ctx="{'H1': None}"
check iteration duration=0.000592947006226
GetData ===>> H2,-0.0504809038052707,H1,1829.32500179402,AX,167.232182451376,L1,2.47770714740006,L2,0.411555360...
check iteration duration=9.20295715332e-05
GetData ===>> H2,-0.0842517166658079,H1,1828.36495920335,AX,167.031359149662,L1,2.4252001149615,L2,0.3057273556...
check iteration duration=8.48770141602e-05
GetData ===>> H2,-0.0292677559901664,H1,1827.72678613095,AX,167.071337890228,L1,2.42108948189107,L2,0.311365218...
check iteration duration=4.19616699219e-05
GetData ===>> H2,-0.133078628944299,H1,1827.05657817724,AX,166.922107100822,L1,2.42761503723625,L2,0.3698861942...
check iteration duration=4.10079956055e-05
GetData ===>> H2,-0.177396279587384,H1,1826.3249466115,AX,166.91407005975,L1,2.42475913819657,L2,0.360510844226...
testing H1>-5.0
evaluate ot="H1.bs>-5.0" t="H1>-5.0", ctx="{'H1': None}"
check iteration duration=0.00070595741272
GetData ===>> H2,-0.0182738963621619,H1,1825.82296619475,AX,166.96755650258,L1,2.42027774847584,L2,0.3881256477...
check iteration duration=4.41074371338e-05
GetData ===>> H2,-0.080282555180986,H1,1825.45420193675,AX,166.838823629011,L1,2.41904278931015,L2,0.3934370991...
check iteration duration=3.19480895996e-05
GetData ===>> H2,-0.038083148334628,H1,1824.51797098122,AX,166.756304214787,L1,2.44283687652891,L2,0.3146978764...
check iteration duration=0.000123977661133
GetData ===>> H2,-0.0582100579811037,H1,1823.80634695356,AX,166.737717209297,L1,2.45126891070191,L2,0.344023415...
check iteration duration=5.60283660889e-05
GetData ===>> H2,-0.0926272887237464,H1,1823.96486272565,AX,166.634065716731,L1,2.42498634663342,L2,0.384459204...
testing H1>-5.0
evaluate ot="H1.bs>-5.0" t="H1>-5.0", ctx="{'H1': None}"
check iteration duration=0.000968933105469
13:23:29 -- collecting point 100
GetData ===>> H2,-0.120564596391327,H1,1822.78747541028,AX,166.685584723019,L1,2.39479012966479,L2,0.4183420227...
check iteration duration=9.20295715332e-05
GetData ===>> H2,-0.12786123756379,H1,1821.7477459257,AX,166.815071542072,L1,2.37495915731093,L2,0.382745961458...
check iteration duration=8.79764556885e-05
GetData ===>> H2,-0.0880203357244602,H1,1820.81215592273,AX,166.529865245278,L1,2.39052762971714,L2,0.469666723...
check iteration duration=9.79900360107e-05
GetData ===>> H2,-0.0407799041987825,H1,1820.60684814153,AX,166.426560843876,L1,2.37349511971698,L2,0.302337950...
check iteration duration=8.79764556885e-05
GetData ===>> H2,-0.0991930339281709,H1,1819.5338871867,AX,166.350498258557,L1,2.37428012078267,L2,0.3367739557...
testing H1>-5.0
evaluate ot="H1.bs>-5.0" t="H1>-5.0", ctx="{'H1': None}"
check iteration duration=0.000592231750488
GetData ===>> H2,-0.0437012348216868,H1,1818.85933072885,AX,166.19275805311,L1,2.35087067859594,L2,0.3970467696...
check iteration duration=4.00543212891e-05
GetData ===>> H2,-0.112904569712008,H1,1818.30410664284,AX,166.119936355154,L1,2.3449279494904,L2,0.40112494704...
check iteration duration=9.48905944824e-05
GetData ===>> H2,-0.119379598963681,H1,1817.23008672847,AX,166.057653145941,L1,2.43655294953335,L2,0.4094303433...
check iteration duration=8.48770141602e-05
GetData ===>> H2,-0.0344149702627901,H1,1816.50543112467,AX,166.257670891401,L1,2.43302359461161,L2,0.355132707...
check iteration duration=3.81469726562e-05
GetData ===>> H2,-0.00117276007979952,H1,1816.17614226686,AX,165.940217466987,L1,2.42761369248093,L2,0.36410785...
testing H1>-5.0
evaluate ot="H1.bs>-5.0" t="H1>-5.0", ctx="{'H1': None}"
check iteration duration=0.000532865524292
GetData ===>> H2,-0.0910218420583865,H1,1815.08450533674,AX,166.054535728032,L1,2.41479604565498,L2,0.372501406...
check iteration duration=4.50611114502e-05
GetData ===>> H2,-0.0286143416953698,H1,1814.29827945954,AX,166.034370560653,L1,2.39143935218694,L2,0.454489399...
check iteration duration=9.01222229004e-05
GetData ===>> H2,-0.000816646300648544,H1,1814.0682900081,AX,165.805833206483,L1,2.37323883207738,L2,0.42284387...
check iteration duration=7.00950622559e-05
GetData ===>> H2,-0.0415764583127355,H1,1813.38171068138,AX,165.882234533785,L1,2.39815919182858,L2,0.279208743...
check iteration duration=8.51154327393e-05
GetData ===>> H2,-0.0547416096746511,H1,1812.6890507914,AX,165.939143188995,L1,2.41824463954125,L2,0.4615353074...
testing H1>-5.0
evaluate ot="H1.bs>-5.0" t="H1>-5.0", ctx="{'H1': None}"
check iteration duration=0.00123405456543
GetData ===>> H2,-0.109238486049115,H1,1811.83988627321,AX,165.552239308549,L1,2.40868197739031,L2,0.4842753117...
check iteration duration=3.60012054443e-05
GetData ===>> H2,-0.145161820284082,H1,1810.98896706934,AX,165.475920654805,L1,2.40810421168157,L2,0.4356536138...
check iteration duration=8.29696655273e-05
GetData ===>> H2,-0.0611690012839494,H1,1810.30803247764,AX,165.734982519312,L1,2.38238448197069,L2,0.296198523...
check iteration duration=3.60012054443e-05
GetData ===>> H2,-0.122536612413255,H1,1809.86989899346,AX,165.507581911192,L1,2.38052635549492,L2,0.3953789936...
check iteration duration=3.40938568115e-05
GetData ===>> H2,-0.064190885824105,H1,1809.30011395941,AX,165.369129128343,L1,2.3919026267786,L2,0.44975054607...
testing H1>-5.0
evaluate ot="H1.bs>-5.0" t="H1>-5.0", ctx="{'H1': None}"
check iteration duration=0.000581026077271
GetData ===>> H2,-0.124758439485008,H1,1808.61395254995,AX,165.211746665342,L1,2.39626519380568,L2,0.3859326181...
check iteration duration=1.50203704834e-05
waiting for write to finish
measurement finished
estimated time: 125.829 actual time: :126.462
flush and close file /Users/jan/PychronDev/data/isotopes/5a/f962ab-5a03-4d54-b965-0d087d151e63.h5
baselines () {'settling_time': 15.0, 'detector': 'H1', 'mass': 34.2, 'ncounts': 60}
%%%%%%%%%%%%%%%%%%%%%%%%%%%%%%%% Baseline
build tables- baseline [Detector(H2), Detector(H1), Detector(AX), Detector(L1), Detector(L2), Detector(CDD)]
add group baseline table H2
add group baseline table H1
add group baseline table AX
add group baseline table L1
add group baseline table L2
add group baseline table CDD
flush and close file /Users/jan/PychronDev/data/isotopes/5a/f962ab-5a03-4d54-b965-0d087d151e63.h5
detector Detector(H1)
POSITION 34.2 H1
Mapping mass to dac mass func: "parabolic"
H1 map mass coeffs = [-0.00063987  0.15840543  0.57242999]
H1 map mass to dac 34.2 >> 5.24147599104
GetDeflection H1 ===>> 0
GetHighVoltage ===>> 4499.94659342336
positioning 34.2 (5.24144512448) on H1
setting magnet DAC
current  : 5.880785
requested: 5.241445
Delta Dac: 0.639340
Checking detector protection. dv=0.63934
Checking detector "CDD". Protection Threshold: 0.1 (V)
ProtectDetector CDD,On ===>> OK
GetDeflection CDD ===>> 2000
Protected = 2000
SetMagnetDAC 5.24144512448 ===>> OK
Magnet settling time: 0.500
GetMagnetMoving ===>> True
GetMagnetMoving ===>> True
GetMagnetMoving ===>> True
GetMagnetMoving ===>> True
GetMagnetMoving ===>> True
GetMagnetMoving ===>> True
GetMagnetMoving ===>> True
GetMagnetMoving ===>> True
GetMagnetMoving ===>> False
ProtectDetector CDD,Off ===>> OK
GetDeflection CDD ===>> 50
Delaying 15.0s for detectors to settle
Join finished
measuring baseline. ncounts=60
"baseline" increment series count="2" fit count="1" regressing="True"
starting measurement
check iteration duration=7.9870223999e-05
GetData ===>> H2,-0.181885991024375,H1,-0.122849182549411,AX,-0.124106781526795,L1,-0.0519848635487213,L2,0.035...
check iteration duration=4.19616699219e-05
GetData ===>> H2,-0.199528375012553,H1,-0.0762210602998302,AX,-0.0961225807368728,L1,-0.0561034215274789,L2,0.0...
check iteration duration=8.20159912109e-05
GetData ===>> H2,-0.257236632885493,H1,-0.0400626786546397,AX,-0.0434348247643598,L1,-0.0455226667956588,L2,-0....
check iteration duration=7.39097595215e-05
GetData ===>> H2,-0.177527204095829,H1,-0.0364616233477165,AX,-0.157457791472738,L1,-0.0689665578226688,L2,0.01...
testing H1>-5.0
evaluate ot="H1.bs>-5.0" t="H1>-5.0", ctx="{'H1': None}"
check iteration duration=0.000619888305664
GetData ===>> H2,-0.117365090052179,H1,0.0128333923544278,AX,-0.0273503922942616,L1,-0.0773108685497157,L2,0.03...
check iteration duration=8.41617584229e-05
GetData ===>> H2,-0.0760965017540693,H1,-0.0795107887873623,AX,-0.0962616525675075,L1,-0.0231429059181697,L2,-5...
check iteration duration=8.32080841064e-05
GetData ===>> H2,-0.159040087468463,H1,-0.0239046122776586,AX,-0.0852280029382055,L1,-0.0302168254390696,L2,-0....
check iteration duration=8.10623168945e-05
GetData ===>> H2,-0.218552634861659,H1,-0.0904996049326588,AX,-0.113898985004578,L1,-0.039975026665639,L2,0.031...
check iteration duration=8.60691070557e-05
GetData ===>> H2,-0.173948506078934,H1,-0.0266951953342918,AX,-0.136646053845515,L1,-0.0387005407971151,L2,-0.0...
testing H1>-5.0
evaluate ot="H1.bs>-5.0" t="H1>-5.0", ctx="{'H1': None}"
check iteration duration=0.000855922698975
GetData ===>> H2,-0.183224328167054,H1,-0.0639074570707663,AX,-0.0784008851283655,L1,-0.06277450010867,L2,-0.01...
check iteration duration=3.2901763916e-05
GetData ===>> H2,-0.173808088987145,H1,-0.0436755277738008,AX,-0.0778329029796754,L1,-0.0425618318174576,L2,-0....
check iteration duration=4.60147857666e-05
GetData ===>> H2,-0.195266290096749,H1,0.0519956809935664,AX,-0.162755667591659,L1,-0.0565463030975192,L2,0.049...
check iteration duration=7.70092010498e-05
GetData ===>> H2,-0.190564829277517,H1,-0.0320853320585844,AX,-0.166094224660044,L1,-0.0552535129993055,L2,0.04...
check iteration duration=8.01086425781e-05
GetData ===>> H2,-0.123174942010841,H1,-0.0177865233043971,AX,-0.120630921140108,L1,-0.00992402858670167,L2,-0....
testing H1>-5.0
evaluate ot="H1.bs>-5.0" t="H1>-5.0", ctx="{'H1': None}"
check iteration duration=0.00278401374817
GetData ===>> H2,-0.173596129139286,H1,0.0465297008215739,AX,-0.00758620990982609,L1,-0.0222607134132616,L2,-0....
check iteration duration=4.88758087158e-05
GetData ===>> H2,-0.225534094303895,H1,-0.000730226836487113,AX,-0.187177810938933,L1,-0.0232975213641136,L2,-0...
check iteration duration=4.00543212891e-05
GetData ===>> H2,-0.227027348435004,H1,0.00235930138672309,AX,-0.139846365617446,L1,-0.0338069962863556,L2,-0.0...
check iteration duration=3.88622283936e-05
GetData ===>> H2,-0.17350440258029,H1,-0.0135525390820622,AX,-0.115219917987609,L1,-0.0470272938255396,L2,-0.02...
check iteration duration=3.71932983398e-05
GetData ===>> H2,-0.187028011350654,H1,-0.0318110621996269,AX,-0.0290088236705886,L1,-0.0256919594861385,L2,0.0...
testing H1>-5.0
evaluate ot="H1.bs>-5.0" t="H1>-5.0", ctx="{'H1': None}"
check iteration duration=0.00053596496582
GetData ===>> H2,-0.138105956539846,H1,0.0317682717746017,AX,-0.168957409745733,L1,-0.0498432255619323,L2,-0.05...
check iteration duration=7.91549682617e-05
GetData ===>> H2,-0.205877516040311,H1,-0.0200167472003574,AX,-0.198778208780163,L1,-0.0660455975207376,L2,0.13...
check iteration duration=4.10079956055e-05
GetData ===>> H2,-0.212570584209441,H1,-0.0516877178809548,AX,-0.0698576198428499,L1,-0.0444871322583442,L2,0.0...
check iteration duration=5.41210174561e-05
GetData ===>> H2,-0.184808002618461,H1,0.0490955713839949,AX,-0.0479570054349503,L1,-0.0355172137712946,L2,-0.0...
check iteration duration=8.51154327393e-05
GetData ===>> H2,-0.0594156964744478,H1,0.0677030838186933,AX,-0.0606759612296011,L1,-0.0265007624785916,L2,0.0...
testing H1>-5.0
evaluate ot="H1.bs>-5.0" t="H1>-5.0", ctx="{'H1': None}"
check iteration duration=0.000600814819336
13:24:34 -- collecting point 25
GetData ===>> H2,-0.164175440603162,H1,0.041064019034809,AX,-0.134524049943653,L1,-0.0215738442125049,L2,-0.084...
check iteration duration=8.08238983154e-05
GetData ===>> H2,-0.181392169422233,H1,0.0103877491263617,AX,-0.0531050784110401,L1,-0.0447313604251101,L2,0.06...
check iteration duration=8.20159912109e-05
GetData ===>> H2,-0.125964507965995,H1,0.0228790512581735,AX,-0.0898409624500523,L1,-0.0509655486700199,L2,-0.0...
check iteration duration=8.79764556885e-05
GetData ===>> H2,-0.125004531128851,H1,0.127879652216234,AX,-0.133654362839587,L1,-0.00523493416837834,L2,-0.05...
check iteration duration=8.39233398438e-05
GetData ===>> H2,-0.144509259407078,H1,0.0864706346160872,AX,-0.103574232949543,L1,0.0169672580244622,L2,0.0289...
testing H1>-5.0
evaluate ot="H1.bs>-5.0" t="H1>-5.0", ctx="{'H1': None}"
check iteration duration=0.000853061676025
GetData ===>> H2,-0.185088562384428,H1,-0.0482420778325608,AX,-0.0277331097355016,L1,-0.0340308904222786,L2,-0....
check iteration duration=6.91413879395e-05
GetData ===>> H2,-0.174516907481204,H1,-0.0147333019868466,AX,-0.0648147706517915,L1,0.0165156900426487,L2,-0.0...
check iteration duration=5.19752502441e-05
GetData ===>> H2,-0.170428434933048,H1,0.00915898508020447,AX,-0.132181884379843,L1,-0.0277587711920738,L2,-0.0...
check iteration duration=6.60419464111e-05
GetData ===>> H2,-0.0851334139582318,H1,0.0836199954181051,AX,-0.0867811343312901,L1,-0.0241280892461024,L2,-0....
check iteration duration=7.70092010498e-05
GetData ===>> H2,-0.137517882387359,H1,-0.0537860426250923,AX,-0.14749885814659,L1,-0.0300084172520555,L2,-0.02...
testing H1>-5.0
evaluate ot="H1.bs>-5.0" t="H1>-5.0", ctx="{'H1': None}"
check iteration duration=0.0010290145874
GetData ===>> H2,-0.212916716100027,H1,-0.0225092915718815,AX,-0.155301461668939,L1,-0.0304887077873265,L2,0.10...
check iteration duration=4.48226928711e-05
GetData ===>> H2,-0.268172042500771,H1,0.0293340980187075,AX,-0.160379194301676,L1,-0.0291831263223366,L2,-0.09...
check iteration duration=4.50611114502e-05
GetData ===>> H2,-0.262079106080736,H1,0.0832502531827874,AX,-0.0965977420042702,L1,-0.00754257737682651,L2,-0....
check iteration duration=8.41617584229e-05
GetData ===>> H2,-0.235040959954243,H1,0.0199917158978603,AX,-0.0549949557798402,L1,-0.00655793569823316,L2,-0....
check iteration duration=8.82148742676e-05
GetData ===>> H2,-0.279349101499209,H1,0.0969435539248444,AX,-0.104802599823201,L1,0.0121331691320456,L2,-0.022...
testing H1>-5.0
evaluate ot="H1.bs>-5.0" t="H1>-5.0", ctx="{'H1': None}"
check iteration duration=0.000586032867432
GetData ===>> H2,-0.353995356744134,H1,0.0651725454329235,AX,-0.0104397376424335,L1,0.0108691960373432,L2,0.015...
check iteration duration=6.91413879395e-05
GetData ===>> H2,-0.232334949221215,H1,0.0324364866883144,AX,-0.00346816672695279,L1,-0.0207514574406494,L2,-0....
check iteration duration=3.88622283936e-05
GetData ===>> H2,-0.205184810594461,H1,0.0656261277979688,AX,-0.0451625544929146,L1,-0.0198438768031432,L2,0.01...
check iteration duration=8.70227813721e-05
GetData ===>> H2,-0.202006446837099,H1,0.0738401764496689,AX,-0.0105789319773354,L1,-0.043443109641637,L2,-0.01...
check iteration duration=7.70092010498e-05
GetData ===>> H2,-0.145315835386628,H1,0.0684431590177727,AX,-0.0277679021555289,L1,-0.0296658518812835,L2,-0.0...
testing H1>-5.0
evaluate ot="H1.bs>-5.0" t="H1>-5.0", ctx="{'H1': None}"
check iteration duration=0.000617027282715
GetData ===>> H2,-0.173610967189327,H1,0.0306466353385162,AX,-0.110758800388364,L1,0.0124668940891473,L2,-0.009...
check iteration duration=8.29696655273e-05
GetData ===>> H2,-0.18504809746268,H1,-0.0247990383964279,AX,-0.0523398415523676,L1,0.0104791129039578,L2,-0.09...
check iteration duration=8.20159912109e-05
GetData ===>> H2,-0.193508862479131,H1,0.0300380931688384,AX,-0.0469946102274958,L1,-0.0135382970278461,L2,0.03...
check iteration duration=7.29560852051e-05
GetData ===>> H2,-0.210131198724433,H1,0.0901920932540492,AX,-0.0283593713931568,L1,-0.0123312877104318,L2,-0.0...
check iteration duration=8.51154327393e-05
GetData ===>> H2,-0.303797238069097,H1,0.0455988431048883,AX,0.0191667807877073,L1,-0.0137300627379759,L2,-0.08...
testing H1>-5.0
evaluate ot="H1.bs>-5.0" t="H1>-5.0", ctx="{'H1': None}"
check iteration duration=0.000602006912231
13:25:01 -- collecting point 50
GetData ===>> H2,-0.252044593350253,H1,-0.0558247137312893,AX,-0.0479106251612756,L1,-0.0110150390716874,L2,0.0...
check iteration duration=5.41210174561e-05
GetData ===>> H2,-0.291194205721042,H1,0.0498116400209138,AX,-0.118475825328108,L1,-0.0348892952082053,L2,-0.01...
check iteration duration=4.79221343994e-05
GetData ===>> H2,-0.299395865014139,H1,-0.0289132955958891,AX,-0.156426005219531,L1,-0.00963267281270251,L2,-0....
check iteration duration=4.6968460083e-05
GetData ===>> H2,-0.222726134487185,H1,0.0102088019677594,AX,-0.149655360938242,L1,0.00916254380876546,L2,-0.00...
check iteration duration=7.41481781006e-05
GetData ===>> H2,-0.180292461967869,H1,0.0067492197746823,AX,-0.110144656491464,L1,-0.00495303920725292,L2,0.03...
testing H1>-5.0
evaluate ot="H1.bs>-5.0" t="H1>-5.0", ctx="{'H1': None}"
check iteration duration=0.000578880310059
GetData ===>> H2,-0.164067437150002,H1,0.0553732807838216,AX,0.0500242196180756,L1,-0.0249969360662312,L2,0.013...
check iteration duration=6.38961791992e-05
GetData ===>> H2,-0.142364866401711,H1,0.00667764347446216,AX,-0.0182111166446941,L1,0.000732127325434008,L2,-0...
check iteration duration=9.60826873779e-05
GetData ===>> H2,-0.0368112306864105,H1,0.0549316799904666,AX,-0.0904204645131278,L1,0.0183689289963831,L2,0.08...
check iteration duration=9.41753387451e-05
GetData ===>> H2,-0.131065991859108,H1,0.0987806025591677,AX,-0.0514586522609412,L1,0.0112809001557049,L2,0.070...
check iteration duration=4.29153442383e-05
GetData ===>> H2,-0.144809198883225,H1,0.00866986960816902,AX,0.00182174437516097,L1,-0.043609537945643,L2,0.00...
testing H1>-5.0
evaluate ot="H1.bs>-5.0" t="H1>-5.0", ctx="{'H1': None}"
check iteration duration=0.000641107559204
GetData ===>> H2,-0.180198003585864,H1,0.0286778358116859,AX,-0.168806717895208,L1,-0.0576881292618289,L2,0.017...
check iteration duration=4.72068786621e-05
waiting for write to finish
measurement finished
estimated time: 62.915 actual time: :63.205
flush and close file /Users/jan/PychronDev/data/isotopes/5a/f962ab-5a03-4d54-b965-0d087d151e63.h5
activate_detectors ('H1', 'AX', 'CDD') {'peak_center': True}
peak_center () {'detector': 'H1', 'integration_time': 0.262144, 'isotope': 'Ar40'}
peak center: mean=1811.53581823 threshold=3
peak center started
setup peak center. detector=['H1', 'AX', 'CDD'], isotope=Ar40
VersionedUnpickler [<apptools.sweet_pickle.versioned_unpickler.VersionedUnpickler object at 0x2288c65f0>] using Updater [<apptools.sweet_pickle.updater.Updater object at 0x12e273d10>]
VersionedUnpickler [<apptools.sweet_pickle.versioned_unpickler.VersionedUnpickler object at 0x2288c65f0>] using Updater [<apptools.sweet_pickle.updater.Updater object at 0x12e273d10>]
VersionedUnpickler [<apptools.sweet_pickle.versioned_unpickler.VersionedUnpickler object at 0x221a5b6b0>] using Updater [<apptools.sweet_pickle.updater.Updater object at 0x12e273d10>]
setting integration time = 0.524288
SetIntegrationTime 0.524288 ===>> OK
Mapping mass to dac mass func: "parabolic"
H1 map mass coeffs = [-0.00063987  0.15840543  0.57242999]
H1 map mass to dac 39.9624 >> 5.88082
GetDeflection H1 ===>> 0
GetHighVoltage ===>> 4499.94659342336
do peak center. <pychron.spectrometer.jobs.peak_center.PeakCenter object at 0x16275af50>
doing pc
starting peak center. center dac= 5.8807853684 step_width=0.001
width = 0.001
get scan parameters. half-width=0.015,window=0.015, i=0, scalar=1
Scan parameters center=5.88079 width=0.03000 (5.86579 - 5.89579)
GetData ===>> H2,-0.130959128162838,H1,0.0191326900459422,AX,-0.0782733792203623,L1,-0.0272460018776169,L2,-0.1...
Moving to starting dac 5.8657853684
setting magnet DAC
current  : 5.241445
requested: 5.865785
Delta Dac: 0.624340
Checking detector protection. dv=0.62434
Checking detector "CDD". Protection Threshold: 0.1 (V)
ProtectDetector CDD,On ===>> OK
GetDeflection CDD ===>> 2000
Protected = 2000
SetMagnetDAC 5.8657853684 ===>> OK
Magnet settling time: 0.500
GetMagnetMoving ===>> True
GetMagnetMoving ===>> True
GetMagnetMoving ===>> True
GetMagnetMoving ===>> True
GetMagnetMoving ===>> True
GetMagnetMoving ===>> True
GetMagnetMoving ===>> True
GetMagnetMoving ===>> True
GetMagnetMoving ===>> False
ProtectDetector CDD,Off ===>> OK
GetDeflection CDD ===>> 50
Wait until signal near baseline. tol= 0.0143495175345. timeout= 10
GetData ===>> H2,12.2882167634211,H1,3.78208293825704,AX,0.0620277852424968,L1,-0.00776563750672748,L2,0.026102...
GetData ===>> H2,109.493116264229,H1,44.9898356324846,AX,2.98830325626711,L1,0.00172958222710963,L2,-0.20205934...
GetData ===>> H2,93.4481150993565,H1,43.7688587093904,AX,3.41410339635408,L1,0.0102103912286429,L2,-0.104382610...
GetData ===>> H2,46.9165746301506,H1,21.5448812282552,AX,1.57239700330714,L1,0.0393768924254227,L2,0.0479048140...
GetData ===>> H2,18.5115323986563,H1,11.3501876018964,AX,0.683803177601412,L1,0.0659359522409236,L2,0.015418950...
GetData ===>> H2,6.00155772205113,H1,6.34314487898877,AX,0.25468726919713,L1,0.0545205653608432,L2,0.0013664240...
GetData ===>> H2,1.78714084721911,H1,4.01697577423741,AX,0.09354720564453,L1,0.0218692694454319,L2,0.1231019991...
GetData ===>> H2,0.704712961762309,H1,2.84916608888446,AX,0.0606838014697774,L1,-0.01158807193217,L2,0.03571562...
GetData ===>> H2,0.57312259010505,H1,2.29300444586069,AX,0.0797562038654384,L1,-0.00587306721947152,L2,0.142189...
GetData ===>> H2,0.49033902717083,H1,1.98690746962351,AX,0.11610375861488,L1,-0.002149254177461,L2,0.0034388711...
GetData ===>> H2,0.404499016917407,H1,1.96430236150793,AX,0.166962099593601,L1,0.00175118884159767,L2,0.0605057...
GetData ===>> H2,0.43705911181158,H1,1.85830215984362,AX,0.0461012195541787,L1,-0.015214924752494,L2,-0.0127751...
GetData ===>> H2,0.373277914999797,H1,1.69488347653466,AX,0.128508611616377,L1,-0.0164467505102346,L2,-0.036658...
GetData ===>> H2,0.365733420911093,H1,1.67573025212564,AX,0.157312512006216,L1,0.00687764972999664,L2,-0.066839...
GetData ===>> H2,0.409639976096076,H1,1.65992016535375,AX,0.0141427834065834,L1,-0.00789035714532339,L2,-0.1011...
GetData ===>> H2,0.28951471932712,H1,1.64747566881018,AX,0.0658744620159062,L1,-0.0363056513826454,L2,-0.080493...
GetData ===>> H2,0.249235222802836,H1,1.65955978191075,AX,0.00302825558857321,L1,-0.036787310800361,L2,0.017651...
GetData ===>> H2,0.258172758266462,H1,1.69560449698654,AX,-0.0497658188656199,L1,-0.0198059445583116,L2,-0.0429...
GetData ===>> H2,0.246795917747836,H1,1.68781774862941,AX,-0.00625221499857475,L1,-0.0114178438194012,L2,-0.013...
GetData ===>> H2,0.18469128457007,H1,1.75871373257335,AX,0.0574629503417233,L1,-0.0203209856986694,L2,0.0899751...
GetData ===>> H2,0.0997793101525042,H1,1.77143652303318,AX,0.0760016811204445,L1,-0.0290535054077357,L2,-0.0184...
Peak center failed to move to a baseline position
_do_sweep sm= 5.8657853684, em= 5.8957853684, stm= 0.001
calculated step values: start=5.8657853684, end=5.8957853684, width=0.001, nsteps=31.0
setting magnet DAC
current  : 5.865785
requested: 5.865785
Delta Dac: 0.000000
Checking detector protection. dv=0.00000
Checking detector "CDD". Protection Threshold: 0.1 (V)
SetMagnetDAC 5.8657853684 ===>> OK
GetData ===>> H2,0.0997793101525042,H1,1.77143652303318,AX,0.0760016811204445,L1,-0.0290535054077357,L2,-0.0184...
setting magnet DAC
current  : 5.865785
requested: 5.866820
Delta Dac: 0.001034
Checking detector protection. dv=0.00103
Checking detector "CDD". Protection Threshold: 0.1 (V)
SetMagnetDAC 5.86681985116 ===>> OK
Magnet settling time: 1.049
GetData ===>> H2,0.111480593635704,H1,3.25688584518489,AX,0.177378231887916,L1,-0.0190824468879275,L2,0.0111369...
setting magnet DAC
current  : 5.866820
requested: 5.867854
Delta Dac: 0.001034
Checking detector protection. dv=0.00103
Checking detector "CDD". Protection Threshold: 0.1 (V)
SetMagnetDAC 5.86785433392 ===>> OK
Magnet settling time: 1.049
GetData ===>> H2,-0.0233462642592299,H1,8.75548709530662,AX,0.668744551576415,L1,-0.0126669155562389,L2,0.04824...
setting magnet DAC
current  : 5.867854
requested: 5.868889
Delta Dac: 0.001034
Checking detector protection. dv=0.00103
Checking detector "CDD". Protection Threshold: 0.1 (V)
SetMagnetDAC 5.86888881668 ===>> OK
Magnet settling time: 1.049
GetData ===>> H2,0.00806804635203744,H1,29.3451433817085,AX,1.94348535931455,L1,-0.0431114421394613,L2,0.002550...
setting magnet DAC
current  : 5.868889
requested: 5.869923
Delta Dac: 0.001034
Checking detector protection. dv=0.00103
Checking detector "CDD". Protection Threshold: 0.1 (V)
SetMagnetDAC 5.86992329944 ===>> OK
Magnet settling time: 1.049
GetData ===>> H2,-0.0920694853475649,H1,94.8240773142232,AX,5.78948727563984,L1,-0.00615613584734004,L2,0.00457...
setting magnet DAC
current  : 5.869923
requested: 5.870958
Delta Dac: 0.001034
Checking detector protection. dv=0.00103
Checking detector "CDD". Protection Threshold: 0.1 (V)
SetMagnetDAC 5.8709577822 ===>> OK
Magnet settling time: 1.049
GetData ===>> H2,-0.0409929573480325,H1,383.176973410235,AX,23.6525863313282,L1,0.147902226811447,L2,-0.0463329...
setting magnet DAC
current  : 5.870958
requested: 5.871992
Delta Dac: 0.001034
Checking detector protection. dv=0.00103
Checking detector "CDD". Protection Threshold: 0.1 (V)
SetMagnetDAC 5.87199226495 ===>> OK
Magnet settling time: 1.049
GetData ===>> H2,-0.0369266186128158,H1,793.081688121136,AX,55.3894749238966,L1,0.365644386803395,L2,0.06668147...
setting magnet DAC
current  : 5.871992
requested: 5.873027
Delta Dac: 0.001034
Checking detector protection. dv=0.00103
Checking detector "CDD". Protection Threshold: 0.1 (V)
SetMagnetDAC 5.87302674771 ===>> OK
Magnet settling time: 1.049
GetData ===>> H2,0.0259143829184788,H1,1220.91648561631,AX,94.1954390429151,L1,0.783684263556823,L2,0.087536098...
setting magnet DAC
current  : 5.873027
requested: 5.874061
Delta Dac: 0.001034
Checking detector protection. dv=0.00103
Checking detector "CDD". Protection Threshold: 0.1 (V)
SetMagnetDAC 5.87406123047 ===>> OK
Magnet settling time: 1.049
GetData ===>> H2,-0.0137410771474255,H1,1515.5769923813,AX,126.633522503642,L1,1.18079139464738,L2,0.2374811948...
setting magnet DAC
current  : 5.874061
requested: 5.875096
Delta Dac: 0.001034
Checking detector protection. dv=0.00103
Checking detector "CDD". Protection Threshold: 0.1 (V)
SetMagnetDAC 5.87509571323 ===>> OK
Magnet settling time: 1.049
GetData ===>> H2,-0.0625896963552161,H1,1659.63177218968,AX,145.948276121969,L1,1.59069268360032,L2,0.208468469...
setting magnet DAC
current  : 5.875096
requested: 5.876130
Delta Dac: 0.001034
Checking detector protection. dv=0.00103
Checking detector "CDD". Protection Threshold: 0.1 (V)
SetMagnetDAC 5.87613019599 ===>> OK
Magnet settling time: 1.049
GetData ===>> H2,-0.095209160521281,H1,1710.55293235512,AX,154.470087532019,L1,1.86164859048678,L2,0.3636698200...
setting magnet DAC
current  : 5.876130
requested: 5.877165
Delta Dac: 0.001034
Checking detector protection. dv=0.00103
Checking detector "CDD". Protection Threshold: 0.1 (V)
SetMagnetDAC 5.87716467875 ===>> OK
Magnet settling time: 1.049
GetData ===>> H2,-0.0610997121160014,H1,1724.1599244417,AX,157.308470563181,L1,1.9905587774748,L2,0.22793866772...
setting magnet DAC
current  : 5.877165
requested: 5.878199
Delta Dac: 0.001034
Checking detector protection. dv=0.00103
Checking detector "CDD". Protection Threshold: 0.1 (V)
SetMagnetDAC 5.87819916151 ===>> OK
Magnet settling time: 1.049
GetData ===>> H2,-0.0455163429734286,H1,1727.63079222393,AX,157.704339959882,L1,2.13329469112756,L2,0.258190379...
setting magnet DAC
current  : 5.878199
requested: 5.879234
Delta Dac: 0.001034
Checking detector protection. dv=0.00103
Checking detector "CDD". Protection Threshold: 0.1 (V)
SetMagnetDAC 5.87923364426 ===>> OK
Magnet settling time: 1.049
GetData ===>> H2,0.0566121102553091,H1,1728.43414719043,AX,157.984707135589,L1,2.22121907985177,L2,0.4297928397...
setting magnet DAC
current  : 5.879234
requested: 5.880268
Delta Dac: 0.001034
Checking detector protection. dv=0.00103
Checking detector "CDD". Protection Threshold: 0.1 (V)
SetMagnetDAC 5.88026812702 ===>> OK
Magnet settling time: 1.049
GetData ===>> H2,-0.00460556192896504,H1,1727.58115640646,AX,157.904040738537,L1,2.28162290682985,L2,0.33047715...
setting magnet DAC
current  : 5.880268
requested: 5.881303
Delta Dac: 0.001034
Checking detector protection. dv=0.00103
Checking detector "CDD". Protection Threshold: 0.1 (V)
SetMagnetDAC 5.88130260978 ===>> OK
Magnet settling time: 1.049
GetData ===>> H2,-0.0676126150675064,H1,1727.29139193473,AX,157.90231857727,L1,2.29314430526901,L2,0.3587643376...
setting magnet DAC
current  : 5.881303
requested: 5.882337
Delta Dac: 0.001034
Checking detector protection. dv=0.00103
Checking detector "CDD". Protection Threshold: 0.1 (V)
SetMagnetDAC 5.88233709254 ===>> OK
Magnet settling time: 1.049
GetData ===>> H2,-0.0518764345116401,H1,1726.97426095125,AX,157.675739843809,L1,2.2790775558918,L2,0.3737097296...
setting magnet DAC
current  : 5.882337
requested: 5.883372
Delta Dac: 0.001034
Checking detector protection. dv=0.00103
Checking detector "CDD". Protection Threshold: 0.1 (V)
SetMagnetDAC 5.8833715753 ===>> OK
Magnet settling time: 1.049
GetData ===>> H2,-0.0742136983950631,H1,1725.84924393032,AX,157.546068656414,L1,2.3190595894089,L2,0.4005260077...
setting magnet DAC
current  : 5.883372
requested: 5.884406
Delta Dac: 0.001034
Checking detector protection. dv=0.00103
Checking detector "CDD". Protection Threshold: 0.1 (V)
SetMagnetDAC 5.88440605806 ===>> OK
Magnet settling time: 1.049
GetData ===>> H2,-0.0496772481102538,H1,1722.72195639476,AX,157.093103245172,L1,2.30640671612881,L2,0.224080834...
setting magnet DAC
current  : 5.884406
requested: 5.885441
Delta Dac: 0.001034
Checking detector protection. dv=0.00103
Checking detector "CDD". Protection Threshold: 0.1 (V)
SetMagnetDAC 5.88544054082 ===>> OK
Magnet settling time: 1.049
GetData ===>> H2,-0.173837582265245,H1,1714.92663016763,AX,155.49286097614,L1,2.27398057920972,L2,0.31045304964...
setting magnet DAC
current  : 5.885441
requested: 5.886475
Delta Dac: 0.001034
Checking detector protection. dv=0.00103
Checking detector "CDD". Protection Threshold: 0.1 (V)
SetMagnetDAC 5.88647502357 ===>> OK
Magnet settling time: 1.049
GetData ===>> H2,-0.194747574180979,H1,1685.22280286904,AX,150.408050437714,L1,2.21702007520556,L2,0.3196207414...
setting magnet DAC
current  : 5.886475
requested: 5.887510
Delta Dac: 0.001034
Checking detector protection. dv=0.00103
Checking detector "CDD". Protection Threshold: 0.1 (V)
SetMagnetDAC 5.88750950633 ===>> OK
Magnet settling time: 1.049
GetData ===>> H2,-0.162350043920876,H1,1588.03201814552,AX,135.204343351174,L1,2.02903412021638,L2,0.3257786388...
setting magnet DAC
current  : 5.887510
requested: 5.888544
Delta Dac: 0.001034
Checking detector protection. dv=0.00103
Checking detector "CDD". Protection Threshold: 0.1 (V)
SetMagnetDAC 5.88854398909 ===>> OK
Magnet settling time: 1.049
GetData ===>> H2,-0.223083147396636,H1,1335.16074063513,AX,103.40131009197,L1,1.69913228245619,L2,0.18172337556...
setting magnet DAC
current  : 5.888544
requested: 5.889578
Delta Dac: 0.001034
Checking detector protection. dv=0.00103
Checking detector "CDD". Protection Threshold: 0.1 (V)
SetMagnetDAC 5.88957847185 ===>> OK
Magnet settling time: 1.049
GetData ===>> H2,-0.183389059877652,H1,924.230936821561,AX,62.602157789261,L1,1.26326585231635,L2,0.02072619533...
setting magnet DAC
current  : 5.889578
requested: 5.890613
Delta Dac: 0.001034
Checking detector protection. dv=0.00103
Checking detector "CDD". Protection Threshold: 0.1 (V)
SetMagnetDAC 5.89061295461 ===>> OK
Magnet settling time: 1.049
GetData ===>> H2,-0.312947517939202,H1,500.821186296237,AX,29.0431773165029,L1,0.820628959366339,L2,-0.03857065...
setting magnet DAC
current  : 5.890613
requested: 5.891647
Delta Dac: 0.001034
Checking detector protection. dv=0.00103
Checking detector "CDD". Protection Threshold: 0.1 (V)
SetMagnetDAC 5.89164743737 ===>> OK
Magnet settling time: 1.049
GetData ===>> H2,-0.307607644190041,H1,206.896845356802,AX,9.96318231700174,L1,0.459544769930413,L2,0.139521488...
setting magnet DAC
current  : 5.891647
requested: 5.892682
Delta Dac: 0.001034
Checking detector protection. dv=0.00103
Checking detector "CDD". Protection Threshold: 0.1 (V)
SetMagnetDAC 5.89268192013 ===>> OK
Magnet settling time: 1.049
GetData ===>> H2,-0.180822655940262,H1,66.2137831972084,AX,2.34663326037845,L1,0.267661230614054,L2,-0.01716973...
setting magnet DAC
current  : 5.892682
requested: 5.893716
Delta Dac: 0.001034
Checking detector protection. dv=0.00103
Checking detector "CDD". Protection Threshold: 0.1 (V)
SetMagnetDAC 5.89371640289 ===>> OK
Magnet settling time: 1.049
GetData ===>> H2,-0.15987340705363,H1,17.6886277706579,AX,0.47426186191485,L1,0.186124386356115,L2,-0.011067315...
setting magnet DAC
current  : 5.893716
requested: 5.894751
Delta Dac: 0.001034
Checking detector protection. dv=0.00103
Checking detector "CDD". Protection Threshold: 0.1 (V)
SetMagnetDAC 5.89475088564 ===>> OK
Magnet settling time: 1.049
GetData ===>> H2,-0.253179463658677,H1,1.71055481472744,AX,-0.0594586308386968,L1,0.0715690233252488,L2,-0.0156...
setting magnet DAC
current  : 5.894751
requested: 5.895785
Delta Dac: 0.001034
Checking detector protection. dv=0.00103
Checking detector "CDD". Protection Threshold: 0.1 (V)
SetMagnetDAC 5.8957853684 ===>> OK
Magnet settling time: 1.049
GetData ===>> H2,-0.283081965849142,H1,0.212517352435415,AX,-0.118197744971513,L1,0.0570017011469333,L2,-0.0918...
result of _do_sweep=True
result of _calculate_peak_center=([5.8732102181018728, 5.8809657291239166, 5.8887212401459603], [1273.1759141709017, 1728.4187625871116, 1264.7509245509909], 5.879252302270209, 1728.4187625871116)
Failed to find a valid peak. No peak greater than 1.0. max = 0.310107427271
new center pos Detector(H1) (Ar40) @ 5.88096572912
GetHighVoltage ===>> 4499.94659342336
GetDeflection H1 ===>> 0
dac uncorrected for HV and deflection 5.88100036178
update mftable H1 Ar40 5.88100036178 message=automated run peakcenter
get initial guess parabolic
get initial guess parabolic
get initial guess parabolic
get initial guess parabolic
get initial guess parabolic
get initial guess parabolic
dump mftable to /Users/jan/PychronDev/setupfiles/spectrometer/mftables/mftable.csv
add to repo msg=modified - automated run peakcenter
sweep finished
locally archiving mftable
setting magnet DAC
current  : 5.895785
requested: 5.880966
Delta Dac: 0.014820
Checking detector protection. dv=0.01482
Checking detector "CDD". Protection Threshold: 0.1 (V)
SetMagnetDAC 5.88096572912 ===>> OK
Magnet settling time: 0.500
setting integration time = 1.048576
SetIntegrationTime 1.048576 ===>> OK
Failed to find a valid peak. No peak greater than 1.0. max = 0.310107427271
flush and close file /Users/jan/PychronDev/data/isotopes/5a/f962ab-5a03-4d54-b965-0d087d151e63.h5
finished measure script
executed snippet estimated_duration=226.132928, duration=272.986455202
jan_unknown120_60.py completed successfully
Measurement Finished
13:25:59 -- ******* Measurement Finished *******
Post Measurement Started jan_pump_ms.py
13:25:59 -- ******* Post Measurement Started jan_pump_ms.py *******
testing...
no interpolation path defined
executed snippet estimated_duration=0, duration=2.71797180176e-05
Pumping spectrometer
open () {'name': 'O'}
opening name=O desc=---
checking ownership. requestor=129.138.12.150
check software interlocks O
interlocks []
actuate state mode=None-script, software_lock=False
doing actuation None-script open_channel True
Open O ===>> OK
GetIndicatorState O ===>> OK
change switch state (True, True)
update switch state O True args=() kw={} ncanvase=8
13:25:59 -- OPEN   VALVE-O (Jan Ion Pump)
---------------------------------------- open O () result=[(True, True)], time=0.10 sec
action=open, ok=True, locked=[False]
executed snippet estimated_duration=0, duration=0.359326839447
jan_pump_ms.py completed successfully
setting _ms_pumptime
Post Measurement Finished
13:25:59 -- ******* Post Measurement Finished *******
$$$$$$$$$$$$$$$$$$$$ state at run end measurement
state changed from measurement to success
post measurement save measured=True aborted=False
Set filtering
setting fod for Ar40= {'filter_outliers': True, 'std_devs': 2, 'iterations': 1}
setting fod for H1= {'filter_outliers': True, 'std_devs': 2, 'iterations': 1}
setting fod for PM41= {'filter_outliers': False, 'std_devs': 2, 'iterations': 1}
setting fod for H2= {'filter_outliers': True, 'std_devs': 2, 'iterations': 1}
setting fod for Ar36= {'filter_outliers': True, 'std_devs': 2, 'iterations': 1}
setting fod for CDD= {'filter_outliers': True, 'std_devs': 10, 'iterations': 1}
setting fod for Ar37= {'filter_outliers': True, 'std_devs': 2, 'iterations': 1}
setting fod for L2= {'filter_outliers': True, 'std_devs': 2, 'iterations': 1}
setting fod for Ar38= {'filter_outliers': True, 'std_devs': 2, 'iterations': 1}
setting fod for L1= {'filter_outliers': True, 'std_devs': 2, 'iterations': 1}
setting fod for Ar39= {'filter_outliers': True, 'std_devs': 2, 'iterations': 1}
setting fod for AX= {'filter_outliers': True, 'std_devs': 2, 'iterations': 1}
persistence save...
persistence save - db
post measurement save
9691424912 connecting to database sqlite:////Users/jan/PychronDev/.appdata/local_lab.db
connected to db sqlite:////Users/jan/PychronDev/.appdata/local_lab.db
create new session 9691424912
close session 9691424912
No database instance. Not saving post measurement to isotopedb database
$$$$$$$$$$$$$$$ auto_save_detector_ic=False
massspec enabled True
create new session 6484677072
MassSpec Database Version: 16.0
close session 6484677072
saving post measurement to secondary database
saving to massspec database 129.138.12.160/massspecdata
setting labnumber to 65475
setting aliquot to 26
setting step to 
setting uuid to 5af962ab-5a03-4d54-b965-0d087d151e63
setting irradpos to 65475
setting extract_device to Fusions CO2
setting tray to 
setting position to 116
setting power_requested to 5.0
setting extract_value to 5.0
setting duration to 30.0
setting duration_at_request to 30.0
setting first_stage_delay to 30.0
setting cleanup to 30.0
setting comment to P:7
setting irradiation to NM-288
setting level to P
setting irradiation_level to P
setting sample to Goat Mtn
setting material to Sanidine
setting project to IR989
setting mass_spectrometer to Jan
no attribute chron_dosages
no attribute production_ratios
no attribute interference_corrections
no attribute production_name
no attribute j
Reference Isotope=Ar40
Reference Detector=H1
%%%%%%%%%%%%%%%%%%%% Comment: P:7 %%%%%%%%%%%%%%%%%%%
adding isotope PM41 H2
add baseline dbdet= PM41. original det= H2
get baseline data PM41 H2
Get data baseline <pychron.processing.isotope.Baseline object at 0x1fdff0490> len t=60
baseline PM41. v=-0.188871188547, e=0.00656291377011
get signal data PM41 H2
Get data signal PM41 0.16+/-0.08 len t=120
adding isotope Ar40 H1
add baseline dbdet= Ar40. original det= H1
get baseline data Ar40 H1
Get data baseline <pychron.processing.isotope.Baseline object at 0x21c0bad90> len t=60
baseline Ar40. v=0.0115490229923, e=0.00645231387975
get signal data Ar40 H1
Get data signal Ar40 1902.01+/-0.09 len t=120
adding isotope Ar39 AX
add baseline dbdet= Ar39. original det= AX
get baseline data Ar39 AX
Get data baseline <pychron.processing.isotope.Baseline object at 0x21c0bac90> len t=60
baseline Ar39. v=-0.0895502070012, e=0.00714166366669
get signal data Ar39 AX
Get data signal Ar39 173.363+/-0.024 len t=120
adding isotope Ar38 L1
add baseline dbdet= Ar38. original det= L1
get baseline data Ar38 L1
Get data baseline <pychron.processing.isotope.Baseline object at 0x21c0ba5d0> len t=60
baseline Ar38. v=-0.0252452267147, e=0.00301052486951
get signal data Ar38 L1
Get data signal Ar38 2.544+/-0.005 len t=120
adding isotope Ar37 L2
add baseline dbdet= Ar37. original det= L2
get baseline data Ar37 L2
Get data baseline <pychron.processing.isotope.Baseline object at 0x21c0ba610> len t=60
baseline Ar37. v=-0.00539465844775, e=0.00559036260591
get signal data Ar37 L2
Get data signal Ar37 0.392+/-0.011 len t=120
adding isotope Ar36 CDD
add baseline dbdet= Ar36. original det= CDD
get baseline data Ar36 CDD
Get data baseline <pychron.processing.isotope.Baseline object at 0x212ad72d0> len t=60
baseline Ar36. v=0.000374644627513, e=3.21375103345e-05
get signal data Ar36 CDD
Get data signal Ar36 0.3202+/-0.0014 len t=120
65475-26 added analysis time 0.566380023956s
analysis added to mass spec database
mass spec save time= 0.582
persistence save - dvc
================= post measurement started
create new session 4992585168
close session 4992585168
---------------- Experiment Queue saving disabled
DVC saving peakcenter
Failed to find a valid peak. No peak greater than 1.0. max = 0.310107427271
Smart pull ahead: 0 behind: 0
Up-to-date with origin
add to repo msg=modified - ad8224ebc6dbfeb9f5997218dfa5fe690569839d.json
add to repo msg=modified - 75-26.json
add to repo msg=modified - 75-26.dat.json
add to repo msg=modified - 75-26.blan.json
add to repo msg=modified - 75-26.inte.json
add to repo msg=modified - 75-26.icfa.json
add to repo msg=modified - 75-26.base.json
not at valid file /Users/jan/PychronDev/data/.dvc/repositories/Load1795/654/tags/75-26.tags.json
add to repo msg=modified - 75-26.peak.json
add to repo msg=modified - 75-26.extr.json
not at valid file /Users/jan/PychronDev/data/.dvc/repositories/Load1795/654/monitor/75-26.moni.json
commit message=<COLLECTION>
add to repo msg=modified - 75-26.inte.json
add to repo msg=modified - 75-26.base.json
commit message=<ISOEVO> default collection fits
add to repo msg=modified - 75-26.blan.json
commit message=<BLANKS> preceding bu-FC-J-7823
add to repo msg=modified - 75-26.icfa.json
commit message=<ICFactor> default
push repository <pychron.git_archive.repo_manager.GitRepoManager object at 0x2310f5350>
pushing to remote=origin, url=https://github.com
no changes to meta repo
create new session 4992585168
add association Load1795
get identifier "65475"
setting analysis irradiation position=<pychron.dvc.dvc_orm.IrradiationPositionTbl object at 0x2082aa2d0>
close session 4992585168
================= post measurement finished
13:26:12 -- ******* Post Run Check *******
loading queue conditionals post_run_actions
loading system conditionals post_run_actions
loading conditionals from /Users/jan/PychronDev/setupfiles/spectrometer/default_conditionals.yaml
loading queue conditionals post_run_terminations
loading system conditionals post_run_terminations
loading conditionals from /Users/jan/PychronDev/setupfiles/spectrometer/default_conditionals.yaml
Checking default post run terminations n=1
GetDeflection CDD ===>> 50
testing CDD==2000
evaluate ot="CDD.deflection==2000" t="CDD==2000", ctx="{'CDD': 50.0}"
13:26:12 -- ******* Post Run Check Passed *******
13:26:12 -- Automated run 65475-26 success duration: 365.190 s
----------------- finish -----------------
----------------- stop -----------------
retroactive repository identifiers disabled
finish run. runs completed=194
update duration runid=65475-26, duration=365.190092087, md5=301e91d8
write rem/ex queues
/Users/jan/PychronDev/experiments/rem/CurrentExperiment.rem.txt
/Users/jan/PychronDev/experiments/rem/CurrentExperiment.ex.txt
doing event level: 3
