do run
loading script "jan_unknown120_60.py"
loading script "jan_pump_ms.py"
loading script "jan_co2.py"
loading script "jan_pump_extraction_line.py"
testing...
no interpolation path defined
executed snippet estimated_duration=213.652928, duration=0.000312089920044
script duration name:unknown120_60 seconds:214.0
loading script "jan_unknown120_60.py"
loading script "jan_pump_ms.py"
loading script "jan_co2.py"
loading script "jan_pump_extraction_line.py"
testing...
no interpolation path defined
executed snippet estimated_duration=0, duration=2.59876251221e-05
loading script "jan_unknown120_60.py"
loading script "jan_pump_ms.py"
loading script "jan_co2.py"
loading script "jan_pump_extraction_line.py"
testing...
no interpolation path defined
calculate duration
testing...
no interpolation path defined
executed snippet estimated_duration=0, duration=5.79357147217e-05
calculate duration
testing...
no interpolation path defined
executed snippet estimated_duration=0, duration=0.000169992446899
executed snippet estimated_duration=0.0, duration=0.00319194793701
script duration name:co2 seconds:0.0
loading script "jan_unknown120_60.py"
loading script "jan_pump_ms.py"
loading script "jan_co2.py"
loading script "jan_pump_extraction_line.py"
testing...
no interpolation path defined
calculate duration
testing...
no interpolation path defined
executed snippet estimated_duration=4.0, duration=0.000160932540894
executed snippet estimated_duration=4.0, duration=0.00185298919678
Script duration 214.0
Run total estimated duration= 215.000
run duration: 0:03:35
doing event level: 2
07:04:28 -- Setting default integration. t=1.048576
setting integration time = 1.048576
SetIntegrationTime 1.048576 ===>> OK
----------------- start -----------------
**************** Experiment Type: Ar/Ar, Ar/Ar
create new session 4419438256
close session 4419438256
$$$$$ Clearing conditionals
adding conditionals 
Add queue conditionals
add default conditionals
adding default conditionals from /Users/jan/PychronDev/setupfiles/spectrometer/default_conditionals.yaml
Start automated run bu-FC-J-7821
loading script "jan_unknown120_60.py"
loading script "jan_pump_ms.py"
loading script "jan_co2.py"
loading script "jan_pump_extraction_line.py"
%%%%%%%%%%%%%%%%%% setting automated run bu-FC-J-7821
No value "sensitivity_multiplier" in metadata
$$$$$$$$$$$$$$$ auto_save_detector_ic=False
============================= Pre Extraction Check =============================
loading queue conditionals pre_run_terminations
loading system conditionals pre_run_terminations
loading conditionals from /Users/jan/PychronDev/setupfiles/spectrometer/default_conditionals.yaml
07:04:28 -- ******* Pre Extraction Check *******
Get a measurement from the spectrometer
GetData ===>> H2,-0.217160676618208,H1,0.122331210626636,AX,-0.143313251219464,L1,0.00682386768029926,L2,0.0375...
Pre Extraction Termination data. keys=H2,H1,AX,L1,L2,CDD, signals=-0.21716,0.12233,-0.14331,0.00682,0.03760,0.00328
07:04:28 -- testing system defined conditionals
Checking default pre extraction terminations n=2
testing CDD
evaluate ot="CDD.inactive" t="CDD", ctx="{'CDD': False}"
GetDeflection CDD ===>> 50
testing CDD==2000
evaluate ot="CDD.deflection==2000" t="CDD==2000", ctx="{'CDD': 50.0}"
07:04:28 -- ******* Pre Extraction Check Passed *******
=================================================================================
07:04:28 -- stopping status monitor
stop 6901184944
Alive clients [5025639504, 5288834736, 4992986192]
07:04:28 -- starting status monitor
start 6901184944
Monitor already running
start extraction
do extraction
Analysis started at 07:04:28.220955
Extraction Started jan_co2.py
07:04:28 -- ******* Extraction Started jan_co2.py *******
state changed from not run to extraction
DO EXTRACTION <pychron.extraction_line.pyscript_runner.RemotePyScriptRunner object at 0x12bfe48f0>
testing...
no interpolation path defined
calculate duration
testing...
no interpolation path defined
executed snippet estimated_duration=0, duration=4.88758087158e-05
calculate duration
testing...
no interpolation path defined
executed snippet estimated_duration=0, duration=9.79900360107e-05
executed snippet estimated_duration=120.0, duration=0.00289797782898
Jan CO2 laser analysis
doing GOSUB
testing...
no interpolation path defined
executed snippet estimated_duration=0, duration=5.00679016113e-05
Waiting for CO2 access
wait ('FelixCO2Flag', 0) {}
waiting for FelixCO2Flag = 0
Read FelixCO2Flag ===>> 0
finished waiting
CO2 free
wait ('CO2PumpTimeFlag', 0) {}
waiting for CO2PumpTimeFlag = 0
Read CO2PumpTimeFlag ===>> 0
finished waiting
acquire ('JanCO2Flag',) {'clear': True}
acquire JanCO2Flag
Set JanCO2Flag 1 ===>> OK
JanCO2Flag acquired
set extraction state False (0.75, 'red', 1.5)
CO2 acquired
executed snippet estimated_duration=0, duration=0.0178329944611
WaitForCO2Access.py completed successfully
gosub finished
doing GOSUB
testing...
no interpolation path defined
executed snippet estimated_duration=0, duration=0.000166893005371
Prepare for CO2 analysis
close () {'description': 'Jan Inlet'}
closing name=--- desc=Jan Inlet
checking ownership. requestor=129.138.12.150
check software interlocks R
interlocks []
actuate state mode=None-script, software_lock=False
doing actuation None-script close_channel False
Close R ===>> OK
GetIndicatorState R ===>> False
change switch state (True, True)
update switch state R False args=() kw={} ncanvase=8
07:04:28 -- CLOSE  VALVE-R (Jan Inlet)
---------------------------------------- close None (Jan Inlet) result=[(True, True)]
action=close, ok=True, locked=[False]
open () {'description': 'Jan Ion Pump'}
opening name=--- desc=Jan Ion Pump
checking ownership. requestor=129.138.12.150
check software interlocks O
interlocks []
actuate state mode=None-script, software_lock=False
doing actuation None-script open_channel False
Open O ===>> OK
GetIndicatorState O ===>> OK
change switch state (True, True)
update switch state O True args=() kw={} ncanvase=8
07:04:29 -- OPEN   VALVE-O (Jan Ion Pump)
---------------------------------------- open None (Jan Ion Pump) result=[(True, True)], time=0.09 sec
action=open, ok=True, locked=[False]
close () {'description': 'Microbone to Minibone'}
closing name=--- desc=Microbone to Minibone
checking ownership. requestor=129.138.12.150
check software interlocks L
interlocks []
actuate state mode=None-script, software_lock=False
doing actuation None-script close_channel False
Close L ===>> OK
GetIndicatorState L ===>> False
change switch state (True, True)
update switch state L False args=() kw={} ncanvase=8
07:04:29 -- CLOSE  VALVE-L (Microbone to Minibone)
---------------------------------------- close None (Microbone to Minibone) result=[(True, True)]
action=close, ok=True, locked=[False]
open () {'description': 'Microbone to Turbo'}
opening name=--- desc=Microbone to Turbo
checking ownership. requestor=129.138.12.150
check software interlocks U
interlocks []
actuate state mode=None-script, software_lock=False
doing actuation None-script open_channel False
Open U ===>> OK
GetIndicatorState U ===>> OK
change switch state (True, True)
update switch state U True args=() kw={} ncanvase=8
07:04:30 -- OPEN   VALVE-U (Microbone to Turbo)
---------------------------------------- open None (Microbone to Turbo) result=[(True, True)], time=0.16 sec
action=open, ok=True, locked=[False]
open () {'description': 'Microbone to Inlet Pipette'}
opening name=--- desc=Microbone to Inlet Pipette
checking ownership. requestor=129.138.12.150
check software interlocks S
interlocks []
actuate state mode=None-script, software_lock=False
doing actuation None-script open_channel False
Open S ===>> OK
GetIndicatorState S ===>> OK
change switch state (True, True)
update switch state S True args=() kw={} ncanvase=8
07:04:30 -- OPEN   VALVE-S (Microbone to Inlet Pipette)
---------------------------------------- open None (Microbone to Inlet Pipette) result=[(True, True)], time=0.45 sec
action=open, ok=True, locked=[False]
open () {'description': 'Microbone to Getter D-50'}
opening name=--- desc=Microbone to Getter D-50
checking ownership. requestor=129.138.12.150
check software interlocks K
interlocks []
actuate state mode=None-script, software_lock=False
doing actuation None-script open_channel False
Open K ===>> OK
GetIndicatorState K ===>> OK
change switch state (True, True)
update switch state K True args=() kw={} ncanvase=8
07:04:31 -- OPEN   VALVE-K (Microbone to Getter D-50)
---------------------------------------- open None (Microbone to Getter D-50) result=[(True, True)], time=0.45 sec
action=open, ok=True, locked=[False]
open () {'description': 'Microbone to Getter NP-10'}
opening name=--- desc=Microbone to Getter NP-10
checking ownership. requestor=129.138.12.150
check software interlocks M
interlocks []
actuate state mode=None-script, software_lock=False
doing actuation None-script open_channel False
Open M ===>> OK
GetIndicatorState M ===>> OK
change switch state (True, True)
update switch state M True args=() kw={} ncanvase=8
07:04:32 -- OPEN   VALVE-M (Microbone to Getter NP-10)
---------------------------------------- open None (Microbone to Getter NP-10) result=[(True, True)], time=0.14 sec
action=open, ok=True, locked=[False]
close () {'description': 'CO2 Laser to Felix'}
closing name=--- desc=CO2 Laser to Felix
checking ownership. requestor=129.138.12.150
check software interlocks F
interlocks []
actuate state mode=None-script, software_lock=True
VALVE-F(CO2 Laser to Felix) software locked
change switch state (True, False)
---------------------------------------- close None (CO2 Laser to Felix) result=[(True, False)]
action=close, ok=True, locked=[True]
open () {'description': 'CO2 Laser to Jan'}
opening name=--- desc=CO2 Laser to Jan
checking ownership. requestor=129.138.12.150
check software interlocks A
interlocks []
actuate state mode=None-script, software_lock=False
doing actuation None-script open_channel False
Open A ===>> OK
GetIndicatorState A ===>> OK
change switch state (True, True)
update switch state A True args=() kw={} ncanvase=8
07:04:32 -- OPEN   VALVE-A (CO2 Laser to Jan)
---------------------------------------- open None (CO2 Laser to Jan) result=[(True, True)], time=0.15 sec
action=open, ok=True, locked=[False]
open () {'description': 'Microbone to CO2 Laser'}
opening name=--- desc=Microbone to CO2 Laser
checking ownership. requestor=129.138.12.150
check software interlocks T
interlocks []
actuate state mode=None-script, software_lock=False
doing actuation None-script open_channel False
Open T ===>> OK
GetIndicatorState T ===>> OK
change switch state (True, True)
update switch state T True args=() kw={} ncanvase=8
07:04:33 -- OPEN   VALVE-T (Microbone to CO2 Laser)
---------------------------------------- open None (Microbone to CO2 Laser) result=[(True, True)], time=0.43 sec
action=open, ok=True, locked=[False]
executed snippet estimated_duration=0, duration=5.13460302353
PrepareForCO2Analysis.py completed successfully
gosub finished
set_motor ('beam', '') {}
setting motor "beam" to 
is blank. not heating
close () {'description': 'Microbone to Turbo'}
closing name=--- desc=Microbone to Turbo
checking ownership. requestor=129.138.12.150
check software interlocks U
interlocks []
actuate state mode=None-script, software_lock=False
doing actuation None-script close_channel True
Close U ===>> OK
GetIndicatorState U ===>> False
change switch state (True, True)
update switch state U False args=() kw={} ncanvase=8
07:04:33 -- CLOSE  VALVE-U (Microbone to Turbo)
---------------------------------------- close None (Microbone to Turbo) result=[(True, True)]
action=close, ok=True, locked=[False]
sleep (30.0,) {}
SLEEP 30.0
block started
WaitControl setup for 30.0  
Join finished
block finished. duration 30.1193261147
sleep (30.0,) {}
SLEEP 30.0
block started
WaitControl setup for 30.0  
Join finished
block finished. duration 30.146184206
executed snippet estimated_duration=180.0, duration=65.8852961063
jan_co2.py completed successfully
GetAchievedOutput ===>> No Response
Requested Output= 0.000
Achieved Output=  0.000
GetResponseBlob ===>> No Response
GetOutputBlob ===>> No Response
persistence save...
persistence save - db
AutomatedRunPersister post_extraction_save deprecated
persistence save - dvc
no extraction position for 19
create new session 4992585168
close session 4992585168
Extraction Finished
07:05:34 -- ******* Extraction Finished *******
no overlap. not waiting for min ms pumptime
07:05:34 -- Sending spectrometer configuration
======== Sending configuration ========
SetDeflection CDD,50.0 ===>> OK
SetDeflection H2,0.0 ===>> OK
SetDeflection H1,0.0 ===>> OK
SetDeflection L2,825.0 ===>> OK
SetDeflection L1,400.0 ===>> OK
SetDeflection AX,190.0 ===>> OK
SetZFocus 74.64 ===>> OK
SetZSymmetry -50.72 ===>> OK
SetExtractionLens 26.13 ===>> OK
SetIonRepeller -3.81 ===>> OK
SetElectronEnergy 75.08 ===>> OK
SetYSymmetry -2.81 ===>> OK
SetIonCounterVoltage 1590.0 ===>> OK
send trap current 200.0
GetParameter Trap Current Readback ===>> 198.035158395898
SetParameter Trap Current Set,200.0 ===>> OK
updating mftable name mftable
Using mftable located at /Users/jan/PychronDev/setupfiles/spectrometer/mftables/mftable.csv
============ MFtable ===========
Isotope  H2     H1     AX     L1     L2     CDD    
Ar40     5.8275 5.8816 5.9949 6.1674 6.2333 6.3957
Ar39     5.7268 5.7739 5.8873 6.0535 6.1184 6.2822
Ar36     5.4043 5.4429 5.5507 5.7124 5.7734 5.9333
================================
get initial guess parabolic
get initial guess parabolic
get initial guess parabolic
get initial guess parabolic
get initial guess parabolic
get initial guess parabolic
======== Configuration Finished ========
GetYSymmetry ===>> -2.81
GetZSymmetry ===>> -50.72
GetParameter Trap Current Readback ===>> 197.923274125618
GetHighVoltage ===>> 4499.94659342336
start measurement
do measurement
L#=bu-FC-J analysis type=blank_unknown
Measurement Started jan_unknown120_60.py
07:05:34 -- ******* Measurement Started jan_unknown120_60.py *******
state changed from extraction to measurement
setting spec, defl, and gains
GetExtractionLens ===>> 26.13
GetYSymmetry ===>> -2.81
GetZSymmetry ===>> -50.72
GetZFocus ===>> 74.64
GetDeflection H2 ===>> 0
GetDeflection H1 ===>> 0
GetDeflection AX ===>> 190
GetDeflection L1 ===>> 400
GetDeflection L2 ===>> 825
GetDeflection CDD ===>> 50
GetGain H2 ===>> 0.0113
GetGain H1 ===>> 0.1
GetGain AX ===>> 0.097049
GetGain L1 ===>> 0.010355
GetGain L2 ===>> 0.095649
GetGain CDD ===>> 0
pre measurement save
New frame /Users/jan/PychronDev/data/isotopes/a6/d7c913-5b23-46aa-8a39-9bdcfce99f35.h5
flush and close file /Users/jan/PychronDev/data/isotopes/a6/d7c913-5b23-46aa-8a39-9bdcfce99f35.h5
testing...
no interpolation path defined
executed snippet estimated_duration=226.132928, duration=0.000227212905884
unknown measurement script
activate_detectors ('H2', 'H1', 'AX', 'L1', 'L2', 'CDD') {}
activate detectors
*************** Set Analysis View Ar/Ar
create graphs
clearing graphs
clear isotope group
setting isotope det=H2, iso=PM41
setting isotope det=H1, iso=Ar40
setting isotope det=AX, iso=Ar39
setting isotope det=L1, iso=Ar38
setting isotope det=L2, iso=Ar37
setting isotope det=CDD, iso=Ar36
load analysis view
position_magnet ('Ar40',) {'detector': 'H1'}
detector Detector(H1)
POSITION Ar40 H1
setting detector H2 to PM41 (40.9624)
setting detector H1 to Ar40 (39.9624)
setting detector AX to Ar39 (38.9624)
setting detector L1 to Ar38 (37.9624)
setting detector L2 to Ar37 (36.9624)
setting detector CDD to Ar36 (35.9624)
Mapping mass to dac mass func: "parabolic"
H1 map mass coeffs = [-0.00063987  0.15840543  0.57325999]
H1 map mass to dac 39.9624 >> 5.88165
GetDeflection H1 ===>> 0
GetHighVoltage ===>> 4499.94659342336
positioning Ar40 (5.88161536351) on H1
setting magnet DAC
current  : 5.881612
requested: 5.881615
Delta Dac: 0.000003
Checking detector protection. dv=0.00000
Checking detector "CDD". Protection Threshold: 0.1 (V)
SetMagnetDAC 5.88161536351 ===>> OK
Magnet settling time: 0.500
equilibrate () {'delay': 3, 'inlet': 'R', 'outlet': 'O', 'eqtime': 12.0}
Equilibration Started
07:05:36 -- ******* Equilibration Started *******
checking ownership. requestor=129.138.12.150
check software interlocks O
interlocks []
actuate state mode=None-script, software_lock=False
doing actuation None-script close_channel True
Close O ===>> OK
GetIndicatorState O ===>> False
change switch state (True, True)
update switch state O False args=() kw={} ncanvase=8
07:05:36 -- CLOSE  VALVE-O (Jan Ion Pump)
waiting 3s before opening inlet value ('R',)
update labels <pychron.experiment.plot_panel.PlotPanel object at 0x22c82cf50>
update labels "<pychron.graph.stacked_regression_graph.StackedRegressionGraph object at 0x232e6af50>"
setting label 0 H2 PM41
setting label 1 H1 Ar40
setting label 2 AX Ar39
setting label 3 L1 Ar38
setting label 4 L2 Ar37
setting label 5 CDD Ar36
update labels "<pychron.graph.stacked_graph.StackedGraph object at 0x2288c4e90>"
setting label 0 H2 PM41
setting label 1 H1 Ar40
setting label 2 AX Ar39
setting label 3 L1 Ar38
setting label 4 L2 Ar37
setting label 5 CDD Ar36
checking ownership. requestor=129.138.12.150
check software interlocks R
interlocks []
actuate state mode=None-script, software_lock=False
doing actuation None-script open_channel True
Open R ===>> OK
GetIndicatorState R ===>> OK
change switch state (True, True)
update switch state R True args=() kw={} ncanvase=8
07:05:39 -- OPEN   VALVE-R (Jan Inlet)
set_time_zero () {}
equilibrating for 12.0sec
sniff (12.0,) {}
py_sniff
build tables- sniff [Detector(H2), Detector(H1), Detector(AX), Detector(L1), Detector(L2), Detector(CDD)]
add group /sniff/PM41 (Group) '' table H2
add group /sniff/Ar40 (Group) '' table H1
add group /sniff/Ar39 (Group) '' table AX
add group /sniff/Ar38 (Group) '' table L1
add group /sniff/Ar37 (Group) '' table L2
add group /sniff/Ar36 (Group) '' table CDD
flush and close file /Users/jan/PychronDev/data/isotopes/a6/d7c913-5b23-46aa-8a39-9bdcfce99f35.h5
measuring sniff. ncounts=12.0
"sniff" increment series count="1" fit count="0" regressing="False"
starting measurement
check iteration duration=2.19345092773e-05
GetData ===>> H2,-0.23951309855649,H1,0.230515593675285,AX,0.0946089032997525,L1,0.0241229865832642,L2,0.086943...
check iteration duration=4.10079956055e-05
GetData ===>> H2,0.797550346707842,H1,0.615909988511576,AX,1.14437101207274,L1,0.125784928142254,L2,0.254182905...
check iteration duration=3.19480895996e-05
GetData ===>> H2,0.740515243961651,H1,0.69954486675099,AX,0.657225222652605,L1,0.176528453663873,L2,0.049592589...
check iteration duration=2.8133392334e-05
GetData ===>> H2,0.340257409230282,H1,0.780099764261943,AX,0.379297504967157,L1,0.138153695987174,L2,0.16008403...
check iteration duration=4.29153442383e-05
GetData ===>> H2,0.186332572529834,H1,0.840707229765658,AX,0.249173110868471,L1,0.112303957124322,L2,0.10733509...
check iteration duration=4.31537628174e-05
GetData ===>> H2,0.0501331831923882,H1,0.841449494558844,AX,0.222710473665051,L1,0.106859349465852,L2,0.0070553...
check iteration duration=2.90870666504e-05
GetData ===>> H2,0.0980212917868155,H1,0.915991205464617,AX,0.203104139260325,L1,0.0612855823291338,L2,-0.04618...
check iteration duration=2.90870666504e-05
GetData ===>> H2,0.0571943437478649,H1,0.845436268596722,AX,0.124590581182082,L1,0.0632939440909399,L2,0.041131...
check iteration duration=1.59740447998e-05
GetData ===>> H2,0.0555649826597439,H1,0.906418892756666,AX,0.157599663139112,L1,0.0908662689959987,L2,0.172551...
check iteration duration=4.38690185547e-05
GetData ===>> H2,-0.0619825080745265,H1,0.992914266848222,AX,-0.0534876945837649,L1,0.0660647074680857,L2,0.096...
check iteration duration=4.79221343994e-05
GetData ===>> H2,0.0205015859737356,H1,1.06450236648985,AX,0.148197203068482,L1,0.068728022321734,L2,0.09261938...
Equilibration Finished
07:05:51 -- ******* Equilibration Finished *******
checking ownership. requestor=129.138.12.150
check software interlocks R
interlocks []
actuate state mode=None-script, software_lock=False
doing actuation None-script close_channel True
check iteration duration=3.00407409668e-05
GetData ===>> H2,0.0610580157912795,H1,1.0702324471058,AX,0.194521801831141,L1,0.0659142926443159,L2,0.03875982...
Close R ===>> OK
GetIndicatorState R ===>> False
change switch state (True, True)
update switch state R False args=() kw={} ncanvase=8
07:05:52 -- CLOSE  VALVE-R (Jan Inlet)
Post Equilibration Started jan_pump_extraction_line.py
07:05:52 -- ******* Post Equilibration Started jan_pump_extraction_line.py *******
testing...
no interpolation path defined
calculate duration
testing...
no interpolation path defined
executed snippet estimated_duration=4.0, duration=0.000149011611938
executed snippet estimated_duration=4.0, duration=0.00163912773132
Pump after analysis
doing GOSUB
testing...
no interpolation path defined
executed snippet estimated_duration=4.0, duration=0.000217199325562
Pump Microbone
close () {'description': 'Jan Inlet'}
closing name=--- desc=Jan Inlet
checking ownership. requestor=129.138.12.150
check software interlocks R
interlocks []
actuate state mode=None-script, software_lock=False
doing actuation None-script close_channel False
Close R ===>> OK
check iteration duration=2.69412994385e-05
waiting for write to finish
measurement finished
estimated time: 12.583 actual time: :12.722
flush and close file /Users/jan/PychronDev/data/isotopes/a6/d7c913-5b23-46aa-8a39-9bdcfce99f35.h5
set_fits () {}
using default fits file=/Users/jan/PychronDev/scripts/measurement/fits/nominal_linear.yaml
GetIndicatorState R ===>> False
change switch state (True, True)
update switch state R False args=() kw={} ncanvase=8
set "Ar40" to "('Linear', 'SEM')"
No fit for "PM41". defaulting to linear. check the measurement script "jan_unknown120_60.py"
set "PM41" to "linear"
set "Ar36" to "('Linear', 'SEM')"
set "Ar37" to "('linear', 'SEM')"
set "Ar38" to "('linear', 'SEM')"
set "Ar39" to "('Linear', 'SEM')"
set_baseline_fits () {}
using default fits file=/Users/jan/PychronDev/scripts/measurement/fits/nominal_linear.yaml
set "H1" to "('average', 'SEM')"
set "H2" to "('average', 'SEM')"
set "CDD" to "('average', 'SEM')"
set "L2" to "('average', 'SEM')"
set "L1" to "('average', 'SEM')"
set "AX" to "('average', 'SEM')"
multicollect () {'integration_time': 1, 'ncounts': 120}
07:05:52 -- CLOSE  VALVE-R (Jan Inlet)
build tables- signal [Detector(H2), Detector(H1), Detector(AX), Detector(L1), Detector(L2), Detector(CDD)]
---------------------------------------- close None (Jan Inlet) result=[(True, True)]
add group /signal/PM41 (Group) '' table H2
add group /signal/Ar40 (Group) '' table H1
add group /signal/Ar39 (Group) '' table AX
add group /signal/Ar38 (Group) '' table L1
add group /signal/Ar37 (Group) '' table L2
add group /signal/Ar36 (Group) '' table CDD
flush and close file /Users/jan/PychronDev/data/isotopes/a6/d7c913-5b23-46aa-8a39-9bdcfce99f35.h5
measuring signal. ncounts=120
action=close, ok=True, locked=[False]
is_closed ('F',) {}
is F () closed?
is closed True
open () {'description': 'CO2 Laser to Jan'}
opening name=--- desc=CO2 Laser to Jan
checking ownership. requestor=129.138.12.150
check software interlocks A
interlocks []
actuate state mode=None-script, software_lock=False
doing actuation None-script open_channel False
Open A ===>> OK
GetIndicatorState A ===>> OK
change switch state (True, True)
update switch state A True args=() kw={} ncanvase=8
07:05:53 -- OPEN   VALVE-A (CO2 Laser to Jan)
---------------------------------------- open None (CO2 Laser to Jan) result=[(True, True)], time=0.15 sec
starting measurement
check iteration duration=0.000123977661133
GetData ===>> H2,0.196782495294195,H1,1.22891614997311,AX,0.270244681611216,L1,0.0585518179234266,L2,0.11188363...
action=open, ok=True, locked=[False]
sleep (1,) {}
SLEEP 1.0
"signal" increment series count="2" fit count="1" regressing="True"
check iteration duration=5.00679016113e-05
GetData ===>> H2,0.0934833813634324,H1,1.28492675441525,AX,0.108345492445454,L1,0.0140228225043188,L2,0.1260664...
close () {'description': 'CO2 Laser to Roughing'}
closing name=--- desc=CO2 Laser to Roughing
checking ownership. requestor=129.138.12.150
check software interlocks G
interlocks []
actuate state mode=None-script, software_lock=True
VALVE-G(CO2 Laser to Roughing) software locked
change switch state (True, False)
---------------------------------------- close None (CO2 Laser to Roughing) result=[(True, False)]
action=close, ok=True, locked=[True]
open () {'description': 'Microbone to Turbo'}
opening name=--- desc=Microbone to Turbo
checking ownership. requestor=129.138.12.150
check software interlocks U
interlocks []
actuate state mode=None-script, software_lock=False
doing actuation None-script open_channel True
Open U ===>> OK
GetIndicatorState U ===>> OK
change switch state (True, True)
update switch state U True args=() kw={} ncanvase=8
07:05:54 -- OPEN   VALVE-U (Microbone to Turbo)
---------------------------------------- open None (Microbone to Turbo) result=[(True, True)], time=0.19 sec
action=open, ok=True, locked=[False]
open () {'description': 'Microbone to Getter NP-10'}
opening name=--- desc=Microbone to Getter NP-10
checking ownership. requestor=129.138.12.150
check software interlocks M
interlocks []
actuate state mode=None-script, software_lock=False
doing actuation None-script open_channel False
Open M ===>> OK
GetIndicatorState M ===>> OK
change switch state (True, True)
update switch state M True args=() kw={} ncanvase=8
07:05:55 -- OPEN   VALVE-M (Microbone to Getter NP-10)
---------------------------------------- open None (Microbone to Getter NP-10) result=[(True, True)], time=0.16 sec
action=open, ok=True, locked=[False]
open () {'description': 'Microbone to Getter D-50'}
opening name=--- desc=Microbone to Getter D-50
checking ownership. requestor=129.138.12.150
check software interlocks K
interlocks []
actuate state mode=None-script, software_lock=False
doing actuation None-script open_channel False
check iteration duration=6.50882720947e-05
GetData ===>> H2,-0.0154588668891237,H1,1.26794510022326,AX,0.121909954883211,L1,0.0126697754542811,L2,0.125165...
Open K ===>> OK
GetIndicatorState K ===>> OK
change switch state (True, True)
update switch state K True args=() kw={} ncanvase=8
07:05:55 -- OPEN   VALVE-K (Microbone to Getter D-50)
---------------------------------------- open None (Microbone to Getter D-50) result=[(True, True)], time=0.44 sec
action=open, ok=True, locked=[False]
open () {'description': 'Microbone to CO2 Laser'}
opening name=--- desc=Microbone to CO2 Laser
checking ownership. requestor=129.138.12.150
check software interlocks T
interlocks []
actuate state mode=None-script, software_lock=False
doing actuation None-script open_channel False
Open T ===>> OK
GetIndicatorState T ===>> OK
change switch state (True, True)
update switch state T True args=() kw={} ncanvase=8
07:05:56 -- OPEN   VALVE-T (Microbone to CO2 Laser)
---------------------------------------- open None (Microbone to CO2 Laser) result=[(True, True)], time=0.44 sec
check iteration duration=4.60147857666e-05
GetData ===>> H2,-0.0551865850833699,H1,1.28377455166528,AX,0.0275561580520943,L1,0.0500963997091455,L2,0.03255...
action=open, ok=True, locked=[False]
open () {'description': 'Microbone to Inlet Pipette'}
opening name=--- desc=Microbone to Inlet Pipette
checking ownership. requestor=129.138.12.150
check software interlocks S
interlocks []
actuate state mode=None-script, software_lock=False
doing actuation None-script open_channel False
Open S ===>> OK
GetIndicatorState S ===>> OK
change switch state (True, True)
update switch state S True args=() kw={} ncanvase=8
07:05:57 -- OPEN   VALVE-S (Microbone to Inlet Pipette)
---------------------------------------- open None (Microbone to Inlet Pipette) result=[(True, True)], time=0.43 sec
action=open, ok=True, locked=[False]
sleep (1,) {}
SLEEP 1.0
testing H1>-5.0
evaluate ot="H1.bs>-5.0" t="H1>-5.0", ctx="{'H1': None}"
check iteration duration=0.000575065612793
GetData ===>> H2,-0.184839026396047,H1,1.27756968634627,AX,-0.0299597995435464,L1,0.0225390616047294,L2,0.07127...
set_resource () {'name': 'CO2PumpTimeFlag', 'value': 30}
Set CO2PumpTimeFlag 30 ===>> OK
release ('JanCO2Flag',) {}
release JanCO2Flag
Set JanCO2Flag 0 ===>> OK
executed snippet estimated_duration=6.0, duration=6.13003778458
PumpMicrobone.py completed successfully
gosub finished
get_resource_value () {'name': 'JanMiniboneFlag'}
Read JanMiniboneFlag ===>> 0
Get Resource Value JanMiniboneFlag=0.0
get resource value 0.0
get_resource_value () {'name': 'JanMiniboneFlag'}
Read JanMiniboneFlag ===>> 0
Get Resource Value JanMiniboneFlag=0.0
executed snippet estimated_duration=4.0, duration=6.1431889534
jan_pump_extraction_line.py completed successfully
Post Equilibration Finished
07:05:58 -- ******* Post Equilibration Finished *******
check iteration duration=7.00950622559e-05
GetData ===>> H2,-0.152784858448862,H1,1.45038114697587,AX,0.0209768757117825,L1,-0.0109922609406849,L2,0.00520...
check iteration duration=5.31673431396e-05
GetData ===>> H2,-0.162948190757184,H1,1.51126893106077,AX,0.0905834288191389,L1,0.0290010503123877,L2,0.011364...
check iteration duration=8.48770141602e-05
GetData ===>> H2,-0.219145478869279,H1,1.55353234048461,AX,0.0207912234014206,L1,0.0412084656699465,L2,0.021623...
check iteration duration=9.29832458496e-05
GetData ===>> H2,-0.113963019189004,H1,1.48829353033688,AX,-0.0397589487285723,L1,-0.00939526557592558,L2,0.081...
testing H1>-5.0
evaluate ot="H1.bs>-5.0" t="H1>-5.0", ctx="{'H1': None}"
check iteration duration=0.00127792358398
GetData ===>> H2,-0.129248096487208,H1,1.53620893235689,AX,-0.0274895624470315,L1,0.00665709725379718,L2,0.1271...
check iteration duration=6.50882720947e-05
GetData ===>> H2,-0.149573389588138,H1,1.57765301765049,AX,0.0017405374267966,L1,0.0038244390672967,L2,0.062833...
check iteration duration=4.6968460083e-05
GetData ===>> H2,-0.114827842647682,H1,1.65094360908389,AX,-0.0241610217563828,L1,-0.0422588747144388,L2,0.0784...
check iteration duration=7.91549682617e-05
GetData ===>> H2,-0.195760342257339,H1,1.63482195051368,AX,-0.0119708643781512,L1,-0.0329017905539321,L2,0.0364...
check iteration duration=9.70363616943e-05
GetData ===>> H2,-0.228198654051354,H1,1.735043989161,AX,-0.0369642623712351,L1,-0.0105163060954705,L2,0.049056...
testing H1>-5.0
evaluate ot="H1.bs>-5.0" t="H1>-5.0", ctx="{'H1': None}"
check iteration duration=0.000591993331909
GetData ===>> H2,-0.137673353231147,H1,1.76604600806554,AX,0.0347741538416234,L1,-0.0123288903284166,L2,0.08236...
check iteration duration=4.79221343994e-05
GetData ===>> H2,-0.153055134070534,H1,1.83003255054042,AX,0.0424220998162274,L1,-0.041824181177943,L2,-0.06133...
check iteration duration=7.10487365723e-05
GetData ===>> H2,-0.244809130062044,H1,1.90427973091298,AX,-0.0552036516438824,L1,-0.00928495323728795,L2,0.099...
check iteration duration=6.00814819336e-05
GetData ===>> H2,-0.261838386345184,H1,1.92364496862585,AX,0.00742518742698237,L1,0.00680347114902014,L2,0.0026...
check iteration duration=6.103515625e-05
GetData ===>> H2,-0.205668630733575,H1,1.99032772496162,AX,0.0725810373630136,L1,-0.00972259833410994,L2,-0.012...
testing H1>-5.0
evaluate ot="H1.bs>-5.0" t="H1>-5.0", ctx="{'H1': None}"
check iteration duration=0.00120186805725
GetData ===>> H2,-0.125205997788329,H1,2.07697432443175,AX,-0.017016452473359,L1,-0.00164048206509272,L2,0.0980...
check iteration duration=6.19888305664e-05
GetData ===>> H2,-0.12030082341927,H1,2.11191656635588,AX,0.0657614129110253,L1,0.00483540837342126,L2,0.004661...
check iteration duration=7.60555267334e-05
GetData ===>> H2,-0.199959852008246,H1,2.07843252088129,AX,0.0727898089111888,L1,0.0182872495896822,L2,0.008195...
check iteration duration=5.98430633545e-05
GetData ===>> H2,-0.206632166292388,H1,2.12242932316558,AX,0.0289602600019255,L1,0.022259076470799,L2,0.0867724...
check iteration duration=9.79900360107e-05
GetData ===>> H2,-0.0990914887820537,H1,2.18366557052108,AX,0.0218355222527945,L1,0.0109052044725764,L2,0.06351...
testing H1>-5.0
evaluate ot="H1.bs>-5.0" t="H1>-5.0", ctx="{'H1': None}"
check iteration duration=0.000979900360107
07:06:18 -- collecting point 25
GetData ===>> H2,-0.220923824350213,H1,2.20360233624166,AX,0.0125300540029082,L1,-0.0111553032686169,L2,0.02864...
check iteration duration=7.48634338379e-05
GetData ===>> H2,-0.198009984493317,H1,2.24030396783352,AX,0.000603647262873228,L1,-0.00487626644605811,L2,0.05...
check iteration duration=3.69548797607e-05
GetData ===>> H2,-0.0373053543003423,H1,2.21032916872577,AX,0.0033182845520192,L1,-0.0182754995749475,L2,-0.066...
check iteration duration=7.20024108887e-05
GetData ===>> H2,-0.0878102683649729,H1,2.28968648597634,AX,-0.0143603019182382,L1,-0.0151620021097676,L2,-0.01...
check iteration duration=6.48498535156e-05
GetData ===>> H2,-0.214934036645792,H1,2.33471142439046,AX,0.0815122202389078,L1,-0.0232639616243051,L2,0.19265...
testing H1>-5.0
evaluate ot="H1.bs>-5.0" t="H1>-5.0", ctx="{'H1': None}"
check iteration duration=0.000587224960327
GetData ===>> H2,-0.243497130086228,H1,2.48998014572515,AX,0.123476545709288,L1,-0.0403786600137592,L2,0.088949...
check iteration duration=6.89029693604e-05
GetData ===>> H2,-0.136763480562229,H1,2.40372228352077,AX,-0.0841616595679576,L1,0.000136822259878067,L2,-0.00...
check iteration duration=8.6784362793e-05
GetData ===>> H2,-0.088557006320912,H1,2.56974128515328,AX,0.0976252180110243,L1,0.0123756588304225,L2,0.012355...
check iteration duration=8.48770141602e-05
GetData ===>> H2,-0.117154012689741,H1,2.5490206613149,AX,0.0740888419345799,L1,0.0321464484130286,L2,0.0143963...
check iteration duration=8.51154327393e-05
GetData ===>> H2,-0.0927763060275391,H1,2.50933033814251,AX,0.0408553244720065,L1,0.0105295227976216,L2,0.14396...
testing H1>-5.0
evaluate ot="H1.bs>-5.0" t="H1>-5.0", ctx="{'H1': None}"
check iteration duration=0.000664949417114
GetData ===>> H2,-0.107126996360938,H1,2.57551366560931,AX,0.0185750262856441,L1,0.00369357278644242,L2,-0.0215...
check iteration duration=8.20159912109e-05
GetData ===>> H2,-0.136041479147827,H1,2.65779976860341,AX,0.0283568418065828,L1,-0.0345549485211343,L2,0.05888...
check iteration duration=9.51290130615e-05
GetData ===>> H2,-0.0509844014782681,H1,2.60827029824993,AX,-0.0499977155919061,L1,-0.0335818998291492,L2,0.128...
check iteration duration=7.10487365723e-05
GetData ===>> H2,-0.0917751431600954,H1,2.69870790922975,AX,-0.0308527806234611,L1,-0.0166469103634112,L2,0.022...
check iteration duration=6.50882720947e-05
GetData ===>> H2,-0.0604381514381303,H1,2.74402222665795,AX,0.085792518999633,L1,0.0333012887629706,L2,0.119499...
testing H1>-5.0
evaluate ot="H1.bs>-5.0" t="H1>-5.0", ctx="{'H1': None}"
check iteration duration=0.00131893157959
GetData ===>> H2,-0.132034482758619,H1,2.83852393852795,AX,0.168790934233679,L1,0.000666113940247313,L2,0.00300...
check iteration duration=3.88622283936e-05
GetData ===>> H2,-0.180919915502577,H1,2.85318587350407,AX,-0.0165756988820535,L1,-0.0220017944053915,L2,0.0156...
check iteration duration=8.10623168945e-05
GetData ===>> H2,-0.163777172768508,H1,2.90937326514469,AX,0.10452828975355,L1,-0.0282283874387969,L2,0.1108234...
check iteration duration=6.60419464111e-05
GetData ===>> H2,-0.217878910745526,H1,2.82194108396203,AX,0.0657150225434867,L1,0.00450401058062699,L2,0.11855...
check iteration duration=7.29560852051e-05
GetData ===>> H2,-0.165314814316189,H1,2.95446862409305,AX,0.125379697351202,L1,0.00231297708927206,L2,-0.09783...
testing H1>-5.0
evaluate ot="H1.bs>-5.0" t="H1>-5.0", ctx="{'H1': None}"
check iteration duration=0.00247097015381
GetData ===>> H2,-0.160675604975556,H1,3.04796346875256,AX,0.0910822538005311,L1,-0.0153575235584654,L2,0.00519...
check iteration duration=9.70363616943e-05
GetData ===>> H2,-0.129398126620874,H1,3.01601012362684,AX,0.051057225215311,L1,0.00217492792770623,L2,0.110492...
check iteration duration=6.50882720947e-05
GetData ===>> H2,-0.122014561950657,H1,3.12501668272709,AX,0.0338457642659328,L1,-0.00633364940068871,L2,0.0318...
check iteration duration=6.79492950439e-05
GetData ===>> H2,-0.131356818341253,H1,3.11314843987616,AX,0.0690551854970389,L1,0.0107923784722767,L2,-0.03859...
check iteration duration=8.51154327393e-05
GetData ===>> H2,-0.229045418926502,H1,3.20432984814378,AX,0.0946321053640974,L1,0.00410658775115689,L2,0.06925...
testing H1>-5.0
evaluate ot="H1.bs>-5.0" t="H1>-5.0", ctx="{'H1': None}"
check iteration duration=0.000581026077271
07:06:45 -- collecting point 50
GetData ===>> H2,-0.27423079246647,H1,3.29426787328881,AX,0.058478395851709,L1,-0.00408091417567471,L2,0.091285...
check iteration duration=6.29425048828e-05
GetData ===>> H2,-0.156919370679675,H1,3.22288313211188,AX,0.198203171989227,L1,-0.0104407746678959,L2,-0.02091...
check iteration duration=8.20159912109e-05
GetData ===>> H2,-0.0265275121772188,H1,3.2303732676856,AX,0.111675514849869,L1,-0.015963256076869,L2,0.0321809...
check iteration duration=8.39233398438e-05
GetData ===>> H2,-0.0647588400444398,H1,3.27961827786185,AX,-0.0410576968173169,L1,-0.0259591712250914,L2,0.053...
check iteration duration=4.41074371338e-05
GetData ===>> H2,-0.0674891811880317,H1,3.46306277519413,AX,0.14361238195197,L1,-0.0255265961991416,L2,0.035738...
testing H1>-5.0
evaluate ot="H1.bs>-5.0" t="H1>-5.0", ctx="{'H1': None}"
check iteration duration=0.000597953796387
GetData ===>> H2,-0.0330462283022585,H1,3.44491991253564,AX,0.0964650859124135,L1,0.0193935813141227,L2,0.05198...
check iteration duration=7.20024108887e-05
GetData ===>> H2,-0.112342820520185,H1,3.47212934991903,AX,0.0808974502314826,L1,0.00575850412924598,L2,-0.0064...
check iteration duration=7.29560852051e-05
GetData ===>> H2,-0.152021569663125,H1,3.49126040761851,AX,-0.0569543604334788,L1,-0.0107608801621994,L2,0.0498...
check iteration duration=8.10623168945e-05
GetData ===>> H2,-0.230150560284952,H1,3.44993163104255,AX,-0.0371614005542693,L1,-0.0172909421730497,L2,0.1229...
check iteration duration=7.00950622559e-05
GetData ===>> H2,-0.169505481735616,H1,3.53812527691033,AX,0.159724048316383,L1,-0.00362142865036988,L2,0.06835...
testing H1>-5.0
evaluate ot="H1.bs>-5.0" t="H1>-5.0", ctx="{'H1': None}"
check iteration duration=0.00103807449341
GetData ===>> H2,-0.085671066767606,H1,3.52692587694057,AX,0.261374330254708,L1,0.0276593283226577,L2,0.1381074...
check iteration duration=5.00679016113e-05
GetData ===>> H2,-0.0260614557454846,H1,3.63965551288905,AX,0.239248411975721,L1,0.0344718862301946,L2,0.010737...
check iteration duration=4.88758087158e-05
GetData ===>> H2,-0.174430501505684,H1,3.63040033177262,AX,0.0707137117552565,L1,0.00947576844349183,L2,0.02047...
check iteration duration=3.69548797607e-05
GetData ===>> H2,-0.272691219068257,H1,3.75820691429045,AX,0.101186909895082,L1,-0.0273083023485286,L2,0.057997...
check iteration duration=3.81469726562e-05
GetData ===>> H2,-0.23124886407763,H1,3.72611370965366,AX,0.161047459222153,L1,0.00567572721947294,L2,-0.043426...
testing H1>-5.0
evaluate ot="H1.bs>-5.0" t="H1>-5.0", ctx="{'H1': None}"
check iteration duration=0.000745058059692
GetData ===>> H2,-0.232185568238439,H1,3.77120741482997,AX,0.188076835678461,L1,-0.0158984864199135,L2,0.067919...
check iteration duration=9.41753387451e-05
GetData ===>> H2,-0.2284988657117,H1,3.8637289118254,AX,0.122455357719163,L1,-0.0263869348792572,L2,0.069322767...
check iteration duration=3.60012054443e-05
GetData ===>> H2,-0.22114879206083,H1,3.84525680889312,AX,0.137333268246241,L1,-0.0257722435798024,L2,0.0738167...
check iteration duration=5.60283660889e-05
GetData ===>> H2,-0.183233771516242,H1,3.8341678573129,AX,0.162394106317075,L1,0.0128810645317617,L2,-0.0011739...
check iteration duration=8.79764556885e-05
GetData ===>> H2,-0.149954222312134,H1,3.93508152984332,AX,0.150182091292709,L1,-0.0290741205695286,L2,0.006713...
testing H1>-5.0
evaluate ot="H1.bs>-5.0" t="H1>-5.0", ctx="{'H1': None}"
check iteration duration=0.000622987747192
GetData ===>> H2,-0.193236598508416,H1,3.94814107070196,AX,0.0496411978560487,L1,-0.0441447239507932,L2,0.01120...
check iteration duration=4.38690185547e-05
GetData ===>> H2,-0.134313356585321,H1,3.96035094230263,AX,0.129174507045758,L1,-0.00336348372174469,L2,0.05840...
check iteration duration=6.91413879395e-05
GetData ===>> H2,-0.139523968588957,H1,3.99774363638217,AX,0.0665500525404248,L1,-0.0257003474065025,L2,0.11782...
check iteration duration=6.69956207275e-05
GetData ===>> H2,-0.15617499956496,H1,3.99383829363733,AX,0.216031332612469,L1,0.000152424564535347,L2,0.006793...
check iteration duration=8.20159912109e-05
GetData ===>> H2,-0.166007292357971,H1,4.23836988290984,AX,0.145330213698915,L1,-0.0171674159893972,L2,0.068444...
testing H1>-5.0
evaluate ot="H1.bs>-5.0" t="H1>-5.0", ctx="{'H1': None}"
check iteration duration=0.000730991363525
07:07:11 -- collecting point 75
GetData ===>> H2,-0.130877965189447,H1,4.14255327044886,AX,0.04880551924156,L1,-0.0207994118679307,L2,-0.035018...
check iteration duration=8.08238983154e-05
GetData ===>> H2,-0.158032458778638,H1,4.21334757664054,AX,0.100049938723165,L1,-0.00819615356608097,L2,-0.0204...
check iteration duration=4.2200088501e-05
GetData ===>> H2,-0.210093479080283,H1,4.20208101148523,AX,0.162568243076465,L1,-0.0622960052783424,L2,0.050710...
check iteration duration=7.10487365723e-05
GetData ===>> H2,-0.256477200902907,H1,4.31950216989259,AX,0.0681273509613818,L1,-0.0636967345510917,L2,0.02021...
check iteration duration=6.50882720947e-05
GetData ===>> H2,-0.187277499090524,H1,4.34608681997257,AX,0.185731206063529,L1,-0.0344339098822366,L2,0.043263...
testing H1>-5.0
evaluate ot="H1.bs>-5.0" t="H1>-5.0", ctx="{'H1': None}"
check iteration duration=0.000977039337158
GetData ===>> H2,-0.165429555318635,H1,4.41888273060373,AX,0.307162836578949,L1,-0.0359138367735961,L2,0.022148...
check iteration duration=9.89437103271e-05
GetData ===>> H2,-0.180836257040237,H1,4.34237040159429,AX,0.239387699002769,L1,-0.0122281997680255,L2,0.011968...
check iteration duration=5.81741333008e-05
GetData ===>> H2,-0.20121239043204,H1,4.43994371924752,AX,0.143229356030645,L1,0.00334300360528449,L2,0.0157528...
check iteration duration=7.20024108887e-05
GetData ===>> H2,-0.0607323953309323,H1,4.43673612034472,AX,0.220340778182241,L1,-0.0156945792220449,L2,0.10790...
check iteration duration=7.29560852051e-05
GetData ===>> H2,-0.0521813065794682,H1,4.4458103484766,AX,0.16664313210695,L1,-0.00379898690065353,L2,0.023972...
testing H1>-5.0
evaluate ot="H1.bs>-5.0" t="H1>-5.0", ctx="{'H1': None}"
check iteration duration=0.00104188919067
GetData ===>> H2,-0.12965898510375,H1,4.50351107500315,AX,0.0532252201329568,L1,-0.00939166845351609,L2,0.08676...
check iteration duration=8.98838043213e-05
GetData ===>> H2,-0.18833877197221,H1,4.49102661412171,AX,0.16312548279818,L1,0.0127646148899219,L2,0.099526713...
check iteration duration=3.60012054443e-05
GetData ===>> H2,-0.155672420097897,H1,4.5895782316687,AX,0.255151633613867,L1,0.021882971340629,L2,0.053264603...
check iteration duration=8.51154327393e-05
GetData ===>> H2,-0.15593587179102,H1,4.54797495030539,AX,0.116398076339834,L1,0.00651072548543521,L2,0.0861000...
check iteration duration=5.19752502441e-05
GetData ===>> H2,-0.0859216015844721,H1,4.6385844180467,AX,0.122072414983034,L1,0.00229737143701515,L2,-0.04458...
testing H1>-5.0
evaluate ot="H1.bs>-5.0" t="H1>-5.0", ctx="{'H1': None}"
check iteration duration=0.00113201141357
GetData ===>> H2,-0.0977753815974471,H1,4.6765258611053,AX,0.203336418708972,L1,-0.00823212900485425,L2,0.01138...
check iteration duration=4.31537628174e-05
GetData ===>> H2,-0.0642423959674619,H1,4.68525056096272,AX,0.241894899529756,L1,-0.0128323280197502,L2,-0.0069...
check iteration duration=6.98566436768e-05
GetData ===>> H2,-0.0475341139248705,H1,4.80311288883775,AX,0.186242130476137,L1,-0.000669663953133647,L2,-0.04...
check iteration duration=7.70092010498e-05
GetData ===>> H2,-0.102746542457393,H1,4.84073153902449,AX,0.242510102106392,L1,0.0373376590496429,L2,0.0730411...
check iteration duration=7.08103179932e-05
GetData ===>> H2,-0.150869789069038,H1,4.83038472819259,AX,0.218761013206311,L1,0.0356558421649495,L2,0.0543479...
testing H1>-5.0
evaluate ot="H1.bs>-5.0" t="H1>-5.0", ctx="{'H1': None}"
check iteration duration=0.000584840774536
GetData ===>> H2,-0.139129268071646,H1,4.78505784064576,AX,0.154500233439907,L1,-0.00156968390820965,L2,-0.0686...
check iteration duration=4.10079956055e-05
GetData ===>> H2,-0.132656653971997,H1,4.86980783043622,AX,0.18676466957848,L1,-0.0160724039999437,L2,0.0521242...
check iteration duration=7.29560852051e-05
GetData ===>> H2,-0.154045639142286,H1,4.96472644425074,AX,0.265879067499334,L1,-0.000770470188442268,L2,0.0291...
check iteration duration=7.10487365723e-05
GetData ===>> H2,-0.167949514666735,H1,4.96775824907629,AX,0.259005943661068,L1,-0.00637442909918897,L2,-0.0130...
check iteration duration=3.88622283936e-05
GetData ===>> H2,-0.17640552341685,H1,4.99271291738548,AX,0.129290558601674,L1,-0.0232747486957373,L2,0.0535953...
testing H1>-5.0
evaluate ot="H1.bs>-5.0" t="H1>-5.0", ctx="{'H1': None}"
check iteration duration=0.000577926635742
07:07:37 -- collecting point 100
GetData ===>> H2,-0.0973975819342673,H1,5.06286260931839,AX,0.146015033448768,L1,-0.0505132842928845,L2,0.10214...
check iteration duration=4.00543212891e-05
GetData ===>> H2,-0.0733867388204606,H1,5.11143249403709,AX,0.277466951253865,L1,-0.010799244182449,L2,0.061863...
check iteration duration=7.29560852051e-05
GetData ===>> H2,-0.120524016332986,H1,5.22230075358829,AX,0.292064071863192,L1,0.00793854092068368,L2,0.014635...
check iteration duration=3.69548797607e-05
GetData ===>> H2,-0.200468164730172,H1,5.18234763036187,AX,0.186602101557428,L1,0.0162586896405085,L2,-0.008319...
check iteration duration=3.79085540771e-05
GetData ===>> H2,-0.0879620593621525,H1,5.29571164119267,AX,0.0899105991706856,L1,0.0186860435544487,L2,0.03824...
testing H1>-5.0
evaluate ot="H1.bs>-5.0" t="H1>-5.0", ctx="{'H1': None}"
check iteration duration=0.00104999542236
GetData ===>> H2,-0.186012472076185,H1,5.25980117880895,AX,0.23044723361143,L1,-0.00673784088139613,L2,0.045293...
check iteration duration=3.38554382324e-05
GetData ===>> H2,-0.132808133972772,H1,5.2068048871371,AX,0.170323449021432,L1,0.013728666386465,L2,0.044461129...
check iteration duration=9.41753387451e-05
GetData ===>> H2,-0.231399603324061,H1,5.29994730846959,AX,0.14358916821692,L1,-0.0199469878410068,L2,0.0787948...
check iteration duration=4.81605529785e-05
GetData ===>> H2,-0.172062309476861,H1,5.29836809418616,AX,0.240896654555099,L1,-0.00520374617802157,L2,-0.0094...
check iteration duration=7.89165496826e-05
GetData ===>> H2,-0.176450068811335,H1,5.36361352419796,AX,0.244053929445728,L1,-0.0124559507883421,L2,0.086259...
testing H1>-5.0
evaluate ot="H1.bs>-5.0" t="H1>-5.0", ctx="{'H1': None}"
check iteration duration=0.00106596946716
GetData ===>> H2,-0.0852282160478609,H1,5.38099725019918,AX,0.194788899718199,L1,-0.0191580416135488,L2,0.01922...
check iteration duration=8.29696655273e-05
GetData ===>> H2,-0.114784535371206,H1,5.44708760829187,AX,0.285328454241207,L1,-0.0237337877926312,L2,-0.01614...
check iteration duration=8.70227813721e-05
GetData ===>> H2,-0.139334730328745,H1,5.46210504766214,AX,0.265101172743003,L1,-0.0449851598771234,L2,0.081210...
check iteration duration=7.10487365723e-05
GetData ===>> H2,-0.113477119209897,H1,5.52850939065326,AX,0.331290870201929,L1,-0.026104157583139,L2,0.0581456...
check iteration duration=8.10623168945e-05
GetData ===>> H2,-0.0803719781670352,H1,5.55268489138394,AX,0.210409593057052,L1,-0.0144263812470546,L2,-0.0091...
testing H1>-5.0
evaluate ot="H1.bs>-5.0" t="H1>-5.0", ctx="{'H1': None}"
check iteration duration=0.000625133514404
GetData ===>> H2,-0.134662247604809,H1,5.59321489137539,AX,0.155428891167895,L1,0.010248670887584,L2,0.03676445...
check iteration duration=8.51154327393e-05
GetData ===>> H2,-0.149046684954827,H1,5.49724413471242,AX,0.186590489566298,L1,0.0253786904890595,L2,0.0749460...
check iteration duration=8.20159912109e-05
GetData ===>> H2,-0.145056440324509,H1,5.60172760679853,AX,0.182526377677741,L1,-0.00567035640460262,L2,0.08219...
check iteration duration=9.51290130615e-05
GetData ===>> H2,-0.136894625700623,H1,5.70153354937901,AX,0.258007523419341,L1,-0.0119836613557953,L2,-0.01871...
check iteration duration=4.00543212891e-05
GetData ===>> H2,-0.180909120897004,H1,5.66952113653321,AX,0.301738626578994,L1,0.0195905955742056,L2,0.0711933...
testing H1>-5.0
evaluate ot="H1.bs>-5.0" t="H1>-5.0", ctx="{'H1': None}"
check iteration duration=0.000590085983276
GetData ===>> H2,-0.200534230223766,H1,5.75040540228888,AX,0.278802316957358,L1,0.00972659519137589,L2,0.084185...
check iteration duration=2.71797180176e-05
waiting for write to finish
measurement finished
estimated time: 125.829 actual time: :126.501
flush and close file /Users/jan/PychronDev/data/isotopes/a6/d7c913-5b23-46aa-8a39-9bdcfce99f35.h5
baselines () {'settling_time': 15.0, 'detector': 'H1', 'mass': 34.2, 'ncounts': 60}
%%%%%%%%%%%%%%%%%%%%%%%%%%%%%%%% Baseline
build tables- baseline [Detector(H2), Detector(H1), Detector(AX), Detector(L1), Detector(L2), Detector(CDD)]
add group baseline table H2
add group baseline table H1
add group baseline table AX
add group baseline table L1
add group baseline table L2
add group baseline table CDD
flush and close file /Users/jan/PychronDev/data/isotopes/a6/d7c913-5b23-46aa-8a39-9bdcfce99f35.h5
detector Detector(H1)
POSITION 34.2 H1
Mapping mass to dac mass func: "parabolic"
H1 map mass coeffs = [-0.00063987  0.15840543  0.57325999]
H1 map mass to dac 34.2 >> 5.24230599104
GetDeflection H1 ===>> 0
GetHighVoltage ===>> 4499.94659342336
positioning 34.2 (5.2422751196) on H1
setting magnet DAC
current  : 5.881615
requested: 5.242275
Delta Dac: 0.639340
Checking detector protection. dv=0.63934
Checking detector "CDD". Protection Threshold: 0.1 (V)
ProtectDetector CDD,On ===>> OK
GetDeflection CDD ===>> 2000
Protected = 2000
SetMagnetDAC 5.2422751196 ===>> OK
Magnet settling time: 0.500
GetMagnetMoving ===>> True
GetMagnetMoving ===>> True
GetMagnetMoving ===>> True
GetMagnetMoving ===>> True
GetMagnetMoving ===>> True
GetMagnetMoving ===>> True
GetMagnetMoving ===>> True
GetMagnetMoving ===>> True
GetMagnetMoving ===>> False
ProtectDetector CDD,Off ===>> OK
GetDeflection CDD ===>> 50
Delaying 15.0s for detectors to settle
Join finished
measuring baseline. ncounts=60
"baseline" increment series count="2" fit count="1" regressing="True"
starting measurement
check iteration duration=7.70092010498e-05
GetData ===>> H2,-0.152907834655657,H1,0.0374959729021686,AX,-0.089458489197615,L1,-0.0328670654303858,L2,-0.07...
check iteration duration=6.50882720947e-05
GetData ===>> H2,-0.227937476881004,H1,0.0645518571050776,AX,-0.236779808303871,L1,-0.0464695188388919,L2,-0.05...
check iteration duration=5.10215759277e-05
GetData ===>> H2,-0.323443337918939,H1,-0.0465847900202874,AX,-0.0898409624500523,L1,-0.0406217903793455,L2,0.0...
check iteration duration=9.58442687988e-05
GetData ===>> H2,-0.225632393925377,H1,-0.0027461224145096,AX,-0.135811172588098,L1,-0.0304012750587619,L2,0.04...
testing H1>-5.0
evaluate ot="H1.bs>-5.0" t="H1>-5.0", ctx="{'H1': None}"
check iteration duration=0.00136709213257
GetData ===>> H2,-0.217907207966241,H1,0.0197650278043639,AX,-0.170603413215681,L1,0.010767172836353,L2,0.00765...
check iteration duration=9.98973846436e-05
GetData ===>> H2,-0.201797490029213,H1,0.00416057613035221,AX,-0.135312559530527,L1,0.00852532374802701,L2,0.01...
check iteration duration=7.60555267334e-05
GetData ===>> H2,-0.201797490029213,H1,0.00416057613035221,AX,-0.135312559530527,L1,0.00852532374802701,L2,0.01...
check iteration duration=4.60147857666e-05
GetData ===>> H2,-0.17523648164151,H1,0.040276412631113,AX,-0.0847064234020459,L1,-0.0452844434465063,L2,0.0367...
check iteration duration=4.81605529785e-05
GetData ===>> H2,-0.141170208252047,H1,0.0261960103619564,AX,-0.0681651064931167,L1,0.0117694455258987,L2,-0.04...
testing H1>-5.0
evaluate ot="H1.bs>-5.0" t="H1>-5.0", ctx="{'H1': None}"
check iteration duration=0.000566959381104
GetData ===>> H2,-0.214188020122891,H1,-0.0140176897679865,AX,-0.183955876488203,L1,0.0355224148026407,L2,0.032...
check iteration duration=6.60419464111e-05
GetData ===>> H2,-0.172771912377287,H1,-0.0242504579913703,AX,-0.0522702742668569,L1,-0.0104012103605657,L2,0.0...
check iteration duration=0.000105857849121
GetData ===>> H2,-0.132875758320199,H1,0.043462676704409,AX,0.0217310918635306,L1,-0.0166037335721188,L2,-0.067...
check iteration duration=3.91006469727e-05
GetData ===>> H2,-0.139487472884491,H1,-0.0517950196454951,AX,-0.105752835255714,L1,-0.0247189132496587,L2,-0.1...
check iteration duration=7.10487365723e-05
GetData ===>> H2,-0.154187518866945,H1,-0.0304874014440458,AX,-0.0365351955336617,L1,-0.0106445883323522,L2,-0....
testing H1>-5.0
evaluate ot="H1.bs>-5.0" t="H1>-5.0", ctx="{'H1': None}"
check iteration duration=0.000591993331909
GetData ===>> H2,-0.108088927311058,H1,0.00224001281294868,AX,-0.0608382707978272,L1,-0.00257521105675596,L2,0....
check iteration duration=3.69548797607e-05
GetData ===>> H2,-0.0914608221508937,H1,-0.0237853548578969,AX,-0.138547701071098,L1,-0.0201783843463762,L2,-0....
check iteration duration=5.19752502441e-05
GetData ===>> H2,-0.0545611726172824,H1,0.0673688581023015,AX,-0.105045953683921,L1,-0.0422313327067159,L2,0.05...
check iteration duration=8.89301300049e-05
GetData ===>> H2,-0.121096181759611,H1,0.0143843190187233,AX,-0.0539514697460169,L1,-0.0516534779233426,L2,-0.0...
check iteration duration=3.00407409668e-05
GetData ===>> H2,-0.0920975841295593,H1,-0.0317752878147946,AX,0.0158483608377767,L1,-0.0409355755558821,L2,-0....
testing H1>-5.0
evaluate ot="H1.bs>-5.0" t="H1>-5.0", ctx="{'H1': None}"
check iteration duration=0.00121092796326
GetData ===>> H2,-0.204494758320544,H1,-0.0301058022996735,AX,-0.157678059030376,L1,-0.00615493642079408,L2,0.0...
check iteration duration=9.48905944824e-05
GetData ===>> H2,-0.31819048009338,H1,-0.0447843958993442,AX,-0.138107078803547,L1,-0.0180212747346499,L2,-0.05...
check iteration duration=3.71932983398e-05
GetData ===>> H2,-0.220106089623935,H1,-0.0527488080516168,AX,-0.143800228597077,L1,-0.0020316629073442,L2,-0.0...
check iteration duration=6.50882720947e-05
GetData ===>> H2,-0.152538902033171,H1,-0.0178461556059826,AX,-0.164772726190613,L1,-0.037073659564574,L2,-0.06...
check iteration duration=8.70227813721e-05
GetData ===>> H2,-0.0594116281678149,H1,0.00875337695858143,AX,-0.0419853634122473,L1,-0.0191412548513967,L2,0....
testing H1>-5.0
evaluate ot="H1.bs>-5.0" t="H1>-5.0", ctx="{'H1': None}"
check iteration duration=0.000555038452148
07:08:43 -- collecting point 25
GetData ===>> H2,-0.196556130145759,H1,0.0217933079441181,AX,0.0483760760769561,L1,-0.0307258502646774,L2,0.008...
check iteration duration=8.20159912109e-05
GetData ===>> H2,-0.137261012846714,H1,0.00600960047403305,AX,-0.0533717504478437,L1,-0.0113015595801726,L2,0.0...
check iteration duration=7.00950622559e-05
GetData ===>> H2,-0.192210832346287,H1,-0.0400626786546397,AX,-0.0130032013859881,L1,-0.00943962997993713,L2,-0...
check iteration duration=7.79628753662e-05
GetData ===>> H2,-0.261456451756233,H1,0.0300380931688384,AX,-0.0666580492814458,L1,-0.0192755481643329,L2,-0.0...
check iteration duration=6.98566436768e-05
GetData ===>> H2,-0.185084515898765,H1,0.044548655044996,AX,-0.204386696064982,L1,-0.0282223975737301,L2,0.0525...
testing H1>-5.0
evaluate ot="H1.bs>-5.0" t="H1>-5.0", ctx="{'H1': None}"
check iteration duration=0.000663995742798
GetData ===>> H2,-0.185108794791068,H1,0.0458613918410623,AX,-0.0561079952162701,L1,-0.0165149806970651,L2,0.01...
check iteration duration=6.79492950439e-05
GetData ===>> H2,-0.173779735324667,H1,-0.0294976256561384,AX,-0.0800932204454044,L1,0.000980581581530156,L2,-0...
check iteration duration=4.19616699219e-05
GetData ===>> H2,-0.119985640498191,H1,-0.0521526913630719,AX,-0.104524480379878,L1,0.039323982577974,L2,-0.031...
check iteration duration=6.8187713623e-05
GetData ===>> H2,-0.174599262563043,H1,-0.00849537673806005,AX,-0.283126284532074,L1,-0.0054784370787593,L2,-0....
check iteration duration=7.91549682617e-05
GetData ===>> H2,-0.261344827586207,H1,0.0407656825468951,AX,-0.0998079170839746,L1,-0.0313701788532918,L2,-0.0...
testing H1>-5.0
evaluate ot="H1.bs>-5.0" t="H1>-5.0", ctx="{'H1': None}"
check iteration duration=0.000580787658691
GetData ===>> H2,-0.182808813004633,H1,0.0516018340186221,AX,-0.0449654325169958,L1,-0.0573901179729529,L2,0.03...
check iteration duration=6.19888305664e-05
GetData ===>> H2,-0.23871746984537,H1,0.0507783408042918,AX,-0.107989328363714,L1,-0.0110809754761065,L2,-0.024...
check iteration duration=4.00543212891e-05
GetData ===>> H2,-0.219677664618546,H1,0.0269954378041117,AX,-0.0559804600932744,L1,-0.0391545350275666,L2,-0.0...
check iteration duration=6.38961791992e-05
GetData ===>> H2,-0.118768113557126,H1,0.027949986395215,AX,-0.128764239737803,L1,-0.0316803520568286,L2,0.1216...
check iteration duration=3.38554382324e-05
GetData ===>> H2,-0.176632298146044,H1,-0.045058630207495,AX,-0.0689765891701358,L1,-0.0510026382313566,L2,-0.0...
testing H1>-5.0
evaluate ot="H1.bs>-5.0" t="H1>-5.0", ctx="{'H1': None}"
check iteration duration=0.00125503540039
GetData ===>> H2,-0.151759627498296,H1,-0.0188360466221614,AX,-0.0739033030104544,L1,-0.0223649983531618,L2,-0....
check iteration duration=7.91549682617e-05
GetData ===>> H2,-0.116983524263149,H1,-0.0467755583604788,AX,-0.11959972533741,L1,-0.00176647755375302,L2,0.04...
check iteration duration=8.89301300049e-05
GetData ===>> H2,-0.220279880043526,H1,0.0494416705857371,AX,-0.072292005228639,L1,-0.0207310767398367,L2,0.070...
check iteration duration=3.2901763916e-05
GetData ===>> H2,-0.257987949808975,H1,0.0350497271231155,AX,-0.0831068953895668,L1,-0.0165269743745795,L2,-0.0...
check iteration duration=4.91142272949e-05
GetData ===>> H2,-0.161612781129277,H1,0.0270431650174931,AX,-0.060942612520078,L1,0.0108655952008991,L2,0.0285...
testing H1>-5.0
evaluate ot="H1.bs>-5.0" t="H1>-5.0", ctx="{'H1': None}"
check iteration duration=0.00123405456543
GetData ===>> H2,-0.125169490672367,H1,0.00994634671369639,AX,0.0293315961350026,L1,0.00233818627092584,L2,-0.0...
check iteration duration=6.41345977783e-05
GetData ===>> H2,-0.172314587844253,H1,0.0397274784985192,AX,-0.0614179456170152,L1,0.0108259860849307,L2,0.056...
check iteration duration=5.79357147217e-05
GetData ===>> H2,-0.188292924882608,H1,0.0116761781116416,AX,-0.117595234805228,L1,-0.0201244322691238,L2,-0.02...
check iteration duration=7.70092010498e-05
GetData ===>> H2,-0.289885091992147,H1,-0.00269840937876504,AX,-0.143092951128644,L1,-0.0165989361394267,L2,-0....
check iteration duration=7.10487365723e-05
GetData ===>> H2,-0.262555151217518,H1,-0.0148287165628201,AX,-0.168516925218859,L1,-0.0213484737673516,L2,-0.1...
testing H1>-5.0
evaluate ot="H1.bs>-5.0" t="H1>-5.0", ctx="{'H1': None}"
check iteration duration=0.000695943832397
07:09:09 -- collecting point 50
GetData ===>> H2,-0.161271139433443,H1,0.0196576494128965,AX,-0.0933411023760807,L1,-0.00462435171126866,L2,0.0...
check iteration duration=3.88622283936e-05
GetData ===>> H2,-0.176046454141579,H1,0.0380806941586932,AX,-0.0576384036546889,L1,-0.0205116818753028,L2,0.05...
check iteration duration=7.29560852051e-05
GetData ===>> H2,-0.199202059605952,H1,-0.0300342522981499,AX,-0.159834336145115,L1,-0.0278713852501519,L2,0.01...
check iteration duration=7.31945037842e-05
GetData ===>> H2,-0.163808224662166,H1,0.0387608844069522,AX,-0.0592035692081215,L1,-0.023482097931626,L2,0.030...
check iteration duration=7.20024108887e-05
GetData ===>> H2,-0.166057235531683,H1,0.0265181669214744,AX,-0.0343666396036628,L1,-0.00878973186498065,L2,-0....
testing H1>-5.0
evaluate ot="H1.bs>-5.0" t="H1>-5.0", ctx="{'H1': None}"
check iteration duration=0.000684022903442
GetData ===>> H2,-0.210189125075831,H1,-0.0638001682930821,AX,-0.0522354906054185,L1,-0.0101098683993021,L2,0.0...
check iteration duration=7.89165496826e-05
GetData ===>> H2,-0.237204225740031,H1,0.00395778199042698,AX,-0.118603278559248,L1,-0.017138632971472,L2,-0.03...
check iteration duration=5.00679016113e-05
GetData ===>> H2,-0.279518284320814,H1,0.0568532544003687,AX,-0.117386672724394,L1,-0.00125888611020844,L2,-0.0...
check iteration duration=6.69956207275e-05
GetData ===>> H2,-0.184223930416806,H1,0.0246687637419864,AX,-0.0818898455907991,L1,0.0177059035219717,L2,0.045...
check iteration duration=3.91006469727e-05
GetData ===>> H2,-0.162100244135333,H1,-0.0727643449981439,AX,-0.125948937177673,L1,-0.0174192638840564,L2,0.06...
testing H1>-5.0
evaluate ot="H1.bs>-5.0" t="H1>-5.0", ctx="{'H1': None}"
check iteration duration=0.00130796432495
GetData ===>> H2,-0.199633549047002,H1,-0.00599055549008727,AX,-0.076627378861171,L1,-0.0357880215038342,L2,0.0...
check iteration duration=3.91006469727e-05
waiting for write to finish
measurement finished
estimated time: 62.915 actual time: :63.277
flush and close file /Users/jan/PychronDev/data/isotopes/a6/d7c913-5b23-46aa-8a39-9bdcfce99f35.h5
activate_detectors ('H1', 'AX', 'CDD') {'peak_center': True}
peak_center () {'detector': 'H1', 'integration_time': 0.262144, 'isotope': 'Ar40'}
peak center: mean=5.58040336591 threshold=3
peak center started
setup peak center. detector=['H1', 'AX', 'CDD'], isotope=Ar40
VersionedUnpickler [<apptools.sweet_pickle.versioned_unpickler.VersionedUnpickler object at 0x215bcc590>] using Updater [<apptools.sweet_pickle.updater.Updater object at 0x12e273d10>]
VersionedUnpickler [<apptools.sweet_pickle.versioned_unpickler.VersionedUnpickler object at 0x215bcc590>] using Updater [<apptools.sweet_pickle.updater.Updater object at 0x12e273d10>]
VersionedUnpickler [<apptools.sweet_pickle.versioned_unpickler.VersionedUnpickler object at 0x215882590>] using Updater [<apptools.sweet_pickle.updater.Updater object at 0x12e273d10>]
setting integration time = 0.524288
SetIntegrationTime 0.524288 ===>> OK
Mapping mass to dac mass func: "parabolic"
H1 map mass coeffs = [-0.00063987  0.15840543  0.57325999]
H1 map mass to dac 39.9624 >> 5.88165
GetDeflection H1 ===>> 0
GetHighVoltage ===>> 4499.94659342336
do peak center. <pychron.spectrometer.jobs.peak_center.PeakCenter object at 0x16275af50>
doing pc
starting peak center. center dac= 5.88161536351 step_width=0.001
width = 0.001
get scan parameters. half-width=0.015,window=0.015, i=0, scalar=1
Scan parameters center=5.88162 width=0.03000 (5.86662 - 5.89662)
GetData ===>> H2,-0.23611457274701,H1,0.0175339671131926,AX,-0.114686912100316,L1,-0.0189110335728997,L2,0.0149...
Moving to starting dac 5.86661536351
setting magnet DAC
current  : 5.242275
requested: 5.866615
Delta Dac: 0.624340
Checking detector protection. dv=0.62434
Checking detector "CDD". Protection Threshold: 0.1 (V)
ProtectDetector CDD,On ===>> OK
GetDeflection CDD ===>> 2000
Protected = 2000
SetMagnetDAC 5.86661536351 ===>> OK
Magnet settling time: 0.500
GetMagnetMoving ===>> True
GetMagnetMoving ===>> True
GetMagnetMoving ===>> True
GetMagnetMoving ===>> True
GetMagnetMoving ===>> True
GetMagnetMoving ===>> True
GetMagnetMoving ===>> True
GetMagnetMoving ===>> True
GetMagnetMoving ===>> False
ProtectDetector CDD,Off ===>> OK
GetDeflection CDD ===>> 50
Wait until signal near baseline. tol= 0.0131504753349. timeout= 10
GetData ===>> H2,-0.0976580463355075,H1,0.105408626841697,AX,-0.175534998285372,L1,0.0158761835378939,L2,0.0698...
GetData ===>> H2,0.318101888818222,H1,-0.028042756730051,AX,0.0049076586148148,L1,0.0122297536709899,L2,-0.1402...
Peak center baseline intensity achieved
_do_sweep sm= 5.86661536351, em= 5.89661536351, stm= 0.001
calculated step values: start=5.86661536351, end=5.89661536351, width=0.001, nsteps=31.0
setting magnet DAC
current  : 5.866615
requested: 5.866615
Delta Dac: 0.000000
Checking detector protection. dv=0.00000
Checking detector "CDD". Protection Threshold: 0.1 (V)
SetMagnetDAC 5.86661536351 ===>> OK
GetData ===>> H2,0.282469709131742,H1,0.0547526531966771,AX,-0.0906870343031684,L1,-0.0321141980815148,L2,-0.16...
setting magnet DAC
current  : 5.866615
requested: 5.867650
Delta Dac: 0.001034
Checking detector protection. dv=0.00103
Checking detector "CDD". Protection Threshold: 0.1 (V)
SetMagnetDAC 5.86764984627 ===>> OK
Magnet settling time: 1.049
GetData ===>> H2,-0.0812119779534054,H1,0.147036489775165,AX,-0.0256687372178844,L1,-0.0380859987903655,L2,-0.0...
setting magnet DAC
current  : 5.867650
requested: 5.868684
Delta Dac: 0.001034
Checking detector protection. dv=0.00103
Checking detector "CDD". Protection Threshold: 0.1 (V)
SetMagnetDAC 5.86868432903 ===>> OK
Magnet settling time: 1.049
GetData ===>> H2,-0.190893530805322,H1,0.148252683996497,AX,-0.0183618984591491,L1,-0.0217964924672298,L2,-0.06...
setting magnet DAC
current  : 5.868684
requested: 5.869719
Delta Dac: 0.001034
Checking detector protection. dv=0.00103
Checking detector "CDD". Protection Threshold: 0.1 (V)
SetMagnetDAC 5.86971881179 ===>> OK
Magnet settling time: 1.049
GetData ===>> H2,-0.231578670218803,H1,0.409982110528584,AX,-0.135182361536225,L1,-0.0307550687992647,L2,0.0497...
setting magnet DAC
current  : 5.869719
requested: 5.870753
Delta Dac: 0.001034
Checking detector protection. dv=0.00103
Checking detector "CDD". Protection Threshold: 0.1 (V)
SetMagnetDAC 5.87075329455 ===>> OK
Magnet settling time: 1.049
GetData ===>> H2,-0.232847876822093,H1,1.35370665696366,AX,-0.0103585408551666,L1,-0.01615678175315,L2,-0.04430...
setting magnet DAC
current  : 5.870753
requested: 5.871788
Delta Dac: 0.001034
Checking detector protection. dv=0.00103
Checking detector "CDD". Protection Threshold: 0.1 (V)
SetMagnetDAC 5.87178777731 ===>> OK
Magnet settling time: 1.049
GetData ===>> H2,-0.184831058899038,H1,3.19484178397562,AX,-0.033717223078434,L1,-0.0200263374830638,L2,0.14091...
setting magnet DAC
current  : 5.871788
requested: 5.872822
Delta Dac: 0.001034
Checking detector protection. dv=0.00103
Checking detector "CDD". Protection Threshold: 0.1 (V)
SetMagnetDAC 5.87282226007 ===>> OK
Magnet settling time: 1.049
GetData ===>> H2,-0.190753456993093,H1,5.27817098218877,AX,0.166428563779547,L1,0.0108315059369777,L2,0.0897015...
setting magnet DAC
current  : 5.872822
requested: 5.873857
Delta Dac: 0.001034
Checking detector protection. dv=0.00103
Checking detector "CDD". Protection Threshold: 0.1 (V)
SetMagnetDAC 5.87385674283 ===>> OK
Magnet settling time: 1.049
GetData ===>> H2,-0.267833774865025,H1,7.04549686298324,AX,0.28311044754061,L1,0.00312450432949151,L2,-0.018854...
setting magnet DAC
current  : 5.873857
requested: 5.874891
Delta Dac: 0.001034
Checking detector protection. dv=0.00103
Checking detector "CDD". Protection Threshold: 0.1 (V)
SetMagnetDAC 5.87489122558 ===>> OK
Magnet settling time: 1.049
GetData ===>> H2,-0.275928075516956,H1,8.0488325633856,AX,0.342421749332788,L1,0.0566602683845119,L2,0.10967203...
setting magnet DAC
current  : 5.874891
requested: 5.875926
Delta Dac: 0.001034
Checking detector protection. dv=0.00103
Checking detector "CDD". Protection Threshold: 0.1 (V)
SetMagnetDAC 5.87592570834 ===>> OK
Magnet settling time: 1.049
GetData ===>> H2,-0.303909530690138,H1,8.35586619968776,AX,0.318256111467124,L1,0.0346593867418994,L2,0.1359408...
setting magnet DAC
current  : 5.875926
requested: 5.876960
Delta Dac: 0.001034
Checking detector protection. dv=0.00103
Checking detector "CDD". Protection Threshold: 0.1 (V)
SetMagnetDAC 5.8769601911 ===>> OK
Magnet settling time: 1.049
GetData ===>> H2,-0.24472974157646,H1,8.58492081388975,AX,0.368662189391131,L1,-0.00806304332468231,L2,-0.00806...
setting magnet DAC
current  : 5.876960
requested: 5.877995
Delta Dac: 0.001034
Checking detector protection. dv=0.00103
Checking detector "CDD". Protection Threshold: 0.1 (V)
SetMagnetDAC 5.87799467386 ===>> OK
Magnet settling time: 1.049
GetData ===>> H2,-0.144497766107121,H1,8.57569887058014,AX,0.364315410687092,L1,-0.0214731450530209,L2,0.063308...
setting magnet DAC
current  : 5.877995
requested: 5.879029
Delta Dac: 0.001034
Checking detector protection. dv=0.00103
Checking detector "CDD". Protection Threshold: 0.1 (V)
SetMagnetDAC 5.87902915662 ===>> OK
Magnet settling time: 1.049
GetData ===>> H2,-0.113804664097924,H1,8.60478431582681,AX,0.379983319218165,L1,-0.0230394868579943,L2,0.017241...
setting magnet DAC
current  : 5.879029
requested: 5.880064
Delta Dac: 0.001034
Checking detector protection. dv=0.00103
Checking detector "CDD". Protection Threshold: 0.1 (V)
SetMagnetDAC 5.88006363938 ===>> OK
Magnet settling time: 1.049
GetData ===>> H2,-0.120453677221582,H1,8.67559276310874,AX,0.427146817144406,L1,-0.0563289518777555,L2,-0.04089...
setting magnet DAC
current  : 5.880064
requested: 5.881098
Delta Dac: 0.001034
Checking detector protection. dv=0.00103
Checking detector "CDD". Protection Threshold: 0.1 (V)
SetMagnetDAC 5.88109812214 ===>> OK
Magnet settling time: 1.049
GetData ===>> H2,-0.18903741208613,H1,8.60441137422028,AX,0.341887252191076,L1,-0.0144503500453153,L2,0.1107892...
setting magnet DAC
current  : 5.881098
requested: 5.882133
Delta Dac: 0.001034
Checking detector protection. dv=0.00103
Checking detector "CDD". Protection Threshold: 0.1 (V)
SetMagnetDAC 5.88213260489 ===>> OK
Magnet settling time: 1.049
GetData ===>> H2,-0.16875653900771,H1,8.68900377360562,AX,0.505064966505817,L1,-0.0658071780177804,L2,0.0284028...
setting magnet DAC
current  : 5.882133
requested: 5.883167
Delta Dac: 0.001034
Checking detector protection. dv=0.00103
Checking detector "CDD". Protection Threshold: 0.1 (V)
SetMagnetDAC 5.88316708765 ===>> OK
Magnet settling time: 1.049
GetData ===>> H2,-0.173557010550563,H1,8.75703082735833,AX,0.447021064932997,L1,-0.0373695846533762,L2,0.032343...
setting magnet DAC
current  : 5.883167
requested: 5.884202
Delta Dac: 0.001034
Checking detector protection. dv=0.00103
Checking detector "CDD". Protection Threshold: 0.1 (V)
SetMagnetDAC 5.88420157041 ===>> OK
Magnet settling time: 1.049
GetData ===>> H2,-0.199052382861685,H1,8.79508356227927,AX,0.380889996308178,L1,0.0148109057590652,L2,0.0467427...
setting magnet DAC
current  : 5.884202
requested: 5.885236
Delta Dac: 0.001034
Checking detector protection. dv=0.00103
Checking detector "CDD". Protection Threshold: 0.1 (V)
SetMagnetDAC 5.88523605317 ===>> OK
Magnet settling time: 1.049
GetData ===>> H2,-0.133483319982331,H1,8.75994406127043,AX,0.41914084815737,L1,0.0513238764661422,L2,0.02735497...
setting magnet DAC
current  : 5.885236
requested: 5.886271
Delta Dac: 0.001034
Checking detector protection. dv=0.00103
Checking detector "CDD". Protection Threshold: 0.1 (V)
SetMagnetDAC 5.88627053593 ===>> OK
Magnet settling time: 1.049
GetData ===>> H2,-0.239997718017316,H1,8.55663614204023,AX,0.315816644329185,L1,-0.0553722655756913,L2,0.028516...
setting magnet DAC
current  : 5.886271
requested: 5.887305
Delta Dac: 0.001034
Checking detector protection. dv=0.00103
Checking detector "CDD". Protection Threshold: 0.1 (V)
SetMagnetDAC 5.88730501869 ===>> OK
Magnet settling time: 1.049
GetData ===>> H2,-0.217960688878292,H1,8.21516720423505,AX,0.216036688525998,L1,0.0129661302164378,L2,0.0884706...
setting magnet DAC
current  : 5.887305
requested: 5.888340
Delta Dac: 0.001034
Checking detector protection. dv=0.00103
Checking detector "CDD". Protection Threshold: 0.1 (V)
SetMagnetDAC 5.88833950145 ===>> OK
Magnet settling time: 1.049
GetData ===>> H2,-0.169774009501241,H1,6.83119694200054,AX,0.307499681841816,L1,-0.00909909819337017,L2,-0.0654...
setting magnet DAC
current  : 5.888340
requested: 5.889374
Delta Dac: 0.001034
Checking detector protection. dv=0.00103
Checking detector "CDD". Protection Threshold: 0.1 (V)
SetMagnetDAC 5.8893739842 ===>> OK
Magnet settling time: 1.049
GetData ===>> H2,-0.109543135569407,H1,4.68981638344956,AX,0.0450798726898969,L1,0.00650128706577736,L2,0.11874...
setting magnet DAC
current  : 5.889374
requested: 5.890408
Delta Dac: 0.001034
Checking detector protection. dv=0.00103
Checking detector "CDD". Protection Threshold: 0.1 (V)
SetMagnetDAC 5.89040846696 ===>> OK
Magnet settling time: 1.049
GetData ===>> H2,-0.214287671387878,H1,2.41878591785156,AX,-0.0212846997889019,L1,0.0123616738510369,L2,0.09476...
setting magnet DAC
current  : 5.890408
requested: 5.891443
Delta Dac: 0.001034
Checking detector protection. dv=0.00103
Checking detector "CDD". Protection Threshold: 0.1 (V)
SetMagnetDAC 5.89144294972 ===>> OK
Magnet settling time: 1.049
GetData ===>> H2,-0.322527205126572,H1,0.9568902306756,AX,0.028530904363735,L1,-0.0105858424641922,L2,-0.128555...
setting magnet DAC
current  : 5.891443
requested: 5.892477
Delta Dac: 0.001034
Checking detector protection. dv=0.00103
Checking detector "CDD". Protection Threshold: 0.1 (V)
SetMagnetDAC 5.89247743248 ===>> OK
Magnet settling time: 1.049
GetData ===>> H2,-0.2777233369256,H1,0.359521983918776,AX,-0.0186866584968576,L1,-0.02556332268492,L2,0.0714218...
setting magnet DAC
current  : 5.892477
requested: 5.893512
Delta Dac: 0.001034
Checking detector protection. dv=0.00103
Checking detector "CDD". Protection Threshold: 0.1 (V)
SetMagnetDAC 5.89351191524 ===>> OK
Magnet settling time: 1.049
GetData ===>> H2,-0.0893080197698995,H1,0.0986630135643153,AX,-0.030794795087785,L1,-0.0031547234528787,L2,-0.0...
setting magnet DAC
current  : 5.893512
requested: 5.894546
Delta Dac: 0.001034
Checking detector protection. dv=0.00103
Checking detector "CDD". Protection Threshold: 0.1 (V)
SetMagnetDAC 5.894546398 ===>> OK
Magnet settling time: 1.049
GetData ===>> H2,-0.2102228030507,H1,0.106838850577673,AX,-0.156727471134769,L1,-0.0315662613725219,L2,-0.01976...
setting magnet DAC
current  : 5.894546
requested: 5.895581
Delta Dac: 0.001034
Checking detector protection. dv=0.00103
Checking detector "CDD". Protection Threshold: 0.1 (V)
SetMagnetDAC 5.89558088076 ===>> OK
Magnet settling time: 1.049
GetData ===>> H2,-0.343052920004721,H1,0.0642773231103401,AX,-0.156889620531792,L1,-0.019379518452396,L2,-0.082...
setting magnet DAC
current  : 5.895581
requested: 5.896615
Delta Dac: 0.001034
Checking detector protection. dv=0.00103
Checking detector "CDD". Protection Threshold: 0.1 (V)
SetMagnetDAC 5.89661536351 ===>> OK
Magnet settling time: 1.049
GetData ===>> H2,-0.119620396125299,H1,0.104264462558113,AX,-0.116784157534687,L1,-0.002146854369346,L2,0.11265...
result of _do_sweep=True
result of _calculate_peak_center=([5.87355199539914, 5.8810400750066307, 5.8885281546141215], [6.5248617838718452, 8.7950131424375613, 6.4406846557719319], 5.884203643522973, 8.7950131424375613)
Failed to find a valid peak. No peak greater than 1.0. max = 0.502854878069
Failed to find a valid peak. No peak greater than 1.0. max = 0.0166633972054
new center pos Detector(H1) (Ar40) @ 5.88104007501
GetHighVoltage ===>> 4499.94659342336
GetDeflection H1 ===>> 0
dac uncorrected for HV and deflection 5.8810747081
update mftable H1 Ar40 5.8810747081 message=automated run peakcenter
get initial guess parabolic
get initial guess parabolic
get initial guess parabolic
get initial guess parabolic
get initial guess parabolic
get initial guess parabolic
dump mftable to /Users/jan/PychronDev/setupfiles/spectrometer/mftables/mftable.csv
add to repo msg=modified - automated run peakcenter
locally archiving mftable
setting magnet DAC
current  : 5.896615
requested: 5.881040
Delta Dac: 0.015575
Checking detector protection. dv=0.01558
Checking detector "CDD". Protection Threshold: 0.1 (V)
SetMagnetDAC 5.88104007501 ===>> OK
Magnet settling time: 0.500
sweep finished
setting integration time = 1.048576
SetIntegrationTime 1.048576 ===>> OK
Failed to find a valid peak. No peak greater than 1.0. max = 0.504083938163
Failed to find a valid peak. No peak greater than 1.0. max = 0.0166568339889
flush and close file /Users/jan/PychronDev/data/isotopes/a6/d7c913-5b23-46aa-8a39-9bdcfce99f35.h5
finished measure script
executed snippet estimated_duration=226.132928, duration=263.733412027
jan_unknown120_60.py completed successfully
Measurement Finished
07:09:58 -- ******* Measurement Finished *******
Post Measurement Started jan_pump_ms.py
07:09:58 -- ******* Post Measurement Started jan_pump_ms.py *******
testing...
no interpolation path defined
executed snippet estimated_duration=0, duration=5.79357147217e-05
Pumping spectrometer
open () {'name': 'O'}
opening name=O desc=---
checking ownership. requestor=129.138.12.150
check software interlocks O
interlocks []
actuate state mode=None-script, software_lock=False
doing actuation None-script open_channel True
Open O ===>> OK
GetIndicatorState O ===>> OK
change switch state (True, True)
update switch state O True args=() kw={} ncanvase=8
07:09:58 -- OPEN   VALVE-O (Jan Ion Pump)
---------------------------------------- open O () result=[(True, True)], time=0.11 sec
action=open, ok=True, locked=[False]
executed snippet estimated_duration=0, duration=0.365578174591
jan_pump_ms.py completed successfully
setting _ms_pumptime
Post Measurement Finished
07:09:58 -- ******* Post Measurement Finished *******
$$$$$$$$$$$$$$$$$$$$ state at run end measurement
state changed from measurement to success
post measurement save measured=True aborted=False
Set filtering
setting fod for Ar40= {'filter_outliers': True, 'std_devs': 2, 'iterations': 1}
setting fod for H1= {'filter_outliers': True, 'std_devs': 2, 'iterations': 1}
setting fod for PM41= {'filter_outliers': False, 'std_devs': 2, 'iterations': 1}
setting fod for H2= {'filter_outliers': True, 'std_devs': 2, 'iterations': 1}
setting fod for Ar36= {'filter_outliers': True, 'std_devs': 2, 'iterations': 1}
setting fod for CDD= {'filter_outliers': True, 'std_devs': 10, 'iterations': 1}
setting fod for Ar37= {'filter_outliers': True, 'std_devs': 2, 'iterations': 1}
setting fod for L2= {'filter_outliers': True, 'std_devs': 2, 'iterations': 1}
setting fod for Ar38= {'filter_outliers': True, 'std_devs': 2, 'iterations': 1}
setting fod for L1= {'filter_outliers': True, 'std_devs': 2, 'iterations': 1}
setting fod for Ar39= {'filter_outliers': True, 'std_devs': 2, 'iterations': 1}
setting fod for AX= {'filter_outliers': True, 'std_devs': 2, 'iterations': 1}
persistence save...
persistence save - db
post measurement save
8210803024 connecting to database sqlite:////Users/jan/PychronDev/.appdata/local_lab.db
connected to db sqlite:////Users/jan/PychronDev/.appdata/local_lab.db
create new session 8210803024
close session 8210803024
No database instance. Not saving post measurement to isotopedb database
$$$$$$$$$$$$$$$ auto_save_detector_ic=False
massspec enabled True
create new session 6484677072
MassSpec Database Version: 16.0
close session 6484677072
saving post measurement to secondary database
saving to massspec database 129.138.12.160/massspecdata
setting labnumber to bu-FC-J
setting aliquot to 7821
setting step to 
setting uuid to a6d7c913-5b23-46aa-8a39-9bdcfce99f35
setting irradpos to bu-FC-J
setting extract_device to Fusions CO2
setting tray to 
setting position to 19
setting power_requested to 0.0
setting extract_value to 0.0
setting duration to 30.0
setting duration_at_request to 30.0
setting first_stage_delay to 30.0
setting cleanup to 30.0
setting comment to 
setting irradiation to NoIrradiation
setting level to A
setting irradiation_level to A
setting sample to blank_unknown
setting material to Blank
setting project to REFERENCES
setting mass_spectrometer to Jan
no attribute chron_dosages
no attribute production_ratios
no attribute interference_corrections
no attribute production_name
no attribute j
Reference Isotope=Ar40
Reference Detector=H1
%%%%%%%%%%%%%%%%%%%% Comment:  %%%%%%%%%%%%%%%%%%%
adding isotope PM41 H2
add baseline dbdet= PM41. original det= H2
get baseline data PM41 H2
Get data baseline <pychron.processing.isotope.Baseline object at 0x2387bb850> len t=60
baseline PM41. v=-0.183176206708, e=0.00624807868575
get signal data PM41 H2
Get data signal PM41 0.05+/-0.07 len t=120
adding isotope Ar40 H1
add baseline dbdet= Ar40. original det= H1
get baseline data Ar40 H1
Get data baseline <pychron.processing.isotope.Baseline object at 0x2387bbe10> len t=60
baseline Ar40. v=0.00561664020931, e=0.00453671199357
get signal data Ar40 H1
Get data signal Ar40 0.778+/-0.012 len t=120
adding isotope Ar39 AX
add baseline dbdet= Ar39. original det= AX
get baseline data Ar39 AX
Get data baseline <pychron.processing.isotope.Baseline object at 0x2387bb690> len t=60
baseline Ar39. v=-0.093161515706, e=0.0064322508455
get signal data Ar39 AX
Get data signal Ar39 0.055+/-0.012 len t=120
adding isotope Ar38 L1
add baseline dbdet= Ar38. original det= L1
get baseline data Ar38 L1
Get data baseline <pychron.processing.isotope.Baseline object at 0x2387bb090> len t=60
baseline Ar38. v=-0.0173229502439, e=0.002274974822
get signal data Ar38 L1
Get data signal Ar38 0.015+/-0.004 len t=120
adding isotope Ar37 L2
add baseline dbdet= Ar37. original det= L2
get baseline data Ar37 L2
Get data baseline <pychron.processing.isotope.Baseline object at 0x237a77110> len t=60
baseline Ar37. v=-0.00150847987823, e=0.00656804201544
get signal data Ar37 L2
Get data signal Ar37 0.062+/-0.010 len t=120
adding isotope Ar36 CDD
add baseline dbdet= Ar36. original det= CDD
get baseline data Ar36 CDD
Get data baseline <pychron.processing.isotope.Baseline object at 0x237a772d0> len t=60
baseline Ar36. v=2.48109018669e-05, e=7.22273277694e-06
get signal data Ar36 CDD
Get data signal Ar36 0.00615+/-0.00023 len t=120
bu-FC-J-7821 added analysis time 0.509672880173s
analysis added to mass spec database
mass spec save time= 0.517
persistence save - dvc
================= post measurement started
create new session 4992585168
close session 4992585168
---------------- Experiment Queue saving disabled
DVC saving peakcenter
Failed to find a valid peak. No peak greater than 1.0. max = 0.504083938163
Failed to find a valid peak. No peak greater than 1.0. max = 0.0166568339889
Smart pull ahead: 0 behind: 0
Up-to-date with origin
add to repo msg=modified - ad8224ebc6dbfeb9f5997218dfa5fe690569839d.json
add to repo msg=modified - -J-7821.json
add to repo msg=modified - -J-7821.dat.json
add to repo msg=modified - -J-7821.blan.json
add to repo msg=modified - -J-7821.inte.json
add to repo msg=modified - -J-7821.icfa.json
add to repo msg=modified - -J-7821.base.json
not at valid file /Users/jan/PychronDev/data/.dvc/repositories/Load1795/bu-FC/tags/-J-7821.tags.json
add to repo msg=modified - -J-7821.peak.json
add to repo msg=modified - -J-7821.extr.json
not at valid file /Users/jan/PychronDev/data/.dvc/repositories/Load1795/bu-FC/monitor/-J-7821.moni.json
commit message=<COLLECTION>
add to repo msg=modified - -J-7821.inte.json
add to repo msg=modified - -J-7821.base.json
commit message=<ISOEVO> default collection fits
add to repo msg=modified - -J-7821.blan.json
commit message=<BLANKS> preceding ba-01-J-2339
add to repo msg=modified - -J-7821.icfa.json
commit message=<ICFactor> default
push repository <pychron.git_archive.repo_manager.GitRepoManager object at 0x1fc9bbc50>
pushing to remote=origin, url=https://github.com
no changes to meta repo
create new session 4992585168
add association Load1795
get identifier "bu-FC-J"
setting analysis irradiation position=<pychron.dvc.dvc_orm.IrradiationPositionTbl object at 0x22e10df90>
close session 4992585168
================= post measurement finished
07:10:10 -- ******* Post Run Check *******
loading queue conditionals post_run_actions
loading system conditionals post_run_actions
loading conditionals from /Users/jan/PychronDev/setupfiles/spectrometer/default_conditionals.yaml
loading queue conditionals post_run_terminations
loading system conditionals post_run_terminations
loading conditionals from /Users/jan/PychronDev/setupfiles/spectrometer/default_conditionals.yaml
Checking default post run terminations n=1
GetDeflection CDD ===>> 50
testing CDD==2000
evaluate ot="CDD.deflection==2000" t="CDD==2000", ctx="{'CDD': 50.0}"
07:10:10 -- ******* Post Run Check Passed *******
07:10:10 -- Automated run bu-FC-J-7821 success duration: 342.414 s
----------------- finish -----------------
----------------- stop -----------------
retroactive repository identifiers disabled
finish run. runs completed=147
update duration runid=bu-FC-J-7821, duration=342.41424799, md5=3be28e4d
loading script "jan_unknown120_60.py"
loading script "jan_pump_ms.py"
loading script "jan_co2.py"
loading script "jan_pump_extraction_line.py"
testing...
no interpolation path defined
executed snippet estimated_duration=213.652928, duration=0.000198841094971
script duration name:unknown120_60 seconds:214.0
loading script "jan_unknown120_60.py"
loading script "jan_pump_ms.py"
loading script "jan_co2.py"
loading script "jan_pump_extraction_line.py"
testing...
no interpolation path defined
executed snippet estimated_duration=0, duration=3.79085540771e-05
loading script "jan_unknown120_60.py"
loading script "jan_pump_ms.py"
loading script "jan_co2.py"
loading script "jan_pump_extraction_line.py"
testing...
no interpolation path defined
calculate duration
testing...
no interpolation path defined
executed snippet estimated_duration=0, duration=4.88758087158e-05
calculate duration
testing...
no interpolation path defined
executed snippet estimated_duration=0, duration=9.08374786377e-05
executed snippet estimated_duration=0.0, duration=0.00247311592102
script duration name:co2 seconds:0.0
loading script "jan_unknown120_60.py"
loading script "jan_pump_ms.py"
loading script "jan_co2.py"
loading script "jan_pump_extraction_line.py"
testing...
no interpolation path defined
calculate duration
testing...
no interpolation path defined
executed snippet estimated_duration=4.0, duration=0.00014591217041
executed snippet estimated_duration=4.0, duration=0.00126004219055
Script duration 214.0
Run total estimated duration= 215.000
unknown120_60 in script context. using previous estimated duration
script duration name:unknown120_60 seconds:214.0
pump_ms in script context. using previous estimated duration
co2 in script context. using previous estimated duration
script duration name:co2 seconds:0.0
pump_extraction_line in script context. using previous estimated duration
Script duration 214.0
Run total estimated duration= 215.000
script duration name:unknown120_60 seconds:214.0
script duration name:co2 seconds:0.0
Script duration 214.0
Run total estimated duration= 215.000
script duration name:unknown120_60 seconds:214.0
script duration name:co2 seconds:0.0
Script duration 214.0
Run total estimated duration= 215.000
script duration name:unknown120_60 seconds:214.0
script duration name:co2 seconds:0.0
Script duration 214.0
Run total estimated duration= 215.000
script duration name:unknown120_60 seconds:214.0
script duration name:co2 seconds:0.0
Script duration 214.0
Run total estimated duration= 215.000
script duration name:unknown120_60 seconds:214.0
script duration name:co2 seconds:0.0
Script duration 214.0
Run total estimated duration= 215.000
script duration name:unknown120_60 seconds:214.0
script duration name:co2 seconds:0.0
Script duration 214.0
Run total estimated duration= 215.000
script duration name:unknown120_60 seconds:214.0
script duration name:co2 seconds:0.0
Script duration 214.0
Run total estimated duration= 215.000
loading script "jan_unknown400_120.py"
loading script "jan_pump_ms.py"
loading script "jan_cocktail_x1.py"
loading script "jan_pump_extraction_line.py"
testing...
no interpolation path defined
executed snippet estimated_duration=556.052928, duration=0.000256061553955
script duration name:unknown400_120 seconds:556.0
loading script "jan_unknown400_120.py"
loading script "jan_pump_ms.py"
loading script "jan_cocktail_x1.py"
loading script "jan_pump_extraction_line.py"
testing...
no interpolation path defined
calculate duration
testing...
no interpolation path defined
executed snippet estimated_duration=0, duration=5.50746917725e-05
calculate duration
testing...
no interpolation path defined
executed snippet estimated_duration=0, duration=0.000101089477539
calculate duration
testing...
no interpolation path defined
executed snippet estimated_duration=32.0, duration=9.20295715332e-05
calculate duration
testing...
no interpolation path defined
executed snippet estimated_duration=34.0, duration=0.000102996826172
calculate duration
testing...
no interpolation path defined
executed snippet estimated_duration=4.0, duration=6.41345977783e-05
calculate duration
testing...
no interpolation path defined
executed snippet estimated_duration=38.0, duration=9.89437103271e-05
executed snippet estimated_duration=108.0, duration=0.0106410980225
script duration name:cocktail_x1 seconds:108.0
Script duration 664.0
Run total estimated duration= 665.000
unknown400_120 in script context. using previous estimated duration
script duration name:unknown400_120 seconds:556.0
cocktail_x1 in script context. using previous estimated duration
script duration name:cocktail_x1 seconds:108.0
Script duration 664.0
Run total estimated duration= 665.000
loading script "jan_ic_peak_hop3.py"
loading script "jan_pump_ms.py"
loading script "jan_air_x1.py"
loading script "jan_pump_extraction_line.py"
testing...
no interpolation path defined
executed snippet estimated_duration=133.8, duration=0.00905704498291
script duration name:ic_peak_hop3 seconds:134.0
loading script "jan_ic_peak_hop3.py"
loading script "jan_pump_ms.py"
loading script "jan_air_x1.py"
loading script "jan_pump_extraction_line.py"
testing...
no interpolation path defined
calculate duration
testing...
no interpolation path defined
executed snippet estimated_duration=0, duration=4.81605529785e-05
calculate duration
testing...
no interpolation path defined
executed snippet estimated_duration=0, duration=0.000101089477539
calculate duration
testing...
no interpolation path defined
executed snippet estimated_duration=32.0, duration=0.000114917755127
calculate duration
testing...
no interpolation path defined
executed snippet estimated_duration=34.0, duration=0.000103950500488
calculate duration
testing...
no interpolation path defined
executed snippet estimated_duration=4.0, duration=6.19888305664e-05
calculate duration
testing...
no interpolation path defined
executed snippet estimated_duration=36.0, duration=0.000115871429443
executed snippet estimated_duration=106.0, duration=0.0112369060516
script duration name:air_x1 seconds:106.0
Script duration 240.0
Run total estimated duration= 241.000
script duration name:unknown120_60 seconds:214.0
script duration name:co2 seconds:0.0
Script duration 214.0
Run total estimated duration= 215.000
script duration name:unknown120_60 seconds:214.0
script duration name:co2 seconds:0.0
Script duration 214.0
Run total estimated duration= 215.000
script duration name:unknown120_60 seconds:214.0
script duration name:co2 seconds:0.0
Script duration 214.0
Run total estimated duration= 215.000
script duration name:unknown120_60 seconds:214.0
script duration name:co2 seconds:0.0
Script duration 214.0
Run total estimated duration= 215.000
script duration name:unknown120_60 seconds:214.0
script duration name:co2 seconds:0.0
Script duration 214.0
Run total estimated duration= 215.000
script duration name:unknown120_60 seconds:214.0
script duration name:co2 seconds:0.0
Script duration 214.0
Run total estimated duration= 215.000
script duration name:unknown120_60 seconds:214.0
script duration name:co2 seconds:0.0
Script duration 214.0
Run total estimated duration= 215.000
script duration name:unknown120_60 seconds:214.0
script duration name:co2 seconds:0.0
Script duration 214.0
Run total estimated duration= 215.000
script duration name:unknown120_60 seconds:214.0
script duration name:co2 seconds:0.0
Script duration 214.0
Run total estimated duration= 215.000
script duration name:unknown400_120 seconds:556.0
loading script "jan_unknown400_120.py"
loading script "jan_pump_ms.py"
loading script "jan_sniffair_x2.py"
loading script "jan_pump_extraction_line.py"
testing...
no interpolation path defined
calculate duration
testing...
no interpolation path defined
executed snippet estimated_duration=0, duration=7.70092010498e-05
calculate duration
testing...
no interpolation path defined
executed snippet estimated_duration=0, duration=0.000143051147461
calculate duration
testing...
no interpolation path defined
executed snippet estimated_duration=32.0, duration=9.3936920166e-05
calculate duration
testing...
no interpolation path defined
executed snippet estimated_duration=34.0, duration=0.000125169754028
calculate duration
testing...
no interpolation path defined
executed snippet estimated_duration=4.0, duration=9.79900360107e-05
calculate duration
testing...
no interpolation path defined
executed snippet estimated_duration=36.0, duration=9.10758972168e-05
calculate duration
testing...
no interpolation path defined
executed snippet estimated_duration=34.0, duration=9.70363616943e-05
calculate duration
testing...
no interpolation path defined
executed snippet estimated_duration=4.0, duration=9.20295715332e-05
calculate duration
testing...
no interpolation path defined
executed snippet estimated_duration=36.0, duration=0.000115156173706
calculate duration
testing...
no interpolation path defined
executed snippet estimated_duration=70.0, duration=9.98973846436e-05
executed snippet estimated_duration=250.0, duration=0.0289731025696
script duration name:sniffair_x2 seconds:250.0
Script duration 806.0
Run total estimated duration= 807.000
script duration name:unknown400_120 seconds:556.0
sniffair_x2 in script context. using previous estimated duration
script duration name:sniffair_x2 seconds:250.0
Script duration 806.0
Run total estimated duration= 807.000
script duration name:unknown400_120 seconds:556.0
script duration name:cocktail_x1 seconds:108.0
Script duration 664.0
Run total estimated duration= 665.000
script duration name:unknown120_60 seconds:214.0
script duration name:co2 seconds:0.0
Script duration 214.0
Run total estimated duration= 215.000
script duration name:unknown120_60 seconds:214.0
script duration name:co2 seconds:0.0
Script duration 214.0
Run total estimated duration= 215.000
script duration name:unknown120_60 seconds:214.0
script duration name:co2 seconds:0.0
Script duration 214.0
Run total estimated duration= 215.000
script duration name:unknown120_60 seconds:214.0
script duration name:co2 seconds:0.0
Script duration 214.0
Run total estimated duration= 215.000
script duration name:unknown120_60 seconds:214.0
script duration name:co2 seconds:0.0
Script duration 214.0
Run total estimated duration= 215.000
script duration name:unknown120_60 seconds:214.0
script duration name:co2 seconds:0.0
Script duration 214.0
Run total estimated duration= 215.000
script duration name:unknown120_60 seconds:214.0
script duration name:co2 seconds:0.0
Script duration 214.0
Run total estimated duration= 215.000
script duration name:unknown120_60 seconds:214.0
script duration name:co2 seconds:0.0
Script duration 214.0
Run total estimated duration= 215.000
script duration name:unknown400_120 seconds:556.0
script duration name:cocktail_x1 seconds:108.0
Script duration 664.0
Run total estimated duration= 665.000
ic_peak_hop3 in script context. using previous estimated duration
script duration name:ic_peak_hop3 seconds:134.0
air_x1 in script context. using previous estimated duration
script duration name:air_x1 seconds:106.0
Script duration 240.0
Run total estimated duration= 241.000
script duration name:unknown120_60 seconds:214.0
script duration name:co2 seconds:0.0
Script duration 214.0
Run total estimated duration= 215.000
script duration name:unknown120_60 seconds:214.0
script duration name:co2 seconds:0.0
Script duration 214.0
Run total estimated duration= 215.000
script duration name:unknown120_60 seconds:214.0
script duration name:co2 seconds:0.0
Script duration 214.0
Run total estimated duration= 215.000
script duration name:unknown120_60 seconds:214.0
script duration name:co2 seconds:0.0
Script duration 214.0
Run total estimated duration= 215.000
script duration name:unknown120_60 seconds:214.0
script duration name:co2 seconds:0.0
Script duration 214.0
Run total estimated duration= 215.000
script duration name:unknown120_60 seconds:214.0
script duration name:co2 seconds:0.0
Script duration 214.0
Run total estimated duration= 215.000
script duration name:unknown120_60 seconds:214.0
script duration name:co2 seconds:0.0
Script duration 214.0
Run total estimated duration= 215.000
script duration name:unknown120_60 seconds:214.0
script duration name:co2 seconds:0.0
Script duration 214.0
Run total estimated duration= 215.000
script duration name:unknown120_60 seconds:214.0
script duration name:co2 seconds:0.0
Script duration 214.0
Run total estimated duration= 215.000
script duration name:unknown120_60 seconds:214.0
script duration name:co2 seconds:0.0
Script duration 214.0
Run total estimated duration= 215.000
script duration name:unknown120_60 seconds:214.0
script duration name:co2 seconds:0.0
Script duration 214.0
Run total estimated duration= 215.000
nruns=45 before=0.0, run_dur=12711.0, btw=1980.0
write rem/ex queues
/Users/jan/PychronDev/experiments/rem/CurrentExperiment.rem.txt
/Users/jan/PychronDev/experiments/rem/CurrentExperiment.ex.txt
doing event level: 3
