do run
loading script "jan_unknown120_60.py"
loading script "jan_pump_ms.py"
loading script "jan_co2.py"
loading script "jan_pump_extraction_line.py"
testing...
no interpolation path defined
executed snippet estimated_duration=213.652928, duration=0.000431060791016
script duration name:unknown120_60 seconds:214.0
loading script "jan_unknown120_60.py"
loading script "jan_pump_ms.py"
loading script "jan_co2.py"
loading script "jan_pump_extraction_line.py"
testing...
no interpolation path defined
executed snippet estimated_duration=0, duration=2.90870666504e-05
loading script "jan_unknown120_60.py"
loading script "jan_pump_ms.py"
loading script "jan_co2.py"
loading script "jan_pump_extraction_line.py"
testing...
no interpolation path defined
calculate duration
testing...
no interpolation path defined
executed snippet estimated_duration=0, duration=6.103515625e-05
calculate duration
testing...
no interpolation path defined
executed snippet estimated_duration=0, duration=0.000160932540894
executed snippet estimated_duration=0.0, duration=0.0056459903717
script duration name:co2 seconds:0.0
loading script "jan_unknown120_60.py"
loading script "jan_pump_ms.py"
loading script "jan_co2.py"
loading script "jan_pump_extraction_line.py"
testing...
no interpolation path defined
calculate duration
testing...
no interpolation path defined
executed snippet estimated_duration=4.0, duration=0.000154972076416
executed snippet estimated_duration=4.0, duration=0.00176811218262
Script duration 214.0
Run total estimated duration= 215.000
run duration: 0:03:35
doing event level: 2
09:33:01 -- Setting default integration. t=1.048576
setting integration time = 1.048576
SetIntegrationTime 1.048576 ===>> OK
----------------- start -----------------
**************** Experiment Type: Ar/Ar, Ar/Ar
create new session 4419438256
close session 4419438256
$$$$$ Clearing conditionals
adding conditionals 
Add queue conditionals
add default conditionals
adding default conditionals from /Users/jan/PychronDev/setupfiles/spectrometer/default_conditionals.yaml
Start automated run bu-FC-J-7822
loading script "jan_unknown120_60.py"
loading script "jan_pump_ms.py"
loading script "jan_co2.py"
loading script "jan_pump_extraction_line.py"
%%%%%%%%%%%%%%%%%% setting automated run bu-FC-J-7822
No value "sensitivity_multiplier" in metadata
$$$$$$$$$$$$$$$ auto_save_detector_ic=False
============================= Pre Extraction Check =============================
loading queue conditionals pre_run_terminations
loading system conditionals pre_run_terminations
loading conditionals from /Users/jan/PychronDev/setupfiles/spectrometer/default_conditionals.yaml
09:33:01 -- ******* Pre Extraction Check *******
Get a measurement from the spectrometer
GetData ===>> H2,-0.103110629702938,H1,-0.0483374604685281,AX,-0.0180835318500871,L1,0.0394779029046389,L2,-0.0...
Pre Extraction Termination data. keys=H2,H1,AX,L1,L2,CDD, signals=-0.10311,-0.04834,-0.01808,0.03948,-0.05157,0.00372
09:33:01 -- testing system defined conditionals
Checking default pre extraction terminations n=2
testing CDD
evaluate ot="CDD.inactive" t="CDD", ctx="{'CDD': False}"
GetDeflection CDD ===>> 50
testing CDD==2000
evaluate ot="CDD.deflection==2000" t="CDD==2000", ctx="{'CDD': 50.0}"
09:33:01 -- ******* Pre Extraction Check Passed *******
=================================================================================
09:33:01 -- stopping status monitor
stop 6901184944
Alive clients [5025639504, 5288834736, 4992986192]
09:33:01 -- starting status monitor
start 6901184944
Monitor already running
start extraction
do extraction
Analysis started at 09:33:01.826645
Extraction Started jan_co2.py
09:33:01 -- ******* Extraction Started jan_co2.py *******
state changed from not run to extraction
DO EXTRACTION <pychron.extraction_line.pyscript_runner.RemotePyScriptRunner object at 0x12bfe48f0>
testing...
no interpolation path defined
calculate duration
testing...
no interpolation path defined
executed snippet estimated_duration=0, duration=0.000108003616333
calculate duration
testing...
no interpolation path defined
executed snippet estimated_duration=0, duration=9.08374786377e-05
executed snippet estimated_duration=120.0, duration=0.0037899017334
Jan CO2 laser analysis
doing GOSUB
testing...
no interpolation path defined
executed snippet estimated_duration=0, duration=4.10079956055e-05
Waiting for CO2 access
wait ('FelixCO2Flag', 0) {}
waiting for FelixCO2Flag = 0
Read FelixCO2Flag ===>> 0
finished waiting
CO2 free
wait ('CO2PumpTimeFlag', 0) {}
waiting for CO2PumpTimeFlag = 0
Read CO2PumpTimeFlag ===>> 0
finished waiting
acquire ('JanCO2Flag',) {'clear': True}
acquire JanCO2Flag
Set JanCO2Flag 1 ===>> OK
JanCO2Flag acquired
set extraction state False (0.75, 'red', 1.5)
CO2 acquired
executed snippet estimated_duration=0, duration=0.0187089443207
WaitForCO2Access.py completed successfully
gosub finished
doing GOSUB
testing...
no interpolation path defined
executed snippet estimated_duration=0, duration=9.70363616943e-05
Prepare for CO2 analysis
close () {'description': 'Jan Inlet'}
closing name=--- desc=Jan Inlet
checking ownership. requestor=129.138.12.150
check software interlocks R
interlocks []
actuate state mode=None-script, software_lock=False
doing actuation None-script close_channel False
Close R ===>> OK
GetIndicatorState R ===>> False
change switch state (True, True)
update switch state R False args=() kw={} ncanvase=8
09:33:02 -- CLOSE  VALVE-R (Jan Inlet)
---------------------------------------- close None (Jan Inlet) result=[(True, True)]
action=close, ok=True, locked=[False]
open () {'description': 'Jan Ion Pump'}
opening name=--- desc=Jan Ion Pump
checking ownership. requestor=129.138.12.150
check software interlocks O
interlocks []
actuate state mode=None-script, software_lock=False
doing actuation None-script open_channel False
Open O ===>> OK
GetIndicatorState O ===>> OK
change switch state (True, True)
update switch state O True args=() kw={} ncanvase=8
09:33:02 -- OPEN   VALVE-O (Jan Ion Pump)
---------------------------------------- open None (Jan Ion Pump) result=[(True, True)], time=0.11 sec
action=open, ok=True, locked=[False]
close () {'description': 'Microbone to Minibone'}
closing name=--- desc=Microbone to Minibone
checking ownership. requestor=129.138.12.150
check software interlocks L
interlocks []
actuate state mode=None-script, software_lock=False
doing actuation None-script close_channel False
Close L ===>> OK
GetIndicatorState L ===>> False
change switch state (True, True)
update switch state L False args=() kw={} ncanvase=8
09:33:03 -- CLOSE  VALVE-L (Microbone to Minibone)
---------------------------------------- close None (Microbone to Minibone) result=[(True, True)]
action=close, ok=True, locked=[False]
open () {'description': 'Microbone to Turbo'}
opening name=--- desc=Microbone to Turbo
checking ownership. requestor=129.138.12.150
check software interlocks U
interlocks []
actuate state mode=None-script, software_lock=False
doing actuation None-script open_channel False
Open U ===>> OK
GetIndicatorState U ===>> OK
change switch state (True, True)
update switch state U True args=() kw={} ncanvase=8
09:33:03 -- OPEN   VALVE-U (Microbone to Turbo)
---------------------------------------- open None (Microbone to Turbo) result=[(True, True)], time=0.16 sec
action=open, ok=True, locked=[False]
open () {'description': 'Microbone to Inlet Pipette'}
opening name=--- desc=Microbone to Inlet Pipette
checking ownership. requestor=129.138.12.150
check software interlocks S
interlocks []
actuate state mode=None-script, software_lock=False
doing actuation None-script open_channel False
Open S ===>> OK
GetIndicatorState S ===>> OK
change switch state (True, True)
update switch state S True args=() kw={} ncanvase=8
09:33:04 -- OPEN   VALVE-S (Microbone to Inlet Pipette)
---------------------------------------- open None (Microbone to Inlet Pipette) result=[(True, True)], time=0.45 sec
action=open, ok=True, locked=[False]
open () {'description': 'Microbone to Getter D-50'}
opening name=--- desc=Microbone to Getter D-50
checking ownership. requestor=129.138.12.150
check software interlocks K
interlocks []
actuate state mode=None-script, software_lock=False
doing actuation None-script open_channel False
Open K ===>> OK
GetIndicatorState K ===>> OK
change switch state (True, True)
update switch state K True args=() kw={} ncanvase=8
09:33:05 -- OPEN   VALVE-K (Microbone to Getter D-50)
---------------------------------------- open None (Microbone to Getter D-50) result=[(True, True)], time=0.45 sec
action=open, ok=True, locked=[False]
open () {'description': 'Microbone to Getter NP-10'}
opening name=--- desc=Microbone to Getter NP-10
checking ownership. requestor=129.138.12.150
check software interlocks M
interlocks []
actuate state mode=None-script, software_lock=False
doing actuation None-script open_channel False
Open M ===>> OK
GetIndicatorState M ===>> OK
change switch state (True, True)
update switch state M True args=() kw={} ncanvase=8
09:33:05 -- OPEN   VALVE-M (Microbone to Getter NP-10)
---------------------------------------- open None (Microbone to Getter NP-10) result=[(True, True)], time=0.17 sec
action=open, ok=True, locked=[False]
close () {'description': 'CO2 Laser to Felix'}
closing name=--- desc=CO2 Laser to Felix
checking ownership. requestor=129.138.12.150
check software interlocks F
interlocks []
actuate state mode=None-script, software_lock=True
VALVE-F(CO2 Laser to Felix) software locked
change switch state (True, False)
---------------------------------------- close None (CO2 Laser to Felix) result=[(True, False)]
action=close, ok=True, locked=[True]
open () {'description': 'CO2 Laser to Jan'}
opening name=--- desc=CO2 Laser to Jan
checking ownership. requestor=129.138.12.150
check software interlocks A
interlocks []
actuate state mode=None-script, software_lock=False
doing actuation None-script open_channel False
Open A ===>> OK
GetIndicatorState A ===>> OK
change switch state (True, True)
update switch state A True args=() kw={} ncanvase=8
09:33:06 -- OPEN   VALVE-A (CO2 Laser to Jan)
---------------------------------------- open None (CO2 Laser to Jan) result=[(True, True)], time=0.16 sec
action=open, ok=True, locked=[False]
open () {'description': 'Microbone to CO2 Laser'}
opening name=--- desc=Microbone to CO2 Laser
checking ownership. requestor=129.138.12.150
check software interlocks T
interlocks []
actuate state mode=None-script, software_lock=False
doing actuation None-script open_channel False
Open T ===>> OK
GetIndicatorState T ===>> OK
change switch state (True, True)
update switch state T True args=() kw={} ncanvase=8
09:33:06 -- OPEN   VALVE-T (Microbone to CO2 Laser)
---------------------------------------- open None (Microbone to CO2 Laser) result=[(True, True)], time=0.45 sec
action=open, ok=True, locked=[False]
executed snippet estimated_duration=0, duration=5.21030378342
PrepareForCO2Analysis.py completed successfully
gosub finished
set_motor ('beam', '') {}
setting motor "beam" to 
is blank. not heating
close () {'description': 'Microbone to Turbo'}
closing name=--- desc=Microbone to Turbo
checking ownership. requestor=129.138.12.150
check software interlocks U
interlocks []
actuate state mode=None-script, software_lock=False
doing actuation None-script close_channel True
Close U ===>> OK
GetIndicatorState U ===>> False
change switch state (True, True)
update switch state U False args=() kw={} ncanvase=8
09:33:07 -- CLOSE  VALVE-U (Microbone to Turbo)
---------------------------------------- close None (Microbone to Turbo) result=[(True, True)]
action=close, ok=True, locked=[False]
sleep (30.0,) {}
SLEEP 30.0
block started
WaitControl setup for 30.0  
Join finished
block finished. duration 30.1063978672
sleep (30.0,) {}
SLEEP 30.0
block started
WaitControl setup for 30.0  
Join finished
block finished. duration 30.1099431515
executed snippet estimated_duration=180.0, duration=65.936923027
jan_co2.py completed successfully
GetAchievedOutput ===>> No Response
Requested Output= 0.000
Achieved Output=  0.000
GetResponseBlob ===>> No Response
GetOutputBlob ===>> No Response
persistence save...
persistence save - db
AutomatedRunPersister post_extraction_save deprecated
persistence save - dvc
no extraction position for 19
create new session 4992585168
close session 4992585168
Extraction Finished
09:34:07 -- ******* Extraction Finished *******
no overlap. not waiting for min ms pumptime
09:34:07 -- Sending spectrometer configuration
======== Sending configuration ========
SetDeflection CDD,50.0 ===>> OK
SetDeflection H2,0.0 ===>> OK
SetDeflection H1,0.0 ===>> OK
SetDeflection L2,825.0 ===>> OK
SetDeflection L1,400.0 ===>> OK
SetDeflection AX,190.0 ===>> OK
SetZFocus 74.64 ===>> OK
SetZSymmetry -50.72 ===>> OK
SetExtractionLens 26.13 ===>> OK
SetIonRepeller -3.81 ===>> OK
SetElectronEnergy 75.08 ===>> OK
SetYSymmetry -2.81 ===>> OK
SetIonCounterVoltage 1590.0 ===>> OK
send trap current 200.0
GetParameter Trap Current Readback ===>> 198.370811206739
SetParameter Trap Current Set,200.0 ===>> OK
updating mftable name mftable
Using mftable located at /Users/jan/PychronDev/setupfiles/spectrometer/mftables/mftable.csv
============ MFtable ===========
Isotope  H2     H1     AX     L1     L2     CDD    
Ar40     5.8273 5.8812 5.9944 6.1672 6.2330 6.3954
Ar39     5.7265 5.7734 5.8869 6.0533 6.1181 6.2819
Ar36     5.4040 5.4425 5.5502 5.7121 5.7731 5.9330
================================
get initial guess parabolic
get initial guess parabolic
get initial guess parabolic
get initial guess parabolic
get initial guess parabolic
get initial guess parabolic
======== Configuration Finished ========
GetYSymmetry ===>> -2.81
GetZSymmetry ===>> -50.72
GetParameter Trap Current Readback ===>> 197.923274125618
GetHighVoltage ===>> 4499.94659342336
start measurement
do measurement
L#=bu-FC-J analysis type=blank_unknown
Measurement Started jan_unknown120_60.py
09:34:08 -- ******* Measurement Started jan_unknown120_60.py *******
state changed from extraction to measurement
setting spec, defl, and gains
GetExtractionLens ===>> 26.13
GetYSymmetry ===>> -2.81
GetZSymmetry ===>> -50.72
GetZFocus ===>> 74.64
GetDeflection H2 ===>> 0
GetDeflection H1 ===>> 0
GetDeflection AX ===>> 190
GetDeflection L1 ===>> 400
GetDeflection L2 ===>> 825
GetDeflection CDD ===>> 50
GetGain H2 ===>> 0.0113
GetGain H1 ===>> 0.1
GetGain AX ===>> 0.097049
GetGain L1 ===>> 0.010355
GetGain L2 ===>> 0.095649
GetGain CDD ===>> 0
pre measurement save
New frame /Users/jan/PychronDev/data/isotopes/12/5bb029-d658-43da-87ec-4d16d77e05dc.h5
flush and close file /Users/jan/PychronDev/data/isotopes/12/5bb029-d658-43da-87ec-4d16d77e05dc.h5
testing...
no interpolation path defined
executed snippet estimated_duration=226.132928, duration=0.000133991241455
unknown measurement script
activate_detectors ('H2', 'H1', 'AX', 'L1', 'L2', 'CDD') {}
activate detectors
*************** Set Analysis View Ar/Ar
create graphs
clearing graphs
clear isotope group
setting isotope det=H2, iso=PM41
setting isotope det=H1, iso=Ar40
setting isotope det=AX, iso=Ar39
setting isotope det=L1, iso=Ar38
setting isotope det=L2, iso=Ar37
setting isotope det=CDD, iso=Ar36
load analysis view
position_magnet ('Ar40',) {'detector': 'H1'}
detector Detector(H1)
POSITION Ar40 H1
setting detector H2 to PM41 (40.9624)
setting detector H1 to Ar40 (39.9624)
setting detector AX to Ar39 (38.9624)
setting detector L1 to Ar38 (37.9624)
setting detector L2 to Ar37 (36.9624)
setting detector CDD to Ar36 (35.9624)
Mapping mass to dac mass func: "parabolic"
H1 map mass coeffs = [-0.00063987  0.15840543  0.57277999]
H1 map mass to dac 39.9624 >> 5.88117
GetDeflection H1 ===>> 0
GetHighVoltage ===>> 4499.94659342336
positioning Ar40 (5.88113536634) on H1
setting magnet DAC
current  : 5.881136
requested: 5.881135
Delta Dac: 0.000000
Checking detector protection. dv=0.00000
Checking detector "CDD". Protection Threshold: 0.1 (V)
SetMagnetDAC 5.88113536634 ===>> OK
Magnet settling time: 0.500
equilibrate () {'delay': 3, 'inlet': 'R', 'outlet': 'O', 'eqtime': 12.0}
Equilibration Started
09:34:09 -- ******* Equilibration Started *******
checking ownership. requestor=129.138.12.150
check software interlocks O
interlocks []
actuate state mode=None-script, software_lock=False
doing actuation None-script close_channel True
Close O ===>> OK
GetIndicatorState O ===>> False
change switch state (True, True)
update switch state O False args=() kw={} ncanvase=8
09:34:09 -- CLOSE  VALVE-O (Jan Ion Pump)
waiting 3s before opening inlet value ('R',)
update labels <pychron.experiment.plot_panel.PlotPanel object at 0x219c32170>
update labels "<pychron.graph.stacked_regression_graph.StackedRegressionGraph object at 0x207ac91d0>"
setting label 0 H2 PM41
setting label 1 H1 Ar40
setting label 2 AX Ar39
setting label 3 L1 Ar38
setting label 4 L2 Ar37
setting label 5 CDD Ar36
update labels "<pychron.graph.stacked_graph.StackedGraph object at 0x22dfd0d10>"
setting label 0 H2 PM41
setting label 1 H1 Ar40
setting label 2 AX Ar39
setting label 3 L1 Ar38
setting label 4 L2 Ar37
setting label 5 CDD Ar36
checking ownership. requestor=129.138.12.150
check software interlocks R
interlocks []
actuate state mode=None-script, software_lock=False
doing actuation None-script open_channel True
Open R ===>> OK
GetIndicatorState R ===>> OK
change switch state (True, True)
update switch state R True args=() kw={} ncanvase=8
09:34:13 -- OPEN   VALVE-R (Jan Inlet)
set_time_zero () {}
equilibrating for 12.0sec
sniff (12.0,) {}
py_sniff
build tables- sniff [Detector(H2), Detector(H1), Detector(AX), Detector(L1), Detector(L2), Detector(CDD)]
add group /sniff/PM41 (Group) '' table H2
add group /sniff/Ar40 (Group) '' table H1
add group /sniff/Ar39 (Group) '' table AX
add group /sniff/Ar38 (Group) '' table L1
add group /sniff/Ar37 (Group) '' table L2
add group /sniff/Ar36 (Group) '' table CDD
flush and close file /Users/jan/PychronDev/data/isotopes/12/5bb029-d658-43da-87ec-4d16d77e05dc.h5
measuring sniff. ncounts=12.0
"sniff" increment series count="1" fit count="0" regressing="False"
starting measurement
check iteration duration=3.981590271e-05
GetData ===>> H2,-0.279586762360112,H1,0.100367171679872,AX,0.0964766871650128,L1,-0.00914106576131013,L2,0.135...
check iteration duration=4.19616699219e-05
GetData ===>> H2,0.734269417861402,H1,0.41609115779695,AX,1.25826101477643,L1,0.108644144148264,L2,0.3446741816...
check iteration duration=2.59876251221e-05
GetData ===>> H2,1.07096950230479,H1,0.489309649263015,AX,0.998906762875277,L1,0.208516667169488,L2,0.202671544...
check iteration duration=1.8835067749e-05
GetData ===>> H2,0.545290274694397,H1,0.558277167964172,AX,0.539107304984392,L1,0.234847494729854,L2,0.21481353...
check iteration duration=2.98023223877e-05
GetData ===>> H2,0.456558850481673,H1,0.645578464504326,AX,0.553380748651945,L1,0.199688253712879,L2,0.14667168...
check iteration duration=1.8835067749e-05
GetData ===>> H2,0.283846174115549,H1,0.694758378904159,AX,0.414163900665061,L1,0.142600332703217,L2,0.16910648...
check iteration duration=2.8133392334e-05
GetData ===>> H2,0.281010998908845,H1,0.724581914476263,AX,0.439751270302721,L1,0.12125157917337,L2,0.150537808...
check iteration duration=1.81198120117e-05
GetData ===>> H2,0.215777633791811,H1,0.697079797025357,AX,0.472176767402445,L1,0.151467556989801,L2,0.14659185...
check iteration duration=6.19888305664e-05
GetData ===>> H2,0.225433785693019,H1,0.730614717333533,AX,0.371056487147436,L1,0.130339641922506,L2,0.11240804...
check iteration duration=1.50203704834e-05
GetData ===>> H2,0.182349735152033,H1,0.824049695281226,AX,0.33249917138297,L1,0.12423898793836,L2,0.0674522173...
check iteration duration=2.90870666504e-05
GetData ===>> H2,0.299220525828943,H1,0.794771561528207,AX,0.346674591855216,L1,0.0957023117254537,L2,0.1865606...
Equilibration Finished
09:34:25 -- ******* Equilibration Finished *******
checking ownership. requestor=129.138.12.150
check software interlocks R
check iteration duration=1.38282775879e-05
interlocks []
actuate state mode=None-script, software_lock=False
GetData ===>> H2,0.238752886283378,H1,0.839414265473404,AX,0.282657562324394,L1,0.137875770404204,L2,0.19597356...
doing actuation None-script close_channel True
Close R ===>> OK
set states for children of R. state=False
handle state [('R', False)]
update switch state R False args=() kw={'refresh': False} ncanvase=8
refresh_canvas_needed fired
GetIndicatorState R ===>> False
change switch state (True, True)
update switch state R False args=() kw={} ncanvase=8
09:34:26 -- CLOSE  VALVE-R (Jan Inlet)
Post Equilibration Started jan_pump_extraction_line.py
09:34:26 -- ******* Post Equilibration Started jan_pump_extraction_line.py *******
testing...
no interpolation path defined
calculate duration
testing...
no interpolation path defined
executed snippet estimated_duration=4.0, duration=0.000170946121216
executed snippet estimated_duration=4.0, duration=0.00223803520203
Pump after analysis
doing GOSUB
testing...
no interpolation path defined
executed snippet estimated_duration=4.0, duration=0.000149011611938
Pump Microbone
close () {'description': 'Jan Inlet'}
closing name=--- desc=Jan Inlet
checking ownership. requestor=129.138.12.150
check software interlocks R
interlocks []
actuate state mode=None-script, software_lock=False
doing actuation None-script close_channel False
check iteration duration=3.21865081787e-05
waiting for write to finish
measurement finished
estimated time: 12.583 actual time: :12.728
flush and close file /Users/jan/PychronDev/data/isotopes/12/5bb029-d658-43da-87ec-4d16d77e05dc.h5
set_fits () {}
using default fits file=/Users/jan/PychronDev/scripts/measurement/fits/nominal_linear.yaml
Close R ===>> OK
set "Ar40" to "('Linear', 'SEM')"
No fit for "PM41". defaulting to linear. check the measurement script "jan_unknown120_60.py"
set "PM41" to "linear"
set "Ar36" to "('Linear', 'SEM')"
set "Ar37" to "('linear', 'SEM')"
set "Ar38" to "('linear', 'SEM')"
set "Ar39" to "('Linear', 'SEM')"
set_baseline_fits () {}
using default fits file=/Users/jan/PychronDev/scripts/measurement/fits/nominal_linear.yaml
set "H1" to "('average', 'SEM')"
set "H2" to "('average', 'SEM')"
set "CDD" to "('average', 'SEM')"
set "L2" to "('average', 'SEM')"
set "L1" to "('average', 'SEM')"
set "AX" to "('average', 'SEM')"
multicollect () {'integration_time': 1, 'ncounts': 120}
build tables- signal [Detector(H2), Detector(H1), Detector(AX), Detector(L1), Detector(L2), Detector(CDD)]
add group /signal/PM41 (Group) '' table H2
add group /signal/Ar40 (Group) '' table H1
add group /signal/Ar39 (Group) '' table AX
add group /signal/Ar38 (Group) '' table L1
add group /signal/Ar37 (Group) '' table L2
add group /signal/Ar36 (Group) '' table CDD
flush and close file /Users/jan/PychronDev/data/isotopes/12/5bb029-d658-43da-87ec-4d16d77e05dc.h5
measuring signal. ncounts=120
GetIndicatorState R ===>> False
change switch state (True, True)
update switch state R False args=() kw={} ncanvase=8
09:34:26 -- CLOSE  VALVE-R (Jan Inlet)
---------------------------------------- close None (Jan Inlet) result=[(True, True)]
action=close, ok=True, locked=[False]
is_closed ('F',) {}
is F () closed?
is closed True
open () {'description': 'CO2 Laser to Jan'}
opening name=--- desc=CO2 Laser to Jan
checking ownership. requestor=129.138.12.150
check software interlocks A
interlocks []
actuate state mode=None-script, software_lock=False
doing actuation None-script open_channel False
Open A ===>> OK
GetIndicatorState A ===>> OK
change switch state (True, True)
update switch state A True args=() kw={} ncanvase=8
09:34:27 -- OPEN   VALVE-A (CO2 Laser to Jan)
---------------------------------------- open None (CO2 Laser to Jan) result=[(True, True)], time=0.14 sec
starting measurement
check iteration duration=6.8187713623e-05
GetData ===>> H2,0.243018894057916,H1,0.935725744288552,AX,0.480383637700942,L1,0.127403530445234,L2,0.21351253...
"signal" increment series count="2" fit count="1" regressing="True"
action=open, ok=True, locked=[False]
sleep (1,) {}
SLEEP 1.0
check iteration duration=5.29289245605e-05
GetData ===>> H2,0.148095483378474,H1,1.04742194917826,AX,0.145771283494447,L1,0.114181421277823,L2,0.162114293...
close () {'description': 'CO2 Laser to Roughing'}
closing name=--- desc=CO2 Laser to Roughing
checking ownership. requestor=129.138.12.150
check software interlocks G
interlocks []
actuate state mode=None-script, software_lock=True
VALVE-G(CO2 Laser to Roughing) software locked
change switch state (True, False)
---------------------------------------- close None (CO2 Laser to Roughing) result=[(True, False)]
action=close, ok=True, locked=[True]
open () {'description': 'Microbone to Turbo'}
opening name=--- desc=Microbone to Turbo
checking ownership. requestor=129.138.12.150
check software interlocks U
interlocks []
actuate state mode=None-script, software_lock=False
doing actuation None-script open_channel True
Open U ===>> OK
GetIndicatorState U ===>> OK
change switch state (True, True)
update switch state U True args=() kw={} ncanvase=8
09:34:28 -- OPEN   VALVE-U (Microbone to Turbo)
---------------------------------------- open None (Microbone to Turbo) result=[(True, True)], time=0.18 sec
action=open, ok=True, locked=[False]
open () {'description': 'Microbone to Getter NP-10'}
opening name=--- desc=Microbone to Getter NP-10
checking ownership. requestor=129.138.12.150
check software interlocks M
interlocks []
actuate state mode=None-script, software_lock=False
doing actuation None-script open_channel False
Open M ===>> OK
GetIndicatorState M ===>> OK
change switch state (True, True)
update switch state M True args=() kw={} ncanvase=8
09:34:29 -- OPEN   VALVE-M (Microbone to Getter NP-10)
---------------------------------------- open None (Microbone to Getter NP-10) result=[(True, True)], time=0.21 sec
action=open, ok=True, locked=[False]
open () {'description': 'Microbone to Getter D-50'}
opening name=--- desc=Microbone to Getter D-50
checking ownership. requestor=129.138.12.150
check iteration duration=8.60691070557e-05
check software interlocks K
interlocks []
actuate state mode=None-script, software_lock=False
GetData ===>> H2,-0.0172278516727896,H1,0.977448222579969,AX,0.0506161653049608,L1,0.0406143404789883,L2,0.1218...
doing actuation None-script open_channel False
Open K ===>> OK
GetIndicatorState K ===>> OK
change switch state (True, True)
update switch state K True args=() kw={} ncanvase=8
09:34:29 -- OPEN   VALVE-K (Microbone to Getter D-50)
---------------------------------------- open None (Microbone to Getter D-50) result=[(True, True)], time=0.49 sec
action=open, ok=True, locked=[False]
open () {'description': 'Microbone to CO2 Laser'}
opening name=--- desc=Microbone to CO2 Laser
checking ownership. requestor=129.138.12.150
check software interlocks T
interlocks []
actuate state mode=None-script, software_lock=False
doing actuation None-script open_channel False
check iteration duration=7.10487365723e-05
GetData ===>> H2,-0.0846133427193359,H1,1.01862433335158,AX,0.0482251910904153,L1,0.0312692907219321,L2,0.04793...
Open T ===>> OK
GetIndicatorState T ===>> OK
change switch state (True, True)
update switch state T True args=() kw={} ncanvase=8
09:34:30 -- OPEN   VALVE-T (Microbone to CO2 Laser)
---------------------------------------- open None (Microbone to CO2 Laser) result=[(True, True)], time=0.45 sec
action=open, ok=True, locked=[False]
open () {'description': 'Microbone to Inlet Pipette'}
opening name=--- desc=Microbone to Inlet Pipette
checking ownership. requestor=129.138.12.150
check software interlocks S
interlocks []
actuate state mode=None-script, software_lock=False
doing actuation None-script open_channel False
Open S ===>> OK
GetIndicatorState S ===>> OK
change switch state (True, True)
update switch state S True args=() kw={} ncanvase=8
09:34:31 -- OPEN   VALVE-S (Microbone to Inlet Pipette)
---------------------------------------- open None (Microbone to Inlet Pipette) result=[(True, True)], time=0.46 sec
testing H1>-5.0
evaluate ot="H1.bs>-5.0" t="H1>-5.0", ctx="{'H1': None}"
check iteration duration=0.00104784965515
GetData ===>> H2,-0.00436589012736459,H1,1.03697136214243,AX,0.0278462601009683,L1,0.0616576048244665,L2,0.0256...
action=open, ok=True, locked=[False]
sleep (1,) {}
SLEEP 1.0
set_resource () {'name': 'CO2PumpTimeFlag', 'value': 30}
check iteration duration=4.38690185547e-05
GetData ===>> H2,-0.0451392007489902,H1,1.00256676307626,AX,0.117105900128113,L1,0.0606776138934206,L2,-0.03752...
Set CO2PumpTimeFlag 30 ===>> OK
release ('JanCO2Flag',) {}
release JanCO2Flag
Set JanCO2Flag 0 ===>> OK
executed snippet estimated_duration=6.0, duration=6.22603297234
PumpMicrobone.py completed successfully
gosub finished
get_resource_value () {'name': 'JanMiniboneFlag'}
Read JanMiniboneFlag ===>> 0
Get Resource Value JanMiniboneFlag=0.0
get resource value 0.0
get_resource_value () {'name': 'JanMiniboneFlag'}
Read JanMiniboneFlag ===>> 0
Get Resource Value JanMiniboneFlag=0.0
executed snippet estimated_duration=4.0, duration=6.26699709892
jan_pump_extraction_line.py completed successfully
Post Equilibration Finished
09:34:32 -- ******* Post Equilibration Finished *******
check iteration duration=5.10215759277e-05
GetData ===>> H2,-0.024650941477781,H1,1.1356240185916,AX,0.0450566603856707,L1,0.00959097995419945,L2,0.047745...
check iteration duration=5.88893890381e-05
GetData ===>> H2,-0.0548311488069505,H1,1.15271941172022,AX,0.0485153547336459,L1,-0.025469077896771,L2,-0.0363...
check iteration duration=6.29425048828e-05
GetData ===>> H2,-0.0862615075643577,H1,1.11565307841615,AX,0.0206403811599296,L1,-0.0521810578276967,L2,0.1447...
testing H1>-5.0
evaluate ot="H1.bs>-5.0" t="H1>-5.0", ctx="{'H1': None}"
check iteration duration=0.000822067260742
GetData ===>> H2,-0.129823877010132,H1,1.22989978648096,AX,-0.0378919679857452,L1,-0.0321773277817942,L2,0.0584...
check iteration duration=7.79628753662e-05
GetData ===>> H2,-0.0349743690559491,H1,1.26289316057779,AX,-0.0917996655404717,L1,-0.0408050325313359,L2,0.042...
check iteration duration=3.40938568115e-05
GetData ===>> H2,-0.102260623458951,H1,1.28586292885295,AX,0.0329173835432597,L1,-0.0461475273350587,L2,0.04740...
check iteration duration=4.10079956055e-05
GetData ===>> H2,-0.155004981736412,H1,1.31198330233959,AX,0.00330668337686778,L1,-0.0392791103336697,L2,0.0482...
check iteration duration=7.70092010498e-05
GetData ===>> H2,-0.201894554316804,H1,1.37219638605084,AX,-0.0609194254804005,L1,0.0132880485925081,L2,0.04564...
testing H1>-5.0
evaluate ot="H1.bs>-5.0" t="H1>-5.0", ctx="{'H1': None}"
check iteration duration=0.000586986541748
GetData ===>> H2,-0.270937783937636,H1,1.39069745708691,AX,-0.0937003811366506,L1,0.0143590114390755,L2,0.00027...
check iteration duration=8.01086425781e-05
GetData ===>> H2,-0.219812391213366,H1,1.50200363916742,AX,0.0487474862708215,L1,-0.000445246448218552,L2,0.060...
check iteration duration=9.98973846436e-05
GetData ===>> H2,-0.0500398161219839,H1,1.52295090123198,AX,0.0238545317974699,L1,-0.0222439318276946,L2,0.0190...
check iteration duration=4.00543212891e-05
GetData ===>> H2,-0.124870668753601,H1,1.45601424648281,AX,0.0334744109145222,L1,0.00391928816848562,L2,0.00480...
check iteration duration=8.39233398438e-05
GetData ===>> H2,-0.144657879057956,H1,1.57956512260242,AX,0.0332887347699616,L1,-0.00729312793632166,L2,0.0762...
testing H1>-5.0
evaluate ot="H1.bs>-5.0" t="H1>-5.0", ctx="{'H1': None}"
check iteration duration=0.000575065612793
GetData ===>> H2,-0.221295624858057,H1,1.6293885340205,AX,0.0142472056558497,L1,-0.00129728635753527,L2,0.18862...
check iteration duration=4.10079956055e-05
GetData ===>> H2,-0.17239957875615,H1,1.59346805701668,AX,0.0559387457118381,L1,-0.0202778951965331,L2,0.030664...
check iteration duration=4.2200088501e-05
GetData ===>> H2,-0.0874531295442851,H1,1.67650790814047,AX,-0.0574876826799805,L1,-0.0257027439538914,L2,0.027...
check iteration duration=5.48362731934e-05
GetData ===>> H2,-0.163442346944274,H1,1.64192670412529,AX,0.0242954704873684,L1,-0.0347251191922764,L2,0.02881...
check iteration duration=8.20159912109e-05
GetData ===>> H2,-0.150322888614729,H1,1.62908802173425,AX,0.131507169861012,L1,-0.0508602614271398,L2,0.039170...
testing H1>-5.0
evaluate ot="H1.bs>-5.0" t="H1>-5.0", ctx="{'H1': None}"
check iteration duration=0.00103783607483
09:34:52 -- collecting point 25
GetData ===>> H2,-0.273988988569986,H1,1.74432193386,AX,0.132586480514458,L1,-0.0191460510720137,L2,0.042693690...
check iteration duration=9.10758972168e-05
GetData ===>> H2,-0.297148417872952,H1,1.82715669052358,AX,0.163891692619877,L1,0.0183196810395819,L2,0.0574841...
check iteration duration=0.000111103057861
GetData ===>> H2,-0.174261737933647,H1,1.86873828029615,AX,0.059452525810737,L1,-0.0342523850620106,L2,0.099811...
check iteration duration=8.98838043213e-05
GetData ===>> H2,-0.200361650162746,H1,1.87966907547776,AX,0.175722272704739,L1,-0.0383986652084524,L2,0.069014...
check iteration duration=5.3882598877e-05
GetData ===>> H2,-0.194504861487182,H1,1.90448444349591,AX,-0.040999717361534,L1,-0.0378847371000857,L2,0.07235...
testing H1>-5.0
evaluate ot="H1.bs>-5.0" t="H1>-5.0", ctx="{'H1': None}"
check iteration duration=0.0393929481506
GetData ===>> H2,-0.127805813753701,H1,1.99829904968827,AX,-0.0402459812929721,L1,-0.0282810980975584,L2,-0.061...
check iteration duration=8.79764556885e-05
GetData ===>> H2,-0.124947741223068,H1,2.01942248701183,AX,0.0419114443417302,L1,-0.0143053379436908,L2,0.05897...
check iteration duration=8.70227813721e-05
GetData ===>> H2,-0.177914569807675,H1,2.06638194162501,AX,0.0769653338716884,L1,-0.0133153647965486,L2,0.12277...
check iteration duration=6.89029693604e-05
GetData ===>> H2,-0.137500307288361,H1,2.08237337184196,AX,0.13682260027135,L1,-0.0129042456341442,L2,0.0243256...
check iteration duration=7.08103179932e-05
GetData ===>> H2,-0.126209221468377,H1,2.20040785016271,AX,0.0796679218597981,L1,0.0220560019900428,L2,0.084846...
testing H1>-5.0
evaluate ot="H1.bs>-5.0" t="H1>-5.0", ctx="{'H1': None}"
check iteration duration=0.00292491912842
GetData ===>> H2,-0.0486187190023345,H1,2.12897623635688,AX,0.0177164085023073,L1,0.020998638844448,L2,0.047699...
check iteration duration=6.79492950439e-05
GetData ===>> H2,-0.161461541807201,H1,2.17565098870727,AX,0.0256299023743847,L1,-0.00809422245800914,L2,0.0133...
check iteration duration=6.29425048828e-05
GetData ===>> H2,-0.117927943835643,H1,2.15563848502429,AX,0.0507090198569323,L1,0.000698520457088712,L2,0.0232...
check iteration duration=8.29696655273e-05
GetData ===>> H2,-0.0755800834685382,H1,2.21381331328254,AX,0.11818505121313,L1,-0.00200406475722814,L2,-0.0147...
check iteration duration=4.10079956055e-05
GetData ===>> H2,-0.167245008295631,H1,2.31017511731311,AX,0.00571975756936931,L1,-0.0113806809611879,L2,0.1493...
testing H1>-5.0
evaluate ot="H1.bs>-5.0" t="H1>-5.0", ctx="{'H1': None}"
check iteration duration=0.000627994537354
GetData ===>> H2,-0.149366762225429,H1,2.32285890955171,AX,0.00935108291564686,L1,-0.00110168357087126,L2,0.091...
check iteration duration=5.98430633545e-05
GetData ===>> H2,-0.0617072781183768,H1,2.26031220257086,AX,0.124404907718415,L1,-0.00194526844604129,L2,0.0404...
check iteration duration=3.981590271e-05
GetData ===>> H2,-0.138830530124467,H1,2.45160474024602,AX,0.15595126503023,L1,-0.00396334546315791,L2,0.028156...
check iteration duration=7.10487365723e-05
GetData ===>> H2,-0.0843126656829089,H1,2.45678420930939,AX,0.0658773889265417,L1,-0.0113159453320745,L2,0.0138...
check iteration duration=5.48362731934e-05
GetData ===>> H2,-0.197987058740934,H1,2.47266232015153,AX,0.0212205449064862,L1,-0.0243090552547845,L2,0.06555...
testing H1>-5.0
evaluate ot="H1.bs>-5.0" t="H1>-5.0", ctx="{'H1': None}"
check iteration duration=0.000633001327515
GetData ===>> H2,-0.239960026138424,H1,2.4555406296477,AX,0.0935416143170355,L1,-0.041188273289706,L2,0.1219162...
check iteration duration=4.10079956055e-05
GetData ===>> H2,-0.17235910697288,H1,2.55182243208816,AX,0.105375254943259,L1,-0.0477250674276344,L2,0.1174926...
check iteration duration=9.29832458496e-05
GetData ===>> H2,-0.0491657334417316,H1,2.59013930565224,AX,0.0438612341998159,L1,-0.00937608090822297,L2,-0.05...
check iteration duration=8.9168548584e-05
GetData ===>> H2,-0.117715523930998,H1,2.6030275594829,AX,0.101384140939165,L1,0.0234307398954781,L2,0.01221905...
check iteration duration=5.48362731934e-05
GetData ===>> H2,-0.204742750702697,H1,2.62190993689757,AX,0.0164517015058824,L1,0.0225402632744265,L2,-0.00707...
testing H1>-5.0
evaluate ot="H1.bs>-5.0" t="H1>-5.0", ctx="{'H1': None}"
check iteration duration=0.00233197212219
09:35:18 -- collecting point 50
GetData ===>> H2,-0.262056244650605,H1,2.64129128546802,AX,-0.0510528387195297,L1,-0.0341973111750091,L2,0.0189...
check iteration duration=3.2901763916e-05
GetData ===>> H2,-0.196216241149286,H1,2.63752105717143,AX,0.108333889778968,L1,-0.0603255625029456,L2,0.002815...
check iteration duration=8.01086425781e-05
GetData ===>> H2,-0.154771233909387,H1,2.72373963992598,AX,-0.00749341085550942,L1,-0.0517994325063211,L2,0.015...
check iteration duration=3.981590271e-05
GetData ===>> H2,-0.197684973900078,H1,2.76963394414607,AX,0.119751582128534,L1,-0.0575600692695876,L2,0.093405...
check iteration duration=6.91413879395e-05
GetData ===>> H2,-0.150829278828966,H1,2.87544896478,AX,0.0544892034084492,L1,-0.0498551912883663,L2,-0.0292076...
testing H1>-5.0
evaluate ot="H1.bs>-5.0" t="H1>-5.0", ctx="{'H1': None}"
check iteration duration=0.00208711624146
GetData ===>> H2,-0.174448052772815,H1,2.82120332478197,AX,0.250415220365015,L1,-0.0228504484978956,L2,0.057552...
check iteration duration=7.70092010498e-05
GetData ===>> H2,-0.140026786341465,H1,2.92314954840565,AX,0.132493636117206,L1,-0.0127568139715118,L2,0.024998...
check iteration duration=5.50746917725e-05
GetData ===>> H2,-0.0927329557406588,H1,2.95066964325599,AX,0.0141079760150721,L1,-0.0120663735425593,L2,0.1111...
check iteration duration=6.69956207275e-05
GetData ===>> H2,-0.165623937424051,H1,2.96011896349511,AX,0.151226785550135,L1,0.00385325388965661,L2,-0.03099...
check iteration duration=7.29560852051e-05
GetData ===>> H2,-0.270933752738173,H1,2.94139056451359,AX,0.164739174138409,L1,-0.0119776676926648,L2,0.111325...
testing H1>-5.0
evaluate ot="H1.bs>-5.0" t="H1>-5.0", ctx="{'H1': None}"
check iteration duration=0.00256395339966
GetData ===>> H2,-0.136928425748306,H1,3.09162950648803,AX,0.0589422660453167,L1,-0.0291507840794059,L2,0.10113...
check iteration duration=7.20024108887e-05
GetData ===>> H2,-0.235078632306068,H1,3.07343405355602,AX,0.0572955368602721,L1,-0.0540339476993126,L2,0.09121...
check iteration duration=3.88622283936e-05
GetData ===>> H2,-0.300933263060412,H1,3.12216448221905,AX,0.116107986109407,L1,-0.0418481317245144,L2,0.042100...
check iteration duration=9.41753387451e-05
GetData ===>> H2,-0.235187612330686,H1,3.11374221376675,AX,0.0407160567726574,L1,-0.012069969709173,L2,0.069482...
check iteration duration=5.00679016113e-05
GetData ===>> H2,-0.180280317362892,H1,3.17723916589128,AX,0.108507929921239,L1,-0.0101134652650577,L2,-0.02400...
testing H1>-5.0
evaluate ot="H1.bs>-5.0" t="H1>-5.0", ctx="{'H1': None}"
check iteration duration=0.00165009498596
GetData ===>> H2,-0.20762391576347,H1,3.21081281218849,AX,0.194347607951442,L1,-0.0310623913513425,L2,0.0231742...
check iteration duration=7.29560852051e-05
GetData ===>> H2,-0.158407966268715,H1,3.31355044978603,AX,0.162928126698878,L1,-0.0503589354401833,L2,0.002541...
check iteration duration=3.981590271e-05
GetData ===>> H2,-0.192280927080473,H1,3.17818406821655,AX,0.162707552708071,L1,-0.0111421161196778,L2,-0.00150...
check iteration duration=4.10079956055e-05
GetData ===>> H2,-0.105619672096779,H1,3.27553180508973,AX,0.153513544303758,L1,0.00776695240106699,L2,0.092733...
check iteration duration=6.79492950439e-05
GetData ===>> H2,-0.0580120444011625,H1,3.33117294664793,AX,0.174979191045287,L1,0.00154592787554582,L2,0.04273...
testing H1>-5.0
evaluate ot="H1.bs>-5.0" t="H1>-5.0", ctx="{'H1': None}"
check iteration duration=0.00166511535645
GetData ===>> H2,-0.150343144657561,H1,3.35958868050017,AX,0.151296432232276,L1,-0.000346837194858736,L2,0.0204...
check iteration duration=5.69820404053e-05
GetData ===>> H2,-0.206931317276581,H1,3.3694584579459,AX,0.235814536035519,L1,0.014641178666168,L2,0.010885366...
check iteration duration=7.58171081543e-05
GetData ===>> H2,-0.207008125036415,H1,3.4268894741414,AX,0.221572083349127,L1,0.00981780646613361,L2,0.0905222...
check iteration duration=0.000102043151855
GetData ===>> H2,-0.221415514442989,H1,3.48186437562712,AX,0.0750747267779589,L1,-0.0096650460929619,L2,0.08873...
check iteration duration=4.60147857666e-05
GetData ===>> H2,-0.167640455005102,H1,3.51490275632671,AX,0.281821472068293,L1,-0.0295388841291798,L2,-0.02396...
testing H1>-5.0
evaluate ot="H1.bs>-5.0" t="H1>-5.0", ctx="{'H1': None}"
check iteration duration=0.00105810165405
09:35:45 -- collecting point 75
GetData ===>> H2,-0.184504504658005,H1,3.51803275603497,AX,0.163067436845079,L1,0.00313771019509008,L2,0.066345...
check iteration duration=4.50611114502e-05
GetData ===>> H2,-0.198101687038311,H1,3.5177173253498,AX,0.155614623775816,L1,-0.00842159752732113,L2,-0.01667...
check iteration duration=8.10623168945e-05
GetData ===>> H2,-0.169386733759217,H1,3.50234495516324,AX,0.188425201328374,L1,-0.0217908184343499,L2,-0.00990...
check iteration duration=5.19752502441e-05
GetData ===>> H2,-0.198488717532402,H1,3.62823848142246,AX,0.124706627276567,L1,-0.0251766881069236,L2,0.053013...
check iteration duration=6.48498535156e-05
GetData ===>> H2,-0.272066463102822,H1,3.72158357497405,AX,0.139631307264011,L1,0.0210082507371683,L2,0.1422127...
testing H1>-5.0
evaluate ot="H1.bs>-5.0" t="H1>-5.0", ctx="{'H1': None}"
check iteration duration=0.000581979751587
GetData ===>> H2,-0.171024806214938,H1,3.73971746844341,AX,0.171821157219046,L1,-0.00296635558747339,L2,0.01628...
check iteration duration=5.88893890381e-05
GetData ===>> H2,-0.176625548963719,H1,3.69780670511746,AX,0.0937040271033336,L1,-0.00351705173106166,L2,0.0499...
check iteration duration=6.19888305664e-05
GetData ===>> H2,-0.170057373607525,H1,3.73841774521539,AX,0.146154319410812,L1,0.0392470232951466,L2,0.1651369...
check iteration duration=4.29153442383e-05
GetData ===>> H2,-0.029470157393641,H1,3.73830842345624,AX,0.182642492807783,L1,0.017761153979026,L2,0.09041963...
check iteration duration=4.48226928711e-05
GetData ===>> H2,-0.0187398308352412,H1,3.81842410306075,AX,0.180982059608144,L1,0.00635355816766684,L2,0.09690...
testing H1>-5.0
evaluate ot="H1.bs>-5.0" t="H1>-5.0", ctx="{'H1': None}"
check iteration duration=0.00107288360596
GetData ===>> H2,-0.0706858225871433,H1,3.84050251647967,AX,0.147082897580635,L1,0.0107395667360262,L2,0.010326...
check iteration duration=6.38961791992e-05
GetData ===>> H2,-0.131508315695494,H1,3.90231843606366,AX,0.233328346215024,L1,-0.0356286532348666,L2,0.088470...
check iteration duration=9.67979431152e-05
GetData ===>> H2,-0.0728769764133556,H1,4.03986026446537,AX,0.303202088200361,L1,-0.0226934289157219,L2,0.14743...
check iteration duration=3.88622283936e-05
GetData ===>> H2,-0.128314080505755,H1,3.95558356764385,AX,0.274227313963079,L1,-0.0334166662433711,L2,0.129110...
check iteration duration=6.5803527832e-05
GetData ===>> H2,-0.148329517001963,H1,4.00274415312347,AX,0.115864310983543,L1,-0.00218525123050746,L2,0.05527...
testing H1>-5.0
evaluate ot="H1.bs>-5.0" t="H1>-5.0", ctx="{'H1': None}"
check iteration duration=0.00075101852417
GetData ===>> H2,-0.185686077558297,H1,4.0146076725273,AX,0.270558177382994,L1,0.0066954902008736,L2,0.05635513...
check iteration duration=6.38961791992e-05
GetData ===>> H2,-0.176406873279864,H1,4.08566358181657,AX,0.296442472894083,L1,-0.0055971875931534,L2,-0.00031...
check iteration duration=8.10623168945e-05
GetData ===>> H2,-0.130933426617404,H1,4.07496869893798,AX,0.211687232659519,L1,-0.0182287322798836,L2,-0.04897...
check iteration duration=9.01222229004e-05
GetData ===>> H2,-0.194754184461266,H1,4.07276493665625,AX,0.242626178499752,L1,-0.0498300632463917,L2,0.035578...
check iteration duration=3.60012054443e-05
GetData ===>> H2,-0.114363634175025,H1,4.1246128663871,AX,0.237379663614982,L1,-0.0259495852765159,L2,0.1097974...
testing H1>-5.0
evaluate ot="H1.bs>-5.0" t="H1>-5.0", ctx="{'H1': None}"
check iteration duration=0.00382304191589
GetData ===>> H2,-0.0572904863240715,H1,4.18036744973354,AX,0.217297430273727,L1,0.00896333320697177,L2,0.08896...
check iteration duration=7.58171081543e-05
GetData ===>> H2,-0.0943909864398559,H1,4.16323611186076,AX,0.260097251902971,L1,0.0300642244862133,L2,-0.00335...
check iteration duration=8.10623168945e-05
GetData ===>> H2,-0.207865102555438,H1,4.23975883689132,AX,0.15177235255984,L1,0.0181695363149453,L2,0.04831540...
check iteration duration=3.2901763916e-05
GetData ===>> H2,-0.185835788608811,H1,4.24808077224925,AX,0.213754721320408,L1,0.00920214638571961,L2,-0.02488...
check iteration duration=7.60555267334e-05
GetData ===>> H2,-0.126568846101846,H1,4.24951859838603,AX,0.2719398929844,L1,-0.0107656756727277,L2,0.08318246...
testing H1>-5.0
evaluate ot="H1.bs>-5.0" t="H1>-5.0", ctx="{'H1': None}"
check iteration duration=0.000897884368896
09:36:11 -- collecting point 100
GetData ===>> H2,-0.176691690777098,H1,4.27804293741143,AX,0.247455078963098,L1,0.00219413465425541,L2,0.056377...
check iteration duration=6.60419464111e-05
GetData ===>> H2,-0.22187889593789,H1,4.39065780520271,AX,0.191130883613342,L1,0.0134705364587114,L2,-0.0129924...
check iteration duration=7.89165496826e-05
GetData ===>> H2,-0.236605602231554,H1,4.38075958948481,AX,0.245214717987355,L1,-0.00753058475671048,L2,-0.0387...
check iteration duration=7.79628753662e-05
GetData ===>> H2,-0.0779871245576061,H1,4.43811427789498,AX,0.225277708799128,L1,-0.017890562292697,L2,0.103083...
check iteration duration=8.58306884766e-05
GetData ===>> H2,-0.278844223382375,H1,4.35328852653598,AX,0.0939824496528867,L1,-0.00836283868349385,L2,0.0713...
testing H1>-5.0
evaluate ot="H1.bs>-5.0" t="H1>-5.0", ctx="{'H1': None}"
check iteration duration=0.000593900680542
GetData ===>> H2,-0.302385951610806,H1,4.57671723045212,AX,0.223163510245052,L1,-0.0070676587004456,L2,-0.03097...
check iteration duration=8.01086425781e-05
GetData ===>> H2,-0.261694489972282,H1,4.58689363880713,AX,0.378704686364957,L1,-0.0175415877297927,L2,0.090909...
check iteration duration=5.29289245605e-05
GetData ===>> H2,-0.211142846523634,H1,4.53439959081716,AX,0.265612028301111,L1,-0.0154870694197277,L2,0.038634...
check iteration duration=8.70227813721e-05
GetData ===>> H2,-0.183455013443131,H1,4.60047596088271,AX,0.230354295913265,L1,0.0094481658813513,L2,0.1493061...
check iteration duration=4.50611114502e-05
GetData ===>> H2,-0.0682297643815847,H1,4.54932892585302,AX,0.260317836968217,L1,-0.0142669872864231,L2,0.07704...
testing H1>-5.0
evaluate ot="H1.bs>-5.0" t="H1>-5.0", ctx="{'H1': None}"
check iteration duration=0.011305809021
GetData ===>> H2,-0.173841843254684,H1,4.62004108796823,AX,0.256544740138432,L1,0.0083477253387916,L2,-0.044121...
check iteration duration=7.5101852417e-05
GetData ===>> H2,-0.260490798895308,H1,4.60953184323991,AX,0.23633503728794,L1,-0.00586706991667653,L2,0.177468...
check iteration duration=8.20159912109e-05
GetData ===>> H2,-0.218214430374612,H1,4.69982185628284,AX,0.303689913622746,L1,-0.0512909749890232,L2,0.018101...
check iteration duration=6.103515625e-05
GetData ===>> H2,-0.313790883434652,H1,4.68108945757553,AX,0.18027377153854,L1,-0.0167908316629431,L2,-0.010245...
check iteration duration=3.40938568115e-05
GetData ===>> H2,-0.220317601642118,H1,4.73223028163228,AX,0.343920680858965,L1,-0.00133688645922192,L2,-0.0501...
testing H1>-5.0
evaluate ot="H1.bs>-5.0" t="H1>-5.0", ctx="{'H1': None}"
check iteration duration=0.00250792503357
GetData ===>> H2,-0.166817154501145,H1,4.88767778171761,AX,0.262709475513348,L1,0.0265003299443601,L2,0.1332156...
check iteration duration=4.00543212891e-05
GetData ===>> H2,-0.219335451847934,H1,4.90381593648073,AX,0.213987026158417,L1,-0.0298610916172856,L2,0.074569...
check iteration duration=5.31673431396e-05
GetData ===>> H2,-0.238058386371433,H1,4.86096561607863,AX,0.22537064165609,L1,-0.02058601291178,L2,-0.05141233...
check iteration duration=8.32080841064e-05
GetData ===>> H2,-0.250206237836943,H1,4.87177422760239,AX,0.211211019576714,L1,-0.035447713265305,L2,0.0438339...
check iteration duration=8.10623168945e-05
GetData ===>> H2,-0.323223568578313,H1,4.98640337351428,AX,0.231887779266367,L1,-0.00786517349665162,L2,0.04324...
testing H1>-5.0
evaluate ot="H1.bs>-5.0" t="H1>-5.0", ctx="{'H1': None}"
check iteration duration=0.000625133514404
GetData ===>> H2,-0.214548915129161,H1,4.96756264606091,AX,0.24739703787348,L1,-0.0559262634303246,L2,0.0447348...
check iteration duration=4.50611114502e-05
waiting for write to finish
measurement finished
estimated time: 125.829 actual time: :126.828
flush and close file /Users/jan/PychronDev/data/isotopes/12/5bb029-d658-43da-87ec-4d16d77e05dc.h5
baselines () {'settling_time': 15.0, 'detector': 'H1', 'mass': 34.2, 'ncounts': 60}
%%%%%%%%%%%%%%%%%%%%%%%%%%%%%%%% Baseline
build tables- baseline [Detector(H2), Detector(H1), Detector(AX), Detector(L1), Detector(L2), Detector(CDD)]
add group baseline table H2
add group baseline table H1
add group baseline table AX
add group baseline table L1
add group baseline table L2
add group baseline table CDD
flush and close file /Users/jan/PychronDev/data/isotopes/12/5bb029-d658-43da-87ec-4d16d77e05dc.h5
detector Detector(H1)
POSITION 34.2 H1
Mapping mass to dac mass func: "parabolic"
H1 map mass coeffs = [-0.00063987  0.15840543  0.57277999]
H1 map mass to dac 34.2 >> 5.24182599104
GetDeflection H1 ===>> 0
GetHighVoltage ===>> 4499.94659342336
positioning 34.2 (5.24179512242) on H1
setting magnet DAC
current  : 5.881135
requested: 5.241795
Delta Dac: 0.639340
Checking detector protection. dv=0.63934
Checking detector "CDD". Protection Threshold: 0.1 (V)
ProtectDetector CDD,On ===>> OK
GetDeflection CDD ===>> 2000
Protected = 2000
SetMagnetDAC 5.24179512242 ===>> OK
Magnet settling time: 0.500
GetMagnetMoving ===>> True
GetMagnetMoving ===>> True
GetMagnetMoving ===>> True
GetMagnetMoving ===>> True
GetMagnetMoving ===>> True
GetMagnetMoving ===>> True
GetMagnetMoving ===>> True
GetMagnetMoving ===>> True
GetMagnetMoving ===>> False
ProtectDetector CDD,Off ===>> OK
GetDeflection CDD ===>> 50
Delaying 15.0s for detectors to settle
Join finished
measuring baseline. ncounts=60
starting measurement
check iteration duration=3.40938568115e-05
GetData ===>> H2,-0.257353567428834,H1,-0.0670426227805219,AX,-0.0959139726180979,L1,-0.00437243067303218,L2,0....
"baseline" increment series count="2" fit count="1" regressing="True"
check iteration duration=4.48226928711e-05
GetData ===>> H2,-0.263988544359942,H1,-0.0253476157947794,AX,-0.0604788706757013,L1,0.0129783070163413,L2,-0.0...
check iteration duration=5.60283660889e-05
GetData ===>> H2,-0.288700716535452,H1,-0.0398838213496731,AX,-0.095288145578121,L1,0.0113325143951263,L2,0.081...
check iteration duration=8.82148742676e-05
GetData ===>> H2,-0.0833320240626396,H1,-0.0199451899860702,AX,-0.205383211613646,L1,0.00611001365670448,L2,-0....
testing H1>-5.0
evaluate ot="H1.bs>-5.0" t="H1>-5.0", ctx="{'H1': None}"
check iteration duration=0.00109314918518
GetData ===>> H2,-0.0651153218903396,H1,-0.0164268971891477,AX,-0.115509593875446,L1,-0.0178653789665786,L2,-0....
check iteration duration=5.69820404053e-05
GetData ===>> H2,-0.222103844639093,H1,0.024597174628327,AX,-0.13007338560249,L1,-0.0131547546446303,L2,0.03781...
check iteration duration=4.29153442383e-05
GetData ===>> H2,-0.24168968456968,H1,-0.0464655596229989,AX,-0.104651951890089,L1,-0.020722684674559,L2,0.0579...
check iteration duration=8.08238983154e-05
GetData ===>> H2,-0.212939611610205,H1,-0.0216744750114682,AX,-0.0982665827018287,L1,0.00760616581134088,L2,-0....
check iteration duration=8.20159912109e-05
GetData ===>> H2,-0.226008079120083,H1,-0.0288775201752632,AX,-0.0760593863597248,L1,-0.0307833385078228,L2,-0....
testing H1>-5.0
evaluate ot="H1.bs>-5.0" t="H1>-5.0", ctx="{'H1': None}"
check iteration duration=0.000541925430298
GetData ===>> H2,-0.24314050887068,H1,-0.0315606412372159,AX,-0.0988808015851852,L1,-0.0396109043370779,L2,-0.0...
check iteration duration=3.69548797607e-05
GetData ===>> H2,-0.211832493273312,H1,-0.0144351308507538,AX,-0.136135849484139,L1,-0.0544490262712669,L2,0.04...
check iteration duration=0.000103950500488
GetData ===>> H2,-0.187611938893764,H1,-0.0457501742563203,AX,-0.0886587675385408,L1,-0.00993481937933297,L2,0....
check iteration duration=5.3882598877e-05
GetData ===>> H2,-0.307986041729882,H1,0.0200990946476633,AX,-0.0422752574097352,L1,-0.0534825423475466,L2,-0.0...
check iteration duration=7.82012939453e-05
GetData ===>> H2,-0.223157137673834,H1,-0.0390253018365037,AX,-0.151417628794073,L1,-0.0316875374230461,L2,-0.0...
testing H1>-5.0
evaluate ot="H1.bs>-5.0" t="H1>-5.0", ctx="{'H1': None}"
check iteration duration=0.00199508666992
GetData ===>> H2,-0.249202883153301,H1,-0.0114533706359275,AX,-0.0637597967315658,L1,-0.0270207584934468,L2,-0....
check iteration duration=8.01086425781e-05
GetData ===>> H2,-0.275915215728602,H1,0.0127856719150056,AX,0.0125996676700266,L1,-0.0332394561913083,L2,0.052...
check iteration duration=6.50882720947e-05
GetData ===>> H2,-0.180161569427933,H1,8.09141993631357E-05,AX,-0.103643763564035,L1,-0.0266385520593538,L2,0.1...
check iteration duration=6.29425048828e-05
GetData ===>> H2,-0.155349514542855,H1,-0.0830864579514533,AX,-0.227999050847555,L1,-0.0132590316769092,L2,-0.0...
check iteration duration=4.88758087158e-05
GetData ===>> H2,-0.169732178961327,H1,-0.0902850842804391,AX,-0.0697532876795687,L1,-0.0284260509845441,L2,-0....
testing H1>-5.0
evaluate ot="H1.bs>-5.0" t="H1>-5.0", ctx="{'H1': None}"
check iteration duration=0.00124883651733
GetData ===>> H2,-0.104036360335573,H1,-0.0627868797190566,AX,-0.0903856944866914,L1,-0.00656393258946783,L2,-0...
check iteration duration=8.29696655273e-05
GetData ===>> H2,-0.21163988132464,H1,-0.0177865233043971,AX,-0.0468206823673676,L1,0.00216892583316874,L2,-0.0...
check iteration duration=3.79085540771e-05
GetData ===>> H2,-0.280407123783065,H1,0.00676114916300392,AX,-0.0686867747052107,L1,-0.00180367592039688,L2,-0...
check iteration duration=4.00543212891e-05
GetData ===>> H2,-0.156214178210789,H1,-0.0265282395618847,AX,-0.0729411643789763,L1,-0.014561804207284,L2,-0.0...
check iteration duration=8.01086425781e-05
GetData ===>> H2,-0.157542119118287,H1,-0.0213643985156107,AX,-0.0748770239874303,L1,-0.0205380574672436,L2,0.0...
testing H1>-5.0
evaluate ot="H1.bs>-5.0" t="H1>-5.0", ctx="{'H1': None}"
check iteration duration=0.00237703323364
09:37:18 -- collecting point 25
GetData ===>> H2,-0.160606731624755,H1,-0.0517592524033937,AX,-0.0182575110740427,L1,-0.0327844431025285,L2,0.0...
check iteration duration=6.19888305664e-05
GetData ===>> H2,-0.134865086288813,H1,0.000522273112513361,AX,0.0686608547391348,L1,-0.0238344619736233,L2,-0....
check iteration duration=8.51154327393e-05
GetData ===>> H2,-0.148403802040824,H1,-0.0982220421041234,AX,-0.0626352514975929,L1,-0.0676825399951081,L2,-0....
check iteration duration=8.51154327393e-05
GetData ===>> H2,-0.222211602909853,H1,0.00436337068119315,AX,-0.140959492857197,L1,-0.0910060854176392,L2,0.02...
check iteration duration=8.39233398438e-05
GetData ===>> H2,-0.180044169677107,H1,0.0292744376402922,AX,-0.126180652399602,L1,-0.0408421596191258,L2,0.018...
testing H1>-5.0
evaluate ot="H1.bs>-5.0" t="H1>-5.0", ctx="{'H1': None}"
check iteration duration=0.000592231750488
GetData ===>> H2,-0.252305462265464,H1,0.0501696762598815,AX,-0.0625888782192218,L1,-0.0301677181518165,L2,-0.0...
check iteration duration=8.79764556885e-05
GetData ===>> H2,-0.205823610524025,H1,0.00870565846409228,AX,-0.0770910437512183,L1,-0.0637589314896947,L2,-0....
check iteration duration=7.89165496826e-05
GetData ===>> H2,-0.162436459862,H1,-0.0845047713251333,AX,-0.101859128728034,L1,-0.00395134857856856,L2,-0.097...
check iteration duration=4.00543212891e-05
GetData ===>> H2,-0.150867088390874,H1,0.0126186505562178,AX,-0.0489889608060318,L1,0.0113733258413841,L2,0.015...
check iteration duration=3.50475311279e-05
GetData ===>> H2,-0.159912572917124,H1,-0.0740516874101925,AX,-0.068791108011979,L1,0.0126169538771469,L2,-0.05...
testing H1>-5.0
evaluate ot="H1.bs>-5.0" t="H1>-5.0", ctx="{'H1': None}"
check iteration duration=0.0374310016632
GetData ===>> H2,-0.170285409098072,H1,-0.0550259411117747,AX,-0.0980463900824631,L1,-0.0226370930483192,L2,-0....
check iteration duration=6.103515625e-05
GetData ===>> H2,-0.192272839248681,H1,0.00594995399436655,AX,-0.127327634620094,L1,-0.0139350083010208,L2,-0.0...
check iteration duration=7.5101852417e-05
GetData ===>> H2,-0.174809872835235,H1,0.0512079885928387,AX,-0.0327314932862098,L1,-0.0580998250875814,L2,-0.0...
check iteration duration=9.79900360107e-05
GetData ===>> H2,-0.232107512524763,H1,-0.068687651427468,AX,-0.0841616595679576,L1,-0.0363260205318634,L2,-0.0...
check iteration duration=3.09944152832e-05
GetData ===>> H2,-0.307812937171388,H1,0.00293188851963073,AX,-0.00765580914255297,L1,-0.0154858699286619,L2,-0...
testing H1>-5.0
evaluate ot="H1.bs>-5.0" t="H1>-5.0", ctx="{'H1': None}"
check iteration duration=0.00359010696411
GetData ===>> H2,-0.16296709330281,H1,-0.0191819098500854,AX,-0.102426970635951,L1,-0.0357221176388326,L2,0.049...
check iteration duration=4.29153442383e-05
GetData ===>> H2,-0.234492005715917,H1,-0.0550020970549568,AX,-0.0450697912598446,L1,-0.0362445436873482,L2,-0....
check iteration duration=5.29289245605e-05
GetData ===>> H2,-0.184249560083194,H1,-0.0306185758139009,AX,-0.066066812769951,L1,-0.0472080254296865,L2,-0.0...
check iteration duration=3.09944152832e-05
GetData ===>> H2,0.00379208769400304,H1,0.00666571409608814,AX,-0.143081356373217,L1,-0.0500921097367475,L2,-0....
check iteration duration=9.32216644287e-05
GetData ===>> H2,-0.0975925768771578,H1,-0.0871983195289026,AX,-0.126539809902828,L1,-0.0374594387252639,L2,0.0...
testing H1>-5.0
evaluate ot="H1.bs>-5.0" t="H1>-5.0", ctx="{'H1': None}"
check iteration duration=0.00160813331604
GetData ===>> H2,-0.18364387508197,H1,-0.0559796987248394,AX,-0.0226532829384718,L1,-0.0344458939708905,L2,0.02...
check iteration duration=7.48634338379e-05
GetData ===>> H2,-0.226623421791926,H1,-0.0659936048845953,AX,-0.137109873669963,L1,-0.0451958564387947,L2,0.01...
check iteration duration=3.40938568115e-05
GetData ===>> H2,-0.173976859318919,H1,-0.00633646310703713,AX,-0.0818782545671774,L1,-0.0523724631871859,L2,-0...
check iteration duration=3.60012054443e-05
GetData ===>> H2,-0.149451844536699,H1,0.0398229450879974,AX,-0.108244262137543,L1,-0.0257530713171775,L2,-0.02...
check iteration duration=3.09944152832e-05
GetData ===>> H2,-0.196869034798541,H1,0.0162693237749647,AX,-0.0817043890467498,L1,-0.0220785118432536,L2,0.07...
testing H1>-5.0
evaluate ot="H1.bs>-5.0" t="H1>-5.0", ctx="{'H1': None}"
check iteration duration=0.00103092193604
09:37:44 -- collecting point 50
GetData ===>> H2,-0.214213606342305,H1,-0.100557723597272,AX,-0.135486494608347,L1,-0.0567090870898711,L2,0.003...
check iteration duration=4.50611114502e-05
GetData ===>> H2,-0.197597313842676,H1,-0.0226166246244606,AX,-0.163010700299449,L1,-0.0467974847064088,L2,0.02...
check iteration duration=8.58306884766e-05
GetData ===>> H2,-0.205823610524025,H1,-0.000933011068426759,AX,-0.0566876982140629,L1,0.00453642944878678,L2,-...
check iteration duration=9.3936920166e-05
GetData ===>> H2,-0.267850806994355,H1,-0.0706544980082711,AX,-0.130849596511899,L1,0.0169444389442781,L2,-0.02...
check iteration duration=9.08374786377e-05
GetData ===>> H2,-0.295491057665772,H1,-0.0665181152071924,AX,-0.0383674136857788,L1,-0.0190261448706746,L2,-0....
testing H1>-5.0
evaluate ot="H1.bs>-5.0" t="H1>-5.0", ctx="{'H1': None}"
check iteration duration=0.000580072402954
GetData ===>> H2,-0.230169404632614,H1,-0.0405515536572974,AX,-0.0844398372260316,L1,-0.0633020142269029,L2,-0....
check iteration duration=8.48770141602e-05
GetData ===>> H2,-0.128860171541804,H1,-0.0496131944853538,AX,-0.0877779070891746,L1,-0.0513448128856848,L2,-0....
check iteration duration=4.29153442383e-05
GetData ===>> H2,-0.110412357281964,H1,0.0343218313812567,AX,-0.0197305227073231,L1,-0.0236211273953633,L2,0.10...
check iteration duration=4.6968460083e-05
GetData ===>> H2,-0.150529498553618,H1,0.0573187344953265,AX,-0.0686288117086257,L1,0.011260494599087,L2,-0.059...
check iteration duration=7.10487365723e-05
GetData ===>> H2,-0.190020153108492,H1,-0.00427292754967539,AX,-0.0951722512400463,L1,-0.0308516053696516,L2,-0...
testing H1>-5.0
evaluate ot="H1.bs>-5.0" t="H1>-5.0", ctx="{'H1': None}"
check iteration duration=0.000850915908813
GetData ===>> H2,-0.156162840647346,H1,-0.0557412601737582,AX,-0.105416777444007,L1,-0.0305414065989679,L2,-0.0...
check iteration duration=2.8133392334e-05
waiting for write to finish
measurement finished
estimated time: 62.915 actual time: :63.278
flush and close file /Users/jan/PychronDev/data/isotopes/12/5bb029-d658-43da-87ec-4d16d77e05dc.h5
activate_detectors ('H1', 'AX', 'CDD') {'peak_center': True}
peak_center () {'detector': 'H1', 'integration_time': 0.262144, 'isotope': 'Ar40'}
peak center: mean=4.82008730202 threshold=3
peak center started
setup peak center. detector=['H1', 'AX', 'CDD'], isotope=Ar40
VersionedUnpickler [<apptools.sweet_pickle.versioned_unpickler.VersionedUnpickler object at 0x23f6a37d0>] using Updater [<apptools.sweet_pickle.updater.Updater object at 0x12e273d10>]
VersionedUnpickler [<apptools.sweet_pickle.versioned_unpickler.VersionedUnpickler object at 0x23f6a37d0>] using Updater [<apptools.sweet_pickle.updater.Updater object at 0x12e273d10>]
VersionedUnpickler [<apptools.sweet_pickle.versioned_unpickler.VersionedUnpickler object at 0x23449a050>] using Updater [<apptools.sweet_pickle.updater.Updater object at 0x12e273d10>]
setting integration time = 0.524288
SetIntegrationTime 0.524288 ===>> OK
Mapping mass to dac mass func: "parabolic"
H1 map mass coeffs = [-0.00063987  0.15840543  0.57277999]
H1 map mass to dac 39.9624 >> 5.88117
GetDeflection H1 ===>> 0
GetHighVoltage ===>> 4499.94659342336
do peak center. <pychron.spectrometer.jobs.peak_center.PeakCenter object at 0x16275af50>
doing pc
starting peak center. center dac= 5.88113536634 step_width=0.001
width = 0.001
get scan parameters. half-width=0.015,window=0.015, i=0, scalar=1
Scan parameters center=5.88114 width=0.03000 (5.86614 - 5.89614)
GetData ===>> H2,-0.133380223234255,H1,-0.0409450366808837,AX,-0.112091363435845,L1,-0.0380344857652809,L2,0.06...
Moving to starting dac 5.86613536634
setting magnet DAC
current  : 5.241795
requested: 5.866135
Delta Dac: 0.624340
Checking detector protection. dv=0.62434
Checking detector "CDD". Protection Threshold: 0.1 (V)
ProtectDetector CDD,On ===>> OK
GetDeflection CDD ===>> 2000
Protected = 2000
SetMagnetDAC 5.86613536634 ===>> OK
Magnet settling time: 0.500
GetMagnetMoving ===>> True
GetMagnetMoving ===>> True
GetMagnetMoving ===>> True
GetMagnetMoving ===>> True
GetMagnetMoving ===>> True
GetMagnetMoving ===>> True
GetMagnetMoving ===>> True
GetMagnetMoving ===>> True
GetMagnetMoving ===>> False
ProtectDetector CDD,Off ===>> OK
GetDeflection CDD ===>> 50
Wait until signal near baseline. tol= -0.0307087775107. timeout= 10
GetData ===>> H2,-0.201878376993372,H1,-0.043401289675704,AX,-0.0528963780463599,L1,0.0395235984536284,L2,-0.07...
Peak center baseline intensity achieved
_do_sweep sm= 5.86613536634, em= 5.89613536634, stm= 0.001
calculated step values: start=5.86613536634, end=5.89613536634, width=0.001, nsteps=31.0
setting magnet DAC
current  : 5.866135
requested: 5.866135
Delta Dac: 0.000000
Checking detector protection. dv=0.00000
Checking detector "CDD". Protection Threshold: 0.1 (V)
SetMagnetDAC 5.86613536634 ===>> OK
GetData ===>> H2,0.399867649457933,H1,0.0286181758243355,AX,-0.192231737294157,L1,0.0370683571507665,L2,-0.1386...
setting magnet DAC
current  : 5.866135
requested: 5.867170
Delta Dac: 0.001034
Checking detector protection. dv=0.00103
Checking detector "CDD". Protection Threshold: 0.1 (V)
SetMagnetDAC 5.8671698491 ===>> OK
Magnet settling time: 1.049
GetData ===>> H2,0.0129634279610014,H1,0.0758075819718542,AX,-0.188735154093899,L1,-0.0597674865148147,L2,-0.00...
setting magnet DAC
current  : 5.867170
requested: 5.868204
Delta Dac: 0.001034
Checking detector protection. dv=0.00103
Checking detector "CDD". Protection Threshold: 0.1 (V)
SetMagnetDAC 5.86820433186 ===>> OK
Magnet settling time: 1.049
GetData ===>> H2,-0.112962773461281,H1,0.139071974953864,AX,-0.175257081010286,L1,-0.0547982100453247,L2,-0.100...
setting magnet DAC
current  : 5.868204
requested: 5.869239
Delta Dac: 0.001034
Checking detector protection. dv=0.00103
Checking detector "CDD". Protection Threshold: 0.1 (V)
SetMagnetDAC 5.86923881462 ===>> OK
Magnet settling time: 1.049
GetData ===>> H2,-0.199230376605086,H1,0.238650078082015,AX,-0.0306788239127808,L1,-0.041858909451846,L2,-0.085...
setting magnet DAC
current  : 5.869239
requested: 5.870273
Delta Dac: 0.001034
Checking detector protection. dv=0.00103
Checking detector "CDD". Protection Threshold: 0.1 (V)
SetMagnetDAC 5.87027329738 ===>> OK
Magnet settling time: 1.049
GetData ===>> H2,-0.227062688123591,H1,0.704953872513259,AX,0.0341706996104042,L1,-0.030874717836151,L2,-0.1368...
setting magnet DAC
current  : 5.870273
requested: 5.871308
Delta Dac: 0.001034
Checking detector protection. dv=0.00103
Checking detector "CDD". Protection Threshold: 0.1 (V)
SetMagnetDAC 5.87130778013 ===>> OK
Magnet settling time: 1.049
GetData ===>> H2,-0.259185383755209,H1,1.93324466167415,AX,-0.00996415549635623,L1,-0.00416489098694272,L2,0.02...
setting magnet DAC
current  : 5.871308
requested: 5.872342
Delta Dac: 0.001034
Checking detector protection. dv=0.00103
Checking detector "CDD". Protection Threshold: 0.1 (V)
SetMagnetDAC 5.87234226289 ===>> OK
Magnet settling time: 1.049
GetData ===>> H2,-0.205210417192945,H1,3.5974900529683,AX,0.113159287210444,L1,-0.00736748370466857,L2,0.062511...
setting magnet DAC
current  : 5.872342
requested: 5.873377
Delta Dac: 0.001034
Checking detector protection. dv=0.00103
Checking detector "CDD". Protection Threshold: 0.1 (V)
SetMagnetDAC 5.87337674565 ===>> OK
Magnet settling time: 1.049
GetData ===>> H2,-0.227221410176164,H1,5.36263355671747,AX,0.294026779042253,L1,-0.0133285490981637,L2,-0.01216...
setting magnet DAC
current  : 5.873377
requested: 5.874411
Delta Dac: 0.001034
Checking detector protection. dv=0.00103
Checking detector "CDD". Protection Threshold: 0.1 (V)
SetMagnetDAC 5.87441122841 ===>> OK
Magnet settling time: 1.049
GetData ===>> H2,-0.178101956121317,H1,6.94002430039971,AX,0.407559371774749,L1,-0.0337004141646761,L2,0.088379...
setting magnet DAC
current  : 5.874411
requested: 5.875446
Delta Dac: 0.001034
Checking detector protection. dv=0.00103
Checking detector "CDD". Protection Threshold: 0.1 (V)
SetMagnetDAC 5.87544571117 ===>> OK
Magnet settling time: 1.049
GetData ===>> H2,-0.148025636533961,H1,7.31904320394172,AX,0.401071555213337,L1,-0.0400432981336153,L2,-0.06447...
setting magnet DAC
current  : 5.875446
requested: 5.876480
Delta Dac: 0.001034
Checking detector protection. dv=0.00103
Checking detector "CDD". Protection Threshold: 0.1 (V)
SetMagnetDAC 5.87648019393 ===>> OK
Magnet settling time: 1.049
GetData ===>> H2,-0.113902113646065,H1,7.42737743168982,AX,0.326341638949055,L1,-0.0421870258402427,L2,-0.00505...
setting magnet DAC
current  : 5.876480
requested: 5.877515
Delta Dac: 0.001034
Checking detector protection. dv=0.00103
Checking detector "CDD". Protection Threshold: 0.1 (V)
SetMagnetDAC 5.87751467669 ===>> OK
Magnet settling time: 1.049
GetData ===>> H2,-0.0129861736099771,H1,7.52382450528917,AX,0.303573764491202,L1,-0.031561475767542,L2,0.017241...
setting magnet DAC
current  : 5.877515
requested: 5.878549
Delta Dac: 0.001034
Checking detector protection. dv=0.00103
Checking detector "CDD". Protection Threshold: 0.1 (V)
SetMagnetDAC 5.87854915944 ===>> OK
Magnet settling time: 1.049
GetData ===>> H2,-0.145550573779789,H1,7.61689425039529,AX,0.354692750268817,L1,0.0153699226245135,L2,0.1870398...
setting magnet DAC
current  : 5.878549
requested: 5.879584
Delta Dac: 0.001034
Checking detector protection. dv=0.00103
Checking detector "CDD". Protection Threshold: 0.1 (V)
SetMagnetDAC 5.8795836422 ===>> OK
Magnet settling time: 1.049
GetData ===>> H2,-0.266278681823922,H1,7.61575512726391,AX,0.359945582470628,L1,-0.00122768580142222,L2,0.06522...
setting magnet DAC
current  : 5.879584
requested: 5.880618
Delta Dac: 0.001034
Checking detector protection. dv=0.00103
Checking detector "CDD". Protection Threshold: 0.1 (V)
SetMagnetDAC 5.88061812496 ===>> OK
Magnet settling time: 1.049
GetData ===>> H2,-0.132026711177356,H1,7.59884309423919,AX,0.44014820353528,L1,0.00229857187094791,L2,0.0582269...
setting magnet DAC
current  : 5.880618
requested: 5.881653
Delta Dac: 0.001034
Checking detector protection. dv=0.00103
Checking detector "CDD". Protection Threshold: 0.1 (V)
SetMagnetDAC 5.88165260772 ===>> OK
Magnet settling time: 1.049
GetData ===>> H2,-0.26792240065308,H1,7.58257745470876,AX,0.471335375883457,L1,-0.0123480693685569,L2,0.1400916...
setting magnet DAC
current  : 5.881653
requested: 5.882687
Delta Dac: 0.001034
Checking detector protection. dv=0.00103
Checking detector "CDD". Protection Threshold: 0.1 (V)
SetMagnetDAC 5.88268709048 ===>> OK
Magnet settling time: 1.049
GetData ===>> H2,-0.200441199111709,H1,7.63541913575503,AX,0.53541297569931,L1,0.0136713751391909,L2,-0.0544133...
setting magnet DAC
current  : 5.882687
requested: 5.883722
Delta Dac: 0.001034
Checking detector protection. dv=0.00103
Checking detector "CDD". Protection Threshold: 0.1 (V)
SetMagnetDAC 5.88372157324 ===>> OK
Magnet settling time: 1.049
GetData ===>> H2,0.0222623991736987,H1,7.77373093708042,AX,0.489360208066958,L1,-0.0195184682698932,L2,0.183708...
setting magnet DAC
current  : 5.883722
requested: 5.884756
Delta Dac: 0.001034
Checking detector protection. dv=0.00103
Checking detector "CDD". Protection Threshold: 0.1 (V)
SetMagnetDAC 5.884756056 ===>> OK
Magnet settling time: 1.049
GetData ===>> H2,-0.120675514477379,H1,7.71094481197225,AX,0.310566188791424,L1,-0.0441195816222168,L2,-0.06333...
setting magnet DAC
current  : 5.884756
requested: 5.885791
Delta Dac: 0.001034
Checking detector protection. dv=0.00103
Checking detector "CDD". Protection Threshold: 0.1 (V)
SetMagnetDAC 5.88579053876 ===>> OK
Magnet settling time: 1.049
GetData ===>> H2,-0.171854546602295,H1,7.70226118697297,AX,0.467990927890203,L1,0.015365124064539,L2,0.00207241...
setting magnet DAC
current  : 5.885791
requested: 5.886825
Delta Dac: 0.001034
Checking detector protection. dv=0.00103
Checking detector "CDD". Protection Threshold: 0.1 (V)
SetMagnetDAC 5.88682502151 ===>> OK
Magnet settling time: 1.049
GetData ===>> H2,-0.128026155592851,H1,7.47215235514986,AX,0.523212220598795,L1,-0.0520040046226934,L2,-0.11192...
setting magnet DAC
current  : 5.886825
requested: 5.887860
Delta Dac: 0.001034
Checking detector protection. dv=0.00103
Checking detector "CDD". Protection Threshold: 0.1 (V)
SetMagnetDAC 5.88785950427 ===>> OK
Magnet settling time: 1.049
GetData ===>> H2,-0.265746839150631,H1,6.7830328946499,AX,0.441471656096917,L1,0.0253558747071878,L2,-0.0064447...
setting magnet DAC
current  : 5.887860
requested: 5.888894
Delta Dac: 0.001034
Checking detector protection. dv=0.00103
Checking detector "CDD". Protection Threshold: 0.1 (V)
SetMagnetDAC 5.88889398703 ===>> OK
Magnet settling time: 1.049
GetData ===>> H2,-0.277339620465759,H1,5.32474048152227,AX,0.0697444648840423,L1,-0.0068349883434906,L2,0.05319...
setting magnet DAC
current  : 5.888894
requested: 5.889928
Delta Dac: 0.001034
Checking detector protection. dv=0.00103
Checking detector "CDD". Protection Threshold: 0.1 (V)
SetMagnetDAC 5.88992846979 ===>> OK
Magnet settling time: 1.049
GetData ===>> H2,-0.217602595249663,H1,3.29601582238685,AX,0.190162134468511,L1,-0.047188875215035,L2,0.1004386...
setting magnet DAC
current  : 5.889928
requested: 5.890963
Delta Dac: 0.001034
Checking detector protection. dv=0.00103
Checking detector "CDD". Protection Threshold: 0.1 (V)
SetMagnetDAC 5.89096295255 ===>> OK
Magnet settling time: 1.049
GetData ===>> H2,-0.0575229539944097,H1,1.78127433511126,AX,0.116451536705757,L1,-0.050678399044573,L2,0.003962...
setting magnet DAC
current  : 5.890963
requested: 5.891997
Delta Dac: 0.001034
Checking detector protection. dv=0.00103
Checking detector "CDD". Protection Threshold: 0.1 (V)
SetMagnetDAC 5.89199743531 ===>> OK
Magnet settling time: 1.049
GetData ===>> H2,-0.20452575766567,H1,0.672241014290465,AX,-0.0888326206323165,L1,-0.0106146159934823,L2,-0.035...
setting magnet DAC
current  : 5.891997
requested: 5.893032
Delta Dac: 0.001034
Checking detector protection. dv=0.00103
Checking detector "CDD". Protection Threshold: 0.1 (V)
SetMagnetDAC 5.89303191807 ===>> OK
Magnet settling time: 1.049
GetData ===>> H2,-0.255814504337364,H1,0.146535708211082,AX,-0.0886703577544551,L1,0.0218212529972575,L2,0.0425...
setting magnet DAC
current  : 5.893032
requested: 5.894066
Delta Dac: 0.001034
Checking detector protection. dv=0.00103
Checking detector "CDD". Protection Threshold: 0.1 (V)
SetMagnetDAC 5.89406640082 ===>> OK
Magnet settling time: 1.049
GetData ===>> H2,-0.251759513208148,H1,-0.0478605463795965,AX,-0.0511108121861847,L1,-0.0340975271342284,L2,0.0...
setting magnet DAC
current  : 5.894066
requested: 5.895101
Delta Dac: 0.001034
Checking detector protection. dv=0.00103
Checking detector "CDD". Protection Threshold: 0.1 (V)
SetMagnetDAC 5.89510088358 ===>> OK
Magnet settling time: 1.049
GetData ===>> H2,-0.214594699493064,H1,0.0719710500393546,AX,-0.021887806599369,L1,-0.0423882013934746,L2,-0.04...
setting magnet DAC
current  : 5.895101
requested: 5.896135
Delta Dac: 0.001034
Checking detector protection. dv=0.00103
Checking detector "CDD". Protection Threshold: 0.1 (V)
SetMagnetDAC 5.89613536634 ===>> OK
Magnet settling time: 1.049
GetData ===>> H2,-0.241429916202287,H1,0.0899635118141841,AX,-0.14495933604534,L1,-0.0395066958479976,L2,-0.077...
result of _do_sweep=True
result of _calculate_peak_center=([5.8736524695132193, 5.8811115255563395, 5.8885705815994598], [5.7830603481201344, 7.773605113182394, 5.7806395124799472], 5.8837236463496501, 7.773605113182394)
Failed to find a valid peak. No peak greater than 1.0. max = 0.534899327605
Failed to find a valid peak. No peak greater than 1.0. max = 0.0181073054109
new center pos Detector(H1) (Ar40) @ 5.88111152556
GetHighVoltage ===>> 4499.94659342336
GetDeflection H1 ===>> 0
dac uncorrected for HV and deflection 5.88114615907
update mftable H1 Ar40 5.88114615907 message=automated run peakcenter
get initial guess parabolic
get initial guess parabolic
get initial guess parabolic
get initial guess parabolic
get initial guess parabolic
get initial guess parabolic
dump mftable to /Users/jan/PychronDev/setupfiles/spectrometer/mftables/mftable.csv
add to repo msg=modified - automated run peakcenter
locally archiving mftable
setting magnet DAC
current  : 5.896135
requested: 5.881112
Delta Dac: 0.015024
Checking detector protection. dv=0.01502
Checking detector "CDD". Protection Threshold: 0.1 (V)
SetMagnetDAC 5.88111152556 ===>> OK
Magnet settling time: 0.500
sweep finished
setting integration time = 1.048576
SetIntegrationTime 1.048576 ===>> OK
Failed to find a valid peak. No peak greater than 1.0. max = 0.534257267486
Failed to find a valid peak. No peak greater than 1.0. max = 0.0180840358195
flush and close file /Users/jan/PychronDev/data/isotopes/12/5bb029-d658-43da-87ec-4d16d77e05dc.h5
finished measure script
executed snippet estimated_duration=226.132928, duration=264.677586079
jan_unknown120_60.py completed successfully
Measurement Finished
09:38:32 -- ******* Measurement Finished *******
Post Measurement Started jan_pump_ms.py
09:38:32 -- ******* Post Measurement Started jan_pump_ms.py *******
testing...
no interpolation path defined
executed snippet estimated_duration=0, duration=4.10079956055e-05
Pumping spectrometer
open () {'name': 'O'}
opening name=O desc=---
checking ownership. requestor=129.138.12.150
check software interlocks O
interlocks []
actuate state mode=None-script, software_lock=False
doing actuation None-script open_channel True
Open O ===>> OK
GetIndicatorState O ===>> OK
change switch state (True, True)
update switch state O True args=() kw={} ncanvase=8
09:38:32 -- OPEN   VALVE-O (Jan Ion Pump)
---------------------------------------- open O () result=[(True, True)], time=0.10 sec
action=open, ok=True, locked=[False]
executed snippet estimated_duration=0, duration=0.358705997467
jan_pump_ms.py completed successfully
setting _ms_pumptime
Post Measurement Finished
09:38:33 -- ******* Post Measurement Finished *******
$$$$$$$$$$$$$$$$$$$$ state at run end measurement
state changed from measurement to success
post measurement save measured=True aborted=False
Set filtering
setting fod for Ar40= {'filter_outliers': True, 'std_devs': 2, 'iterations': 1}
setting fod for H1= {'filter_outliers': True, 'std_devs': 2, 'iterations': 1}
setting fod for PM41= {'filter_outliers': False, 'std_devs': 2, 'iterations': 1}
setting fod for H2= {'filter_outliers': True, 'std_devs': 2, 'iterations': 1}
setting fod for Ar36= {'filter_outliers': True, 'std_devs': 2, 'iterations': 1}
setting fod for CDD= {'filter_outliers': True, 'std_devs': 10, 'iterations': 1}
setting fod for Ar37= {'filter_outliers': True, 'std_devs': 2, 'iterations': 1}
setting fod for L2= {'filter_outliers': True, 'std_devs': 2, 'iterations': 1}
setting fod for Ar38= {'filter_outliers': True, 'std_devs': 2, 'iterations': 1}
setting fod for L1= {'filter_outliers': True, 'std_devs': 2, 'iterations': 1}
setting fod for Ar39= {'filter_outliers': True, 'std_devs': 2, 'iterations': 1}
setting fod for AX= {'filter_outliers': True, 'std_devs': 2, 'iterations': 1}
persistence save...
persistence save - db
post measurement save
8159145424 connecting to database sqlite:////Users/jan/PychronDev/.appdata/local_lab.db
connected to db sqlite:////Users/jan/PychronDev/.appdata/local_lab.db
create new session 8159145424
close session 8159145424
No database instance. Not saving post measurement to isotopedb database
$$$$$$$$$$$$$$$ auto_save_detector_ic=False
massspec enabled True
create new session 6484677072
MassSpec Database Version: 16.0
close session 6484677072
saving post measurement to secondary database
saving to massspec database 129.138.12.160/massspecdata
setting labnumber to bu-FC-J
setting aliquot to 7822
setting step to 
setting uuid to 125bb029-d658-43da-87ec-4d16d77e05dc
setting irradpos to bu-FC-J
setting extract_device to Fusions CO2
setting tray to 
setting position to 19
setting power_requested to 0.0
setting extract_value to 0.0
setting duration to 30.0
setting duration_at_request to 30.0
setting first_stage_delay to 30.0
setting cleanup to 30.0
setting comment to 
setting irradiation to NoIrradiation
setting level to A
setting irradiation_level to A
setting sample to blank_unknown
setting material to Blank
setting project to REFERENCES
setting mass_spectrometer to Jan
no attribute chron_dosages
no attribute production_ratios
no attribute interference_corrections
no attribute production_name
no attribute j
Reference Isotope=Ar40
Reference Detector=H1
%%%%%%%%%%%%%%%%%%%% Comment:  %%%%%%%%%%%%%%%%%%%
adding isotope PM41 H2
add baseline dbdet= PM41. original det= H2
get baseline data PM41 H2
Get data baseline <pychron.processing.isotope.Baseline object at 0x202e78210> len t=60
baseline PM41. v=-0.198651852886, e=0.00693334095097
get signal data PM41 H2
Get data signal PM41 0.12+/-0.08 len t=120
adding isotope Ar40 H1
add baseline dbdet= Ar40. original det= H1
get baseline data Ar40 H1
Get data baseline <pychron.processing.isotope.Baseline object at 0x202e788d0> len t=60
baseline Ar40. v=-0.0262135442451, e=0.00500613297666
get signal data Ar40 H1
Get data signal Ar40 0.555+/-0.011 len t=120
adding isotope Ar39 AX
add baseline dbdet= Ar39. original det= AX
get baseline data Ar39 AX
Get data baseline <pychron.processing.isotope.Baseline object at 0x1a2753450> len t=60
baseline Ar39. v=-0.0864660037517, e=0.00485356030589
get signal data Ar39 AX
Get data signal Ar39 0.050+/-0.013 len t=120
adding isotope Ar38 L1
add baseline dbdet= Ar38. original det= L1
get baseline data Ar38 L1
Get data baseline <pychron.processing.isotope.Baseline object at 0x1a2753cd0> len t=60
baseline Ar38. v=-0.0249060729206, e=0.00287815600771
get signal data Ar38 L1
Get data signal Ar38 0.008+/-0.005 len t=120
adding isotope Ar37 L2
add baseline dbdet= Ar37. original det= L2
get baseline data Ar37 L2
Get data baseline <pychron.processing.isotope.Baseline object at 0x212a60090> len t=60
baseline Ar37. v=-0.0207758770329, e=0.00607352769148
get signal data Ar37 L2
Get data signal Ar37 0.072+/-0.011 len t=120
adding isotope Ar36 CDD
add baseline dbdet= Ar36. original det= CDD
get baseline data Ar36 CDD
Get data baseline <pychron.processing.isotope.Baseline object at 0x212a60e50> len t=60
baseline Ar36. v=4.46596234078e-05, e=9.56023569196e-06
get signal data Ar36 CDD
Get data signal Ar36 0.00699+/-0.00024 len t=120
bu-FC-J-7822 added analysis time 0.606215000153s
analysis added to mass spec database
mass spec save time= 0.618
persistence save - dvc
================= post measurement started
create new session 4992585168
close session 4992585168
---------------- Experiment Queue saving disabled
DVC saving peakcenter
Failed to find a valid peak. No peak greater than 1.0. max = 0.534257267486
Failed to find a valid peak. No peak greater than 1.0. max = 0.0180840358195
Smart pull ahead: 0 behind: 0
Up-to-date with origin
add to repo msg=modified - ad8224ebc6dbfeb9f5997218dfa5fe690569839d.json
add to repo msg=modified - -J-7822.json
add to repo msg=modified - -J-7822.dat.json
add to repo msg=modified - -J-7822.blan.json
add to repo msg=modified - -J-7822.inte.json
add to repo msg=modified - -J-7822.icfa.json
add to repo msg=modified - -J-7822.base.json
not at valid file /Users/jan/PychronDev/data/.dvc/repositories/Load1795/bu-FC/tags/-J-7822.tags.json
add to repo msg=modified - -J-7822.peak.json
add to repo msg=modified - -J-7822.extr.json
not at valid file /Users/jan/PychronDev/data/.dvc/repositories/Load1795/bu-FC/monitor/-J-7822.moni.json
commit message=<COLLECTION>
add to repo msg=modified - -J-7822.inte.json
add to repo msg=modified - -J-7822.base.json
commit message=<ISOEVO> default collection fits
add to repo msg=modified - -J-7822.blan.json
commit message=<BLANKS> preceding bc-02-J-397
add to repo msg=modified - -J-7822.icfa.json
commit message=<ICFactor> default
push repository <pychron.git_archive.repo_manager.GitRepoManager object at 0x20385f470>
pushing to remote=origin, url=https://github.com
no changes to meta repo
create new session 4992585168
add association Load1795
get identifier "bu-FC-J"
setting analysis irradiation position=<pychron.dvc.dvc_orm.IrradiationPositionTbl object at 0x1f9a27610>
close session 4992585168
================= post measurement finished
09:38:45 -- ******* Post Run Check *******
loading queue conditionals post_run_actions
loading system conditionals post_run_actions
loading conditionals from /Users/jan/PychronDev/setupfiles/spectrometer/default_conditionals.yaml
loading queue conditionals post_run_terminations
loading system conditionals post_run_terminations
loading conditionals from /Users/jan/PychronDev/setupfiles/spectrometer/default_conditionals.yaml
Checking default post run terminations n=1
GetDeflection CDD ===>> 50
testing CDD==2000
evaluate ot="CDD.deflection==2000" t="CDD==2000", ctx="{'CDD': 50.0}"
09:38:45 -- ******* Post Run Check Passed *******
09:38:45 -- Automated run bu-FC-J-7822 success duration: 344.184 s
----------------- finish -----------------
----------------- stop -----------------
retroactive repository identifiers disabled
finish run. runs completed=166
update duration runid=bu-FC-J-7822, duration=344.18354702, md5=3be28e4d
loading script "jan_unknown120_60.py"
loading script "jan_pump_ms.py"
loading script "jan_co2.py"
loading script "jan_pump_extraction_line.py"
testing...
no interpolation path defined
executed snippet estimated_duration=213.652928, duration=0.00019097328186
script duration name:unknown120_60 seconds:214.0
loading script "jan_unknown120_60.py"
loading script "jan_pump_ms.py"
loading script "jan_co2.py"
loading script "jan_pump_extraction_line.py"
testing...
no interpolation path defined
executed snippet estimated_duration=0, duration=3.00407409668e-05
loading script "jan_unknown120_60.py"
loading script "jan_pump_ms.py"
loading script "jan_co2.py"
loading script "jan_pump_extraction_line.py"
testing...
no interpolation path defined
calculate duration
testing...
no interpolation path defined
executed snippet estimated_duration=0, duration=7.60555267334e-05
calculate duration
testing...
no interpolation path defined
executed snippet estimated_duration=0, duration=9.3936920166e-05
executed snippet estimated_duration=0.0, duration=0.00316977500916
script duration name:co2 seconds:0.0
loading script "jan_unknown120_60.py"
loading script "jan_pump_ms.py"
loading script "jan_co2.py"
loading script "jan_pump_extraction_line.py"
testing...
no interpolation path defined
calculate duration
testing...
no interpolation path defined
executed snippet estimated_duration=4.0, duration=0.000156879425049
executed snippet estimated_duration=4.0, duration=0.00150203704834
Script duration 214.0
Run total estimated duration= 215.000
unknown120_60 in script context. using previous estimated duration
script duration name:unknown120_60 seconds:214.0
pump_ms in script context. using previous estimated duration
co2 in script context. using previous estimated duration
script duration name:co2 seconds:0.0
pump_extraction_line in script context. using previous estimated duration
Script duration 214.0
Run total estimated duration= 215.000
script duration name:unknown120_60 seconds:214.0
script duration name:co2 seconds:0.0
Script duration 214.0
Run total estimated duration= 215.000
script duration name:unknown120_60 seconds:214.0
script duration name:co2 seconds:0.0
Script duration 214.0
Run total estimated duration= 215.000
loading script "jan_unknown400_120.py"
loading script "jan_pump_ms.py"
loading script "jan_sniffair_x2.py"
loading script "jan_pump_extraction_line.py"
testing...
no interpolation path defined
executed snippet estimated_duration=556.052928, duration=0.000262022018433
script duration name:unknown400_120 seconds:556.0
loading script "jan_unknown400_120.py"
loading script "jan_pump_ms.py"
loading script "jan_sniffair_x2.py"
loading script "jan_pump_extraction_line.py"
testing...
no interpolation path defined
calculate duration
testing...
no interpolation path defined
executed snippet estimated_duration=0, duration=4.79221343994e-05
calculate duration
testing...
no interpolation path defined
executed snippet estimated_duration=0, duration=0.000142097473145
calculate duration
testing...
no interpolation path defined
executed snippet estimated_duration=32.0, duration=9.58442687988e-05
calculate duration
testing...
no interpolation path defined
executed snippet estimated_duration=34.0, duration=0.000130891799927
calculate duration
testing...
no interpolation path defined
executed snippet estimated_duration=4.0, duration=7.60555267334e-05
calculate duration
testing...
no interpolation path defined
executed snippet estimated_duration=36.0, duration=9.79900360107e-05
calculate duration
testing...
no interpolation path defined
executed snippet estimated_duration=34.0, duration=0.000101089477539
calculate duration
testing...
no interpolation path defined
executed snippet estimated_duration=4.0, duration=6.38961791992e-05
calculate duration
testing...
no interpolation path defined
executed snippet estimated_duration=36.0, duration=9.98973846436e-05
calculate duration
testing...
no interpolation path defined
executed snippet estimated_duration=70.0, duration=0.000196933746338
executed snippet estimated_duration=250.0, duration=0.0253129005432
script duration name:sniffair_x2 seconds:250.0
Script duration 806.0
Run total estimated duration= 807.000
unknown400_120 in script context. using previous estimated duration
script duration name:unknown400_120 seconds:556.0
sniffair_x2 in script context. using previous estimated duration
script duration name:sniffair_x2 seconds:250.0
Script duration 806.0
Run total estimated duration= 807.000
script duration name:unknown400_120 seconds:556.0
loading script "jan_unknown400_120.py"
loading script "jan_pump_ms.py"
loading script "jan_cocktail_x1.py"
loading script "jan_pump_extraction_line.py"
testing...
no interpolation path defined
calculate duration
testing...
no interpolation path defined
executed snippet estimated_duration=0, duration=4.79221343994e-05
calculate duration
testing...
no interpolation path defined
executed snippet estimated_duration=0, duration=0.000119924545288
calculate duration
testing...
no interpolation path defined
executed snippet estimated_duration=32.0, duration=0.000103950500488
calculate duration
testing...
no interpolation path defined
executed snippet estimated_duration=34.0, duration=0.000149965286255
calculate duration
testing...
no interpolation path defined
executed snippet estimated_duration=4.0, duration=6.79492950439e-05
calculate duration
testing...
no interpolation path defined
executed snippet estimated_duration=38.0, duration=0.000156879425049
executed snippet estimated_duration=108.0, duration=0.0241668224335
script duration name:cocktail_x1 seconds:108.0
Script duration 664.0
Run total estimated duration= 665.000
script duration name:unknown120_60 seconds:214.0
script duration name:co2 seconds:0.0
Script duration 214.0
Run total estimated duration= 215.000
script duration name:unknown120_60 seconds:214.0
script duration name:co2 seconds:0.0
Script duration 214.0
Run total estimated duration= 215.000
script duration name:unknown120_60 seconds:214.0
script duration name:co2 seconds:0.0
Script duration 214.0
Run total estimated duration= 215.000
script duration name:unknown120_60 seconds:214.0
script duration name:co2 seconds:0.0
Script duration 214.0
Run total estimated duration= 215.000
script duration name:unknown120_60 seconds:214.0
script duration name:co2 seconds:0.0
Script duration 214.0
Run total estimated duration= 215.000
script duration name:unknown120_60 seconds:214.0
script duration name:co2 seconds:0.0
Script duration 214.0
Run total estimated duration= 215.000
script duration name:unknown120_60 seconds:214.0
script duration name:co2 seconds:0.0
Script duration 214.0
Run total estimated duration= 215.000
script duration name:unknown120_60 seconds:214.0
script duration name:co2 seconds:0.0
Script duration 214.0
Run total estimated duration= 215.000
script duration name:unknown400_120 seconds:556.0
cocktail_x1 in script context. using previous estimated duration
script duration name:cocktail_x1 seconds:108.0
Script duration 664.0
Run total estimated duration= 665.000
loading script "jan_ic_peak_hop3.py"
loading script "jan_pump_ms.py"
loading script "jan_air_x1.py"
loading script "jan_pump_extraction_line.py"
testing...
no interpolation path defined
executed snippet estimated_duration=133.8, duration=0.00927996635437
script duration name:ic_peak_hop3 seconds:134.0
loading script "jan_ic_peak_hop3.py"
loading script "jan_pump_ms.py"
loading script "jan_air_x1.py"
loading script "jan_pump_extraction_line.py"
testing...
no interpolation path defined
calculate duration
testing...
no interpolation path defined
executed snippet estimated_duration=0, duration=4.98294830322e-05
calculate duration
testing...
no interpolation path defined
executed snippet estimated_duration=0, duration=0.000105142593384
calculate duration
testing...
no interpolation path defined
executed snippet estimated_duration=32.0, duration=0.000102996826172
calculate duration
testing...
no interpolation path defined
executed snippet estimated_duration=34.0, duration=0.000111818313599
calculate duration
testing...
no interpolation path defined
executed snippet estimated_duration=4.0, duration=7.70092010498e-05
calculate duration
testing...
no interpolation path defined
executed snippet estimated_duration=36.0, duration=0.000118970870972
executed snippet estimated_duration=106.0, duration=0.0301969051361
script duration name:air_x1 seconds:106.0
Script duration 240.0
Run total estimated duration= 241.000
script duration name:unknown120_60 seconds:214.0
script duration name:co2 seconds:0.0
Script duration 214.0
Run total estimated duration= 215.000
script duration name:unknown120_60 seconds:214.0
script duration name:co2 seconds:0.0
Script duration 214.0
Run total estimated duration= 215.000
script duration name:unknown120_60 seconds:214.0
script duration name:co2 seconds:0.0
Script duration 214.0
Run total estimated duration= 215.000
script duration name:unknown120_60 seconds:214.0
script duration name:co2 seconds:0.0
Script duration 214.0
Run total estimated duration= 215.000
script duration name:unknown120_60 seconds:214.0
script duration name:co2 seconds:0.0
Script duration 214.0
Run total estimated duration= 215.000
script duration name:unknown120_60 seconds:214.0
script duration name:co2 seconds:0.0
Script duration 214.0
Run total estimated duration= 215.000
script duration name:unknown120_60 seconds:214.0
script duration name:co2 seconds:0.0
Script duration 214.0
Run total estimated duration= 215.000
script duration name:unknown120_60 seconds:214.0
script duration name:co2 seconds:0.0
Script duration 214.0
Run total estimated duration= 215.000
script duration name:unknown120_60 seconds:214.0
script duration name:co2 seconds:0.0
Script duration 214.0
Run total estimated duration= 215.000
script duration name:unknown120_60 seconds:214.0
script duration name:co2 seconds:0.0
Script duration 214.0
Run total estimated duration= 215.000
script duration name:unknown120_60 seconds:214.0
script duration name:co2 seconds:0.0
Script duration 214.0
Run total estimated duration= 215.000
nruns=28 before=0.0, run_dur=8130.0, btw=1215.0
write rem/ex queues
/Users/jan/PychronDev/experiments/rem/CurrentExperiment.rem.txt
/Users/jan/PychronDev/experiments/rem/CurrentExperiment.ex.txt
doing event level: 3
