do run
loading script "jan_unknown120_60.py"
loading script "jan_pump_ms.py"
loading script "jan_co2.py"
loading script "jan_pump_extraction_line.py"
testing...
no interpolation path defined
executed snippet estimated_duration=213.652928, duration=0.000210046768188
script duration name:unknown120_60 seconds:214.0
loading script "jan_unknown120_60.py"
loading script "jan_pump_ms.py"
loading script "jan_co2.py"
loading script "jan_pump_extraction_line.py"
testing...
no interpolation path defined
executed snippet estimated_duration=0, duration=3.88622283936e-05
loading script "jan_unknown120_60.py"
loading script "jan_pump_ms.py"
loading script "jan_co2.py"
loading script "jan_pump_extraction_line.py"
testing...
no interpolation path defined
calculate duration
testing...
no interpolation path defined
executed snippet estimated_duration=0, duration=4.6968460083e-05
calculate duration
testing...
no interpolation path defined
executed snippet estimated_duration=0, duration=9.29832458496e-05
executed snippet estimated_duration=0.0, duration=0.0034339427948
script duration name:co2 seconds:0.0
loading script "jan_unknown120_60.py"
loading script "jan_pump_ms.py"
loading script "jan_co2.py"
loading script "jan_pump_extraction_line.py"
testing...
no interpolation path defined
calculate duration
testing...
no interpolation path defined
executed snippet estimated_duration=4.0, duration=0.000152111053467
executed snippet estimated_duration=4.0, duration=0.00637102127075
Script duration 214.0
Run total estimated duration= 215.000
run duration: 0:03:35
doing event level: 2
01:37:25 -- Setting default integration. t=1.048576
setting integration time = 1.048576
SetIntegrationTime 1.048576 ===>> OK
----------------- start -----------------
**************** Experiment Type: Ar/Ar, Ar/Ar
create new session 4419438256
close session 4419438256
$$$$$ Clearing conditionals
adding conditionals 
Add queue conditionals
add default conditionals
adding default conditionals from /Users/jan/PychronDev/setupfiles/spectrometer/default_conditionals.yaml
Start automated run bu-FC-J-7819
loading script "jan_unknown120_60.py"
loading script "jan_pump_ms.py"
loading script "jan_co2.py"
loading script "jan_pump_extraction_line.py"
%%%%%%%%%%%%%%%%%% setting automated run bu-FC-J-7819
No value "sensitivity_multiplier" in metadata
$$$$$$$$$$$$$$$ auto_save_detector_ic=False
============================= Pre Extraction Check =============================
loading queue conditionals pre_run_terminations
loading system conditionals pre_run_terminations
loading conditionals from /Users/jan/PychronDev/setupfiles/spectrometer/default_conditionals.yaml
01:37:25 -- ******* Pre Extraction Check *******
Get a measurement from the spectrometer
GetData ===>> H2,-0.214435800023441,H1,-0.00409400627752172,AX,-0.0982434045548623,L1,-0.0194925719611352,L2,-0...
Pre Extraction Termination data. keys=H2,H1,AX,L1,L2,CDD, signals=-0.21444,-0.00409,-0.09824,-0.01949,-0.02407,0.00402
01:37:25 -- testing system defined conditionals
Checking default pre extraction terminations n=2
testing CDD
evaluate ot="CDD.inactive" t="CDD", ctx="{'CDD': False}"
GetDeflection CDD ===>> 50
testing CDD==2000
evaluate ot="CDD.deflection==2000" t="CDD==2000", ctx="{'CDD': 50.0}"
01:37:25 -- ******* Pre Extraction Check Passed *******
=================================================================================
01:37:25 -- stopping status monitor
stop 6901184944
Alive clients [5025639504, 5288834736, 4992986192]
01:37:25 -- starting status monitor
start 6901184944
Monitor already running
start extraction
do extraction
Analysis started at 01:37:25.872062
Extraction Started jan_co2.py
01:37:25 -- ******* Extraction Started jan_co2.py *******
state changed from not run to extraction
DO EXTRACTION <pychron.extraction_line.pyscript_runner.RemotePyScriptRunner object at 0x12bfe48f0>
testing...
no interpolation path defined
calculate duration
testing...
no interpolation path defined
executed snippet estimated_duration=0, duration=4.00543212891e-05
calculate duration
testing...
no interpolation path defined
executed snippet estimated_duration=0, duration=6.79492950439e-05
executed snippet estimated_duration=120.0, duration=0.00208687782288
Jan CO2 laser analysis
doing GOSUB
testing...
no interpolation path defined
executed snippet estimated_duration=0, duration=3.2901763916e-05
Waiting for CO2 access
wait ('FelixCO2Flag', 0) {}
waiting for FelixCO2Flag = 0
Read FelixCO2Flag ===>> 0
finished waiting
CO2 free
wait ('CO2PumpTimeFlag', 0) {}
waiting for CO2PumpTimeFlag = 0
Read CO2PumpTimeFlag ===>> 0
finished waiting
acquire ('JanCO2Flag',) {'clear': True}
acquire JanCO2Flag
Set JanCO2Flag 1 ===>> OK
JanCO2Flag acquired
set extraction state False (0.75, 'red', 1.5)
CO2 acquired
executed snippet estimated_duration=0, duration=0.0159678459167
WaitForCO2Access.py completed successfully
gosub finished
doing GOSUB
testing...
no interpolation path defined
executed snippet estimated_duration=0, duration=0.00016713142395
Prepare for CO2 analysis
close () {'description': 'Jan Inlet'}
closing name=--- desc=Jan Inlet
checking ownership. requestor=129.138.12.150
check software interlocks R
interlocks []
actuate state mode=None-script, software_lock=False
doing actuation None-script close_channel False
Close R ===>> OK
GetIndicatorState R ===>> False
change switch state (True, True)
update switch state R False args=() kw={} ncanvase=8
01:37:26 -- CLOSE  VALVE-R (Jan Inlet)
---------------------------------------- close None (Jan Inlet) result=[(True, True)]
action=close, ok=True, locked=[False]
open () {'description': 'Jan Ion Pump'}
opening name=--- desc=Jan Ion Pump
checking ownership. requestor=129.138.12.150
check software interlocks O
interlocks []
actuate state mode=None-script, software_lock=False
doing actuation None-script open_channel False
Open O ===>> OK
GetIndicatorState O ===>> OK
change switch state (True, True)
update switch state O True args=() kw={} ncanvase=8
01:37:26 -- OPEN   VALVE-O (Jan Ion Pump)
---------------------------------------- open None (Jan Ion Pump) result=[(True, True)], time=0.10 sec
action=open, ok=True, locked=[False]
close () {'description': 'Microbone to Minibone'}
closing name=--- desc=Microbone to Minibone
checking ownership. requestor=129.138.12.150
check software interlocks L
interlocks []
actuate state mode=None-script, software_lock=False
doing actuation None-script close_channel False
Close L ===>> OK
GetIndicatorState L ===>> False
change switch state (True, True)
update switch state L False args=() kw={} ncanvase=8
01:37:27 -- CLOSE  VALVE-L (Microbone to Minibone)
---------------------------------------- close None (Microbone to Minibone) result=[(True, True)]
action=close, ok=True, locked=[False]
open () {'description': 'Microbone to Turbo'}
opening name=--- desc=Microbone to Turbo
checking ownership. requestor=129.138.12.150
check software interlocks U
interlocks []
actuate state mode=None-script, software_lock=False
doing actuation None-script open_channel False
Open U ===>> OK
GetIndicatorState U ===>> OK
change switch state (True, True)
update switch state U True args=() kw={} ncanvase=8
01:37:27 -- OPEN   VALVE-U (Microbone to Turbo)
---------------------------------------- open None (Microbone to Turbo) result=[(True, True)], time=0.14 sec
action=open, ok=True, locked=[False]
open () {'description': 'Microbone to Inlet Pipette'}
opening name=--- desc=Microbone to Inlet Pipette
checking ownership. requestor=129.138.12.150
check software interlocks S
interlocks []
actuate state mode=None-script, software_lock=False
doing actuation None-script open_channel False
Open S ===>> OK
GetIndicatorState S ===>> OK
change switch state (True, True)
update switch state S True args=() kw={} ncanvase=8
01:37:28 -- OPEN   VALVE-S (Microbone to Inlet Pipette)
---------------------------------------- open None (Microbone to Inlet Pipette) result=[(True, True)], time=0.43 sec
action=open, ok=True, locked=[False]
open () {'description': 'Microbone to Getter D-50'}
opening name=--- desc=Microbone to Getter D-50
checking ownership. requestor=129.138.12.150
check software interlocks K
interlocks []
actuate state mode=None-script, software_lock=False
doing actuation None-script open_channel False
Open K ===>> OK
GetIndicatorState K ===>> OK
change switch state (True, True)
update switch state K True args=() kw={} ncanvase=8
01:37:29 -- OPEN   VALVE-K (Microbone to Getter D-50)
---------------------------------------- open None (Microbone to Getter D-50) result=[(True, True)], time=0.44 sec
action=open, ok=True, locked=[False]
open () {'description': 'Microbone to Getter NP-10'}
opening name=--- desc=Microbone to Getter NP-10
checking ownership. requestor=129.138.12.150
check software interlocks M
interlocks []
actuate state mode=None-script, software_lock=False
doing actuation None-script open_channel False
Open M ===>> OK
GetIndicatorState M ===>> OK
change switch state (True, True)
update switch state M True args=() kw={} ncanvase=8
01:37:29 -- OPEN   VALVE-M (Microbone to Getter NP-10)
---------------------------------------- open None (Microbone to Getter NP-10) result=[(True, True)], time=0.15 sec
action=open, ok=True, locked=[False]
close () {'description': 'CO2 Laser to Felix'}
closing name=--- desc=CO2 Laser to Felix
checking ownership. requestor=129.138.12.150
check software interlocks F
interlocks []
actuate state mode=None-script, software_lock=True
VALVE-F(CO2 Laser to Felix) software locked
change switch state (True, False)
---------------------------------------- close None (CO2 Laser to Felix) result=[(True, False)]
action=close, ok=True, locked=[True]
open () {'description': 'CO2 Laser to Jan'}
opening name=--- desc=CO2 Laser to Jan
checking ownership. requestor=129.138.12.150
check software interlocks A
interlocks []
actuate state mode=None-script, software_lock=False
doing actuation None-script open_channel False
Open A ===>> OK
GetIndicatorState A ===>> OK
change switch state (True, True)
update switch state A True args=() kw={} ncanvase=8
01:37:30 -- OPEN   VALVE-A (CO2 Laser to Jan)
---------------------------------------- open None (CO2 Laser to Jan) result=[(True, True)], time=0.14 sec
action=open, ok=True, locked=[False]
open () {'description': 'Microbone to CO2 Laser'}
opening name=--- desc=Microbone to CO2 Laser
checking ownership. requestor=129.138.12.150
check software interlocks T
interlocks []
actuate state mode=None-script, software_lock=False
doing actuation None-script open_channel False
Open T ===>> OK
GetIndicatorState T ===>> OK
change switch state (True, True)
update switch state T True args=() kw={} ncanvase=8
01:37:30 -- OPEN   VALVE-T (Microbone to CO2 Laser)
---------------------------------------- open None (Microbone to CO2 Laser) result=[(True, True)], time=0.46 sec
action=open, ok=True, locked=[False]
executed snippet estimated_duration=0, duration=5.11534309387
PrepareForCO2Analysis.py completed successfully
gosub finished
set_motor ('beam', '') {}
setting motor "beam" to 
is blank. not heating
close () {'description': 'Microbone to Turbo'}
closing name=--- desc=Microbone to Turbo
checking ownership. requestor=129.138.12.150
check software interlocks U
interlocks []
actuate state mode=None-script, software_lock=False
doing actuation None-script close_channel True
Close U ===>> OK
GetIndicatorState U ===>> False
change switch state (True, True)
update switch state U False args=() kw={} ncanvase=8
01:37:31 -- CLOSE  VALVE-U (Microbone to Turbo)
---------------------------------------- close None (Microbone to Turbo) result=[(True, True)]
action=close, ok=True, locked=[False]
sleep (30.0,) {}
SLEEP 30.0
block started
WaitControl setup for 30.0  
Join finished
block finished. duration 30.1362919807
sleep (30.0,) {}
SLEEP 30.0
block started
WaitControl setup for 30.0  
Join finished
block finished. duration 30.1369431019
executed snippet estimated_duration=180.0, duration=65.8603820801
jan_co2.py completed successfully
GetAchievedOutput ===>> No Response
Requested Output= 0.000
Achieved Output=  0.000
GetResponseBlob ===>> No Response
GetOutputBlob ===>> No Response
persistence save...
persistence save - db
AutomatedRunPersister post_extraction_save deprecated
persistence save - dvc
no extraction position for 19
create new session 4992585168
close session 4992585168
Extraction Finished
01:38:31 -- ******* Extraction Finished *******
no overlap. not waiting for min ms pumptime
01:38:31 -- Sending spectrometer configuration
======== Sending configuration ========
SetDeflection CDD,50.0 ===>> OK
SetDeflection H2,0.0 ===>> OK
SetDeflection H1,0.0 ===>> OK
SetDeflection L2,825.0 ===>> OK
SetDeflection L1,400.0 ===>> OK
SetDeflection AX,190.0 ===>> OK
SetZFocus 74.64 ===>> OK
SetZSymmetry -50.72 ===>> OK
SetExtractionLens 26.13 ===>> OK
SetIonRepeller -3.81 ===>> OK
SetElectronEnergy 75.08 ===>> OK
SetYSymmetry -2.81 ===>> OK
SetIonCounterVoltage 1590.0 ===>> OK
send trap current 200.0
GetParameter Trap Current Readback ===>> 198.035158395898
SetParameter Trap Current Set,200.0 ===>> OK
updating mftable name mftable
Using mftable located at /Users/jan/PychronDev/setupfiles/spectrometer/mftables/mftable.csv
============ MFtable ===========
Isotope  H2     H1     AX     L1     L2     CDD    
Ar40     5.8261 5.8809 5.9943 6.1660 6.2325 6.3942
Ar39     5.7253 5.7731 5.8867 6.0520 6.1176 6.2807
Ar36     5.4028 5.4421 5.5500 5.7109 5.7725 5.9318
================================
get initial guess parabolic
get initial guess parabolic
get initial guess parabolic
get initial guess parabolic
get initial guess parabolic
get initial guess parabolic
======== Configuration Finished ========
GetYSymmetry ===>> -2.81
GetZSymmetry ===>> -50.72
GetParameter Trap Current Readback ===>> 197.811389855338
GetHighVoltage ===>> 4499.94659342336
start measurement
do measurement
L#=bu-FC-J analysis type=blank_unknown
Measurement Started jan_unknown120_60.py
01:38:31 -- ******* Measurement Started jan_unknown120_60.py *******
state changed from extraction to measurement
setting spec, defl, and gains
GetExtractionLens ===>> 26.13
GetYSymmetry ===>> -2.81
GetZSymmetry ===>> -50.72
GetZFocus ===>> 74.64
GetDeflection H2 ===>> 0
GetDeflection H1 ===>> 0
GetDeflection AX ===>> 190
GetDeflection L1 ===>> 400
GetDeflection L2 ===>> 825
GetDeflection CDD ===>> 50
GetGain H2 ===>> 0.0113
GetGain H1 ===>> 0.1
GetGain AX ===>> 0.097049
GetGain L1 ===>> 0.010355
GetGain L2 ===>> 0.095649
GetGain CDD ===>> 0
pre measurement save
New frame /Users/jan/PychronDev/data/isotopes/a6/d6cb93-aa85-4726-94bd-01ab253421c0.h5
flush and close file /Users/jan/PychronDev/data/isotopes/a6/d6cb93-aa85-4726-94bd-01ab253421c0.h5
testing...
no interpolation path defined
executed snippet estimated_duration=226.132928, duration=0.000146865844727
unknown measurement script
activate_detectors ('H2', 'H1', 'AX', 'L1', 'L2', 'CDD') {}
activate detectors
*************** Set Analysis View Ar/Ar
create graphs
clearing graphs
clear isotope group
setting isotope det=H2, iso=PM41
setting isotope det=H1, iso=Ar40
setting isotope det=AX, iso=Ar39
setting isotope det=L1, iso=Ar38
setting isotope det=L2, iso=Ar37
setting isotope det=CDD, iso=Ar36
load analysis view
position_magnet ('Ar40',) {'detector': 'H1'}
detector Detector(H1)
POSITION Ar40 H1
setting detector H2 to PM41 (40.9624)
setting detector H1 to Ar40 (39.9624)
setting detector AX to Ar39 (38.9624)
setting detector L1 to Ar38 (37.9624)
setting detector L2 to Ar37 (36.9624)
setting detector CDD to Ar36 (35.9624)
Mapping mass to dac mass func: "parabolic"
H1 map mass coeffs = [-0.00063987  0.15840543  0.57247999]
H1 map mass to dac 39.9624 >> 5.88087
GetDeflection H1 ===>> 0
GetHighVoltage ===>> 4499.94659342336
positioning Ar40 (5.88083536811) on H1
setting magnet DAC
current  : 5.880832
requested: 5.880835
Delta Dac: 0.000003
Checking detector protection. dv=0.00000
Checking detector "CDD". Protection Threshold: 0.1 (V)
SetMagnetDAC 5.88083536811 ===>> OK
Magnet settling time: 0.500
equilibrate () {'delay': 3, 'inlet': 'R', 'outlet': 'O', 'eqtime': 12.0}
Equilibration Started
01:38:33 -- ******* Equilibration Started *******
checking ownership. requestor=129.138.12.150
check software interlocks O
interlocks []
actuate state mode=None-script, software_lock=False
doing actuation None-script close_channel True
Close O ===>> OK
GetIndicatorState O ===>> False
change switch state (True, True)
update switch state O False args=() kw={} ncanvase=8
01:38:33 -- CLOSE  VALVE-O (Jan Ion Pump)
waiting 3s before opening inlet value ('R',)
update labels <pychron.experiment.plot_panel.PlotPanel object at 0x227f730b0>
update labels "<pychron.graph.stacked_regression_graph.StackedRegressionGraph object at 0x223d6e2f0>"
setting label 0 H2 PM41
setting label 1 H1 Ar40
setting label 2 AX Ar39
setting label 3 L1 Ar38
setting label 4 L2 Ar37
setting label 5 CDD Ar36
update labels "<pychron.graph.stacked_graph.StackedGraph object at 0x21abcfdd0>"
setting label 0 H2 PM41
setting label 1 H1 Ar40
setting label 2 AX Ar39
setting label 3 L1 Ar38
setting label 4 L2 Ar37
setting label 5 CDD Ar36
checking ownership. requestor=129.138.12.150
check software interlocks R
interlocks []
actuate state mode=None-script, software_lock=False
doing actuation None-script open_channel True
Open R ===>> OK
GetIndicatorState R ===>> OK
change switch state (True, True)
update switch state R True args=() kw={} ncanvase=8
01:38:37 -- OPEN   VALVE-R (Jan Inlet)
set_time_zero () {}
equilibrating for 12.0sec
sniff (12.0,) {}
py_sniff
build tables- sniff [Detector(H2), Detector(H1), Detector(AX), Detector(L1), Detector(L2), Detector(CDD)]
add group /sniff/PM41 (Group) '' table H2
add group /sniff/Ar40 (Group) '' table H1
add group /sniff/Ar39 (Group) '' table AX
add group /sniff/Ar38 (Group) '' table L1
add group /sniff/Ar37 (Group) '' table L2
add group /sniff/Ar36 (Group) '' table CDD
flush and close file /Users/jan/PychronDev/data/isotopes/a6/d6cb93-aa85-4726-94bd-01ab253421c0.h5
measuring sniff. ncounts=12.0
"sniff" increment series count="1" fit count="0" regressing="False"
starting measurement
check iteration duration=2.09808349609e-05
GetData ===>> H2,-0.127105557913699,H1,0.0144320402202027,AX,0.079401139451448,L1,-0.0346939613974964,L2,-0.004...
check iteration duration=2.88486480713e-05
GetData ===>> H2,0.783390293376677,H1,0.464235780477052,AX,1.04830747397618,L1,0.113690302886658,L2,0.319719908...
check iteration duration=1.78813934326e-05
GetData ===>> H2,0.609302684230817,H1,0.755683456666589,AX,0.607277309134504,L1,0.187400413822877,L2,0.17852906...
check iteration duration=2.59876251221e-05
GetData ===>> H2,0.269086096751644,H1,0.719255633712712,AX,0.247872975828425,L1,0.148186198711416,L2,0.13542775...
check iteration duration=2.28881835938e-05
GetData ===>> H2,0.0603023627614622,H1,0.82044337619227,AX,0.0505233659546442,L1,0.120850680195182,L2,0.1890136...
check iteration duration=4.41074371338e-05
GetData ===>> H2,0.000352354896612922,H1,0.844813698869662,AX,0.104122213165281,L1,0.0584844160831719,L2,0.0671...
check iteration duration=1.50203704834e-05
GetData ===>> H2,0.0140059064049351,H1,0.777261467913459,AX,-0.0614063521544974,L1,0.0517537197003042,L2,0.0089...
check iteration duration=2.59876251221e-05
GetData ===>> H2,-0.0150213337058384,H1,0.807552741984874,AX,0.16139572823801,L1,0.00982020677399074,L2,0.04928...
check iteration duration=1.69277191162e-05
GetData ===>> H2,-0.128293804342528,H1,0.900644796812755,AX,0.0225665381142146,L1,0.0195785823993256,L2,0.02418...
check iteration duration=1.69277191162e-05
GetData ===>> H2,-0.0453401538609073,H1,0.91287621019942,AX,0.0771509169144954,L1,0.0355115964452044,L2,0.02470...
check iteration duration=4.10079956055e-05
GetData ===>> H2,-0.0735223100834953,H1,1.00165543191431,AX,0.147036468461891,L1,0.00844132411020623,L2,0.13051...
Equilibration Finished
01:38:49 -- ******* Equilibration Finished *******
checking ownership. requestor=129.138.12.150
check software interlocks R
interlocks []
actuate state mode=None-script, software_lock=False
doing actuation None-script close_channel True
check iteration duration=4.79221343994e-05
GetData ===>> H2,-0.0572742100505289,H1,0.902884915002145,AX,0.0213017681069176,L1,-0.00147968553257223,L2,0.04...
Close R ===>> OK
State checksums do not match. Local:-1449001502 Remote:-598318598
State checksum failed
GetIndicatorState R ===>> False
change switch state (True, True)
update switch state R False args=() kw={} ncanvase=8
01:38:50 -- CLOSE  VALVE-R (Jan Inlet)
Post Equilibration Started jan_pump_extraction_line.py
01:38:50 -- ******* Post Equilibration Started jan_pump_extraction_line.py *******
testing...
no interpolation path defined
calculate duration
testing...
no interpolation path defined
executed snippet estimated_duration=4.0, duration=0.000202894210815
executed snippet estimated_duration=4.0, duration=0.00181889533997
Pump after analysis
doing GOSUB
testing...
no interpolation path defined
executed snippet estimated_duration=4.0, duration=0.000257015228271
Pump Microbone
close () {'description': 'Jan Inlet'}
closing name=--- desc=Jan Inlet
checking ownership. requestor=129.138.12.150
check software interlocks R
interlocks []
actuate state mode=None-script, software_lock=False
doing actuation None-script close_channel False
Close R ===>> OK
check iteration duration=1.59740447998e-05
waiting for write to finish
GetIndicatorState R ===>> False
change switch state (True, True)
update switch state R False args=() kw={} ncanvase=8
measurement finished
estimated time: 12.583 actual time: :12.739
flush and close file /Users/jan/PychronDev/data/isotopes/a6/d6cb93-aa85-4726-94bd-01ab253421c0.h5
set_fits () {}
using default fits file=/Users/jan/PychronDev/scripts/measurement/fits/nominal_linear.yaml
set "Ar40" to "('Linear', 'SEM')"
No fit for "PM41". defaulting to linear. check the measurement script "jan_unknown120_60.py"
set "PM41" to "linear"
set "Ar36" to "('Linear', 'SEM')"
set "Ar37" to "('linear', 'SEM')"
set "Ar38" to "('linear', 'SEM')"
set "Ar39" to "('Linear', 'SEM')"
set_baseline_fits () {}
01:38:50 -- CLOSE  VALVE-R (Jan Inlet)
---------------------------------------- close None (Jan Inlet) result=[(True, True)]
using default fits file=/Users/jan/PychronDev/scripts/measurement/fits/nominal_linear.yaml
set "H1" to "('average', 'SEM')"
set "H2" to "('average', 'SEM')"
set "CDD" to "('average', 'SEM')"
set "L2" to "('average', 'SEM')"
set "L1" to "('average', 'SEM')"
set "AX" to "('average', 'SEM')"
multicollect () {'integration_time': 1, 'ncounts': 120}
build tables- signal [Detector(H2), Detector(H1), Detector(AX), Detector(L1), Detector(L2), Detector(CDD)]
add group /signal/PM41 (Group) '' table H2
add group /signal/Ar40 (Group) '' table H1
add group /signal/Ar39 (Group) '' table AX
add group /signal/Ar38 (Group) '' table L1
add group /signal/Ar37 (Group) '' table L2
add group /signal/Ar36 (Group) '' table CDD
flush and close file /Users/jan/PychronDev/data/isotopes/a6/d6cb93-aa85-4726-94bd-01ab253421c0.h5
measuring signal. ncounts=120
action=close, ok=True, locked=[False]
is_closed ('F',) {}
is F () closed?
is closed True
open () {'description': 'CO2 Laser to Jan'}
opening name=--- desc=CO2 Laser to Jan
checking ownership. requestor=129.138.12.150
check software interlocks A
interlocks []
actuate state mode=None-script, software_lock=False
doing actuation None-script open_channel False
Open A ===>> OK
GetIndicatorState A ===>> OK
change switch state (True, True)
update switch state A True args=() kw={} ncanvase=8
01:38:50 -- OPEN   VALVE-A (CO2 Laser to Jan)
---------------------------------------- open None (CO2 Laser to Jan) result=[(True, True)], time=0.15 sec
starting measurement
check iteration duration=6.29425048828e-05
GetData ===>> H2,0.0341649986793059,H1,1.01365928436239,AX,0.115481394160335,L1,0.0375119877723104,L2,0.0615556...
action=open, ok=True, locked=[False]
sleep (1,) {}
SLEEP 1.0
"signal" increment series count="2" fit count="1" regressing="True"
check iteration duration=5.10215759277e-05
GetData ===>> H2,0.028715099712553,H1,0.923970825824205,AX,0.096244662376014,L1,0.0329035088447494,L2,0.0901005...
close () {'description': 'CO2 Laser to Roughing'}
closing name=--- desc=CO2 Laser to Roughing
checking ownership. requestor=129.138.12.150
check software interlocks G
interlocks []
actuate state mode=None-script, software_lock=True
VALVE-G(CO2 Laser to Roughing) software locked
change switch state (True, False)
---------------------------------------- close None (CO2 Laser to Roughing) result=[(True, False)]
action=close, ok=True, locked=[True]
open () {'description': 'Microbone to Turbo'}
opening name=--- desc=Microbone to Turbo
checking ownership. requestor=129.138.12.150
check software interlocks U
interlocks []
actuate state mode=None-script, software_lock=False
doing actuation None-script open_channel True
Open U ===>> OK
GetIndicatorState U ===>> OK
change switch state (True, True)
update switch state U True args=() kw={} ncanvase=8
01:38:52 -- OPEN   VALVE-U (Microbone to Turbo)
---------------------------------------- open None (Microbone to Turbo) result=[(True, True)], time=0.18 sec
action=open, ok=True, locked=[False]
open () {'description': 'Microbone to Getter NP-10'}
opening name=--- desc=Microbone to Getter NP-10
checking ownership. requestor=129.138.12.150
check software interlocks M
interlocks []
actuate state mode=None-script, software_lock=False
doing actuation None-script open_channel False
Open M ===>> OK
GetIndicatorState M ===>> OK
change switch state (True, True)
update switch state M True args=() kw={} ncanvase=8
01:38:52 -- OPEN   VALVE-M (Microbone to Getter NP-10)
---------------------------------------- open None (Microbone to Getter NP-10) result=[(True, True)], time=0.17 sec
action=open, ok=True, locked=[False]
open () {'description': 'Microbone to Getter D-50'}
opening name=--- desc=Microbone to Getter D-50
checking ownership. requestor=129.138.12.150
check software interlocks K
interlocks []
actuate state mode=None-script, software_lock=False
doing actuation None-script open_channel False
check iteration duration=3.60012054443e-05
GetData ===>> H2,-0.0996709608964371,H1,1.0234457023625,AX,-0.0161697398610846,L1,-0.0275670847888113,L2,0.0359...
Open K ===>> OK
GetIndicatorState K ===>> OK
change switch state (True, True)
update switch state K True args=() kw={} ncanvase=8
01:38:53 -- OPEN   VALVE-K (Microbone to Getter D-50)
---------------------------------------- open None (Microbone to Getter D-50) result=[(True, True)], time=0.45 sec
action=open, ok=True, locked=[False]
open () {'description': 'Microbone to CO2 Laser'}
opening name=--- desc=Microbone to CO2 Laser
checking ownership. requestor=129.138.12.150
check software interlocks T
interlocks []
actuate state mode=None-script, software_lock=False
doing actuation None-script open_channel False
Open T ===>> OK
GetIndicatorState T ===>> OK
change switch state (True, True)
update switch state T True args=() kw={} ncanvase=8
01:38:54 -- OPEN   VALVE-T (Microbone to CO2 Laser)
---------------------------------------- open None (Microbone to CO2 Laser) result=[(True, True)], time=0.45 sec
check iteration duration=8.98838043213e-05
GetData ===>> H2,-0.192475033309327,H1,1.0058524202752,AX,-0.0154622072346125,L1,-0.031240837393221,L2,-0.00532...
action=open, ok=True, locked=[False]
open () {'description': 'Microbone to Inlet Pipette'}
opening name=--- desc=Microbone to Inlet Pipette
checking ownership. requestor=129.138.12.150
check software interlocks S
interlocks []
actuate state mode=None-script, software_lock=False
doing actuation None-script open_channel False
Open S ===>> OK
GetIndicatorState S ===>> OK
change switch state (True, True)
update switch state S True args=() kw={} ncanvase=8
01:38:54 -- OPEN   VALVE-S (Microbone to Inlet Pipette)
---------------------------------------- open None (Microbone to Inlet Pipette) result=[(True, True)], time=0.45 sec
action=open, ok=True, locked=[False]
sleep (1,) {}
SLEEP 1.0
testing H1>-5.0
evaluate ot="H1.bs>-5.0" t="H1>-5.0", ctx="{'H1': None}"
check iteration duration=0.00165200233459
GetData ===>> H2,-0.135258582994292,H1,1.00311836226388,AX,-0.134338517347237,L1,-0.0383088195324778,L2,0.02735...
set_resource () {'name': 'CO2PumpTimeFlag', 'value': 30}
Set CO2PumpTimeFlag 30 ===>> OK
release ('JanCO2Flag',) {}
release JanCO2Flag
Set JanCO2Flag 0 ===>> OK
executed snippet estimated_duration=6.0, duration=6.15662193298
PumpMicrobone.py completed successfully
gosub finished
get_resource_value () {'name': 'JanMiniboneFlag'}
Read JanMiniboneFlag ===>> 0
Get Resource Value JanMiniboneFlag=0.0
get resource value 0.0
get_resource_value () {'name': 'JanMiniboneFlag'}
Read JanMiniboneFlag ===>> 0
Get Resource Value JanMiniboneFlag=0.0
executed snippet estimated_duration=4.0, duration=6.17140102386
jan_pump_extraction_line.py completed successfully
Post Equilibration Finished
01:38:56 -- ******* Post Equilibration Finished *******
check iteration duration=6.29425048828e-05
GetData ===>> H2,-0.1829396749444,H1,1.09347978180578,AX,-0.0829098502644984,L1,-0.0509296554157472,L2,0.101658...
check iteration duration=8.79764556885e-05
GetData ===>> H2,-0.159149489481751,H1,1.11601288012604,AX,-0.0895048496719214,L1,-0.00987846733472246,L2,-0.01...
check iteration duration=4.19616699219e-05
GetData ===>> H2,-0.112441636247441,H1,1.05777772986684,AX,-0.0327546870430338,L1,-0.0417475390453346,L2,-0.030...
check iteration duration=5.60283660889e-05
GetData ===>> H2,-0.185173538249303,H1,1.04169316728113,AX,0.010418463090944,L1,-0.000434445479586953,L2,-0.033...
testing H1>-5.0
evaluate ot="H1.bs>-5.0" t="H1>-5.0", ctx="{'H1': None}"
check iteration duration=0.000944852828979
GetData ===>> H2,-0.216508050790607,H1,1.10443990310081,AX,0.0835305490593952,L1,-0.0241856152177542,L2,0.02933...
check iteration duration=7.91549682617e-05
GetData ===>> H2,-0.208732793500562,H1,1.13320090654756,AX,0.0312927385805545,L1,-0.0333220747799218,L2,0.14817...
check iteration duration=8.79764556885e-05
GetData ===>> H2,-0.215504961886475,H1,1.1237369336474,AX,-0.00718021339392684,L1,-0.017240572456035,L2,0.07990...
check iteration duration=3.19480895996e-05
GetData ===>> H2,-0.191563783529844,H1,1.1418020186613,AX,-0.0749697588103708,L1,-0.0016380821357209,L2,0.08594...
check iteration duration=7.39097595215e-05
GetData ===>> H2,-0.250810090627978,H1,1.11373415768383,AX,-0.0624033848848581,L1,-0.00600020919796642,L2,0.109...
testing H1>-5.0
evaluate ot="H1.bs>-5.0" t="H1>-5.0", ctx="{'H1': None}"
check iteration duration=0.000820875167847
GetData ===>> H2,-0.249509547935558,H1,1.20971302394051,AX,0.00503527371618336,L1,-0.00243122764882975,L2,0.082...
check iteration duration=6.19888305664e-05
GetData ===>> H2,-0.168355733101148,H1,1.25937735210406,AX,-0.0392719137268711,L1,-0.0135742533768456,L2,0.0197...
check iteration duration=3.50475311279e-05
GetData ===>> H2,-0.190032287269018,H1,1.20113011590581,AX,-0.0104049390276124,L1,-0.0505300351884991,L2,0.0408...
check iteration duration=3.50475311279e-05
GetData ===>> H2,-0.157417842336209,H1,1.23601774142486,AX,-0.0161117455770337,L1,-0.0202371318347642,L2,-0.051...
check iteration duration=6.38961791992e-05
GetData ===>> H2,-0.185180282338242,H1,1.24640712018713,AX,-0.0112633012285638,L1,-0.00185167360978914,L2,0.102...
testing H1>-5.0
evaluate ot="H1.bs>-5.0" t="H1>-5.0", ctx="{'H1': None}"
check iteration duration=0.000580072402954
GetData ===>> H2,-0.173897200035694,H1,1.25054637445301,AX,-0.072662953844872,L1,-0.00522893648542622,L2,0.0836...
check iteration duration=5.91278076172e-05
GetData ===>> H2,-0.0764692300433058,H1,1.28243033177886,AX,-0.104454950394795,L1,0.0124380828655687,L2,0.07425...
check iteration duration=8.89301300049e-05
GetData ===>> H2,-0.141279678771823,H1,1.21536213736573,AX,-0.0156709878888362,L1,-0.0257135284100812,L2,0.0708...
check iteration duration=3.60012054443e-05
GetData ===>> H2,-0.271632472457673,H1,1.28275438314642,AX,-0.0338447873807365,L1,0.000919367645023259,L2,0.023...
check iteration duration=5.10215759277e-05
GetData ===>> H2,-0.208959136711455,H1,1.3317221202634,AX,0.0267438769141665,L1,-0.00988805919438569,L2,0.05356...
testing H1>-5.0
evaluate ot="H1.bs>-5.0" t="H1>-5.0", ctx="{'H1': None}"
check iteration duration=0.00118899345398
01:39:16 -- collecting point 25
GetData ===>> H2,-0.196940516112775,H1,1.32197229382698,AX,0.0755734723241906,L1,0.132324896582766,L2,-0.098163...
check iteration duration=9.29832458496e-05
GetData ===>> H2,-0.132894693065257,H1,1.33491623407125,AX,-0.0168540698034996,L1,0.0990064215380745,L2,0.00442...
check iteration duration=6.103515625e-05
GetData ===>> H2,-0.105166353240326,H1,1.32587451260726,AX,-0.0674231735519773,L1,0.0579042974127142,L2,0.03870...
check iteration duration=7.79628753662e-05
GetData ===>> H2,-0.130290156728897,H1,1.44975660095319,AX,-0.0599803457280969,L1,0.0661898543081098,L2,0.03580...
check iteration duration=9.79900360107e-05
GetData ===>> H2,-0.0425140681948822,H1,1.47123359641654,AX,-0.0213426909907266,L1,0.0107395667360262,L2,0.0498...
testing H1>-5.0
evaluate ot="H1.bs>-5.0" t="H1>-5.0", ctx="{'H1': None}"
check iteration duration=0.00115895271301
GetData ===>> H2,0.239846372658822,H1,1.42737158270163,AX,0.0354124268103992,L1,0.0193899774305939,L2,0.0417358...
check iteration duration=3.79085540771e-05
GetData ===>> H2,-0.0355025140730551,H1,1.42115173581725,AX,-0.0312934695654651,L1,0.0150686470477165,L2,0.0332...
check iteration duration=3.79085540771e-05
GetData ===>> H2,-0.164735691995257,H1,1.39984112330402,AX,-0.016146542151619,L1,-0.0477621689551798,L2,-0.0380...
check iteration duration=0.000106811523438
GetData ===>> H2,-0.196334933705057,H1,1.4243216484408,AX,-0.0847180140887674,L1,-0.0675306946229322,L2,0.03519...
check iteration duration=7.29560852051e-05
GetData ===>> H2,-0.185614593205147,H1,1.5477976143514,AX,0.0625605294005798,L1,-0.0181831639371362,L2,0.050675...
testing H1>-5.0
evaluate ot="H1.bs>-5.0" t="H1>-5.0", ctx="{'H1': None}"
check iteration duration=0.000657081604004
GetData ===>> H2,-0.18323916771224,H1,1.5179029703283,AX,-0.0188838337053511,L1,0.0379424122771959,L2,-0.055456...
check iteration duration=6.8187713623e-05
GetData ===>> H2,-0.1587213299026,H1,1.49177795627298,AX,-0.00299255051683739,L1,-0.0308551983495458,L2,-0.0651...
check iteration duration=7.10487365723e-05
GetData ===>> H2,-0.193050592623573,H1,1.47844166709012,AX,0.0297957682931208,L1,-0.0616535901054932,L2,-0.0017...
check iteration duration=3.91006469727e-05
GetData ===>> H2,-0.202904243135357,H1,1.48120489746495,AX,0.0171478684618477,L1,-0.0281624987268064,L2,0.10343...
check iteration duration=7.70092010498e-05
GetData ===>> H2,-0.25267927422134,H1,1.54801401319202,AX,-0.0157173835289486,L1,-0.0262934754661251,L2,-0.0344...
testing H1>-5.0
evaluate ot="H1.bs>-5.0" t="H1>-5.0", ctx="{'H1': None}"
check iteration duration=0.000578165054321
GetData ===>> H2,-0.120031633401042,H1,1.47372032258264,AX,-0.0303541038877258,L1,-0.00098528010920372,L2,0.063...
check iteration duration=7.89165496826e-05
GetData ===>> H2,-0.151974312503514,H1,1.52771061034966,AX,-0.0474584163348828,L1,-0.0130876332246783,L2,0.1082...
check iteration duration=7.60555267334e-05
GetData ===>> H2,-0.172669386949098,H1,1.53055933158164,AX,-0.101094275205314,L1,-0.000675664352525989,L2,0.010...
check iteration duration=3.88622283936e-05
GetData ===>> H2,-0.166182767401614,H1,1.55737971893772,AX,0.0364800927666663,L1,-0.0219850123878672,L2,0.02136...
check iteration duration=5.69820404053e-05
GetData ===>> H2,-0.217416712779658,H1,1.49327990113599,AX,-0.110063542856768,L1,-0.0121107261743195,L2,0.07456...
testing H1>-5.0
evaluate ot="H1.bs>-5.0" t="H1>-5.0", ctx="{'H1': None}"
check iteration duration=0.000849008560181
GetData ===>> H2,-0.138178956721364,H1,1.57410549753385,AX,-0.0200552781784531,L1,-0.016375852993152,L2,-0.0095...
check iteration duration=8.70227813721e-05
GetData ===>> H2,-0.29898800343652,H1,1.57063025132709,AX,0.0768725424829419,L1,-0.00519055122994532,L2,0.11693...
check iteration duration=7.70092010498e-05
GetData ===>> H2,-0.143495891692469,H1,1.66974945347793,AX,-0.0181763208082124,L1,0.0433459218748598,L2,0.00722...
check iteration duration=8.39233398438e-05
GetData ===>> H2,-0.157863611428028,H1,1.77591666061721,AX,-0.00323615910991342,L1,0.0371789624178952,L2,0.0709...
check iteration duration=6.38961791992e-05
GetData ===>> H2,-0.249545862950187,H1,1.7514343986796,AX,0.0197585388868934,L1,-0.02453675620274,L2,0.07269897...
testing H1>-5.0
evaluate ot="H1.bs>-5.0" t="H1>-5.0", ctx="{'H1': None}"
check iteration duration=0.0175979137421
01:39:42 -- collecting point 50
GetData ===>> H2,-0.234462404484208,H1,1.73248097185013,AX,-0.0544616198716586,L1,-0.0254271372605912,L2,0.0808...
check iteration duration=3.50475311279e-05
GetData ===>> H2,-0.136430878877209,H1,1.73955650169038,AX,-0.0496846548808575,L1,0.0290779314648989,L2,-0.0153...
check iteration duration=8.29696655273e-05
GetData ===>> H2,-0.149531524217525,H1,1.69797681998178,AX,0.0588610886019109,L1,-0.00223684678212522,L2,0.1242...
check iteration duration=3.91006469727e-05
GetData ===>> H2,-0.146216916917844,H1,1.72674149301375,AX,0.0045828209300129,L1,-0.00557799568572429,L2,0.0298...
check iteration duration=6.38961791992e-05
GetData ===>> H2,-0.112735371072441,H1,1.7354531153168,AX,-0.0267357217390982,L1,-0.0072427575876534,L2,0.11858...
testing H1>-5.0
evaluate ot="H1.bs>-5.0" t="H1>-5.0", ctx="{'H1': None}"
check iteration duration=0.00085711479187
GetData ===>> H2,-0.104358453598032,H1,1.73131379773406,AX,0.0218007121106132,L1,-0.0568012503861861,L2,-0.0024...
check iteration duration=3.50475311279e-05
GetData ===>> H2,-0.0981071308013233,H1,1.83110349841396,AX,-0.0394226629164303,L1,-0.0399355008669489,L2,0.041...
check iteration duration=3.50475311279e-05
GetData ===>> H2,-0.110316231672479,H1,1.82967155943381,AX,0.0372460342522951,L1,-0.0177910278264521,L2,0.06005...
check iteration duration=7.29560852051e-05
GetData ===>> H2,-0.121975339573218,H1,1.76812839470564,AX,0.0244347146990733,L1,0.00042966954764058,L2,0.08579...
check iteration duration=7.00950622559e-05
GetData ===>> H2,-0.0833902689521112,H1,1.84864940723266,AX,-0.0614759129090467,L1,-0.0437843445629907,L2,0.000...
testing H1>-5.0
evaluate ot="H1.bs>-5.0" t="H1>-5.0", ctx="{'H1': None}"
check iteration duration=0.000581979751587
GetData ===>> H2,-0.114508447600988,H1,1.86480203904351,AX,0.0591857987816506,L1,-0.0481152250228638,L2,-0.0020...
check iteration duration=6.29425048828e-05
GetData ===>> H2,-0.225551599778517,H1,1.86223814786131,AX,-0.0389240300905655,L1,0.00545379248485844,L2,0.0192...
check iteration duration=4.10079956055e-05
GetData ===>> H2,-0.196622218487209,H1,1.85921693237179,AX,0.0586291534222289,L1,0.0268161888360461,L2,0.072265...
check iteration duration=5.60283660889e-05
GetData ===>> H2,-0.195568805290493,H1,1.83636213755187,AX,0.0796563226094218,L1,0.00247023539621402,L2,-0.0050...
check iteration duration=4.29153442383e-05
GetData ===>> H2,-0.268463700287217,H1,1.87730946453983,AX,0.0153146395175911,L1,0.0226243805089033,L2,0.009859...
testing H1>-5.0
evaluate ot="H1.bs>-5.0" t="H1>-5.0", ctx="{'H1': None}"
check iteration duration=0.00098705291748
GetData ===>> H2,-0.239949257007059,H1,1.93736425748965,AX,-0.00664661539765419,L1,0.0264438847205886,L2,0.0202...
check iteration duration=8.9168548584e-05
GetData ===>> H2,-0.301751513269336,H1,1.91586470702465,AX,-0.0485947319559647,L1,-0.0130037308201892,L2,0.0038...
check iteration duration=3.81469726562e-05
GetData ===>> H2,-0.0963006730347578,H1,1.88490616397095,AX,-0.00873459088541362,L1,-0.0529227332785773,L2,-0.0...
check iteration duration=0.000109910964966
GetData ===>> H2,-0.132755386701991,H1,1.87906712867634,AX,-0.0730802693477227,L1,-0.037806866912472,L2,0.13623...
check iteration duration=4.60147857666e-05
GetData ===>> H2,-0.236000220350497,H1,1.99009894999549,AX,-0.00397858153788203,L1,-0.00674143895226447,L2,0.01...
testing H1>-5.0
evaluate ot="H1.bs>-5.0" t="H1>-5.0", ctx="{'H1': None}"
check iteration duration=0.00102019309998
GetData ===>> H2,-0.104864581704135,H1,1.90824159513932,AX,-0.0779140434895939,L1,-0.0371862798560288,L2,0.1061...
check iteration duration=8.10623168945e-05
GetData ===>> H2,-0.233328080667828,H1,2.11272427383251,AX,-0.0619396500019096,L1,-0.000702066067393621,L2,0.01...
check iteration duration=8.48770141602e-05
GetData ===>> H2,-0.274821846829094,H1,2.07975817226134,AX,-0.0884501434159888,L1,-0.0155722329199203,L2,0.0294...
check iteration duration=3.88622283936e-05
GetData ===>> H2,-0.202563196778371,H1,2.00177917555131,AX,0.08064226382113,L1,-0.0526595643874631,L2,0.0303225...
check iteration duration=8.20159912109e-05
GetData ===>> H2,-0.0964347453574056,H1,1.96629047564925,AX,0.0135974690357715,L1,-0.0443674104005328,L2,0.0639...
testing H1>-5.0
evaluate ot="H1.bs>-5.0" t="H1>-5.0", ctx="{'H1': None}"
check iteration duration=0.00101709365845
01:40:09 -- collecting point 75
GetData ===>> H2,-0.147619057318831,H1,2.04053829149873,AX,-0.00226172107958841,L1,-0.00657352760802021,L2,0.01...
check iteration duration=8.39233398438e-05
GetData ===>> H2,-0.189920382850943,H1,2.03655088516912,AX,0.0108825450785179,L1,0.0307478386066555,L2,0.037334...
check iteration duration=3.69548797607e-05
GetData ===>> H2,-0.167114089449546,H1,2.02927517732736,AX,0.0445343850038569,L1,-0.00355064442087794,L2,0.0607...
check iteration duration=7.41481781006e-05
GetData ===>> H2,-0.120866236945231,H1,2.05211591205063,AX,0.0681505467170241,L1,-0.0169035685763856,L2,-0.0169...
check iteration duration=6.50882720947e-05
GetData ===>> H2,-0.141195886616967,H1,2.16544414542088,AX,0.0626880988316366,L1,-0.00278998248073917,L2,0.0173...
testing H1>-5.0
evaluate ot="H1.bs>-5.0" t="H1>-5.0", ctx="{'H1': None}"
check iteration duration=0.000650882720947
GetData ===>> H2,-0.138123530700553,H1,2.07315419044483,AX,-0.0552036516438824,L1,0.015215143192871,L2,-0.00445...
check iteration duration=3.79085540771e-05
GetData ===>> H2,-0.169381336094349,H1,2.1287712621157,AX,-0.00930297645680549,L1,-0.00237843321671323,L2,0.119...
check iteration duration=6.69956207275e-05
GetData ===>> H2,-0.245761748350603,H1,2.08255414850524,AX,0.121120866824126,L1,-0.019486576891508,L2,0.0432866...
check iteration duration=6.69956207275e-05
GetData ===>> H2,-0.198570976663076,H1,2.13578885182961,AX,-0.00644941539787566,L1,-0.0164742020865872,L2,0.056...
check iteration duration=7.60555267334e-05
GetData ===>> H2,-0.0969439349195695,H1,2.17057742368751,AX,-0.0145226887486027,L1,-0.0147085696507837,L2,0.068...
testing H1>-5.0
evaluate ot="H1.bs>-5.0" t="H1>-5.0", ctx="{'H1': None}"
check iteration duration=0.00108218193054
GetData ===>> H2,-0.0584907973589047,H1,2.21019655659662,AX,0.0606006200598187,L1,-0.0425582394942517,L2,-0.039...
check iteration duration=6.41345977783e-05
GetData ===>> H2,-0.174527708181788,H1,2.15518018712013,AX,0.0461824635147711,L1,-0.0373264544135631,L2,0.07357...
check iteration duration=3.69548797607e-05
GetData ===>> H2,-0.178988866696582,H1,2.28621179364212,AX,0.0149665619722991,L1,-0.0131571518299177,L2,0.04317...
check iteration duration=7.79628753662e-05
GetData ===>> H2,-0.199527026621143,H1,2.1735058399144,AX,-0.0691272923507591,L1,-0.0214599608420363,L2,-0.1131...
check iteration duration=9.60826873779e-05
GetData ===>> H2,-0.202854367432586,H1,2.18338836386034,AX,0.0670023634453674,L1,-0.00795751323375895,L2,0.0259...
testing H1>-5.0
evaluate ot="H1.bs>-5.0" t="H1>-5.0", ctx="{'H1': None}"
check iteration duration=0.0011579990387
GetData ===>> H2,-0.160539208325466,H1,2.16309214762422,AX,0.0259432064253264,L1,-0.025681175006818,L2,0.030607...
check iteration duration=3.50475311279e-05
GetData ===>> H2,-0.249087209185596,H1,2.281989237782,AX,0.0295636819374345,L1,-0.0441279624053995,L2,-0.012525...
check iteration duration=6.41345977783e-05
GetData ===>> H2,-0.167130285677456,H1,2.2637256959676,AX,0.0527033969606025,L1,-0.0454711918769751,L2,0.012982...
check iteration duration=4.6968460083e-05
GetData ===>> H2,-0.187694198782835,H1,2.27873195787536,AX,0.0820573968886092,L1,-0.0368256508568356,L2,-0.0796...
check iteration duration=7.58171081543e-05
GetData ===>> H2,-0.219742333584474,H1,2.32698661369561,AX,0.0103604529980502,L1,0.00409217996729833,L2,0.01921...
testing H1>-5.0
evaluate ot="H1.bs>-5.0" t="H1>-5.0", ctx="{'H1': None}"
check iteration duration=0.0013279914856
GetData ===>> H2,-0.187254573419536,H1,2.28717697399528,AX,-0.134106601104093,L1,0.0154961335619415,L2,-0.00961...
check iteration duration=3.50475311279e-05
GetData ===>> H2,-0.157397579688196,H1,2.39459978424297,AX,0.0378030863903195,L1,0.00878332701482684,L2,0.02638...
check iteration duration=4.98294830322e-05
GetData ===>> H2,-0.0947729494298601,H1,2.39697686430194,AX,0.00119529252791256,L1,0.0147228285291289,L2,0.0517...
check iteration duration=3.71932983398e-05
GetData ===>> H2,-0.0845171811085086,H1,2.39856965981595,AX,-0.0559108954103046,L1,0.00311009795040302,L2,0.044...
check iteration duration=4.00543212891e-05
GetData ===>> H2,-0.137995103514058,H1,2.3164866440663,AX,-0.00771380846506697,L1,-0.0344746557253771,L2,0.0520...
testing H1>-5.0
evaluate ot="H1.bs>-5.0" t="H1>-5.0", ctx="{'H1': None}"
check iteration duration=0.00084400177002
01:40:35 -- collecting point 100
GetData ===>> H2,-0.117308261917527,H1,2.39433432698821,AX,-0.0107181261131228,L1,-0.0306072797251162,L2,-0.003...
check iteration duration=6.19888305664e-05
GetData ===>> H2,-0.106014789001822,H1,2.3301971665797,AX,0.173527876023375,L1,-0.0201448141989803,L2,0.0285439...
check iteration duration=8.10623168945e-05
GetData ===>> H2,-0.200300976859551,H1,2.37769637190828,AX,0.0998295070729285,L1,-0.00883289983044666,L2,0.0925...
check iteration duration=8.58306884766e-05
GetData ===>> H2,-0.203959669277783,H1,2.44100516038761,AX,0.0187374683397733,L1,-0.0214108107786003,L2,-0.0454...
check iteration duration=4.00543212891e-05
GetData ===>> H2,-0.346081308965729,H1,2.40329992745452,AX,0.020164649467744,L1,-0.0107213171131595,L2,0.137605...
testing H1>-5.0
evaluate ot="H1.bs>-5.0" t="H1>-5.0", ctx="{'H1': None}"
check iteration duration=0.000916957855225
GetData ===>> H2,-0.342720845409944,H1,2.48159862489212,AX,0.0741236377002941,L1,-0.0162475179744102,L2,0.07682...
check iteration duration=4.79221343994e-05
GetData ===>> H2,-0.205997454892254,H1,2.44699294166988,AX,0.0280203217452529,L1,-0.0373803671844156,L2,0.03283...
check iteration duration=8.20159912109e-05
GetData ===>> H2,-0.188402148525581,H1,2.39254854171904,AX,-0.0317341565120557,L1,-0.0109251250967865,L2,0.0615...
check iteration duration=5.79357147217e-05
GetData ===>> H2,-0.121744060040404,H1,2.53044824669988,AX,0.131901755164612,L1,-0.00260040794145996,L2,0.14748...
check iteration duration=8.29696655273e-05
GetData ===>> H2,-0.179786425724616,H1,2.52191840156721,AX,-0.0183387012721223,L1,-0.00620171395024135,L2,-0.06...
testing H1>-5.0
evaluate ot="H1.bs>-5.0" t="H1>-5.0", ctx="{'H1': None}"
check iteration duration=0.00192713737488
GetData ===>> H2,-0.0574573167862112,H1,2.50850890657663,AX,-0.0540326301721865,L1,-0.00702448316428206,L2,0.10...
check iteration duration=7.48634338379e-05
GetData ===>> H2,0.00234129137337738,H1,2.60547977451948,AX,-0.0390399914408121,L1,-0.00429325418769448,L2,0.07...
check iteration duration=9.3936920166e-05
GetData ===>> H2,-0.0675230917278742,H1,2.58899188355641,AX,0.0813150294363738,L1,-0.0012468860028814,L2,0.0221...
check iteration duration=8.29696655273e-05
GetData ===>> H2,-0.115505850660626,H1,2.59106933098361,AX,0.0615863683475116,L1,-0.02780429617592,L2,0.0632208...
check iteration duration=8.89301300049e-05
GetData ===>> H2,-0.0942948164301944,H1,2.55753342078127,AX,0.202802176804858,L1,0.00361553407045847,L2,0.03639...
testing H1>-5.0
evaluate ot="H1.bs>-5.0" t="H1>-5.0", ctx="{'H1': None}"
check iteration duration=0.000843048095703
GetData ===>> H2,-0.0945589433783988,H1,2.5184631728324,AX,-0.0270372587229311,L1,-0.012597393564455,L2,-0.0266...
check iteration duration=7.70092010498e-05
GetData ===>> H2,-0.111827069687867,H1,2.563594906589,AX,0.12838536013247,L1,-0.0019656672051424,L2,-0.04987446...
check iteration duration=6.19888305664e-05
GetData ===>> H2,-0.0972540418522366,H1,2.65338838082865,AX,0.148731145631917,L1,-0.0298850471520079,L2,-0.0850...
check iteration duration=5.00679016113e-05
GetData ===>> H2,-0.109762478164478,H1,2.56945146718419,AX,0.120737929334755,L1,-0.0124463613756376,L2,0.022478...
check iteration duration=9.20295715332e-05
GetData ===>> H2,-0.125953691777832,H1,2.65161179391955,AX,0.0648799997073933,L1,-0.032561718662669,L2,0.058978...
testing H1>-5.0
evaluate ot="H1.bs>-5.0" t="H1>-5.0", ctx="{'H1': None}"
check iteration duration=0.000578880310059
GetData ===>> H2,-0.145363120305456,H1,2.64513416238421,AX,0.0806538631888632,L1,-0.0252605712931879,L2,0.04629...
check iteration duration=3.00407409668e-05
waiting for write to finish
measurement finished
estimated time: 125.829 actual time: :126.453
flush and close file /Users/jan/PychronDev/data/isotopes/a6/d6cb93-aa85-4726-94bd-01ab253421c0.h5
baselines () {'settling_time': 15.0, 'detector': 'H1', 'mass': 34.2, 'ncounts': 60}
%%%%%%%%%%%%%%%%%%%%%%%%%%%%%%%% Baseline
build tables- baseline [Detector(H2), Detector(H1), Detector(AX), Detector(L1), Detector(L2), Detector(CDD)]
add group baseline table H2
add group baseline table H1
add group baseline table AX
add group baseline table L1
add group baseline table L2
add group baseline table CDD
flush and close file /Users/jan/PychronDev/data/isotopes/a6/d6cb93-aa85-4726-94bd-01ab253421c0.h5
detector Detector(H1)
POSITION 34.2 H1
Mapping mass to dac mass func: "parabolic"
H1 map mass coeffs = [-0.00063987  0.15840543  0.57247999]
H1 map mass to dac 34.2 >> 5.24152599104
GetDeflection H1 ===>> 0
GetHighVoltage ===>> 4499.94659342336
positioning 34.2 (5.24149512419) on H1
setting magnet DAC
current  : 5.880835
requested: 5.241495
Delta Dac: 0.639340
Checking detector protection. dv=0.63934
Checking detector "CDD". Protection Threshold: 0.1 (V)
ProtectDetector CDD,On ===>> OK
GetDeflection CDD ===>> 2000
Protected = 2000
SetMagnetDAC 5.24149512419 ===>> OK
Magnet settling time: 0.500
GetMagnetMoving ===>> True
GetMagnetMoving ===>> True
GetMagnetMoving ===>> True
GetMagnetMoving ===>> True
GetMagnetMoving ===>> True
GetMagnetMoving ===>> True
GetMagnetMoving ===>> True
GetMagnetMoving ===>> True
GetMagnetMoving ===>> False
ProtectDetector CDD,Off ===>> OK
GetDeflection CDD ===>> 50
Delaying 15.0s for detectors to settle
Join finished
measuring baseline. ncounts=60
"baseline" increment series count="2" fit count="1" regressing="True"
starting measurement
check iteration duration=4.72068786621e-05
GetData ===>> H2,-0.128596591277915,H1,-0.114797051077597,AX,-0.0958096683909929,L1,-0.0158649019892083,L2,-0.0...
check iteration duration=7.5101852417e-05
GetData ===>> H2,-0.204834398685291,H1,-0.0203268278712752,AX,-0.156704240792606,L1,-0.0288033978741135,L2,-0.0...
check iteration duration=0.000149965286255
GetData ===>> H2,-0.241051693542737,H1,0.0406821484895793,AX,-0.164378591591907,L1,-0.0614334607390412,L2,-0.06...
check iteration duration=3.60012054443e-05
GetData ===>> H2,-0.256677480847836,H1,-0.0387272030607509,AX,-0.162164452833399,L1,-0.0350882202188846,L2,-0.1...
testing H1>-5.0
evaluate ot="H1.bs>-5.0" t="H1>-5.0", ctx="{'H1': None}"
check iteration duration=0.00136804580688
GetData ===>> H2,-0.120948747090873,H1,-0.05053123600518,AX,-0.0288464610075301,L1,-0.0329197517776697,L2,-0.04...
check iteration duration=8.01086425781e-05
GetData ===>> H2,-0.224424461190394,H1,-0.0491005182835956,AX,-0.0483280468283196,L1,-0.0342511878068051,L2,-0....
check iteration duration=7.60555267334e-05
GetData ===>> H2,-0.191032636645741,H1,-0.060545687370017,AX,-0.110735625217387,L1,-0.04433269079494,L2,0.04334...
check iteration duration=6.98566436768e-05
GetData ===>> H2,-0.185428462016792,H1,-0.0669830197856267,AX,-0.0924255150200257,L1,-0.0576570120307459,L2,0.0...
check iteration duration=5.10215759277e-05
GetData ===>> H2,-0.205381575599231,H1,0.0372453791233298,AX,-0.128358748506887,L1,-0.0296442914326111,L2,-0.05...
testing H1>-5.0
evaluate ot="H1.bs>-5.0" t="H1>-5.0", ctx="{'H1': None}"
check iteration duration=0.0019690990448
GetData ===>> H2,-0.112610839263277,H1,-0.0812152070264414,AX,-0.100792967621106,L1,-0.0277240283025846,L2,0.03...
check iteration duration=7.9870223999e-05
GetData ===>> H2,-0.129260261166528,H1,-0.00324710791657064,AX,0.031814942933338,L1,0.0175761862478545,L2,-0.01...
check iteration duration=6.50882720947e-05
GetData ===>> H2,-0.239548099547632,H1,-0.0590674266462752,AX,0.00989637349945292,L1,-0.033872848020414,L2,-0.0...
check iteration duration=8.08238983154e-05
GetData ===>> H2,-0.209630056040561,H1,-0.120941115435946,AX,-0.0483396418491038,L1,-0.0283996960695968,L2,0.02...
check iteration duration=8.08238983154e-05
GetData ===>> H2,-0.202641382227148,H1,-0.0601642028221548,AX,-0.0806959629017525,L1,-0.0360732005214017,L2,-0....
testing H1>-5.0
evaluate ot="H1.bs>-5.0" t="H1>-5.0", ctx="{'H1': None}"
check iteration duration=0.00122117996216
GetData ===>> H2,-0.180612265210909,H1,-0.135059950346128,AX,-0.137782408487124,L1,-0.0140632469689974,L2,0.016...
check iteration duration=6.69956207275e-05
GetData ===>> H2,-0.130980771524368,H1,-0.0899037130964285,AX,-0.122403625455552,L1,-0.0306192566107813,L2,0.07...
check iteration duration=4.31537628174e-05
GetData ===>> H2,-0.167045255222622,H1,-0.0461436368407895,AX,-0.138396962098923,L1,-0.0556497469111324,L2,-0.0...
check iteration duration=3.38554382324e-05
GetData ===>> H2,-0.218587667417405,H1,-0.0240477209937805,AX,-0.0958444364791213,L1,-0.0436658116406694,L2,-0....
check iteration duration=6.38961791992e-05
GetData ===>> H2,-0.18395953678741,H1,-0.0851841243913796,AX,-0.125508676735356,L1,-0.0387700188157472,L2,0.056...
testing H1>-5.0
evaluate ot="H1.bs>-5.0" t="H1>-5.0", ctx="{'H1': None}"
check iteration duration=0.00103092193604
GetData ===>> H2,-0.169612083972301,H1,-0.055943932978386,AX,-0.135034262759169,L1,-0.0486968428773754,L2,-0.02...
check iteration duration=4.00543212891e-05
GetData ===>> H2,-0.187514844484972,H1,-0.0703564934356081,AX,-0.0363496525316085,L1,-0.0351421449954173,L2,-0....
check iteration duration=3.2901763916e-05
GetData ===>> H2,-0.0703874893045201,H1,-0.0842306450975936,AX,-0.0109733148451868,L1,-0.0303665412980581,L2,0....
check iteration duration=8.01086425781e-05
GetData ===>> H2,-0.071713656447515,H1,-0.0589958973476577,AX,-0.030214937831029,L1,-0.0198618613625842,L2,-0.0...
check iteration duration=5.10215759277e-05
GetData ===>> H2,-0.193325556763886,H1,0.025742606590007,AX,-0.129980703288933,L1,0.0141332833457376,L2,0.04091...
testing H1>-5.0
evaluate ot="H1.bs>-5.0" t="H1>-5.0", ctx="{'H1': None}"
check iteration duration=0.00110912322998
01:41:41 -- collecting point 25
GetData ===>> H2,-0.130142841438822,H1,-0.0661724155307074,AX,-0.154721794966561,L1,0.0406323802026177,L2,0.026...
check iteration duration=7.48634338379e-05
GetData ===>> H2,-0.0862141109258459,H1,0.00839548880435821,AX,-0.0745176757137304,L1,-0.0287650648679996,L2,0....
check iteration duration=4.00543212891e-05
GetData ===>> H2,-0.140564722590994,H1,-0.0501377906707344,AX,-0.0802207239687293,L1,-0.0625795162185939,L2,0.0...
check iteration duration=3.91006469727e-05
GetData ===>> H2,-0.209399684613745,H1,-0.0877108005783665,AX,-0.0241030322337586,L1,-0.047549132512312,L2,-0.0...
check iteration duration=9.51290130615e-05
GetData ===>> H2,-0.207458181075579,H1,-0.0861614312379853,AX,-0.152936399816315,L1,-0.0261616722535798,L2,-0.0...
testing H1>-5.0
evaluate ot="H1.bs>-5.0" t="H1>-5.0", ctx="{'H1': None}"
check iteration duration=0.00123500823975
GetData ===>> H2,-0.270052229179675,H1,-0.0649207342979573,AX,-0.066124777292694,L1,-0.0390155838260595,L2,-0.0...
check iteration duration=6.103515625e-05
GetData ===>> H2,-0.270052229179675,H1,-0.0649207342979573,AX,-0.066124777292694,L1,-0.0390155838260595,L2,-0.0...
check iteration duration=8.51154327393e-05
GetData ===>> H2,-0.137934269076137,H1,0.00913512573343946,AX,-0.0852975466650889,L1,-0.0578305492041961,L2,-0....
check iteration duration=4.19616699219e-05
GetData ===>> H2,-0.216615759743607,H1,-0.0889264428023172,AX,-0.101152218864503,L1,-0.0285470431167477,L2,-0.0...
check iteration duration=3.2901763916e-05
GetData ===>> H2,-0.159244033580836,H1,-0.136252328256181,AX,-0.0371729969055014,L1,-0.00163328227526218,L2,-0....
testing H1>-5.0
evaluate ot="H1.bs>-5.0" t="H1>-5.0", ctx="{'H1': None}"
check iteration duration=0.00090503692627
GetData ===>> H2,-0.10525566525186,H1,0.000498415824190657,AX,-0.0874765582625864,L1,-0.000916877447337316,L2,-...
check iteration duration=4.19616699219e-05
GetData ===>> H2,-0.230236705617698,H1,0.000355272213847924,AX,-0.151069815298927,L1,-0.0223542103060635,L2,-0....
check iteration duration=3.981590271e-05
GetData ===>> H2,-0.227456841259398,H1,-0.146148516384437,AX,-0.186482438436026,L1,-0.0211542675251941,L2,-0.07...
check iteration duration=6.91413879395e-05
GetData ===>> H2,-0.278105664131453,H1,0.0230102957532231,AX,-0.0611512956290585,L1,-0.0477346420285053,L2,0.03...
check iteration duration=3.19480895996e-05
GetData ===>> H2,-0.211635840479388,H1,-0.0703088126215999,AX,0.0578521745956706,L1,-0.022803702466305,L2,0.098...
testing H1>-5.0
evaluate ot="H1.bs>-5.0" t="H1>-5.0", ctx="{'H1': None}"
check iteration duration=0.000884056091309
GetData ===>> H2,-0.246484231504669,H1,-0.0250375506782195,AX,-0.0534992889897934,L1,-0.0132997833269228,L2,0.0...
check iteration duration=0.000240087509155
GetData ===>> H2,-0.176003257070597,H1,0.0104951175751157,AX,-0.135092241318893,L1,-0.00387576787692377,L2,-0.0...
check iteration duration=7.70092010498e-05
GetData ===>> H2,-0.212830520822368,H1,-0.000181514502073221,AX,-0.112798193817496,L1,-0.0439806990546422,L2,-0...
check iteration duration=6.103515625e-05
GetData ===>> H2,-0.238992109440865,H1,-0.0682585161267511,AX,0.0375245599229055,L1,-0.0365512766063381,L2,0.09...
check iteration duration=6.29425048828e-05
GetData ===>> H2,-0.147554222279558,H1,-0.0608794851564064,AX,-0.18027022345232,L1,-0.0175391892373049,L2,-0.08...
testing H1>-5.0
evaluate ot="H1.bs>-5.0" t="H1>-5.0", ctx="{'H1': None}"
check iteration duration=0.0011100769043
GetData ===>> H2,-0.291497629857386,H1,-0.0361038955468683,AX,-0.151730659876298,L1,-0.0717994238505038,L2,-0.0...
check iteration duration=8.29696655273e-05
GetData ===>> H2,-0.284558452090016,H1,-0.0573864746123086,AX,-0.0409881214662399,L1,-0.00548323510649599,L2,-0...
check iteration duration=6.29425048828e-05
GetData ===>> H2,-0.172794845569741,H1,0.00369534312503208,AX,0.0510107977622339,L1,0.0110420377000934,L2,0.038...
check iteration duration=3.21865081787e-05
GetData ===>> H2,-0.20857515894537,H1,-0.0194681405832007,AX,-0.0859234379704896,L1,0.0176146208216941,L2,-0.05...
check iteration duration=4.07695770264e-05
GetData ===>> H2,-0.330260962929352,H1,-0.042650111906428,AX,-0.300445531564797,L1,0.00775975294664283,L2,0.009...
testing H1>-5.0
evaluate ot="H1.bs>-5.0" t="H1>-5.0", ctx="{'H1': None}"
check iteration duration=0.00133490562439
01:42:07 -- collecting point 50
GetData ===>> H2,-0.176113949235125,H1,-0.0353288142584283,AX,-0.112369461247944,L1,-0.0171170456539889,L2,0.01...
check iteration duration=7.29560852051e-05
GetData ===>> H2,-0.0967570541664686,H1,-0.110733985191591,AX,-0.0662638920062934,L1,-0.0515266632031168,L2,-0....
check iteration duration=6.38961791992e-05
GetData ===>> H2,-0.113600288024049,H1,-0.096410659732604,AX,-0.0908145239444942,L1,-0.040674487811065,L2,-0.00...
check iteration duration=9.01222229004e-05
GetData ===>> H2,-0.213953701525512,H1,-0.0410404262718654,AX,-0.0818550725157102,L1,-0.0317270568454621,L2,-0....
check iteration duration=8.79764556885e-05
GetData ===>> H2,-0.27290752435747,H1,-0.0345537269674122,AX,-0.0585775060076716,L1,-0.0429785325951088,L2,-0.1...
testing H1>-5.0
evaluate ot="H1.bs>-5.0" t="H1>-5.0", ctx="{'H1': None}"
check iteration duration=0.00287795066833
GetData ===>> H2,-0.268114247666202,H1,-0.00670622509983938,AX,-0.045046600437764,L1,-0.0497678411576447,L2,0.0...
check iteration duration=9.01222229004e-05
GetData ===>> H2,-0.226141383767559,H1,-0.0166057964174236,AX,-0.154014596911222,L1,-0.00847196197760285,L2,-0....
check iteration duration=3.91006469727e-05
GetData ===>> H2,-0.174637064695163,H1,-0.0721683475319644,AX,-0.0891223750982159,L1,0.00395410641709819,L2,-0....
check iteration duration=6.50882720947e-05
GetData ===>> H2,-0.222390748761123,H1,-0.00380773157691012,AX,-0.0152302282047081,L1,-0.0224752755042829,L2,-0...
check iteration duration=8.01086425781e-05
GetData ===>> H2,-0.152822697423807,H1,-0.0597469524327597,AX,-0.0154506082962258,L1,-0.0478531269591154,L2,0.0...
testing H1>-5.0
evaluate ot="H1.bs>-5.0" t="H1>-5.0", ctx="{'H1': None}"
check iteration duration=0.000901937484741
GetData ===>> H2,-0.218137625555312,H1,0.056865189760358,AX,-0.144577068414572,L1,-0.0318719600653561,L2,-0.111...
check iteration duration=2.59876251221e-05
waiting for write to finish
measurement finished
estimated time: 62.915 actual time: :63.223
flush and close file /Users/jan/PychronDev/data/isotopes/a6/d6cb93-aa85-4726-94bd-01ab253421c0.h5
activate_detectors ('H1', 'AX', 'CDD') {'peak_center': True}
peak_center () {'detector': 'H1', 'integration_time': 0.262144, 'isotope': 'Ar40'}
peak center: mean=2.59447182936 threshold=3
Skipping peak center. intensities to small. 2.59447182936<3
finished measure script
executed snippet estimated_duration=226.132928, duration=227.036309004
jan_unknown120_60.py completed successfully
Measurement Finished
01:42:19 -- ******* Measurement Finished *******
Post Measurement Started jan_pump_ms.py
01:42:19 -- ******* Post Measurement Started jan_pump_ms.py *******
testing...
no interpolation path defined
executed snippet estimated_duration=0, duration=4.19616699219e-05
Pumping spectrometer
open () {'name': 'O'}
opening name=O desc=---
checking ownership. requestor=129.138.12.150
check software interlocks O
interlocks []
actuate state mode=None-script, software_lock=False
doing actuation None-script open_channel True
Open O ===>> OK
GetIndicatorState O ===>> OK
change switch state (True, True)
update switch state O True args=() kw={} ncanvase=8
01:42:19 -- OPEN   VALVE-O (Jan Ion Pump)
---------------------------------------- open O () result=[(True, True)], time=0.11 sec
action=open, ok=True, locked=[False]
executed snippet estimated_duration=0, duration=0.363150835037
jan_pump_ms.py completed successfully
setting _ms_pumptime
Post Measurement Finished
01:42:19 -- ******* Post Measurement Finished *******
$$$$$$$$$$$$$$$$$$$$ state at run end measurement
state changed from measurement to success
post measurement save measured=True aborted=False
Set filtering
setting fod for Ar40= {'filter_outliers': True, 'std_devs': 2, 'iterations': 1}
setting fod for H1= {'filter_outliers': True, 'std_devs': 2, 'iterations': 1}
setting fod for PM41= {'filter_outliers': False, 'std_devs': 2, 'iterations': 1}
setting fod for H2= {'filter_outliers': True, 'std_devs': 2, 'iterations': 1}
setting fod for Ar36= {'filter_outliers': True, 'std_devs': 2, 'iterations': 1}
setting fod for CDD= {'filter_outliers': True, 'std_devs': 10, 'iterations': 1}
setting fod for Ar37= {'filter_outliers': True, 'std_devs': 2, 'iterations': 1}
setting fod for L2= {'filter_outliers': True, 'std_devs': 2, 'iterations': 1}
setting fod for Ar38= {'filter_outliers': True, 'std_devs': 2, 'iterations': 1}
setting fod for L1= {'filter_outliers': True, 'std_devs': 2, 'iterations': 1}
setting fod for Ar39= {'filter_outliers': True, 'std_devs': 2, 'iterations': 1}
setting fod for AX= {'filter_outliers': True, 'std_devs': 2, 'iterations': 1}
persistence save...
persistence save - db
post measurement save
8210794256 connecting to database sqlite:////Users/jan/PychronDev/.appdata/local_lab.db
connected to db sqlite:////Users/jan/PychronDev/.appdata/local_lab.db
create new session 8210794256
close session 8210794256
No database instance. Not saving post measurement to isotopedb database
$$$$$$$$$$$$$$$ auto_save_detector_ic=False
massspec enabled True
create new session 6484677072
MassSpec Database Version: 16.0
close session 6484677072
saving post measurement to secondary database
saving to massspec database 129.138.12.160/massspecdata
setting labnumber to bu-FC-J
setting aliquot to 7819
setting step to 
setting uuid to a6d6cb93-aa85-4726-94bd-01ab253421c0
setting irradpos to bu-FC-J
setting extract_device to Fusions CO2
setting tray to 
setting position to 19
setting power_requested to 0.0
setting extract_value to 0.0
setting duration to 30.0
setting duration_at_request to 30.0
setting first_stage_delay to 30.0
setting cleanup to 30.0
setting comment to 
setting irradiation to NoIrradiation
setting level to A
setting irradiation_level to A
setting sample to blank_unknown
setting material to Blank
setting project to REFERENCES
setting mass_spectrometer to Jan
no attribute chron_dosages
no attribute production_ratios
no attribute interference_corrections
no attribute production_name
no attribute j
Reference Isotope=Ar40
Reference Detector=H1
%%%%%%%%%%%%%%%%%%%% Comment:  %%%%%%%%%%%%%%%%%%%
adding isotope PM41 H2
add baseline dbdet= PM41. original det= H2
get baseline data PM41 H2
Get data baseline <pychron.processing.isotope.Baseline object at 0x225d26c50> len t=60
baseline PM41. v=-0.194367371183, e=0.00681748935781
get signal data PM41 H2
Get data signal PM41 0.04+/-0.08 len t=120
adding isotope Ar40 H1
add baseline dbdet= Ar40. original det= H1
get baseline data Ar40 H1
Get data baseline <pychron.processing.isotope.Baseline object at 0x225d26e50> len t=60
baseline Ar40. v=-0.0468765063704, e=0.00552710046921
get signal data Ar40 H1
Get data signal Ar40 0.852+/-0.009 len t=120
adding isotope Ar39 AX
add baseline dbdet= Ar39. original det= AX
get baseline data Ar39 AX
Get data baseline <pychron.processing.isotope.Baseline object at 0x21298e050> len t=60
baseline Ar39. v=-0.0888247224218, e=0.00708549348461
get signal data Ar39 AX
Get data signal Ar39 0.037+/-0.011 len t=120
adding isotope Ar38 L1
add baseline dbdet= Ar38. original det= L1
get baseline data Ar38 L1
Get data baseline <pychron.processing.isotope.Baseline object at 0x21298e210> len t=60
baseline Ar38. v=-0.0303344812869, e=0.00253179791582
get signal data Ar38 L1
Get data signal Ar38 0.020+/-0.005 len t=120
adding isotope Ar37 L2
add baseline dbdet= Ar37. original det= L2
get baseline data Ar37 L2
Get data baseline <pychron.processing.isotope.Baseline object at 0x21298e3d0> len t=60
baseline Ar37. v=-0.0207114014158, e=0.00593767018119
get signal data Ar37 L2
Get data signal Ar37 0.064+/-0.010 len t=120
adding isotope Ar36 CDD
add baseline dbdet= Ar36. original det= CDD
get baseline data Ar36 CDD
Get data baseline <pychron.processing.isotope.Baseline object at 0x21298e590> len t=60
baseline Ar36. v=7.44327056008e-06, e=4.22390945906e-06
get signal data Ar36 CDD
Get data signal Ar36 0.00676+/-0.00023 len t=120
bu-FC-J-7819 added analysis time 0.540272951126s
analysis added to mass spec database
mass spec save time= 0.550
persistence save - dvc
================= post measurement started
create new session 4992585168
close session 4992585168
---------------- Experiment Queue saving disabled
DVC saving peakcenter
Smart pull ahead: 0 behind: 0
Up-to-date with origin
add to repo msg=modified - ad8224ebc6dbfeb9f5997218dfa5fe690569839d.json
add to repo msg=modified - -J-7819.json
add to repo msg=modified - -J-7819.dat.json
add to repo msg=modified - -J-7819.blan.json
add to repo msg=modified - -J-7819.inte.json
add to repo msg=modified - -J-7819.icfa.json
add to repo msg=modified - -J-7819.base.json
not at valid file /Users/jan/PychronDev/data/.dvc/repositories/Load1795/bu-FC/tags/-J-7819.tags.json
add to repo msg=modified - -J-7819.peak.json
add to repo msg=modified - -J-7819.extr.json
not at valid file /Users/jan/PychronDev/data/.dvc/repositories/Load1795/bu-FC/monitor/-J-7819.moni.json
commit message=<COLLECTION>
add to repo msg=modified - -J-7819.inte.json
add to repo msg=modified - -J-7819.base.json
commit message=<ISOEVO> default collection fits
add to repo msg=modified - -J-7819.blan.json
commit message=<BLANKS> preceding bc-02-J-396
add to repo msg=modified - -J-7819.icfa.json
commit message=<ICFactor> default
push repository <pychron.git_archive.repo_manager.GitRepoManager object at 0x227f73950>
pushing to remote=origin, url=https://github.com
no changes to meta repo
create new session 4992585168
add association Load1795
get identifier "bu-FC-J"
setting analysis irradiation position=<pychron.dvc.dvc_orm.IrradiationPositionTbl object at 0x22ac50690>
close session 4992585168
================= post measurement finished
01:42:33 -- ******* Post Run Check *******
loading queue conditionals post_run_actions
loading system conditionals post_run_actions
loading conditionals from /Users/jan/PychronDev/setupfiles/spectrometer/default_conditionals.yaml
loading queue conditionals post_run_terminations
loading system conditionals post_run_terminations
loading conditionals from /Users/jan/PychronDev/setupfiles/spectrometer/default_conditionals.yaml
Checking default post run terminations n=1
GetDeflection CDD ===>> 50
testing CDD==2000
evaluate ot="CDD.deflection==2000" t="CDD==2000", ctx="{'CDD': 50.0}"
01:42:33 -- ******* Post Run Check Passed *******
01:42:33 -- Automated run bu-FC-J-7819 success duration: 307.440 s
----------------- finish -----------------
----------------- stop -----------------
retroactive repository identifiers disabled
finish run. runs completed=107
update duration runid=bu-FC-J-7819, duration=307.439650059, md5=3be28e4d
loading script "jan_unknown120_60.py"
loading script "jan_pump_ms.py"
loading script "jan_co2.py"
loading script "jan_pump_extraction_line.py"
testing...
no interpolation path defined
executed snippet estimated_duration=213.652928, duration=0.000274896621704
script duration name:unknown120_60 seconds:214.0
loading script "jan_unknown120_60.py"
loading script "jan_pump_ms.py"
loading script "jan_co2.py"
loading script "jan_pump_extraction_line.py"
testing...
no interpolation path defined
executed snippet estimated_duration=0, duration=2.28881835938e-05
loading script "jan_unknown120_60.py"
loading script "jan_pump_ms.py"
loading script "jan_co2.py"
loading script "jan_pump_extraction_line.py"
testing...
no interpolation path defined
calculate duration
testing...
no interpolation path defined
executed snippet estimated_duration=0, duration=4.6968460083e-05
calculate duration
testing...
no interpolation path defined
executed snippet estimated_duration=0, duration=9.10758972168e-05
executed snippet estimated_duration=0.0, duration=0.00267696380615
script duration name:co2 seconds:0.0
loading script "jan_unknown120_60.py"
loading script "jan_pump_ms.py"
loading script "jan_co2.py"
loading script "jan_pump_extraction_line.py"
testing...
no interpolation path defined
calculate duration
testing...
no interpolation path defined
executed snippet estimated_duration=4.0, duration=0.000146865844727
executed snippet estimated_duration=4.0, duration=0.00152587890625
Script duration 214.0
Run total estimated duration= 215.000
unknown120_60 in script context. using previous estimated duration
script duration name:unknown120_60 seconds:214.0
pump_ms in script context. using previous estimated duration
co2 in script context. using previous estimated duration
script duration name:co2 seconds:0.0
pump_extraction_line in script context. using previous estimated duration
Script duration 214.0
Run total estimated duration= 215.000
script duration name:unknown120_60 seconds:214.0
script duration name:co2 seconds:0.0
Script duration 214.0
Run total estimated duration= 215.000
loading script "jan_unknown400_120.py"
loading script "jan_pump_ms.py"
loading script "jan_cocktail_x1.py"
loading script "jan_pump_extraction_line.py"
testing...
no interpolation path defined
executed snippet estimated_duration=556.052928, duration=0.000151872634888
script duration name:unknown400_120 seconds:556.0
loading script "jan_unknown400_120.py"
loading script "jan_pump_ms.py"
loading script "jan_cocktail_x1.py"
loading script "jan_pump_extraction_line.py"
testing...
no interpolation path defined
calculate duration
testing...
no interpolation path defined
executed snippet estimated_duration=0, duration=4.41074371338e-05
calculate duration
testing...
no interpolation path defined
executed snippet estimated_duration=0, duration=9.60826873779e-05
calculate duration
testing...
no interpolation path defined
executed snippet estimated_duration=32.0, duration=9.3936920166e-05
calculate duration
testing...
no interpolation path defined
executed snippet estimated_duration=34.0, duration=0.000133037567139
calculate duration
testing...
no interpolation path defined
executed snippet estimated_duration=4.0, duration=6.00814819336e-05
calculate duration
testing...
no interpolation path defined
executed snippet estimated_duration=38.0, duration=9.79900360107e-05
executed snippet estimated_duration=108.0, duration=0.00781798362732
script duration name:cocktail_x1 seconds:108.0
Script duration 664.0
Run total estimated duration= 665.000
loading script "jan_ic_peak_hop3.py"
loading script "jan_pump_ms.py"
loading script "jan_air_x1.py"
loading script "jan_pump_extraction_line.py"
testing...
no interpolation path defined
executed snippet estimated_duration=133.8, duration=0.00865507125854
script duration name:ic_peak_hop3 seconds:134.0
loading script "jan_ic_peak_hop3.py"
loading script "jan_pump_ms.py"
loading script "jan_air_x1.py"
loading script "jan_pump_extraction_line.py"
testing...
no interpolation path defined
calculate duration
testing...
no interpolation path defined
executed snippet estimated_duration=0, duration=4.81605529785e-05
calculate duration
testing...
no interpolation path defined
executed snippet estimated_duration=0, duration=9.89437103271e-05
calculate duration
testing...
no interpolation path defined
executed snippet estimated_duration=32.0, duration=8.70227813721e-05
calculate duration
testing...
no interpolation path defined
executed snippet estimated_duration=34.0, duration=9.3936920166e-05
calculate duration
testing...
no interpolation path defined
executed snippet estimated_duration=4.0, duration=9.29832458496e-05
calculate duration
testing...
no interpolation path defined
executed snippet estimated_duration=36.0, duration=0.000113010406494
executed snippet estimated_duration=106.0, duration=0.00846195220947
script duration name:air_x1 seconds:106.0
Script duration 240.0
Run total estimated duration= 241.000
script duration name:unknown120_60 seconds:214.0
script duration name:co2 seconds:0.0
Script duration 214.0
Run total estimated duration= 215.000
script duration name:unknown120_60 seconds:214.0
script duration name:co2 seconds:0.0
Script duration 214.0
Run total estimated duration= 215.000
unknown400_120 in script context. using previous estimated duration
script duration name:unknown400_120 seconds:556.0
loading script "jan_unknown400_120.py"
loading script "jan_pump_ms.py"
loading script "jan_sniffair_x2.py"
loading script "jan_pump_extraction_line.py"
testing...
no interpolation path defined
calculate duration
testing...
no interpolation path defined
executed snippet estimated_duration=0, duration=4.38690185547e-05
calculate duration
testing...
no interpolation path defined
executed snippet estimated_duration=0, duration=9.3936920166e-05
calculate duration
testing...
no interpolation path defined
executed snippet estimated_duration=32.0, duration=8.79764556885e-05
calculate duration
testing...
no interpolation path defined
executed snippet estimated_duration=34.0, duration=0.00010085105896
calculate duration
testing...
no interpolation path defined
executed snippet estimated_duration=4.0, duration=6.38961791992e-05
calculate duration
testing...
no interpolation path defined
executed snippet estimated_duration=36.0, duration=8.39233398438e-05
calculate duration
testing...
no interpolation path defined
executed snippet estimated_duration=34.0, duration=9.51290130615e-05
calculate duration
testing...
no interpolation path defined
executed snippet estimated_duration=4.0, duration=5.91278076172e-05
calculate duration
testing...
no interpolation path defined
executed snippet estimated_duration=36.0, duration=8.9168548584e-05
calculate duration
testing...
no interpolation path defined
executed snippet estimated_duration=70.0, duration=9.70363616943e-05
executed snippet estimated_duration=250.0, duration=0.0130479335785
script duration name:sniffair_x2 seconds:250.0
Script duration 806.0
Run total estimated duration= 807.000
script duration name:unknown400_120 seconds:556.0
sniffair_x2 in script context. using previous estimated duration
script duration name:sniffair_x2 seconds:250.0
Script duration 806.0
Run total estimated duration= 807.000
script duration name:unknown120_60 seconds:214.0
script duration name:co2 seconds:0.0
Script duration 214.0
Run total estimated duration= 215.000
script duration name:unknown120_60 seconds:214.0
script duration name:co2 seconds:0.0
Script duration 214.0
Run total estimated duration= 215.000
script duration name:unknown120_60 seconds:214.0
script duration name:co2 seconds:0.0
Script duration 214.0
Run total estimated duration= 215.000
script duration name:unknown120_60 seconds:214.0
script duration name:co2 seconds:0.0
Script duration 214.0
Run total estimated duration= 215.000
script duration name:unknown120_60 seconds:214.0
script duration name:co2 seconds:0.0
Script duration 214.0
Run total estimated duration= 215.000
script duration name:unknown120_60 seconds:214.0
script duration name:co2 seconds:0.0
Script duration 214.0
Run total estimated duration= 215.000
script duration name:unknown120_60 seconds:214.0
script duration name:co2 seconds:0.0
Script duration 214.0
Run total estimated duration= 215.000
script duration name:unknown120_60 seconds:214.0
script duration name:co2 seconds:0.0
Script duration 214.0
Run total estimated duration= 215.000
script duration name:unknown120_60 seconds:214.0
script duration name:co2 seconds:0.0
Script duration 214.0
Run total estimated duration= 215.000
script duration name:unknown120_60 seconds:214.0
script duration name:co2 seconds:0.0
Script duration 214.0
Run total estimated duration= 215.000
script duration name:unknown120_60 seconds:214.0
script duration name:co2 seconds:0.0
Script duration 214.0
Run total estimated duration= 215.000
script duration name:unknown120_60 seconds:214.0
script duration name:co2 seconds:0.0
Script duration 214.0
Run total estimated duration= 215.000
script duration name:unknown120_60 seconds:214.0
script duration name:co2 seconds:0.0
Script duration 214.0
Run total estimated duration= 215.000
script duration name:unknown120_60 seconds:214.0
script duration name:co2 seconds:0.0
Script duration 214.0
Run total estimated duration= 215.000
script duration name:unknown120_60 seconds:214.0
script duration name:co2 seconds:0.0
Script duration 214.0
Run total estimated duration= 215.000
script duration name:unknown120_60 seconds:214.0
script duration name:co2 seconds:0.0
Script duration 214.0
Run total estimated duration= 215.000
script duration name:unknown120_60 seconds:214.0
script duration name:co2 seconds:0.0
Script duration 214.0
Run total estimated duration= 215.000
script duration name:unknown400_120 seconds:556.0
cocktail_x1 in script context. using previous estimated duration
script duration name:cocktail_x1 seconds:108.0
Script duration 664.0
Run total estimated duration= 665.000
ic_peak_hop3 in script context. using previous estimated duration
script duration name:ic_peak_hop3 seconds:134.0
air_x1 in script context. using previous estimated duration
script duration name:air_x1 seconds:106.0
Script duration 240.0
Run total estimated duration= 241.000
script duration name:unknown120_60 seconds:214.0
script duration name:co2 seconds:0.0
Script duration 214.0
Run total estimated duration= 215.000
script duration name:unknown120_60 seconds:214.0
script duration name:co2 seconds:0.0
Script duration 214.0
Run total estimated duration= 215.000
script duration name:unknown120_60 seconds:214.0
script duration name:co2 seconds:0.0
Script duration 214.0
Run total estimated duration= 215.000
script duration name:unknown120_60 seconds:214.0
script duration name:co2 seconds:0.0
Script duration 214.0
Run total estimated duration= 215.000
script duration name:unknown120_60 seconds:214.0
script duration name:co2 seconds:0.0
Script duration 214.0
Run total estimated duration= 215.000
script duration name:unknown120_60 seconds:214.0
script duration name:co2 seconds:0.0
Script duration 214.0
Run total estimated duration= 215.000
script duration name:unknown400_120 seconds:556.0
script duration name:sniffair_x2 seconds:250.0
Script duration 806.0
Run total estimated duration= 807.000
script duration name:unknown400_120 seconds:556.0
script duration name:sniffair_x2 seconds:250.0
Script duration 806.0
Run total estimated duration= 807.000
script duration name:unknown120_60 seconds:214.0
script duration name:co2 seconds:0.0
Script duration 214.0
Run total estimated duration= 215.000
script duration name:unknown120_60 seconds:214.0
script duration name:co2 seconds:0.0
Script duration 214.0
Run total estimated duration= 215.000
script duration name:unknown120_60 seconds:214.0
script duration name:co2 seconds:0.0
Script duration 214.0
Run total estimated duration= 215.000
script duration name:unknown120_60 seconds:214.0
script duration name:co2 seconds:0.0
Script duration 214.0
Run total estimated duration= 215.000
script duration name:unknown120_60 seconds:214.0
script duration name:co2 seconds:0.0
Script duration 214.0
Run total estimated duration= 215.000
script duration name:unknown120_60 seconds:214.0
script duration name:co2 seconds:0.0
Script duration 214.0
Run total estimated duration= 215.000
script duration name:unknown120_60 seconds:214.0
script duration name:co2 seconds:0.0
Script duration 214.0
Run total estimated duration= 215.000
script duration name:unknown120_60 seconds:214.0
script duration name:co2 seconds:0.0
Script duration 214.0
Run total estimated duration= 215.000
script duration name:unknown120_60 seconds:214.0
script duration name:co2 seconds:0.0
Script duration 214.0
Run total estimated duration= 215.000
script duration name:unknown120_60 seconds:214.0
script duration name:co2 seconds:0.0
Script duration 214.0
Run total estimated duration= 215.000
script duration name:unknown120_60 seconds:214.0
script duration name:co2 seconds:0.0
Script duration 214.0
Run total estimated duration= 215.000
script duration name:unknown120_60 seconds:214.0
script duration name:co2 seconds:0.0
Script duration 214.0
Run total estimated duration= 215.000
script duration name:unknown120_60 seconds:214.0
script duration name:co2 seconds:0.0
Script duration 214.0
Run total estimated duration= 215.000
script duration name:unknown400_120 seconds:556.0
script duration name:cocktail_x1 seconds:108.0
Script duration 664.0
Run total estimated duration= 665.000
script duration name:unknown400_120 seconds:556.0
script duration name:cocktail_x1 seconds:108.0
Script duration 664.0
Run total estimated duration= 665.000
script duration name:ic_peak_hop3 seconds:134.0
script duration name:air_x1 seconds:106.0
Script duration 240.0
Run total estimated duration= 241.000
script duration name:unknown120_60 seconds:214.0
script duration name:co2 seconds:0.0
Script duration 214.0
Run total estimated duration= 215.000
script duration name:unknown120_60 seconds:214.0
script duration name:co2 seconds:0.0
Script duration 214.0
Run total estimated duration= 215.000
script duration name:unknown120_60 seconds:214.0
script duration name:co2 seconds:0.0
Script duration 214.0
Run total estimated duration= 215.000
script duration name:unknown120_60 seconds:214.0
script duration name:co2 seconds:0.0
Script duration 214.0
Run total estimated duration= 215.000
script duration name:unknown120_60 seconds:214.0
script duration name:co2 seconds:0.0
Script duration 214.0
Run total estimated duration= 215.000
script duration name:unknown120_60 seconds:214.0
script duration name:co2 seconds:0.0
Script duration 214.0
Run total estimated duration= 215.000
script duration name:unknown120_60 seconds:214.0
script duration name:co2 seconds:0.0
Script duration 214.0
Run total estimated duration= 215.000
script duration name:unknown120_60 seconds:214.0
script duration name:co2 seconds:0.0
Script duration 214.0
Run total estimated duration= 215.000
script duration name:unknown120_60 seconds:214.0
script duration name:co2 seconds:0.0
Script duration 214.0
Run total estimated duration= 215.000
script duration name:unknown400_120 seconds:556.0
script duration name:sniffair_x2 seconds:250.0
Script duration 806.0
Run total estimated duration= 807.000
script duration name:unknown400_120 seconds:556.0
script duration name:sniffair_x2 seconds:250.0
Script duration 806.0
Run total estimated duration= 807.000
script duration name:unknown400_120 seconds:556.0
script duration name:cocktail_x1 seconds:108.0
Script duration 664.0
Run total estimated duration= 665.000
script duration name:unknown120_60 seconds:214.0
script duration name:co2 seconds:0.0
Script duration 214.0
Run total estimated duration= 215.000
script duration name:unknown120_60 seconds:214.0
script duration name:co2 seconds:0.0
Script duration 214.0
Run total estimated duration= 215.000
script duration name:unknown120_60 seconds:214.0
script duration name:co2 seconds:0.0
Script duration 214.0
Run total estimated duration= 215.000
script duration name:unknown120_60 seconds:214.0
script duration name:co2 seconds:0.0
Script duration 214.0
Run total estimated duration= 215.000
script duration name:unknown120_60 seconds:214.0
script duration name:co2 seconds:0.0
Script duration 214.0
Run total estimated duration= 215.000
script duration name:unknown120_60 seconds:214.0
script duration name:co2 seconds:0.0
Script duration 214.0
Run total estimated duration= 215.000
script duration name:unknown120_60 seconds:214.0
script duration name:co2 seconds:0.0
Script duration 214.0
Run total estimated duration= 215.000
script duration name:unknown120_60 seconds:214.0
script duration name:co2 seconds:0.0
Script duration 214.0
Run total estimated duration= 215.000
script duration name:unknown400_120 seconds:556.0
script duration name:cocktail_x1 seconds:108.0
Script duration 664.0
Run total estimated duration= 665.000
script duration name:ic_peak_hop3 seconds:134.0
script duration name:air_x1 seconds:106.0
Script duration 240.0
Run total estimated duration= 241.000
script duration name:unknown120_60 seconds:214.0
script duration name:co2 seconds:0.0
Script duration 214.0
Run total estimated duration= 215.000
script duration name:unknown120_60 seconds:214.0
script duration name:co2 seconds:0.0
Script duration 214.0
Run total estimated duration= 215.000
script duration name:unknown120_60 seconds:214.0
script duration name:co2 seconds:0.0
Script duration 214.0
Run total estimated duration= 215.000
script duration name:unknown120_60 seconds:214.0
script duration name:co2 seconds:0.0
Script duration 214.0
Run total estimated duration= 215.000
script duration name:unknown120_60 seconds:214.0
script duration name:co2 seconds:0.0
Script duration 214.0
Run total estimated duration= 215.000
script duration name:unknown120_60 seconds:214.0
script duration name:co2 seconds:0.0
Script duration 214.0
Run total estimated duration= 215.000
script duration name:unknown120_60 seconds:214.0
script duration name:co2 seconds:0.0
Script duration 214.0
Run total estimated duration= 215.000
script duration name:unknown120_60 seconds:214.0
script duration name:co2 seconds:0.0
Script duration 214.0
Run total estimated duration= 215.000
script duration name:unknown120_60 seconds:214.0
script duration name:co2 seconds:0.0
Script duration 214.0
Run total estimated duration= 215.000
script duration name:unknown120_60 seconds:214.0
script duration name:co2 seconds:0.0
Script duration 214.0
Run total estimated duration= 215.000
script duration name:unknown120_60 seconds:214.0
script duration name:co2 seconds:0.0
Script duration 214.0
Run total estimated duration= 215.000
nruns=85 before=0.0, run_dur=24631.0, btw=3780.0
write rem/ex queues
/Users/jan/PychronDev/experiments/rem/CurrentExperiment.rem.txt
/Users/jan/PychronDev/experiments/rem/CurrentExperiment.ex.txt
doing event level: 3
